\o Program:		@(#)$CDS: libManager version 23.1 - CAT38 06/19/2024 03:28 (sjfdcl966) $
\o Sub version:		sub-version  s080 
\o Arguments:		-unmapped -mpssession virtuoso3309476 -mpshost ece-linlabsrv01.ece.gatech.edu -masterPID 3309476 -ADVM 
\o Working Directory:	ece-linlabsrv01.ece.gatech.edu:/nethome/aharrison63/ECE4130_M/Project1/ECE6130_Updated/ECE6130_LAB
\o 64-bit offsets
\o Qt version: 		5.15.9
\o MPS virtuoso types registered: 74
\o changeWorkingDir("/nethome/aharrison63/ECE4130_M/Project1/ECE6130_Updated/ECE6130_LAB") unnecessary.
\o ddSetForcedLib("") unnecessary.
\o Session hidden cells enabled.
\o Log file is "/nethome/aharrison63/ECE4130_M/Project1/ECE6130_Updated/ECE6130_LAB/libManager.log".
\o Opening libManager window.
\a nrSetWindowVisibility(cdsLibManager "show")
\o MPS service: map window
\a nrSetCurrentWindow(cdsLibManager)
\o Library Manager customization server connected.
\a nrResizeWindow(cdsLibManager list(442 183 602 573))
\a nrResizeWindow(cdsLibManager list(1548 659 602 575))
\o MPS service: shutdown
\o libManager is exiting.
\a exit(0)
