### CustomExplorer log file, revision G-2012.06 (build 0523) ###
### created at 12:48:12 on Fri Feb 13 2015 (Linux AMD64) ###
wv_start_log
# (0) running in waveview only mode
# (0) SW_SX_PERL_LIB defined
# (0) SW_SX_TCL_LIB defined
# (0) HOME defined
wv_move_window CustomWaveView 0 0
wv_resize_window CustomWaveView 800 400
wv_move_window CustomWaveView 15 97
wv_move_window CustomWaveView 173 6
wv_resize_window CustomWaveView 1910 1001
wv_select_menu_item {File} {Import Waveform File ...}
wv_move_dialog FileDialog 782 176
wv_select_dialog FileDialog
wv_set_text FileDialog.FileName {}
wv_horz_scroll FileDialog.FileList 0
wv_select_list_item FileDialog.FileList BENCH.monte.tr0
wv_dclick_list_item FileDialog.FileList BENCH.monte.tr0
wv_release_wv_item WV1 769 147
wv_expand_hierview_item {FILE0:D0:BENCH.monte.tr0}
wv_select_hierview_item {FILE0:D0:BENCH.monte.tr0}
wv_select_hierview_item {FILE0:D0:BENCH.monte.tr0} {toplevel}
wv_select_sigview_item v(vin)
wv_drag_sigview_item v(vin)
wv_drag_enter WV1
wv_drop_on WV1
wv_select_panel WV1.PANEL1:1 1.036e-09 0.926526
wv_drag_item_to WV1 386 110
wv_zoom WV1.PANEL1:1 1.036e-09 0.926526 1.096e-09 0.430884
wv_select_panel WV1.PANEL1:1 1.04533e-09 0.742072
wv_drag_item_to WV1 281 326
wv_zoom WV1.PANEL1:1 1.04533e-09 0.742072 1.0357e-09 0.942529
wv_select_panel WV1.PANEL1:1 1.04167e-09 0.857351
wv_drag_item_to WV1 1060 401
wv_zoom WV1.PANEL1:1 1.04167e-09 0.857351 1.0428e-09 0.82423
wv_select_panel WV1.PANEL1:1 1.0422e-09 0.841895
wv_drag_item_to WV1 815 444
wv_zoom WV1.PANEL1:1 1.0422e-09 0.841895 1.04206e-09 0.846183
wv_select_panel WV1.PANEL1:1 1.04215e-09 0.844102
wv_drag_item_to WV1 1096 479
wv_zoom WV1.PANEL1:1 1.04215e-09 0.844102 1.04217e-09 0.843023
wv_select_panel WV1.PANEL1:1 1.04217e-09 0.84325
wv_drag_item_to WV1 1322 702
#signal over-zoomed, action canceled
wv_release_wv_item WV1 1129 600
wv_select_panel WV1.PANEL1:1 1.04216e-09 0.843369
wv_drag_item_to WV1 997 618
#signal over-zoomed, action canceled
wv_release_wv_item WV1 1123 767
wv_waveview_context_menu WV1.PANEL1:1 1.04216e-09 0.843839
wv_select_wv_item WV1.ICON.unzoom
wv_release_wv_item WV1 52 11
wv_select_sigview_item v(vout)
wv_drag_sigview_item v(vout)
wv_drag_enter WV1
wv_drag_to WV1 0 567
wv_drop_on WV1
wv_select_panel WV1.PANEL1:1 9.56e-10 1.00732
wv_drag_item_to WV1 367 53
wv_zoom WV1.PANEL1:1 9.56e-10 1.00732 1.336e-09 -0.117115
wv_select_panel WV1.PANEL1:1 9.95659e-10 1.01242
wv_drag_item_to WV1 274 45
wv_zoom WV1.PANEL1:1 9.95659e-10 1.01242 1.10824e-09 -0.0256456
wv_select_panel WV1.PANEL1:1 1.07262e-09 0.738247
wv_drag_item_to WV1 1155 285
wv_zoom WV1.PANEL1:1 1.07262e-09 0.738247 1.0957e-09 -0.0650805
wv_waveview_context_menu WV1.PANEL1:1 1.0881e-09 0.497009
wv_select_wv_item WV1.ICON.unzoom
wv_release_wv_item WV1 53 9
wv_close_window CustomWaveView
wv_move_dialog Confirmation 864 349
wv_select_dialog Confirmation
# wv_press_button Confirmation.Ok
