\o Program:		@(#)$CDS: libManager version 6.1.8 - CAT37 11/10/2021 23:50 (sjfdcl1109) $
\o Sub version:		sub-version  s226 
\o Arguments:		-unmapped -mpssession virtuoso182294 -mpshost kl3313-21.ece.gatech.edu 
\o Working Directory:	kl3313-21.ece.gatech.edu:/home/green3/ssharma497/VLSI_course_TA_stuff/Adv_VLSI_sys/ECE6130_LAB_master/Cadence
\o 64-bit offsets
\o Qt version: 		5.9.1
\o changeWorkingDir("/home/green3/ssharma497/VLSI_course_TA_stuff/Adv_VLSI_sys/ECE6130_LAB_master/Cadence") unnecessary.
\o ddSetForcedLib("") unnecessary.
\o Log file is "/home/green3/ssharma497/VLSI_course_TA_stuff/Adv_VLSI_sys/ECE6130_LAB_master/Cadence/libManager.log".
\o Opening libManager window.
\a nrSetWindowVisibility(cdsLibManager "show")
\o MPS service: map window
\o Library Manager customization server connected.
\a nrSetCurrentWindow(cdsLibManager)
\a nrResizeWindow(cdsLibManager list(2249 145 1440 723))
\a cdsLibManager->libListBox->value = "EXAMPLE"
\a cdsLibManager->libLineEdit->value = "EXAMPLE"
\a cdsLibManager->cellListBox->value = "INVX1"
\a cdsLibManager->cellLineEdit->value = "INVX1"
\a cdsLibManager->viewListBox->value = "layout"
\a cdsLibManager->viewLineEdit->value = "layout"
\o MPS request: edit design
\a nrListItemAction(cdsLibManager->gdmXTView 0 0)
\a nrSetCurrentWindow(cdsLibManager)
\a nrSetCurrentWindow(cdsLibManager)
\a cdsLibManager->libListBox->value = nil
\a cdsLibManager->libLineEdit->value = ""
\a cdsLibManager->cellListBox->value = nil
\a cdsLibManager->viewLineEdit->value = ""
\a cdsLibManager->viewListBox->value = nil
\a cdsLibManager->cellLineEdit->value = ""
\a cdsLibManager->libListBox->value = "EXAMPLE"
\a cdsLibManager->libLineEdit->value = "EXAMPLE"
\a cdsLibManager->cellListBox->value = "INVX1"
\a cdsLibManager->cellLineEdit->value = "INVX1"
\a cdsLibManager->viewListBox->value = "layout"
\a cdsLibManager->viewLineEdit->value = "layout"
\a cdsLibManager->cellLineEdit->value = ""
\a cdsLibManager->cellListBox->value = nil
\a cdsLibManager->viewLineEdit->value = ""
\a cdsLibManager->viewListBox->value = nil
\a cdsLibManager->cellListBox->value = "INVX1"
\a cdsLibManager->cellLineEdit->value = "INVX1"
\a cdsLibManager->viewListBox->value = "layout"
\a cdsLibManager->viewLineEdit->value = "layout"
\a cdsLibManager->viewLineEdit->value = ""
\a cdsLibManager->viewListBox->value = nil
\a cdsLibManager->viewListBox->value = "layout"
\a cdsLibManager->viewLineEdit->value = "layout"
\a cdsLibManager->viewLineEdit->value = ""
\a cdsLibManager->viewListBox->value = nil
\a cdsLibManager->viewListBox->value = "layout"
\a cdsLibManager->viewLineEdit->value = "layout"
\a cdsLibManager->libListBox->value = nil
\a cdsLibManager->libLineEdit->value = ""
\a cdsLibManager->cellListBox->value = nil
\a cdsLibManager->viewLineEdit->value = ""
\a cdsLibManager->viewListBox->value = nil
\a cdsLibManager->cellLineEdit->value = ""
\a cdsLibManager->libListBox->value = "EXAMPLE"
\a cdsLibManager->libLineEdit->value = "EXAMPLE"
\a cdsLibManager->cellListBox->value = "INVX1"
\a cdsLibManager->cellLineEdit->value = "INVX1"
\a cdsLibManager->viewListBox->value = "layout"
\a cdsLibManager->viewLineEdit->value = "layout"
\a cdsLibManager->cellLineEdit->value = ""
\a cdsLibManager->cellListBox->value = nil
\a cdsLibManager->viewLineEdit->value = ""
\a cdsLibManager->viewListBox->value = nil
\a cdsLibManager->cellListBox->value = "INVX1"
\a cdsLibManager->cellLineEdit->value = "INVX1"
\a cdsLibManager->viewListBox->value = "layout"
\a cdsLibManager->viewLineEdit->value = "layout"
\a cdsLibManager->viewLineEdit->value = ""
\a cdsLibManager->viewListBox->value = nil
\a cdsLibManager->viewListBox->value = "layout"
\a cdsLibManager->viewLineEdit->value = "layout"
\a cdsLibManager->viewLineEdit->value = ""
\a cdsLibManager->viewListBox->value = nil
\a cdsLibManager->viewListBox->value = "layout"
\a cdsLibManager->viewLineEdit->value = "layout"
\a nrSetCurrentWindow(cdsLibManager)
\a cdsLibManager->viewListBox->value = "schematic"
\a cdsLibManager->viewLineEdit->value = "schematic"
\o MPS request: edit design
\a nrListItemAction(cdsLibManager->gdmXTView 1 0)
\a nrSetCurrentWindow(cdsLibManager)
\a nrSetCurrentWindow(cdsLibManager)
\a nrSetWindowVisibility(cdsLibManager "hide")
\a _lmgrCloseIconify("cdsLibManager" 1)
\o MPS service: shutdown
\o libManager is exiting.
\a exit(0)
