[Simulation Monitor: 18]
[2024-11-01 16:51:55.304 -0400] [PROCESS] [cadence.virtuoso.ade.simulationMonitor] - Started the simulation monitor process {"hostname": "ece-linlab16.ece.gatech.edu", "processid": 1418893, "logfile": "/nethome/imix3/ECE4130_M/Project1/ECE6130_Updated/ECE6130_LAB/Cadence/logs_imix3/logs0/Job18.log", "simulation monitor command line": "/tools/software/cadence/ic/23.10.080/tools.lnx86/dfII/bin/64bit/spectreMonitor --davinciService DaVinciService_1335944_1730486132 --axlsession fnxSession6 -lscs 000175E1894CBE06FF0966E38F1FFC06BC4D3C9BE672FC068F4D6FA78410926AD0246DE6EE7DFC06867E66E38F1FFC06BC4D66E38F1FFC06BC4D01C6B074C36DDB6800001E61 -beanhost ece-linlab16.ece.gatech.edu -beanport 11859 -beanLogFile /nethome/imix3/ECE4130_M/Project1/ECE6130_Updated/ECE6130_LAB/Cadence/logs_imix3/logs0/amps_Job18.log -beanbinlog  --domain 0 --interactive yes --netlistOpt no --useMultiPointEvaluation yes --exprEvalShowJobStderr yes --evalSimParallel no --maxSims 0 --historyName ExplorerRun.0 --historyUUID  --exprEvaluator vds --mcMapping mc1.mapping --checkLogStatusInterval 0 --checkSimulatorLogTimeout 1200 --exprEvalMaxTries 3 --maxNFSSyncWait 60 -adeBrokerAddress ece-linlab16.ece.gatech.edu:39507 --fromADE true --virtuosoBinary virtuoso --guiDisplay ece-linlab16.ece.gatech.edu:3 --globalStatus 60 --evaluateMultiMC yes --evalOnSimFail SkipFailedAnalyses --numRetriesOnError 1 --fenixMode explorer --lingertimeout 300 -ahdlLockTimeout 60 --sdbLib ECE4130_Project --sdbCell SRAM_SIM --sdbView maestro --heartBeatFileDir /dev/shm --id 18 --uuid 6f44bb16-9a2a-4cfd-b1bb-ec0d63ac356c --log /nethome/imix3/ECE4130_M/Project1/ECE6130_Updated/ECE6130_LAB/Cadence/logs_imix3/logs0/Job18.log "}
[2024-11-01 16:51:55.304 -0400] [PROCESS] [cadence.virtuoso.ade.simulationMonitor] - Started the simulation monitor process {"hostname": "ece-linlab16.ece.gatech.edu", "processid": 1418893, "logfile": "/nethome/imix3/ECE4130_M/Project1/ECE6130_Updated/ECE6130_LAB/Cadence/logs_imix3/logs0/Job18.log", "current directory": "/nethome/imix3/ECE4130_M/Project1/ECE6130_Updated/ECE6130_LAB/Cadence"}
[2024-11-01 16:51:55.304 -0400] [PROCESS] [cadence.virtuoso.ade.simulationMonitor] - Simulation Monitor has successfully started up. Trying to set up communication channels to other components ... {"hostname": "ece-linlab16.ece.gatech.edu", "processid": 1418893, "logfile": "/nethome/imix3/ECE4130_M/Project1/ECE6130_Updated/ECE6130_LAB/Cadence/logs_imix3/logs0/Job18.log"}
[2024-11-01 16:51:55.307 -0400] [PROCESS] [cadence.virtuoso.ade.simulationMonitor] - Communication channels have been successfully set up. Start processing events ... {"hostname": "ece-linlab16.ece.gatech.edu", "processid": 1418893, "logfile": "/nethome/imix3/ECE4130_M/Project1/ECE6130_Updated/ECE6130_LAB/Cadence/logs_imix3/logs0/Job18.log"}
[2024-11-01 16:51:55.307 -0400] [PROCESS] [cadence.virtuoso.ade.simulationMonitor] - Considering to start history {"hostname": "ece-linlab16.ece.gatech.edu", "processid": 1418893, "history": "ExplorerRun.0", "logfile": "/nethome/imix3/ECE4130_M/Project1/ECE6130_Updated/ECE6130_LAB/Cadence/logs_imix3/logs0/Job18.log"}
[2024-11-01 16:51:55.309 -0400] [PROCESS] [cadence.virtuoso.ade.simulationMonitor] - HostInfo:
Host name (type):	ece-linlab16.ece.gatech.edu (x86_64)
Operating system:	Linux 4.18.0-553.22.1.el8_10.x86_64 #1 SMP Wed Sep 11 18:02:00 EDT 2024 {"hostname": "ece-linlab16.ece.gatech.edu", "processid": 1418893, "history": "ExplorerRun.0", "logfile": "/nethome/imix3/ECE4130_M/Project1/ECE6130_Updated/ECE6130_LAB/Cadence/logs_imix3/logs0/Job18.log", "nodename": "ece-linlab16.ece.gatech.edu", "domainname": "(none)", "machine": "x86_64", "sysname": "Linux", "release": "4.18.0-553.22.1.el8_10.x86_64", "version": "#1 SMP Wed Sep 11 18:02:00 EDT 2024"}
[2024-11-01 16:51:55.309 -0400] [PROCESS] [cadence.virtuoso.ade.simulationMonitor] - UsageInfo:
pid=1418893
totalPhysicalMemory=15.098820GB,Used=14.609341GB,totalVirtualMemory=22.840027GB,Used=15.163124GB
Cpu: Cores=8, Load average:0.060000,0.180000,0.250000 {"hostname": "ece-linlab16.ece.gatech.edu", "processid": 1418893, "history": "ExplorerRun.0", "logfile": "/nethome/imix3/ECE4130_M/Project1/ECE6130_Updated/ECE6130_LAB/Cadence/logs_imix3/logs0/Job18.log", "pid": "1418893", "totalPhysicalMemory": "15.098820", "physicalMemoryUsed": "14.609341", "totalVirtualMemory": "22.840027", "virtualMemoryUsed": "15.163124", "cpuCores": "8", "processes": "3115", "loadAverage1": "0.060000", "loadAverage5": "0.180000", "loadAverage15": "0.250000", "loadAverage1Percent": "0.007500"}
[2024-11-01 16:51:55.318 -0400] [EVENT] [cadence.virtuoso.ade.simulationMonitor] - NewPoint {"history": "ExplorerRun.0", "point": 1, "testname": "ECE4130_Project_SRAM_SIM_1", "cornername": "Nominal", "event": "NewPoint", "EventSource": "Simulation Monitor", "HistoryName": "ExplorerRun.0", "logFile": "/nethome/imix3/ECE4130_M/Project1/ECE6130_Updated/ECE6130_LAB/Cadence/logs_imix3/logs0/Job18.log", "logFileSize": "4570", "category": "simulation"}
[2024-11-01 16:51:55.419 -0400] [EVENT] [cadence.virtuoso.ade.simulationMonitor] - NewPoint {"history": "ExplorerRun.0", "point": 1, "testname": "ECE4130_Project_SRAM_SIM_1", "cornername": "Nominal", "event": "NewPoint", "EventSource": "spectre", "HistoryName": "ExplorerRun.0", "logFile": "/nethome/imix3/simulation/ECE4130_Project/SRAM_SIM/maestro/results/maestro/ExplorerRun.0/1/ECE4130_Project_SRAM_SIM_1/psf/spectre.out", "logFileSize": "-1", "category": "simulation"}
[2024-11-01 16:51:55.604 -0400] [PROCESS] [cadence.virtuoso.ade.simulationMonitor] - Simulator launched {"hostname": "ece-linlab16.ece.gatech.edu", "processid": 1418893, "history": "ExplorerRun.0", "testname": "ECE4130_Project_SRAM_SIM_1", "cornername": "Nominal", "point": 1, "logfile": "/nethome/imix3/ECE4130_M/Project1/ECE6130_Updated/ECE6130_LAB/Cadence/logs_imix3/logs0/Job18.log", "simid": "1", "event": "launch", "category": "simulation"}
[2024-11-01 16:51:55.607 -0400] [PROCESS] [cadence.virtuoso.ade.simulationMonitor] - Expression evaluator launched {"hostname": "ece-linlab16.ece.gatech.edu", "processid": 1418893, "history": "ExplorerRun.0", "testname": "ECE4130_Project_SRAM_SIM_1", "cornername": "Nominal", "point": 1, "logfile": "/nethome/imix3/ECE4130_M/Project1/ECE6130_Updated/ECE6130_LAB/Cadence/logs_imix3/logs0/Job18.log"}
[2024-11-01 16:51:55.681 -0400] [PROCESS] [cadence.virtuoso.ade.simulationMonitor] - Started Simulation {"hostname": "ece-linlab16.ece.gatech.edu", "processid": 1418893, "history": "ExplorerRun.0", "testname": "ECE4130_Project_SRAM_SIM_1", "cornername": "Nominal", "point": 1, "logfile": "/nethome/imix3/ECE4130_M/Project1/ECE6130_Updated/ECE6130_LAB/Cadence/logs_imix3/logs0/Job18.log", "event": "start", "category": "simulation"}
[2024-11-01 16:51:56.181 -0400] [INFO] [cadence.virtuoso.ade.simulationMonitor] - Peak resident memory used = 146 Mbytes. {"history": "ExplorerRun.0", "point": 1, "testname": "ECE4130_Project_SRAM_SIM_1", "cornername": "Nominal"}
[2024-11-01 16:51:56.181 -0400] [INFO] [cadence.virtuoso.ade.simulationMonitor] - Peak resident memory used = 155 Mbytes. {"history": "ExplorerRun.0", "point": 1, "testname": "ECE4130_Project_SRAM_SIM_1", "cornername": "Nominal"}
[2024-11-01 16:51:56.181 -0400] [INFO] [cadence.virtuoso.ade.simulationMonitor] - Notice from spectre during hierarchy flattening.
    The value 'psf' specified for the 'checklimitdest' option will no longer be supported in future releases. Use 'spectre -h' to see other recommended values for the 'checklimitdest' option. {"history": "ExplorerRun.0", "point": 1, "testname": "ECE4130_Project_SRAM_SIM_1", "cornername": "Nominal"}
[2024-11-01 16:51:56.181 -0400] [INFO] [cadence.virtuoso.ade.simulationMonitor] - Peak resident memory used = 156 Mbytes. {"history": "ExplorerRun.0", "point": 1, "testname": "ECE4130_Project_SRAM_SIM_1", "cornername": "Nominal"}
[2024-11-01 16:51:56.181 -0400] [INFO] [cadence.virtuoso.ade.simulationMonitor] - Notice from spectre during initial setup.
    Multithreading is disabled due to the size of the design being too small. {"history": "ExplorerRun.0", "point": 1, "testname": "ECE4130_Project_SRAM_SIM_1", "cornername": "Nominal"}
[2024-11-01 16:51:56.187 -0400] [INFO] [cadence.virtuoso.ade.simulationMonitor] -               nodes 11 {"history": "ExplorerRun.0", "point": 1, "testname": "ECE4130_Project_SRAM_SIM_1", "cornername": "Nominal"}
[2024-11-01 16:51:56.187 -0400] [INFO] [cadence.virtuoso.ade.simulationMonitor] - Notice from spectre during initial setup.
    Protected devices exist and are not included in the circuit inventory.
    2 vsources are shorted because their absolute value is less than or equal to 'vabsshort'.
    APS enabled. {"history": "ExplorerRun.0", "point": 1, "testname": "ECE4130_Project_SRAM_SIM_1", "cornername": "Nominal"}
[2024-11-01 16:51:56.187 -0400] [INFO] [cadence.virtuoso.ade.simulationMonitor] - Peak resident memory used = 158 Mbytes. {"history": "ExplorerRun.0", "point": 1, "testname": "ECE4130_Project_SRAM_SIM_1", "cornername": "Nominal"}
[2024-11-01 16:51:56.188 -0400] [INFO] [cadence.virtuoso.ade.simulationMonitor] -    -   (APS) Multi-threading. The recommended number of threads is 1, consider adding +mt=1 on command line. {"history": "ExplorerRun.0", "point": 1, "testname": "ECE4130_Project_SRAM_SIM_1", "cornername": "Nominal"}
[2024-11-01 16:51:56.188 -0400] [INFO] [cadence.virtuoso.ade.simulationMonitor] - Notice from spectre during transient analysis `tran'.
    Multithreading is disabled due to the size of the design being too small. {"history": "ExplorerRun.0", "point": 1, "testname": "ECE4130_Project_SRAM_SIM_1", "cornername": "Nominal"}
[2024-11-01 16:51:56.689 -0400] [INFO] [cadence.virtuoso.ade.simulationMonitor] - Intrinsic tran analysis time:    CPU = 105.266 ms, elapsed = 120.211 ms. {"history": "ExplorerRun.0", "point": 1, "testname": "ECE4130_Project_SRAM_SIM_1", "cornername": "Nominal"}
[2024-11-01 16:51:56.689 -0400] [INFO] [cadence.virtuoso.ade.simulationMonitor] - Total time required for tran analysis `tran': CPU = 106.945 ms, elapsed = 124.577 ms, util. = 85.8%. {"history": "ExplorerRun.0", "point": 1, "testname": "ECE4130_Project_SRAM_SIM_1", "cornername": "Nominal"}
[2024-11-01 16:51:56.689 -0400] [INFO] [cadence.virtuoso.ade.simulationMonitor] - Peak resident memory used = 165 Mbytes. {"history": "ExplorerRun.0", "point": 1, "testname": "ECE4130_Project_SRAM_SIM_1", "cornername": "Nominal"}
[2024-11-01 16:51:56.691 -0400] [INFO] [cadence.virtuoso.ade.simulationMonitor] - Time used: CPU = 267 ms, elapsed = 362 ms, util. = 73.9%. {"history": "ExplorerRun.0", "point": 1, "testname": "ECE4130_Project_SRAM_SIM_1", "cornername": "Nominal"}
[2024-11-01 16:51:56.691 -0400] [INFO] [cadence.virtuoso.ade.simulationMonitor] - Time spent in licensing: elapsed = 47.5 ms, percentage of total = 13.1%. {"history": "ExplorerRun.0", "point": 1, "testname": "ECE4130_Project_SRAM_SIM_1", "cornername": "Nominal"}
[2024-11-01 16:51:56.692 -0400] [INFO] [cadence.virtuoso.ade.simulationMonitor] - Peak memory used = 167 Mbytes. {"history": "ExplorerRun.0", "point": 1, "testname": "ECE4130_Project_SRAM_SIM_1", "cornername": "Nominal"}
[2024-11-01 16:51:56.695 -0400] [PROCESS] [cadence.virtuoso.ade.simulationMonitor] - Simulation started at: 4:51:55 PM, Fri Nov 1, 2024, ended at: 4:51:56 PM, Fri Nov 1, 2024, with elapsed time (wall clock): 362 ms. {"history": "ExplorerRun.0", "point": 1, "testname": "ECE4130_Project_SRAM_SIM_1", "cornername": "Nominal"}
[2024-11-01 16:51:56.695 -0400] [PROCESS] [cadence.virtuoso.ade.simulationMonitor] - spectre completes with 0 errors, 0 warnings, and 7 notices. {"history": "ExplorerRun.0", "point": 1, "testname": "ECE4130_Project_SRAM_SIM_1", "cornername": "Nominal"}
[2024-11-01 16:51:56.695 -0400] [PROCESS] [cadence.virtuoso.ade.simulationMonitor] - Finished simulating for one point {"hostname": "ece-linlab16.ece.gatech.edu", "processid": 1418893, "history": "ExplorerRun.0", "testname": "ECE4130_Project_SRAM_SIM_1", "cornername": "Nominal", "point": 1, "logfile": "/nethome/imix3/ECE4130_M/Project1/ECE6130_Updated/ECE6130_LAB/Cadence/logs_imix3/logs0/Job18.log", "simid": "1", "event": "finish", "category": "simulation"}
[2024-11-01 16:51:56.695 -0400] [PROCESS] [cadence.virtuoso.ade.simulationMonitor] - Simulator exited {"hostname": "ece-linlab16.ece.gatech.edu", "processid": 1418893, "history": "ExplorerRun.0", "testname": "ECE4130_Project_SRAM_SIM_1", "cornername": "Nominal", "point": 1, "logfile": "/nethome/imix3/ECE4130_M/Project1/ECE6130_Updated/ECE6130_LAB/Cadence/logs_imix3/logs0/Job18.log", "exitStatus": "0"}
[2024-11-01 16:51:56.696 -0400] [PROCESS] [cadence.virtuoso.ade.simulationMonitor] - Finished Simulation {"hostname": "ece-linlab16.ece.gatech.edu", "processid": 1418893, "history": "ExplorerRun.0", "testname": "ECE4130_Project_SRAM_SIM_1", "cornername": "Nominal", "point": 1, "logfile": "/nethome/imix3/ECE4130_M/Project1/ECE6130_Updated/ECE6130_LAB/Cadence/logs_imix3/logs0/Job18.log", "simid": "1", "event": "finish", "category": "obsolete"}
[2024-11-01 16:51:59.198 -0400] [PROCESS] [cadence.virtuoso.ade.simulationMonitor] - Point Finished {"hostname": "ece-linlab16.ece.gatech.edu", "processid": 1418893, "history": "ExplorerRun.0", "testname": "ECE4130_Project_SRAM_SIM_1", "cornername": "Nominal", "point": 1, "logfile": "/nethome/imix3/ECE4130_M/Project1/ECE6130_Updated/ECE6130_LAB/Cadence/logs_imix3/logs0/Job18.log", "event": "finish", "category": "sim-eval"}
[2024-11-01 16:53:21.671 -0400] [INFO] [cadence.virtuoso.ade.simulationMonitor] - SimulationMonitor has terminated the vds process '1418954', reason: 'Force to stop the expression evalutor process because of new run' {"history": "ExplorerRun.0", "point": 1, "testname": "ECE4130_Project_SRAM_SIM_1", "cornername": "Nominal"}
[2024-11-01 16:53:21.672 -0400] [PROCESS] [cadence.virtuoso.ade.simulationMonitor] - HostInfo:
Host name (type):	ece-linlab16.ece.gatech.edu (x86_64)
Operating system:	Linux 4.18.0-553.22.1.el8_10.x86_64 #1 SMP Wed Sep 11 18:02:00 EDT 2024 {"hostname": "ece-linlab16.ece.gatech.edu", "processid": 1418893, "history": "ExplorerRun.0", "testname": "ECE4130_Project_SRAM_SIM_1", "cornername": "Nominal", "point": 1, "logfile": "/nethome/imix3/ECE4130_M/Project1/ECE6130_Updated/ECE6130_LAB/Cadence/logs_imix3/logs0/Job18.log", "nodename": "ece-linlab16.ece.gatech.edu", "domainname": "(none)", "machine": "x86_64", "sysname": "Linux", "release": "4.18.0-553.22.1.el8_10.x86_64", "version": "#1 SMP Wed Sep 11 18:02:00 EDT 2024"}
[2024-11-01 16:53:21.672 -0400] [PROCESS] [cadence.virtuoso.ade.simulationMonitor] - UsageInfo:
pid=1418893
totalPhysicalMemory=15.098820GB,Used=14.597370GB,totalVirtualMemory=22.840027GB,Used=15.151154GB
Cpu: Cores=8, Load average:0.430000,0.280000,0.280000 {"hostname": "ece-linlab16.ece.gatech.edu", "processid": 1418893, "history": "ExplorerRun.0", "testname": "ECE4130_Project_SRAM_SIM_1", "cornername": "Nominal", "point": 1, "logfile": "/nethome/imix3/ECE4130_M/Project1/ECE6130_Updated/ECE6130_LAB/Cadence/logs_imix3/logs0/Job18.log", "pid": "1418893", "totalPhysicalMemory": "15.098820", "physicalMemoryUsed": "14.597370", "totalVirtualMemory": "22.840027", "virtualMemoryUsed": "15.151154", "cpuCores": "8", "processes": "3167", "loadAverage1": "0.430000", "loadAverage5": "0.280000", "loadAverage15": "0.280000", "loadAverage1Percent": "0.053750"}
[2024-11-01 16:53:21.684 -0400] [EVENT] [cadence.virtuoso.ade.simulationMonitor] - NewPoint {"history": "ExplorerRun.0", "point": 1, "testname": "ECE4130_Project_SRAM_SIM_1", "cornername": "Nominal", "event": "NewPoint", "EventSource": "Simulation Monitor", "HistoryName": "ExplorerRun.0", "logFile": "/nethome/imix3/ECE4130_M/Project1/ECE6130_Updated/ECE6130_LAB/Cadence/logs_imix3/logs0/Job18.log", "logFileSize": "15428", "category": "simulation"}
[2024-11-01 16:53:21.785 -0400] [EVENT] [cadence.virtuoso.ade.simulationMonitor] - NewPoint {"history": "ExplorerRun.0", "point": 1, "testname": "ECE4130_Project_SRAM_SIM_1", "cornername": "Nominal", "event": "NewPoint", "EventSource": "spectre", "HistoryName": "ExplorerRun.0", "logFile": "/nethome/imix3/simulation/ECE4130_Project/SRAM_SIM/maestro/results/maestro/ExplorerRun.0/1/ECE4130_Project_SRAM_SIM_1/psf/spectre.out", "logFileSize": "-1", "category": "simulation"}
[2024-11-01 16:53:21.972 -0400] [PROCESS] [cadence.virtuoso.ade.simulationMonitor] - Simulator launched {"hostname": "ece-linlab16.ece.gatech.edu", "processid": 1418893, "history": "ExplorerRun.0", "testname": "ECE4130_Project_SRAM_SIM_1", "cornername": "Nominal", "point": 1, "logfile": "/nethome/imix3/ECE4130_M/Project1/ECE6130_Updated/ECE6130_LAB/Cadence/logs_imix3/logs0/Job18.log", "simid": "2", "event": "launch", "category": "simulation"}
[2024-11-01 16:53:21.975 -0400] [PROCESS] [cadence.virtuoso.ade.simulationMonitor] - Expression evaluator launched {"hostname": "ece-linlab16.ece.gatech.edu", "processid": 1418893, "history": "ExplorerRun.0", "testname": "ECE4130_Project_SRAM_SIM_1", "cornername": "Nominal", "point": 1, "logfile": "/nethome/imix3/ECE4130_M/Project1/ECE6130_Updated/ECE6130_LAB/Cadence/logs_imix3/logs0/Job18.log"}
[2024-11-01 16:53:22.051 -0400] [PROCESS] [cadence.virtuoso.ade.simulationMonitor] - Started Simulation {"hostname": "ece-linlab16.ece.gatech.edu", "processid": 1418893, "history": "ExplorerRun.0", "testname": "ECE4130_Project_SRAM_SIM_1", "cornername": "Nominal", "point": 1, "logfile": "/nethome/imix3/ECE4130_M/Project1/ECE6130_Updated/ECE6130_LAB/Cadence/logs_imix3/logs0/Job18.log", "event": "start", "category": "simulation"}
[2024-11-01 16:53:22.552 -0400] [INFO] [cadence.virtuoso.ade.simulationMonitor] - Peak resident memory used = 148 Mbytes. {"history": "ExplorerRun.0", "point": 1, "testname": "ECE4130_Project_SRAM_SIM_1", "cornername": "Nominal"}
[2024-11-01 16:53:22.552 -0400] [INFO] [cadence.virtuoso.ade.simulationMonitor] - Peak resident memory used = 157 Mbytes. {"history": "ExplorerRun.0", "point": 1, "testname": "ECE4130_Project_SRAM_SIM_1", "cornername": "Nominal"}
[2024-11-01 16:53:22.552 -0400] [INFO] [cadence.virtuoso.ade.simulationMonitor] - Notice from spectre during hierarchy flattening.
    The value 'psf' specified for the 'checklimitdest' option will no longer be supported in future releases. Use 'spectre -h' to see other recommended values for the 'checklimitdest' option. {"history": "ExplorerRun.0", "point": 1, "testname": "ECE4130_Project_SRAM_SIM_1", "cornername": "Nominal"}
[2024-11-01 16:53:22.552 -0400] [INFO] [cadence.virtuoso.ade.simulationMonitor] - Peak resident memory used = 158 Mbytes. {"history": "ExplorerRun.0", "point": 1, "testname": "ECE4130_Project_SRAM_SIM_1", "cornername": "Nominal"}
[2024-11-01 16:53:22.552 -0400] [INFO] [cadence.virtuoso.ade.simulationMonitor] - Notice from spectre during initial setup.
    Multithreading is disabled due to the size of the design being too small. {"history": "ExplorerRun.0", "point": 1, "testname": "ECE4130_Project_SRAM_SIM_1", "cornername": "Nominal"}
[2024-11-01 16:53:22.556 -0400] [INFO] [cadence.virtuoso.ade.simulationMonitor] -               nodes 11 {"history": "ExplorerRun.0", "point": 1, "testname": "ECE4130_Project_SRAM_SIM_1", "cornername": "Nominal"}
[2024-11-01 16:53:22.556 -0400] [INFO] [cadence.virtuoso.ade.simulationMonitor] - Notice from spectre during initial setup.
    Protected devices exist and are not included in the circuit inventory.
    1 vsources are shorted because their absolute value is less than or equal to 'vabsshort'.
    APS enabled. {"history": "ExplorerRun.0", "point": 1, "testname": "ECE4130_Project_SRAM_SIM_1", "cornername": "Nominal"}
[2024-11-01 16:53:22.556 -0400] [INFO] [cadence.virtuoso.ade.simulationMonitor] - Peak resident memory used = 161 Mbytes. {"history": "ExplorerRun.0", "point": 1, "testname": "ECE4130_Project_SRAM_SIM_1", "cornername": "Nominal"}
[2024-11-01 16:53:22.557 -0400] [INFO] [cadence.virtuoso.ade.simulationMonitor] -    -   (APS) Multi-threading. The recommended number of threads is 1, consider adding +mt=1 on command line. {"history": "ExplorerRun.0", "point": 1, "testname": "ECE4130_Project_SRAM_SIM_1", "cornername": "Nominal"}
[2024-11-01 16:53:22.557 -0400] [INFO] [cadence.virtuoso.ade.simulationMonitor] - Notice from spectre during transient analysis `tran'.
    Multithreading is disabled due to the size of the design being too small. {"history": "ExplorerRun.0", "point": 1, "testname": "ECE4130_Project_SRAM_SIM_1", "cornername": "Nominal"}
[2024-11-01 16:53:23.058 -0400] [INFO] [cadence.virtuoso.ade.simulationMonitor] - Intrinsic tran analysis time:    CPU = 124.088 ms, elapsed = 138.47 ms. {"history": "ExplorerRun.0", "point": 1, "testname": "ECE4130_Project_SRAM_SIM_1", "cornername": "Nominal"}
[2024-11-01 16:53:23.058 -0400] [INFO] [cadence.virtuoso.ade.simulationMonitor] - Total time required for tran analysis `tran': CPU = 125.652 ms, elapsed = 142.713 ms, util. = 88%. {"history": "ExplorerRun.0", "point": 1, "testname": "ECE4130_Project_SRAM_SIM_1", "cornername": "Nominal"}
[2024-11-01 16:53:23.058 -0400] [INFO] [cadence.virtuoso.ade.simulationMonitor] - Peak resident memory used = 168 Mbytes. {"history": "ExplorerRun.0", "point": 1, "testname": "ECE4130_Project_SRAM_SIM_1", "cornername": "Nominal"}
[2024-11-01 16:53:23.060 -0400] [INFO] [cadence.virtuoso.ade.simulationMonitor] - Time used: CPU = 284 ms, elapsed = 376 ms, util. = 75.5%. {"history": "ExplorerRun.0", "point": 1, "testname": "ECE4130_Project_SRAM_SIM_1", "cornername": "Nominal"}
[2024-11-01 16:53:23.060 -0400] [INFO] [cadence.virtuoso.ade.simulationMonitor] - Time spent in licensing: elapsed = 48 ms, percentage of total = 12.8%. {"history": "ExplorerRun.0", "point": 1, "testname": "ECE4130_Project_SRAM_SIM_1", "cornername": "Nominal"}
[2024-11-01 16:53:23.061 -0400] [INFO] [cadence.virtuoso.ade.simulationMonitor] - Peak memory used = 170 Mbytes. {"history": "ExplorerRun.0", "point": 1, "testname": "ECE4130_Project_SRAM_SIM_1", "cornername": "Nominal"}
[2024-11-01 16:53:23.064 -0400] [PROCESS] [cadence.virtuoso.ade.simulationMonitor] - Simulation started at: 4:53:22 PM, Fri Nov 1, 2024, ended at: 4:53:22 PM, Fri Nov 1, 2024, with elapsed time (wall clock): 376 ms. {"history": "ExplorerRun.0", "point": 1, "testname": "ECE4130_Project_SRAM_SIM_1", "cornername": "Nominal"}
[2024-11-01 16:53:23.064 -0400] [PROCESS] [cadence.virtuoso.ade.simulationMonitor] - spectre completes with 0 errors, 0 warnings, and 7 notices. {"history": "ExplorerRun.0", "point": 1, "testname": "ECE4130_Project_SRAM_SIM_1", "cornername": "Nominal"}
[2024-11-01 16:53:23.064 -0400] [PROCESS] [cadence.virtuoso.ade.simulationMonitor] - Finished simulating for one point {"hostname": "ece-linlab16.ece.gatech.edu", "processid": 1418893, "history": "ExplorerRun.0", "testname": "ECE4130_Project_SRAM_SIM_1", "cornername": "Nominal", "point": 1, "logfile": "/nethome/imix3/ECE4130_M/Project1/ECE6130_Updated/ECE6130_LAB/Cadence/logs_imix3/logs0/Job18.log", "simid": "2", "event": "finish", "category": "simulation"}
[2024-11-01 16:53:23.064 -0400] [PROCESS] [cadence.virtuoso.ade.simulationMonitor] - Simulator exited {"hostname": "ece-linlab16.ece.gatech.edu", "processid": 1418893, "history": "ExplorerRun.0", "testname": "ECE4130_Project_SRAM_SIM_1", "cornername": "Nominal", "point": 1, "logfile": "/nethome/imix3/ECE4130_M/Project1/ECE6130_Updated/ECE6130_LAB/Cadence/logs_imix3/logs0/Job18.log", "exitStatus": "0"}
[2024-11-01 16:53:23.064 -0400] [PROCESS] [cadence.virtuoso.ade.simulationMonitor] - Finished Simulation {"hostname": "ece-linlab16.ece.gatech.edu", "processid": 1418893, "history": "ExplorerRun.0", "testname": "ECE4130_Project_SRAM_SIM_1", "cornername": "Nominal", "point": 1, "logfile": "/nethome/imix3/ECE4130_M/Project1/ECE6130_Updated/ECE6130_LAB/Cadence/logs_imix3/logs0/Job18.log", "simid": "2", "event": "finish", "category": "obsolete"}
[2024-11-01 16:53:25.567 -0400] [PROCESS] [cadence.virtuoso.ade.simulationMonitor] - Point Finished {"hostname": "ece-linlab16.ece.gatech.edu", "processid": 1418893, "history": "ExplorerRun.0", "testname": "ECE4130_Project_SRAM_SIM_1", "cornername": "Nominal", "point": 1, "logfile": "/nethome/imix3/ECE4130_M/Project1/ECE6130_Updated/ECE6130_LAB/Cadence/logs_imix3/logs0/Job18.log", "event": "finish", "category": "sim-eval"}
[2024-11-01 16:54:31.794 -0400] [INFO] [cadence.virtuoso.ade.simulationMonitor] - SimulationMonitor has terminated the vds process '1420266', reason: 'Force to stop the expression evalutor process because of new run' {"history": "ExplorerRun.0", "point": 1, "testname": "ECE4130_Project_SRAM_SIM_1", "cornername": "Nominal"}
[2024-11-01 16:54:31.795 -0400] [PROCESS] [cadence.virtuoso.ade.simulationMonitor] - HostInfo:
Host name (type):	ece-linlab16.ece.gatech.edu (x86_64)
Operating system:	Linux 4.18.0-553.22.1.el8_10.x86_64 #1 SMP Wed Sep 11 18:02:00 EDT 2024 {"hostname": "ece-linlab16.ece.gatech.edu", "processid": 1418893, "history": "ExplorerRun.0", "testname": "ECE4130_Project_SRAM_SIM_1", "cornername": "Nominal", "point": 1, "logfile": "/nethome/imix3/ECE4130_M/Project1/ECE6130_Updated/ECE6130_LAB/Cadence/logs_imix3/logs0/Job18.log", "nodename": "ece-linlab16.ece.gatech.edu", "domainname": "(none)", "machine": "x86_64", "sysname": "Linux", "release": "4.18.0-553.22.1.el8_10.x86_64", "version": "#1 SMP Wed Sep 11 18:02:00 EDT 2024"}
[2024-11-01 16:54:31.795 -0400] [PROCESS] [cadence.virtuoso.ade.simulationMonitor] - UsageInfo:
pid=1418893
totalPhysicalMemory=15.098820GB,Used=14.604134GB,totalVirtualMemory=22.840027GB,Used=15.157917GB
Cpu: Cores=8, Load average:0.380000,0.290000,0.280000 {"hostname": "ece-linlab16.ece.gatech.edu", "processid": 1418893, "history": "ExplorerRun.0", "testname": "ECE4130_Project_SRAM_SIM_1", "cornername": "Nominal", "point": 1, "logfile": "/nethome/imix3/ECE4130_M/Project1/ECE6130_Updated/ECE6130_LAB/Cadence/logs_imix3/logs0/Job18.log", "pid": "1418893", "totalPhysicalMemory": "15.098820", "physicalMemoryUsed": "14.604134", "totalVirtualMemory": "22.840027", "virtualMemoryUsed": "15.157917", "cpuCores": "8", "processes": "3160", "loadAverage1": "0.380000", "loadAverage5": "0.290000", "loadAverage15": "0.280000", "loadAverage1Percent": "0.047500"}
[2024-11-01 16:54:31.804 -0400] [EVENT] [cadence.virtuoso.ade.simulationMonitor] - NewPoint {"history": "ExplorerRun.0", "point": 1, "testname": "ECE4130_Project_SRAM_SIM_1", "cornername": "Nominal", "event": "NewPoint", "EventSource": "Simulation Monitor", "HistoryName": "ExplorerRun.0", "logFile": "/nethome/imix3/ECE4130_M/Project1/ECE6130_Updated/ECE6130_LAB/Cadence/logs_imix3/logs0/Job18.log", "logFileSize": "26282", "category": "simulation"}
[2024-11-01 16:54:31.905 -0400] [EVENT] [cadence.virtuoso.ade.simulationMonitor] - NewPoint {"history": "ExplorerRun.0", "point": 1, "testname": "ECE4130_Project_SRAM_SIM_1", "cornername": "Nominal", "event": "NewPoint", "EventSource": "spectre", "HistoryName": "ExplorerRun.0", "logFile": "/nethome/imix3/simulation/ECE4130_Project/SRAM_SIM/maestro/results/maestro/ExplorerRun.0/1/ECE4130_Project_SRAM_SIM_1/psf/spectre.out", "logFileSize": "-1", "category": "simulation"}
[2024-11-01 16:54:32.077 -0400] [PROCESS] [cadence.virtuoso.ade.simulationMonitor] - Simulator launched {"hostname": "ece-linlab16.ece.gatech.edu", "processid": 1418893, "history": "ExplorerRun.0", "testname": "ECE4130_Project_SRAM_SIM_1", "cornername": "Nominal", "point": 1, "logfile": "/nethome/imix3/ECE4130_M/Project1/ECE6130_Updated/ECE6130_LAB/Cadence/logs_imix3/logs0/Job18.log", "simid": "3", "event": "launch", "category": "simulation"}
[2024-11-01 16:54:32.081 -0400] [PROCESS] [cadence.virtuoso.ade.simulationMonitor] - Expression evaluator launched {"hostname": "ece-linlab16.ece.gatech.edu", "processid": 1418893, "history": "ExplorerRun.0", "testname": "ECE4130_Project_SRAM_SIM_1", "cornername": "Nominal", "point": 1, "logfile": "/nethome/imix3/ECE4130_M/Project1/ECE6130_Updated/ECE6130_LAB/Cadence/logs_imix3/logs0/Job18.log"}
[2024-11-01 16:54:32.155 -0400] [PROCESS] [cadence.virtuoso.ade.simulationMonitor] - Started Simulation {"hostname": "ece-linlab16.ece.gatech.edu", "processid": 1418893, "history": "ExplorerRun.0", "testname": "ECE4130_Project_SRAM_SIM_1", "cornername": "Nominal", "point": 1, "logfile": "/nethome/imix3/ECE4130_M/Project1/ECE6130_Updated/ECE6130_LAB/Cadence/logs_imix3/logs0/Job18.log", "event": "start", "category": "simulation"}
[2024-11-01 16:54:32.655 -0400] [INFO] [cadence.virtuoso.ade.simulationMonitor] - Peak resident memory used = 147 Mbytes. {"history": "ExplorerRun.0", "point": 1, "testname": "ECE4130_Project_SRAM_SIM_1", "cornername": "Nominal"}
[2024-11-01 16:54:32.655 -0400] [INFO] [cadence.virtuoso.ade.simulationMonitor] - Peak resident memory used = 155 Mbytes. {"history": "ExplorerRun.0", "point": 1, "testname": "ECE4130_Project_SRAM_SIM_1", "cornername": "Nominal"}
[2024-11-01 16:54:32.655 -0400] [INFO] [cadence.virtuoso.ade.simulationMonitor] - Notice from spectre during hierarchy flattening.
    The value 'psf' specified for the 'checklimitdest' option will no longer be supported in future releases. Use 'spectre -h' to see other recommended values for the 'checklimitdest' option. {"history": "ExplorerRun.0", "point": 1, "testname": "ECE4130_Project_SRAM_SIM_1", "cornername": "Nominal"}
[2024-11-01 16:54:32.655 -0400] [INFO] [cadence.virtuoso.ade.simulationMonitor] - Peak resident memory used = 156 Mbytes. {"history": "ExplorerRun.0", "point": 1, "testname": "ECE4130_Project_SRAM_SIM_1", "cornername": "Nominal"}
[2024-11-01 16:54:32.656 -0400] [INFO] [cadence.virtuoso.ade.simulationMonitor] - Notice from spectre during initial setup.
    Multithreading is disabled due to the size of the design being too small. {"history": "ExplorerRun.0", "point": 1, "testname": "ECE4130_Project_SRAM_SIM_1", "cornername": "Nominal"}
[2024-11-01 16:54:32.661 -0400] [INFO] [cadence.virtuoso.ade.simulationMonitor] -               nodes 11 {"history": "ExplorerRun.0", "point": 1, "testname": "ECE4130_Project_SRAM_SIM_1", "cornername": "Nominal"}
[2024-11-01 16:54:32.661 -0400] [INFO] [cadence.virtuoso.ade.simulationMonitor] - Notice from spectre during initial setup.
    Protected devices exist and are not included in the circuit inventory.
    APS enabled. {"history": "ExplorerRun.0", "point": 1, "testname": "ECE4130_Project_SRAM_SIM_1", "cornername": "Nominal"}
[2024-11-01 16:54:32.661 -0400] [INFO] [cadence.virtuoso.ade.simulationMonitor] - Peak resident memory used = 159 Mbytes. {"history": "ExplorerRun.0", "point": 1, "testname": "ECE4130_Project_SRAM_SIM_1", "cornername": "Nominal"}
[2024-11-01 16:54:32.662 -0400] [INFO] [cadence.virtuoso.ade.simulationMonitor] -    -   (APS) Multi-threading. The recommended number of threads is 1, consider adding +mt=1 on command line. {"history": "ExplorerRun.0", "point": 1, "testname": "ECE4130_Project_SRAM_SIM_1", "cornername": "Nominal"}
[2024-11-01 16:54:32.662 -0400] [INFO] [cadence.virtuoso.ade.simulationMonitor] - Notice from spectre during transient analysis `tran'.
    Multithreading is disabled due to the size of the design being too small. {"history": "ExplorerRun.0", "point": 1, "testname": "ECE4130_Project_SRAM_SIM_1", "cornername": "Nominal"}
[2024-11-01 16:54:33.163 -0400] [INFO] [cadence.virtuoso.ade.simulationMonitor] - Intrinsic tran analysis time:    CPU = 118.093 ms, elapsed = 131.421 ms. {"history": "ExplorerRun.0", "point": 1, "testname": "ECE4130_Project_SRAM_SIM_1", "cornername": "Nominal"}
[2024-11-01 16:54:33.164 -0400] [INFO] [cadence.virtuoso.ade.simulationMonitor] - Total time required for tran analysis `tran': CPU = 119.949 ms, elapsed = 135.894 ms, util. = 88.3%. {"history": "ExplorerRun.0", "point": 1, "testname": "ECE4130_Project_SRAM_SIM_1", "cornername": "Nominal"}
[2024-11-01 16:54:33.164 -0400] [INFO] [cadence.virtuoso.ade.simulationMonitor] - Peak resident memory used = 167 Mbytes. {"history": "ExplorerRun.0", "point": 1, "testname": "ECE4130_Project_SRAM_SIM_1", "cornername": "Nominal"}
[2024-11-01 16:54:33.165 -0400] [INFO] [cadence.virtuoso.ade.simulationMonitor] - Time used: CPU = 278 ms, elapsed = 382 ms, util. = 72.9%. {"history": "ExplorerRun.0", "point": 1, "testname": "ECE4130_Project_SRAM_SIM_1", "cornername": "Nominal"}
[2024-11-01 16:54:33.166 -0400] [INFO] [cadence.virtuoso.ade.simulationMonitor] - Time spent in licensing: elapsed = 50.3 ms, percentage of total = 13.2%. {"history": "ExplorerRun.0", "point": 1, "testname": "ECE4130_Project_SRAM_SIM_1", "cornername": "Nominal"}
[2024-11-01 16:54:33.166 -0400] [INFO] [cadence.virtuoso.ade.simulationMonitor] - Peak memory used = 168 Mbytes. {"history": "ExplorerRun.0", "point": 1, "testname": "ECE4130_Project_SRAM_SIM_1", "cornername": "Nominal"}
[2024-11-01 16:54:33.169 -0400] [PROCESS] [cadence.virtuoso.ade.simulationMonitor] - Simulation started at: 4:54:32 PM, Fri Nov 1, 2024, ended at: 4:54:32 PM, Fri Nov 1, 2024, with elapsed time (wall clock): 382 ms. {"history": "ExplorerRun.0", "point": 1, "testname": "ECE4130_Project_SRAM_SIM_1", "cornername": "Nominal"}
[2024-11-01 16:54:33.169 -0400] [PROCESS] [cadence.virtuoso.ade.simulationMonitor] - spectre completes with 0 errors, 0 warnings, and 6 notices. {"history": "ExplorerRun.0", "point": 1, "testname": "ECE4130_Project_SRAM_SIM_1", "cornername": "Nominal"}
[2024-11-01 16:54:33.169 -0400] [PROCESS] [cadence.virtuoso.ade.simulationMonitor] - Finished simulating for one point {"hostname": "ece-linlab16.ece.gatech.edu", "processid": 1418893, "history": "ExplorerRun.0", "testname": "ECE4130_Project_SRAM_SIM_1", "cornername": "Nominal", "point": 1, "logfile": "/nethome/imix3/ECE4130_M/Project1/ECE6130_Updated/ECE6130_LAB/Cadence/logs_imix3/logs0/Job18.log", "simid": "3", "event": "finish", "category": "simulation"}
[2024-11-01 16:54:33.169 -0400] [PROCESS] [cadence.virtuoso.ade.simulationMonitor] - Simulator exited {"hostname": "ece-linlab16.ece.gatech.edu", "processid": 1418893, "history": "ExplorerRun.0", "testname": "ECE4130_Project_SRAM_SIM_1", "cornername": "Nominal", "point": 1, "logfile": "/nethome/imix3/ECE4130_M/Project1/ECE6130_Updated/ECE6130_LAB/Cadence/logs_imix3/logs0/Job18.log", "exitStatus": "0"}
[2024-11-01 16:54:33.169 -0400] [PROCESS] [cadence.virtuoso.ade.simulationMonitor] - Finished Simulation {"hostname": "ece-linlab16.ece.gatech.edu", "processid": 1418893, "history": "ExplorerRun.0", "testname": "ECE4130_Project_SRAM_SIM_1", "cornername": "Nominal", "point": 1, "logfile": "/nethome/imix3/ECE4130_M/Project1/ECE6130_Updated/ECE6130_LAB/Cadence/logs_imix3/logs0/Job18.log", "simid": "3", "event": "finish", "category": "obsolete"}
[2024-11-01 16:54:35.672 -0400] [PROCESS] [cadence.virtuoso.ade.simulationMonitor] - Point Finished {"hostname": "ece-linlab16.ece.gatech.edu", "processid": 1418893, "history": "ExplorerRun.0", "testname": "ECE4130_Project_SRAM_SIM_1", "cornername": "Nominal", "point": 1, "logfile": "/nethome/imix3/ECE4130_M/Project1/ECE6130_Updated/ECE6130_LAB/Cadence/logs_imix3/logs0/Job18.log", "event": "finish", "category": "sim-eval"}
[2024-11-01 16:56:24.934 -0400] [INFO] [cadence.virtuoso.ade.simulationMonitor] - SimulationMonitor has terminated the vds process '1421260', reason: 'Force to stop the expression evalutor process because of new run' {"history": "ExplorerRun.0", "point": 1, "testname": "ECE4130_Project_SRAM_SIM_1", "cornername": "Nominal"}
[2024-11-01 16:56:24.935 -0400] [PROCESS] [cadence.virtuoso.ade.simulationMonitor] - HostInfo:
Host name (type):	ece-linlab16.ece.gatech.edu (x86_64)
Operating system:	Linux 4.18.0-553.22.1.el8_10.x86_64 #1 SMP Wed Sep 11 18:02:00 EDT 2024 {"hostname": "ece-linlab16.ece.gatech.edu", "processid": 1418893, "history": "ExplorerRun.0", "testname": "ECE4130_Project_SRAM_SIM_1", "cornername": "Nominal", "point": 1, "logfile": "/nethome/imix3/ECE4130_M/Project1/ECE6130_Updated/ECE6130_LAB/Cadence/logs_imix3/logs0/Job18.log", "nodename": "ece-linlab16.ece.gatech.edu", "domainname": "(none)", "machine": "x86_64", "sysname": "Linux", "release": "4.18.0-553.22.1.el8_10.x86_64", "version": "#1 SMP Wed Sep 11 18:02:00 EDT 2024"}
[2024-11-01 16:56:24.935 -0400] [PROCESS] [cadence.virtuoso.ade.simulationMonitor] - UsageInfo:
pid=1418893
totalPhysicalMemory=15.098820GB,Used=14.645416GB,totalVirtualMemory=22.840027GB,Used=15.199200GB
Cpu: Cores=8, Load average:0.480000,0.310000,0.290000 {"hostname": "ece-linlab16.ece.gatech.edu", "processid": 1418893, "history": "ExplorerRun.0", "testname": "ECE4130_Project_SRAM_SIM_1", "cornername": "Nominal", "point": 1, "logfile": "/nethome/imix3/ECE4130_M/Project1/ECE6130_Updated/ECE6130_LAB/Cadence/logs_imix3/logs0/Job18.log", "pid": "1418893", "totalPhysicalMemory": "15.098820", "physicalMemoryUsed": "14.645416", "totalVirtualMemory": "22.840027", "virtualMemoryUsed": "15.199200", "cpuCores": "8", "processes": "3163", "loadAverage1": "0.480000", "loadAverage5": "0.310000", "loadAverage15": "0.290000", "loadAverage1Percent": "0.060000"}
[2024-11-01 16:56:24.942 -0400] [EVENT] [cadence.virtuoso.ade.simulationMonitor] - NewPoint {"history": "ExplorerRun.0", "point": 1, "testname": "ECE4130_Project_SRAM_SIM_1", "cornername": "Nominal", "event": "NewPoint", "EventSource": "Simulation Monitor", "HistoryName": "ExplorerRun.0", "logFile": "/nethome/imix3/ECE4130_M/Project1/ECE6130_Updated/ECE6130_LAB/Cadence/logs_imix3/logs0/Job18.log", "logFileSize": "37047", "category": "simulation"}
[2024-11-01 16:56:25.044 -0400] [EVENT] [cadence.virtuoso.ade.simulationMonitor] - NewPoint {"history": "ExplorerRun.0", "point": 1, "testname": "ECE4130_Project_SRAM_SIM_1", "cornername": "Nominal", "event": "NewPoint", "EventSource": "spectre", "HistoryName": "ExplorerRun.0", "logFile": "/nethome/imix3/simulation/ECE4130_Project/SRAM_SIM/maestro/results/maestro/ExplorerRun.0/1/ECE4130_Project_SRAM_SIM_1/psf/spectre.out", "logFileSize": "-1", "category": "simulation"}
[2024-11-01 16:56:25.224 -0400] [PROCESS] [cadence.virtuoso.ade.simulationMonitor] - Simulator launched {"hostname": "ece-linlab16.ece.gatech.edu", "processid": 1418893, "history": "ExplorerRun.0", "testname": "ECE4130_Project_SRAM_SIM_1", "cornername": "Nominal", "point": 1, "logfile": "/nethome/imix3/ECE4130_M/Project1/ECE6130_Updated/ECE6130_LAB/Cadence/logs_imix3/logs0/Job18.log", "simid": "4", "event": "launch", "category": "simulation"}
[2024-11-01 16:56:25.228 -0400] [PROCESS] [cadence.virtuoso.ade.simulationMonitor] - Expression evaluator launched {"hostname": "ece-linlab16.ece.gatech.edu", "processid": 1418893, "history": "ExplorerRun.0", "testname": "ECE4130_Project_SRAM_SIM_1", "cornername": "Nominal", "point": 1, "logfile": "/nethome/imix3/ECE4130_M/Project1/ECE6130_Updated/ECE6130_LAB/Cadence/logs_imix3/logs0/Job18.log"}
[2024-11-01 16:56:25.302 -0400] [PROCESS] [cadence.virtuoso.ade.simulationMonitor] - Started Simulation {"hostname": "ece-linlab16.ece.gatech.edu", "processid": 1418893, "history": "ExplorerRun.0", "testname": "ECE4130_Project_SRAM_SIM_1", "cornername": "Nominal", "point": 1, "logfile": "/nethome/imix3/ECE4130_M/Project1/ECE6130_Updated/ECE6130_LAB/Cadence/logs_imix3/logs0/Job18.log", "event": "start", "category": "simulation"}
[2024-11-01 16:56:25.802 -0400] [INFO] [cadence.virtuoso.ade.simulationMonitor] - Peak resident memory used = 147 Mbytes. {"history": "ExplorerRun.0", "point": 1, "testname": "ECE4130_Project_SRAM_SIM_1", "cornername": "Nominal"}
[2024-11-01 16:56:25.802 -0400] [INFO] [cadence.virtuoso.ade.simulationMonitor] - Peak resident memory used = 155 Mbytes. {"history": "ExplorerRun.0", "point": 1, "testname": "ECE4130_Project_SRAM_SIM_1", "cornername": "Nominal"}
[2024-11-01 16:56:25.802 -0400] [INFO] [cadence.virtuoso.ade.simulationMonitor] - Notice from spectre during hierarchy flattening.
    The value 'psf' specified for the 'checklimitdest' option will no longer be supported in future releases. Use 'spectre -h' to see other recommended values for the 'checklimitdest' option. {"history": "ExplorerRun.0", "point": 1, "testname": "ECE4130_Project_SRAM_SIM_1", "cornername": "Nominal"}
[2024-11-01 16:56:25.802 -0400] [INFO] [cadence.virtuoso.ade.simulationMonitor] - Peak resident memory used = 157 Mbytes. {"history": "ExplorerRun.0", "point": 1, "testname": "ECE4130_Project_SRAM_SIM_1", "cornername": "Nominal"}
[2024-11-01 16:56:25.802 -0400] [INFO] [cadence.virtuoso.ade.simulationMonitor] - Notice from spectre during initial setup.
    Multithreading is disabled due to the size of the design being too small. {"history": "ExplorerRun.0", "point": 1, "testname": "ECE4130_Project_SRAM_SIM_1", "cornername": "Nominal"}
[2024-11-01 16:56:25.808 -0400] [INFO] [cadence.virtuoso.ade.simulationMonitor] -               nodes 11 {"history": "ExplorerRun.0", "point": 1, "testname": "ECE4130_Project_SRAM_SIM_1", "cornername": "Nominal"}
[2024-11-01 16:56:25.808 -0400] [INFO] [cadence.virtuoso.ade.simulationMonitor] - Notice from spectre during initial setup.
    Protected devices exist and are not included in the circuit inventory.
    APS enabled. {"history": "ExplorerRun.0", "point": 1, "testname": "ECE4130_Project_SRAM_SIM_1", "cornername": "Nominal"}
[2024-11-01 16:56:25.808 -0400] [INFO] [cadence.virtuoso.ade.simulationMonitor] - Peak resident memory used = 159 Mbytes. {"history": "ExplorerRun.0", "point": 1, "testname": "ECE4130_Project_SRAM_SIM_1", "cornername": "Nominal"}
[2024-11-01 16:56:25.809 -0400] [INFO] [cadence.virtuoso.ade.simulationMonitor] -    -   (APS) Multi-threading. The recommended number of threads is 1, consider adding +mt=1 on command line. {"history": "ExplorerRun.0", "point": 1, "testname": "ECE4130_Project_SRAM_SIM_1", "cornername": "Nominal"}
[2024-11-01 16:56:25.809 -0400] [INFO] [cadence.virtuoso.ade.simulationMonitor] - Notice from spectre during transient analysis `tran'.
    Multithreading is disabled due to the size of the design being too small. {"history": "ExplorerRun.0", "point": 1, "testname": "ECE4130_Project_SRAM_SIM_1", "cornername": "Nominal"}
[2024-11-01 16:56:26.310 -0400] [INFO] [cadence.virtuoso.ade.simulationMonitor] - Intrinsic tran analysis time:    CPU = 87.644 ms, elapsed = 99.148 ms. {"history": "ExplorerRun.0", "point": 1, "testname": "ECE4130_Project_SRAM_SIM_1", "cornername": "Nominal"}
[2024-11-01 16:56:26.310 -0400] [INFO] [cadence.virtuoso.ade.simulationMonitor] - Total time required for tran analysis `tran': CPU = 89.308 ms, elapsed = 103.743 ms, util. = 86.1%. {"history": "ExplorerRun.0", "point": 1, "testname": "ECE4130_Project_SRAM_SIM_1", "cornername": "Nominal"}
[2024-11-01 16:56:26.310 -0400] [INFO] [cadence.virtuoso.ade.simulationMonitor] - Peak resident memory used = 167 Mbytes. {"history": "ExplorerRun.0", "point": 1, "testname": "ECE4130_Project_SRAM_SIM_1", "cornername": "Nominal"}
[2024-11-01 16:56:26.312 -0400] [INFO] [cadence.virtuoso.ade.simulationMonitor] - Time used: CPU = 248 ms, elapsed = 357 ms, util. = 69.6%. {"history": "ExplorerRun.0", "point": 1, "testname": "ECE4130_Project_SRAM_SIM_1", "cornername": "Nominal"}
[2024-11-01 16:56:26.312 -0400] [INFO] [cadence.virtuoso.ade.simulationMonitor] - Time spent in licensing: elapsed = 49.7 ms, percentage of total = 13.9%. {"history": "ExplorerRun.0", "point": 1, "testname": "ECE4130_Project_SRAM_SIM_1", "cornername": "Nominal"}
[2024-11-01 16:56:26.313 -0400] [INFO] [cadence.virtuoso.ade.simulationMonitor] - Peak memory used = 168 Mbytes. {"history": "ExplorerRun.0", "point": 1, "testname": "ECE4130_Project_SRAM_SIM_1", "cornername": "Nominal"}
[2024-11-01 16:56:26.316 -0400] [PROCESS] [cadence.virtuoso.ade.simulationMonitor] - Simulation started at: 4:56:25 PM, Fri Nov 1, 2024, ended at: 4:56:25 PM, Fri Nov 1, 2024, with elapsed time (wall clock): 357 ms. {"history": "ExplorerRun.0", "point": 1, "testname": "ECE4130_Project_SRAM_SIM_1", "cornername": "Nominal"}
[2024-11-01 16:56:26.316 -0400] [PROCESS] [cadence.virtuoso.ade.simulationMonitor] - spectre completes with 0 errors, 0 warnings, and 6 notices. {"history": "ExplorerRun.0", "point": 1, "testname": "ECE4130_Project_SRAM_SIM_1", "cornername": "Nominal"}
[2024-11-01 16:56:26.316 -0400] [PROCESS] [cadence.virtuoso.ade.simulationMonitor] - Finished simulating for one point {"hostname": "ece-linlab16.ece.gatech.edu", "processid": 1418893, "history": "ExplorerRun.0", "testname": "ECE4130_Project_SRAM_SIM_1", "cornername": "Nominal", "point": 1, "logfile": "/nethome/imix3/ECE4130_M/Project1/ECE6130_Updated/ECE6130_LAB/Cadence/logs_imix3/logs0/Job18.log", "simid": "4", "event": "finish", "category": "simulation"}
[2024-11-01 16:56:26.316 -0400] [PROCESS] [cadence.virtuoso.ade.simulationMonitor] - Simulator exited {"hostname": "ece-linlab16.ece.gatech.edu", "processid": 1418893, "history": "ExplorerRun.0", "testname": "ECE4130_Project_SRAM_SIM_1", "cornername": "Nominal", "point": 1, "logfile": "/nethome/imix3/ECE4130_M/Project1/ECE6130_Updated/ECE6130_LAB/Cadence/logs_imix3/logs0/Job18.log", "exitStatus": "0"}
[2024-11-01 16:56:26.317 -0400] [PROCESS] [cadence.virtuoso.ade.simulationMonitor] - Finished Simulation {"hostname": "ece-linlab16.ece.gatech.edu", "processid": 1418893, "history": "ExplorerRun.0", "testname": "ECE4130_Project_SRAM_SIM_1", "cornername": "Nominal", "point": 1, "logfile": "/nethome/imix3/ECE4130_M/Project1/ECE6130_Updated/ECE6130_LAB/Cadence/logs_imix3/logs0/Job18.log", "simid": "4", "event": "finish", "category": "obsolete"}
[2024-11-01 16:56:28.820 -0400] [PROCESS] [cadence.virtuoso.ade.simulationMonitor] - Point Finished {"hostname": "ece-linlab16.ece.gatech.edu", "processid": 1418893, "history": "ExplorerRun.0", "testname": "ECE4130_Project_SRAM_SIM_1", "cornername": "Nominal", "point": 1, "logfile": "/nethome/imix3/ECE4130_M/Project1/ECE6130_Updated/ECE6130_LAB/Cadence/logs_imix3/logs0/Job18.log", "event": "finish", "category": "sim-eval"}
[2024-11-01 16:56:29.821 -0400] [PROCESS] [cadence.virtuoso.ade.simulationMonitor] - Stay with the runId '6', Linger time '300', currentRunSyn '13', currentTestSyn '14' {"hostname": "ece-linlab16.ece.gatech.edu", "processid": 1418893, "history": "ExplorerRun.0", "testname": "ECE4130_Project_SRAM_SIM_1", "cornername": "Nominal", "point": 1, "logfile": "/nethome/imix3/ECE4130_M/Project1/ECE6130_Updated/ECE6130_LAB/Cadence/logs_imix3/logs0/Job18.log"}
[2024-11-01 17:01:29.956 -0400] [PROCESS] [cadence.virtuoso.ade.simulationMonitor] - Current memory used: 80.8125 MBytes, peak memory used: 81.0703 MBytes {"hostname": "ece-linlab16.ece.gatech.edu", "processid": 1418893, "history": "ExplorerRun.0", "testname": "ECE4130_Project_SRAM_SIM_1", "cornername": "Nominal", "point": 1, "logfile": "/nethome/imix3/ECE4130_M/Project1/ECE6130_Updated/ECE6130_LAB/Cadence/logs_imix3/logs0/Job18.log"}
[2024-11-01 17:01:29.956 -0400] [PROCESS] [cadence.virtuoso.ade.simulationMonitor] - Simulation Monitor process exits. {"hostname": "ece-linlab16.ece.gatech.edu", "processid": 1418893, "history": "ExplorerRun.0", "testname": "ECE4130_Project_SRAM_SIM_1", "cornername": "Nominal", "point": 1, "logfile": "/nethome/imix3/ECE4130_M/Project1/ECE6130_Updated/ECE6130_LAB/Cadence/logs_imix3/logs0/Job18.log"}
