[Simulation Monitor: 17]
[2024-11-01 16:39:04.018 -0400] [PROCESS] [cadence.virtuoso.ade.simulationMonitor] - Started the simulation monitor process {"hostname": "ece-linlab16.ece.gatech.edu", "processid": 1410623, "logfile": "/nethome/imix3/ECE4130_M/Project1/ECE6130_Updated/ECE6130_LAB/Cadence/logs_imix3/logs0/Job17.log", "simulation monitor command line": "/tools/software/cadence/ic/23.10.080/tools.lnx86/dfII/bin/64bit/spectreMonitor --davinciService DaVinciService_1335944_1730486132 --axlsession fnxSession6 -lscs 000175E1894CBE06FF0966E38F1FFC06BC4D3C9BE672FC068F4D6FA78410926AD0246DE6EE7DFC06867E66E38F1FFC06BC4D66E38F1FFC06BC4D01C6B378C061DB6800001E52 -beanhost ece-linlab16.ece.gatech.edu -beanport 11859 -beanLogFile /nethome/imix3/ECE4130_M/Project1/ECE6130_Updated/ECE6130_LAB/Cadence/logs_imix3/logs0/amps_Job17.log -beanbinlog  --domain 0 --interactive yes --netlistOpt no --useMultiPointEvaluation yes --exprEvalShowJobStderr yes --evalSimParallel no --maxSims 0 --historyName ExplorerRun.0 --historyUUID  --exprEvaluator vds --mcMapping mc1.mapping --checkLogStatusInterval 0 --checkSimulatorLogTimeout 1200 --exprEvalMaxTries 3 --maxNFSSyncWait 60 -adeBrokerAddress ece-linlab16.ece.gatech.edu:39507 --statdbType h5v2 --fromADE true --virtuosoBinary virtuoso --guiDisplay ece-linlab16.ece.gatech.edu:3 --globalStatus 60 --evaluateMultiMC yes --evalOnSimFail SkipFailedAnalyses --numRetriesOnError 1 --fenixMode explorer --lingertimeout 300 -ahdlLockTimeout 60 --sdbLib ECE4130_Project --sdbCell SRAM_SIM --sdbView maestro --heartBeatFileDir /dev/shm --id 17 --uuid c1ca6ac4-0890-4c6a-8ef9-4f3c0239fd27 --log /nethome/imix3/ECE4130_M/Project1/ECE6130_Updated/ECE6130_LAB/Cadence/logs_imix3/logs0/Job17.log "}
[2024-11-01 16:39:04.018 -0400] [PROCESS] [cadence.virtuoso.ade.simulationMonitor] - Started the simulation monitor process {"hostname": "ece-linlab16.ece.gatech.edu", "processid": 1410623, "logfile": "/nethome/imix3/ECE4130_M/Project1/ECE6130_Updated/ECE6130_LAB/Cadence/logs_imix3/logs0/Job17.log", "current directory": "/nethome/imix3/ECE4130_M/Project1/ECE6130_Updated/ECE6130_LAB/Cadence"}
[2024-11-01 16:39:04.018 -0400] [PROCESS] [cadence.virtuoso.ade.simulationMonitor] - Simulation Monitor has successfully started up. Trying to set up communication channels to other components ... {"hostname": "ece-linlab16.ece.gatech.edu", "processid": 1410623, "logfile": "/nethome/imix3/ECE4130_M/Project1/ECE6130_Updated/ECE6130_LAB/Cadence/logs_imix3/logs0/Job17.log"}
[2024-11-01 16:39:04.022 -0400] [PROCESS] [cadence.virtuoso.ade.simulationMonitor] - Communication channels have been successfully set up. Start processing events ... {"hostname": "ece-linlab16.ece.gatech.edu", "processid": 1410623, "logfile": "/nethome/imix3/ECE4130_M/Project1/ECE6130_Updated/ECE6130_LAB/Cadence/logs_imix3/logs0/Job17.log"}
[2024-11-01 16:39:04.022 -0400] [PROCESS] [cadence.virtuoso.ade.simulationMonitor] - Considering to start history {"hostname": "ece-linlab16.ece.gatech.edu", "processid": 1410623, "history": "ExplorerRun.0", "logfile": "/nethome/imix3/ECE4130_M/Project1/ECE6130_Updated/ECE6130_LAB/Cadence/logs_imix3/logs0/Job17.log"}
[2024-11-01 16:39:04.024 -0400] [PROCESS] [cadence.virtuoso.ade.simulationMonitor] - HostInfo:
Host name (type):	ece-linlab16.ece.gatech.edu (x86_64)
Operating system:	Linux 4.18.0-553.22.1.el8_10.x86_64 #1 SMP Wed Sep 11 18:02:00 EDT 2024 {"hostname": "ece-linlab16.ece.gatech.edu", "processid": 1410623, "history": "ExplorerRun.0", "logfile": "/nethome/imix3/ECE4130_M/Project1/ECE6130_Updated/ECE6130_LAB/Cadence/logs_imix3/logs0/Job17.log", "nodename": "ece-linlab16.ece.gatech.edu", "domainname": "(none)", "machine": "x86_64", "sysname": "Linux", "release": "4.18.0-553.22.1.el8_10.x86_64", "version": "#1 SMP Wed Sep 11 18:02:00 EDT 2024"}
[2024-11-01 16:39:04.024 -0400] [PROCESS] [cadence.virtuoso.ade.simulationMonitor] - UsageInfo:
pid=1410623
totalPhysicalMemory=15.098820GB,Used=14.614853GB,totalVirtualMemory=22.840027GB,Used=15.168636GB
Cpu: Cores=8, Load average:0.480000,0.400000,0.370000 {"hostname": "ece-linlab16.ece.gatech.edu", "processid": 1410623, "history": "ExplorerRun.0", "logfile": "/nethome/imix3/ECE4130_M/Project1/ECE6130_Updated/ECE6130_LAB/Cadence/logs_imix3/logs0/Job17.log", "pid": "1410623", "totalPhysicalMemory": "15.098820", "physicalMemoryUsed": "14.614853", "totalVirtualMemory": "22.840027", "virtualMemoryUsed": "15.168636", "cpuCores": "8", "processes": "3148", "loadAverage1": "0.480000", "loadAverage5": "0.400000", "loadAverage15": "0.370000", "loadAverage1Percent": "0.060000"}
[2024-11-01 16:39:04.031 -0400] [EVENT] [cadence.virtuoso.ade.simulationMonitor] - NewPoint {"history": "ExplorerRun.0", "point": 1, "testname": "ECE4130_Project_SRAM_SIM_1", "cornername": "Nominal", "event": "NewPoint", "EventSource": "Simulation Monitor", "HistoryName": "ExplorerRun.0", "logFile": "/nethome/imix3/ECE4130_M/Project1/ECE6130_Updated/ECE6130_LAB/Cadence/logs_imix3/logs0/Job17.log", "logFileSize": "4588", "category": "simulation"}
[2024-11-01 16:39:04.132 -0400] [EVENT] [cadence.virtuoso.ade.simulationMonitor] - NewPoint {"history": "ExplorerRun.0", "point": 1, "testname": "ECE4130_Project_SRAM_SIM_1", "cornername": "Nominal", "event": "NewPoint", "EventSource": "spectre", "HistoryName": "ExplorerRun.0", "logFile": "/nethome/imix3/simulation/ECE4130_Project/SRAM_SIM/maestro/results/maestro/ExplorerRun.0/1/ECE4130_Project_SRAM_SIM_1/psf/spectre.out", "logFileSize": "-1", "category": "simulation"}
[2024-11-01 16:39:04.293 -0400] [PROCESS] [cadence.virtuoso.ade.simulationMonitor] - Simulator launched {"hostname": "ece-linlab16.ece.gatech.edu", "processid": 1410623, "history": "ExplorerRun.0", "testname": "ECE4130_Project_SRAM_SIM_1", "cornername": "Nominal", "point": 1, "logfile": "/nethome/imix3/ECE4130_M/Project1/ECE6130_Updated/ECE6130_LAB/Cadence/logs_imix3/logs0/Job17.log", "simid": "1", "event": "launch", "category": "simulation"}
[2024-11-01 16:39:04.296 -0400] [PROCESS] [cadence.virtuoso.ade.simulationMonitor] - Expression evaluator launched {"hostname": "ece-linlab16.ece.gatech.edu", "processid": 1410623, "history": "ExplorerRun.0", "testname": "ECE4130_Project_SRAM_SIM_1", "cornername": "Nominal", "point": 1, "logfile": "/nethome/imix3/ECE4130_M/Project1/ECE6130_Updated/ECE6130_LAB/Cadence/logs_imix3/logs0/Job17.log"}
[2024-11-01 16:39:04.382 -0400] [PROCESS] [cadence.virtuoso.ade.simulationMonitor] - Started Simulation {"hostname": "ece-linlab16.ece.gatech.edu", "processid": 1410623, "history": "ExplorerRun.0", "testname": "ECE4130_Project_SRAM_SIM_1", "cornername": "Nominal", "point": 1, "logfile": "/nethome/imix3/ECE4130_M/Project1/ECE6130_Updated/ECE6130_LAB/Cadence/logs_imix3/logs0/Job17.log", "event": "start", "category": "simulation"}
[2024-11-01 16:39:04.882 -0400] [INFO] [cadence.virtuoso.ade.simulationMonitor] - Peak resident memory used = 146 Mbytes. {"history": "ExplorerRun.0", "point": 1, "testname": "ECE4130_Project_SRAM_SIM_1", "cornername": "Nominal"}
[2024-11-01 16:39:04.882 -0400] [INFO] [cadence.virtuoso.ade.simulationMonitor] - Peak resident memory used = 155 Mbytes. {"history": "ExplorerRun.0", "point": 1, "testname": "ECE4130_Project_SRAM_SIM_1", "cornername": "Nominal"}
[2024-11-01 16:39:04.882 -0400] [INFO] [cadence.virtuoso.ade.simulationMonitor] - Notice from spectre during hierarchy flattening.
    The value 'psf' specified for the 'checklimitdest' option will no longer be supported in future releases. Use 'spectre -h' to see other recommended values for the 'checklimitdest' option. {"history": "ExplorerRun.0", "point": 1, "testname": "ECE4130_Project_SRAM_SIM_1", "cornername": "Nominal"}
[2024-11-01 16:39:04.882 -0400] [INFO] [cadence.virtuoso.ade.simulationMonitor] - Peak resident memory used = 155 Mbytes. {"history": "ExplorerRun.0", "point": 1, "testname": "ECE4130_Project_SRAM_SIM_1", "cornername": "Nominal"}
[2024-11-01 16:39:04.882 -0400] [INFO] [cadence.virtuoso.ade.simulationMonitor] - Notice from spectre during initial setup.
    Multithreading is disabled due to the size of the design being too small. {"history": "ExplorerRun.0", "point": 1, "testname": "ECE4130_Project_SRAM_SIM_1", "cornername": "Nominal"}
[2024-11-01 16:39:04.888 -0400] [INFO] [cadence.virtuoso.ade.simulationMonitor] -               nodes 7 {"history": "ExplorerRun.0", "point": 1, "testname": "ECE4130_Project_SRAM_SIM_1", "cornername": "Nominal"}
[2024-11-01 16:39:04.888 -0400] [INFO] [cadence.virtuoso.ade.simulationMonitor] - Notice from spectre during initial setup.
    Protected devices exist and are not included in the circuit inventory.
    APS enabled. {"history": "ExplorerRun.0", "point": 1, "testname": "ECE4130_Project_SRAM_SIM_1", "cornername": "Nominal"}
[2024-11-01 16:39:04.888 -0400] [INFO] [cadence.virtuoso.ade.simulationMonitor] - Peak resident memory used = 159 Mbytes. {"history": "ExplorerRun.0", "point": 1, "testname": "ECE4130_Project_SRAM_SIM_1", "cornername": "Nominal"}
[2024-11-01 16:39:04.889 -0400] [INFO] [cadence.virtuoso.ade.simulationMonitor] -    -   (APS) Multi-threading. The recommended number of threads is 1, consider adding +mt=1 on command line. {"history": "ExplorerRun.0", "point": 1, "testname": "ECE4130_Project_SRAM_SIM_1", "cornername": "Nominal"}
[2024-11-01 16:39:04.889 -0400] [INFO] [cadence.virtuoso.ade.simulationMonitor] - Notice from spectre during transient analysis `tran'.
    Multithreading is disabled due to the size of the design being too small. {"history": "ExplorerRun.0", "point": 1, "testname": "ECE4130_Project_SRAM_SIM_1", "cornername": "Nominal"}
[2024-11-01 16:39:05.390 -0400] [INFO] [cadence.virtuoso.ade.simulationMonitor] - Intrinsic tran analysis time:    CPU = 70.743 ms, elapsed = 88.8259 ms. {"history": "ExplorerRun.0", "point": 1, "testname": "ECE4130_Project_SRAM_SIM_1", "cornername": "Nominal"}
[2024-11-01 16:39:05.390 -0400] [INFO] [cadence.virtuoso.ade.simulationMonitor] - Total time required for tran analysis `tran': CPU = 72.078 ms, elapsed = 93.538 ms, util. = 77.1%. {"history": "ExplorerRun.0", "point": 1, "testname": "ECE4130_Project_SRAM_SIM_1", "cornername": "Nominal"}
[2024-11-01 16:39:05.390 -0400] [INFO] [cadence.virtuoso.ade.simulationMonitor] - Peak resident memory used = 166 Mbytes. {"history": "ExplorerRun.0", "point": 1, "testname": "ECE4130_Project_SRAM_SIM_1", "cornername": "Nominal"}
[2024-11-01 16:39:05.392 -0400] [INFO] [cadence.virtuoso.ade.simulationMonitor] - Time used: CPU = 230 ms, elapsed = 360 ms, util. = 63.9%. {"history": "ExplorerRun.0", "point": 1, "testname": "ECE4130_Project_SRAM_SIM_1", "cornername": "Nominal"}
[2024-11-01 16:39:05.392 -0400] [INFO] [cadence.virtuoso.ade.simulationMonitor] - Time spent in licensing: elapsed = 55.9 ms, percentage of total = 15.5%. {"history": "ExplorerRun.0", "point": 1, "testname": "ECE4130_Project_SRAM_SIM_1", "cornername": "Nominal"}
[2024-11-01 16:39:05.393 -0400] [INFO] [cadence.virtuoso.ade.simulationMonitor] - Peak memory used = 167 Mbytes. {"history": "ExplorerRun.0", "point": 1, "testname": "ECE4130_Project_SRAM_SIM_1", "cornername": "Nominal"}
[2024-11-01 16:39:05.396 -0400] [PROCESS] [cadence.virtuoso.ade.simulationMonitor] - Simulation started at: 4:39:04 PM, Fri Nov 1, 2024, ended at: 4:39:04 PM, Fri Nov 1, 2024, with elapsed time (wall clock): 360 ms. {"history": "ExplorerRun.0", "point": 1, "testname": "ECE4130_Project_SRAM_SIM_1", "cornername": "Nominal"}
[2024-11-01 16:39:05.396 -0400] [PROCESS] [cadence.virtuoso.ade.simulationMonitor] - spectre completes with 0 errors, 0 warnings, and 6 notices. {"history": "ExplorerRun.0", "point": 1, "testname": "ECE4130_Project_SRAM_SIM_1", "cornername": "Nominal"}
[2024-11-01 16:39:05.396 -0400] [PROCESS] [cadence.virtuoso.ade.simulationMonitor] - Finished simulating for one point {"hostname": "ece-linlab16.ece.gatech.edu", "processid": 1410623, "history": "ExplorerRun.0", "testname": "ECE4130_Project_SRAM_SIM_1", "cornername": "Nominal", "point": 1, "logfile": "/nethome/imix3/ECE4130_M/Project1/ECE6130_Updated/ECE6130_LAB/Cadence/logs_imix3/logs0/Job17.log", "simid": "1", "event": "finish", "category": "simulation"}
[2024-11-01 16:39:05.396 -0400] [PROCESS] [cadence.virtuoso.ade.simulationMonitor] - Simulator exited {"hostname": "ece-linlab16.ece.gatech.edu", "processid": 1410623, "history": "ExplorerRun.0", "testname": "ECE4130_Project_SRAM_SIM_1", "cornername": "Nominal", "point": 1, "logfile": "/nethome/imix3/ECE4130_M/Project1/ECE6130_Updated/ECE6130_LAB/Cadence/logs_imix3/logs0/Job17.log", "exitStatus": "0"}
[2024-11-01 16:39:05.396 -0400] [PROCESS] [cadence.virtuoso.ade.simulationMonitor] - Finished Simulation {"hostname": "ece-linlab16.ece.gatech.edu", "processid": 1410623, "history": "ExplorerRun.0", "testname": "ECE4130_Project_SRAM_SIM_1", "cornername": "Nominal", "point": 1, "logfile": "/nethome/imix3/ECE4130_M/Project1/ECE6130_Updated/ECE6130_LAB/Cadence/logs_imix3/logs0/Job17.log", "simid": "1", "event": "finish", "category": "obsolete"}
[2024-11-01 16:39:07.901 -0400] [PROCESS] [cadence.virtuoso.ade.simulationMonitor] - Point Finished {"hostname": "ece-linlab16.ece.gatech.edu", "processid": 1410623, "history": "ExplorerRun.0", "testname": "ECE4130_Project_SRAM_SIM_1", "cornername": "Nominal", "point": 1, "logfile": "/nethome/imix3/ECE4130_M/Project1/ECE6130_Updated/ECE6130_LAB/Cadence/logs_imix3/logs0/Job17.log", "event": "finish", "category": "sim-eval"}
[2024-11-01 16:39:08.903 -0400] [PROCESS] [cadence.virtuoso.ade.simulationMonitor] - Stay with the runId '0', Linger time '300', currentRunSyn '1', currentTestSyn '2' {"hostname": "ece-linlab16.ece.gatech.edu", "processid": 1410623, "history": "ExplorerRun.0", "testname": "ECE4130_Project_SRAM_SIM_1", "cornername": "Nominal", "point": 1, "logfile": "/nethome/imix3/ECE4130_M/Project1/ECE6130_Updated/ECE6130_LAB/Cadence/logs_imix3/logs0/Job17.log"}
[2024-11-01 16:43:16.390 -0400] [INFO] [cadence.virtuoso.ade.simulationMonitor] - SimulationMonitor has terminated the vds process '1410679', reason: 'Force to stop the expression evalutor process because of new run' {"history": "ExplorerRun.0", "point": 1, "testname": "ECE4130_Project_SRAM_SIM_1", "cornername": "Nominal"}
[2024-11-01 16:43:16.392 -0400] [PROCESS] [cadence.virtuoso.ade.simulationMonitor] - HostInfo:
Host name (type):	ece-linlab16.ece.gatech.edu (x86_64)
Operating system:	Linux 4.18.0-553.22.1.el8_10.x86_64 #1 SMP Wed Sep 11 18:02:00 EDT 2024 {"hostname": "ece-linlab16.ece.gatech.edu", "processid": 1410623, "history": "ExplorerRun.0", "testname": "ECE4130_Project_SRAM_SIM_1", "cornername": "Nominal", "point": 1, "logfile": "/nethome/imix3/ECE4130_M/Project1/ECE6130_Updated/ECE6130_LAB/Cadence/logs_imix3/logs0/Job17.log", "nodename": "ece-linlab16.ece.gatech.edu", "domainname": "(none)", "machine": "x86_64", "sysname": "Linux", "release": "4.18.0-553.22.1.el8_10.x86_64", "version": "#1 SMP Wed Sep 11 18:02:00 EDT 2024"}
[2024-11-01 16:43:16.392 -0400] [PROCESS] [cadence.virtuoso.ade.simulationMonitor] - UsageInfo:
pid=1410623
totalPhysicalMemory=15.098820GB,Used=14.640068GB,totalVirtualMemory=22.840027GB,Used=15.193851GB
Cpu: Cores=8, Load average:0.270000,0.320000,0.350000 {"hostname": "ece-linlab16.ece.gatech.edu", "processid": 1410623, "history": "ExplorerRun.0", "testname": "ECE4130_Project_SRAM_SIM_1", "cornername": "Nominal", "point": 1, "logfile": "/nethome/imix3/ECE4130_M/Project1/ECE6130_Updated/ECE6130_LAB/Cadence/logs_imix3/logs0/Job17.log", "pid": "1410623", "totalPhysicalMemory": "15.098820", "physicalMemoryUsed": "14.640068", "totalVirtualMemory": "22.840027", "virtualMemoryUsed": "15.193851", "cpuCores": "8", "processes": "3194", "loadAverage1": "0.270000", "loadAverage5": "0.320000", "loadAverage15": "0.350000", "loadAverage1Percent": "0.033750"}
[2024-11-01 16:43:16.397 -0400] [EVENT] [cadence.virtuoso.ade.simulationMonitor] - NewPoint {"history": "ExplorerRun.0", "point": 1, "testname": "ECE4130_Project_SRAM_SIM_1", "cornername": "Nominal", "event": "NewPoint", "EventSource": "Simulation Monitor", "HistoryName": "ExplorerRun.0", "logFile": "/nethome/imix3/ECE4130_M/Project1/ECE6130_Updated/ECE6130_LAB/Cadence/logs_imix3/logs0/Job17.log", "logFileSize": "15799", "category": "simulation"}
[2024-11-01 16:43:16.498 -0400] [EVENT] [cadence.virtuoso.ade.simulationMonitor] - NewPoint {"history": "ExplorerRun.0", "point": 1, "testname": "ECE4130_Project_SRAM_SIM_1", "cornername": "Nominal", "event": "NewPoint", "EventSource": "spectre", "HistoryName": "ExplorerRun.0", "logFile": "/nethome/imix3/simulation/ECE4130_Project/SRAM_SIM/maestro/results/maestro/ExplorerRun.0/1/ECE4130_Project_SRAM_SIM_1/psf/spectre.out", "logFileSize": "-1", "category": "simulation"}
[2024-11-01 16:43:16.676 -0400] [PROCESS] [cadence.virtuoso.ade.simulationMonitor] - Simulator launched {"hostname": "ece-linlab16.ece.gatech.edu", "processid": 1410623, "history": "ExplorerRun.0", "testname": "ECE4130_Project_SRAM_SIM_1", "cornername": "Nominal", "point": 1, "logfile": "/nethome/imix3/ECE4130_M/Project1/ECE6130_Updated/ECE6130_LAB/Cadence/logs_imix3/logs0/Job17.log", "simid": "2", "event": "launch", "category": "simulation"}
[2024-11-01 16:43:16.679 -0400] [PROCESS] [cadence.virtuoso.ade.simulationMonitor] - Expression evaluator launched {"hostname": "ece-linlab16.ece.gatech.edu", "processid": 1410623, "history": "ExplorerRun.0", "testname": "ECE4130_Project_SRAM_SIM_1", "cornername": "Nominal", "point": 1, "logfile": "/nethome/imix3/ECE4130_M/Project1/ECE6130_Updated/ECE6130_LAB/Cadence/logs_imix3/logs0/Job17.log"}
[2024-11-01 16:43:16.760 -0400] [PROCESS] [cadence.virtuoso.ade.simulationMonitor] - Started Simulation {"hostname": "ece-linlab16.ece.gatech.edu", "processid": 1410623, "history": "ExplorerRun.0", "testname": "ECE4130_Project_SRAM_SIM_1", "cornername": "Nominal", "point": 1, "logfile": "/nethome/imix3/ECE4130_M/Project1/ECE6130_Updated/ECE6130_LAB/Cadence/logs_imix3/logs0/Job17.log", "event": "start", "category": "simulation"}
[2024-11-01 16:43:17.260 -0400] [INFO] [cadence.virtuoso.ade.simulationMonitor] - Peak resident memory used = 146 Mbytes. {"history": "ExplorerRun.0", "point": 1, "testname": "ECE4130_Project_SRAM_SIM_1", "cornername": "Nominal"}
[2024-11-01 16:43:17.260 -0400] [INFO] [cadence.virtuoso.ade.simulationMonitor] - Peak resident memory used = 155 Mbytes. {"history": "ExplorerRun.0", "point": 1, "testname": "ECE4130_Project_SRAM_SIM_1", "cornername": "Nominal"}
[2024-11-01 16:43:17.260 -0400] [INFO] [cadence.virtuoso.ade.simulationMonitor] - Notice from spectre during hierarchy flattening.
    The value 'psf' specified for the 'checklimitdest' option will no longer be supported in future releases. Use 'spectre -h' to see other recommended values for the 'checklimitdest' option. {"history": "ExplorerRun.0", "point": 1, "testname": "ECE4130_Project_SRAM_SIM_1", "cornername": "Nominal"}
[2024-11-01 16:43:17.260 -0400] [INFO] [cadence.virtuoso.ade.simulationMonitor] - Peak resident memory used = 155 Mbytes. {"history": "ExplorerRun.0", "point": 1, "testname": "ECE4130_Project_SRAM_SIM_1", "cornername": "Nominal"}
[2024-11-01 16:43:17.260 -0400] [INFO] [cadence.virtuoso.ade.simulationMonitor] - Notice from spectre during initial setup.
    Multithreading is disabled due to the size of the design being too small. {"history": "ExplorerRun.0", "point": 1, "testname": "ECE4130_Project_SRAM_SIM_1", "cornername": "Nominal"}
[2024-11-01 16:43:17.266 -0400] [INFO] [cadence.virtuoso.ade.simulationMonitor] -               nodes 7 {"history": "ExplorerRun.0", "point": 1, "testname": "ECE4130_Project_SRAM_SIM_1", "cornername": "Nominal"}
[2024-11-01 16:43:17.266 -0400] [INFO] [cadence.virtuoso.ade.simulationMonitor] - Notice from spectre during initial setup.
    Protected devices exist and are not included in the circuit inventory.
    APS enabled. {"history": "ExplorerRun.0", "point": 1, "testname": "ECE4130_Project_SRAM_SIM_1", "cornername": "Nominal"}
[2024-11-01 16:43:17.266 -0400] [INFO] [cadence.virtuoso.ade.simulationMonitor] - Peak resident memory used = 159 Mbytes. {"history": "ExplorerRun.0", "point": 1, "testname": "ECE4130_Project_SRAM_SIM_1", "cornername": "Nominal"}
[2024-11-01 16:43:17.267 -0400] [INFO] [cadence.virtuoso.ade.simulationMonitor] -    -   (APS) Multi-threading. The recommended number of threads is 1, consider adding +mt=1 on command line. {"history": "ExplorerRun.0", "point": 1, "testname": "ECE4130_Project_SRAM_SIM_1", "cornername": "Nominal"}
[2024-11-01 16:43:17.267 -0400] [INFO] [cadence.virtuoso.ade.simulationMonitor] - Notice from spectre during transient analysis `tran'.
    Multithreading is disabled due to the size of the design being too small. {"history": "ExplorerRun.0", "point": 1, "testname": "ECE4130_Project_SRAM_SIM_1", "cornername": "Nominal"}
[2024-11-01 16:43:17.769 -0400] [INFO] [cadence.virtuoso.ade.simulationMonitor] - Intrinsic tran analysis time:    CPU = 71.397 ms, elapsed = 83.8521 ms. {"history": "ExplorerRun.0", "point": 1, "testname": "ECE4130_Project_SRAM_SIM_1", "cornername": "Nominal"}
[2024-11-01 16:43:17.769 -0400] [INFO] [cadence.virtuoso.ade.simulationMonitor] - Total time required for tran analysis `tran': CPU = 72.727 ms, elapsed = 87.5261 ms, util. = 83.1%. {"history": "ExplorerRun.0", "point": 1, "testname": "ECE4130_Project_SRAM_SIM_1", "cornername": "Nominal"}
[2024-11-01 16:43:17.769 -0400] [INFO] [cadence.virtuoso.ade.simulationMonitor] - Peak resident memory used = 166 Mbytes. {"history": "ExplorerRun.0", "point": 1, "testname": "ECE4130_Project_SRAM_SIM_1", "cornername": "Nominal"}
[2024-11-01 16:43:17.771 -0400] [INFO] [cadence.virtuoso.ade.simulationMonitor] - Time used: CPU = 232 ms, elapsed = 319 ms, util. = 72.7%. {"history": "ExplorerRun.0", "point": 1, "testname": "ECE4130_Project_SRAM_SIM_1", "cornername": "Nominal"}
[2024-11-01 16:43:17.771 -0400] [INFO] [cadence.virtuoso.ade.simulationMonitor] - Time spent in licensing: elapsed = 49 ms, percentage of total = 15.3%. {"history": "ExplorerRun.0", "point": 1, "testname": "ECE4130_Project_SRAM_SIM_1", "cornername": "Nominal"}
[2024-11-01 16:43:17.772 -0400] [INFO] [cadence.virtuoso.ade.simulationMonitor] - Peak memory used = 167 Mbytes. {"history": "ExplorerRun.0", "point": 1, "testname": "ECE4130_Project_SRAM_SIM_1", "cornername": "Nominal"}
[2024-11-01 16:43:17.775 -0400] [PROCESS] [cadence.virtuoso.ade.simulationMonitor] - Simulation started at: 4:43:16 PM, Fri Nov 1, 2024, ended at: 4:43:17 PM, Fri Nov 1, 2024, with elapsed time (wall clock): 319 ms. {"history": "ExplorerRun.0", "point": 1, "testname": "ECE4130_Project_SRAM_SIM_1", "cornername": "Nominal"}
[2024-11-01 16:43:17.775 -0400] [PROCESS] [cadence.virtuoso.ade.simulationMonitor] - spectre completes with 0 errors, 0 warnings, and 6 notices. {"history": "ExplorerRun.0", "point": 1, "testname": "ECE4130_Project_SRAM_SIM_1", "cornername": "Nominal"}
[2024-11-01 16:43:17.775 -0400] [PROCESS] [cadence.virtuoso.ade.simulationMonitor] - Finished simulating for one point {"hostname": "ece-linlab16.ece.gatech.edu", "processid": 1410623, "history": "ExplorerRun.0", "testname": "ECE4130_Project_SRAM_SIM_1", "cornername": "Nominal", "point": 1, "logfile": "/nethome/imix3/ECE4130_M/Project1/ECE6130_Updated/ECE6130_LAB/Cadence/logs_imix3/logs0/Job17.log", "simid": "2", "event": "finish", "category": "simulation"}
[2024-11-01 16:43:17.775 -0400] [PROCESS] [cadence.virtuoso.ade.simulationMonitor] - Simulator exited {"hostname": "ece-linlab16.ece.gatech.edu", "processid": 1410623, "history": "ExplorerRun.0", "testname": "ECE4130_Project_SRAM_SIM_1", "cornername": "Nominal", "point": 1, "logfile": "/nethome/imix3/ECE4130_M/Project1/ECE6130_Updated/ECE6130_LAB/Cadence/logs_imix3/logs0/Job17.log", "exitStatus": "0"}
[2024-11-01 16:43:17.775 -0400] [PROCESS] [cadence.virtuoso.ade.simulationMonitor] - Finished Simulation {"hostname": "ece-linlab16.ece.gatech.edu", "processid": 1410623, "history": "ExplorerRun.0", "testname": "ECE4130_Project_SRAM_SIM_1", "cornername": "Nominal", "point": 1, "logfile": "/nethome/imix3/ECE4130_M/Project1/ECE6130_Updated/ECE6130_LAB/Cadence/logs_imix3/logs0/Job17.log", "simid": "2", "event": "finish", "category": "obsolete"}
[2024-11-01 16:43:20.278 -0400] [PROCESS] [cadence.virtuoso.ade.simulationMonitor] - Point Finished {"hostname": "ece-linlab16.ece.gatech.edu", "processid": 1410623, "history": "ExplorerRun.0", "testname": "ECE4130_Project_SRAM_SIM_1", "cornername": "Nominal", "point": 1, "logfile": "/nethome/imix3/ECE4130_M/Project1/ECE6130_Updated/ECE6130_LAB/Cadence/logs_imix3/logs0/Job17.log", "event": "finish", "category": "sim-eval"}
[2024-11-01 16:44:51.116 -0400] [INFO] [cadence.virtuoso.ade.simulationMonitor] - SimulationMonitor has terminated the vds process '1413403', reason: 'Force to stop the expression evalutor process because of new run' {"history": "ExplorerRun.0", "point": 1, "testname": "ECE4130_Project_SRAM_SIM_1", "cornername": "Nominal"}
[2024-11-01 16:44:51.118 -0400] [PROCESS] [cadence.virtuoso.ade.simulationMonitor] - HostInfo:
Host name (type):	ece-linlab16.ece.gatech.edu (x86_64)
Operating system:	Linux 4.18.0-553.22.1.el8_10.x86_64 #1 SMP Wed Sep 11 18:02:00 EDT 2024 {"hostname": "ece-linlab16.ece.gatech.edu", "processid": 1410623, "history": "ExplorerRun.0", "testname": "ECE4130_Project_SRAM_SIM_1", "cornername": "Nominal", "point": 1, "logfile": "/nethome/imix3/ECE4130_M/Project1/ECE6130_Updated/ECE6130_LAB/Cadence/logs_imix3/logs0/Job17.log", "nodename": "ece-linlab16.ece.gatech.edu", "domainname": "(none)", "machine": "x86_64", "sysname": "Linux", "release": "4.18.0-553.22.1.el8_10.x86_64", "version": "#1 SMP Wed Sep 11 18:02:00 EDT 2024"}
[2024-11-01 16:44:51.118 -0400] [PROCESS] [cadence.virtuoso.ade.simulationMonitor] - UsageInfo:
pid=1410623
totalPhysicalMemory=15.098820GB,Used=14.539948GB,totalVirtualMemory=22.840027GB,Used=15.093731GB
Cpu: Cores=8, Load average:0.290000,0.290000,0.330000 {"hostname": "ece-linlab16.ece.gatech.edu", "processid": 1410623, "history": "ExplorerRun.0", "testname": "ECE4130_Project_SRAM_SIM_1", "cornername": "Nominal", "point": 1, "logfile": "/nethome/imix3/ECE4130_M/Project1/ECE6130_Updated/ECE6130_LAB/Cadence/logs_imix3/logs0/Job17.log", "pid": "1410623", "totalPhysicalMemory": "15.098820", "physicalMemoryUsed": "14.539948", "totalVirtualMemory": "22.840027", "virtualMemoryUsed": "15.093731", "cpuCores": "8", "processes": "3120", "loadAverage1": "0.290000", "loadAverage5": "0.290000", "loadAverage15": "0.330000", "loadAverage1Percent": "0.036250"}
[2024-11-01 16:44:51.126 -0400] [EVENT] [cadence.virtuoso.ade.simulationMonitor] - NewPoint {"history": "ExplorerRun.0", "point": 1, "testname": "ECE4130_Project_SRAM_SIM_1", "cornername": "Nominal", "event": "NewPoint", "EventSource": "Simulation Monitor", "HistoryName": "ExplorerRun.0", "logFile": "/nethome/imix3/ECE4130_M/Project1/ECE6130_Updated/ECE6130_LAB/Cadence/logs_imix3/logs0/Job17.log", "logFileSize": "26559", "category": "simulation"}
[2024-11-01 16:44:51.229 -0400] [EVENT] [cadence.virtuoso.ade.simulationMonitor] - NewPoint {"history": "ExplorerRun.0", "point": 1, "testname": "ECE4130_Project_SRAM_SIM_1", "cornername": "Nominal", "event": "NewPoint", "EventSource": "spectre", "HistoryName": "ExplorerRun.0", "logFile": "/nethome/imix3/simulation/ECE4130_Project/SRAM_SIM/maestro/results/maestro/ExplorerRun.0/1/ECE4130_Project_SRAM_SIM_1/psf/spectre.out", "logFileSize": "-1", "category": "simulation"}
[2024-11-01 16:44:51.402 -0400] [PROCESS] [cadence.virtuoso.ade.simulationMonitor] - Simulator launched {"hostname": "ece-linlab16.ece.gatech.edu", "processid": 1410623, "history": "ExplorerRun.0", "testname": "ECE4130_Project_SRAM_SIM_1", "cornername": "Nominal", "point": 1, "logfile": "/nethome/imix3/ECE4130_M/Project1/ECE6130_Updated/ECE6130_LAB/Cadence/logs_imix3/logs0/Job17.log", "simid": "3", "event": "launch", "category": "simulation"}
[2024-11-01 16:44:51.406 -0400] [PROCESS] [cadence.virtuoso.ade.simulationMonitor] - Expression evaluator launched {"hostname": "ece-linlab16.ece.gatech.edu", "processid": 1410623, "history": "ExplorerRun.0", "testname": "ECE4130_Project_SRAM_SIM_1", "cornername": "Nominal", "point": 1, "logfile": "/nethome/imix3/ECE4130_M/Project1/ECE6130_Updated/ECE6130_LAB/Cadence/logs_imix3/logs0/Job17.log"}
[2024-11-01 16:44:51.479 -0400] [PROCESS] [cadence.virtuoso.ade.simulationMonitor] - Started Simulation {"hostname": "ece-linlab16.ece.gatech.edu", "processid": 1410623, "history": "ExplorerRun.0", "testname": "ECE4130_Project_SRAM_SIM_1", "cornername": "Nominal", "point": 1, "logfile": "/nethome/imix3/ECE4130_M/Project1/ECE6130_Updated/ECE6130_LAB/Cadence/logs_imix3/logs0/Job17.log", "event": "start", "category": "simulation"}
[2024-11-01 16:44:51.979 -0400] [INFO] [cadence.virtuoso.ade.simulationMonitor] - Peak resident memory used = 147 Mbytes. {"history": "ExplorerRun.0", "point": 1, "testname": "ECE4130_Project_SRAM_SIM_1", "cornername": "Nominal"}
[2024-11-01 16:44:51.979 -0400] [INFO] [cadence.virtuoso.ade.simulationMonitor] - Peak resident memory used = 155 Mbytes. {"history": "ExplorerRun.0", "point": 1, "testname": "ECE4130_Project_SRAM_SIM_1", "cornername": "Nominal"}
[2024-11-01 16:44:51.979 -0400] [INFO] [cadence.virtuoso.ade.simulationMonitor] - Notice from spectre during hierarchy flattening.
    The value 'psf' specified for the 'checklimitdest' option will no longer be supported in future releases. Use 'spectre -h' to see other recommended values for the 'checklimitdest' option. {"history": "ExplorerRun.0", "point": 1, "testname": "ECE4130_Project_SRAM_SIM_1", "cornername": "Nominal"}
[2024-11-01 16:44:51.979 -0400] [INFO] [cadence.virtuoso.ade.simulationMonitor] - Peak resident memory used = 155 Mbytes. {"history": "ExplorerRun.0", "point": 1, "testname": "ECE4130_Project_SRAM_SIM_1", "cornername": "Nominal"}
[2024-11-01 16:44:51.979 -0400] [INFO] [cadence.virtuoso.ade.simulationMonitor] - Notice from spectre during initial setup.
    Multithreading is disabled due to the size of the design being too small. {"history": "ExplorerRun.0", "point": 1, "testname": "ECE4130_Project_SRAM_SIM_1", "cornername": "Nominal"}
[2024-11-01 16:44:51.986 -0400] [INFO] [cadence.virtuoso.ade.simulationMonitor] -               nodes 7 {"history": "ExplorerRun.0", "point": 1, "testname": "ECE4130_Project_SRAM_SIM_1", "cornername": "Nominal"}
[2024-11-01 16:44:51.986 -0400] [INFO] [cadence.virtuoso.ade.simulationMonitor] - Notice from spectre during initial setup.
    Protected devices exist and are not included in the circuit inventory.
    APS enabled. {"history": "ExplorerRun.0", "point": 1, "testname": "ECE4130_Project_SRAM_SIM_1", "cornername": "Nominal"}
[2024-11-01 16:44:51.987 -0400] [INFO] [cadence.virtuoso.ade.simulationMonitor] - Peak resident memory used = 159 Mbytes. {"history": "ExplorerRun.0", "point": 1, "testname": "ECE4130_Project_SRAM_SIM_1", "cornername": "Nominal"}
[2024-11-01 16:44:51.988 -0400] [INFO] [cadence.virtuoso.ade.simulationMonitor] -    -   (APS) Multi-threading. The recommended number of threads is 1, consider adding +mt=1 on command line. {"history": "ExplorerRun.0", "point": 1, "testname": "ECE4130_Project_SRAM_SIM_1", "cornername": "Nominal"}
[2024-11-01 16:44:51.988 -0400] [INFO] [cadence.virtuoso.ade.simulationMonitor] - Notice from spectre during transient analysis `tran'.
    Multithreading is disabled due to the size of the design being too small. {"history": "ExplorerRun.0", "point": 1, "testname": "ECE4130_Project_SRAM_SIM_1", "cornername": "Nominal"}
[2024-11-01 16:44:52.489 -0400] [INFO] [cadence.virtuoso.ade.simulationMonitor] - Intrinsic tran analysis time:    CPU = 92.371 ms, elapsed = 104.62 ms. {"history": "ExplorerRun.0", "point": 1, "testname": "ECE4130_Project_SRAM_SIM_1", "cornername": "Nominal"}
[2024-11-01 16:44:52.489 -0400] [INFO] [cadence.virtuoso.ade.simulationMonitor] - Total time required for tran analysis `tran': CPU = 93.744 ms, elapsed = 108.93 ms, util. = 86.1%. {"history": "ExplorerRun.0", "point": 1, "testname": "ECE4130_Project_SRAM_SIM_1", "cornername": "Nominal"}
[2024-11-01 16:44:52.489 -0400] [INFO] [cadence.virtuoso.ade.simulationMonitor] - Peak resident memory used = 166 Mbytes. {"history": "ExplorerRun.0", "point": 1, "testname": "ECE4130_Project_SRAM_SIM_1", "cornername": "Nominal"}
[2024-11-01 16:44:52.492 -0400] [INFO] [cadence.virtuoso.ade.simulationMonitor] - Time used: CPU = 254 ms, elapsed = 344 ms, util. = 73.8%. {"history": "ExplorerRun.0", "point": 1, "testname": "ECE4130_Project_SRAM_SIM_1", "cornername": "Nominal"}
[2024-11-01 16:44:52.492 -0400] [INFO] [cadence.virtuoso.ade.simulationMonitor] - Time spent in licensing: elapsed = 48.7 ms, percentage of total = 14.1%. {"history": "ExplorerRun.0", "point": 1, "testname": "ECE4130_Project_SRAM_SIM_1", "cornername": "Nominal"}
[2024-11-01 16:44:52.493 -0400] [INFO] [cadence.virtuoso.ade.simulationMonitor] - Peak memory used = 167 Mbytes. {"history": "ExplorerRun.0", "point": 1, "testname": "ECE4130_Project_SRAM_SIM_1", "cornername": "Nominal"}
[2024-11-01 16:44:52.495 -0400] [PROCESS] [cadence.virtuoso.ade.simulationMonitor] - Simulation started at: 4:44:51 PM, Fri Nov 1, 2024, ended at: 4:44:51 PM, Fri Nov 1, 2024, with elapsed time (wall clock): 344 ms. {"history": "ExplorerRun.0", "point": 1, "testname": "ECE4130_Project_SRAM_SIM_1", "cornername": "Nominal"}
[2024-11-01 16:44:52.495 -0400] [PROCESS] [cadence.virtuoso.ade.simulationMonitor] - spectre completes with 0 errors, 0 warnings, and 6 notices. {"history": "ExplorerRun.0", "point": 1, "testname": "ECE4130_Project_SRAM_SIM_1", "cornername": "Nominal"}
[2024-11-01 16:44:52.496 -0400] [PROCESS] [cadence.virtuoso.ade.simulationMonitor] - Finished simulating for one point {"hostname": "ece-linlab16.ece.gatech.edu", "processid": 1410623, "history": "ExplorerRun.0", "testname": "ECE4130_Project_SRAM_SIM_1", "cornername": "Nominal", "point": 1, "logfile": "/nethome/imix3/ECE4130_M/Project1/ECE6130_Updated/ECE6130_LAB/Cadence/logs_imix3/logs0/Job17.log", "simid": "3", "event": "finish", "category": "simulation"}
[2024-11-01 16:44:52.496 -0400] [PROCESS] [cadence.virtuoso.ade.simulationMonitor] - Simulator exited {"hostname": "ece-linlab16.ece.gatech.edu", "processid": 1410623, "history": "ExplorerRun.0", "testname": "ECE4130_Project_SRAM_SIM_1", "cornername": "Nominal", "point": 1, "logfile": "/nethome/imix3/ECE4130_M/Project1/ECE6130_Updated/ECE6130_LAB/Cadence/logs_imix3/logs0/Job17.log", "exitStatus": "0"}
[2024-11-01 16:44:52.496 -0400] [PROCESS] [cadence.virtuoso.ade.simulationMonitor] - Finished Simulation {"hostname": "ece-linlab16.ece.gatech.edu", "processid": 1410623, "history": "ExplorerRun.0", "testname": "ECE4130_Project_SRAM_SIM_1", "cornername": "Nominal", "point": 1, "logfile": "/nethome/imix3/ECE4130_M/Project1/ECE6130_Updated/ECE6130_LAB/Cadence/logs_imix3/logs0/Job17.log", "simid": "3", "event": "finish", "category": "obsolete"}
[2024-11-01 16:44:55.002 -0400] [PROCESS] [cadence.virtuoso.ade.simulationMonitor] - Point Finished {"hostname": "ece-linlab16.ece.gatech.edu", "processid": 1410623, "history": "ExplorerRun.0", "testname": "ECE4130_Project_SRAM_SIM_1", "cornername": "Nominal", "point": 1, "logfile": "/nethome/imix3/ECE4130_M/Project1/ECE6130_Updated/ECE6130_LAB/Cadence/logs_imix3/logs0/Job17.log", "event": "finish", "category": "sim-eval"}
[2024-11-01 16:44:56.004 -0400] [PROCESS] [cadence.virtuoso.ade.simulationMonitor] - Stay with the runId '2', Linger time '300', currentRunSyn '5', currentTestSyn '6' {"hostname": "ece-linlab16.ece.gatech.edu", "processid": 1410623, "history": "ExplorerRun.0", "testname": "ECE4130_Project_SRAM_SIM_1", "cornername": "Nominal", "point": 1, "logfile": "/nethome/imix3/ECE4130_M/Project1/ECE6130_Updated/ECE6130_LAB/Cadence/logs_imix3/logs0/Job17.log"}
[2024-11-01 16:49:55.557 -0400] [PROCESS] [cadence.virtuoso.ade.simulationMonitor] - Current memory used: 81.1211 MBytes, peak memory used: 81.1211 MBytes {"hostname": "ece-linlab16.ece.gatech.edu", "processid": 1410623, "history": "ExplorerRun.0", "testname": "ECE4130_Project_SRAM_SIM_1", "cornername": "Nominal", "point": 1, "logfile": "/nethome/imix3/ECE4130_M/Project1/ECE6130_Updated/ECE6130_LAB/Cadence/logs_imix3/logs0/Job17.log"}
[2024-11-01 16:49:55.557 -0400] [PROCESS] [cadence.virtuoso.ade.simulationMonitor] - Simulation Monitor process exits. {"hostname": "ece-linlab16.ece.gatech.edu", "processid": 1410623, "history": "ExplorerRun.0", "testname": "ECE4130_Project_SRAM_SIM_1", "cornername": "Nominal", "point": 1, "logfile": "/nethome/imix3/ECE4130_M/Project1/ECE6130_Updated/ECE6130_LAB/Cadence/logs_imix3/logs0/Job17.log"}
