[Simulation Monitor: 20]
[2024-11-01 17:09:31.482 -0400] [PROCESS] [cadence.virtuoso.ade.simulationMonitor] - Started the simulation monitor process {"hostname": "ece-linlab16.ece.gatech.edu", "processid": 1430500, "logfile": "/nethome/imix3/ECE4130_M/Project1/ECE6130_Updated/ECE6130_LAB/Cadence/logs_imix3/logs0/Job20.log", "simulation monitor command line": "/tools/software/cadence/ic/23.10.080/tools.lnx86/dfII/bin/64bit/spectreMonitor --davinciService DaVinciService_1335944_1730486132 --axlsession fnxSession6 -lscs 000175E1894CBE06FF0966E38F1FFC06BC4D3C9BE672FC068F4D6FA78410926AD0246DE6EE7DFC06867E66E38F1FFC06BC4D66E38F1FFC06BC4D01C6CC95BF8CDB6800001E8B -beanhost ece-linlab16.ece.gatech.edu -beanport 11859 -beanLogFile /nethome/imix3/ECE4130_M/Project1/ECE6130_Updated/ECE6130_LAB/Cadence/logs_imix3/logs0/amps_Job20.log -beanbinlog  --domain 0 --interactive yes --netlistOpt no --useMultiPointEvaluation yes --exprEvalShowJobStderr yes --evalSimParallel no --maxSims 0 --historyName ExplorerRun.0 --historyUUID  --exprEvaluator vds --mcMapping mc1.mapping --checkLogStatusInterval 0 --checkSimulatorLogTimeout 1200 --exprEvalMaxTries 3 --maxNFSSyncWait 60 -adeBrokerAddress ece-linlab16.ece.gatech.edu:39507 --fromADE true --virtuosoBinary virtuoso --guiDisplay ece-linlab16.ece.gatech.edu:3 --globalStatus 60 --evaluateMultiMC yes --evalOnSimFail SkipFailedAnalyses --numRetriesOnError 1 --fenixMode explorer --lingertimeout 300 -ahdlLockTimeout 60 --sdbLib ECE4130_Project --sdbCell SRAM_SIM --sdbView maestro --heartBeatFileDir /dev/shm --id 20 --uuid a36fdd78-eb7f-4c2d-bae9-39d99d8a3a5d --log /nethome/imix3/ECE4130_M/Project1/ECE6130_Updated/ECE6130_LAB/Cadence/logs_imix3/logs0/Job20.log "}
[2024-11-01 17:09:31.482 -0400] [PROCESS] [cadence.virtuoso.ade.simulationMonitor] - Started the simulation monitor process {"hostname": "ece-linlab16.ece.gatech.edu", "processid": 1430500, "logfile": "/nethome/imix3/ECE4130_M/Project1/ECE6130_Updated/ECE6130_LAB/Cadence/logs_imix3/logs0/Job20.log", "current directory": "/nethome/imix3/ECE4130_M/Project1/ECE6130_Updated/ECE6130_LAB/Cadence"}
[2024-11-01 17:09:31.482 -0400] [PROCESS] [cadence.virtuoso.ade.simulationMonitor] - Simulation Monitor has successfully started up. Trying to set up communication channels to other components ... {"hostname": "ece-linlab16.ece.gatech.edu", "processid": 1430500, "logfile": "/nethome/imix3/ECE4130_M/Project1/ECE6130_Updated/ECE6130_LAB/Cadence/logs_imix3/logs0/Job20.log"}
[2024-11-01 17:09:31.485 -0400] [PROCESS] [cadence.virtuoso.ade.simulationMonitor] - Communication channels have been successfully set up. Start processing events ... {"hostname": "ece-linlab16.ece.gatech.edu", "processid": 1430500, "logfile": "/nethome/imix3/ECE4130_M/Project1/ECE6130_Updated/ECE6130_LAB/Cadence/logs_imix3/logs0/Job20.log"}
[2024-11-01 17:09:31.485 -0400] [PROCESS] [cadence.virtuoso.ade.simulationMonitor] - Considering to start history {"hostname": "ece-linlab16.ece.gatech.edu", "processid": 1430500, "history": "ExplorerRun.0", "logfile": "/nethome/imix3/ECE4130_M/Project1/ECE6130_Updated/ECE6130_LAB/Cadence/logs_imix3/logs0/Job20.log"}
[2024-11-01 17:09:31.487 -0400] [PROCESS] [cadence.virtuoso.ade.simulationMonitor] - HostInfo:
Host name (type):	ece-linlab16.ece.gatech.edu (x86_64)
Operating system:	Linux 4.18.0-553.22.1.el8_10.x86_64 #1 SMP Wed Sep 11 18:02:00 EDT 2024 {"hostname": "ece-linlab16.ece.gatech.edu", "processid": 1430500, "history": "ExplorerRun.0", "logfile": "/nethome/imix3/ECE4130_M/Project1/ECE6130_Updated/ECE6130_LAB/Cadence/logs_imix3/logs0/Job20.log", "nodename": "ece-linlab16.ece.gatech.edu", "domainname": "(none)", "machine": "x86_64", "sysname": "Linux", "release": "4.18.0-553.22.1.el8_10.x86_64", "version": "#1 SMP Wed Sep 11 18:02:00 EDT 2024"}
[2024-11-01 17:09:31.487 -0400] [PROCESS] [cadence.virtuoso.ade.simulationMonitor] - UsageInfo:
pid=1430500
totalPhysicalMemory=15.098820GB,Used=14.596203GB,totalVirtualMemory=22.840027GB,Used=15.281113GB
Cpu: Cores=8, Load average:0.620000,0.410000,0.350000 {"hostname": "ece-linlab16.ece.gatech.edu", "processid": 1430500, "history": "ExplorerRun.0", "logfile": "/nethome/imix3/ECE4130_M/Project1/ECE6130_Updated/ECE6130_LAB/Cadence/logs_imix3/logs0/Job20.log", "pid": "1430500", "totalPhysicalMemory": "15.098820", "physicalMemoryUsed": "14.596203", "totalVirtualMemory": "22.840027", "virtualMemoryUsed": "15.281113", "cpuCores": "8", "processes": "3152", "loadAverage1": "0.620000", "loadAverage5": "0.410000", "loadAverage15": "0.350000", "loadAverage1Percent": "0.077500"}
[2024-11-01 17:09:31.496 -0400] [EVENT] [cadence.virtuoso.ade.simulationMonitor] - NewPoint {"history": "ExplorerRun.0", "point": 1, "testname": "ECE4130_Project_SRAM_SIM_1", "cornername": "Nominal", "event": "NewPoint", "EventSource": "Simulation Monitor", "HistoryName": "ExplorerRun.0", "logFile": "/nethome/imix3/ECE4130_M/Project1/ECE6130_Updated/ECE6130_LAB/Cadence/logs_imix3/logs0/Job20.log", "logFileSize": "4570", "category": "simulation"}
[2024-11-01 17:09:31.598 -0400] [EVENT] [cadence.virtuoso.ade.simulationMonitor] - NewPoint {"history": "ExplorerRun.0", "point": 1, "testname": "ECE4130_Project_SRAM_SIM_1", "cornername": "Nominal", "event": "NewPoint", "EventSource": "spectre", "HistoryName": "ExplorerRun.0", "logFile": "/nethome/imix3/simulation/ECE4130_Project/SRAM_SIM/maestro/results/maestro/ExplorerRun.0/1/ECE4130_Project_SRAM_SIM_1/psf/spectre.out", "logFileSize": "-1", "category": "simulation"}
[2024-11-01 17:09:31.794 -0400] [PROCESS] [cadence.virtuoso.ade.simulationMonitor] - Simulator launched {"hostname": "ece-linlab16.ece.gatech.edu", "processid": 1430500, "history": "ExplorerRun.0", "testname": "ECE4130_Project_SRAM_SIM_1", "cornername": "Nominal", "point": 1, "logfile": "/nethome/imix3/ECE4130_M/Project1/ECE6130_Updated/ECE6130_LAB/Cadence/logs_imix3/logs0/Job20.log", "simid": "1", "event": "launch", "category": "simulation"}
[2024-11-01 17:09:31.798 -0400] [PROCESS] [cadence.virtuoso.ade.simulationMonitor] - Expression evaluator launched {"hostname": "ece-linlab16.ece.gatech.edu", "processid": 1430500, "history": "ExplorerRun.0", "testname": "ECE4130_Project_SRAM_SIM_1", "cornername": "Nominal", "point": 1, "logfile": "/nethome/imix3/ECE4130_M/Project1/ECE6130_Updated/ECE6130_LAB/Cadence/logs_imix3/logs0/Job20.log"}
[2024-11-01 17:09:31.883 -0400] [PROCESS] [cadence.virtuoso.ade.simulationMonitor] - Started Simulation {"hostname": "ece-linlab16.ece.gatech.edu", "processid": 1430500, "history": "ExplorerRun.0", "testname": "ECE4130_Project_SRAM_SIM_1", "cornername": "Nominal", "point": 1, "logfile": "/nethome/imix3/ECE4130_M/Project1/ECE6130_Updated/ECE6130_LAB/Cadence/logs_imix3/logs0/Job20.log", "event": "start", "category": "simulation"}
[2024-11-01 17:09:32.383 -0400] [INFO] [cadence.virtuoso.ade.simulationMonitor] - Peak resident memory used = 145 Mbytes. {"history": "ExplorerRun.0", "point": 1, "testname": "ECE4130_Project_SRAM_SIM_1", "cornername": "Nominal"}
[2024-11-01 17:09:32.383 -0400] [INFO] [cadence.virtuoso.ade.simulationMonitor] - Peak resident memory used = 153 Mbytes. {"history": "ExplorerRun.0", "point": 1, "testname": "ECE4130_Project_SRAM_SIM_1", "cornername": "Nominal"}
[2024-11-01 17:09:32.383 -0400] [INFO] [cadence.virtuoso.ade.simulationMonitor] - Notice from spectre during hierarchy flattening.
    The value 'psf' specified for the 'checklimitdest' option will no longer be supported in future releases. Use 'spectre -h' to see other recommended values for the 'checklimitdest' option. {"history": "ExplorerRun.0", "point": 1, "testname": "ECE4130_Project_SRAM_SIM_1", "cornername": "Nominal"}
[2024-11-01 17:09:32.383 -0400] [INFO] [cadence.virtuoso.ade.simulationMonitor] - Peak resident memory used = 155 Mbytes. {"history": "ExplorerRun.0", "point": 1, "testname": "ECE4130_Project_SRAM_SIM_1", "cornername": "Nominal"}
[2024-11-01 17:09:32.383 -0400] [INFO] [cadence.virtuoso.ade.simulationMonitor] - Notice from spectre during initial setup.
    Multithreading is disabled due to the size of the design being too small. {"history": "ExplorerRun.0", "point": 1, "testname": "ECE4130_Project_SRAM_SIM_1", "cornername": "Nominal"}
[2024-11-01 17:09:32.388 -0400] [INFO] [cadence.virtuoso.ade.simulationMonitor] -               nodes 11 {"history": "ExplorerRun.0", "point": 1, "testname": "ECE4130_Project_SRAM_SIM_1", "cornername": "Nominal"}
[2024-11-01 17:09:32.388 -0400] [INFO] [cadence.virtuoso.ade.simulationMonitor] - Notice from spectre during initial setup.
    Protected devices exist and are not included in the circuit inventory.
    1 vsources are shorted because their absolute value is less than or equal to 'vabsshort'.
    APS enabled. {"history": "ExplorerRun.0", "point": 1, "testname": "ECE4130_Project_SRAM_SIM_1", "cornername": "Nominal"}
[2024-11-01 17:09:32.388 -0400] [INFO] [cadence.virtuoso.ade.simulationMonitor] - Peak resident memory used = 157 Mbytes. {"history": "ExplorerRun.0", "point": 1, "testname": "ECE4130_Project_SRAM_SIM_1", "cornername": "Nominal"}
[2024-11-01 17:09:32.389 -0400] [INFO] [cadence.virtuoso.ade.simulationMonitor] -    -   (APS) Multi-threading. The recommended number of threads is 1, consider adding +mt=1 on command line. {"history": "ExplorerRun.0", "point": 1, "testname": "ECE4130_Project_SRAM_SIM_1", "cornername": "Nominal"}
[2024-11-01 17:09:32.389 -0400] [INFO] [cadence.virtuoso.ade.simulationMonitor] - Notice from spectre during transient analysis `tran'.
    Multithreading is disabled due to the size of the design being too small. {"history": "ExplorerRun.0", "point": 1, "testname": "ECE4130_Project_SRAM_SIM_1", "cornername": "Nominal"}
[2024-11-01 17:09:32.890 -0400] [INFO] [cadence.virtuoso.ade.simulationMonitor] - Intrinsic tran analysis time:    CPU = 84.162 ms, elapsed = 100.99 ms. {"history": "ExplorerRun.0", "point": 1, "testname": "ECE4130_Project_SRAM_SIM_1", "cornername": "Nominal"}
[2024-11-01 17:09:32.890 -0400] [INFO] [cadence.virtuoso.ade.simulationMonitor] - Total time required for tran analysis `tran': CPU = 85.818 ms, elapsed = 106.225 ms, util. = 80.8%. {"history": "ExplorerRun.0", "point": 1, "testname": "ECE4130_Project_SRAM_SIM_1", "cornername": "Nominal"}
[2024-11-01 17:09:32.890 -0400] [INFO] [cadence.virtuoso.ade.simulationMonitor] - Peak resident memory used = 164 Mbytes. {"history": "ExplorerRun.0", "point": 1, "testname": "ECE4130_Project_SRAM_SIM_1", "cornername": "Nominal"}
[2024-11-01 17:09:32.893 -0400] [INFO] [cadence.virtuoso.ade.simulationMonitor] - Time used: CPU = 246 ms, elapsed = 386 ms, util. = 63.7%. {"history": "ExplorerRun.0", "point": 1, "testname": "ECE4130_Project_SRAM_SIM_1", "cornername": "Nominal"}
[2024-11-01 17:09:32.893 -0400] [INFO] [cadence.virtuoso.ade.simulationMonitor] - Time spent in licensing: elapsed = 52.8 ms, percentage of total = 13.7%. {"history": "ExplorerRun.0", "point": 1, "testname": "ECE4130_Project_SRAM_SIM_1", "cornername": "Nominal"}
[2024-11-01 17:09:32.894 -0400] [INFO] [cadence.virtuoso.ade.simulationMonitor] - Peak memory used = 166 Mbytes. {"history": "ExplorerRun.0", "point": 1, "testname": "ECE4130_Project_SRAM_SIM_1", "cornername": "Nominal"}
[2024-11-01 17:09:32.897 -0400] [PROCESS] [cadence.virtuoso.ade.simulationMonitor] - Simulation started at: 5:09:31 PM, Fri Nov 1, 2024, ended at: 5:09:32 PM, Fri Nov 1, 2024, with elapsed time (wall clock): 386 ms. {"history": "ExplorerRun.0", "point": 1, "testname": "ECE4130_Project_SRAM_SIM_1", "cornername": "Nominal"}
[2024-11-01 17:09:32.897 -0400] [PROCESS] [cadence.virtuoso.ade.simulationMonitor] - spectre completes with 0 errors, 0 warnings, and 7 notices. {"history": "ExplorerRun.0", "point": 1, "testname": "ECE4130_Project_SRAM_SIM_1", "cornername": "Nominal"}
[2024-11-01 17:09:32.897 -0400] [PROCESS] [cadence.virtuoso.ade.simulationMonitor] - Finished simulating for one point {"hostname": "ece-linlab16.ece.gatech.edu", "processid": 1430500, "history": "ExplorerRun.0", "testname": "ECE4130_Project_SRAM_SIM_1", "cornername": "Nominal", "point": 1, "logfile": "/nethome/imix3/ECE4130_M/Project1/ECE6130_Updated/ECE6130_LAB/Cadence/logs_imix3/logs0/Job20.log", "simid": "1", "event": "finish", "category": "simulation"}
[2024-11-01 17:09:32.897 -0400] [PROCESS] [cadence.virtuoso.ade.simulationMonitor] - Simulator exited {"hostname": "ece-linlab16.ece.gatech.edu", "processid": 1430500, "history": "ExplorerRun.0", "testname": "ECE4130_Project_SRAM_SIM_1", "cornername": "Nominal", "point": 1, "logfile": "/nethome/imix3/ECE4130_M/Project1/ECE6130_Updated/ECE6130_LAB/Cadence/logs_imix3/logs0/Job20.log", "exitStatus": "0"}
[2024-11-01 17:09:32.897 -0400] [PROCESS] [cadence.virtuoso.ade.simulationMonitor] - Finished Simulation {"hostname": "ece-linlab16.ece.gatech.edu", "processid": 1430500, "history": "ExplorerRun.0", "testname": "ECE4130_Project_SRAM_SIM_1", "cornername": "Nominal", "point": 1, "logfile": "/nethome/imix3/ECE4130_M/Project1/ECE6130_Updated/ECE6130_LAB/Cadence/logs_imix3/logs0/Job20.log", "simid": "1", "event": "finish", "category": "obsolete"}
[2024-11-01 17:09:35.902 -0400] [PROCESS] [cadence.virtuoso.ade.simulationMonitor] - Point Finished {"hostname": "ece-linlab16.ece.gatech.edu", "processid": 1430500, "history": "ExplorerRun.0", "testname": "ECE4130_Project_SRAM_SIM_1", "cornername": "Nominal", "point": 1, "logfile": "/nethome/imix3/ECE4130_M/Project1/ECE6130_Updated/ECE6130_LAB/Cadence/logs_imix3/logs0/Job20.log", "event": "finish", "category": "sim-eval"}
[2024-11-01 17:09:36.903 -0400] [PROCESS] [cadence.virtuoso.ade.simulationMonitor] - Stay with the runId '8', Linger time '300', currentRunSyn '17', currentTestSyn '18' {"hostname": "ece-linlab16.ece.gatech.edu", "processid": 1430500, "history": "ExplorerRun.0", "testname": "ECE4130_Project_SRAM_SIM_1", "cornername": "Nominal", "point": 1, "logfile": "/nethome/imix3/ECE4130_M/Project1/ECE6130_Updated/ECE6130_LAB/Cadence/logs_imix3/logs0/Job20.log"}
[2024-11-01 17:11:22.455 -0400] [INFO] [cadence.virtuoso.ade.simulationMonitor] - SimulationMonitor has terminated the vds process '1430562', reason: 'Force to stop the expression evalutor process because of new run' {"history": "ExplorerRun.0", "point": 1, "testname": "ECE4130_Project_SRAM_SIM_1", "cornername": "Nominal"}
[2024-11-01 17:11:22.456 -0400] [PROCESS] [cadence.virtuoso.ade.simulationMonitor] - HostInfo:
Host name (type):	ece-linlab16.ece.gatech.edu (x86_64)
Operating system:	Linux 4.18.0-553.22.1.el8_10.x86_64 #1 SMP Wed Sep 11 18:02:00 EDT 2024 {"hostname": "ece-linlab16.ece.gatech.edu", "processid": 1430500, "history": "ExplorerRun.0", "testname": "ECE4130_Project_SRAM_SIM_1", "cornername": "Nominal", "point": 1, "logfile": "/nethome/imix3/ECE4130_M/Project1/ECE6130_Updated/ECE6130_LAB/Cadence/logs_imix3/logs0/Job20.log", "nodename": "ece-linlab16.ece.gatech.edu", "domainname": "(none)", "machine": "x86_64", "sysname": "Linux", "release": "4.18.0-553.22.1.el8_10.x86_64", "version": "#1 SMP Wed Sep 11 18:02:00 EDT 2024"}
[2024-11-01 17:11:22.456 -0400] [PROCESS] [cadence.virtuoso.ade.simulationMonitor] - UsageInfo:
pid=1430500
totalPhysicalMemory=15.098820GB,Used=14.568382GB,totalVirtualMemory=22.840027GB,Used=15.253292GB
Cpu: Cores=8, Load average:0.380000,0.390000,0.350000 {"hostname": "ece-linlab16.ece.gatech.edu", "processid": 1430500, "history": "ExplorerRun.0", "testname": "ECE4130_Project_SRAM_SIM_1", "cornername": "Nominal", "point": 1, "logfile": "/nethome/imix3/ECE4130_M/Project1/ECE6130_Updated/ECE6130_LAB/Cadence/logs_imix3/logs0/Job20.log", "pid": "1430500", "totalPhysicalMemory": "15.098820", "physicalMemoryUsed": "14.568382", "totalVirtualMemory": "22.840027", "virtualMemoryUsed": "15.253292", "cpuCores": "8", "processes": "3129", "loadAverage1": "0.380000", "loadAverage5": "0.390000", "loadAverage15": "0.350000", "loadAverage1Percent": "0.047500"}
[2024-11-01 17:11:22.464 -0400] [EVENT] [cadence.virtuoso.ade.simulationMonitor] - NewPoint {"history": "ExplorerRun.0", "point": 1, "testname": "ECE4130_Project_SRAM_SIM_1", "cornername": "Nominal", "event": "NewPoint", "EventSource": "Simulation Monitor", "HistoryName": "ExplorerRun.0", "logFile": "/nethome/imix3/ECE4130_M/Project1/ECE6130_Updated/ECE6130_LAB/Cadence/logs_imix3/logs0/Job20.log", "logFileSize": "15878", "category": "simulation"}
[2024-11-01 17:11:22.566 -0400] [EVENT] [cadence.virtuoso.ade.simulationMonitor] - NewPoint {"history": "ExplorerRun.0", "point": 1, "testname": "ECE4130_Project_SRAM_SIM_1", "cornername": "Nominal", "event": "NewPoint", "EventSource": "spectre", "HistoryName": "ExplorerRun.0", "logFile": "/nethome/imix3/simulation/ECE4130_Project/SRAM_SIM/maestro/results/maestro/ExplorerRun.0/1/ECE4130_Project_SRAM_SIM_1/psf/spectre.out", "logFileSize": "-1", "category": "simulation"}
[2024-11-01 17:11:22.751 -0400] [PROCESS] [cadence.virtuoso.ade.simulationMonitor] - Simulator launched {"hostname": "ece-linlab16.ece.gatech.edu", "processid": 1430500, "history": "ExplorerRun.0", "testname": "ECE4130_Project_SRAM_SIM_1", "cornername": "Nominal", "point": 1, "logfile": "/nethome/imix3/ECE4130_M/Project1/ECE6130_Updated/ECE6130_LAB/Cadence/logs_imix3/logs0/Job20.log", "simid": "2", "event": "launch", "category": "simulation"}
[2024-11-01 17:11:22.755 -0400] [PROCESS] [cadence.virtuoso.ade.simulationMonitor] - Expression evaluator launched {"hostname": "ece-linlab16.ece.gatech.edu", "processid": 1430500, "history": "ExplorerRun.0", "testname": "ECE4130_Project_SRAM_SIM_1", "cornername": "Nominal", "point": 1, "logfile": "/nethome/imix3/ECE4130_M/Project1/ECE6130_Updated/ECE6130_LAB/Cadence/logs_imix3/logs0/Job20.log"}
[2024-11-01 17:11:22.833 -0400] [PROCESS] [cadence.virtuoso.ade.simulationMonitor] - Started Simulation {"hostname": "ece-linlab16.ece.gatech.edu", "processid": 1430500, "history": "ExplorerRun.0", "testname": "ECE4130_Project_SRAM_SIM_1", "cornername": "Nominal", "point": 1, "logfile": "/nethome/imix3/ECE4130_M/Project1/ECE6130_Updated/ECE6130_LAB/Cadence/logs_imix3/logs0/Job20.log", "event": "start", "category": "simulation"}
[2024-11-01 17:11:23.834 -0400] [INFO] [cadence.virtuoso.ade.simulationMonitor] - Peak resident memory used = 145 Mbytes. {"history": "ExplorerRun.0", "point": 1, "testname": "ECE4130_Project_SRAM_SIM_1", "cornername": "Nominal"}
[2024-11-01 17:11:23.834 -0400] [INFO] [cadence.virtuoso.ade.simulationMonitor] - Peak resident memory used = 153 Mbytes. {"history": "ExplorerRun.0", "point": 1, "testname": "ECE4130_Project_SRAM_SIM_1", "cornername": "Nominal"}
[2024-11-01 17:11:23.834 -0400] [INFO] [cadence.virtuoso.ade.simulationMonitor] - Notice from spectre during hierarchy flattening.
    The value 'psf' specified for the 'checklimitdest' option will no longer be supported in future releases. Use 'spectre -h' to see other recommended values for the 'checklimitdest' option. {"history": "ExplorerRun.0", "point": 1, "testname": "ECE4130_Project_SRAM_SIM_1", "cornername": "Nominal"}
[2024-11-01 17:11:23.834 -0400] [INFO] [cadence.virtuoso.ade.simulationMonitor] - Peak resident memory used = 155 Mbytes. {"history": "ExplorerRun.0", "point": 1, "testname": "ECE4130_Project_SRAM_SIM_1", "cornername": "Nominal"}
[2024-11-01 17:11:23.834 -0400] [INFO] [cadence.virtuoso.ade.simulationMonitor] - Notice from spectre during initial setup.
    Multithreading is disabled due to the size of the design being too small. {"history": "ExplorerRun.0", "point": 1, "testname": "ECE4130_Project_SRAM_SIM_1", "cornername": "Nominal"}
[2024-11-01 17:11:23.841 -0400] [INFO] [cadence.virtuoso.ade.simulationMonitor] -               nodes 11 {"history": "ExplorerRun.0", "point": 1, "testname": "ECE4130_Project_SRAM_SIM_1", "cornername": "Nominal"}
[2024-11-01 17:11:23.841 -0400] [INFO] [cadence.virtuoso.ade.simulationMonitor] - Notice from spectre during initial setup.
    Protected devices exist and are not included in the circuit inventory.
    1 vsources are shorted because their absolute value is less than or equal to 'vabsshort'.
    APS enabled. {"history": "ExplorerRun.0", "point": 1, "testname": "ECE4130_Project_SRAM_SIM_1", "cornername": "Nominal"}
[2024-11-01 17:11:23.841 -0400] [INFO] [cadence.virtuoso.ade.simulationMonitor] - Peak resident memory used = 157 Mbytes. {"history": "ExplorerRun.0", "point": 1, "testname": "ECE4130_Project_SRAM_SIM_1", "cornername": "Nominal"}
[2024-11-01 17:11:23.842 -0400] [INFO] [cadence.virtuoso.ade.simulationMonitor] -    -   (APS) Multi-threading. The recommended number of threads is 1, consider adding +mt=1 on command line. {"history": "ExplorerRun.0", "point": 1, "testname": "ECE4130_Project_SRAM_SIM_1", "cornername": "Nominal"}
[2024-11-01 17:11:23.842 -0400] [INFO] [cadence.virtuoso.ade.simulationMonitor] - Notice from spectre during transient analysis `tran'.
    Multithreading is disabled due to the size of the design being too small. {"history": "ExplorerRun.0", "point": 1, "testname": "ECE4130_Project_SRAM_SIM_1", "cornername": "Nominal"}
[2024-11-01 17:11:23.843 -0400] [INFO] [cadence.virtuoso.ade.simulationMonitor] - Intrinsic tran analysis time:    CPU = 84.485 ms, elapsed = 102.724 ms. {"history": "ExplorerRun.0", "point": 1, "testname": "ECE4130_Project_SRAM_SIM_1", "cornername": "Nominal"}
[2024-11-01 17:11:23.843 -0400] [INFO] [cadence.virtuoso.ade.simulationMonitor] - Total time required for tran analysis `tran': CPU = 86.075 ms, elapsed = 108.804 ms, util. = 79.1%. {"history": "ExplorerRun.0", "point": 1, "testname": "ECE4130_Project_SRAM_SIM_1", "cornername": "Nominal"}
[2024-11-01 17:11:23.843 -0400] [INFO] [cadence.virtuoso.ade.simulationMonitor] - Peak resident memory used = 164 Mbytes. {"history": "ExplorerRun.0", "point": 1, "testname": "ECE4130_Project_SRAM_SIM_1", "cornername": "Nominal"}
[2024-11-01 17:11:23.845 -0400] [INFO] [cadence.virtuoso.ade.simulationMonitor] - Time used: CPU = 247 ms, elapsed = 474 ms, util. = 52.1%. {"history": "ExplorerRun.0", "point": 1, "testname": "ECE4130_Project_SRAM_SIM_1", "cornername": "Nominal"}
[2024-11-01 17:11:23.845 -0400] [INFO] [cadence.virtuoso.ade.simulationMonitor] - Time spent in licensing: elapsed = 252 ms, percentage of total = 53.2%. {"history": "ExplorerRun.0", "point": 1, "testname": "ECE4130_Project_SRAM_SIM_1", "cornername": "Nominal"}
[2024-11-01 17:11:23.846 -0400] [INFO] [cadence.virtuoso.ade.simulationMonitor] - Peak memory used = 165 Mbytes. {"history": "ExplorerRun.0", "point": 1, "testname": "ECE4130_Project_SRAM_SIM_1", "cornername": "Nominal"}
[2024-11-01 17:11:23.849 -0400] [PROCESS] [cadence.virtuoso.ade.simulationMonitor] - Simulation started at: 5:11:22 PM, Fri Nov 1, 2024, ended at: 5:11:23 PM, Fri Nov 1, 2024, with elapsed time (wall clock): 474 ms. {"history": "ExplorerRun.0", "point": 1, "testname": "ECE4130_Project_SRAM_SIM_1", "cornername": "Nominal"}
[2024-11-01 17:11:23.849 -0400] [PROCESS] [cadence.virtuoso.ade.simulationMonitor] - spectre completes with 0 errors, 0 warnings, and 7 notices. {"history": "ExplorerRun.0", "point": 1, "testname": "ECE4130_Project_SRAM_SIM_1", "cornername": "Nominal"}
[2024-11-01 17:11:23.849 -0400] [PROCESS] [cadence.virtuoso.ade.simulationMonitor] - Finished simulating for one point {"hostname": "ece-linlab16.ece.gatech.edu", "processid": 1430500, "history": "ExplorerRun.0", "testname": "ECE4130_Project_SRAM_SIM_1", "cornername": "Nominal", "point": 1, "logfile": "/nethome/imix3/ECE4130_M/Project1/ECE6130_Updated/ECE6130_LAB/Cadence/logs_imix3/logs0/Job20.log", "simid": "2", "event": "finish", "category": "simulation"}
[2024-11-01 17:11:23.849 -0400] [PROCESS] [cadence.virtuoso.ade.simulationMonitor] - Simulator exited {"hostname": "ece-linlab16.ece.gatech.edu", "processid": 1430500, "history": "ExplorerRun.0", "testname": "ECE4130_Project_SRAM_SIM_1", "cornername": "Nominal", "point": 1, "logfile": "/nethome/imix3/ECE4130_M/Project1/ECE6130_Updated/ECE6130_LAB/Cadence/logs_imix3/logs0/Job20.log", "exitStatus": "0"}
[2024-11-01 17:11:23.849 -0400] [PROCESS] [cadence.virtuoso.ade.simulationMonitor] - Finished Simulation {"hostname": "ece-linlab16.ece.gatech.edu", "processid": 1430500, "history": "ExplorerRun.0", "testname": "ECE4130_Project_SRAM_SIM_1", "cornername": "Nominal", "point": 1, "logfile": "/nethome/imix3/ECE4130_M/Project1/ECE6130_Updated/ECE6130_LAB/Cadence/logs_imix3/logs0/Job20.log", "simid": "2", "event": "finish", "category": "obsolete"}
[2024-11-01 17:11:26.354 -0400] [PROCESS] [cadence.virtuoso.ade.simulationMonitor] - Point Finished {"hostname": "ece-linlab16.ece.gatech.edu", "processid": 1430500, "history": "ExplorerRun.0", "testname": "ECE4130_Project_SRAM_SIM_1", "cornername": "Nominal", "point": 1, "logfile": "/nethome/imix3/ECE4130_M/Project1/ECE6130_Updated/ECE6130_LAB/Cadence/logs_imix3/logs0/Job20.log", "event": "finish", "category": "sim-eval"}
[2024-11-01 17:14:12.302 -0400] [PROCESS] [cadence.virtuoso.ade.simulationMonitor] - get signal Terminated<15> from user:imix3, which pid:1430496:/tools/software/cadence/ic/latest/tools/bin/64bit/cdsServIpc {"hostname": "ece-linlab16.ece.gatech.edu", "processid": 1430500, "history": "ExplorerRun.0", "testname": "ECE4130_Project_SRAM_SIM_1", "cornername": "Nominal", "point": 1, "logfile": "/nethome/imix3/ECE4130_M/Project1/ECE6130_Updated/ECE6130_LAB/Cadence/logs_imix3/logs0/Job20.log", "signal": "15", "signalName": "Terminated", "which": "/tools/software/cadence/ic/latest/tools/bin/64bit/cdsServIpc", "pid": "1430496", "user": "imix3", "uid": "3184493"}
[2024-11-01 17:14:12.302 -0400] [INFO] [cadence.virtuoso.ade.simulationMonitor] - SimulationMonitor has terminated the  process '1431902', reason: 'simulationMonitor is handling signal 15' {"history": "ExplorerRun.0", "point": 1, "testname": "ECE4130_Project_SRAM_SIM_1", "cornername": "Nominal"}
