[Simulation Monitor: 3]
[2024-11-01 11:17:10.190 -0400] [PROCESS] [cadence.virtuoso.ade.simulationMonitor] - Started the simulation monitor process {"hostname": "ece-linlab15.ece.gatech.edu", "processid": 1447113, "logfile": "/nethome/imix3/ECE4130_M/Project1/ECE6130_Updated/ECE6130_LAB/Cadence/logs_imix3/logs0/Job3.log", "simulation monitor command line": "/tools/software/cadence/ic/23.10.080/tools.lnx86/dfII/bin/64bit/spectreMonitor --davinciService DaVinciService_1430605_1730473267 --axlsession fnxSession0 -lscs 000175E1894CBE06FF0966E38F1FFC06BC4D3C9BE672FC068F4D6FA78410926AD0246DE7EE7DFC06867C66E38F1FFC06BC4D66E38F1FFC06BC4D01C77FEA0CF3DB6900001E84 -beanhost ece-linlab15.ece.gatech.edu -beanport 11478 -beanLogFile /nethome/imix3/ECE4130_M/Project1/ECE6130_Updated/ECE6130_LAB/Cadence/logs_imix3/logs0/amps_Job3.log -beanbinlog  --domain 0 --interactive yes --netlistOpt no --useMultiPointEvaluation yes --exprEvalShowJobStderr yes --evalSimParallel no --maxSims 0 --exprEvaluator vds --mcMapping mc1.mapping --checkLogStatusInterval 0 --checkSimulatorLogTimeout 1200 --exprEvalMaxTries 3 --maxNFSSyncWait 60 -adeBrokerAddress ece-linlab15.ece.gatech.edu:44705 --fromADE true --virtuosoBinary virtuoso --guiDisplay ece-linlab15.ece.gatech.edu:1 --globalStatus 60 --evaluateMultiMC yes --evalOnSimFail SkipFailedAnalyses --numRetriesOnError 1 --fenixMode explorer --lingertimeout 300 -ahdlLockTimeout 60 --sdbLib ECE4130_Project --sdbCell nor3 --sdbView maestro --heartBeatFileDir /dev/shm --id 3 --uuid acc8e304-547b-43ef-ab21-64b060fad1ca --log /nethome/imix3/ECE4130_M/Project1/ECE6130_Updated/ECE6130_LAB/Cadence/logs_imix3/logs0/Job3.log "}
[2024-11-01 11:17:10.190 -0400] [PROCESS] [cadence.virtuoso.ade.simulationMonitor] - Started the simulation monitor process {"hostname": "ece-linlab15.ece.gatech.edu", "processid": 1447113, "logfile": "/nethome/imix3/ECE4130_M/Project1/ECE6130_Updated/ECE6130_LAB/Cadence/logs_imix3/logs0/Job3.log", "current directory": "/nethome/imix3/ECE4130_M/Project1/ECE6130_Updated/ECE6130_LAB/Cadence"}
[2024-11-01 11:17:10.190 -0400] [PROCESS] [cadence.virtuoso.ade.simulationMonitor] - Simulation Monitor has successfully started up. Trying to set up communication channels to other components ... {"hostname": "ece-linlab15.ece.gatech.edu", "processid": 1447113, "logfile": "/nethome/imix3/ECE4130_M/Project1/ECE6130_Updated/ECE6130_LAB/Cadence/logs_imix3/logs0/Job3.log"}
[2024-11-01 11:17:10.193 -0400] [PROCESS] [cadence.virtuoso.ade.simulationMonitor] - Communication channels have been successfully set up. Start processing events ... {"hostname": "ece-linlab15.ece.gatech.edu", "processid": 1447113, "logfile": "/nethome/imix3/ECE4130_M/Project1/ECE6130_Updated/ECE6130_LAB/Cadence/logs_imix3/logs0/Job3.log"}
[2024-11-01 11:17:10.194 -0400] [PROCESS] [cadence.virtuoso.ade.simulationMonitor] - Started History {"hostname": "ece-linlab15.ece.gatech.edu", "processid": 1447113, "history": "ExplorerRun.0", "testname": "ECE4130_Project_nor3_1", "cornername": "Nominal", "point": 1, "logfile": "/nethome/imix3/ECE4130_M/Project1/ECE6130_Updated/ECE6130_LAB/Cadence/logs_imix3/logs0/Job3.log"}
[2024-11-01 11:17:10.195 -0400] [PROCESS] [cadence.virtuoso.ade.simulationMonitor] - HostInfo:
Host name (type):	ece-linlab15.ece.gatech.edu (x86_64)
Operating system:	Linux 4.18.0-553.22.1.el8_10.x86_64 #1 SMP Wed Sep 11 18:02:00 EDT 2024 {"hostname": "ece-linlab15.ece.gatech.edu", "processid": 1447113, "history": "ExplorerRun.0", "testname": "ECE4130_Project_nor3_1", "cornername": "Nominal", "point": 1, "logfile": "/nethome/imix3/ECE4130_M/Project1/ECE6130_Updated/ECE6130_LAB/Cadence/logs_imix3/logs0/Job3.log", "nodename": "ece-linlab15.ece.gatech.edu", "domainname": "(none)", "machine": "x86_64", "sysname": "Linux", "release": "4.18.0-553.22.1.el8_10.x86_64", "version": "#1 SMP Wed Sep 11 18:02:00 EDT 2024"}
[2024-11-01 11:17:10.195 -0400] [PROCESS] [cadence.virtuoso.ade.simulationMonitor] - UsageInfo:
pid=1447113
totalPhysicalMemory=15.098824GB,Used=14.334476GB,totalVirtualMemory=22.837101GB,Used=14.595566GB
Cpu: Cores=8, Load average:0.280000,0.330000,0.360000 {"hostname": "ece-linlab15.ece.gatech.edu", "processid": 1447113, "history": "ExplorerRun.0", "testname": "ECE4130_Project_nor3_1", "cornername": "Nominal", "point": 1, "logfile": "/nethome/imix3/ECE4130_M/Project1/ECE6130_Updated/ECE6130_LAB/Cadence/logs_imix3/logs0/Job3.log", "pid": "1447113", "totalPhysicalMemory": "15.098824", "physicalMemoryUsed": "14.334476", "totalVirtualMemory": "22.837101", "virtualMemoryUsed": "14.595566", "cpuCores": "8", "processes": "1633", "loadAverage1": "0.280000", "loadAverage5": "0.330000", "loadAverage15": "0.360000", "loadAverage1Percent": "0.035000"}
[2024-11-01 11:17:10.200 -0400] [EVENT] [cadence.virtuoso.ade.simulationMonitor] - NewPoint {"history": "ExplorerRun.0", "point": 1, "testname": "ECE4130_Project_nor3_1", "cornername": "Nominal", "event": "NewPoint", "EventSource": "Simulation Monitor", "HistoryName": "ExplorerRun.0", "logFile": "/nethome/imix3/ECE4130_M/Project1/ECE6130_Updated/ECE6130_LAB/Cadence/logs_imix3/logs0/Job3.log", "logFileSize": "4724", "category": "simulation"}
[2024-11-01 11:17:10.301 -0400] [EVENT] [cadence.virtuoso.ade.simulationMonitor] - NewPoint {"history": "ExplorerRun.0", "point": 1, "testname": "ECE4130_Project_nor3_1", "cornername": "Nominal", "event": "NewPoint", "EventSource": "spectre", "HistoryName": "ExplorerRun.0", "logFile": "/nethome/imix3/simulation/ECE4130_Project/nor3/maestro/results/maestro/ExplorerRun.0/1/ECE4130_Project_nor3_1/psf/spectre.out", "logFileSize": "-1", "category": "simulation"}
[2024-11-01 11:17:10.470 -0400] [PROCESS] [cadence.virtuoso.ade.simulationMonitor] - Simulator launched {"hostname": "ece-linlab15.ece.gatech.edu", "processid": 1447113, "history": "ExplorerRun.0", "testname": "ECE4130_Project_nor3_1", "cornername": "Nominal", "point": 1, "logfile": "/nethome/imix3/ECE4130_M/Project1/ECE6130_Updated/ECE6130_LAB/Cadence/logs_imix3/logs0/Job3.log", "simid": "1", "event": "launch", "category": "simulation"}
[2024-11-01 11:17:10.473 -0400] [PROCESS] [cadence.virtuoso.ade.simulationMonitor] - Expression evaluator launched {"hostname": "ece-linlab15.ece.gatech.edu", "processid": 1447113, "history": "ExplorerRun.0", "testname": "ECE4130_Project_nor3_1", "cornername": "Nominal", "point": 1, "logfile": "/nethome/imix3/ECE4130_M/Project1/ECE6130_Updated/ECE6130_LAB/Cadence/logs_imix3/logs0/Job3.log"}
[2024-11-01 11:17:10.516 -0400] [PROCESS] [cadence.virtuoso.ade.simulationMonitor] - Started Simulation {"hostname": "ece-linlab15.ece.gatech.edu", "processid": 1447113, "history": "ExplorerRun.0", "testname": "ECE4130_Project_nor3_1", "cornername": "Nominal", "point": 1, "logfile": "/nethome/imix3/ECE4130_M/Project1/ECE6130_Updated/ECE6130_LAB/Cadence/logs_imix3/logs0/Job3.log", "event": "start", "category": "simulation"}
[2024-11-01 11:17:11.016 -0400] [INFO] [cadence.virtuoso.ade.simulationMonitor] - Peak resident memory used = 167 Mbytes. {"history": "ExplorerRun.0", "point": 1, "testname": "ECE4130_Project_nor3_1", "cornername": "Nominal"}
[2024-11-01 11:17:11.016 -0400] [INFO] [cadence.virtuoso.ade.simulationMonitor] - Peak resident memory used = 176 Mbytes. {"history": "ExplorerRun.0", "point": 1, "testname": "ECE4130_Project_nor3_1", "cornername": "Nominal"}
[2024-11-01 11:17:11.016 -0400] [INFO] [cadence.virtuoso.ade.simulationMonitor] - Notice from spectre during hierarchy flattening.
    The value 'psf' specified for the 'checklimitdest' option will no longer be supported in future releases. Use 'spectre -h' to see other recommended values for the 'checklimitdest' option. {"history": "ExplorerRun.0", "point": 1, "testname": "ECE4130_Project_nor3_1", "cornername": "Nominal"}
[2024-11-01 11:17:11.016 -0400] [INFO] [cadence.virtuoso.ade.simulationMonitor] - Peak resident memory used = 176 Mbytes. {"history": "ExplorerRun.0", "point": 1, "testname": "ECE4130_Project_nor3_1", "cornername": "Nominal"}
[2024-11-01 11:17:11.016 -0400] [INFO] [cadence.virtuoso.ade.simulationMonitor] - Notice from spectre during initial setup.
    Multithreading is disabled due to the size of the design being too small. {"history": "ExplorerRun.0", "point": 1, "testname": "ECE4130_Project_nor3_1", "cornername": "Nominal"}
[2024-11-01 11:17:11.022 -0400] [INFO] [cadence.virtuoso.ade.simulationMonitor] -               nodes 7 {"history": "ExplorerRun.0", "point": 1, "testname": "ECE4130_Project_nor3_1", "cornername": "Nominal"}
[2024-11-01 11:17:11.022 -0400] [INFO] [cadence.virtuoso.ade.simulationMonitor] - Notice from spectre during initial setup.
    Protected devices exist and are not included in the circuit inventory.
    APS enabled. {"history": "ExplorerRun.0", "point": 1, "testname": "ECE4130_Project_nor3_1", "cornername": "Nominal"}
[2024-11-01 11:17:11.022 -0400] [INFO] [cadence.virtuoso.ade.simulationMonitor] - Peak resident memory used = 178 Mbytes. {"history": "ExplorerRun.0", "point": 1, "testname": "ECE4130_Project_nor3_1", "cornername": "Nominal"}
[2024-11-01 11:17:11.023 -0400] [INFO] [cadence.virtuoso.ade.simulationMonitor] -    -   (APS) Multi-threading. The recommended number of threads is 1, consider adding +mt=1 on command line. {"history": "ExplorerRun.0", "point": 1, "testname": "ECE4130_Project_nor3_1", "cornername": "Nominal"}
[2024-11-01 11:17:11.023 -0400] [INFO] [cadence.virtuoso.ade.simulationMonitor] - Notice from spectre during transient analysis `tran'.
    Multithreading is disabled due to the size of the design being too small. {"history": "ExplorerRun.0", "point": 1, "testname": "ECE4130_Project_nor3_1", "cornername": "Nominal"}
[2024-11-01 11:17:11.024 -0400] [INFO] [cadence.virtuoso.ade.simulationMonitor] - Intrinsic tran analysis time:    CPU = 8.191 ms, elapsed = 20.489 ms. {"history": "ExplorerRun.0", "point": 1, "testname": "ECE4130_Project_nor3_1", "cornername": "Nominal"}
[2024-11-01 11:17:11.024 -0400] [INFO] [cadence.virtuoso.ade.simulationMonitor] - Total time required for tran analysis `tran': CPU = 9.443 ms, elapsed = 24.5481 ms, util. = 38.5%. {"history": "ExplorerRun.0", "point": 1, "testname": "ECE4130_Project_nor3_1", "cornername": "Nominal"}
[2024-11-01 11:17:11.024 -0400] [INFO] [cadence.virtuoso.ade.simulationMonitor] - Peak resident memory used = 187 Mbytes. {"history": "ExplorerRun.0", "point": 1, "testname": "ECE4130_Project_nor3_1", "cornername": "Nominal"}
[2024-11-01 11:17:11.527 -0400] [INFO] [cadence.virtuoso.ade.simulationMonitor] - Time used: CPU = 145 ms, elapsed = 263 ms, util. = 55.1%. {"history": "ExplorerRun.0", "point": 1, "testname": "ECE4130_Project_nor3_1", "cornername": "Nominal"}
[2024-11-01 11:17:11.527 -0400] [INFO] [cadence.virtuoso.ade.simulationMonitor] - Time spent in licensing: elapsed = 49.3 ms, percentage of total = 18.8%. {"history": "ExplorerRun.0", "point": 1, "testname": "ECE4130_Project_nor3_1", "cornername": "Nominal"}
[2024-11-01 11:17:11.528 -0400] [INFO] [cadence.virtuoso.ade.simulationMonitor] - Peak memory used = 188 Mbytes. {"history": "ExplorerRun.0", "point": 1, "testname": "ECE4130_Project_nor3_1", "cornername": "Nominal"}
[2024-11-01 11:17:11.530 -0400] [PROCESS] [cadence.virtuoso.ade.simulationMonitor] - Simulation started at: 11:17:10 AM, Fri Nov 1, 2024, ended at: 11:17:10 AM, Fri Nov 1, 2024, with elapsed time (wall clock): 263 ms. {"history": "ExplorerRun.0", "point": 1, "testname": "ECE4130_Project_nor3_1", "cornername": "Nominal"}
[2024-11-01 11:17:11.530 -0400] [PROCESS] [cadence.virtuoso.ade.simulationMonitor] - spectre completes with 0 errors, 0 warnings, and 6 notices. {"history": "ExplorerRun.0", "point": 1, "testname": "ECE4130_Project_nor3_1", "cornername": "Nominal"}
[2024-11-01 11:17:11.530 -0400] [PROCESS] [cadence.virtuoso.ade.simulationMonitor] - Finished simulating for one point {"hostname": "ece-linlab15.ece.gatech.edu", "processid": 1447113, "history": "ExplorerRun.0", "testname": "ECE4130_Project_nor3_1", "cornername": "Nominal", "point": 1, "logfile": "/nethome/imix3/ECE4130_M/Project1/ECE6130_Updated/ECE6130_LAB/Cadence/logs_imix3/logs0/Job3.log", "simid": "1", "event": "finish", "category": "simulation"}
[2024-11-01 11:17:11.530 -0400] [PROCESS] [cadence.virtuoso.ade.simulationMonitor] - Simulator exited {"hostname": "ece-linlab15.ece.gatech.edu", "processid": 1447113, "history": "ExplorerRun.0", "testname": "ECE4130_Project_nor3_1", "cornername": "Nominal", "point": 1, "logfile": "/nethome/imix3/ECE4130_M/Project1/ECE6130_Updated/ECE6130_LAB/Cadence/logs_imix3/logs0/Job3.log", "exitStatus": "0"}
[2024-11-01 11:17:11.530 -0400] [PROCESS] [cadence.virtuoso.ade.simulationMonitor] - Finished Simulation {"hostname": "ece-linlab15.ece.gatech.edu", "processid": 1447113, "history": "ExplorerRun.0", "testname": "ECE4130_Project_nor3_1", "cornername": "Nominal", "point": 1, "logfile": "/nethome/imix3/ECE4130_M/Project1/ECE6130_Updated/ECE6130_LAB/Cadence/logs_imix3/logs0/Job3.log", "simid": "1", "event": "finish", "category": "obsolete"}
[2024-11-01 11:17:14.033 -0400] [PROCESS] [cadence.virtuoso.ade.simulationMonitor] - Point Finished {"hostname": "ece-linlab15.ece.gatech.edu", "processid": 1447113, "history": "ExplorerRun.0", "testname": "ECE4130_Project_nor3_1", "cornername": "Nominal", "point": 1, "logfile": "/nethome/imix3/ECE4130_M/Project1/ECE6130_Updated/ECE6130_LAB/Cadence/logs_imix3/logs0/Job3.log", "event": "finish", "category": "sim-eval"}
[2024-11-01 11:19:53.570 -0400] [INFO] [cadence.virtuoso.ade.simulationMonitor] - SimulationMonitor has terminated the vds process '1447169', reason: 'Force to stop the expression evalutor process because of new run' {"history": "ExplorerRun.0", "point": 1, "testname": "ECE4130_Project_nor3_1", "cornername": "Nominal"}
[2024-11-01 11:19:53.571 -0400] [PROCESS] [cadence.virtuoso.ade.simulationMonitor] - HostInfo:
Host name (type):	ece-linlab15.ece.gatech.edu (x86_64)
Operating system:	Linux 4.18.0-553.22.1.el8_10.x86_64 #1 SMP Wed Sep 11 18:02:00 EDT 2024 {"hostname": "ece-linlab15.ece.gatech.edu", "processid": 1447113, "history": "ExplorerRun.0", "testname": "ECE4130_Project_nor3_1", "cornername": "Nominal", "point": 1, "logfile": "/nethome/imix3/ECE4130_M/Project1/ECE6130_Updated/ECE6130_LAB/Cadence/logs_imix3/logs0/Job3.log", "nodename": "ece-linlab15.ece.gatech.edu", "domainname": "(none)", "machine": "x86_64", "sysname": "Linux", "release": "4.18.0-553.22.1.el8_10.x86_64", "version": "#1 SMP Wed Sep 11 18:02:00 EDT 2024"}
[2024-11-01 11:19:53.571 -0400] [PROCESS] [cadence.virtuoso.ade.simulationMonitor] - UsageInfo:
pid=1447113
totalPhysicalMemory=15.098824GB,Used=14.333260GB,totalVirtualMemory=22.837101GB,Used=14.594349GB
Cpu: Cores=8, Load average:0.490000,0.360000,0.360000 {"hostname": "ece-linlab15.ece.gatech.edu", "processid": 1447113, "history": "ExplorerRun.0", "testname": "ECE4130_Project_nor3_1", "cornername": "Nominal", "point": 1, "logfile": "/nethome/imix3/ECE4130_M/Project1/ECE6130_Updated/ECE6130_LAB/Cadence/logs_imix3/logs0/Job3.log", "pid": "1447113", "totalPhysicalMemory": "15.098824", "physicalMemoryUsed": "14.333260", "totalVirtualMemory": "22.837101", "virtualMemoryUsed": "14.594349", "cpuCores": "8", "processes": "1635", "loadAverage1": "0.490000", "loadAverage5": "0.360000", "loadAverage15": "0.360000", "loadAverage1Percent": "0.061250"}
[2024-11-01 11:19:53.576 -0400] [EVENT] [cadence.virtuoso.ade.simulationMonitor] - NewPoint {"history": "ExplorerRun.0", "point": 1, "testname": "ECE4130_Project_nor3_1", "cornername": "Nominal", "event": "NewPoint", "EventSource": "Simulation Monitor", "HistoryName": "ExplorerRun.0", "logFile": "/nethome/imix3/ECE4130_M/Project1/ECE6130_Updated/ECE6130_LAB/Cadence/logs_imix3/logs0/Job3.log", "logFileSize": "15346", "category": "simulation"}
[2024-11-01 11:19:53.678 -0400] [EVENT] [cadence.virtuoso.ade.simulationMonitor] - NewPoint {"history": "ExplorerRun.0", "point": 1, "testname": "ECE4130_Project_nor3_1", "cornername": "Nominal", "event": "NewPoint", "EventSource": "spectre", "HistoryName": "ExplorerRun.0", "logFile": "/nethome/imix3/simulation/ECE4130_Project/nor3/maestro/results/maestro/ExplorerRun.0/1/ECE4130_Project_nor3_1/psf/spectre.out", "logFileSize": "-1", "category": "simulation"}
[2024-11-01 11:19:53.848 -0400] [PROCESS] [cadence.virtuoso.ade.simulationMonitor] - Simulator launched {"hostname": "ece-linlab15.ece.gatech.edu", "processid": 1447113, "history": "ExplorerRun.0", "testname": "ECE4130_Project_nor3_1", "cornername": "Nominal", "point": 1, "logfile": "/nethome/imix3/ECE4130_M/Project1/ECE6130_Updated/ECE6130_LAB/Cadence/logs_imix3/logs0/Job3.log", "simid": "2", "event": "launch", "category": "simulation"}
[2024-11-01 11:19:53.854 -0400] [PROCESS] [cadence.virtuoso.ade.simulationMonitor] - Expression evaluator launched {"hostname": "ece-linlab15.ece.gatech.edu", "processid": 1447113, "history": "ExplorerRun.0", "testname": "ECE4130_Project_nor3_1", "cornername": "Nominal", "point": 1, "logfile": "/nethome/imix3/ECE4130_M/Project1/ECE6130_Updated/ECE6130_LAB/Cadence/logs_imix3/logs0/Job3.log"}
[2024-11-01 11:19:53.896 -0400] [PROCESS] [cadence.virtuoso.ade.simulationMonitor] - Started Simulation {"hostname": "ece-linlab15.ece.gatech.edu", "processid": 1447113, "history": "ExplorerRun.0", "testname": "ECE4130_Project_nor3_1", "cornername": "Nominal", "point": 1, "logfile": "/nethome/imix3/ECE4130_M/Project1/ECE6130_Updated/ECE6130_LAB/Cadence/logs_imix3/logs0/Job3.log", "event": "start", "category": "simulation"}
[2024-11-01 11:19:54.396 -0400] [INFO] [cadence.virtuoso.ade.simulationMonitor] - Peak resident memory used = 162 Mbytes. {"history": "ExplorerRun.0", "point": 1, "testname": "ECE4130_Project_nor3_1", "cornername": "Nominal"}
[2024-11-01 11:19:54.396 -0400] [INFO] [cadence.virtuoso.ade.simulationMonitor] - Peak resident memory used = 171 Mbytes. {"history": "ExplorerRun.0", "point": 1, "testname": "ECE4130_Project_nor3_1", "cornername": "Nominal"}
[2024-11-01 11:19:54.396 -0400] [INFO] [cadence.virtuoso.ade.simulationMonitor] - Notice from spectre during hierarchy flattening.
    The value 'psf' specified for the 'checklimitdest' option will no longer be supported in future releases. Use 'spectre -h' to see other recommended values for the 'checklimitdest' option. {"history": "ExplorerRun.0", "point": 1, "testname": "ECE4130_Project_nor3_1", "cornername": "Nominal"}
[2024-11-01 11:19:54.396 -0400] [INFO] [cadence.virtuoso.ade.simulationMonitor] - Peak resident memory used = 171 Mbytes. {"history": "ExplorerRun.0", "point": 1, "testname": "ECE4130_Project_nor3_1", "cornername": "Nominal"}
[2024-11-01 11:19:54.396 -0400] [INFO] [cadence.virtuoso.ade.simulationMonitor] - Notice from spectre during initial setup.
    Multithreading is disabled due to the size of the design being too small. {"history": "ExplorerRun.0", "point": 1, "testname": "ECE4130_Project_nor3_1", "cornername": "Nominal"}
[2024-11-01 11:19:54.401 -0400] [INFO] [cadence.virtuoso.ade.simulationMonitor] -               nodes 7 {"history": "ExplorerRun.0", "point": 1, "testname": "ECE4130_Project_nor3_1", "cornername": "Nominal"}
[2024-11-01 11:19:54.401 -0400] [INFO] [cadence.virtuoso.ade.simulationMonitor] - Notice from spectre during initial setup.
    Protected devices exist and are not included in the circuit inventory.
    APS enabled. {"history": "ExplorerRun.0", "point": 1, "testname": "ECE4130_Project_nor3_1", "cornername": "Nominal"}
[2024-11-01 11:19:54.401 -0400] [INFO] [cadence.virtuoso.ade.simulationMonitor] - Peak resident memory used = 173 Mbytes. {"history": "ExplorerRun.0", "point": 1, "testname": "ECE4130_Project_nor3_1", "cornername": "Nominal"}
[2024-11-01 11:19:54.402 -0400] [INFO] [cadence.virtuoso.ade.simulationMonitor] -    -   (APS) Multi-threading. The recommended number of threads is 1, consider adding +mt=1 on command line. {"history": "ExplorerRun.0", "point": 1, "testname": "ECE4130_Project_nor3_1", "cornername": "Nominal"}
[2024-11-01 11:19:54.402 -0400] [INFO] [cadence.virtuoso.ade.simulationMonitor] - Notice from spectre during transient analysis `tran'.
    Multithreading is disabled due to the size of the design being too small. {"history": "ExplorerRun.0", "point": 1, "testname": "ECE4130_Project_nor3_1", "cornername": "Nominal"}
[2024-11-01 11:19:54.403 -0400] [INFO] [cadence.virtuoso.ade.simulationMonitor] - Intrinsic tran analysis time:    CPU = 28.124 ms, elapsed = 38.842 ms. {"history": "ExplorerRun.0", "point": 1, "testname": "ECE4130_Project_nor3_1", "cornername": "Nominal"}
[2024-11-01 11:19:54.903 -0400] [INFO] [cadence.virtuoso.ade.simulationMonitor] - Total time required for tran analysis `tran': CPU = 29.663 ms, elapsed = 50.055 ms, util. = 59.3%. {"history": "ExplorerRun.0", "point": 1, "testname": "ECE4130_Project_nor3_1", "cornername": "Nominal"}
[2024-11-01 11:19:54.903 -0400] [INFO] [cadence.virtuoso.ade.simulationMonitor] - Peak resident memory used = 182 Mbytes. {"history": "ExplorerRun.0", "point": 1, "testname": "ECE4130_Project_nor3_1", "cornername": "Nominal"}
[2024-11-01 11:19:54.906 -0400] [INFO] [cadence.virtuoso.ade.simulationMonitor] - Time used: CPU = 170 ms, elapsed = 301 ms, util. = 56.5%. {"history": "ExplorerRun.0", "point": 1, "testname": "ECE4130_Project_nor3_1", "cornername": "Nominal"}
[2024-11-01 11:19:54.906 -0400] [INFO] [cadence.virtuoso.ade.simulationMonitor] - Time spent in licensing: elapsed = 49.3 ms, percentage of total = 16.4%. {"history": "ExplorerRun.0", "point": 1, "testname": "ECE4130_Project_nor3_1", "cornername": "Nominal"}
[2024-11-01 11:19:54.906 -0400] [INFO] [cadence.virtuoso.ade.simulationMonitor] - Peak memory used = 183 Mbytes. {"history": "ExplorerRun.0", "point": 1, "testname": "ECE4130_Project_nor3_1", "cornername": "Nominal"}
[2024-11-01 11:19:54.909 -0400] [PROCESS] [cadence.virtuoso.ade.simulationMonitor] - Simulation started at: 11:19:54 AM, Fri Nov 1, 2024, ended at: 11:19:54 AM, Fri Nov 1, 2024, with elapsed time (wall clock): 301 ms. {"history": "ExplorerRun.0", "point": 1, "testname": "ECE4130_Project_nor3_1", "cornername": "Nominal"}
[2024-11-01 11:19:54.909 -0400] [PROCESS] [cadence.virtuoso.ade.simulationMonitor] - spectre completes with 0 errors, 0 warnings, and 6 notices. {"history": "ExplorerRun.0", "point": 1, "testname": "ECE4130_Project_nor3_1", "cornername": "Nominal"}
[2024-11-01 11:19:54.909 -0400] [PROCESS] [cadence.virtuoso.ade.simulationMonitor] - Finished simulating for one point {"hostname": "ece-linlab15.ece.gatech.edu", "processid": 1447113, "history": "ExplorerRun.0", "testname": "ECE4130_Project_nor3_1", "cornername": "Nominal", "point": 1, "logfile": "/nethome/imix3/ECE4130_M/Project1/ECE6130_Updated/ECE6130_LAB/Cadence/logs_imix3/logs0/Job3.log", "simid": "2", "event": "finish", "category": "simulation"}
[2024-11-01 11:19:54.909 -0400] [PROCESS] [cadence.virtuoso.ade.simulationMonitor] - Simulator exited {"hostname": "ece-linlab15.ece.gatech.edu", "processid": 1447113, "history": "ExplorerRun.0", "testname": "ECE4130_Project_nor3_1", "cornername": "Nominal", "point": 1, "logfile": "/nethome/imix3/ECE4130_M/Project1/ECE6130_Updated/ECE6130_LAB/Cadence/logs_imix3/logs0/Job3.log", "exitStatus": "0"}
[2024-11-01 11:19:54.909 -0400] [PROCESS] [cadence.virtuoso.ade.simulationMonitor] - Finished Simulation {"hostname": "ece-linlab15.ece.gatech.edu", "processid": 1447113, "history": "ExplorerRun.0", "testname": "ECE4130_Project_nor3_1", "cornername": "Nominal", "point": 1, "logfile": "/nethome/imix3/ECE4130_M/Project1/ECE6130_Updated/ECE6130_LAB/Cadence/logs_imix3/logs0/Job3.log", "simid": "2", "event": "finish", "category": "obsolete"}
[2024-11-01 11:19:57.412 -0400] [PROCESS] [cadence.virtuoso.ade.simulationMonitor] - Point Finished {"hostname": "ece-linlab15.ece.gatech.edu", "processid": 1447113, "history": "ExplorerRun.0", "testname": "ECE4130_Project_nor3_1", "cornername": "Nominal", "point": 1, "logfile": "/nethome/imix3/ECE4130_M/Project1/ECE6130_Updated/ECE6130_LAB/Cadence/logs_imix3/logs0/Job3.log", "event": "finish", "category": "sim-eval"}
[2024-11-01 11:19:58.414 -0400] [PROCESS] [cadence.virtuoso.ade.simulationMonitor] - Stay with the runId '2', Linger time '300', currentRunSyn '5', currentTestSyn '6' {"hostname": "ece-linlab15.ece.gatech.edu", "processid": 1447113, "history": "ExplorerRun.0", "testname": "ECE4130_Project_nor3_1", "cornername": "Nominal", "point": 1, "logfile": "/nethome/imix3/ECE4130_M/Project1/ECE6130_Updated/ECE6130_LAB/Cadence/logs_imix3/logs0/Job3.log"}
[2024-11-01 11:20:41.315 -0400] [PROCESS] [cadence.virtuoso.ade.simulationMonitor] - get signal Terminated<15> from user:imix3, which pid:1447109:/tools/software/cadence/ic/latest/tools/bin/64bit/cdsServIpc {"hostname": "ece-linlab15.ece.gatech.edu", "processid": 1447113, "history": "ExplorerRun.0", "testname": "ECE4130_Project_nor3_1", "cornername": "Nominal", "point": 1, "logfile": "/nethome/imix3/ECE4130_M/Project1/ECE6130_Updated/ECE6130_LAB/Cadence/logs_imix3/logs0/Job3.log", "signal": "15", "signalName": "Terminated", "which": "/tools/software/cadence/ic/latest/tools/bin/64bit/cdsServIpc", "pid": "1447109", "user": "imix3", "uid": "3184493"}
[2024-11-01 11:20:41.315 -0400] [INFO] [cadence.virtuoso.ade.simulationMonitor] - SimulationMonitor has terminated the  process '1448845', reason: 'simulationMonitor is handling signal 15' {"history": "ExplorerRun.0", "point": 1, "testname": "ECE4130_Project_nor3_1", "cornername": "Nominal"}
