[Simulation Monitor: 6]
[2024-11-01 11:40:16.137 -0400] [PROCESS] [cadence.virtuoso.ade.simulationMonitor] - Started the simulation monitor process {"hostname": "ece-linlab15.ece.gatech.edu", "processid": 1460606, "logfile": "/nethome/imix3/ECE4130_M/Project1/ECE6130_Updated/ECE6130_LAB/Cadence/logs_imix3/logs0/Job6.log", "simulation monitor command line": "/tools/software/cadence/ic/23.10.080/tools.lnx86/dfII/bin/64bit/spectreMonitor --davinciService DaVinciService_1430605_1730473267 --axlsession fnxSession2 -lscs 000175E1894CBE06FF0966E38F1FFC06BC4D3C9BE672FC068F4D6FA78410926AD0246DE7EE7DFC06867C66E38F1FFC06BC4D66E38F1FFC06BC4D01C779400A59DB6900001E48 -beanhost ece-linlab15.ece.gatech.edu -beanport 11478 -beanLogFile /nethome/imix3/ECE4130_M/Project1/ECE6130_Updated/ECE6130_LAB/Cadence/logs_imix3/logs0/amps_Job6.log -beanbinlog  --domain 0 --interactive yes --netlistOpt no --useMultiPointEvaluation yes --exprEvalShowJobStderr yes --evalSimParallel no --maxSims 0 --historyName ExplorerRun.0 --historyUUID  --exprEvaluator vds --mcMapping mc1.mapping --checkLogStatusInterval 0 --checkSimulatorLogTimeout 1200 --exprEvalMaxTries 3 --maxNFSSyncWait 60 -adeBrokerAddress ece-linlab15.ece.gatech.edu:44705 --statdbType h5v2 --fromADE true --virtuosoBinary virtuoso --guiDisplay ece-linlab15.ece.gatech.edu:1 --globalStatus 60 --evaluateMultiMC yes --evalOnSimFail SkipFailedAnalyses --numRetriesOnError 1 --fenixMode explorer --lingertimeout 300 -ahdlLockTimeout 60 --sdbLib ECE4130_Project --sdbCell 2to4DecoderEnable --sdbView maestro --heartBeatFileDir /dev/shm --id 6 --uuid 54e57791-725c-4d78-98d1-713bfbee6669 --log /nethome/imix3/ECE4130_M/Project1/ECE6130_Updated/ECE6130_LAB/Cadence/logs_imix3/logs0/Job6.log "}
[2024-11-01 11:40:16.138 -0400] [PROCESS] [cadence.virtuoso.ade.simulationMonitor] - Started the simulation monitor process {"hostname": "ece-linlab15.ece.gatech.edu", "processid": 1460606, "logfile": "/nethome/imix3/ECE4130_M/Project1/ECE6130_Updated/ECE6130_LAB/Cadence/logs_imix3/logs0/Job6.log", "current directory": "/nethome/imix3/ECE4130_M/Project1/ECE6130_Updated/ECE6130_LAB/Cadence"}
[2024-11-01 11:40:16.138 -0400] [PROCESS] [cadence.virtuoso.ade.simulationMonitor] - Simulation Monitor has successfully started up. Trying to set up communication channels to other components ... {"hostname": "ece-linlab15.ece.gatech.edu", "processid": 1460606, "logfile": "/nethome/imix3/ECE4130_M/Project1/ECE6130_Updated/ECE6130_LAB/Cadence/logs_imix3/logs0/Job6.log"}
[2024-11-01 11:40:16.141 -0400] [PROCESS] [cadence.virtuoso.ade.simulationMonitor] - Communication channels have been successfully set up. Start processing events ... {"hostname": "ece-linlab15.ece.gatech.edu", "processid": 1460606, "logfile": "/nethome/imix3/ECE4130_M/Project1/ECE6130_Updated/ECE6130_LAB/Cadence/logs_imix3/logs0/Job6.log"}
[2024-11-01 11:40:16.141 -0400] [PROCESS] [cadence.virtuoso.ade.simulationMonitor] - Considering to start history {"hostname": "ece-linlab15.ece.gatech.edu", "processid": 1460606, "history": "ExplorerRun.0", "logfile": "/nethome/imix3/ECE4130_M/Project1/ECE6130_Updated/ECE6130_LAB/Cadence/logs_imix3/logs0/Job6.log"}
[2024-11-01 11:40:16.143 -0400] [PROCESS] [cadence.virtuoso.ade.simulationMonitor] - HostInfo:
Host name (type):	ece-linlab15.ece.gatech.edu (x86_64)
Operating system:	Linux 4.18.0-553.22.1.el8_10.x86_64 #1 SMP Wed Sep 11 18:02:00 EDT 2024 {"hostname": "ece-linlab15.ece.gatech.edu", "processid": 1460606, "history": "ExplorerRun.0", "logfile": "/nethome/imix3/ECE4130_M/Project1/ECE6130_Updated/ECE6130_LAB/Cadence/logs_imix3/logs0/Job6.log", "nodename": "ece-linlab15.ece.gatech.edu", "domainname": "(none)", "machine": "x86_64", "sysname": "Linux", "release": "4.18.0-553.22.1.el8_10.x86_64", "version": "#1 SMP Wed Sep 11 18:02:00 EDT 2024"}
[2024-11-01 11:40:16.143 -0400] [PROCESS] [cadence.virtuoso.ade.simulationMonitor] - UsageInfo:
pid=1460606
totalPhysicalMemory=15.098824GB,Used=14.641785GB,totalVirtualMemory=22.837101GB,Used=14.911423GB
Cpu: Cores=8, Load average:0.410000,0.370000,0.370000 {"hostname": "ece-linlab15.ece.gatech.edu", "processid": 1460606, "history": "ExplorerRun.0", "logfile": "/nethome/imix3/ECE4130_M/Project1/ECE6130_Updated/ECE6130_LAB/Cadence/logs_imix3/logs0/Job6.log", "pid": "1460606", "totalPhysicalMemory": "15.098824", "physicalMemoryUsed": "14.641785", "totalVirtualMemory": "22.837101", "virtualMemoryUsed": "14.911423", "cpuCores": "8", "processes": "1692", "loadAverage1": "0.410000", "loadAverage5": "0.370000", "loadAverage15": "0.370000", "loadAverage1Percent": "0.051250"}
[2024-11-01 11:40:16.156 -0400] [EVENT] [cadence.virtuoso.ade.simulationMonitor] - NewPoint {"history": "ExplorerRun.0", "point": 1, "testname": "ECE4130_Project_2to4DecoderEnable_1", "cornername": "Nominal", "event": "NewPoint", "EventSource": "Simulation Monitor", "HistoryName": "ExplorerRun.0", "logFile": "/nethome/imix3/ECE4130_M/Project1/ECE6130_Updated/ECE6130_LAB/Cadence/logs_imix3/logs0/Job6.log", "logFileSize": "4586", "category": "simulation"}
[2024-11-01 11:40:16.258 -0400] [EVENT] [cadence.virtuoso.ade.simulationMonitor] - NewPoint {"history": "ExplorerRun.0", "point": 1, "testname": "ECE4130_Project_2to4DecoderEnable_1", "cornername": "Nominal", "event": "NewPoint", "EventSource": "spectre", "HistoryName": "ExplorerRun.0", "logFile": "/nethome/imix3/simulation/ECE4130_Project/2to4DecoderEnable/maestro/results/maestro/ExplorerRun.0/1/ECE4130_Project_2to4DecoderEnable_1/psf/spectre.out", "logFileSize": "-1", "category": "simulation"}
[2024-11-01 11:40:16.403 -0400] [PROCESS] [cadence.virtuoso.ade.simulationMonitor] - Simulator launched {"hostname": "ece-linlab15.ece.gatech.edu", "processid": 1460606, "history": "ExplorerRun.0", "testname": "ECE4130_Project_2to4DecoderEnable_1", "cornername": "Nominal", "point": 1, "logfile": "/nethome/imix3/ECE4130_M/Project1/ECE6130_Updated/ECE6130_LAB/Cadence/logs_imix3/logs0/Job6.log", "simid": "1", "event": "launch", "category": "simulation"}
[2024-11-01 11:40:16.409 -0400] [PROCESS] [cadence.virtuoso.ade.simulationMonitor] - Expression evaluator launched {"hostname": "ece-linlab15.ece.gatech.edu", "processid": 1460606, "history": "ExplorerRun.0", "testname": "ECE4130_Project_2to4DecoderEnable_1", "cornername": "Nominal", "point": 1, "logfile": "/nethome/imix3/ECE4130_M/Project1/ECE6130_Updated/ECE6130_LAB/Cadence/logs_imix3/logs0/Job6.log"}
[2024-11-01 11:40:16.453 -0400] [PROCESS] [cadence.virtuoso.ade.simulationMonitor] - Started Simulation {"hostname": "ece-linlab15.ece.gatech.edu", "processid": 1460606, "history": "ExplorerRun.0", "testname": "ECE4130_Project_2to4DecoderEnable_1", "cornername": "Nominal", "point": 1, "logfile": "/nethome/imix3/ECE4130_M/Project1/ECE6130_Updated/ECE6130_LAB/Cadence/logs_imix3/logs0/Job6.log", "event": "start", "category": "simulation"}
[2024-11-01 11:40:16.953 -0400] [ERROR] [cadence.virtuoso.ade.simulationMonitor] -     ERROR (SFE-868): "input.scs" 11: Cannot open the input file '/nethome/smin63/ECE4130/ECE6130_Updated/ECE6130_LAB/Cadence/INC/NMOS_THKOX.inc' because either the file name or the directory specified is invalid. Ensure that the specified file exists and the path to the file is valid. Alternatively, use the -I <path> command-line option to specify the path to the file and rerun the simulation. {"history": "ExplorerRun.0", "point": 1, "testname": "ECE4130_Project_2to4DecoderEnable_1", "cornername": "Nominal"}
[2024-11-01 11:40:16.954 -0400] [ERROR] [cadence.virtuoso.ade.simulationMonitor] -     ERROR (SFE-868): "input.scs" 12: Cannot open the input file '/nethome/smin63/ECE4130/ECE6130_Updated/ECE6130_LAB/Cadence/INC/NMOS_VTG.inc' because either the file name or the directory specified is invalid. Ensure that the specified file exists and the path to the file is valid. Alternatively, use the -I <path> command-line option to specify the path to the file and rerun the simulation. {"history": "ExplorerRun.0", "point": 1, "testname": "ECE4130_Project_2to4DecoderEnable_1", "cornername": "Nominal"}
[2024-11-01 11:40:16.954 -0400] [ERROR] [cadence.virtuoso.ade.simulationMonitor] -     ERROR (SFE-868): "input.scs" 13: Cannot open the input file '/nethome/smin63/ECE4130/ECE6130_Updated/ECE6130_LAB/Cadence/INC/NMOS_VTH.inc' because either the file name or the directory specified is invalid. Ensure that the specified file exists and the path to the file is valid. Alternatively, use the -I <path> command-line option to specify the path to the file and rerun the simulation. {"history": "ExplorerRun.0", "point": 1, "testname": "ECE4130_Project_2to4DecoderEnable_1", "cornername": "Nominal"}
[2024-11-01 11:40:16.954 -0400] [ERROR] [cadence.virtuoso.ade.simulationMonitor] -     ERROR (SFE-868): "input.scs" 14: Cannot open the input file '/nethome/smin63/ECE4130/ECE6130_Updated/ECE6130_LAB/Cadence/INC/NMOS_VTL.inc' because either the file name or the directory specified is invalid. Ensure that the specified file exists and the path to the file is valid. Alternatively, use the -I <path> command-line option to specify the path to the file and rerun the simulation. {"history": "ExplorerRun.0", "point": 1, "testname": "ECE4130_Project_2to4DecoderEnable_1", "cornername": "Nominal"}
[2024-11-01 11:40:16.954 -0400] [ERROR] [cadence.virtuoso.ade.simulationMonitor] -     ERROR (SFE-868): "input.scs" 15: Cannot open the input file '/nethome/smin63/ECE4130/ECE6130_Updated/ECE6130_LAB/Cadence/INC/PMOS_THKOX.inc' because either the file name or the directory specified is invalid. Ensure that the specified file exists and the path to the file is valid. Alternatively, use the -I <path> command-line option to specify the path to the file and rerun the simulation. {"history": "ExplorerRun.0", "point": 1, "testname": "ECE4130_Project_2to4DecoderEnable_1", "cornername": "Nominal"}
[2024-11-01 11:40:16.954 -0400] [ERROR] [cadence.virtuoso.ade.simulationMonitor] -     ERROR (SFE-868): "input.scs" 16: Cannot open the input file '/nethome/smin63/ECE4130/ECE6130_Updated/ECE6130_LAB/Cadence/INC/PMOS_VTG.inc' because either the file name or the directory specified is invalid. Ensure that the specified file exists and the path to the file is valid. Alternatively, use the -I <path> command-line option to specify the path to the file and rerun the simulation. {"history": "ExplorerRun.0", "point": 1, "testname": "ECE4130_Project_2to4DecoderEnable_1", "cornername": "Nominal"}
[2024-11-01 11:40:16.954 -0400] [ERROR] [cadence.virtuoso.ade.simulationMonitor] -     ERROR (SFE-868): "input.scs" 17: Cannot open the input file '/nethome/smin63/ECE4130/ECE6130_Updated/ECE6130_LAB/Cadence/INC/PMOS_VTH.inc' because either the file name or the directory specified is invalid. Ensure that the specified file exists and the path to the file is valid. Alternatively, use the -I <path> command-line option to specify the path to the file and rerun the simulation. {"history": "ExplorerRun.0", "point": 1, "testname": "ECE4130_Project_2to4DecoderEnable_1", "cornername": "Nominal"}
[2024-11-01 11:40:16.954 -0400] [ERROR] [cadence.virtuoso.ade.simulationMonitor] -     ERROR (SFE-868): "input.scs" 18: Cannot open the input file '/nethome/smin63/ECE4130/ECE6130_Updated/ECE6130_LAB/Cadence/INC/PMOS_VTL.inc' because either the file name or the directory specified is invalid. Ensure that the specified file exists and the path to the file is valid. Alternatively, use the -I <path> command-line option to specify the path to the file and rerun the simulation. {"history": "ExplorerRun.0", "point": 1, "testname": "ECE4130_Project_2to4DecoderEnable_1", "cornername": "Nominal"}
[2024-11-01 11:40:16.954 -0400] [INFO] [cadence.virtuoso.ade.simulationMonitor] - Peak resident memory used = 148 Mbytes. {"history": "ExplorerRun.0", "point": 1, "testname": "ECE4130_Project_2to4DecoderEnable_1", "cornername": "Nominal"}
[2024-11-01 11:40:16.957 -0400] [INFO] [cadence.virtuoso.ade.simulationMonitor] - Time used: CPU = 111 ms, elapsed = 170 ms, util. = 65.5%. {"history": "ExplorerRun.0", "point": 1, "testname": "ECE4130_Project_2to4DecoderEnable_1", "cornername": "Nominal"}
[2024-11-01 11:40:16.957 -0400] [INFO] [cadence.virtuoso.ade.simulationMonitor] - Time spent in licensing: elapsed = 57.7 ms, percentage of total = 34%. {"history": "ExplorerRun.0", "point": 1, "testname": "ECE4130_Project_2to4DecoderEnable_1", "cornername": "Nominal"}
[2024-11-01 11:40:16.959 -0400] [INFO] [cadence.virtuoso.ade.simulationMonitor] - Peak memory used = 148 Mbytes. {"history": "ExplorerRun.0", "point": 1, "testname": "ECE4130_Project_2to4DecoderEnable_1", "cornername": "Nominal"}
[2024-11-01 11:40:16.961 -0400] [PROCESS] [cadence.virtuoso.ade.simulationMonitor] - Simulation started at: 11:40:16 AM, Fri Nov 1, 2024, ended at: 11:40:16 AM, Fri Nov 1, 2024, with elapsed time (wall clock): 170 ms. {"history": "ExplorerRun.0", "point": 1, "testname": "ECE4130_Project_2to4DecoderEnable_1", "cornername": "Nominal"}
[2024-11-01 11:40:16.961 -0400] [PROCESS] [cadence.virtuoso.ade.simulationMonitor] - spectre completes with 8 errors, 0 warnings, and 0 notices. {"history": "ExplorerRun.0", "point": 1, "testname": "ECE4130_Project_2to4DecoderEnable_1", "cornername": "Nominal"}
[2024-11-01 11:40:16.961 -0400] [FATAL] [cadence.virtuoso.ade.simulationMonitor] - spectre terminated prematurely due to fatal error. {"history": "ExplorerRun.0", "point": 1, "testname": "ECE4130_Project_2to4DecoderEnable_1", "cornername": "Nominal"}
[2024-11-01 11:40:16.961 -0400] [PROCESS] [cadence.virtuoso.ade.simulationMonitor] - Finished simulating for one point {"hostname": "ece-linlab15.ece.gatech.edu", "processid": 1460606, "history": "ExplorerRun.0", "testname": "ECE4130_Project_2to4DecoderEnable_1", "cornername": "Nominal", "point": 1, "logfile": "/nethome/imix3/ECE4130_M/Project1/ECE6130_Updated/ECE6130_LAB/Cadence/logs_imix3/logs0/Job6.log", "simid": "1", "event": "finish", "category": "simulation"}
[2024-11-01 11:40:16.961 -0400] [ERROR] [cadence.virtuoso.ade.simulationMonitor] - While simulating run ExplorerRun.0, point 1, test ECE4130_Project_2to4DecoderEnable_1, received error:
Simulation Error:
 The simulator process returned a non-zero exit code, indicating failure.
The simulator could have crashed or intentionally returned to indicate an error.
Check the simulator log file for more information.  Common causes:
1. Simulator may have crashed during exit even after reporting success in log file.
2. Abrupt automatic simulator termination (e.g., SIGKILL) because the simulator proc... {"history": "ExplorerRun.0", "point": 1, "testname": "ECE4130_Project_2to4DecoderEnable_1", "cornername": "Nominal"}
[2024-11-01 11:40:16.962 -0400] [PROCESS] [cadence.virtuoso.ade.simulationMonitor] - Finished Simulation {"hostname": "ece-linlab15.ece.gatech.edu", "processid": 1460606, "history": "ExplorerRun.0", "testname": "ECE4130_Project_2to4DecoderEnable_1", "cornername": "Nominal", "point": 1, "logfile": "/nethome/imix3/ECE4130_M/Project1/ECE6130_Updated/ECE6130_LAB/Cadence/logs_imix3/logs0/Job6.log", "simid": "1", "event": "finish", "category": "obsolete"}
[2024-11-01 11:40:17.968 -0400] [PROCESS] [cadence.virtuoso.ade.simulationMonitor] - Stay with the runId '0', Linger time '300', currentRunSyn '1', currentTestSyn '2' {"hostname": "ece-linlab15.ece.gatech.edu", "processid": 1460606, "history": "ExplorerRun.0", "testname": "ECE4130_Project_2to4DecoderEnable_1", "cornername": "Nominal", "point": 1, "logfile": "/nethome/imix3/ECE4130_M/Project1/ECE6130_Updated/ECE6130_LAB/Cadence/logs_imix3/logs0/Job6.log"}
[2024-11-01 11:41:10.206 -0400] [INFO] [cadence.virtuoso.ade.simulationMonitor] - SimulationMonitor has terminated the vds process '1460663', reason: 'Force to stop the expression evalutor process because of new run' {"history": "ExplorerRun.0", "point": 1, "testname": "ECE4130_Project_2to4DecoderEnable_1", "cornername": "Nominal"}
[2024-11-01 11:41:10.207 -0400] [PROCESS] [cadence.virtuoso.ade.simulationMonitor] - HostInfo:
Host name (type):	ece-linlab15.ece.gatech.edu (x86_64)
Operating system:	Linux 4.18.0-553.22.1.el8_10.x86_64 #1 SMP Wed Sep 11 18:02:00 EDT 2024 {"hostname": "ece-linlab15.ece.gatech.edu", "processid": 1460606, "history": "ExplorerRun.0", "testname": "ECE4130_Project_2to4DecoderEnable_1", "cornername": "Nominal", "point": 1, "logfile": "/nethome/imix3/ECE4130_M/Project1/ECE6130_Updated/ECE6130_LAB/Cadence/logs_imix3/logs0/Job6.log", "nodename": "ece-linlab15.ece.gatech.edu", "domainname": "(none)", "machine": "x86_64", "sysname": "Linux", "release": "4.18.0-553.22.1.el8_10.x86_64", "version": "#1 SMP Wed Sep 11 18:02:00 EDT 2024"}
[2024-11-01 11:41:10.207 -0400] [PROCESS] [cadence.virtuoso.ade.simulationMonitor] - UsageInfo:
pid=1460606
totalPhysicalMemory=15.098824GB,Used=14.687355GB,totalVirtualMemory=22.837101GB,Used=14.956993GB
Cpu: Cores=8, Load average:0.650000,0.420000,0.380000 {"hostname": "ece-linlab15.ece.gatech.edu", "processid": 1460606, "history": "ExplorerRun.0", "testname": "ECE4130_Project_2to4DecoderEnable_1", "cornername": "Nominal", "point": 1, "logfile": "/nethome/imix3/ECE4130_M/Project1/ECE6130_Updated/ECE6130_LAB/Cadence/logs_imix3/logs0/Job6.log", "pid": "1460606", "totalPhysicalMemory": "15.098824", "physicalMemoryUsed": "14.687355", "totalVirtualMemory": "22.837101", "virtualMemoryUsed": "14.956993", "cpuCores": "8", "processes": "1706", "loadAverage1": "0.650000", "loadAverage5": "0.420000", "loadAverage15": "0.380000", "loadAverage1Percent": "0.081250"}
[2024-11-01 11:41:10.217 -0400] [EVENT] [cadence.virtuoso.ade.simulationMonitor] - NewPoint {"history": "ExplorerRun.0", "point": 1, "testname": "ECE4130_Project_2to4DecoderEnable_1", "cornername": "Nominal", "event": "NewPoint", "EventSource": "Simulation Monitor", "HistoryName": "ExplorerRun.0", "logFile": "/nethome/imix3/ECE4130_M/Project1/ECE6130_Updated/ECE6130_LAB/Cadence/logs_imix3/logs0/Job6.log", "logFileSize": "17488", "category": "simulation"}
[2024-11-01 11:41:10.322 -0400] [EVENT] [cadence.virtuoso.ade.simulationMonitor] - NewPoint {"history": "ExplorerRun.0", "point": 1, "testname": "ECE4130_Project_2to4DecoderEnable_1", "cornername": "Nominal", "event": "NewPoint", "EventSource": "spectre", "HistoryName": "ExplorerRun.0", "logFile": "/nethome/imix3/simulation/ECE4130_Project/2to4DecoderEnable/maestro/results/maestro/ExplorerRun.0/1/ECE4130_Project_2to4DecoderEnable_1/psf/spectre.out", "logFileSize": "-1", "category": "simulation"}
[2024-11-01 11:41:10.506 -0400] [PROCESS] [cadence.virtuoso.ade.simulationMonitor] - Simulator launched {"hostname": "ece-linlab15.ece.gatech.edu", "processid": 1460606, "history": "ExplorerRun.0", "testname": "ECE4130_Project_2to4DecoderEnable_1", "cornername": "Nominal", "point": 1, "logfile": "/nethome/imix3/ECE4130_M/Project1/ECE6130_Updated/ECE6130_LAB/Cadence/logs_imix3/logs0/Job6.log", "simid": "2", "event": "launch", "category": "simulation"}
[2024-11-01 11:41:10.509 -0400] [PROCESS] [cadence.virtuoso.ade.simulationMonitor] - Expression evaluator launched {"hostname": "ece-linlab15.ece.gatech.edu", "processid": 1460606, "history": "ExplorerRun.0", "testname": "ECE4130_Project_2to4DecoderEnable_1", "cornername": "Nominal", "point": 1, "logfile": "/nethome/imix3/ECE4130_M/Project1/ECE6130_Updated/ECE6130_LAB/Cadence/logs_imix3/logs0/Job6.log"}
[2024-11-01 11:41:10.552 -0400] [PROCESS] [cadence.virtuoso.ade.simulationMonitor] - Started Simulation {"hostname": "ece-linlab15.ece.gatech.edu", "processid": 1460606, "history": "ExplorerRun.0", "testname": "ECE4130_Project_2to4DecoderEnable_1", "cornername": "Nominal", "point": 1, "logfile": "/nethome/imix3/ECE4130_M/Project1/ECE6130_Updated/ECE6130_LAB/Cadence/logs_imix3/logs0/Job6.log", "event": "start", "category": "simulation"}
[2024-11-01 11:41:11.052 -0400] [INFO] [cadence.virtuoso.ade.simulationMonitor] - Peak resident memory used = 150 Mbytes. {"history": "ExplorerRun.0", "point": 1, "testname": "ECE4130_Project_2to4DecoderEnable_1", "cornername": "Nominal"}
[2024-11-01 11:41:11.052 -0400] [INFO] [cadence.virtuoso.ade.simulationMonitor] - Peak resident memory used = 158 Mbytes. {"history": "ExplorerRun.0", "point": 1, "testname": "ECE4130_Project_2to4DecoderEnable_1", "cornername": "Nominal"}
[2024-11-01 11:41:11.052 -0400] [INFO] [cadence.virtuoso.ade.simulationMonitor] - Notice from spectre during hierarchy flattening.
    The value 'psf' specified for the 'checklimitdest' option will no longer be supported in future releases. Use 'spectre -h' to see other recommended values for the 'checklimitdest' option. {"history": "ExplorerRun.0", "point": 1, "testname": "ECE4130_Project_2to4DecoderEnable_1", "cornername": "Nominal"}
[2024-11-01 11:41:11.052 -0400] [INFO] [cadence.virtuoso.ade.simulationMonitor] - Peak resident memory used = 160 Mbytes. {"history": "ExplorerRun.0", "point": 1, "testname": "ECE4130_Project_2to4DecoderEnable_1", "cornername": "Nominal"}
[2024-11-01 11:41:11.052 -0400] [INFO] [cadence.virtuoso.ade.simulationMonitor] - Notice from spectre during initial setup.
    Multithreading is disabled due to the size of the design being too small. {"history": "ExplorerRun.0", "point": 1, "testname": "ECE4130_Project_2to4DecoderEnable_1", "cornername": "Nominal"}
[2024-11-01 11:41:11.060 -0400] [INFO] [cadence.virtuoso.ade.simulationMonitor] -               nodes 19 {"history": "ExplorerRun.0", "point": 1, "testname": "ECE4130_Project_2to4DecoderEnable_1", "cornername": "Nominal"}
[2024-11-01 11:41:11.060 -0400] [INFO] [cadence.virtuoso.ade.simulationMonitor] - Notice from spectre during initial setup.
    Protected devices exist and are not included in the circuit inventory.
    APS enabled. {"history": "ExplorerRun.0", "point": 1, "testname": "ECE4130_Project_2to4DecoderEnable_1", "cornername": "Nominal"}
[2024-11-01 11:41:11.060 -0400] [INFO] [cadence.virtuoso.ade.simulationMonitor] - Peak resident memory used = 162 Mbytes. {"history": "ExplorerRun.0", "point": 1, "testname": "ECE4130_Project_2to4DecoderEnable_1", "cornername": "Nominal"}
[2024-11-01 11:41:11.061 -0400] [INFO] [cadence.virtuoso.ade.simulationMonitor] -    -   (APS) Multi-threading. The recommended number of threads is 1, consider adding +mt=1 on command line. {"history": "ExplorerRun.0", "point": 1, "testname": "ECE4130_Project_2to4DecoderEnable_1", "cornername": "Nominal"}
[2024-11-01 11:41:11.061 -0400] [INFO] [cadence.virtuoso.ade.simulationMonitor] - Notice from spectre during IC analysis, during transient analysis `tran'.
    GminDC = 1 pS is large enough to noticeably affect the DC solution.
        dV(I42.net14) = 89.884 uV
        Use the `gmin_check' option to eliminate or expand this report. {"history": "ExplorerRun.0", "point": 1, "testname": "ECE4130_Project_2to4DecoderEnable_1", "cornername": "Nominal"}
[2024-11-01 11:41:11.061 -0400] [INFO] [cadence.virtuoso.ade.simulationMonitor] - Notice from spectre during transient analysis `tran'.
    Multithreading is disabled due to the size of the design being too small. {"history": "ExplorerRun.0", "point": 1, "testname": "ECE4130_Project_2to4DecoderEnable_1", "cornername": "Nominal"}
[2024-11-01 11:41:11.061 -0400] [INFO] [cadence.virtuoso.ade.simulationMonitor] - Notice from spectre at time = 1.31948 ns during transient analysis `tran'.
    Found trapezoidal ringing on node _vvdd!:p. {"history": "ExplorerRun.0", "point": 1, "testname": "ECE4130_Project_2to4DecoderEnable_1", "cornername": "Nominal"}
[2024-11-01 11:41:11.061 -0400] [INFO] [cadence.virtuoso.ade.simulationMonitor] - Notice from spectre at time = 1.56907 ns during transient analysis `tran'.
    Found trapezoidal ringing on node _vvdd!:p. {"history": "ExplorerRun.0", "point": 1, "testname": "ECE4130_Project_2to4DecoderEnable_1", "cornername": "Nominal"}
[2024-11-01 11:41:11.061 -0400] [INFO] [cadence.virtuoso.ade.simulationMonitor] - Notice from spectre at time = 1.78454 ns during transient analysis `tran'.
    Found trapezoidal ringing on node _vvdd!:p. {"history": "ExplorerRun.0", "point": 1, "testname": "ECE4130_Project_2to4DecoderEnable_1", "cornername": "Nominal"}
[2024-11-01 11:41:11.061 -0400] [INFO] [cadence.virtuoso.ade.simulationMonitor] - Notice from spectre at time = 2 ns during transient analysis `tran'.
    Found trapezoidal ringing on node _vvdd!:p. {"history": "ExplorerRun.0", "point": 1, "testname": "ECE4130_Project_2to4DecoderEnable_1", "cornername": "Nominal"}
[2024-11-01 11:41:11.561 -0400] [INFO] [cadence.virtuoso.ade.simulationMonitor] - Notice from spectre at time = 8.4851 ns during transient analysis `tran'.
    Found trapezoidal ringing on node _vvdd!:p.
        Further occurrences of this notice will be suppressed. {"history": "ExplorerRun.0", "point": 1, "testname": "ECE4130_Project_2to4DecoderEnable_1", "cornername": "Nominal"}
[2024-11-01 11:41:11.561 -0400] [INFO] [cadence.virtuoso.ade.simulationMonitor] - Notice from spectre during transient analysis `tran'.
    Trapezoidal ringing is detected during tran analysis.
        Please use method=trap for better results and performance. {"history": "ExplorerRun.0", "point": 1, "testname": "ECE4130_Project_2to4DecoderEnable_1", "cornername": "Nominal"}
[2024-11-01 11:41:11.567 -0400] [INFO] [cadence.virtuoso.ade.simulationMonitor] - Intrinsic tran analysis time:    CPU = 104.738 ms, elapsed = 117.522 ms. {"history": "ExplorerRun.0", "point": 1, "testname": "ECE4130_Project_2to4DecoderEnable_1", "cornername": "Nominal"}
[2024-11-01 11:41:11.567 -0400] [INFO] [cadence.virtuoso.ade.simulationMonitor] - Total time required for tran analysis `tran': CPU = 106.955 ms, elapsed = 123.045 ms, util. = 86.9%. {"history": "ExplorerRun.0", "point": 1, "testname": "ECE4130_Project_2to4DecoderEnable_1", "cornername": "Nominal"}
[2024-11-01 11:41:11.567 -0400] [INFO] [cadence.virtuoso.ade.simulationMonitor] - Peak resident memory used = 170 Mbytes. {"history": "ExplorerRun.0", "point": 1, "testname": "ECE4130_Project_2to4DecoderEnable_1", "cornername": "Nominal"}
[2024-11-01 11:41:11.567 -0400] [INFO] [cadence.virtuoso.ade.simulationMonitor] - Notice from spectre.
    5 notices suppressed. {"history": "ExplorerRun.0", "point": 1, "testname": "ECE4130_Project_2to4DecoderEnable_1", "cornername": "Nominal"}
[2024-11-01 11:41:11.569 -0400] [INFO] [cadence.virtuoso.ade.simulationMonitor] - Time used: CPU = 246 ms, elapsed = 374 ms, util. = 65.8%. {"history": "ExplorerRun.0", "point": 1, "testname": "ECE4130_Project_2to4DecoderEnable_1", "cornername": "Nominal"}
[2024-11-01 11:41:11.569 -0400] [INFO] [cadence.virtuoso.ade.simulationMonitor] - Time spent in licensing: elapsed = 52.5 ms, percentage of total = 14%. {"history": "ExplorerRun.0", "point": 1, "testname": "ECE4130_Project_2to4DecoderEnable_1", "cornername": "Nominal"}
[2024-11-01 11:41:11.570 -0400] [INFO] [cadence.virtuoso.ade.simulationMonitor] - Peak memory used = 172 Mbytes. {"history": "ExplorerRun.0", "point": 1, "testname": "ECE4130_Project_2to4DecoderEnable_1", "cornername": "Nominal"}
[2024-11-01 11:41:11.572 -0400] [PROCESS] [cadence.virtuoso.ade.simulationMonitor] - Simulation started at: 11:41:10 AM, Fri Nov 1, 2024, ended at: 11:41:11 AM, Fri Nov 1, 2024, with elapsed time (wall clock): 374 ms. {"history": "ExplorerRun.0", "point": 1, "testname": "ECE4130_Project_2to4DecoderEnable_1", "cornername": "Nominal"}
[2024-11-01 11:41:11.572 -0400] [PROCESS] [cadence.virtuoso.ade.simulationMonitor] - spectre completes with 0 errors, 0 warnings, and 14 notices. {"history": "ExplorerRun.0", "point": 1, "testname": "ECE4130_Project_2to4DecoderEnable_1", "cornername": "Nominal"}
[2024-11-01 11:41:11.572 -0400] [PROCESS] [cadence.virtuoso.ade.simulationMonitor] - Finished simulating for one point {"hostname": "ece-linlab15.ece.gatech.edu", "processid": 1460606, "history": "ExplorerRun.0", "testname": "ECE4130_Project_2to4DecoderEnable_1", "cornername": "Nominal", "point": 1, "logfile": "/nethome/imix3/ECE4130_M/Project1/ECE6130_Updated/ECE6130_LAB/Cadence/logs_imix3/logs0/Job6.log", "simid": "2", "event": "finish", "category": "simulation"}
[2024-11-01 11:41:11.572 -0400] [PROCESS] [cadence.virtuoso.ade.simulationMonitor] - Simulator exited {"hostname": "ece-linlab15.ece.gatech.edu", "processid": 1460606, "history": "ExplorerRun.0", "testname": "ECE4130_Project_2to4DecoderEnable_1", "cornername": "Nominal", "point": 1, "logfile": "/nethome/imix3/ECE4130_M/Project1/ECE6130_Updated/ECE6130_LAB/Cadence/logs_imix3/logs0/Job6.log", "exitStatus": "0"}
[2024-11-01 11:41:11.573 -0400] [PROCESS] [cadence.virtuoso.ade.simulationMonitor] - Finished Simulation {"hostname": "ece-linlab15.ece.gatech.edu", "processid": 1460606, "history": "ExplorerRun.0", "testname": "ECE4130_Project_2to4DecoderEnable_1", "cornername": "Nominal", "point": 1, "logfile": "/nethome/imix3/ECE4130_M/Project1/ECE6130_Updated/ECE6130_LAB/Cadence/logs_imix3/logs0/Job6.log", "simid": "2", "event": "finish", "category": "obsolete"}
[2024-11-01 11:41:13.575 -0400] [PROCESS] [cadence.virtuoso.ade.simulationMonitor] - Point Finished {"hostname": "ece-linlab15.ece.gatech.edu", "processid": 1460606, "history": "ExplorerRun.0", "testname": "ECE4130_Project_2to4DecoderEnable_1", "cornername": "Nominal", "point": 1, "logfile": "/nethome/imix3/ECE4130_M/Project1/ECE6130_Updated/ECE6130_LAB/Cadence/logs_imix3/logs0/Job6.log", "event": "finish", "category": "sim-eval"}
[2024-11-01 11:41:14.577 -0400] [PROCESS] [cadence.virtuoso.ade.simulationMonitor] - Stay with the runId '1', Linger time '300', currentRunSyn '3', currentTestSyn '4' {"hostname": "ece-linlab15.ece.gatech.edu", "processid": 1460606, "history": "ExplorerRun.0", "testname": "ECE4130_Project_2to4DecoderEnable_1", "cornername": "Nominal", "point": 1, "logfile": "/nethome/imix3/ECE4130_M/Project1/ECE6130_Updated/ECE6130_LAB/Cadence/logs_imix3/logs0/Job6.log"}
[2024-11-01 11:46:14.609 -0400] [PROCESS] [cadence.virtuoso.ade.simulationMonitor] - Current memory used: 81.6953 MBytes, peak memory used: 81.6953 MBytes {"hostname": "ece-linlab15.ece.gatech.edu", "processid": 1460606, "history": "ExplorerRun.0", "testname": "ECE4130_Project_2to4DecoderEnable_1", "cornername": "Nominal", "point": 1, "logfile": "/nethome/imix3/ECE4130_M/Project1/ECE6130_Updated/ECE6130_LAB/Cadence/logs_imix3/logs0/Job6.log"}
[2024-11-01 11:46:14.609 -0400] [PROCESS] [cadence.virtuoso.ade.simulationMonitor] - Simulation Monitor process exits. {"hostname": "ece-linlab15.ece.gatech.edu", "processid": 1460606, "history": "ExplorerRun.0", "testname": "ECE4130_Project_2to4DecoderEnable_1", "cornername": "Nominal", "point": 1, "logfile": "/nethome/imix3/ECE4130_M/Project1/ECE6130_Updated/ECE6130_LAB/Cadence/logs_imix3/logs0/Job6.log"}
