[Simulation Monitor: 7]
[2024-11-01 11:47:04.171 -0400] [PROCESS] [cadence.virtuoso.ade.simulationMonitor] - Started the simulation monitor process {"hostname": "ece-linlab15.ece.gatech.edu", "processid": 1465109, "logfile": "/nethome/imix3/ECE4130_M/Project1/ECE6130_Updated/ECE6130_LAB/Cadence/logs_imix3/logs0/Job7.log", "simulation monitor command line": "/tools/software/cadence/ic/23.10.080/tools.lnx86/dfII/bin/64bit/spectreMonitor --davinciService DaVinciService_1430605_1730473267 --axlsession fnxSession2 -lscs 000175E1894CBE06FF0966E38F1FFC06BC4D3C9BE672FC068F4D6FA78410926AD0246DE7EE7DFC06867C66E38F1FFC06BC4D66E38F1FFC06BC4D01C778E80BF1DB6900001E6A -beanhost ece-linlab15.ece.gatech.edu -beanport 11478 -beanLogFile /nethome/imix3/ECE4130_M/Project1/ECE6130_Updated/ECE6130_LAB/Cadence/logs_imix3/logs0/amps_Job7.log -beanbinlog  --domain 0 --interactive yes --netlistOpt no --useMultiPointEvaluation yes --exprEvalShowJobStderr yes --evalSimParallel no --maxSims 0 --historyName ExplorerRun.0 --historyUUID  --exprEvaluator vds --mcMapping mc1.mapping --checkLogStatusInterval 0 --checkSimulatorLogTimeout 1200 --exprEvalMaxTries 3 --maxNFSSyncWait 60 -adeBrokerAddress ece-linlab15.ece.gatech.edu:44705 --fromADE true --virtuosoBinary virtuoso --guiDisplay ece-linlab15.ece.gatech.edu:1 --globalStatus 60 --evaluateMultiMC yes --evalOnSimFail SkipFailedAnalyses --numRetriesOnError 1 --fenixMode explorer --lingertimeout 300 -ahdlLockTimeout 60 --sdbLib ECE4130_Project --sdbCell 2to4DecoderEnable --sdbView maestro --heartBeatFileDir /dev/shm --id 7 --uuid 78445eb4-d0f4-4fa2-92b9-cd8f75b61958 --log /nethome/imix3/ECE4130_M/Project1/ECE6130_Updated/ECE6130_LAB/Cadence/logs_imix3/logs0/Job7.log "}
[2024-11-01 11:47:04.171 -0400] [PROCESS] [cadence.virtuoso.ade.simulationMonitor] - Started the simulation monitor process {"hostname": "ece-linlab15.ece.gatech.edu", "processid": 1465109, "logfile": "/nethome/imix3/ECE4130_M/Project1/ECE6130_Updated/ECE6130_LAB/Cadence/logs_imix3/logs0/Job7.log", "current directory": "/nethome/imix3/ECE4130_M/Project1/ECE6130_Updated/ECE6130_LAB/Cadence"}
[2024-11-01 11:47:04.171 -0400] [PROCESS] [cadence.virtuoso.ade.simulationMonitor] - Simulation Monitor has successfully started up. Trying to set up communication channels to other components ... {"hostname": "ece-linlab15.ece.gatech.edu", "processid": 1465109, "logfile": "/nethome/imix3/ECE4130_M/Project1/ECE6130_Updated/ECE6130_LAB/Cadence/logs_imix3/logs0/Job7.log"}
[2024-11-01 11:47:04.174 -0400] [PROCESS] [cadence.virtuoso.ade.simulationMonitor] - Communication channels have been successfully set up. Start processing events ... {"hostname": "ece-linlab15.ece.gatech.edu", "processid": 1465109, "logfile": "/nethome/imix3/ECE4130_M/Project1/ECE6130_Updated/ECE6130_LAB/Cadence/logs_imix3/logs0/Job7.log"}
[2024-11-01 11:47:04.174 -0400] [PROCESS] [cadence.virtuoso.ade.simulationMonitor] - Considering to start history {"hostname": "ece-linlab15.ece.gatech.edu", "processid": 1465109, "history": "ExplorerRun.0", "logfile": "/nethome/imix3/ECE4130_M/Project1/ECE6130_Updated/ECE6130_LAB/Cadence/logs_imix3/logs0/Job7.log"}
[2024-11-01 11:47:04.176 -0400] [PROCESS] [cadence.virtuoso.ade.simulationMonitor] - HostInfo:
Host name (type):	ece-linlab15.ece.gatech.edu (x86_64)
Operating system:	Linux 4.18.0-553.22.1.el8_10.x86_64 #1 SMP Wed Sep 11 18:02:00 EDT 2024 {"hostname": "ece-linlab15.ece.gatech.edu", "processid": 1465109, "history": "ExplorerRun.0", "logfile": "/nethome/imix3/ECE4130_M/Project1/ECE6130_Updated/ECE6130_LAB/Cadence/logs_imix3/logs0/Job7.log", "nodename": "ece-linlab15.ece.gatech.edu", "domainname": "(none)", "machine": "x86_64", "sysname": "Linux", "release": "4.18.0-553.22.1.el8_10.x86_64", "version": "#1 SMP Wed Sep 11 18:02:00 EDT 2024"}
[2024-11-01 11:47:04.176 -0400] [PROCESS] [cadence.virtuoso.ade.simulationMonitor] - UsageInfo:
pid=1465109
totalPhysicalMemory=15.098824GB,Used=14.326591GB,totalVirtualMemory=22.837101GB,Used=14.596230GB
Cpu: Cores=8, Load average:0.250000,0.300000,0.340000 {"hostname": "ece-linlab15.ece.gatech.edu", "processid": 1465109, "history": "ExplorerRun.0", "logfile": "/nethome/imix3/ECE4130_M/Project1/ECE6130_Updated/ECE6130_LAB/Cadence/logs_imix3/logs0/Job7.log", "pid": "1465109", "totalPhysicalMemory": "15.098824", "physicalMemoryUsed": "14.326591", "totalVirtualMemory": "22.837101", "virtualMemoryUsed": "14.596230", "cpuCores": "8", "processes": "1649", "loadAverage1": "0.250000", "loadAverage5": "0.300000", "loadAverage15": "0.340000", "loadAverage1Percent": "0.031250"}
[2024-11-01 11:47:04.184 -0400] [EVENT] [cadence.virtuoso.ade.simulationMonitor] - NewPoint {"history": "ExplorerRun.0", "point": 1, "testname": "ECE4130_Project_2to4DecoderEnable_1", "cornername": "Nominal", "event": "NewPoint", "EventSource": "Simulation Monitor", "HistoryName": "ExplorerRun.0", "logFile": "/nethome/imix3/ECE4130_M/Project1/ECE6130_Updated/ECE6130_LAB/Cadence/logs_imix3/logs0/Job7.log", "logFileSize": "4568", "category": "simulation"}
[2024-11-01 11:47:04.286 -0400] [EVENT] [cadence.virtuoso.ade.simulationMonitor] - NewPoint {"history": "ExplorerRun.0", "point": 1, "testname": "ECE4130_Project_2to4DecoderEnable_1", "cornername": "Nominal", "event": "NewPoint", "EventSource": "spectre", "HistoryName": "ExplorerRun.0", "logFile": "/nethome/imix3/simulation/ECE4130_Project/2to4DecoderEnable/maestro/results/maestro/ExplorerRun.0/1/ECE4130_Project_2to4DecoderEnable_1/psf/spectre.out", "logFileSize": "-1", "category": "simulation"}
[2024-11-01 11:47:04.457 -0400] [PROCESS] [cadence.virtuoso.ade.simulationMonitor] - Simulator launched {"hostname": "ece-linlab15.ece.gatech.edu", "processid": 1465109, "history": "ExplorerRun.0", "testname": "ECE4130_Project_2to4DecoderEnable_1", "cornername": "Nominal", "point": 1, "logfile": "/nethome/imix3/ECE4130_M/Project1/ECE6130_Updated/ECE6130_LAB/Cadence/logs_imix3/logs0/Job7.log", "simid": "1", "event": "launch", "category": "simulation"}
[2024-11-01 11:47:04.460 -0400] [PROCESS] [cadence.virtuoso.ade.simulationMonitor] - Expression evaluator launched {"hostname": "ece-linlab15.ece.gatech.edu", "processid": 1465109, "history": "ExplorerRun.0", "testname": "ECE4130_Project_2to4DecoderEnable_1", "cornername": "Nominal", "point": 1, "logfile": "/nethome/imix3/ECE4130_M/Project1/ECE6130_Updated/ECE6130_LAB/Cadence/logs_imix3/logs0/Job7.log"}
[2024-11-01 11:47:04.506 -0400] [PROCESS] [cadence.virtuoso.ade.simulationMonitor] - Started Simulation {"hostname": "ece-linlab15.ece.gatech.edu", "processid": 1465109, "history": "ExplorerRun.0", "testname": "ECE4130_Project_2to4DecoderEnable_1", "cornername": "Nominal", "point": 1, "logfile": "/nethome/imix3/ECE4130_M/Project1/ECE6130_Updated/ECE6130_LAB/Cadence/logs_imix3/logs0/Job7.log", "event": "start", "category": "simulation"}
[2024-11-01 11:47:05.006 -0400] [INFO] [cadence.virtuoso.ade.simulationMonitor] - Peak resident memory used = 150 Mbytes. {"history": "ExplorerRun.0", "point": 1, "testname": "ECE4130_Project_2to4DecoderEnable_1", "cornername": "Nominal"}
[2024-11-01 11:47:05.006 -0400] [INFO] [cadence.virtuoso.ade.simulationMonitor] - Peak resident memory used = 159 Mbytes. {"history": "ExplorerRun.0", "point": 1, "testname": "ECE4130_Project_2to4DecoderEnable_1", "cornername": "Nominal"}
[2024-11-01 11:47:05.006 -0400] [INFO] [cadence.virtuoso.ade.simulationMonitor] - Notice from spectre during hierarchy flattening.
    The value 'psf' specified for the 'checklimitdest' option will no longer be supported in future releases. Use 'spectre -h' to see other recommended values for the 'checklimitdest' option. {"history": "ExplorerRun.0", "point": 1, "testname": "ECE4130_Project_2to4DecoderEnable_1", "cornername": "Nominal"}
[2024-11-01 11:47:05.006 -0400] [INFO] [cadence.virtuoso.ade.simulationMonitor] - Peak resident memory used = 160 Mbytes. {"history": "ExplorerRun.0", "point": 1, "testname": "ECE4130_Project_2to4DecoderEnable_1", "cornername": "Nominal"}
[2024-11-01 11:47:05.006 -0400] [INFO] [cadence.virtuoso.ade.simulationMonitor] - Notice from spectre during initial setup.
    Multithreading is disabled due to the size of the design being too small. {"history": "ExplorerRun.0", "point": 1, "testname": "ECE4130_Project_2to4DecoderEnable_1", "cornername": "Nominal"}
[2024-11-01 11:47:05.017 -0400] [INFO] [cadence.virtuoso.ade.simulationMonitor] -               nodes 19 {"history": "ExplorerRun.0", "point": 1, "testname": "ECE4130_Project_2to4DecoderEnable_1", "cornername": "Nominal"}
[2024-11-01 11:47:05.017 -0400] [INFO] [cadence.virtuoso.ade.simulationMonitor] - Notice from spectre during initial setup.
    Protected devices exist and are not included in the circuit inventory.
    APS enabled. {"history": "ExplorerRun.0", "point": 1, "testname": "ECE4130_Project_2to4DecoderEnable_1", "cornername": "Nominal"}
[2024-11-01 11:47:05.017 -0400] [INFO] [cadence.virtuoso.ade.simulationMonitor] - Peak resident memory used = 162 Mbytes. {"history": "ExplorerRun.0", "point": 1, "testname": "ECE4130_Project_2to4DecoderEnable_1", "cornername": "Nominal"}
[2024-11-01 11:47:05.018 -0400] [INFO] [cadence.virtuoso.ade.simulationMonitor] -    -   (APS) Multi-threading. The recommended number of threads is 1, consider adding +mt=1 on command line. {"history": "ExplorerRun.0", "point": 1, "testname": "ECE4130_Project_2to4DecoderEnable_1", "cornername": "Nominal"}
[2024-11-01 11:47:05.018 -0400] [INFO] [cadence.virtuoso.ade.simulationMonitor] - Notice from spectre during IC analysis, during transient analysis `tran'.
    GminDC = 1 pS is large enough to noticeably affect the DC solution.
        dV(I42.net14) = 89.884 uV
        Use the `gmin_check' option to eliminate or expand this report. {"history": "ExplorerRun.0", "point": 1, "testname": "ECE4130_Project_2to4DecoderEnable_1", "cornername": "Nominal"}
[2024-11-01 11:47:05.018 -0400] [INFO] [cadence.virtuoso.ade.simulationMonitor] - Notice from spectre during transient analysis `tran'.
    Multithreading is disabled due to the size of the design being too small. {"history": "ExplorerRun.0", "point": 1, "testname": "ECE4130_Project_2to4DecoderEnable_1", "cornername": "Nominal"}
[2024-11-01 11:47:05.520 -0400] [INFO] [cadence.virtuoso.ade.simulationMonitor] - Intrinsic tran analysis time:    CPU = 104.393 ms, elapsed = 124.796 ms. {"history": "ExplorerRun.0", "point": 1, "testname": "ECE4130_Project_2to4DecoderEnable_1", "cornername": "Nominal"}
[2024-11-01 11:47:05.520 -0400] [INFO] [cadence.virtuoso.ade.simulationMonitor] - Total time required for tran analysis `tran': CPU = 106.6 ms, elapsed = 133.159 ms, util. = 80.1%. {"history": "ExplorerRun.0", "point": 1, "testname": "ECE4130_Project_2to4DecoderEnable_1", "cornername": "Nominal"}
[2024-11-01 11:47:05.520 -0400] [INFO] [cadence.virtuoso.ade.simulationMonitor] - Peak resident memory used = 170 Mbytes. {"history": "ExplorerRun.0", "point": 1, "testname": "ECE4130_Project_2to4DecoderEnable_1", "cornername": "Nominal"}
[2024-11-01 11:47:05.522 -0400] [INFO] [cadence.virtuoso.ade.simulationMonitor] - Time used: CPU = 248 ms, elapsed = 415 ms, util. = 59.7%. {"history": "ExplorerRun.0", "point": 1, "testname": "ECE4130_Project_2to4DecoderEnable_1", "cornername": "Nominal"}
[2024-11-01 11:47:05.522 -0400] [INFO] [cadence.virtuoso.ade.simulationMonitor] - Time spent in licensing: elapsed = 56.8 ms, percentage of total = 13.7%. {"history": "ExplorerRun.0", "point": 1, "testname": "ECE4130_Project_2to4DecoderEnable_1", "cornername": "Nominal"}
[2024-11-01 11:47:05.523 -0400] [INFO] [cadence.virtuoso.ade.simulationMonitor] - Peak memory used = 172 Mbytes. {"history": "ExplorerRun.0", "point": 1, "testname": "ECE4130_Project_2to4DecoderEnable_1", "cornername": "Nominal"}
[2024-11-01 11:47:05.525 -0400] [PROCESS] [cadence.virtuoso.ade.simulationMonitor] - Simulation started at: 11:47:04 AM, Fri Nov 1, 2024, ended at: 11:47:05 AM, Fri Nov 1, 2024, with elapsed time (wall clock): 415 ms. {"history": "ExplorerRun.0", "point": 1, "testname": "ECE4130_Project_2to4DecoderEnable_1", "cornername": "Nominal"}
[2024-11-01 11:47:05.525 -0400] [PROCESS] [cadence.virtuoso.ade.simulationMonitor] - spectre completes with 0 errors, 0 warnings, and 7 notices. {"history": "ExplorerRun.0", "point": 1, "testname": "ECE4130_Project_2to4DecoderEnable_1", "cornername": "Nominal"}
[2024-11-01 11:47:05.525 -0400] [PROCESS] [cadence.virtuoso.ade.simulationMonitor] - Finished simulating for one point {"hostname": "ece-linlab15.ece.gatech.edu", "processid": 1465109, "history": "ExplorerRun.0", "testname": "ECE4130_Project_2to4DecoderEnable_1", "cornername": "Nominal", "point": 1, "logfile": "/nethome/imix3/ECE4130_M/Project1/ECE6130_Updated/ECE6130_LAB/Cadence/logs_imix3/logs0/Job7.log", "simid": "1", "event": "finish", "category": "simulation"}
[2024-11-01 11:47:05.525 -0400] [PROCESS] [cadence.virtuoso.ade.simulationMonitor] - Simulator exited {"hostname": "ece-linlab15.ece.gatech.edu", "processid": 1465109, "history": "ExplorerRun.0", "testname": "ECE4130_Project_2to4DecoderEnable_1", "cornername": "Nominal", "point": 1, "logfile": "/nethome/imix3/ECE4130_M/Project1/ECE6130_Updated/ECE6130_LAB/Cadence/logs_imix3/logs0/Job7.log", "exitStatus": "0"}
[2024-11-01 11:47:05.525 -0400] [PROCESS] [cadence.virtuoso.ade.simulationMonitor] - Finished Simulation {"hostname": "ece-linlab15.ece.gatech.edu", "processid": 1465109, "history": "ExplorerRun.0", "testname": "ECE4130_Project_2to4DecoderEnable_1", "cornername": "Nominal", "point": 1, "logfile": "/nethome/imix3/ECE4130_M/Project1/ECE6130_Updated/ECE6130_LAB/Cadence/logs_imix3/logs0/Job7.log", "simid": "1", "event": "finish", "category": "obsolete"}
[2024-11-01 11:47:08.032 -0400] [PROCESS] [cadence.virtuoso.ade.simulationMonitor] - Point Finished {"hostname": "ece-linlab15.ece.gatech.edu", "processid": 1465109, "history": "ExplorerRun.0", "testname": "ECE4130_Project_2to4DecoderEnable_1", "cornername": "Nominal", "point": 1, "logfile": "/nethome/imix3/ECE4130_M/Project1/ECE6130_Updated/ECE6130_LAB/Cadence/logs_imix3/logs0/Job7.log", "event": "finish", "category": "sim-eval"}
[2024-11-01 11:47:42.098 -0400] [PROCESS] [cadence.virtuoso.ade.simulationMonitor] - get signal Terminated<15> from user:imix3, which pid:1465105:/tools/software/cadence/ic/latest/tools/bin/64bit/cdsServIpc {"hostname": "ece-linlab15.ece.gatech.edu", "processid": 1465109, "history": "ExplorerRun.0", "testname": "ECE4130_Project_2to4DecoderEnable_1", "cornername": "Nominal", "point": 1, "logfile": "/nethome/imix3/ECE4130_M/Project1/ECE6130_Updated/ECE6130_LAB/Cadence/logs_imix3/logs0/Job7.log", "signal": "15", "signalName": "Terminated", "which": "/tools/software/cadence/ic/latest/tools/bin/64bit/cdsServIpc", "pid": "1465105", "user": "imix3", "uid": "3184493"}
[2024-11-01 11:47:42.098 -0400] [INFO] [cadence.virtuoso.ade.simulationMonitor] - SimulationMonitor has terminated the  process '1465164', reason: 'simulationMonitor is handling signal 15' {"history": "ExplorerRun.0", "point": 1, "testname": "ECE4130_Project_2to4DecoderEnable_1", "cornername": "Nominal"}
