[ADE GUI: 1335944]
[2024-11-01 14:35:33.575 -0400] [PROCESS] [cadence.virtuoso.ade.gui] - /nethome/imix3/ECE4130_M/Project1/ECE6130_Updated/ECE6130_LAB/Cadence/.tmp_imix3/.cmddir0/swiftLoggingService0 is starting {"logfile": "/nethome/imix3/ECE4130_M/Project1/ECE6130_Updated/ECE6130_LAB/Cadence/logs_imix3/logs0/LoggingService0.log"}
[2024-11-01 14:35:33.690 -0400] [PROCESS] [cadence.virtuoso.ade.gui] - /nethome/imix3/ECE4130_M/Project1/ECE6130_Updated/ECE6130_LAB/Cadence/.tmp_imix3/.cmddir0/swiftNetlistService1 is starting {"logfile": "/nethome/imix3/ECE4130_M/Project1/ECE6130_Updated/ECE6130_LAB/Cadence/logs_imix3/logs0/Service1.log"}
[2024-11-01 14:35:33.691 -0400] [PROCESS] [cadence.virtuoso.ade.gui] - Logging Service '1337317' is starting up on host 'ece-linlab16.ece.gatech.edu' {"logfile": "/nethome/imix3/ECE4130_M/Project1/ECE6130_Updated/ECE6130_LAB/Cadence/logs_imix3/logs0/LoggingService0.log"}
[2024-11-01 14:35:34.867 -0400] [PROCESS] [cadence.virtuoso.ade.gui] - Netlist Service '1337341' is starting up on host 'ece-linlab16.ece.gatech.edu' {"logfile": "/nethome/imix3/ECE4130_M/Project1/ECE6130_Updated/ECE6130_LAB/Cadence/logs_imix3/logs0/Service1.log"}
[2024-11-01 14:35:36.263 -0400] [EVENT] [cadence.virtuoso.ade.gui] - AddLogFile {"history": "ExplorerRun.0", "event": "AddLogFile", "EventSource": "ADE GUI", "HistoryName": "ExplorerRun.0", "Points": "", "EventLogFile": "/nethome/imix3/ECE4130_M/Project1/ECE6130_Updated/ECE6130_LAB/Cadence/logs_imix3/logs0/virtuoso_ade_debug.log", "EventTool": "ADE GUI", "EventTest": ""}
[2024-11-01 14:35:36.264 -0400] [EVENT] [cadence.virtuoso.ade.gui] - NewHistoryCreated {"event": "NewHistoryCreated", "EventSource": "ADE GUI", "history": "ExplorerRun.0", "HistoryName": "ExplorerRun.0", "WorkDir": "/nethome/imix3/ECE4130_M/Project1/ECE6130_Updated/ECE6130_LAB/Cadence", "HistorySimDir": "/nethome/imix3/simulation/ECE4130_Project/2to4Decoder/maestro/results/maestro/ExplorerRun.0", "HistoryResultsDir": "/nethome/imix3/ECE4130_M/Project1/ECE6130_Updated/ECE6130_LAB/Cadence/ECE4130_Project/2to4Decoder/maestro/results/maestro"}
[2024-11-01 14:35:36.265 -0400] [PROCESS] [cadence.virtuoso.ade.gui] - History Setup {"hostname": "ece-linlab16.ece.gatech.edu", "processid": 1335944, "history": "ExplorerRun.0", "logfile": "/nethome/imix3/ECE4130_M/Project1/ECE6130_Updated/ECE6130_LAB/Cadence/logs_imix3/logs0/virtuoso_ade_debug.log", "jobmode": "LSCS", "runmode": "Single Run, Sweeps and Corners", "lib": "ECE4130_Project", "cell": "2to4Decoder", "view": "maestro", "icversion": "sub-version  IC23.1-64b.ISR8.40 ", "runstart": "Fri Nov  1 14:35:36 2024\n", "timezonelocal": "+000", "spectreversion": "unknown", "jobpolicyname": "", "maxjobs": "unknown", "ncjobpolicyname": "", "ncmaxjobs": "unknown", "numtests": "1", "runfinished": "unknown", "runelapsed": "-1", "numcorners": "1"}
[2024-11-01 14:35:36.803 -0400] [WARN] [cadence.virtuoso.ade.gui] - Could not find log file for Same Process Job 0. Log message for this job will be printed in the CDS log file. {"history": "ExplorerRun.0", "testname": "ECE4130_Project_2to4Decoder_1", "detailed_message": "", "message_id": "EXPLORER-5028"}
[2024-11-01 14:35:38.193 -0400] [EVENT] [cadence.virtuoso.ade.pointevaluator] - NewPoint {"history": "ExplorerRun.0", "point": 1, "testname": "ECE4130_Project_2to4Decoder_1", "event": "NewPoint", "EventSource": "ADE GUI", "HistoryName": "ExplorerRun.0", "logFile": "/nethome/imix3/ECE4130_M/Project1/ECE6130_Updated/ECE6130_LAB/Cadence/logs_imix3/logs0/virtuoso_ade_debug.log", "logFileSize": "3160", "category": "point-netlist"}
[2024-11-01 14:35:38.193 -0400] [INFO] [cadence.virtuoso.ade.pointevaluator] - Started netlisting {"history": "ExplorerRun.0", "point": 1, "testname": "ECE4130_Project_2to4Decoder_1", "event": "start", "category": "point-netlist"}
[2024-11-01 14:35:40.205 -0400] [INFO] [cadence.virtuoso.ade.pointevaluator] - Finished netlisting {"history": "ExplorerRun.0", "point": 1, "testname": "ECE4130_Project_2to4Decoder_1", "event": "finish", "category": "point-netlist"}
[2024-11-01 14:35:40.205 -0400] [INFO] [cadence.virtuoso.ade.pointevaluator] - Submitted {"history": "ExplorerRun.0", "point": 1, "testname": "ECE4130_Project_2to4Decoder_1"}
[2024-11-01 14:35:41.966 -0400] [PROCESS] [cadence.virtuoso.ade.gui] - /nethome/imix3/ECE4130_M/Project1/ECE6130_Updated/ECE6130_LAB/Cadence/.tmp_imix3/.cmddir0/swiftJob2 is starting {"logfile": "/nethome/imix3/ECE4130_M/Project1/ECE6130_Updated/ECE6130_LAB/Cadence/logs_imix3/logs0/Job2.log"}
[2024-11-01 14:35:42.071 -0400] [PROCESS] [cadence.virtuoso.ade.gui] - Simulation Monitor process '1338157' is starting up on host 'ece-linlab16.ece.gatech.edu' {"logfile": "/nethome/imix3/ECE4130_M/Project1/ECE6130_Updated/ECE6130_LAB/Cadence/logs_imix3/logs0/Job2.log"}
[2024-11-01 14:35:46.457 -0400] [INFO] [cadence.virtuoso.ade.gui] - Point completed {"history": "ExplorerRun.0", "point": 1, "testname": "ECE4130_Project_2to4Decoder_1"}
[2024-11-01 14:35:46.676 -0400] [EVENT] [cadence.virtuoso.ade.gui] - HistoryFinished {"point": 1, "testname": "ECE4130_Project_2to4Decoder_1", "event": "HistoryFinished", "EventSource": "ADE GUI", "HistoryName": "ExplorerRun.0"}
[2024-11-01 14:40:47.244 -0400] [PROCESS] [cadence.virtuoso.ade.gui] - Netlist Service '1337341' stopped with exit code '0' {"logfile": "/nethome/imix3/ECE4130_M/Project1/ECE6130_Updated/ECE6130_LAB/Cadence/logs_imix3/logs0/Service1.log"}
[2024-11-01 14:42:36.367 -0400] [PROCESS] [cadence.virtuoso.ade.gui] - /nethome/imix3/ECE4130_M/Project1/ECE6130_Updated/ECE6130_LAB/Cadence/.tmp_imix3/.cmddir0/swiftLoggingService3 is starting {"logfile": "/nethome/imix3/ECE4130_M/Project1/ECE6130_Updated/ECE6130_LAB/Cadence/logs_imix3/logs0/LoggingService3.log"}
[2024-11-01 14:42:36.484 -0400] [PROCESS] [cadence.virtuoso.ade.gui] - /nethome/imix3/ECE4130_M/Project1/ECE6130_Updated/ECE6130_LAB/Cadence/.tmp_imix3/.cmddir0/swiftNetlistService4 is starting {"logfile": "/nethome/imix3/ECE4130_M/Project1/ECE6130_Updated/ECE6130_LAB/Cadence/logs_imix3/logs0/Service4.log"}
[2024-11-01 14:42:36.484 -0400] [PROCESS] [cadence.virtuoso.ade.gui] - Logging Service '1342823' is starting up on host 'ece-linlab16.ece.gatech.edu' {"logfile": "/nethome/imix3/ECE4130_M/Project1/ECE6130_Updated/ECE6130_LAB/Cadence/logs_imix3/logs0/LoggingService3.log"}
[2024-11-01 14:42:37.482 -0400] [PROCESS] [cadence.virtuoso.ade.gui] - Netlist Service '1342852' is starting up on host 'ece-linlab16.ece.gatech.edu' {"logfile": "/nethome/imix3/ECE4130_M/Project1/ECE6130_Updated/ECE6130_LAB/Cadence/logs_imix3/logs0/Service4.log"}
[2024-11-01 14:42:47.429 -0400] [PROCESS] [cadence.virtuoso.ade.gui] - Logging Service '1342823' stopped with exit code '0' {"logfile": "/nethome/imix3/ECE4130_M/Project1/ECE6130_Updated/ECE6130_LAB/Cadence/logs_imix3/logs0/LoggingService3.log"}
[2024-11-01 14:42:54.500 -0400] [PROCESS] [cadence.virtuoso.ade.gui] - Logging Service '1337317' stopped with exit code '0' {"logfile": "/nethome/imix3/ECE4130_M/Project1/ECE6130_Updated/ECE6130_LAB/Cadence/logs_imix3/logs0/LoggingService0.log"}
[2024-11-01 14:44:20.852 -0400] [PROCESS] [cadence.virtuoso.ade.gui] - /nethome/imix3/ECE4130_M/Project1/ECE6130_Updated/ECE6130_LAB/Cadence/.tmp_imix3/.cmddir0/swiftLoggingService5 is starting {"logfile": "/nethome/imix3/ECE4130_M/Project1/ECE6130_Updated/ECE6130_LAB/Cadence/logs_imix3/logs0/LoggingService5.log"}
[2024-11-01 14:44:20.968 -0400] [PROCESS] [cadence.virtuoso.ade.gui] - /nethome/imix3/ECE4130_M/Project1/ECE6130_Updated/ECE6130_LAB/Cadence/.tmp_imix3/.cmddir0/swiftNetlistService6 is starting {"logfile": "/nethome/imix3/ECE4130_M/Project1/ECE6130_Updated/ECE6130_LAB/Cadence/logs_imix3/logs0/Service6.log"}
[2024-11-01 14:44:20.968 -0400] [PROCESS] [cadence.virtuoso.ade.gui] - Logging Service '1344842' is starting up on host 'ece-linlab16.ece.gatech.edu' {"logfile": "/nethome/imix3/ECE4130_M/Project1/ECE6130_Updated/ECE6130_LAB/Cadence/logs_imix3/logs0/LoggingService5.log"}
[2024-11-01 14:44:21.879 -0400] [PROCESS] [cadence.virtuoso.ade.gui] - Netlist Service '1344867' is starting up on host 'ece-linlab16.ece.gatech.edu' {"logfile": "/nethome/imix3/ECE4130_M/Project1/ECE6130_Updated/ECE6130_LAB/Cadence/logs_imix3/logs0/Service6.log"}
[2024-11-01 14:44:31.897 -0400] [PROCESS] [cadence.virtuoso.ade.gui] - Logging Service '1344842' stopped with exit code '0' {"logfile": "/nethome/imix3/ECE4130_M/Project1/ECE6130_Updated/ECE6130_LAB/Cadence/logs_imix3/logs0/LoggingService5.log"}
[2024-11-01 14:55:44.611 -0400] [PROCESS] [cadence.virtuoso.ade.gui] - /nethome/imix3/ECE4130_M/Project1/ECE6130_Updated/ECE6130_LAB/Cadence/.tmp_imix3/.cmddir0/swiftLoggingService7 is starting {"logfile": "/nethome/imix3/ECE4130_M/Project1/ECE6130_Updated/ECE6130_LAB/Cadence/logs_imix3/logs0/LoggingService7.log"}
[2024-11-01 14:55:44.726 -0400] [PROCESS] [cadence.virtuoso.ade.gui] - /nethome/imix3/ECE4130_M/Project1/ECE6130_Updated/ECE6130_LAB/Cadence/.tmp_imix3/.cmddir0/swiftNetlistService8 is starting {"logfile": "/nethome/imix3/ECE4130_M/Project1/ECE6130_Updated/ECE6130_LAB/Cadence/logs_imix3/logs0/Service8.log"}
[2024-11-01 14:55:44.726 -0400] [PROCESS] [cadence.virtuoso.ade.gui] - Logging Service '1351208' is starting up on host 'ece-linlab16.ece.gatech.edu' {"logfile": "/nethome/imix3/ECE4130_M/Project1/ECE6130_Updated/ECE6130_LAB/Cadence/logs_imix3/logs0/LoggingService7.log"}
[2024-11-01 14:55:47.730 -0400] [PROCESS] [cadence.virtuoso.ade.gui] - Netlist Service '1351233' is starting up on host 'ece-linlab16.ece.gatech.edu' {"logfile": "/nethome/imix3/ECE4130_M/Project1/ECE6130_Updated/ECE6130_LAB/Cadence/logs_imix3/logs0/Service8.log"}
[2024-11-01 14:55:55.675 -0400] [PROCESS] [cadence.virtuoso.ade.gui] - Logging Service '1351208' stopped with exit code '0' {"logfile": "/nethome/imix3/ECE4130_M/Project1/ECE6130_Updated/ECE6130_LAB/Cadence/logs_imix3/logs0/LoggingService7.log"}
[2024-11-01 15:16:11.305 -0400] [PROCESS] [cadence.virtuoso.ade.gui] - /nethome/imix3/ECE4130_M/Project1/ECE6130_Updated/ECE6130_LAB/Cadence/.tmp_imix3/.cmddir0/swiftLoggingService9 is starting {"logfile": "/nethome/imix3/ECE4130_M/Project1/ECE6130_Updated/ECE6130_LAB/Cadence/logs_imix3/logs0/LoggingService9.log"}
[2024-11-01 15:16:11.420 -0400] [PROCESS] [cadence.virtuoso.ade.gui] - /nethome/imix3/ECE4130_M/Project1/ECE6130_Updated/ECE6130_LAB/Cadence/.tmp_imix3/.cmddir0/swiftNetlistService10 is starting {"logfile": "/nethome/imix3/ECE4130_M/Project1/ECE6130_Updated/ECE6130_LAB/Cadence/logs_imix3/logs0/Service10.log"}
[2024-11-01 15:16:11.420 -0400] [PROCESS] [cadence.virtuoso.ade.gui] - Logging Service '1361068' is starting up on host 'ece-linlab16.ece.gatech.edu' {"logfile": "/nethome/imix3/ECE4130_M/Project1/ECE6130_Updated/ECE6130_LAB/Cadence/logs_imix3/logs0/LoggingService9.log"}
[2024-11-01 15:16:12.323 -0400] [PROCESS] [cadence.virtuoso.ade.gui] - Netlist Service '1361093' is starting up on host 'ece-linlab16.ece.gatech.edu' {"logfile": "/nethome/imix3/ECE4130_M/Project1/ECE6130_Updated/ECE6130_LAB/Cadence/logs_imix3/logs0/Service10.log"}
[2024-11-01 15:16:22.351 -0400] [PROCESS] [cadence.virtuoso.ade.gui] - Logging Service '1361068' stopped with exit code '0' {"logfile": "/nethome/imix3/ECE4130_M/Project1/ECE6130_Updated/ECE6130_LAB/Cadence/logs_imix3/logs0/LoggingService9.log"}
[2024-11-01 15:39:41.994 -0400] [PROCESS] [cadence.virtuoso.ade.gui] - /nethome/imix3/ECE4130_M/Project1/ECE6130_Updated/ECE6130_LAB/Cadence/.tmp_imix3/.cmddir0/swiftLoggingService11 is starting {"logfile": "/nethome/imix3/ECE4130_M/Project1/ECE6130_Updated/ECE6130_LAB/Cadence/logs_imix3/logs0/LoggingService11.log"}
[2024-11-01 15:39:42.110 -0400] [PROCESS] [cadence.virtuoso.ade.gui] - /nethome/imix3/ECE4130_M/Project1/ECE6130_Updated/ECE6130_LAB/Cadence/.tmp_imix3/.cmddir0/swiftNetlistService12 is starting {"logfile": "/nethome/imix3/ECE4130_M/Project1/ECE6130_Updated/ECE6130_LAB/Cadence/logs_imix3/logs0/Service12.log"}
[2024-11-01 15:39:42.110 -0400] [PROCESS] [cadence.virtuoso.ade.gui] - Logging Service '1373428' is starting up on host 'ece-linlab16.ece.gatech.edu' {"logfile": "/nethome/imix3/ECE4130_M/Project1/ECE6130_Updated/ECE6130_LAB/Cadence/logs_imix3/logs0/LoggingService11.log"}
[2024-11-01 15:39:45.373 -0400] [PROCESS] [cadence.virtuoso.ade.gui] - Netlist Service '1373445' is starting up on host 'ece-linlab16.ece.gatech.edu' {"logfile": "/nethome/imix3/ECE4130_M/Project1/ECE6130_Updated/ECE6130_LAB/Cadence/logs_imix3/logs0/Service12.log"}
[2024-11-01 15:39:45.574 -0400] [WARN] [cadence.virtuoso.ade.gui] - There are unassigned pins in the schematic.
Use the Stimuli Assignment form to assign stimuli definitions to these pins. {"detailed_message": "", "message_id": "EXPLORER-8115"}
[2024-11-01 15:39:46.049 -0400] [EVENT] [cadence.virtuoso.ade.gui] - AddLogFile {"history": "ExplorerRun.0", "event": "AddLogFile", "EventSource": "unknown", "HistoryName": "ExplorerRun.0", "Points": "", "EventLogFile": "", "EventTool": "unknown", "EventTest": ""}
[2024-11-01 15:39:46.052 -0400] [EVENT] [cadence.virtuoso.ade.gui] - NewHistoryCreated {"event": "NewHistoryCreated", "EventSource": "unknown", "history": "ExplorerRun.0", "HistoryName": "ExplorerRun.0", "WorkDir": "/nethome/imix3/ECE4130_M/Project1/ECE6130_Updated/ECE6130_LAB/Cadence", "HistorySimDir": "/nethome/imix3/simulation/ECE4130_Project/4to16Decoder/maestro/results/maestro/ExplorerRun.0", "HistoryResultsDir": "/nethome/imix3/ECE4130_M/Project1/ECE6130_Updated/ECE6130_LAB/Cadence/ECE4130_Project/4to16Decoder/maestro/results/maestro"}
[2024-11-01 15:39:46.052 -0400] [PROCESS] [cadence.virtuoso.ade.gui] - History Setup {"hostname": "ece-linlab16.ece.gatech.edu", "processid": 1335944, "history": "ExplorerRun.0", "jobmode": "LSCS", "runmode": "Single Run, Sweeps and Corners", "lib": "ECE4130_Project", "cell": "4to16Decoder", "view": "maestro", "icversion": "sub-version  IC23.1-64b.ISR8.40 ", "runstart": "Fri Nov  1 15:39:46 2024\n", "timezonelocal": "+000", "spectreversion": "unknown", "jobpolicyname": "", "maxjobs": "unknown", "ncjobpolicyname": "", "ncmaxjobs": "unknown", "numtests": "1", "runfinished": "unknown", "runelapsed": "-1", "numcorners": "1"}
[2024-11-01 15:39:47.103 -0400] [EVENT] [cadence.virtuoso.ade.pointevaluator] - NewPoint {"history": "ExplorerRun.0", "point": 1, "testname": "ECE4130_Project_4to16Decoder_1", "event": "NewPoint", "EventSource": "unknown", "HistoryName": "ExplorerRun.0", "logFile": "", "logFileSize": "-1", "category": "point-netlist"}
[2024-11-01 15:39:47.104 -0400] [INFO] [cadence.virtuoso.ade.pointevaluator] - Started netlisting {"history": "ExplorerRun.0", "point": 1, "testname": "ECE4130_Project_4to16Decoder_1", "event": "start", "category": "point-netlist"}
[2024-11-01 15:39:49.653 -0400] [INFO] [cadence.virtuoso.ade.pointevaluator] - Finished netlisting {"history": "ExplorerRun.0", "point": 1, "testname": "ECE4130_Project_4to16Decoder_1", "event": "finish", "category": "point-netlist"}
[2024-11-01 15:39:49.653 -0400] [INFO] [cadence.virtuoso.ade.pointevaluator] - Submitted {"history": "ExplorerRun.0", "point": 1, "testname": "ECE4130_Project_4to16Decoder_1"}
[2024-11-01 15:39:51.740 -0400] [PROCESS] [cadence.virtuoso.ade.gui] - /nethome/imix3/ECE4130_M/Project1/ECE6130_Updated/ECE6130_LAB/Cadence/.tmp_imix3/.cmddir0/swiftJob13 is starting {"logfile": "/nethome/imix3/ECE4130_M/Project1/ECE6130_Updated/ECE6130_LAB/Cadence/logs_imix3/logs0/Job13.log"}
[2024-11-01 15:39:51.845 -0400] [PROCESS] [cadence.virtuoso.ade.gui] - Simulation Monitor process '1374036' is starting up on host 'ece-linlab16.ece.gatech.edu' {"logfile": "/nethome/imix3/ECE4130_M/Project1/ECE6130_Updated/ECE6130_LAB/Cadence/logs_imix3/logs0/Job13.log"}
[2024-11-01 15:39:53.959 -0400] [ERROR] [cadence.virtuoso.ade.gui] - Simulation error {"history": "ExplorerRun.0", "point": 1, "testname": "ECE4130_Project_4to16Decoder_1"}
[2024-11-01 15:39:54.123 -0400] [EVENT] [cadence.virtuoso.ade.gui] - HistoryFinished {"point": 1, "testname": "ECE4130_Project_4to16Decoder_1", "event": "HistoryFinished", "EventSource": "unknown", "HistoryName": "ExplorerRun.0"}
[2024-11-01 15:43:53.687 -0400] [EVENT] [cadence.virtuoso.ade.gui] - AddLogFile {"history": "ExplorerRun.0", "point": 1, "testname": "ECE4130_Project_4to16Decoder_1", "event": "AddLogFile", "EventSource": "unknown", "HistoryName": "ExplorerRun.0", "Points": "", "EventLogFile": "", "EventTool": "unknown", "EventTest": ""}
[2024-11-01 15:43:53.690 -0400] [EVENT] [cadence.virtuoso.ade.gui] - NewHistoryCreated {"point": 1, "testname": "ECE4130_Project_4to16Decoder_1", "event": "NewHistoryCreated", "EventSource": "unknown", "history": "ExplorerRun.0", "HistoryName": "ExplorerRun.0", "WorkDir": "/nethome/imix3/ECE4130_M/Project1/ECE6130_Updated/ECE6130_LAB/Cadence", "HistorySimDir": "/nethome/imix3/simulation/ECE4130_Project/4to16Decoder/maestro/results/maestro/ExplorerRun.0", "HistoryResultsDir": "/nethome/imix3/ECE4130_M/Project1/ECE6130_Updated/ECE6130_LAB/Cadence/ECE4130_Project/4to16Decoder/maestro/results/maestro"}
[2024-11-01 15:43:53.693 -0400] [PROCESS] [cadence.virtuoso.ade.gui] - History Setup {"hostname": "ece-linlab16.ece.gatech.edu", "processid": 1335944, "history": "ExplorerRun.0", "testname": "ECE4130_Project_4to16Decoder_1", "point": 1, "jobmode": "LSCS", "runmode": "Single Run, Sweeps and Corners", "lib": "ECE4130_Project", "cell": "4to16Decoder", "view": "maestro", "icversion": "sub-version  IC23.1-64b.ISR8.40 ", "runstart": "Fri Nov  1 15:43:53 2024\n", "timezonelocal": "+000", "spectreversion": "unknown", "jobpolicyname": "", "maxjobs": "unknown", "ncjobpolicyname": "", "ncmaxjobs": "unknown", "numtests": "1", "runfinished": "unknown", "runelapsed": "-1", "numcorners": "1"}
[2024-11-01 15:43:54.894 -0400] [EVENT] [cadence.virtuoso.ade.pointevaluator] - NewPoint {"history": "ExplorerRun.0", "point": 1, "testname": "ECE4130_Project_4to16Decoder_1", "event": "NewPoint", "EventSource": "unknown", "HistoryName": "ExplorerRun.0", "logFile": "", "logFileSize": "-1", "category": "point-netlist"}
[2024-11-01 15:43:54.895 -0400] [INFO] [cadence.virtuoso.ade.pointevaluator] - Started netlisting {"history": "ExplorerRun.0", "point": 1, "testname": "ECE4130_Project_4to16Decoder_1", "event": "start", "category": "point-netlist"}
[2024-11-01 15:43:57.161 -0400] [INFO] [cadence.virtuoso.ade.pointevaluator] - Finished netlisting {"history": "ExplorerRun.0", "point": 1, "testname": "ECE4130_Project_4to16Decoder_1", "event": "finish", "category": "point-netlist"}
[2024-11-01 15:43:57.161 -0400] [INFO] [cadence.virtuoso.ade.pointevaluator] - Submitted {"history": "ExplorerRun.0", "point": 1, "testname": "ECE4130_Project_4to16Decoder_1"}
[2024-11-01 15:43:59.953 -0400] [ERROR] [cadence.virtuoso.ade.gui] - Simulation error {"history": "ExplorerRun.0", "point": 1, "testname": "ECE4130_Project_4to16Decoder_1"}
[2024-11-01 15:44:00.114 -0400] [EVENT] [cadence.virtuoso.ade.gui] - HistoryFinished {"point": 1, "testname": "ECE4130_Project_4to16Decoder_1", "event": "HistoryFinished", "EventSource": "unknown", "HistoryName": "ExplorerRun.0"}
[2024-11-01 15:44:34.401 -0400] [EVENT] [cadence.virtuoso.ade.gui] - AddLogFile {"history": "ExplorerRun.0", "point": 1, "testname": "ECE4130_Project_4to16Decoder_1", "event": "AddLogFile", "EventSource": "unknown", "HistoryName": "ExplorerRun.0", "Points": "", "EventLogFile": "", "EventTool": "unknown", "EventTest": ""}
[2024-11-01 15:44:34.404 -0400] [EVENT] [cadence.virtuoso.ade.gui] - NewHistoryCreated {"point": 1, "testname": "ECE4130_Project_4to16Decoder_1", "event": "NewHistoryCreated", "EventSource": "unknown", "history": "ExplorerRun.0", "HistoryName": "ExplorerRun.0", "WorkDir": "/nethome/imix3/ECE4130_M/Project1/ECE6130_Updated/ECE6130_LAB/Cadence", "HistorySimDir": "/nethome/imix3/simulation/ECE4130_Project/4to16Decoder/maestro/results/maestro/ExplorerRun.0", "HistoryResultsDir": "/nethome/imix3/ECE4130_M/Project1/ECE6130_Updated/ECE6130_LAB/Cadence/ECE4130_Project/4to16Decoder/maestro/results/maestro"}
[2024-11-01 15:44:34.405 -0400] [PROCESS] [cadence.virtuoso.ade.gui] - History Setup {"hostname": "ece-linlab16.ece.gatech.edu", "processid": 1335944, "history": "ExplorerRun.0", "testname": "ECE4130_Project_4to16Decoder_1", "point": 1, "jobmode": "LSCS", "runmode": "Single Run, Sweeps and Corners", "lib": "ECE4130_Project", "cell": "4to16Decoder", "view": "maestro", "icversion": "sub-version  IC23.1-64b.ISR8.40 ", "runstart": "Fri Nov  1 15:44:34 2024\n", "timezonelocal": "+000", "spectreversion": "unknown", "jobpolicyname": "", "maxjobs": "unknown", "ncjobpolicyname": "", "ncmaxjobs": "unknown", "numtests": "1", "runfinished": "unknown", "runelapsed": "-1", "numcorners": "1"}
[2024-11-01 15:44:35.543 -0400] [EVENT] [cadence.virtuoso.ade.pointevaluator] - NewPoint {"history": "ExplorerRun.0", "point": 1, "testname": "ECE4130_Project_4to16Decoder_1", "event": "NewPoint", "EventSource": "unknown", "HistoryName": "ExplorerRun.0", "logFile": "", "logFileSize": "-1", "category": "point-netlist"}
[2024-11-01 15:44:35.544 -0400] [INFO] [cadence.virtuoso.ade.pointevaluator] - Started netlisting {"history": "ExplorerRun.0", "point": 1, "testname": "ECE4130_Project_4to16Decoder_1", "event": "start", "category": "point-netlist"}
[2024-11-01 15:44:37.581 -0400] [INFO] [cadence.virtuoso.ade.pointevaluator] - Finished netlisting {"history": "ExplorerRun.0", "point": 1, "testname": "ECE4130_Project_4to16Decoder_1", "event": "finish", "category": "point-netlist"}
[2024-11-01 15:44:37.582 -0400] [INFO] [cadence.virtuoso.ade.pointevaluator] - Submitted {"history": "ExplorerRun.0", "point": 1, "testname": "ECE4130_Project_4to16Decoder_1"}
[2024-11-01 15:44:41.953 -0400] [INFO] [cadence.virtuoso.ade.gui] - Point completed {"history": "ExplorerRun.0", "point": 1, "testname": "ECE4130_Project_4to16Decoder_1"}
[2024-11-01 15:44:42.127 -0400] [EVENT] [cadence.virtuoso.ade.gui] - HistoryFinished {"point": 1, "testname": "ECE4130_Project_4to16Decoder_1", "event": "HistoryFinished", "EventSource": "unknown", "HistoryName": "ExplorerRun.0"}
[2024-11-01 15:44:55.664 -0400] [PROCESS] [cadence.virtuoso.ade.gui] - Netlist Service '1373445' stopped with exit code '0' {"logfile": "/nethome/imix3/ECE4130_M/Project1/ECE6130_Updated/ECE6130_LAB/Cadence/logs_imix3/logs0/Service12.log"}
[2024-11-01 15:46:22.320 -0400] [EVENT] [cadence.virtuoso.ade.gui] - AddLogFile {"history": "ExplorerRun.0", "point": 1, "testname": "ECE4130_Project_4to16Decoder_1", "event": "AddLogFile", "EventSource": "unknown", "HistoryName": "ExplorerRun.0", "Points": "", "EventLogFile": "", "EventTool": "unknown", "EventTest": ""}
[2024-11-01 15:46:22.324 -0400] [EVENT] [cadence.virtuoso.ade.gui] - NewHistoryCreated {"point": 1, "testname": "ECE4130_Project_4to16Decoder_1", "event": "NewHistoryCreated", "EventSource": "unknown", "history": "ExplorerRun.0", "HistoryName": "ExplorerRun.0", "WorkDir": "/nethome/imix3/ECE4130_M/Project1/ECE6130_Updated/ECE6130_LAB/Cadence", "HistorySimDir": "/nethome/imix3/simulation/ECE4130_Project/4to16Decoder/maestro/results/maestro/ExplorerRun.0", "HistoryResultsDir": "/nethome/imix3/ECE4130_M/Project1/ECE6130_Updated/ECE6130_LAB/Cadence/ECE4130_Project/4to16Decoder/maestro/results/maestro"}
[2024-11-01 15:46:22.325 -0400] [PROCESS] [cadence.virtuoso.ade.gui] - History Setup {"hostname": "ece-linlab16.ece.gatech.edu", "processid": 1335944, "history": "ExplorerRun.0", "testname": "ECE4130_Project_4to16Decoder_1", "point": 1, "jobmode": "LSCS", "runmode": "Single Run, Sweeps and Corners", "lib": "ECE4130_Project", "cell": "4to16Decoder", "view": "maestro", "icversion": "sub-version  IC23.1-64b.ISR8.40 ", "runstart": "Fri Nov  1 15:46:22 2024\n", "timezonelocal": "+000", "spectreversion": "unknown", "jobpolicyname": "", "maxjobs": "unknown", "ncjobpolicyname": "", "ncmaxjobs": "unknown", "numtests": "1", "runfinished": "unknown", "runelapsed": "-1", "numcorners": "1"}
[2024-11-01 15:46:23.502 -0400] [EVENT] [cadence.virtuoso.ade.pointevaluator] - NewPoint {"history": "ExplorerRun.0", "point": 1, "testname": "ECE4130_Project_4to16Decoder_1", "event": "NewPoint", "EventSource": "unknown", "HistoryName": "ExplorerRun.0", "logFile": "", "logFileSize": "-1", "category": "point-netlist"}
[2024-11-01 15:46:23.502 -0400] [INFO] [cadence.virtuoso.ade.pointevaluator] - Started netlisting {"history": "ExplorerRun.0", "point": 1, "testname": "ECE4130_Project_4to16Decoder_1", "event": "start", "category": "point-netlist"}
[2024-11-01 15:46:25.565 -0400] [INFO] [cadence.virtuoso.ade.pointevaluator] - Finished netlisting {"history": "ExplorerRun.0", "point": 1, "testname": "ECE4130_Project_4to16Decoder_1", "event": "finish", "category": "point-netlist"}
[2024-11-01 15:46:25.565 -0400] [INFO] [cadence.virtuoso.ade.pointevaluator] - Submitted {"history": "ExplorerRun.0", "point": 1, "testname": "ECE4130_Project_4to16Decoder_1"}
[2024-11-01 15:46:30.956 -0400] [INFO] [cadence.virtuoso.ade.gui] - Point completed {"history": "ExplorerRun.0", "point": 1, "testname": "ECE4130_Project_4to16Decoder_1"}
[2024-11-01 15:46:31.140 -0400] [EVENT] [cadence.virtuoso.ade.gui] - HistoryFinished {"point": 1, "testname": "ECE4130_Project_4to16Decoder_1", "event": "HistoryFinished", "EventSource": "unknown", "HistoryName": "ExplorerRun.0"}
[2024-11-01 15:52:47.276 -0400] [EVENT] [cadence.virtuoso.ade.gui] - AddLogFile {"history": "ExplorerRun.0", "point": 1, "testname": "ECE4130_Project_4to16Decoder_1", "event": "AddLogFile", "EventSource": "unknown", "HistoryName": "ExplorerRun.0", "Points": "", "EventLogFile": "", "EventTool": "unknown", "EventTest": ""}
[2024-11-01 15:52:47.279 -0400] [EVENT] [cadence.virtuoso.ade.gui] - NewHistoryCreated {"point": 1, "testname": "ECE4130_Project_4to16Decoder_1", "event": "NewHistoryCreated", "EventSource": "unknown", "history": "ExplorerRun.0", "HistoryName": "ExplorerRun.0", "WorkDir": "/nethome/imix3/ECE4130_M/Project1/ECE6130_Updated/ECE6130_LAB/Cadence", "HistorySimDir": "/nethome/imix3/simulation/ECE4130_Project/4to16Decoder/maestro/results/maestro/ExplorerRun.0", "HistoryResultsDir": "/nethome/imix3/ECE4130_M/Project1/ECE6130_Updated/ECE6130_LAB/Cadence/ECE4130_Project/4to16Decoder/maestro/results/maestro"}
[2024-11-01 15:52:47.281 -0400] [PROCESS] [cadence.virtuoso.ade.gui] - History Setup {"hostname": "ece-linlab16.ece.gatech.edu", "processid": 1335944, "history": "ExplorerRun.0", "testname": "ECE4130_Project_4to16Decoder_1", "point": 1, "jobmode": "LSCS", "runmode": "Single Run, Sweeps and Corners", "lib": "ECE4130_Project", "cell": "4to16Decoder", "view": "maestro", "icversion": "sub-version  IC23.1-64b.ISR8.40 ", "runstart": "Fri Nov  1 15:52:47 2024\n", "timezonelocal": "+000", "spectreversion": "unknown", "jobpolicyname": "", "maxjobs": "unknown", "ncjobpolicyname": "", "ncmaxjobs": "unknown", "numtests": "1", "runfinished": "unknown", "runelapsed": "-1", "numcorners": "1"}
[2024-11-01 15:52:48.486 -0400] [EVENT] [cadence.virtuoso.ade.pointevaluator] - NewPoint {"history": "ExplorerRun.0", "point": 1, "testname": "ECE4130_Project_4to16Decoder_1", "event": "NewPoint", "EventSource": "unknown", "HistoryName": "ExplorerRun.0", "logFile": "", "logFileSize": "-1", "category": "point-netlist"}
[2024-11-01 15:52:48.486 -0400] [INFO] [cadence.virtuoso.ade.pointevaluator] - Started netlisting {"history": "ExplorerRun.0", "point": 1, "testname": "ECE4130_Project_4to16Decoder_1", "event": "start", "category": "point-netlist"}
[2024-11-01 15:52:50.701 -0400] [INFO] [cadence.virtuoso.ade.pointevaluator] - Finished netlisting {"history": "ExplorerRun.0", "point": 1, "testname": "ECE4130_Project_4to16Decoder_1", "event": "finish", "category": "point-netlist"}
[2024-11-01 15:52:50.701 -0400] [INFO] [cadence.virtuoso.ade.pointevaluator] - Submitted {"history": "ExplorerRun.0", "point": 1, "testname": "ECE4130_Project_4to16Decoder_1"}
[2024-11-01 15:52:52.963 -0400] [PROCESS] [cadence.virtuoso.ade.gui] - /nethome/imix3/ECE4130_M/Project1/ECE6130_Updated/ECE6130_LAB/Cadence/.tmp_imix3/.cmddir0/swiftJob14 is starting {"logfile": "/nethome/imix3/ECE4130_M/Project1/ECE6130_Updated/ECE6130_LAB/Cadence/logs_imix3/logs0/Job14.log"}
[2024-11-01 15:52:53.068 -0400] [PROCESS] [cadence.virtuoso.ade.gui] - Simulation Monitor process '1384310' is starting up on host 'ece-linlab16.ece.gatech.edu' {"logfile": "/nethome/imix3/ECE4130_M/Project1/ECE6130_Updated/ECE6130_LAB/Cadence/logs_imix3/logs0/Job14.log"}
[2024-11-01 15:52:57.956 -0400] [INFO] [cadence.virtuoso.ade.gui] - Point completed {"history": "ExplorerRun.0", "point": 1, "testname": "ECE4130_Project_4to16Decoder_1"}
[2024-11-01 15:52:58.141 -0400] [EVENT] [cadence.virtuoso.ade.gui] - HistoryFinished {"point": 1, "testname": "ECE4130_Project_4to16Decoder_1", "event": "HistoryFinished", "EventSource": "unknown", "HistoryName": "ExplorerRun.0"}
[2024-11-01 15:53:33.772 -0400] [PROCESS] [cadence.virtuoso.ade.gui] - Logging Service '1373428' stopped with exit code '0' {"logfile": "/nethome/imix3/ECE4130_M/Project1/ECE6130_Updated/ECE6130_LAB/Cadence/logs_imix3/logs0/LoggingService11.log"}
[2024-11-01 16:33:19.649 -0400] [PROCESS] [cadence.virtuoso.ade.gui] - /nethome/imix3/ECE4130_M/Project1/ECE6130_Updated/ECE6130_LAB/Cadence/.tmp_imix3/.cmddir0/swiftLoggingService15 is starting {"logfile": "/nethome/imix3/ECE4130_M/Project1/ECE6130_Updated/ECE6130_LAB/Cadence/logs_imix3/logs0/LoggingService15.log"}
[2024-11-01 16:33:19.762 -0400] [PROCESS] [cadence.virtuoso.ade.gui] - /nethome/imix3/ECE4130_M/Project1/ECE6130_Updated/ECE6130_LAB/Cadence/.tmp_imix3/.cmddir0/swiftNetlistService16 is starting {"logfile": "/nethome/imix3/ECE4130_M/Project1/ECE6130_Updated/ECE6130_LAB/Cadence/logs_imix3/logs0/Service16.log"}
[2024-11-01 16:33:19.762 -0400] [PROCESS] [cadence.virtuoso.ade.gui] - Logging Service '1405918' is starting up on host 'ece-linlab16.ece.gatech.edu' {"logfile": "/nethome/imix3/ECE4130_M/Project1/ECE6130_Updated/ECE6130_LAB/Cadence/logs_imix3/logs0/LoggingService15.log"}
[2024-11-01 16:33:20.800 -0400] [PROCESS] [cadence.virtuoso.ade.gui] - Netlist Service '1405946' is starting up on host 'ece-linlab16.ece.gatech.edu' {"logfile": "/nethome/imix3/ECE4130_M/Project1/ECE6130_Updated/ECE6130_LAB/Cadence/logs_imix3/logs0/Service16.log"}
[2024-11-01 16:38:08.288 -0400] [ERROR] [cadence.virtuoso.ade.gui] - Cannot run simulation because no analysis has been selected. Add an analysis using one of the following ways and rerun the simulation:
  - Click ' Click to Add an Analysis' text in Setup Assistant
  - Click the Choose Analysis button on Run toolbar
  - Choose 'Analyses - Choose' menu option
  - Right-click a test in Setup assistant and choose 'Add Analysis'. Also, select the corresponding checkbox to enable the analysis. {"detailed_message": "", "message_id": "EXPLORER-9059"}
[2024-11-01 16:38:28.355 -0400] [PROCESS] [cadence.virtuoso.ade.gui] - Netlist Service '1405946' stopped with exit code '0' {"logfile": "/nethome/imix3/ECE4130_M/Project1/ECE6130_Updated/ECE6130_LAB/Cadence/logs_imix3/logs0/Service16.log"}
[2024-11-01 16:38:58.029 -0400] [EVENT] [cadence.virtuoso.ade.gui] - AddLogFile {"history": "ExplorerRun.0", "event": "AddLogFile", "EventSource": "unknown", "HistoryName": "ExplorerRun.0", "Points": "", "EventLogFile": "", "EventTool": "unknown", "EventTest": ""}
[2024-11-01 16:38:58.031 -0400] [EVENT] [cadence.virtuoso.ade.gui] - NewHistoryCreated {"event": "NewHistoryCreated", "EventSource": "unknown", "history": "ExplorerRun.0", "HistoryName": "ExplorerRun.0", "WorkDir": "/nethome/imix3/ECE4130_M/Project1/ECE6130_Updated/ECE6130_LAB/Cadence", "HistorySimDir": "/nethome/imix3/simulation/ECE4130_Project/SRAM_SIM/maestro/results/maestro/ExplorerRun.0", "HistoryResultsDir": "/nethome/imix3/ECE4130_M/Project1/ECE6130_Updated/ECE6130_LAB/Cadence/ECE4130_Project/SRAM_SIM/maestro/results/maestro"}
[2024-11-01 16:38:58.033 -0400] [PROCESS] [cadence.virtuoso.ade.gui] - History Setup {"hostname": "ece-linlab16.ece.gatech.edu", "processid": 1335944, "history": "ExplorerRun.0", "jobmode": "LSCS", "runmode": "Single Run, Sweeps and Corners", "lib": "ECE4130_Project", "cell": "SRAM_SIM", "view": "maestro", "icversion": "sub-version  IC23.1-64b.ISR8.40 ", "runstart": "Fri Nov  1 16:38:58 2024\n", "timezonelocal": "+000", "spectreversion": "unknown", "jobpolicyname": "", "maxjobs": "unknown", "ncjobpolicyname": "", "ncmaxjobs": "unknown", "numtests": "1", "runfinished": "unknown", "runelapsed": "-1", "numcorners": "1"}
[2024-11-01 16:38:59.043 -0400] [EVENT] [cadence.virtuoso.ade.pointevaluator] - NewPoint {"history": "ExplorerRun.0", "point": 1, "testname": "ECE4130_Project_SRAM_SIM_1", "event": "NewPoint", "EventSource": "unknown", "HistoryName": "ExplorerRun.0", "logFile": "", "logFileSize": "-1", "category": "point-netlist"}
[2024-11-01 16:38:59.043 -0400] [INFO] [cadence.virtuoso.ade.pointevaluator] - Started netlisting {"history": "ExplorerRun.0", "point": 1, "testname": "ECE4130_Project_SRAM_SIM_1", "event": "start", "category": "point-netlist"}
[2024-11-01 16:39:00.490 -0400] [INFO] [cadence.virtuoso.ade.pointevaluator] - Finished netlisting {"history": "ExplorerRun.0", "point": 1, "testname": "ECE4130_Project_SRAM_SIM_1", "event": "finish", "category": "point-netlist"}
[2024-11-01 16:39:00.490 -0400] [INFO] [cadence.virtuoso.ade.pointevaluator] - Submitted {"history": "ExplorerRun.0", "point": 1, "testname": "ECE4130_Project_SRAM_SIM_1"}
[2024-11-01 16:39:03.800 -0400] [PROCESS] [cadence.virtuoso.ade.gui] - /nethome/imix3/ECE4130_M/Project1/ECE6130_Updated/ECE6130_LAB/Cadence/.tmp_imix3/.cmddir0/swiftJob17 is starting {"logfile": "/nethome/imix3/ECE4130_M/Project1/ECE6130_Updated/ECE6130_LAB/Cadence/logs_imix3/logs0/Job17.log"}
[2024-11-01 16:39:03.905 -0400] [PROCESS] [cadence.virtuoso.ade.gui] - Simulation Monitor process '1410623' is starting up on host 'ece-linlab16.ece.gatech.edu' {"logfile": "/nethome/imix3/ECE4130_M/Project1/ECE6130_Updated/ECE6130_LAB/Cadence/logs_imix3/logs0/Job17.log"}
[2024-11-01 16:39:08.454 -0400] [INFO] [cadence.virtuoso.ade.gui] - Point completed {"history": "ExplorerRun.0", "point": 1, "testname": "ECE4130_Project_SRAM_SIM_1"}
[2024-11-01 16:39:08.661 -0400] [EVENT] [cadence.virtuoso.ade.gui] - HistoryFinished {"point": 1, "testname": "ECE4130_Project_SRAM_SIM_1", "event": "HistoryFinished", "EventSource": "unknown", "HistoryName": "ExplorerRun.0"}
[2024-11-01 16:43:12.925 -0400] [EVENT] [cadence.virtuoso.ade.gui] - AddLogFile {"history": "ExplorerRun.0", "point": 1, "testname": "ECE4130_Project_SRAM_SIM_1", "event": "AddLogFile", "EventSource": "unknown", "HistoryName": "ExplorerRun.0", "Points": "", "EventLogFile": "", "EventTool": "unknown", "EventTest": ""}
[2024-11-01 16:43:12.927 -0400] [EVENT] [cadence.virtuoso.ade.gui] - NewHistoryCreated {"point": 1, "testname": "ECE4130_Project_SRAM_SIM_1", "event": "NewHistoryCreated", "EventSource": "unknown", "history": "ExplorerRun.0", "HistoryName": "ExplorerRun.0", "WorkDir": "/nethome/imix3/ECE4130_M/Project1/ECE6130_Updated/ECE6130_LAB/Cadence", "HistorySimDir": "/nethome/imix3/simulation/ECE4130_Project/SRAM_SIM/maestro/results/maestro/ExplorerRun.0", "HistoryResultsDir": "/nethome/imix3/ECE4130_M/Project1/ECE6130_Updated/ECE6130_LAB/Cadence/ECE4130_Project/SRAM_SIM/maestro/results/maestro"}
[2024-11-01 16:43:12.928 -0400] [PROCESS] [cadence.virtuoso.ade.gui] - History Setup {"hostname": "ece-linlab16.ece.gatech.edu", "processid": 1335944, "history": "ExplorerRun.0", "testname": "ECE4130_Project_SRAM_SIM_1", "point": 1, "jobmode": "LSCS", "runmode": "Single Run, Sweeps and Corners", "lib": "ECE4130_Project", "cell": "SRAM_SIM", "view": "maestro", "icversion": "sub-version  IC23.1-64b.ISR8.40 ", "runstart": "Fri Nov  1 16:43:12 2024\n", "timezonelocal": "+000", "spectreversion": "unknown", "jobpolicyname": "", "maxjobs": "unknown", "ncjobpolicyname": "", "ncmaxjobs": "unknown", "numtests": "1", "runfinished": "unknown", "runelapsed": "-1", "numcorners": "1"}
[2024-11-01 16:43:14.006 -0400] [EVENT] [cadence.virtuoso.ade.pointevaluator] - NewPoint {"history": "ExplorerRun.0", "point": 1, "testname": "ECE4130_Project_SRAM_SIM_1", "event": "NewPoint", "EventSource": "unknown", "HistoryName": "ExplorerRun.0", "logFile": "", "logFileSize": "-1", "category": "point-netlist"}
[2024-11-01 16:43:14.006 -0400] [INFO] [cadence.virtuoso.ade.pointevaluator] - Started netlisting {"history": "ExplorerRun.0", "point": 1, "testname": "ECE4130_Project_SRAM_SIM_1", "event": "start", "category": "point-netlist"}
[2024-11-01 16:43:15.393 -0400] [INFO] [cadence.virtuoso.ade.pointevaluator] - Finished netlisting {"history": "ExplorerRun.0", "point": 1, "testname": "ECE4130_Project_SRAM_SIM_1", "event": "finish", "category": "point-netlist"}
[2024-11-01 16:43:15.393 -0400] [INFO] [cadence.virtuoso.ade.pointevaluator] - Submitted {"history": "ExplorerRun.0", "point": 1, "testname": "ECE4130_Project_SRAM_SIM_1"}
[2024-11-01 16:43:20.453 -0400] [INFO] [cadence.virtuoso.ade.gui] - Point completed {"history": "ExplorerRun.0", "point": 1, "testname": "ECE4130_Project_SRAM_SIM_1"}
[2024-11-01 16:43:20.615 -0400] [EVENT] [cadence.virtuoso.ade.gui] - HistoryFinished {"point": 1, "testname": "ECE4130_Project_SRAM_SIM_1", "event": "HistoryFinished", "EventSource": "unknown", "HistoryName": "ExplorerRun.0"}
[2024-11-01 16:44:47.653 -0400] [EVENT] [cadence.virtuoso.ade.gui] - AddLogFile {"history": "ExplorerRun.0", "point": 1, "testname": "ECE4130_Project_SRAM_SIM_1", "event": "AddLogFile", "EventSource": "unknown", "HistoryName": "ExplorerRun.0", "Points": "", "EventLogFile": "", "EventTool": "unknown", "EventTest": ""}
[2024-11-01 16:44:47.655 -0400] [EVENT] [cadence.virtuoso.ade.gui] - NewHistoryCreated {"point": 1, "testname": "ECE4130_Project_SRAM_SIM_1", "event": "NewHistoryCreated", "EventSource": "unknown", "history": "ExplorerRun.0", "HistoryName": "ExplorerRun.0", "WorkDir": "/nethome/imix3/ECE4130_M/Project1/ECE6130_Updated/ECE6130_LAB/Cadence", "HistorySimDir": "/nethome/imix3/simulation/ECE4130_Project/SRAM_SIM/maestro/results/maestro/ExplorerRun.0", "HistoryResultsDir": "/nethome/imix3/ECE4130_M/Project1/ECE6130_Updated/ECE6130_LAB/Cadence/ECE4130_Project/SRAM_SIM/maestro/results/maestro"}
[2024-11-01 16:44:47.657 -0400] [PROCESS] [cadence.virtuoso.ade.gui] - History Setup {"hostname": "ece-linlab16.ece.gatech.edu", "processid": 1335944, "history": "ExplorerRun.0", "testname": "ECE4130_Project_SRAM_SIM_1", "point": 1, "jobmode": "LSCS", "runmode": "Single Run, Sweeps and Corners", "lib": "ECE4130_Project", "cell": "SRAM_SIM", "view": "maestro", "icversion": "sub-version  IC23.1-64b.ISR8.40 ", "runstart": "Fri Nov  1 16:44:47 2024\n", "timezonelocal": "+000", "spectreversion": "unknown", "jobpolicyname": "", "maxjobs": "unknown", "ncjobpolicyname": "", "ncmaxjobs": "unknown", "numtests": "1", "runfinished": "unknown", "runelapsed": "-1", "numcorners": "1"}
[2024-11-01 16:44:48.755 -0400] [EVENT] [cadence.virtuoso.ade.pointevaluator] - NewPoint {"history": "ExplorerRun.0", "point": 1, "testname": "ECE4130_Project_SRAM_SIM_1", "event": "NewPoint", "EventSource": "unknown", "HistoryName": "ExplorerRun.0", "logFile": "", "logFileSize": "-1", "category": "point-netlist"}
[2024-11-01 16:44:48.755 -0400] [INFO] [cadence.virtuoso.ade.pointevaluator] - Started netlisting {"history": "ExplorerRun.0", "point": 1, "testname": "ECE4130_Project_SRAM_SIM_1", "event": "start", "category": "point-netlist"}
[2024-11-01 16:44:50.120 -0400] [INFO] [cadence.virtuoso.ade.pointevaluator] - Finished netlisting {"history": "ExplorerRun.0", "point": 1, "testname": "ECE4130_Project_SRAM_SIM_1", "event": "finish", "category": "point-netlist"}
[2024-11-01 16:44:50.120 -0400] [INFO] [cadence.virtuoso.ade.pointevaluator] - Submitted {"history": "ExplorerRun.0", "point": 1, "testname": "ECE4130_Project_SRAM_SIM_1"}
[2024-11-01 16:44:55.453 -0400] [INFO] [cadence.virtuoso.ade.gui] - Point completed {"history": "ExplorerRun.0", "point": 1, "testname": "ECE4130_Project_SRAM_SIM_1"}
[2024-11-01 16:44:55.624 -0400] [EVENT] [cadence.virtuoso.ade.gui] - HistoryFinished {"point": 1, "testname": "ECE4130_Project_SRAM_SIM_1", "event": "HistoryFinished", "EventSource": "unknown", "HistoryName": "ExplorerRun.0"}
[2024-11-01 16:51:49.796 -0400] [EVENT] [cadence.virtuoso.ade.gui] - AddLogFile {"history": "ExplorerRun.0", "point": 1, "testname": "ECE4130_Project_SRAM_SIM_1", "event": "AddLogFile", "EventSource": "unknown", "HistoryName": "ExplorerRun.0", "Points": "", "EventLogFile": "", "EventTool": "unknown", "EventTest": ""}
[2024-11-01 16:51:49.797 -0400] [EVENT] [cadence.virtuoso.ade.gui] - NewHistoryCreated {"point": 1, "testname": "ECE4130_Project_SRAM_SIM_1", "event": "NewHistoryCreated", "EventSource": "unknown", "history": "ExplorerRun.0", "HistoryName": "ExplorerRun.0", "WorkDir": "/nethome/imix3/ECE4130_M/Project1/ECE6130_Updated/ECE6130_LAB/Cadence", "HistorySimDir": "/nethome/imix3/simulation/ECE4130_Project/SRAM_SIM/maestro/results/maestro/ExplorerRun.0", "HistoryResultsDir": "/nethome/imix3/ECE4130_M/Project1/ECE6130_Updated/ECE6130_LAB/Cadence/ECE4130_Project/SRAM_SIM/maestro/results/maestro"}
[2024-11-01 16:51:49.799 -0400] [PROCESS] [cadence.virtuoso.ade.gui] - History Setup {"hostname": "ece-linlab16.ece.gatech.edu", "processid": 1335944, "history": "ExplorerRun.0", "testname": "ECE4130_Project_SRAM_SIM_1", "point": 1, "jobmode": "LSCS", "runmode": "Single Run, Sweeps and Corners", "lib": "ECE4130_Project", "cell": "SRAM_SIM", "view": "maestro", "icversion": "sub-version  IC23.1-64b.ISR8.40 ", "runstart": "Fri Nov  1 16:51:49 2024\n", "timezonelocal": "+000", "spectreversion": "unknown", "jobpolicyname": "", "maxjobs": "unknown", "ncjobpolicyname": "", "ncmaxjobs": "unknown", "numtests": "1", "runfinished": "unknown", "runelapsed": "-1", "numcorners": "1"}
[2024-11-01 16:51:50.920 -0400] [EVENT] [cadence.virtuoso.ade.pointevaluator] - NewPoint {"history": "ExplorerRun.0", "point": 1, "testname": "ECE4130_Project_SRAM_SIM_1", "event": "NewPoint", "EventSource": "unknown", "HistoryName": "ExplorerRun.0", "logFile": "", "logFileSize": "-1", "category": "point-netlist"}
[2024-11-01 16:51:50.921 -0400] [INFO] [cadence.virtuoso.ade.pointevaluator] - Started netlisting {"history": "ExplorerRun.0", "point": 1, "testname": "ECE4130_Project_SRAM_SIM_1", "event": "start", "category": "point-netlist"}
[2024-11-01 16:51:52.662 -0400] [INFO] [cadence.virtuoso.ade.pointevaluator] - Finished netlisting {"history": "ExplorerRun.0", "point": 1, "testname": "ECE4130_Project_SRAM_SIM_1", "event": "finish", "category": "point-netlist"}
[2024-11-01 16:51:52.662 -0400] [INFO] [cadence.virtuoso.ade.pointevaluator] - Submitted {"history": "ExplorerRun.0", "point": 1, "testname": "ECE4130_Project_SRAM_SIM_1"}
[2024-11-01 16:51:55.084 -0400] [PROCESS] [cadence.virtuoso.ade.gui] - /nethome/imix3/ECE4130_M/Project1/ECE6130_Updated/ECE6130_LAB/Cadence/.tmp_imix3/.cmddir0/swiftJob18 is starting {"logfile": "/nethome/imix3/ECE4130_M/Project1/ECE6130_Updated/ECE6130_LAB/Cadence/logs_imix3/logs0/Job18.log"}
[2024-11-01 16:51:55.189 -0400] [PROCESS] [cadence.virtuoso.ade.gui] - Simulation Monitor process '1418893' is starting up on host 'ece-linlab16.ece.gatech.edu' {"logfile": "/nethome/imix3/ECE4130_M/Project1/ECE6130_Updated/ECE6130_LAB/Cadence/logs_imix3/logs0/Job18.log"}
[2024-11-01 16:51:59.453 -0400] [INFO] [cadence.virtuoso.ade.gui] - Point completed {"history": "ExplorerRun.0", "point": 1, "testname": "ECE4130_Project_SRAM_SIM_1"}
[2024-11-01 16:51:59.616 -0400] [EVENT] [cadence.virtuoso.ade.gui] - HistoryFinished {"point": 1, "testname": "ECE4130_Project_SRAM_SIM_1", "event": "HistoryFinished", "EventSource": "unknown", "HistoryName": "ExplorerRun.0"}
[2024-11-01 16:53:17.808 -0400] [EVENT] [cadence.virtuoso.ade.gui] - AddLogFile {"history": "ExplorerRun.0", "point": 1, "testname": "ECE4130_Project_SRAM_SIM_1", "event": "AddLogFile", "EventSource": "unknown", "HistoryName": "ExplorerRun.0", "Points": "", "EventLogFile": "", "EventTool": "unknown", "EventTest": ""}
[2024-11-01 16:53:17.814 -0400] [EVENT] [cadence.virtuoso.ade.gui] - NewHistoryCreated {"point": 1, "testname": "ECE4130_Project_SRAM_SIM_1", "event": "NewHistoryCreated", "EventSource": "unknown", "history": "ExplorerRun.0", "HistoryName": "ExplorerRun.0", "WorkDir": "/nethome/imix3/ECE4130_M/Project1/ECE6130_Updated/ECE6130_LAB/Cadence", "HistorySimDir": "/nethome/imix3/simulation/ECE4130_Project/SRAM_SIM/maestro/results/maestro/ExplorerRun.0", "HistoryResultsDir": "/nethome/imix3/ECE4130_M/Project1/ECE6130_Updated/ECE6130_LAB/Cadence/ECE4130_Project/SRAM_SIM/maestro/results/maestro"}
[2024-11-01 16:53:17.817 -0400] [PROCESS] [cadence.virtuoso.ade.gui] - History Setup {"hostname": "ece-linlab16.ece.gatech.edu", "processid": 1335944, "history": "ExplorerRun.0", "testname": "ECE4130_Project_SRAM_SIM_1", "point": 1, "jobmode": "LSCS", "runmode": "Single Run, Sweeps and Corners", "lib": "ECE4130_Project", "cell": "SRAM_SIM", "view": "maestro", "icversion": "sub-version  IC23.1-64b.ISR8.40 ", "runstart": "Fri Nov  1 16:53:17 2024\n", "timezonelocal": "+000", "spectreversion": "unknown", "jobpolicyname": "", "maxjobs": "unknown", "ncjobpolicyname": "", "ncmaxjobs": "unknown", "numtests": "1", "runfinished": "unknown", "runelapsed": "-1", "numcorners": "1"}
[2024-11-01 16:53:18.940 -0400] [EVENT] [cadence.virtuoso.ade.pointevaluator] - NewPoint {"history": "ExplorerRun.0", "point": 1, "testname": "ECE4130_Project_SRAM_SIM_1", "event": "NewPoint", "EventSource": "unknown", "HistoryName": "ExplorerRun.0", "logFile": "", "logFileSize": "-1", "category": "point-netlist"}
[2024-11-01 16:53:18.941 -0400] [INFO] [cadence.virtuoso.ade.pointevaluator] - Started netlisting {"history": "ExplorerRun.0", "point": 1, "testname": "ECE4130_Project_SRAM_SIM_1", "event": "start", "category": "point-netlist"}
[2024-11-01 16:53:20.673 -0400] [INFO] [cadence.virtuoso.ade.pointevaluator] - Finished netlisting {"history": "ExplorerRun.0", "point": 1, "testname": "ECE4130_Project_SRAM_SIM_1", "event": "finish", "category": "point-netlist"}
[2024-11-01 16:53:20.674 -0400] [INFO] [cadence.virtuoso.ade.pointevaluator] - Submitted {"history": "ExplorerRun.0", "point": 1, "testname": "ECE4130_Project_SRAM_SIM_1"}
[2024-11-01 16:53:25.453 -0400] [INFO] [cadence.virtuoso.ade.gui] - Point completed {"history": "ExplorerRun.0", "point": 1, "testname": "ECE4130_Project_SRAM_SIM_1"}
[2024-11-01 16:53:25.619 -0400] [EVENT] [cadence.virtuoso.ade.gui] - HistoryFinished {"point": 1, "testname": "ECE4130_Project_SRAM_SIM_1", "event": "HistoryFinished", "EventSource": "unknown", "HistoryName": "ExplorerRun.0"}
[2024-11-01 16:54:27.868 -0400] [EVENT] [cadence.virtuoso.ade.gui] - AddLogFile {"history": "ExplorerRun.0", "point": 1, "testname": "ECE4130_Project_SRAM_SIM_1", "event": "AddLogFile", "EventSource": "unknown", "HistoryName": "ExplorerRun.0", "Points": "", "EventLogFile": "", "EventTool": "unknown", "EventTest": ""}
[2024-11-01 16:54:27.870 -0400] [EVENT] [cadence.virtuoso.ade.gui] - NewHistoryCreated {"point": 1, "testname": "ECE4130_Project_SRAM_SIM_1", "event": "NewHistoryCreated", "EventSource": "unknown", "history": "ExplorerRun.0", "HistoryName": "ExplorerRun.0", "WorkDir": "/nethome/imix3/ECE4130_M/Project1/ECE6130_Updated/ECE6130_LAB/Cadence", "HistorySimDir": "/nethome/imix3/simulation/ECE4130_Project/SRAM_SIM/maestro/results/maestro/ExplorerRun.0", "HistoryResultsDir": "/nethome/imix3/ECE4130_M/Project1/ECE6130_Updated/ECE6130_LAB/Cadence/ECE4130_Project/SRAM_SIM/maestro/results/maestro"}
[2024-11-01 16:54:27.872 -0400] [PROCESS] [cadence.virtuoso.ade.gui] - History Setup {"hostname": "ece-linlab16.ece.gatech.edu", "processid": 1335944, "history": "ExplorerRun.0", "testname": "ECE4130_Project_SRAM_SIM_1", "point": 1, "jobmode": "LSCS", "runmode": "Single Run, Sweeps and Corners", "lib": "ECE4130_Project", "cell": "SRAM_SIM", "view": "maestro", "icversion": "sub-version  IC23.1-64b.ISR8.40 ", "runstart": "Fri Nov  1 16:54:27 2024\n", "timezonelocal": "+000", "spectreversion": "unknown", "jobpolicyname": "", "maxjobs": "unknown", "ncjobpolicyname": "", "ncmaxjobs": "unknown", "numtests": "1", "runfinished": "unknown", "runelapsed": "-1", "numcorners": "1"}
[2024-11-01 16:54:28.998 -0400] [EVENT] [cadence.virtuoso.ade.pointevaluator] - NewPoint {"history": "ExplorerRun.0", "point": 1, "testname": "ECE4130_Project_SRAM_SIM_1", "event": "NewPoint", "EventSource": "unknown", "HistoryName": "ExplorerRun.0", "logFile": "", "logFileSize": "-1", "category": "point-netlist"}
[2024-11-01 16:54:28.999 -0400] [INFO] [cadence.virtuoso.ade.pointevaluator] - Started netlisting {"history": "ExplorerRun.0", "point": 1, "testname": "ECE4130_Project_SRAM_SIM_1", "event": "start", "category": "point-netlist"}
[2024-11-01 16:54:30.797 -0400] [INFO] [cadence.virtuoso.ade.pointevaluator] - Finished netlisting {"history": "ExplorerRun.0", "point": 1, "testname": "ECE4130_Project_SRAM_SIM_1", "event": "finish", "category": "point-netlist"}
[2024-11-01 16:54:30.798 -0400] [INFO] [cadence.virtuoso.ade.pointevaluator] - Submitted {"history": "ExplorerRun.0", "point": 1, "testname": "ECE4130_Project_SRAM_SIM_1"}
[2024-11-01 16:54:35.454 -0400] [INFO] [cadence.virtuoso.ade.gui] - Point completed {"history": "ExplorerRun.0", "point": 1, "testname": "ECE4130_Project_SRAM_SIM_1"}
[2024-11-01 16:54:35.622 -0400] [EVENT] [cadence.virtuoso.ade.gui] - HistoryFinished {"point": 1, "testname": "ECE4130_Project_SRAM_SIM_1", "event": "HistoryFinished", "EventSource": "unknown", "HistoryName": "ExplorerRun.0"}
[2024-11-01 16:56:20.847 -0400] [EVENT] [cadence.virtuoso.ade.gui] - AddLogFile {"history": "ExplorerRun.0", "point": 1, "testname": "ECE4130_Project_SRAM_SIM_1", "event": "AddLogFile", "EventSource": "unknown", "HistoryName": "ExplorerRun.0", "Points": "", "EventLogFile": "", "EventTool": "unknown", "EventTest": ""}
[2024-11-01 16:56:20.849 -0400] [EVENT] [cadence.virtuoso.ade.gui] - NewHistoryCreated {"point": 1, "testname": "ECE4130_Project_SRAM_SIM_1", "event": "NewHistoryCreated", "EventSource": "unknown", "history": "ExplorerRun.0", "HistoryName": "ExplorerRun.0", "WorkDir": "/nethome/imix3/ECE4130_M/Project1/ECE6130_Updated/ECE6130_LAB/Cadence", "HistorySimDir": "/nethome/imix3/simulation/ECE4130_Project/SRAM_SIM/maestro/results/maestro/ExplorerRun.0", "HistoryResultsDir": "/nethome/imix3/ECE4130_M/Project1/ECE6130_Updated/ECE6130_LAB/Cadence/ECE4130_Project/SRAM_SIM/maestro/results/maestro"}
[2024-11-01 16:56:20.851 -0400] [PROCESS] [cadence.virtuoso.ade.gui] - History Setup {"hostname": "ece-linlab16.ece.gatech.edu", "processid": 1335944, "history": "ExplorerRun.0", "testname": "ECE4130_Project_SRAM_SIM_1", "point": 1, "jobmode": "LSCS", "runmode": "Single Run, Sweeps and Corners", "lib": "ECE4130_Project", "cell": "SRAM_SIM", "view": "maestro", "icversion": "sub-version  IC23.1-64b.ISR8.40 ", "runstart": "Fri Nov  1 16:56:20 2024\n", "timezonelocal": "+000", "spectreversion": "unknown", "jobpolicyname": "", "maxjobs": "unknown", "ncjobpolicyname": "", "ncmaxjobs": "unknown", "numtests": "1", "runfinished": "unknown", "runelapsed": "-1", "numcorners": "1"}
[2024-11-01 16:56:21.976 -0400] [EVENT] [cadence.virtuoso.ade.pointevaluator] - NewPoint {"history": "ExplorerRun.0", "point": 1, "testname": "ECE4130_Project_SRAM_SIM_1", "event": "NewPoint", "EventSource": "unknown", "HistoryName": "ExplorerRun.0", "logFile": "", "logFileSize": "-1", "category": "point-netlist"}
[2024-11-01 16:56:21.977 -0400] [INFO] [cadence.virtuoso.ade.pointevaluator] - Started netlisting {"history": "ExplorerRun.0", "point": 1, "testname": "ECE4130_Project_SRAM_SIM_1", "event": "start", "category": "point-netlist"}
[2024-11-01 16:56:23.937 -0400] [INFO] [cadence.virtuoso.ade.pointevaluator] - Finished netlisting {"history": "ExplorerRun.0", "point": 1, "testname": "ECE4130_Project_SRAM_SIM_1", "event": "finish", "category": "point-netlist"}
[2024-11-01 16:56:23.937 -0400] [INFO] [cadence.virtuoso.ade.pointevaluator] - Submitted {"history": "ExplorerRun.0", "point": 1, "testname": "ECE4130_Project_SRAM_SIM_1"}
[2024-11-01 16:56:29.453 -0400] [INFO] [cadence.virtuoso.ade.gui] - Point completed {"history": "ExplorerRun.0", "point": 1, "testname": "ECE4130_Project_SRAM_SIM_1"}
[2024-11-01 16:56:29.618 -0400] [EVENT] [cadence.virtuoso.ade.gui] - HistoryFinished {"point": 1, "testname": "ECE4130_Project_SRAM_SIM_1", "event": "HistoryFinished", "EventSource": "unknown", "HistoryName": "ExplorerRun.0"}
[2024-11-01 17:02:54.250 -0400] [EVENT] [cadence.virtuoso.ade.gui] - AddLogFile {"history": "ExplorerRun.0", "point": 1, "testname": "ECE4130_Project_SRAM_SIM_1", "event": "AddLogFile", "EventSource": "unknown", "HistoryName": "ExplorerRun.0", "Points": "", "EventLogFile": "", "EventTool": "unknown", "EventTest": ""}
[2024-11-01 17:02:54.252 -0400] [EVENT] [cadence.virtuoso.ade.gui] - NewHistoryCreated {"point": 1, "testname": "ECE4130_Project_SRAM_SIM_1", "event": "NewHistoryCreated", "EventSource": "unknown", "history": "ExplorerRun.0", "HistoryName": "ExplorerRun.0", "WorkDir": "/nethome/imix3/ECE4130_M/Project1/ECE6130_Updated/ECE6130_LAB/Cadence", "HistorySimDir": "/nethome/imix3/simulation/ECE4130_Project/SRAM_SIM/maestro/results/maestro/ExplorerRun.0", "HistoryResultsDir": "/nethome/imix3/ECE4130_M/Project1/ECE6130_Updated/ECE6130_LAB/Cadence/ECE4130_Project/SRAM_SIM/maestro/results/maestro"}
[2024-11-01 17:02:54.253 -0400] [PROCESS] [cadence.virtuoso.ade.gui] - History Setup {"hostname": "ece-linlab16.ece.gatech.edu", "processid": 1335944, "history": "ExplorerRun.0", "testname": "ECE4130_Project_SRAM_SIM_1", "point": 1, "jobmode": "LSCS", "runmode": "Single Run, Sweeps and Corners", "lib": "ECE4130_Project", "cell": "SRAM_SIM", "view": "maestro", "icversion": "sub-version  IC23.1-64b.ISR8.40 ", "runstart": "Fri Nov  1 17:02:54 2024\n", "timezonelocal": "+000", "spectreversion": "unknown", "jobpolicyname": "", "maxjobs": "unknown", "ncjobpolicyname": "", "ncmaxjobs": "unknown", "numtests": "1", "runfinished": "unknown", "runelapsed": "-1", "numcorners": "1"}
[2024-11-01 17:02:55.420 -0400] [EVENT] [cadence.virtuoso.ade.pointevaluator] - NewPoint {"history": "ExplorerRun.0", "point": 1, "testname": "ECE4130_Project_SRAM_SIM_1", "event": "NewPoint", "EventSource": "unknown", "HistoryName": "ExplorerRun.0", "logFile": "", "logFileSize": "-1", "category": "point-netlist"}
[2024-11-01 17:02:55.420 -0400] [INFO] [cadence.virtuoso.ade.pointevaluator] - Started netlisting {"history": "ExplorerRun.0", "point": 1, "testname": "ECE4130_Project_SRAM_SIM_1", "event": "start", "category": "point-netlist"}
[2024-11-01 17:02:57.224 -0400] [INFO] [cadence.virtuoso.ade.pointevaluator] - Finished netlisting {"history": "ExplorerRun.0", "point": 1, "testname": "ECE4130_Project_SRAM_SIM_1", "event": "finish", "category": "point-netlist"}
[2024-11-01 17:02:57.224 -0400] [INFO] [cadence.virtuoso.ade.pointevaluator] - Submitted {"history": "ExplorerRun.0", "point": 1, "testname": "ECE4130_Project_SRAM_SIM_1"}
[2024-11-01 17:02:59.977 -0400] [PROCESS] [cadence.virtuoso.ade.gui] - /nethome/imix3/ECE4130_M/Project1/ECE6130_Updated/ECE6130_LAB/Cadence/.tmp_imix3/.cmddir0/swiftJob19 is starting {"logfile": "/nethome/imix3/ECE4130_M/Project1/ECE6130_Updated/ECE6130_LAB/Cadence/logs_imix3/logs0/Job19.log"}
[2024-11-01 17:03:00.093 -0400] [PROCESS] [cadence.virtuoso.ade.gui] - Simulation Monitor process '1426636' is starting up on host 'ece-linlab16.ece.gatech.edu' {"logfile": "/nethome/imix3/ECE4130_M/Project1/ECE6130_Updated/ECE6130_LAB/Cadence/logs_imix3/logs0/Job19.log"}
[2024-11-01 17:03:05.454 -0400] [INFO] [cadence.virtuoso.ade.gui] - Point completed {"history": "ExplorerRun.0", "point": 1, "testname": "ECE4130_Project_SRAM_SIM_1"}
[2024-11-01 17:03:05.640 -0400] [EVENT] [cadence.virtuoso.ade.gui] - HistoryFinished {"point": 1, "testname": "ECE4130_Project_SRAM_SIM_1", "event": "HistoryFinished", "EventSource": "unknown", "HistoryName": "ExplorerRun.0"}
[2024-11-01 17:09:25.140 -0400] [EVENT] [cadence.virtuoso.ade.gui] - AddLogFile {"history": "ExplorerRun.0", "point": 1, "testname": "ECE4130_Project_SRAM_SIM_1", "event": "AddLogFile", "EventSource": "unknown", "HistoryName": "ExplorerRun.0", "Points": "", "EventLogFile": "", "EventTool": "unknown", "EventTest": ""}
[2024-11-01 17:09:25.141 -0400] [EVENT] [cadence.virtuoso.ade.gui] - NewHistoryCreated {"point": 1, "testname": "ECE4130_Project_SRAM_SIM_1", "event": "NewHistoryCreated", "EventSource": "unknown", "history": "ExplorerRun.0", "HistoryName": "ExplorerRun.0", "WorkDir": "/nethome/imix3/ECE4130_M/Project1/ECE6130_Updated/ECE6130_LAB/Cadence", "HistorySimDir": "/nethome/imix3/simulation/ECE4130_Project/SRAM_SIM/maestro/results/maestro/ExplorerRun.0", "HistoryResultsDir": "/nethome/imix3/ECE4130_M/Project1/ECE6130_Updated/ECE6130_LAB/Cadence/ECE4130_Project/SRAM_SIM/maestro/results/maestro"}
[2024-11-01 17:09:25.143 -0400] [PROCESS] [cadence.virtuoso.ade.gui] - History Setup {"hostname": "ece-linlab16.ece.gatech.edu", "processid": 1335944, "history": "ExplorerRun.0", "testname": "ECE4130_Project_SRAM_SIM_1", "point": 1, "jobmode": "LSCS", "runmode": "Single Run, Sweeps and Corners", "lib": "ECE4130_Project", "cell": "SRAM_SIM", "view": "maestro", "icversion": "sub-version  IC23.1-64b.ISR8.40 ", "runstart": "Fri Nov  1 17:09:25 2024\n", "timezonelocal": "+000", "spectreversion": "unknown", "jobpolicyname": "", "maxjobs": "unknown", "ncjobpolicyname": "", "ncmaxjobs": "unknown", "numtests": "1", "runfinished": "unknown", "runelapsed": "-1", "numcorners": "1"}
[2024-11-01 17:09:26.325 -0400] [EVENT] [cadence.virtuoso.ade.pointevaluator] - NewPoint {"history": "ExplorerRun.0", "point": 1, "testname": "ECE4130_Project_SRAM_SIM_1", "event": "NewPoint", "EventSource": "unknown", "HistoryName": "ExplorerRun.0", "logFile": "", "logFileSize": "-1", "category": "point-netlist"}
[2024-11-01 17:09:26.326 -0400] [INFO] [cadence.virtuoso.ade.pointevaluator] - Started netlisting {"history": "ExplorerRun.0", "point": 1, "testname": "ECE4130_Project_SRAM_SIM_1", "event": "start", "category": "point-netlist"}
[2024-11-01 17:09:28.402 -0400] [INFO] [cadence.virtuoso.ade.pointevaluator] - Finished netlisting {"history": "ExplorerRun.0", "point": 1, "testname": "ECE4130_Project_SRAM_SIM_1", "event": "finish", "category": "point-netlist"}
[2024-11-01 17:09:28.402 -0400] [INFO] [cadence.virtuoso.ade.pointevaluator] - Submitted {"history": "ExplorerRun.0", "point": 1, "testname": "ECE4130_Project_SRAM_SIM_1"}
[2024-11-01 17:09:30.952 -0400] [PROCESS] [cadence.virtuoso.ade.gui] - /nethome/imix3/ECE4130_M/Project1/ECE6130_Updated/ECE6130_LAB/Cadence/.tmp_imix3/.cmddir0/swiftJob20 is starting {"logfile": "/nethome/imix3/ECE4130_M/Project1/ECE6130_Updated/ECE6130_LAB/Cadence/logs_imix3/logs0/Job20.log"}
[2024-11-01 17:09:31.057 -0400] [PROCESS] [cadence.virtuoso.ade.gui] - Simulation Monitor process '1430500' is starting up on host 'ece-linlab16.ece.gatech.edu' {"logfile": "/nethome/imix3/ECE4130_M/Project1/ECE6130_Updated/ECE6130_LAB/Cadence/logs_imix3/logs0/Job20.log"}
[2024-11-01 17:09:36.454 -0400] [INFO] [cadence.virtuoso.ade.gui] - Point completed {"history": "ExplorerRun.0", "point": 1, "testname": "ECE4130_Project_SRAM_SIM_1"}
[2024-11-01 17:09:36.626 -0400] [EVENT] [cadence.virtuoso.ade.gui] - HistoryFinished {"point": 1, "testname": "ECE4130_Project_SRAM_SIM_1", "event": "HistoryFinished", "EventSource": "unknown", "HistoryName": "ExplorerRun.0"}
[2024-11-01 17:11:18.571 -0400] [EVENT] [cadence.virtuoso.ade.gui] - AddLogFile {"history": "ExplorerRun.0", "point": 1, "testname": "ECE4130_Project_SRAM_SIM_1", "event": "AddLogFile", "EventSource": "unknown", "HistoryName": "ExplorerRun.0", "Points": "", "EventLogFile": "", "EventTool": "unknown", "EventTest": ""}
[2024-11-01 17:11:18.572 -0400] [EVENT] [cadence.virtuoso.ade.gui] - NewHistoryCreated {"point": 1, "testname": "ECE4130_Project_SRAM_SIM_1", "event": "NewHistoryCreated", "EventSource": "unknown", "history": "ExplorerRun.0", "HistoryName": "ExplorerRun.0", "WorkDir": "/nethome/imix3/ECE4130_M/Project1/ECE6130_Updated/ECE6130_LAB/Cadence", "HistorySimDir": "/nethome/imix3/simulation/ECE4130_Project/SRAM_SIM/maestro/results/maestro/ExplorerRun.0", "HistoryResultsDir": "/nethome/imix3/ECE4130_M/Project1/ECE6130_Updated/ECE6130_LAB/Cadence/ECE4130_Project/SRAM_SIM/maestro/results/maestro"}
[2024-11-01 17:11:18.574 -0400] [PROCESS] [cadence.virtuoso.ade.gui] - History Setup {"hostname": "ece-linlab16.ece.gatech.edu", "processid": 1335944, "history": "ExplorerRun.0", "testname": "ECE4130_Project_SRAM_SIM_1", "point": 1, "jobmode": "LSCS", "runmode": "Single Run, Sweeps and Corners", "lib": "ECE4130_Project", "cell": "SRAM_SIM", "view": "maestro", "icversion": "sub-version  IC23.1-64b.ISR8.40 ", "runstart": "Fri Nov  1 17:11:18 2024\n", "timezonelocal": "+000", "spectreversion": "unknown", "jobpolicyname": "", "maxjobs": "unknown", "ncjobpolicyname": "", "ncmaxjobs": "unknown", "numtests": "1", "runfinished": "unknown", "runelapsed": "-1", "numcorners": "1"}
[2024-11-01 17:11:19.707 -0400] [EVENT] [cadence.virtuoso.ade.pointevaluator] - NewPoint {"history": "ExplorerRun.0", "point": 1, "testname": "ECE4130_Project_SRAM_SIM_1", "event": "NewPoint", "EventSource": "unknown", "HistoryName": "ExplorerRun.0", "logFile": "", "logFileSize": "-1", "category": "point-netlist"}
[2024-11-01 17:11:19.707 -0400] [INFO] [cadence.virtuoso.ade.pointevaluator] - Started netlisting {"history": "ExplorerRun.0", "point": 1, "testname": "ECE4130_Project_SRAM_SIM_1", "event": "start", "category": "point-netlist"}
[2024-11-01 17:11:21.457 -0400] [INFO] [cadence.virtuoso.ade.pointevaluator] - Finished netlisting {"history": "ExplorerRun.0", "point": 1, "testname": "ECE4130_Project_SRAM_SIM_1", "event": "finish", "category": "point-netlist"}
[2024-11-01 17:11:21.457 -0400] [INFO] [cadence.virtuoso.ade.pointevaluator] - Submitted {"history": "ExplorerRun.0", "point": 1, "testname": "ECE4130_Project_SRAM_SIM_1"}
[2024-11-01 17:11:26.454 -0400] [INFO] [cadence.virtuoso.ade.gui] - Point completed {"history": "ExplorerRun.0", "point": 1, "testname": "ECE4130_Project_SRAM_SIM_1"}
[2024-11-01 17:11:26.630 -0400] [EVENT] [cadence.virtuoso.ade.gui] - HistoryFinished {"point": 1, "testname": "ECE4130_Project_SRAM_SIM_1", "event": "HistoryFinished", "EventSource": "unknown", "HistoryName": "ExplorerRun.0"}
