[Simulation Monitor: 11]
[2024-10-10 11:48:15.907 -0400] [PROCESS] [cadence.virtuoso.ade.simulationMonitor] - Started the simulation monitor process {"hostname": "ece-linlabsrv01.ece.gatech.edu", "processid": 2368580, "logfile": "/nethome/smin63/ECE4130/ECE6130_Updated/ECE6130_LAB/Cadence/logs_smin63/logs0/Job11.log", "simulation monitor command line": "/tools/software/cadence/ic/23.10.080/tools.lnx86/dfII/bin/64bit/spectreMonitor --davinciService DaVinciService_2236400_1728573725 --axlsession fnxSession2 -lscs 000175E1894CBE06FF0966E38F1FFC06BC4D39BEFC72FC068A7E6FA78410926AD02470F28B50992BD92E69ED90048F74DD2F32AE9C019928D92E01E478200B39DB4A00001DDA -beanhost ece-linlabsrv01.ece.gatech.edu -beanport 11829 -beanLogFile /nethome/smin63/ECE4130/ECE6130_Updated/ECE6130_LAB/Cadence/logs_smin63/logs0/amps_Job11.log -beanbinlog  --domain 0 --interactive yes --netlistOpt no --useMultiPointEvaluation yes --exprEvalShowJobStderr yes --evalSimParallel no --maxSims 0 --exprEvaluator vds --mcMapping mc1.mapping --checkLogStatusInterval 0 --checkSimulatorLogTimeout 1200 --exprEvalMaxTries 3 --maxNFSSyncWait 60 -adeBrokerAddress ece-linlabsrv01.ece.gatech.edu:39967 --fromADE true --virtuosoBinary virtuoso --guiDisplay ece-linlabsrv01.ece.gatech.edu:154 --globalStatus 60 --evaluateMultiMC yes --evalOnSimFail SkipFailedAnalyses --numRetriesOnError 1 --fenixMode explorer --lingertimeout 300 -ahdlLockTimeout 60 --sdbLib ECE4130_Project --sdbCell 2to4DecoderEnable --sdbView maestro --heartBeatFileDir /dev/shm --id 11 --uuid 47fd60bd-3edd-4b87-95f5-bb9992a5972f --log /nethome/smin63/ECE4130/ECE6130_Updated/ECE6130_LAB/Cadence/logs_smin63/logs0/Job11.log "}
[2024-10-10 11:48:15.907 -0400] [PROCESS] [cadence.virtuoso.ade.simulationMonitor] - Started the simulation monitor process {"hostname": "ece-linlabsrv01.ece.gatech.edu", "processid": 2368580, "logfile": "/nethome/smin63/ECE4130/ECE6130_Updated/ECE6130_LAB/Cadence/logs_smin63/logs0/Job11.log", "current directory": "/nethome/smin63/ECE4130/ECE6130_Updated/ECE6130_LAB/Cadence"}
[2024-10-10 11:48:15.907 -0400] [PROCESS] [cadence.virtuoso.ade.simulationMonitor] - Simulation Monitor has successfully started up. Trying to set up communication channels to other components ... {"hostname": "ece-linlabsrv01.ece.gatech.edu", "processid": 2368580, "logfile": "/nethome/smin63/ECE4130/ECE6130_Updated/ECE6130_LAB/Cadence/logs_smin63/logs0/Job11.log"}
[2024-10-10 11:48:15.911 -0400] [PROCESS] [cadence.virtuoso.ade.simulationMonitor] - Communication channels have been successfully set up. Start processing events ... {"hostname": "ece-linlabsrv01.ece.gatech.edu", "processid": 2368580, "logfile": "/nethome/smin63/ECE4130/ECE6130_Updated/ECE6130_LAB/Cadence/logs_smin63/logs0/Job11.log"}
[2024-10-10 11:48:15.913 -0400] [PROCESS] [cadence.virtuoso.ade.simulationMonitor] - Started History {"hostname": "ece-linlabsrv01.ece.gatech.edu", "processid": 2368580, "history": "ExplorerRun.0", "testname": "ECE4130_Project_2to4DecoderEnable_1", "cornername": "Nominal", "point": 1, "logfile": "/nethome/smin63/ECE4130/ECE6130_Updated/ECE6130_LAB/Cadence/logs_smin63/logs0/Job11.log"}
[2024-10-10 11:48:15.913 -0400] [PROCESS] [cadence.virtuoso.ade.simulationMonitor] - HostInfo:
Host name (type):	ece-linlabsrv01.ece.gatech.edu (x86_64)
Operating system:	Linux 4.18.0-553.16.1.el8_10.x86_64 #1 SMP Thu Aug 1 04:16:12 EDT 2024 {"hostname": "ece-linlabsrv01.ece.gatech.edu", "processid": 2368580, "history": "ExplorerRun.0", "testname": "ECE4130_Project_2to4DecoderEnable_1", "cornername": "Nominal", "point": 1, "logfile": "/nethome/smin63/ECE4130/ECE6130_Updated/ECE6130_LAB/Cadence/logs_smin63/logs0/Job11.log", "nodename": "ece-linlabsrv01.ece.gatech.edu", "domainname": "(none)", "machine": "x86_64", "sysname": "Linux", "release": "4.18.0-553.16.1.el8_10.x86_64", "version": "#1 SMP Thu Aug 1 04:16:12 EDT 2024"}
[2024-10-10 11:48:15.914 -0400] [PROCESS] [cadence.virtuoso.ade.simulationMonitor] - UsageInfo:
pid=2368580
totalPhysicalMemory=186.850811GB,Used=148.861141GB,totalVirtualMemory=250.850807GB,Used=161.238434GB
Cpu: Cores=112, Load average:1.160000,1.170000,1.420000 {"hostname": "ece-linlabsrv01.ece.gatech.edu", "processid": 2368580, "history": "ExplorerRun.0", "testname": "ECE4130_Project_2to4DecoderEnable_1", "cornername": "Nominal", "point": 1, "logfile": "/nethome/smin63/ECE4130/ECE6130_Updated/ECE6130_LAB/Cadence/logs_smin63/logs0/Job11.log", "pid": "2368580", "totalPhysicalMemory": "186.850811", "physicalMemoryUsed": "148.861141", "totalVirtualMemory": "250.850807", "virtualMemoryUsed": "161.238434", "cpuCores": "112", "processes": "14610", "loadAverage1": "1.160000", "loadAverage5": "1.170000", "loadAverage15": "1.420000", "loadAverage1Percent": "0.010357"}
[2024-10-10 11:48:15.918 -0400] [EVENT] [cadence.virtuoso.ade.simulationMonitor] - NewPoint {"history": "ExplorerRun.0", "point": 1, "testname": "ECE4130_Project_2to4DecoderEnable_1", "cornername": "Nominal", "event": "NewPoint", "EventSource": "Simulation Monitor", "HistoryName": "ExplorerRun.0", "logFile": "/nethome/smin63/ECE4130/ECE6130_Updated/ECE6130_LAB/Cadence/logs_smin63/logs0/Job11.log", "logFileSize": "4745", "category": "simulation"}
[2024-10-10 11:48:16.120 -0400] [EVENT] [cadence.virtuoso.ade.simulationMonitor] - NewPoint {"history": "ExplorerRun.0", "point": 1, "testname": "ECE4130_Project_2to4DecoderEnable_1", "cornername": "Nominal", "event": "NewPoint", "EventSource": "spectre", "HistoryName": "ExplorerRun.0", "logFile": "/nethome/smin63/simulation/ECE4130_Project/2to4DecoderEnable/maestro/results/maestro/ExplorerRun.0/1/ECE4130_Project_2to4DecoderEnable_1/psf/spectre.out", "logFileSize": "-1", "category": "simulation"}
[2024-10-10 11:48:16.373 -0400] [PROCESS] [cadence.virtuoso.ade.simulationMonitor] - Simulator launched {"hostname": "ece-linlabsrv01.ece.gatech.edu", "processid": 2368580, "history": "ExplorerRun.0", "testname": "ECE4130_Project_2to4DecoderEnable_1", "cornername": "Nominal", "point": 1, "logfile": "/nethome/smin63/ECE4130/ECE6130_Updated/ECE6130_LAB/Cadence/logs_smin63/logs0/Job11.log", "simid": "1", "event": "launch", "category": "simulation"}
[2024-10-10 11:48:16.378 -0400] [PROCESS] [cadence.virtuoso.ade.simulationMonitor] - Expression evaluator launched {"hostname": "ece-linlabsrv01.ece.gatech.edu", "processid": 2368580, "history": "ExplorerRun.0", "testname": "ECE4130_Project_2to4DecoderEnable_1", "cornername": "Nominal", "point": 1, "logfile": "/nethome/smin63/ECE4130/ECE6130_Updated/ECE6130_LAB/Cadence/logs_smin63/logs0/Job11.log"}
[2024-10-10 11:48:17.927 -0400] [INFO] [cadence.virtuoso.ade.simulationMonitor] - Peak resident memory used = 166 Mbytes. {"history": "ExplorerRun.0", "point": 1, "testname": "ECE4130_Project_2to4DecoderEnable_1", "cornername": "Nominal"}
[2024-10-10 11:48:17.927 -0400] [INFO] [cadence.virtuoso.ade.simulationMonitor] - Peak resident memory used = 174 Mbytes. {"history": "ExplorerRun.0", "point": 1, "testname": "ECE4130_Project_2to4DecoderEnable_1", "cornername": "Nominal"}
[2024-10-10 11:48:17.927 -0400] [INFO] [cadence.virtuoso.ade.simulationMonitor] - Notice from spectre during hierarchy flattening.
    The value 'psf' specified for the 'checklimitdest' option will no longer be supported in future releases. Use 'spectre -h' to see other recommended values for the 'checklimitdest' option. {"history": "ExplorerRun.0", "point": 1, "testname": "ECE4130_Project_2to4DecoderEnable_1", "cornername": "Nominal"}
[2024-10-10 11:48:17.927 -0400] [INFO] [cadence.virtuoso.ade.simulationMonitor] - Peak resident memory used = 175 Mbytes. {"history": "ExplorerRun.0", "point": 1, "testname": "ECE4130_Project_2to4DecoderEnable_1", "cornername": "Nominal"}
[2024-10-10 11:48:17.927 -0400] [INFO] [cadence.virtuoso.ade.simulationMonitor] - Notice from spectre during initial setup.
    Multithreading is disabled due to the size of the design being too small. {"history": "ExplorerRun.0", "point": 1, "testname": "ECE4130_Project_2to4DecoderEnable_1", "cornername": "Nominal"}
[2024-10-10 11:48:17.930 -0400] [INFO] [cadence.virtuoso.ade.simulationMonitor] -               nodes 21 {"history": "ExplorerRun.0", "point": 1, "testname": "ECE4130_Project_2to4DecoderEnable_1", "cornername": "Nominal"}
[2024-10-10 11:48:17.931 -0400] [INFO] [cadence.virtuoso.ade.simulationMonitor] - Notice from spectre during initial setup.
    Protected devices exist and are not included in the circuit inventory.
    APS enabled. {"history": "ExplorerRun.0", "point": 1, "testname": "ECE4130_Project_2to4DecoderEnable_1", "cornername": "Nominal"}
[2024-10-10 11:48:17.931 -0400] [INFO] [cadence.virtuoso.ade.simulationMonitor] - Peak resident memory used = 177 Mbytes. {"history": "ExplorerRun.0", "point": 1, "testname": "ECE4130_Project_2to4DecoderEnable_1", "cornername": "Nominal"}
[2024-10-10 11:48:17.931 -0400] [INFO] [cadence.virtuoso.ade.simulationMonitor] -    -   (APS) Multi-threading. The recommended number of threads is 1, consider adding +mt=1 on command line. {"history": "ExplorerRun.0", "point": 1, "testname": "ECE4130_Project_2to4DecoderEnable_1", "cornername": "Nominal"}
[2024-10-10 11:48:17.932 -0400] [INFO] [cadence.virtuoso.ade.simulationMonitor] - Notice from spectre during IC analysis, during transient analysis `tran'.
    Bad pivoting is found during DC analysis. Option dc_pivot_check=yes is recommended for possible improvement of convergence. {"history": "ExplorerRun.0", "point": 1, "testname": "ECE4130_Project_2to4DecoderEnable_1", "cornername": "Nominal"}
[2024-10-10 11:48:17.932 -0400] [INFO] [cadence.virtuoso.ade.simulationMonitor] - Notice from spectre during transient analysis `tran'.
    Multithreading is disabled due to the size of the design being too small. {"history": "ExplorerRun.0", "point": 1, "testname": "ECE4130_Project_2to4DecoderEnable_1", "cornername": "Nominal"}
[2024-10-10 11:48:17.932 -0400] [INFO] [cadence.virtuoso.ade.simulationMonitor] - Notice from spectre at time = 2 ns during transient analysis `tran'.
    Found trapezoidal ringing on node _vvdd!:p. {"history": "ExplorerRun.0", "point": 1, "testname": "ECE4130_Project_2to4DecoderEnable_1", "cornername": "Nominal"}
[2024-10-10 11:48:17.932 -0400] [INFO] [cadence.virtuoso.ade.simulationMonitor] - Notice from spectre during transient analysis `tran'.
    Trapezoidal ringing is detected during tran analysis.
        Please use method=trap for better results and performance. {"history": "ExplorerRun.0", "point": 1, "testname": "ECE4130_Project_2to4DecoderEnable_1", "cornername": "Nominal"}
[2024-10-10 11:48:17.933 -0400] [INFO] [cadence.virtuoso.ade.simulationMonitor] - Intrinsic tran analysis time:    CPU = 116.575 ms, elapsed = 124.478 ms. {"history": "ExplorerRun.0", "point": 1, "testname": "ECE4130_Project_2to4DecoderEnable_1", "cornername": "Nominal"}
[2024-10-10 11:48:17.933 -0400] [INFO] [cadence.virtuoso.ade.simulationMonitor] - Total time required for tran analysis `tran': CPU = 122.213 ms, elapsed = 132.192 ms, util. = 92.5%. {"history": "ExplorerRun.0", "point": 1, "testname": "ECE4130_Project_2to4DecoderEnable_1", "cornername": "Nominal"}
[2024-10-10 11:48:17.933 -0400] [INFO] [cadence.virtuoso.ade.simulationMonitor] - Peak resident memory used = 185 Mbytes. {"history": "ExplorerRun.0", "point": 1, "testname": "ECE4130_Project_2to4DecoderEnable_1", "cornername": "Nominal"}
[2024-10-10 11:48:17.934 -0400] [INFO] [cadence.virtuoso.ade.simulationMonitor] - Time used: CPU = 453 ms, elapsed = 719 ms, util. = 63%. {"history": "ExplorerRun.0", "point": 1, "testname": "ECE4130_Project_2to4DecoderEnable_1", "cornername": "Nominal"}
[2024-10-10 11:48:17.934 -0400] [INFO] [cadence.virtuoso.ade.simulationMonitor] - Time spent in licensing: elapsed = 252 ms, percentage of total = 35%. {"history": "ExplorerRun.0", "point": 1, "testname": "ECE4130_Project_2to4DecoderEnable_1", "cornername": "Nominal"}
[2024-10-10 11:48:17.935 -0400] [INFO] [cadence.virtuoso.ade.simulationMonitor] - Peak memory used = 186 Mbytes. {"history": "ExplorerRun.0", "point": 1, "testname": "ECE4130_Project_2to4DecoderEnable_1", "cornername": "Nominal"}
[2024-10-10 11:48:17.937 -0400] [PROCESS] [cadence.virtuoso.ade.simulationMonitor] - Simulation started at: 11:48:16 AM, Thur Oct 10, 2024, ended at: 11:48:17 AM, Thur Oct 10, 2024, with elapsed time (wall clock): 719 ms. {"history": "ExplorerRun.0", "point": 1, "testname": "ECE4130_Project_2to4DecoderEnable_1", "cornername": "Nominal"}
[2024-10-10 11:48:17.937 -0400] [PROCESS] [cadence.virtuoso.ade.simulationMonitor] - spectre completes with 0 errors, 0 warnings, and 9 notices. {"history": "ExplorerRun.0", "point": 1, "testname": "ECE4130_Project_2to4DecoderEnable_1", "cornername": "Nominal"}
[2024-10-10 11:48:17.937 -0400] [PROCESS] [cadence.virtuoso.ade.simulationMonitor] - Finished simulating for one point {"hostname": "ece-linlabsrv01.ece.gatech.edu", "processid": 2368580, "history": "ExplorerRun.0", "testname": "ECE4130_Project_2to4DecoderEnable_1", "cornername": "Nominal", "point": 1, "logfile": "/nethome/smin63/ECE4130/ECE6130_Updated/ECE6130_LAB/Cadence/logs_smin63/logs0/Job11.log", "simid": "1", "event": "finish", "category": "simulation"}
[2024-10-10 11:48:17.937 -0400] [PROCESS] [cadence.virtuoso.ade.simulationMonitor] - Simulator exited {"hostname": "ece-linlabsrv01.ece.gatech.edu", "processid": 2368580, "history": "ExplorerRun.0", "testname": "ECE4130_Project_2to4DecoderEnable_1", "cornername": "Nominal", "point": 1, "logfile": "/nethome/smin63/ECE4130/ECE6130_Updated/ECE6130_LAB/Cadence/logs_smin63/logs0/Job11.log", "exitStatus": "0"}
[2024-10-10 11:48:17.937 -0400] [PROCESS] [cadence.virtuoso.ade.simulationMonitor] - Finished Simulation {"hostname": "ece-linlabsrv01.ece.gatech.edu", "processid": 2368580, "history": "ExplorerRun.0", "testname": "ECE4130_Project_2to4DecoderEnable_1", "cornername": "Nominal", "point": 1, "logfile": "/nethome/smin63/ECE4130/ECE6130_Updated/ECE6130_LAB/Cadence/logs_smin63/logs0/Job11.log", "simid": "1", "event": "finish", "category": "obsolete"}
[2024-10-10 11:48:21.441 -0400] [PROCESS] [cadence.virtuoso.ade.simulationMonitor] - Point Finished {"hostname": "ece-linlabsrv01.ece.gatech.edu", "processid": 2368580, "history": "ExplorerRun.0", "testname": "ECE4130_Project_2to4DecoderEnable_1", "cornername": "Nominal", "point": 1, "logfile": "/nethome/smin63/ECE4130/ECE6130_Updated/ECE6130_LAB/Cadence/logs_smin63/logs0/Job11.log", "event": "finish", "category": "sim-eval"}
[2024-10-10 11:48:22.443 -0400] [PROCESS] [cadence.virtuoso.ade.simulationMonitor] - Stay with the runId '2', Linger time '300', currentRunSyn '5', currentTestSyn '6' {"hostname": "ece-linlabsrv01.ece.gatech.edu", "processid": 2368580, "history": "ExplorerRun.0", "testname": "ECE4130_Project_2to4DecoderEnable_1", "cornername": "Nominal", "point": 1, "logfile": "/nethome/smin63/ECE4130/ECE6130_Updated/ECE6130_LAB/Cadence/logs_smin63/logs0/Job11.log"}
[2024-10-10 11:53:22.245 -0400] [PROCESS] [cadence.virtuoso.ade.simulationMonitor] - Current memory used: 82.2539 MBytes, peak memory used: 82.2539 MBytes {"hostname": "ece-linlabsrv01.ece.gatech.edu", "processid": 2368580, "history": "ExplorerRun.0", "testname": "ECE4130_Project_2to4DecoderEnable_1", "cornername": "Nominal", "point": 1, "logfile": "/nethome/smin63/ECE4130/ECE6130_Updated/ECE6130_LAB/Cadence/logs_smin63/logs0/Job11.log"}
[2024-10-10 11:53:22.245 -0400] [PROCESS] [cadence.virtuoso.ade.simulationMonitor] - Simulation Monitor process exits. {"hostname": "ece-linlabsrv01.ece.gatech.edu", "processid": 2368580, "history": "ExplorerRun.0", "testname": "ECE4130_Project_2to4DecoderEnable_1", "cornername": "Nominal", "point": 1, "logfile": "/nethome/smin63/ECE4130/ECE6130_Updated/ECE6130_LAB/Cadence/logs_smin63/logs0/Job11.log"}
