[Simulation Monitor: 10]
[2024-10-09 17:56:05.813 -0400] [PROCESS] [cadence.virtuoso.ade.simulationMonitor] - Started the simulation monitor process {"hostname": "ece-linlabsrv01.ece.gatech.edu", "processid": 3823946, "logfile": "/nethome/smin63/ECE4130/ECE6130_Updated/ECE6130_LAB/Cadence/logs_smin63/logs0/Job10.log", "simulation monitor command line": "/tools/software/cadence/ic/23.10.080/tools.lnx86/dfII/bin/64bit/spectreMonitor --davinciService DaVinciService_3363357_1728509910 --axlsession fnxSession3 -lscs 000175E1894CBE06FF0966E38F1FFC06BC4D39BEFC72FC068A7E6FA78410926AD02470F28B50992BD92E69ED90048F74DD2F32AE9C019928D92E01E574EA07F3DB4B00001DFE -beanhost ece-linlabsrv01.ece.gatech.edu -beanport 11484 -beanLogFile /nethome/smin63/ECE4130/ECE6130_Updated/ECE6130_LAB/Cadence/logs_smin63/logs0/amps_Job10.log -beanbinlog  --domain 0 --interactive yes --netlistOpt no --useMultiPointEvaluation yes --exprEvalShowJobStderr yes --evalSimParallel no --maxSims 0 --historyName ExplorerRun.0 --historyUUID  --exprEvaluator vds --mcMapping mc1.mapping --checkLogStatusInterval 0 --checkSimulatorLogTimeout 1200 --exprEvalMaxTries 3 --maxNFSSyncWait 60 -adeBrokerAddress ece-linlabsrv01.ece.gatech.edu:33203 --statdbType h5v2 --fromADE true --virtuosoBinary virtuoso --guiDisplay ece-linlabsrv01.ece.gatech.edu:154 --globalStatus 60 --evaluateMultiMC yes --evalOnSimFail SkipFailedAnalyses --numRetriesOnError 1 --fenixMode explorer --lingertimeout 300 -ahdlLockTimeout 60 --sdbLib ECE4130_Project --sdbCell inverter --sdbView maestro --heartBeatFileDir /dev/shm --id 10 --uuid 463270bc-fc25-4389-bb1b-19d8f4061579 --log /nethome/smin63/ECE4130/ECE6130_Updated/ECE6130_LAB/Cadence/logs_smin63/logs0/Job10.log "}
[2024-10-09 17:56:05.813 -0400] [PROCESS] [cadence.virtuoso.ade.simulationMonitor] - Started the simulation monitor process {"hostname": "ece-linlabsrv01.ece.gatech.edu", "processid": 3823946, "logfile": "/nethome/smin63/ECE4130/ECE6130_Updated/ECE6130_LAB/Cadence/logs_smin63/logs0/Job10.log", "current directory": "/nethome/smin63/ECE4130/ECE6130_Updated/ECE6130_LAB/Cadence"}
[2024-10-09 17:56:05.814 -0400] [PROCESS] [cadence.virtuoso.ade.simulationMonitor] - Simulation Monitor has successfully started up. Trying to set up communication channels to other components ... {"hostname": "ece-linlabsrv01.ece.gatech.edu", "processid": 3823946, "logfile": "/nethome/smin63/ECE4130/ECE6130_Updated/ECE6130_LAB/Cadence/logs_smin63/logs0/Job10.log"}
[2024-10-09 17:56:05.817 -0400] [PROCESS] [cadence.virtuoso.ade.simulationMonitor] - Communication channels have been successfully set up. Start processing events ... {"hostname": "ece-linlabsrv01.ece.gatech.edu", "processid": 3823946, "logfile": "/nethome/smin63/ECE4130/ECE6130_Updated/ECE6130_LAB/Cadence/logs_smin63/logs0/Job10.log"}
[2024-10-09 17:56:05.817 -0400] [PROCESS] [cadence.virtuoso.ade.simulationMonitor] - Considering to start history {"hostname": "ece-linlabsrv01.ece.gatech.edu", "processid": 3823946, "history": "ExplorerRun.0", "logfile": "/nethome/smin63/ECE4130/ECE6130_Updated/ECE6130_LAB/Cadence/logs_smin63/logs0/Job10.log"}
[2024-10-09 17:56:05.820 -0400] [PROCESS] [cadence.virtuoso.ade.simulationMonitor] - HostInfo:
Host name (type):	ece-linlabsrv01.ece.gatech.edu (x86_64)
Operating system:	Linux 4.18.0-553.16.1.el8_10.x86_64 #1 SMP Thu Aug 1 04:16:12 EDT 2024 {"hostname": "ece-linlabsrv01.ece.gatech.edu", "processid": 3823946, "history": "ExplorerRun.0", "logfile": "/nethome/smin63/ECE4130/ECE6130_Updated/ECE6130_LAB/Cadence/logs_smin63/logs0/Job10.log", "nodename": "ece-linlabsrv01.ece.gatech.edu", "domainname": "(none)", "machine": "x86_64", "sysname": "Linux", "release": "4.18.0-553.16.1.el8_10.x86_64", "version": "#1 SMP Thu Aug 1 04:16:12 EDT 2024"}
[2024-10-09 17:56:05.820 -0400] [PROCESS] [cadence.virtuoso.ade.simulationMonitor] - UsageInfo:
pid=3823946
totalPhysicalMemory=186.850811GB,Used=154.561764GB,totalVirtualMemory=250.850807GB,Used=166.711964GB
Cpu: Cores=112, Load average:2.120000,2.980000,4.050000 {"hostname": "ece-linlabsrv01.ece.gatech.edu", "processid": 3823946, "history": "ExplorerRun.0", "logfile": "/nethome/smin63/ECE4130/ECE6130_Updated/ECE6130_LAB/Cadence/logs_smin63/logs0/Job10.log", "pid": "3823946", "totalPhysicalMemory": "186.850811", "physicalMemoryUsed": "154.561764", "totalVirtualMemory": "250.850807", "virtualMemoryUsed": "166.711964", "cpuCores": "112", "processes": "16746", "loadAverage1": "2.120000", "loadAverage5": "2.980000", "loadAverage15": "4.050000", "loadAverage1Percent": "0.018929"}
[2024-10-09 17:56:05.826 -0400] [EVENT] [cadence.virtuoso.ade.simulationMonitor] - NewPoint {"history": "ExplorerRun.0", "point": 1, "testname": "ECE4130_Project_inverter_1", "cornername": "Nominal", "event": "NewPoint", "EventSource": "Simulation Monitor", "HistoryName": "ExplorerRun.0", "logFile": "/nethome/smin63/ECE4130/ECE6130_Updated/ECE6130_LAB/Cadence/logs_smin63/logs0/Job10.log", "logFileSize": "4546", "category": "simulation"}
[2024-10-09 17:56:06.028 -0400] [EVENT] [cadence.virtuoso.ade.simulationMonitor] - NewPoint {"history": "ExplorerRun.0", "point": 1, "testname": "ECE4130_Project_inverter_1", "cornername": "Nominal", "event": "NewPoint", "EventSource": "spectre", "HistoryName": "ExplorerRun.0", "logFile": "/nethome/smin63/simulation/ECE4130_Project/inverter/maestro/results/maestro/ExplorerRun.0/1/ECE4130_Project_inverter_1/psf/spectre.out", "logFileSize": "6525", "category": "simulation"}
[2024-10-09 17:56:06.310 -0400] [PROCESS] [cadence.virtuoso.ade.simulationMonitor] - Simulator launched {"hostname": "ece-linlabsrv01.ece.gatech.edu", "processid": 3823946, "history": "ExplorerRun.0", "testname": "ECE4130_Project_inverter_1", "cornername": "Nominal", "point": 1, "logfile": "/nethome/smin63/ECE4130/ECE6130_Updated/ECE6130_LAB/Cadence/logs_smin63/logs0/Job10.log", "simid": "1", "event": "launch", "category": "simulation"}
[2024-10-09 17:56:06.316 -0400] [PROCESS] [cadence.virtuoso.ade.simulationMonitor] - Expression evaluator launched {"hostname": "ece-linlabsrv01.ece.gatech.edu", "processid": 3823946, "history": "ExplorerRun.0", "testname": "ECE4130_Project_inverter_1", "cornername": "Nominal", "point": 1, "logfile": "/nethome/smin63/ECE4130/ECE6130_Updated/ECE6130_LAB/Cadence/logs_smin63/logs0/Job10.log"}
[2024-10-09 17:56:08.333 -0400] [ERROR] [cadence.virtuoso.ade.simulationMonitor] -     ERROR (SFE-874): "input.scs" 23: Cannot run the simulation because syntax error `Unexpected identifier "l". Expected equals' was encountered at line 23, column 37. Correct the syntax error and rerun the simulation. {"history": "ExplorerRun.0", "point": 1, "testname": "ECE4130_Project_inverter_1", "cornername": "Nominal"}
[2024-10-09 17:56:08.334 -0400] [INFO] [cadence.virtuoso.ade.simulationMonitor] - Peak resident memory used = 166 Mbytes. {"history": "ExplorerRun.0", "point": 1, "testname": "ECE4130_Project_inverter_1", "cornername": "Nominal"}
[2024-10-09 17:56:08.335 -0400] [INFO] [cadence.virtuoso.ade.simulationMonitor] - Time used: CPU = 296 ms, elapsed = 516 ms, util. = 57.3%. {"history": "ExplorerRun.0", "point": 1, "testname": "ECE4130_Project_inverter_1", "cornername": "Nominal"}
[2024-10-09 17:56:08.335 -0400] [INFO] [cadence.virtuoso.ade.simulationMonitor] - Time spent in licensing: elapsed = 254 ms, percentage of total = 49.2%. {"history": "ExplorerRun.0", "point": 1, "testname": "ECE4130_Project_inverter_1", "cornername": "Nominal"}
[2024-10-09 17:56:08.336 -0400] [INFO] [cadence.virtuoso.ade.simulationMonitor] - Peak memory used = 166 Mbytes. {"history": "ExplorerRun.0", "point": 1, "testname": "ECE4130_Project_inverter_1", "cornername": "Nominal"}
[2024-10-09 17:56:08.338 -0400] [PROCESS] [cadence.virtuoso.ade.simulationMonitor] - Simulation started at: 5:56:06 PM, Wed Oct 9, 2024, ended at: 5:56:07 PM, Wed Oct 9, 2024, with elapsed time (wall clock): 516 ms. {"history": "ExplorerRun.0", "point": 1, "testname": "ECE4130_Project_inverter_1", "cornername": "Nominal"}
[2024-10-09 17:56:08.338 -0400] [PROCESS] [cadence.virtuoso.ade.simulationMonitor] - spectre completes with 1 error, 0 warnings, and 0 notices. {"history": "ExplorerRun.0", "point": 1, "testname": "ECE4130_Project_inverter_1", "cornername": "Nominal"}
[2024-10-09 17:56:08.339 -0400] [FATAL] [cadence.virtuoso.ade.simulationMonitor] - spectre terminated prematurely due to fatal error. {"history": "ExplorerRun.0", "point": 1, "testname": "ECE4130_Project_inverter_1", "cornername": "Nominal"}
[2024-10-09 17:56:08.339 -0400] [PROCESS] [cadence.virtuoso.ade.simulationMonitor] - Finished simulating for one point {"hostname": "ece-linlabsrv01.ece.gatech.edu", "processid": 3823946, "history": "ExplorerRun.0", "testname": "ECE4130_Project_inverter_1", "cornername": "Nominal", "point": 1, "logfile": "/nethome/smin63/ECE4130/ECE6130_Updated/ECE6130_LAB/Cadence/logs_smin63/logs0/Job10.log", "simid": "1", "event": "finish", "category": "simulation"}
[2024-10-09 17:56:08.339 -0400] [ERROR] [cadence.virtuoso.ade.simulationMonitor] - While simulating run ExplorerRun.0, point 1, test ECE4130_Project_inverter_1, received error:
Simulation Error:
 The simulator process returned a non-zero exit code, indicating failure.
The simulator could have crashed or intentionally returned to indicate an error.
Check the simulator log file for more information.  Common causes:
1. Simulator may have crashed during exit even after reporting success in log file.
2. Abrupt automatic simulator termination (e.g., SIGKILL) because the simulator process has
 ... {"history": "ExplorerRun.0", "point": 1, "testname": "ECE4130_Project_inverter_1", "cornername": "Nominal"}
[2024-10-09 17:56:08.339 -0400] [PROCESS] [cadence.virtuoso.ade.simulationMonitor] - Finished Simulation {"hostname": "ece-linlabsrv01.ece.gatech.edu", "processid": 3823946, "history": "ExplorerRun.0", "testname": "ECE4130_Project_inverter_1", "cornername": "Nominal", "point": 1, "logfile": "/nethome/smin63/ECE4130/ECE6130_Updated/ECE6130_LAB/Cadence/logs_smin63/logs0/Job10.log", "simid": "1", "event": "finish", "category": "obsolete"}
[2024-10-09 17:56:25.049 -0400] [PROCESS] [cadence.virtuoso.ade.simulationMonitor] - get signal Terminated<15> from user:smin63, which pid:3823902:/tools/software/cadence/ic/latest/tools/bin/64bit/cdsServIpc {"hostname": "ece-linlabsrv01.ece.gatech.edu", "processid": 3823946, "history": "ExplorerRun.0", "testname": "ECE4130_Project_inverter_1", "cornername": "Nominal", "point": 1, "logfile": "/nethome/smin63/ECE4130/ECE6130_Updated/ECE6130_LAB/Cadence/logs_smin63/logs0/Job10.log", "signal": "15", "signalName": "Terminated", "which": "/tools/software/cadence/ic/latest/tools/bin/64bit/cdsServIpc", "pid": "3823902", "user": "smin63", "uid": "1175677"}
[2024-10-09 17:56:25.049 -0400] [INFO] [cadence.virtuoso.ade.simulationMonitor] - SimulationMonitor has terminated the  process '3824835', reason: 'simulationMonitor is handling signal 15' {"history": "ExplorerRun.0", "point": 1, "testname": "ECE4130_Project_inverter_1", "cornername": "Nominal"}
