[Simulation Monitor: 13]
[2024-10-09 17:57:02.913 -0400] [PROCESS] [cadence.virtuoso.ade.simulationMonitor] - Started the simulation monitor process {"hostname": "ece-linlabsrv01.ece.gatech.edu", "processid": 3871055, "logfile": "/nethome/smin63/ECE4130/ECE6130_Updated/ECE6130_LAB/Cadence/logs_smin63/logs0/Job13.log", "simulation monitor command line": "/tools/software/cadence/ic/23.10.080/tools.lnx86/dfII/bin/64bit/spectreMonitor --davinciService DaVinciService_3363357_1728509910 --axlsession fnxSession4 -lscs 000175E1894CBE06FF0966E38F1FFC06BC4D39BEFC72FC068A7E6FA78410926AD02470F28B50992BD92E69ED90048F74DD2F32AE9C019928D92E01E573310028DB4B00001DC5 -beanhost ece-linlabsrv01.ece.gatech.edu -beanport 11484 -beanLogFile /nethome/smin63/ECE4130/ECE6130_Updated/ECE6130_LAB/Cadence/logs_smin63/logs0/amps_Job13.log -beanbinlog  --domain 0 --interactive yes --netlistOpt no --useMultiPointEvaluation yes --exprEvalShowJobStderr yes --evalSimParallel no --maxSims 0 --historyName ExplorerRun.0 --historyUUID  --exprEvaluator vds --mcMapping mc1.mapping --checkLogStatusInterval 0 --checkSimulatorLogTimeout 1200 --exprEvalMaxTries 3 --maxNFSSyncWait 60 -adeBrokerAddress ece-linlabsrv01.ece.gatech.edu:33203 --statdbType h5v2 --fromADE true --virtuosoBinary virtuoso --guiDisplay ece-linlabsrv01.ece.gatech.edu:154 --globalStatus 60 --evaluateMultiMC yes --evalOnSimFail SkipFailedAnalyses --numRetriesOnError 1 --fenixMode explorer --lingertimeout 300 -ahdlLockTimeout 60 --sdbLib ECE4130_Project --sdbCell AnorB --sdbView maestro --heartBeatFileDir /dev/shm --id 13 --uuid 630b5f54-73eb-4ae8-9e4c-cb7ab1b6606f --log /nethome/smin63/ECE4130/ECE6130_Updated/ECE6130_LAB/Cadence/logs_smin63/logs0/Job13.log "}
[2024-10-09 17:57:02.913 -0400] [PROCESS] [cadence.virtuoso.ade.simulationMonitor] - Started the simulation monitor process {"hostname": "ece-linlabsrv01.ece.gatech.edu", "processid": 3871055, "logfile": "/nethome/smin63/ECE4130/ECE6130_Updated/ECE6130_LAB/Cadence/logs_smin63/logs0/Job13.log", "current directory": "/nethome/smin63/ECE4130/ECE6130_Updated/ECE6130_LAB/Cadence"}
[2024-10-09 17:57:02.913 -0400] [PROCESS] [cadence.virtuoso.ade.simulationMonitor] - Simulation Monitor has successfully started up. Trying to set up communication channels to other components ... {"hostname": "ece-linlabsrv01.ece.gatech.edu", "processid": 3871055, "logfile": "/nethome/smin63/ECE4130/ECE6130_Updated/ECE6130_LAB/Cadence/logs_smin63/logs0/Job13.log"}
[2024-10-09 17:57:02.917 -0400] [PROCESS] [cadence.virtuoso.ade.simulationMonitor] - Communication channels have been successfully set up. Start processing events ... {"hostname": "ece-linlabsrv01.ece.gatech.edu", "processid": 3871055, "logfile": "/nethome/smin63/ECE4130/ECE6130_Updated/ECE6130_LAB/Cadence/logs_smin63/logs0/Job13.log"}
[2024-10-09 17:57:02.917 -0400] [PROCESS] [cadence.virtuoso.ade.simulationMonitor] - Considering to start history {"hostname": "ece-linlabsrv01.ece.gatech.edu", "processid": 3871055, "history": "ExplorerRun.0", "logfile": "/nethome/smin63/ECE4130/ECE6130_Updated/ECE6130_LAB/Cadence/logs_smin63/logs0/Job13.log"}
[2024-10-09 17:57:02.919 -0400] [PROCESS] [cadence.virtuoso.ade.simulationMonitor] - HostInfo:
Host name (type):	ece-linlabsrv01.ece.gatech.edu (x86_64)
Operating system:	Linux 4.18.0-553.16.1.el8_10.x86_64 #1 SMP Thu Aug 1 04:16:12 EDT 2024 {"hostname": "ece-linlabsrv01.ece.gatech.edu", "processid": 3871055, "history": "ExplorerRun.0", "logfile": "/nethome/smin63/ECE4130/ECE6130_Updated/ECE6130_LAB/Cadence/logs_smin63/logs0/Job13.log", "nodename": "ece-linlabsrv01.ece.gatech.edu", "domainname": "(none)", "machine": "x86_64", "sysname": "Linux", "release": "4.18.0-553.16.1.el8_10.x86_64", "version": "#1 SMP Thu Aug 1 04:16:12 EDT 2024"}
[2024-10-09 17:57:02.919 -0400] [PROCESS] [cadence.virtuoso.ade.simulationMonitor] - UsageInfo:
pid=3871055
totalPhysicalMemory=186.850811GB,Used=156.710789GB,totalVirtualMemory=250.850807GB,Used=168.860989GB
Cpu: Cores=112, Load average:12.050000,4.910000,4.610000 {"hostname": "ece-linlabsrv01.ece.gatech.edu", "processid": 3871055, "history": "ExplorerRun.0", "logfile": "/nethome/smin63/ECE4130/ECE6130_Updated/ECE6130_LAB/Cadence/logs_smin63/logs0/Job13.log", "pid": "3871055", "totalPhysicalMemory": "186.850811", "physicalMemoryUsed": "156.710789", "totalVirtualMemory": "250.850807", "virtualMemoryUsed": "168.860989", "cpuCores": "112", "processes": "17019", "loadAverage1": "12.050000", "loadAverage5": "4.910000", "loadAverage15": "4.610000", "loadAverage1Percent": "0.107589"}
[2024-10-09 17:57:02.925 -0400] [EVENT] [cadence.virtuoso.ade.simulationMonitor] - NewPoint {"history": "ExplorerRun.0", "point": 1, "testname": "ECE4130_Project_AnorB_1", "cornername": "Nominal", "event": "NewPoint", "EventSource": "Simulation Monitor", "HistoryName": "ExplorerRun.0", "logFile": "/nethome/smin63/ECE4130/ECE6130_Updated/ECE6130_LAB/Cadence/logs_smin63/logs0/Job13.log", "logFileSize": "4545", "category": "simulation"}
[2024-10-09 17:57:03.128 -0400] [EVENT] [cadence.virtuoso.ade.simulationMonitor] - NewPoint {"history": "ExplorerRun.0", "point": 1, "testname": "ECE4130_Project_AnorB_1", "cornername": "Nominal", "event": "NewPoint", "EventSource": "spectre", "HistoryName": "ExplorerRun.0", "logFile": "/nethome/smin63/simulation/ECE4130_Project/AnorB/maestro/results/maestro/ExplorerRun.0/1/ECE4130_Project_AnorB_1/psf/spectre.out", "logFileSize": "-1", "category": "simulation"}
[2024-10-09 17:57:03.375 -0400] [PROCESS] [cadence.virtuoso.ade.simulationMonitor] - Simulator launched {"hostname": "ece-linlabsrv01.ece.gatech.edu", "processid": 3871055, "history": "ExplorerRun.0", "testname": "ECE4130_Project_AnorB_1", "cornername": "Nominal", "point": 1, "logfile": "/nethome/smin63/ECE4130/ECE6130_Updated/ECE6130_LAB/Cadence/logs_smin63/logs0/Job13.log", "simid": "1", "event": "launch", "category": "simulation"}
[2024-10-09 17:57:03.381 -0400] [PROCESS] [cadence.virtuoso.ade.simulationMonitor] - Expression evaluator launched {"hostname": "ece-linlabsrv01.ece.gatech.edu", "processid": 3871055, "history": "ExplorerRun.0", "testname": "ECE4130_Project_AnorB_1", "cornername": "Nominal", "point": 1, "logfile": "/nethome/smin63/ECE4130/ECE6130_Updated/ECE6130_LAB/Cadence/logs_smin63/logs0/Job13.log"}
[2024-10-09 17:57:05.516 -0400] [INFO] [cadence.virtuoso.ade.simulationMonitor] - Peak resident memory used = 161 Mbytes. {"history": "ExplorerRun.0", "point": 1, "testname": "ECE4130_Project_AnorB_1", "cornername": "Nominal"}
[2024-10-09 17:57:05.516 -0400] [INFO] [cadence.virtuoso.ade.simulationMonitor] - Peak resident memory used = 168 Mbytes. {"history": "ExplorerRun.0", "point": 1, "testname": "ECE4130_Project_AnorB_1", "cornername": "Nominal"}
[2024-10-09 17:57:05.516 -0400] [INFO] [cadence.virtuoso.ade.simulationMonitor] - Notice from spectre during hierarchy flattening.
    The value 'psf' specified for the 'checklimitdest' option will no longer be supported in future releases. Use 'spectre -h' to see other recommended values for the 'checklimitdest' option. {"history": "ExplorerRun.0", "point": 1, "testname": "ECE4130_Project_AnorB_1", "cornername": "Nominal"}
[2024-10-09 17:57:05.516 -0400] [INFO] [cadence.virtuoso.ade.simulationMonitor] - Peak resident memory used = 169 Mbytes. {"history": "ExplorerRun.0", "point": 1, "testname": "ECE4130_Project_AnorB_1", "cornername": "Nominal"}
[2024-10-09 17:57:05.516 -0400] [INFO] [cadence.virtuoso.ade.simulationMonitor] - Notice from spectre during initial setup.
    Multithreading is disabled due to the size of the design being too small. {"history": "ExplorerRun.0", "point": 1, "testname": "ECE4130_Project_AnorB_1", "cornername": "Nominal"}
[2024-10-09 17:57:05.520 -0400] [INFO] [cadence.virtuoso.ade.simulationMonitor] -               nodes 5 {"history": "ExplorerRun.0", "point": 1, "testname": "ECE4130_Project_AnorB_1", "cornername": "Nominal"}
[2024-10-09 17:57:05.520 -0400] [INFO] [cadence.virtuoso.ade.simulationMonitor] - Notice from spectre during initial setup.
    Protected devices exist and are not included in the circuit inventory.
    APS enabled. {"history": "ExplorerRun.0", "point": 1, "testname": "ECE4130_Project_AnorB_1", "cornername": "Nominal"}
[2024-10-09 17:57:05.520 -0400] [INFO] [cadence.virtuoso.ade.simulationMonitor] - Peak resident memory used = 172 Mbytes. {"history": "ExplorerRun.0", "point": 1, "testname": "ECE4130_Project_AnorB_1", "cornername": "Nominal"}
[2024-10-09 17:57:05.521 -0400] [INFO] [cadence.virtuoso.ade.simulationMonitor] -    -   (APS) Multi-threading. The recommended number of threads is 1, consider adding +mt=1 on command line. {"history": "ExplorerRun.0", "point": 1, "testname": "ECE4130_Project_AnorB_1", "cornername": "Nominal"}
[2024-10-09 17:57:05.521 -0400] [INFO] [cadence.virtuoso.ade.simulationMonitor] - Notice from spectre during transient analysis `tran'.
    Multithreading is disabled due to the size of the design being too small. {"history": "ExplorerRun.0", "point": 1, "testname": "ECE4130_Project_AnorB_1", "cornername": "Nominal"}
[2024-10-09 17:57:05.522 -0400] [INFO] [cadence.virtuoso.ade.simulationMonitor] - Intrinsic tran analysis time:    CPU = 38.179 ms, elapsed = 46.88 ms. {"history": "ExplorerRun.0", "point": 1, "testname": "ECE4130_Project_AnorB_1", "cornername": "Nominal"}
[2024-10-09 17:57:05.522 -0400] [INFO] [cadence.virtuoso.ade.simulationMonitor] - Total time required for tran analysis `tran': CPU = 40.629 ms, elapsed = 51.9879 ms, util. = 78.2%. {"history": "ExplorerRun.0", "point": 1, "testname": "ECE4130_Project_AnorB_1", "cornername": "Nominal"}
[2024-10-09 17:57:05.522 -0400] [INFO] [cadence.virtuoso.ade.simulationMonitor] - Peak resident memory used = 180 Mbytes. {"history": "ExplorerRun.0", "point": 1, "testname": "ECE4130_Project_AnorB_1", "cornername": "Nominal"}
[2024-10-09 17:57:05.524 -0400] [INFO] [cadence.virtuoso.ade.simulationMonitor] - Time used: CPU = 378 ms, elapsed = 537 ms, util. = 70.5%. {"history": "ExplorerRun.0", "point": 1, "testname": "ECE4130_Project_AnorB_1", "cornername": "Nominal"}
[2024-10-09 17:57:05.524 -0400] [INFO] [cadence.virtuoso.ade.simulationMonitor] - Time spent in licensing: elapsed = 54.9 ms, percentage of total = 10.2%. {"history": "ExplorerRun.0", "point": 1, "testname": "ECE4130_Project_AnorB_1", "cornername": "Nominal"}
[2024-10-09 17:57:05.525 -0400] [INFO] [cadence.virtuoso.ade.simulationMonitor] - Peak memory used = 181 Mbytes. {"history": "ExplorerRun.0", "point": 1, "testname": "ECE4130_Project_AnorB_1", "cornername": "Nominal"}
[2024-10-09 17:57:05.527 -0400] [PROCESS] [cadence.virtuoso.ade.simulationMonitor] - Simulation started at: 5:57:03 PM, Wed Oct 9, 2024, ended at: 5:57:04 PM, Wed Oct 9, 2024, with elapsed time (wall clock): 537 ms. {"history": "ExplorerRun.0", "point": 1, "testname": "ECE4130_Project_AnorB_1", "cornername": "Nominal"}
[2024-10-09 17:57:05.527 -0400] [PROCESS] [cadence.virtuoso.ade.simulationMonitor] - spectre completes with 0 errors, 0 warnings, and 6 notices. {"history": "ExplorerRun.0", "point": 1, "testname": "ECE4130_Project_AnorB_1", "cornername": "Nominal"}
[2024-10-09 17:57:05.527 -0400] [PROCESS] [cadence.virtuoso.ade.simulationMonitor] - Finished simulating for one point {"hostname": "ece-linlabsrv01.ece.gatech.edu", "processid": 3871055, "history": "ExplorerRun.0", "testname": "ECE4130_Project_AnorB_1", "cornername": "Nominal", "point": 1, "logfile": "/nethome/smin63/ECE4130/ECE6130_Updated/ECE6130_LAB/Cadence/logs_smin63/logs0/Job13.log", "simid": "1", "event": "finish", "category": "simulation"}
[2024-10-09 17:57:05.527 -0400] [PROCESS] [cadence.virtuoso.ade.simulationMonitor] - Simulator exited {"hostname": "ece-linlabsrv01.ece.gatech.edu", "processid": 3871055, "history": "ExplorerRun.0", "testname": "ECE4130_Project_AnorB_1", "cornername": "Nominal", "point": 1, "logfile": "/nethome/smin63/ECE4130/ECE6130_Updated/ECE6130_LAB/Cadence/logs_smin63/logs0/Job13.log", "exitStatus": "0"}
[2024-10-09 17:57:05.527 -0400] [PROCESS] [cadence.virtuoso.ade.simulationMonitor] - Finished Simulation {"hostname": "ece-linlabsrv01.ece.gatech.edu", "processid": 3871055, "history": "ExplorerRun.0", "testname": "ECE4130_Project_AnorB_1", "cornername": "Nominal", "point": 1, "logfile": "/nethome/smin63/ECE4130/ECE6130_Updated/ECE6130_LAB/Cadence/logs_smin63/logs0/Job13.log", "simid": "1", "event": "finish", "category": "obsolete"}
[2024-10-09 17:57:09.032 -0400] [PROCESS] [cadence.virtuoso.ade.simulationMonitor] - Point Finished {"hostname": "ece-linlabsrv01.ece.gatech.edu", "processid": 3871055, "history": "ExplorerRun.0", "testname": "ECE4130_Project_AnorB_1", "cornername": "Nominal", "point": 1, "logfile": "/nethome/smin63/ECE4130/ECE6130_Updated/ECE6130_LAB/Cadence/logs_smin63/logs0/Job13.log", "event": "finish", "category": "sim-eval"}
[2024-10-09 17:58:12.608 -0400] [INFO] [cadence.virtuoso.ade.simulationMonitor] - SimulationMonitor has terminated the vds process '3871454', reason: 'Force to stop the expression evalutor process because of new run' {"history": "ExplorerRun.0", "point": 1, "testname": "ECE4130_Project_AnorB_1", "cornername": "Nominal"}
[2024-10-09 17:58:12.610 -0400] [PROCESS] [cadence.virtuoso.ade.simulationMonitor] - HostInfo:
Host name (type):	ece-linlabsrv01.ece.gatech.edu (x86_64)
Operating system:	Linux 4.18.0-553.16.1.el8_10.x86_64 #1 SMP Thu Aug 1 04:16:12 EDT 2024 {"hostname": "ece-linlabsrv01.ece.gatech.edu", "processid": 3871055, "history": "ExplorerRun.0", "testname": "ECE4130_Project_AnorB_1", "cornername": "Nominal", "point": 1, "logfile": "/nethome/smin63/ECE4130/ECE6130_Updated/ECE6130_LAB/Cadence/logs_smin63/logs0/Job13.log", "nodename": "ece-linlabsrv01.ece.gatech.edu", "domainname": "(none)", "machine": "x86_64", "sysname": "Linux", "release": "4.18.0-553.16.1.el8_10.x86_64", "version": "#1 SMP Thu Aug 1 04:16:12 EDT 2024"}
[2024-10-09 17:58:12.610 -0400] [PROCESS] [cadence.virtuoso.ade.simulationMonitor] - UsageInfo:
pid=3871055
totalPhysicalMemory=186.850811GB,Used=157.510204GB,totalVirtualMemory=250.850807GB,Used=169.660404GB
Cpu: Cores=112, Load average:5.980000,4.570000,4.510000 {"hostname": "ece-linlabsrv01.ece.gatech.edu", "processid": 3871055, "history": "ExplorerRun.0", "testname": "ECE4130_Project_AnorB_1", "cornername": "Nominal", "point": 1, "logfile": "/nethome/smin63/ECE4130/ECE6130_Updated/ECE6130_LAB/Cadence/logs_smin63/logs0/Job13.log", "pid": "3871055", "totalPhysicalMemory": "186.850811", "physicalMemoryUsed": "157.510204", "totalVirtualMemory": "250.850807", "virtualMemoryUsed": "169.660404", "cpuCores": "112", "processes": "17190", "loadAverage1": "5.980000", "loadAverage5": "4.570000", "loadAverage15": "4.510000", "loadAverage1Percent": "0.053393"}
[2024-10-09 17:58:12.615 -0400] [EVENT] [cadence.virtuoso.ade.simulationMonitor] - NewPoint {"history": "ExplorerRun.0", "point": 1, "testname": "ECE4130_Project_AnorB_1", "cornername": "Nominal", "event": "NewPoint", "EventSource": "Simulation Monitor", "HistoryName": "ExplorerRun.0", "logFile": "/nethome/smin63/ECE4130/ECE6130_Updated/ECE6130_LAB/Cadence/logs_smin63/logs0/Job13.log", "logFileSize": "14740", "category": "simulation"}
[2024-10-09 17:58:12.817 -0400] [EVENT] [cadence.virtuoso.ade.simulationMonitor] - NewPoint {"history": "ExplorerRun.0", "point": 1, "testname": "ECE4130_Project_AnorB_1", "cornername": "Nominal", "event": "NewPoint", "EventSource": "spectre", "HistoryName": "ExplorerRun.0", "logFile": "/nethome/smin63/simulation/ECE4130_Project/AnorB/maestro/results/maestro/ExplorerRun.0/1/ECE4130_Project_AnorB_1/psf/spectre.out", "logFileSize": "-1", "category": "simulation"}
[2024-10-09 17:58:13.145 -0400] [PROCESS] [cadence.virtuoso.ade.simulationMonitor] - Simulator launched {"hostname": "ece-linlabsrv01.ece.gatech.edu", "processid": 3871055, "history": "ExplorerRun.0", "testname": "ECE4130_Project_AnorB_1", "cornername": "Nominal", "point": 1, "logfile": "/nethome/smin63/ECE4130/ECE6130_Updated/ECE6130_LAB/Cadence/logs_smin63/logs0/Job13.log", "simid": "2", "event": "launch", "category": "simulation"}
[2024-10-09 17:58:13.150 -0400] [PROCESS] [cadence.virtuoso.ade.simulationMonitor] - Expression evaluator launched {"hostname": "ece-linlabsrv01.ece.gatech.edu", "processid": 3871055, "history": "ExplorerRun.0", "testname": "ECE4130_Project_AnorB_1", "cornername": "Nominal", "point": 1, "logfile": "/nethome/smin63/ECE4130/ECE6130_Updated/ECE6130_LAB/Cadence/logs_smin63/logs0/Job13.log"}
[2024-10-09 17:58:15.269 -0400] [INFO] [cadence.virtuoso.ade.simulationMonitor] - Peak resident memory used = 165 Mbytes. {"history": "ExplorerRun.0", "point": 1, "testname": "ECE4130_Project_AnorB_1", "cornername": "Nominal"}
[2024-10-09 17:58:15.269 -0400] [INFO] [cadence.virtuoso.ade.simulationMonitor] - Peak resident memory used = 173 Mbytes. {"history": "ExplorerRun.0", "point": 1, "testname": "ECE4130_Project_AnorB_1", "cornername": "Nominal"}
[2024-10-09 17:58:15.269 -0400] [INFO] [cadence.virtuoso.ade.simulationMonitor] - Notice from spectre during hierarchy flattening.
    The value 'psf' specified for the 'checklimitdest' option will no longer be supported in future releases. Use 'spectre -h' to see other recommended values for the 'checklimitdest' option. {"history": "ExplorerRun.0", "point": 1, "testname": "ECE4130_Project_AnorB_1", "cornername": "Nominal"}
[2024-10-09 17:58:15.269 -0400] [INFO] [cadence.virtuoso.ade.simulationMonitor] - Peak resident memory used = 174 Mbytes. {"history": "ExplorerRun.0", "point": 1, "testname": "ECE4130_Project_AnorB_1", "cornername": "Nominal"}
[2024-10-09 17:58:15.269 -0400] [INFO] [cadence.virtuoso.ade.simulationMonitor] - Notice from spectre during initial setup.
    Multithreading is disabled due to the size of the design being too small. {"history": "ExplorerRun.0", "point": 1, "testname": "ECE4130_Project_AnorB_1", "cornername": "Nominal"}
[2024-10-09 17:58:15.274 -0400] [INFO] [cadence.virtuoso.ade.simulationMonitor] -               nodes 5 {"history": "ExplorerRun.0", "point": 1, "testname": "ECE4130_Project_AnorB_1", "cornername": "Nominal"}
[2024-10-09 17:58:15.274 -0400] [INFO] [cadence.virtuoso.ade.simulationMonitor] - Notice from spectre during initial setup.
    Protected devices exist and are not included in the circuit inventory.
    APS enabled. {"history": "ExplorerRun.0", "point": 1, "testname": "ECE4130_Project_AnorB_1", "cornername": "Nominal"}
[2024-10-09 17:58:15.274 -0400] [INFO] [cadence.virtuoso.ade.simulationMonitor] - Peak resident memory used = 176 Mbytes. {"history": "ExplorerRun.0", "point": 1, "testname": "ECE4130_Project_AnorB_1", "cornername": "Nominal"}
[2024-10-09 17:58:15.275 -0400] [INFO] [cadence.virtuoso.ade.simulationMonitor] -    -   (APS) Multi-threading. The recommended number of threads is 1, consider adding +mt=1 on command line. {"history": "ExplorerRun.0", "point": 1, "testname": "ECE4130_Project_AnorB_1", "cornername": "Nominal"}
[2024-10-09 17:58:15.275 -0400] [INFO] [cadence.virtuoso.ade.simulationMonitor] - Notice from spectre during transient analysis `tran'.
    Multithreading is disabled due to the size of the design being too small. {"history": "ExplorerRun.0", "point": 1, "testname": "ECE4130_Project_AnorB_1", "cornername": "Nominal"}
[2024-10-09 17:58:15.276 -0400] [INFO] [cadence.virtuoso.ade.simulationMonitor] - Intrinsic tran analysis time:    CPU = 37.212 ms, elapsed = 46.411 ms. {"history": "ExplorerRun.0", "point": 1, "testname": "ECE4130_Project_AnorB_1", "cornername": "Nominal"}
[2024-10-09 17:58:15.276 -0400] [INFO] [cadence.virtuoso.ade.simulationMonitor] - Total time required for tran analysis `tran': CPU = 39.646 ms, elapsed = 50.9901 ms, util. = 77.8%. {"history": "ExplorerRun.0", "point": 1, "testname": "ECE4130_Project_AnorB_1", "cornername": "Nominal"}
[2024-10-09 17:58:15.276 -0400] [INFO] [cadence.virtuoso.ade.simulationMonitor] - Peak resident memory used = 185 Mbytes. {"history": "ExplorerRun.0", "point": 1, "testname": "ECE4130_Project_AnorB_1", "cornername": "Nominal"}
[2024-10-09 17:58:15.277 -0400] [INFO] [cadence.virtuoso.ade.simulationMonitor] - Time used: CPU = 380 ms, elapsed = 539 ms, util. = 70.5%. {"history": "ExplorerRun.0", "point": 1, "testname": "ECE4130_Project_AnorB_1", "cornername": "Nominal"}
[2024-10-09 17:58:15.278 -0400] [INFO] [cadence.virtuoso.ade.simulationMonitor] - Time spent in licensing: elapsed = 52.1 ms, percentage of total = 9.67%. {"history": "ExplorerRun.0", "point": 1, "testname": "ECE4130_Project_AnorB_1", "cornername": "Nominal"}
[2024-10-09 17:58:15.279 -0400] [INFO] [cadence.virtuoso.ade.simulationMonitor] - Peak memory used = 186 Mbytes. {"history": "ExplorerRun.0", "point": 1, "testname": "ECE4130_Project_AnorB_1", "cornername": "Nominal"}
[2024-10-09 17:58:15.281 -0400] [PROCESS] [cadence.virtuoso.ade.simulationMonitor] - Simulation started at: 5:58:13 PM, Wed Oct 9, 2024, ended at: 5:58:14 PM, Wed Oct 9, 2024, with elapsed time (wall clock): 539 ms. {"history": "ExplorerRun.0", "point": 1, "testname": "ECE4130_Project_AnorB_1", "cornername": "Nominal"}
[2024-10-09 17:58:15.281 -0400] [PROCESS] [cadence.virtuoso.ade.simulationMonitor] - spectre completes with 0 errors, 0 warnings, and 6 notices. {"history": "ExplorerRun.0", "point": 1, "testname": "ECE4130_Project_AnorB_1", "cornername": "Nominal"}
[2024-10-09 17:58:15.281 -0400] [PROCESS] [cadence.virtuoso.ade.simulationMonitor] - Finished simulating for one point {"hostname": "ece-linlabsrv01.ece.gatech.edu", "processid": 3871055, "history": "ExplorerRun.0", "testname": "ECE4130_Project_AnorB_1", "cornername": "Nominal", "point": 1, "logfile": "/nethome/smin63/ECE4130/ECE6130_Updated/ECE6130_LAB/Cadence/logs_smin63/logs0/Job13.log", "simid": "2", "event": "finish", "category": "simulation"}
[2024-10-09 17:58:15.281 -0400] [PROCESS] [cadence.virtuoso.ade.simulationMonitor] - Simulator exited {"hostname": "ece-linlabsrv01.ece.gatech.edu", "processid": 3871055, "history": "ExplorerRun.0", "testname": "ECE4130_Project_AnorB_1", "cornername": "Nominal", "point": 1, "logfile": "/nethome/smin63/ECE4130/ECE6130_Updated/ECE6130_LAB/Cadence/logs_smin63/logs0/Job13.log", "exitStatus": "0"}
[2024-10-09 17:58:15.281 -0400] [PROCESS] [cadence.virtuoso.ade.simulationMonitor] - Finished Simulation {"hostname": "ece-linlabsrv01.ece.gatech.edu", "processid": 3871055, "history": "ExplorerRun.0", "testname": "ECE4130_Project_AnorB_1", "cornername": "Nominal", "point": 1, "logfile": "/nethome/smin63/ECE4130/ECE6130_Updated/ECE6130_LAB/Cadence/logs_smin63/logs0/Job13.log", "simid": "2", "event": "finish", "category": "obsolete"}
[2024-10-09 17:58:18.285 -0400] [PROCESS] [cadence.virtuoso.ade.simulationMonitor] - Point Finished {"hostname": "ece-linlabsrv01.ece.gatech.edu", "processid": 3871055, "history": "ExplorerRun.0", "testname": "ECE4130_Project_AnorB_1", "cornername": "Nominal", "point": 1, "logfile": "/nethome/smin63/ECE4130/ECE6130_Updated/ECE6130_LAB/Cadence/logs_smin63/logs0/Job13.log", "event": "finish", "category": "sim-eval"}
[2024-10-09 17:58:19.287 -0400] [PROCESS] [cadence.virtuoso.ade.simulationMonitor] - Stay with the runId '1', Linger time '300', currentRunSyn '3', currentTestSyn '4' {"hostname": "ece-linlabsrv01.ece.gatech.edu", "processid": 3871055, "history": "ExplorerRun.0", "testname": "ECE4130_Project_AnorB_1", "cornername": "Nominal", "point": 1, "logfile": "/nethome/smin63/ECE4130/ECE6130_Updated/ECE6130_LAB/Cadence/logs_smin63/logs0/Job13.log"}
[2024-10-09 17:58:20.288 -0400] [PROCESS] [cadence.virtuoso.ade.simulationMonitor] - Stay with the runId '1', Linger time '300', currentRunSyn '3', currentTestSyn '4' {"hostname": "ece-linlabsrv01.ece.gatech.edu", "processid": 3871055, "history": "ExplorerRun.0", "testname": "ECE4130_Project_AnorB_1", "cornername": "Nominal", "point": 1, "logfile": "/nethome/smin63/ECE4130/ECE6130_Updated/ECE6130_LAB/Cadence/logs_smin63/logs0/Job13.log"}
[2024-10-09 17:59:54.989 -0400] [PROCESS] [cadence.virtuoso.ade.simulationMonitor] - get signal Terminated<15> from user:smin63, which pid:3871051:/tools/software/cadence/ic/latest/tools/bin/64bit/cdsServIpc {"hostname": "ece-linlabsrv01.ece.gatech.edu", "processid": 3871055, "history": "ExplorerRun.0", "testname": "ECE4130_Project_AnorB_1", "cornername": "Nominal", "point": 1, "logfile": "/nethome/smin63/ECE4130/ECE6130_Updated/ECE6130_LAB/Cadence/logs_smin63/logs0/Job13.log", "signal": "15", "signalName": "Terminated", "which": "/tools/software/cadence/ic/latest/tools/bin/64bit/cdsServIpc", "pid": "3871051", "user": "smin63", "uid": "1175677"}
[2024-10-09 17:59:54.989 -0400] [INFO] [cadence.virtuoso.ade.simulationMonitor] - SimulationMonitor has terminated the  process '3946501', reason: 'simulationMonitor is handling signal 15' {"history": "ExplorerRun.0", "point": 1, "testname": "ECE4130_Project_AnorB_1", "cornername": "Nominal"}
