[Simulation Monitor: 19]
[2024-10-09 18:33:23.123 -0400] [PROCESS] [cadence.virtuoso.ade.simulationMonitor] - Started the simulation monitor process {"hostname": "ece-linlabsrv01.ece.gatech.edu", "processid": 844649, "logfile": "/nethome/smin63/ECE4130/ECE6130_Updated/ECE6130_LAB/Cadence/logs_smin63/logs0/Job19.log", "simulation monitor command line": "/tools/software/cadence/ic/23.10.080/tools.lnx86/dfII/bin/64bit/spectreMonitor --davinciService DaVinciService_3363357_1728509910 --axlsession fnxSession6 -lscs 000175E1894CBE06FF0966E38F1FFC06BC4D39BEFC72FC068A7E6FA78410926AD02470F28B50992BD92E69ED90048F74DD2F32AE9C019928D92E01E48BADF8B4DB4A00001E1E -beanhost ece-linlabsrv01.ece.gatech.edu -beanport 11484 -beanLogFile /nethome/smin63/ECE4130/ECE6130_Updated/ECE6130_LAB/Cadence/logs_smin63/logs0/amps_Job19.log -beanbinlog  --domain 0 --interactive yes --netlistOpt no --useMultiPointEvaluation yes --exprEvalShowJobStderr yes --evalSimParallel no --maxSims 0 --historyName ExplorerRun.0 --historyUUID  --exprEvaluator vds --mcMapping mc1.mapping --checkLogStatusInterval 0 --checkSimulatorLogTimeout 1200 --exprEvalMaxTries 3 --maxNFSSyncWait 60 -adeBrokerAddress ece-linlabsrv01.ece.gatech.edu:33203 --statdbType h5v2 --fromADE true --virtuosoBinary virtuoso --guiDisplay ece-linlabsrv01.ece.gatech.edu:154 --globalStatus 60 --evaluateMultiMC yes --evalOnSimFail SkipFailedAnalyses --numRetriesOnError 1 --fenixMode explorer --lingertimeout 300 -ahdlLockTimeout 60 --sdbLib ECE4130_Project --sdbCell inverter --sdbView maestro --heartBeatFileDir /dev/shm --id 19 --uuid 74ec291f-9e9c-407c-b188-e65cefe80d6c --log /nethome/smin63/ECE4130/ECE6130_Updated/ECE6130_LAB/Cadence/logs_smin63/logs0/Job19.log "}
[2024-10-09 18:33:23.123 -0400] [PROCESS] [cadence.virtuoso.ade.simulationMonitor] - Started the simulation monitor process {"hostname": "ece-linlabsrv01.ece.gatech.edu", "processid": 844649, "logfile": "/nethome/smin63/ECE4130/ECE6130_Updated/ECE6130_LAB/Cadence/logs_smin63/logs0/Job19.log", "current directory": "/nethome/smin63/ECE4130/ECE6130_Updated/ECE6130_LAB/Cadence"}
[2024-10-09 18:33:23.123 -0400] [PROCESS] [cadence.virtuoso.ade.simulationMonitor] - Simulation Monitor has successfully started up. Trying to set up communication channels to other components ... {"hostname": "ece-linlabsrv01.ece.gatech.edu", "processid": 844649, "logfile": "/nethome/smin63/ECE4130/ECE6130_Updated/ECE6130_LAB/Cadence/logs_smin63/logs0/Job19.log"}
[2024-10-09 18:33:23.127 -0400] [PROCESS] [cadence.virtuoso.ade.simulationMonitor] - Communication channels have been successfully set up. Start processing events ... {"hostname": "ece-linlabsrv01.ece.gatech.edu", "processid": 844649, "logfile": "/nethome/smin63/ECE4130/ECE6130_Updated/ECE6130_LAB/Cadence/logs_smin63/logs0/Job19.log"}
[2024-10-09 18:33:23.127 -0400] [PROCESS] [cadence.virtuoso.ade.simulationMonitor] - Considering to start history {"hostname": "ece-linlabsrv01.ece.gatech.edu", "processid": 844649, "history": "ExplorerRun.0", "logfile": "/nethome/smin63/ECE4130/ECE6130_Updated/ECE6130_LAB/Cadence/logs_smin63/logs0/Job19.log"}
[2024-10-09 18:33:23.129 -0400] [PROCESS] [cadence.virtuoso.ade.simulationMonitor] - HostInfo:
Host name (type):	ece-linlabsrv01.ece.gatech.edu (x86_64)
Operating system:	Linux 4.18.0-553.16.1.el8_10.x86_64 #1 SMP Thu Aug 1 04:16:12 EDT 2024 {"hostname": "ece-linlabsrv01.ece.gatech.edu", "processid": 844649, "history": "ExplorerRun.0", "logfile": "/nethome/smin63/ECE4130/ECE6130_Updated/ECE6130_LAB/Cadence/logs_smin63/logs0/Job19.log", "nodename": "ece-linlabsrv01.ece.gatech.edu", "domainname": "(none)", "machine": "x86_64", "sysname": "Linux", "release": "4.18.0-553.16.1.el8_10.x86_64", "version": "#1 SMP Thu Aug 1 04:16:12 EDT 2024"}
[2024-10-09 18:33:23.129 -0400] [PROCESS] [cadence.virtuoso.ade.simulationMonitor] - UsageInfo:
pid=844649
totalPhysicalMemory=186.850811GB,Used=163.235153GB,totalVirtualMemory=250.850807GB,Used=175.385353GB
Cpu: Cores=112, Load average:9.170000,11.180000,8.520000 {"hostname": "ece-linlabsrv01.ece.gatech.edu", "processid": 844649, "history": "ExplorerRun.0", "logfile": "/nethome/smin63/ECE4130/ECE6130_Updated/ECE6130_LAB/Cadence/logs_smin63/logs0/Job19.log", "pid": "844649", "totalPhysicalMemory": "186.850811", "physicalMemoryUsed": "163.235153", "totalVirtualMemory": "250.850807", "virtualMemoryUsed": "175.385353", "cpuCores": "112", "processes": "18174", "loadAverage1": "9.170000", "loadAverage5": "11.180000", "loadAverage15": "8.520000", "loadAverage1Percent": "0.081875"}
[2024-10-09 18:33:23.133 -0400] [EVENT] [cadence.virtuoso.ade.simulationMonitor] - NewPoint {"history": "ExplorerRun.0", "point": 1, "testname": "ECE4130_Project_inverter_1", "cornername": "Nominal", "event": "NewPoint", "EventSource": "Simulation Monitor", "HistoryName": "ExplorerRun.0", "logFile": "/nethome/smin63/ECE4130/ECE6130_Updated/ECE6130_LAB/Cadence/logs_smin63/logs0/Job19.log", "logFileSize": "4539", "category": "simulation"}
[2024-10-09 18:33:23.335 -0400] [EVENT] [cadence.virtuoso.ade.simulationMonitor] - NewPoint {"history": "ExplorerRun.0", "point": 1, "testname": "ECE4130_Project_inverter_1", "cornername": "Nominal", "event": "NewPoint", "EventSource": "spectre", "HistoryName": "ExplorerRun.0", "logFile": "/nethome/smin63/simulation/ECE4130_Project/inverter/maestro/results/maestro/ExplorerRun.0/1/ECE4130_Project_inverter_1/psf/spectre.out", "logFileSize": "-1", "category": "simulation"}
[2024-10-09 18:33:23.597 -0400] [PROCESS] [cadence.virtuoso.ade.simulationMonitor] - Simulator launched {"hostname": "ece-linlabsrv01.ece.gatech.edu", "processid": 844649, "history": "ExplorerRun.0", "testname": "ECE4130_Project_inverter_1", "cornername": "Nominal", "point": 1, "logfile": "/nethome/smin63/ECE4130/ECE6130_Updated/ECE6130_LAB/Cadence/logs_smin63/logs0/Job19.log", "simid": "1", "event": "launch", "category": "simulation"}
[2024-10-09 18:33:23.601 -0400] [PROCESS] [cadence.virtuoso.ade.simulationMonitor] - Expression evaluator launched {"hostname": "ece-linlabsrv01.ece.gatech.edu", "processid": 844649, "history": "ExplorerRun.0", "testname": "ECE4130_Project_inverter_1", "cornername": "Nominal", "point": 1, "logfile": "/nethome/smin63/ECE4130/ECE6130_Updated/ECE6130_LAB/Cadence/logs_smin63/logs0/Job19.log"}
[2024-10-09 18:33:26.017 -0400] [INFO] [cadence.virtuoso.ade.simulationMonitor] - Peak resident memory used = 167 Mbytes. {"history": "ExplorerRun.0", "point": 1, "testname": "ECE4130_Project_inverter_1", "cornername": "Nominal"}
[2024-10-09 18:33:26.017 -0400] [INFO] [cadence.virtuoso.ade.simulationMonitor] - Peak resident memory used = 176 Mbytes. {"history": "ExplorerRun.0", "point": 1, "testname": "ECE4130_Project_inverter_1", "cornername": "Nominal"}
[2024-10-09 18:33:26.017 -0400] [INFO] [cadence.virtuoso.ade.simulationMonitor] - Notice from spectre during hierarchy flattening.
    The value 'psf' specified for the 'checklimitdest' option will no longer be supported in future releases. Use 'spectre -h' to see other recommended values for the 'checklimitdest' option. {"history": "ExplorerRun.0", "point": 1, "testname": "ECE4130_Project_inverter_1", "cornername": "Nominal"}
[2024-10-09 18:33:26.017 -0400] [INFO] [cadence.virtuoso.ade.simulationMonitor] - Peak resident memory used = 176 Mbytes. {"history": "ExplorerRun.0", "point": 1, "testname": "ECE4130_Project_inverter_1", "cornername": "Nominal"}
[2024-10-09 18:33:26.017 -0400] [INFO] [cadence.virtuoso.ade.simulationMonitor] - Notice from spectre during initial setup.
    Multithreading is disabled due to the size of the design being too small. {"history": "ExplorerRun.0", "point": 1, "testname": "ECE4130_Project_inverter_1", "cornername": "Nominal"}
[2024-10-09 18:33:26.024 -0400] [INFO] [cadence.virtuoso.ade.simulationMonitor] -               nodes 3 {"history": "ExplorerRun.0", "point": 1, "testname": "ECE4130_Project_inverter_1", "cornername": "Nominal"}
[2024-10-09 18:33:26.024 -0400] [INFO] [cadence.virtuoso.ade.simulationMonitor] - Notice from spectre during initial setup.
    Protected devices exist and are not included in the circuit inventory.
    APS enabled. {"history": "ExplorerRun.0", "point": 1, "testname": "ECE4130_Project_inverter_1", "cornername": "Nominal"}
[2024-10-09 18:33:26.024 -0400] [INFO] [cadence.virtuoso.ade.simulationMonitor] - Peak resident memory used = 179 Mbytes. {"history": "ExplorerRun.0", "point": 1, "testname": "ECE4130_Project_inverter_1", "cornername": "Nominal"}
[2024-10-09 18:33:26.025 -0400] [INFO] [cadence.virtuoso.ade.simulationMonitor] -    -   (APS) Multi-threading. The recommended number of threads is 1, consider adding +mt=1 on command line. {"history": "ExplorerRun.0", "point": 1, "testname": "ECE4130_Project_inverter_1", "cornername": "Nominal"}
[2024-10-09 18:33:26.025 -0400] [INFO] [cadence.virtuoso.ade.simulationMonitor] - Notice from spectre during transient analysis `tran'.
    Multithreading is disabled due to the size of the design being too small. {"history": "ExplorerRun.0", "point": 1, "testname": "ECE4130_Project_inverter_1", "cornername": "Nominal"}
[2024-10-09 18:33:26.025 -0400] [INFO] [cadence.virtuoso.ade.simulationMonitor] - Notice from spectre at time = 110.368 ps during transient analysis `tran'.
    Found trapezoidal ringing on node _vvdd!:p. {"history": "ExplorerRun.0", "point": 1, "testname": "ECE4130_Project_inverter_1", "cornername": "Nominal"}
[2024-10-09 18:33:26.025 -0400] [INFO] [cadence.virtuoso.ade.simulationMonitor] - Notice from spectre at time = 186.268 ps during transient analysis `tran'.
    Found trapezoidal ringing on node _vvdd!:p. {"history": "ExplorerRun.0", "point": 1, "testname": "ECE4130_Project_inverter_1", "cornername": "Nominal"}
[2024-10-09 18:33:26.025 -0400] [INFO] [cadence.virtuoso.ade.simulationMonitor] - Notice from spectre at time = 338.068 ps during transient analysis `tran'.
    Found trapezoidal ringing on node _vvdd!:p. {"history": "ExplorerRun.0", "point": 1, "testname": "ECE4130_Project_inverter_1", "cornername": "Nominal"}
[2024-10-09 18:33:26.025 -0400] [INFO] [cadence.virtuoso.ade.simulationMonitor] - Notice from spectre at time = 498.068 ps during transient analysis `tran'.
    Found trapezoidal ringing on node _vvdd!:p. {"history": "ExplorerRun.0", "point": 1, "testname": "ECE4130_Project_inverter_1", "cornername": "Nominal"}
[2024-10-09 18:33:26.025 -0400] [INFO] [cadence.virtuoso.ade.simulationMonitor] - Notice from spectre at time = 658.068 ps during transient analysis `tran'.
    Found trapezoidal ringing on node _vvdd!:p.
        Further occurrences of this notice will be suppressed. {"history": "ExplorerRun.0", "point": 1, "testname": "ECE4130_Project_inverter_1", "cornername": "Nominal"}
[2024-10-09 18:33:26.026 -0400] [INFO] [cadence.virtuoso.ade.simulationMonitor] - Notice from spectre during transient analysis `tran'.
    Trapezoidal ringing is detected during tran analysis.
        Please use method=trap for better results and performance. {"history": "ExplorerRun.0", "point": 1, "testname": "ECE4130_Project_inverter_1", "cornername": "Nominal"}
[2024-10-09 18:33:26.026 -0400] [INFO] [cadence.virtuoso.ade.simulationMonitor] - Intrinsic tran analysis time:    CPU = 19.895 ms, elapsed = 25.6588 ms. {"history": "ExplorerRun.0", "point": 1, "testname": "ECE4130_Project_inverter_1", "cornername": "Nominal"}
[2024-10-09 18:33:26.027 -0400] [INFO] [cadence.virtuoso.ade.simulationMonitor] - Total time required for tran analysis `tran': CPU = 22.375 ms, elapsed = 29.6221 ms, util. = 75.5%. {"history": "ExplorerRun.0", "point": 1, "testname": "ECE4130_Project_inverter_1", "cornername": "Nominal"}
[2024-10-09 18:33:26.027 -0400] [INFO] [cadence.virtuoso.ade.simulationMonitor] - Peak resident memory used = 187 Mbytes. {"history": "ExplorerRun.0", "point": 1, "testname": "ECE4130_Project_inverter_1", "cornername": "Nominal"}
[2024-10-09 18:33:26.027 -0400] [INFO] [cadence.virtuoso.ade.simulationMonitor] - Notice from spectre.
    54 notices suppressed. {"history": "ExplorerRun.0", "point": 1, "testname": "ECE4130_Project_inverter_1", "cornername": "Nominal"}
[2024-10-09 18:33:26.028 -0400] [INFO] [cadence.virtuoso.ade.simulationMonitor] - Time used: CPU = 387 ms, elapsed = 524 ms, util. = 73.8%. {"history": "ExplorerRun.0", "point": 1, "testname": "ECE4130_Project_inverter_1", "cornername": "Nominal"}
[2024-10-09 18:33:26.028 -0400] [INFO] [cadence.virtuoso.ade.simulationMonitor] - Time spent in licensing: elapsed = 53.6 ms, percentage of total = 10.2%. {"history": "ExplorerRun.0", "point": 1, "testname": "ECE4130_Project_inverter_1", "cornername": "Nominal"}
[2024-10-09 18:33:26.029 -0400] [INFO] [cadence.virtuoso.ade.simulationMonitor] - Peak memory used = 188 Mbytes. {"history": "ExplorerRun.0", "point": 1, "testname": "ECE4130_Project_inverter_1", "cornername": "Nominal"}
[2024-10-09 18:33:26.031 -0400] [PROCESS] [cadence.virtuoso.ade.simulationMonitor] - Simulation started at: 6:33:24 PM, Wed Oct 9, 2024, ended at: 6:33:24 PM, Wed Oct 9, 2024, with elapsed time (wall clock): 524 ms. {"history": "ExplorerRun.0", "point": 1, "testname": "ECE4130_Project_inverter_1", "cornername": "Nominal"}
[2024-10-09 18:33:26.031 -0400] [PROCESS] [cadence.virtuoso.ade.simulationMonitor] - spectre completes with 0 errors, 0 warnings, and 13 notices. {"history": "ExplorerRun.0", "point": 1, "testname": "ECE4130_Project_inverter_1", "cornername": "Nominal"}
[2024-10-09 18:33:26.031 -0400] [PROCESS] [cadence.virtuoso.ade.simulationMonitor] - Finished simulating for one point {"hostname": "ece-linlabsrv01.ece.gatech.edu", "processid": 844649, "history": "ExplorerRun.0", "testname": "ECE4130_Project_inverter_1", "cornername": "Nominal", "point": 1, "logfile": "/nethome/smin63/ECE4130/ECE6130_Updated/ECE6130_LAB/Cadence/logs_smin63/logs0/Job19.log", "simid": "1", "event": "finish", "category": "simulation"}
[2024-10-09 18:33:26.032 -0400] [PROCESS] [cadence.virtuoso.ade.simulationMonitor] - Simulator exited {"hostname": "ece-linlabsrv01.ece.gatech.edu", "processid": 844649, "history": "ExplorerRun.0", "testname": "ECE4130_Project_inverter_1", "cornername": "Nominal", "point": 1, "logfile": "/nethome/smin63/ECE4130/ECE6130_Updated/ECE6130_LAB/Cadence/logs_smin63/logs0/Job19.log", "exitStatus": "0"}
[2024-10-09 18:33:26.032 -0400] [PROCESS] [cadence.virtuoso.ade.simulationMonitor] - Finished Simulation {"hostname": "ece-linlabsrv01.ece.gatech.edu", "processid": 844649, "history": "ExplorerRun.0", "testname": "ECE4130_Project_inverter_1", "cornername": "Nominal", "point": 1, "logfile": "/nethome/smin63/ECE4130/ECE6130_Updated/ECE6130_LAB/Cadence/logs_smin63/logs0/Job19.log", "simid": "1", "event": "finish", "category": "obsolete"}
[2024-10-09 18:33:29.037 -0400] [PROCESS] [cadence.virtuoso.ade.simulationMonitor] - Point Finished {"hostname": "ece-linlabsrv01.ece.gatech.edu", "processid": 844649, "history": "ExplorerRun.0", "testname": "ECE4130_Project_inverter_1", "cornername": "Nominal", "point": 1, "logfile": "/nethome/smin63/ECE4130/ECE6130_Updated/ECE6130_LAB/Cadence/logs_smin63/logs0/Job19.log", "event": "finish", "category": "sim-eval"}
[2024-10-09 18:33:30.039 -0400] [PROCESS] [cadence.virtuoso.ade.simulationMonitor] - Stay with the runId '0', Linger time '300', currentRunSyn '1', currentTestSyn '2' {"hostname": "ece-linlabsrv01.ece.gatech.edu", "processid": 844649, "history": "ExplorerRun.0", "testname": "ECE4130_Project_inverter_1", "cornername": "Nominal", "point": 1, "logfile": "/nethome/smin63/ECE4130/ECE6130_Updated/ECE6130_LAB/Cadence/logs_smin63/logs0/Job19.log"}
[2024-10-09 18:34:01.085 -0400] [PROCESS] [cadence.virtuoso.ade.simulationMonitor] - get signal Terminated<15> from user:smin63, which pid:844645:/tools/software/cadence/ic/latest/tools/bin/64bit/cdsServIpc {"hostname": "ece-linlabsrv01.ece.gatech.edu", "processid": 844649, "history": "ExplorerRun.0", "testname": "ECE4130_Project_inverter_1", "cornername": "Nominal", "point": 1, "logfile": "/nethome/smin63/ECE4130/ECE6130_Updated/ECE6130_LAB/Cadence/logs_smin63/logs0/Job19.log", "signal": "15", "signalName": "Terminated", "which": "/tools/software/cadence/ic/latest/tools/bin/64bit/cdsServIpc", "pid": "844645", "user": "smin63", "uid": "1175677"}
[2024-10-09 18:34:01.085 -0400] [INFO] [cadence.virtuoso.ade.simulationMonitor] - SimulationMonitor has terminated the  process '845019', reason: 'simulationMonitor is handling signal 15' {"history": "ExplorerRun.0", "point": 1, "testname": "ECE4130_Project_inverter_1", "cornername": "Nominal"}
