[Simulation Monitor: 22]
[2024-10-09 18:34:22.195 -0400] [PROCESS] [cadence.virtuoso.ade.simulationMonitor] - Started the simulation monitor process {"hostname": "ece-linlabsrv01.ece.gatech.edu", "processid": 881209, "logfile": "/nethome/smin63/ECE4130/ECE6130_Updated/ECE6130_LAB/Cadence/logs_smin63/logs0/Job22.log", "simulation monitor command line": "/tools/software/cadence/ic/23.10.080/tools.lnx86/dfII/bin/64bit/spectreMonitor --davinciService DaVinciService_3363357_1728509910 --axlsession fnxSession7 -lscs 000175E1894CBE06FF0966E38F1FFC06BC4D39BEFC72FC068A7E6FA78410926AD02470F28B50992BD92E69ED90048F74DD2F32AE9C019928D92E01E48BF2F8EBDB4A00001E22 -beanhost ece-linlabsrv01.ece.gatech.edu -beanport 11484 -beanLogFile /nethome/smin63/ECE4130/ECE6130_Updated/ECE6130_LAB/Cadence/logs_smin63/logs0/amps_Job22.log -beanbinlog  --domain 0 --interactive yes --netlistOpt no --useMultiPointEvaluation yes --exprEvalShowJobStderr yes --evalSimParallel no --maxSims 0 --historyName ExplorerRun.0 --historyUUID  --exprEvaluator vds --mcMapping mc1.mapping --checkLogStatusInterval 0 --checkSimulatorLogTimeout 1200 --exprEvalMaxTries 3 --maxNFSSyncWait 60 -adeBrokerAddress ece-linlabsrv01.ece.gatech.edu:33203 --statdbType h5v2 --fromADE true --virtuosoBinary virtuoso --guiDisplay ece-linlabsrv01.ece.gatech.edu:154 --globalStatus 60 --evaluateMultiMC yes --evalOnSimFail SkipFailedAnalyses --numRetriesOnError 1 --fenixMode explorer --lingertimeout 300 -ahdlLockTimeout 60 --sdbLib ECE4130_Project --sdbCell 2to4Decoder --sdbView maestro --heartBeatFileDir /dev/shm --id 22 --uuid 380d76a5-c6fc-427b-93de-3761ee59ef4b --log /nethome/smin63/ECE4130/ECE6130_Updated/ECE6130_LAB/Cadence/logs_smin63/logs0/Job22.log "}
[2024-10-09 18:34:22.195 -0400] [PROCESS] [cadence.virtuoso.ade.simulationMonitor] - Started the simulation monitor process {"hostname": "ece-linlabsrv01.ece.gatech.edu", "processid": 881209, "logfile": "/nethome/smin63/ECE4130/ECE6130_Updated/ECE6130_LAB/Cadence/logs_smin63/logs0/Job22.log", "current directory": "/nethome/smin63/ECE4130/ECE6130_Updated/ECE6130_LAB/Cadence"}
[2024-10-09 18:34:22.195 -0400] [PROCESS] [cadence.virtuoso.ade.simulationMonitor] - Simulation Monitor has successfully started up. Trying to set up communication channels to other components ... {"hostname": "ece-linlabsrv01.ece.gatech.edu", "processid": 881209, "logfile": "/nethome/smin63/ECE4130/ECE6130_Updated/ECE6130_LAB/Cadence/logs_smin63/logs0/Job22.log"}
[2024-10-09 18:34:22.199 -0400] [PROCESS] [cadence.virtuoso.ade.simulationMonitor] - Communication channels have been successfully set up. Start processing events ... {"hostname": "ece-linlabsrv01.ece.gatech.edu", "processid": 881209, "logfile": "/nethome/smin63/ECE4130/ECE6130_Updated/ECE6130_LAB/Cadence/logs_smin63/logs0/Job22.log"}
[2024-10-09 18:34:22.199 -0400] [PROCESS] [cadence.virtuoso.ade.simulationMonitor] - Considering to start history {"hostname": "ece-linlabsrv01.ece.gatech.edu", "processid": 881209, "history": "ExplorerRun.0", "logfile": "/nethome/smin63/ECE4130/ECE6130_Updated/ECE6130_LAB/Cadence/logs_smin63/logs0/Job22.log"}
[2024-10-09 18:34:22.201 -0400] [PROCESS] [cadence.virtuoso.ade.simulationMonitor] - HostInfo:
Host name (type):	ece-linlabsrv01.ece.gatech.edu (x86_64)
Operating system:	Linux 4.18.0-553.16.1.el8_10.x86_64 #1 SMP Thu Aug 1 04:16:12 EDT 2024 {"hostname": "ece-linlabsrv01.ece.gatech.edu", "processid": 881209, "history": "ExplorerRun.0", "logfile": "/nethome/smin63/ECE4130/ECE6130_Updated/ECE6130_LAB/Cadence/logs_smin63/logs0/Job22.log", "nodename": "ece-linlabsrv01.ece.gatech.edu", "domainname": "(none)", "machine": "x86_64", "sysname": "Linux", "release": "4.18.0-553.16.1.el8_10.x86_64", "version": "#1 SMP Thu Aug 1 04:16:12 EDT 2024"}
[2024-10-09 18:34:22.201 -0400] [PROCESS] [cadence.virtuoso.ade.simulationMonitor] - UsageInfo:
pid=881209
totalPhysicalMemory=186.850811GB,Used=162.172836GB,totalVirtualMemory=250.850807GB,Used=174.323036GB
Cpu: Cores=112, Load average:4.990000,9.670000,8.170000 {"hostname": "ece-linlabsrv01.ece.gatech.edu", "processid": 881209, "history": "ExplorerRun.0", "logfile": "/nethome/smin63/ECE4130/ECE6130_Updated/ECE6130_LAB/Cadence/logs_smin63/logs0/Job22.log", "pid": "881209", "totalPhysicalMemory": "186.850811", "physicalMemoryUsed": "162.172836", "totalVirtualMemory": "250.850807", "virtualMemoryUsed": "174.323036", "cpuCores": "112", "processes": "17973", "loadAverage1": "4.990000", "loadAverage5": "9.670000", "loadAverage15": "8.170000", "loadAverage1Percent": "0.044554"}
[2024-10-09 18:34:22.208 -0400] [EVENT] [cadence.virtuoso.ade.simulationMonitor] - NewPoint {"history": "ExplorerRun.0", "point": 1, "testname": "ECE4130_Project_2to4Decoder_1", "cornername": "Nominal", "event": "NewPoint", "EventSource": "Simulation Monitor", "HistoryName": "ExplorerRun.0", "logFile": "/nethome/smin63/ECE4130/ECE6130_Updated/ECE6130_LAB/Cadence/logs_smin63/logs0/Job22.log", "logFileSize": "4540", "category": "simulation"}
[2024-10-09 18:34:22.409 -0400] [EVENT] [cadence.virtuoso.ade.simulationMonitor] - NewPoint {"history": "ExplorerRun.0", "point": 1, "testname": "ECE4130_Project_2to4Decoder_1", "cornername": "Nominal", "event": "NewPoint", "EventSource": "spectre", "HistoryName": "ExplorerRun.0", "logFile": "/nethome/smin63/simulation/ECE4130_Project/2to4Decoder/maestro/results/maestro/ExplorerRun.0/1/ECE4130_Project_2to4Decoder_1/psf/spectre.out", "logFileSize": "-1", "category": "simulation"}
[2024-10-09 18:34:22.777 -0400] [PROCESS] [cadence.virtuoso.ade.simulationMonitor] - Simulator launched {"hostname": "ece-linlabsrv01.ece.gatech.edu", "processid": 881209, "history": "ExplorerRun.0", "testname": "ECE4130_Project_2to4Decoder_1", "cornername": "Nominal", "point": 1, "logfile": "/nethome/smin63/ECE4130/ECE6130_Updated/ECE6130_LAB/Cadence/logs_smin63/logs0/Job22.log", "simid": "1", "event": "launch", "category": "simulation"}
[2024-10-09 18:34:22.781 -0400] [PROCESS] [cadence.virtuoso.ade.simulationMonitor] - Expression evaluator launched {"hostname": "ece-linlabsrv01.ece.gatech.edu", "processid": 881209, "history": "ExplorerRun.0", "testname": "ECE4130_Project_2to4Decoder_1", "cornername": "Nominal", "point": 1, "logfile": "/nethome/smin63/ECE4130/ECE6130_Updated/ECE6130_LAB/Cadence/logs_smin63/logs0/Job22.log"}
[2024-10-09 18:34:25.209 -0400] [INFO] [cadence.virtuoso.ade.simulationMonitor] - Peak resident memory used = 168 Mbytes. {"history": "ExplorerRun.0", "point": 1, "testname": "ECE4130_Project_2to4Decoder_1", "cornername": "Nominal"}
[2024-10-09 18:34:25.209 -0400] [INFO] [cadence.virtuoso.ade.simulationMonitor] - Peak resident memory used = 176 Mbytes. {"history": "ExplorerRun.0", "point": 1, "testname": "ECE4130_Project_2to4Decoder_1", "cornername": "Nominal"}
[2024-10-09 18:34:25.209 -0400] [INFO] [cadence.virtuoso.ade.simulationMonitor] - Notice from spectre during hierarchy flattening.
    The value 'psf' specified for the 'checklimitdest' option will no longer be supported in future releases. Use 'spectre -h' to see other recommended values for the 'checklimitdest' option. {"history": "ExplorerRun.0", "point": 1, "testname": "ECE4130_Project_2to4Decoder_1", "cornername": "Nominal"}
[2024-10-09 18:34:25.209 -0400] [INFO] [cadence.virtuoso.ade.simulationMonitor] - Peak resident memory used = 176 Mbytes. {"history": "ExplorerRun.0", "point": 1, "testname": "ECE4130_Project_2to4Decoder_1", "cornername": "Nominal"}
[2024-10-09 18:34:25.210 -0400] [INFO] [cadence.virtuoso.ade.simulationMonitor] - Notice from spectre during initial setup.
    Multithreading is disabled due to the size of the design being too small. {"history": "ExplorerRun.0", "point": 1, "testname": "ECE4130_Project_2to4Decoder_1", "cornername": "Nominal"}
[2024-10-09 18:34:25.214 -0400] [INFO] [cadence.virtuoso.ade.simulationMonitor] -               nodes 13 {"history": "ExplorerRun.0", "point": 1, "testname": "ECE4130_Project_2to4Decoder_1", "cornername": "Nominal"}
[2024-10-09 18:34:25.214 -0400] [INFO] [cadence.virtuoso.ade.simulationMonitor] - Notice from spectre during initial setup.
    Protected devices exist and are not included in the circuit inventory.
    APS enabled. {"history": "ExplorerRun.0", "point": 1, "testname": "ECE4130_Project_2to4Decoder_1", "cornername": "Nominal"}
[2024-10-09 18:34:25.214 -0400] [INFO] [cadence.virtuoso.ade.simulationMonitor] - Peak resident memory used = 180 Mbytes. {"history": "ExplorerRun.0", "point": 1, "testname": "ECE4130_Project_2to4Decoder_1", "cornername": "Nominal"}
[2024-10-09 18:34:25.215 -0400] [INFO] [cadence.virtuoso.ade.simulationMonitor] -    -   (APS) Multi-threading. The recommended number of threads is 1, consider adding +mt=1 on command line. {"history": "ExplorerRun.0", "point": 1, "testname": "ECE4130_Project_2to4Decoder_1", "cornername": "Nominal"}
[2024-10-09 18:34:25.215 -0400] [INFO] [cadence.virtuoso.ade.simulationMonitor] - Notice from spectre during transient analysis `tran'.
    Multithreading is disabled due to the size of the design being too small. {"history": "ExplorerRun.0", "point": 1, "testname": "ECE4130_Project_2to4Decoder_1", "cornername": "Nominal"}
[2024-10-09 18:34:25.215 -0400] [INFO] [cadence.virtuoso.ade.simulationMonitor] - Notice from spectre at time = 7 ns during transient analysis `tran'.
    Found trapezoidal ringing on node _vvdd!:p. {"history": "ExplorerRun.0", "point": 1, "testname": "ECE4130_Project_2to4Decoder_1", "cornername": "Nominal"}
[2024-10-09 18:34:25.215 -0400] [INFO] [cadence.virtuoso.ade.simulationMonitor] - Notice from spectre during transient analysis `tran'.
    Trapezoidal ringing is detected during tran analysis.
        Please use method=trap for better results and performance. {"history": "ExplorerRun.0", "point": 1, "testname": "ECE4130_Project_2to4Decoder_1", "cornername": "Nominal"}
[2024-10-09 18:34:25.216 -0400] [INFO] [cadence.virtuoso.ade.simulationMonitor] - Intrinsic tran analysis time:    CPU = 135.555 ms, elapsed = 144.791 ms. {"history": "ExplorerRun.0", "point": 1, "testname": "ECE4130_Project_2to4Decoder_1", "cornername": "Nominal"}
[2024-10-09 18:34:25.216 -0400] [INFO] [cadence.virtuoso.ade.simulationMonitor] - Total time required for tran analysis `tran': CPU = 138.909 ms, elapsed = 149.921 ms, util. = 92.7%. {"history": "ExplorerRun.0", "point": 1, "testname": "ECE4130_Project_2to4Decoder_1", "cornername": "Nominal"}
[2024-10-09 18:34:25.216 -0400] [INFO] [cadence.virtuoso.ade.simulationMonitor] - Peak resident memory used = 187 Mbytes. {"history": "ExplorerRun.0", "point": 1, "testname": "ECE4130_Project_2to4Decoder_1", "cornername": "Nominal"}
[2024-10-09 18:34:25.217 -0400] [INFO] [cadence.virtuoso.ade.simulationMonitor] - Time used: CPU = 512 ms, elapsed = 684 ms, util. = 74.8%. {"history": "ExplorerRun.0", "point": 1, "testname": "ECE4130_Project_2to4Decoder_1", "cornername": "Nominal"}
[2024-10-09 18:34:25.217 -0400] [INFO] [cadence.virtuoso.ade.simulationMonitor] - Time spent in licensing: elapsed = 52.3 ms, percentage of total = 7.65%. {"history": "ExplorerRun.0", "point": 1, "testname": "ECE4130_Project_2to4Decoder_1", "cornername": "Nominal"}
[2024-10-09 18:34:25.218 -0400] [INFO] [cadence.virtuoso.ade.simulationMonitor] - Peak memory used = 188 Mbytes. {"history": "ExplorerRun.0", "point": 1, "testname": "ECE4130_Project_2to4Decoder_1", "cornername": "Nominal"}
[2024-10-09 18:34:25.221 -0400] [PROCESS] [cadence.virtuoso.ade.simulationMonitor] - Simulation started at: 6:34:23 PM, Wed Oct 9, 2024, ended at: 6:34:23 PM, Wed Oct 9, 2024, with elapsed time (wall clock): 684 ms. {"history": "ExplorerRun.0", "point": 1, "testname": "ECE4130_Project_2to4Decoder_1", "cornername": "Nominal"}
[2024-10-09 18:34:25.221 -0400] [PROCESS] [cadence.virtuoso.ade.simulationMonitor] - spectre completes with 0 errors, 0 warnings, and 8 notices. {"history": "ExplorerRun.0", "point": 1, "testname": "ECE4130_Project_2to4Decoder_1", "cornername": "Nominal"}
[2024-10-09 18:34:25.221 -0400] [PROCESS] [cadence.virtuoso.ade.simulationMonitor] - Finished simulating for one point {"hostname": "ece-linlabsrv01.ece.gatech.edu", "processid": 881209, "history": "ExplorerRun.0", "testname": "ECE4130_Project_2to4Decoder_1", "cornername": "Nominal", "point": 1, "logfile": "/nethome/smin63/ECE4130/ECE6130_Updated/ECE6130_LAB/Cadence/logs_smin63/logs0/Job22.log", "simid": "1", "event": "finish", "category": "simulation"}
[2024-10-09 18:34:25.221 -0400] [PROCESS] [cadence.virtuoso.ade.simulationMonitor] - Simulator exited {"hostname": "ece-linlabsrv01.ece.gatech.edu", "processid": 881209, "history": "ExplorerRun.0", "testname": "ECE4130_Project_2to4Decoder_1", "cornername": "Nominal", "point": 1, "logfile": "/nethome/smin63/ECE4130/ECE6130_Updated/ECE6130_LAB/Cadence/logs_smin63/logs0/Job22.log", "exitStatus": "0"}
[2024-10-09 18:34:25.221 -0400] [PROCESS] [cadence.virtuoso.ade.simulationMonitor] - Finished Simulation {"hostname": "ece-linlabsrv01.ece.gatech.edu", "processid": 881209, "history": "ExplorerRun.0", "testname": "ECE4130_Project_2to4Decoder_1", "cornername": "Nominal", "point": 1, "logfile": "/nethome/smin63/ECE4130/ECE6130_Updated/ECE6130_LAB/Cadence/logs_smin63/logs0/Job22.log", "simid": "1", "event": "finish", "category": "obsolete"}
[2024-10-09 18:34:28.225 -0400] [PROCESS] [cadence.virtuoso.ade.simulationMonitor] - Point Finished {"hostname": "ece-linlabsrv01.ece.gatech.edu", "processid": 881209, "history": "ExplorerRun.0", "testname": "ECE4130_Project_2to4Decoder_1", "cornername": "Nominal", "point": 1, "logfile": "/nethome/smin63/ECE4130/ECE6130_Updated/ECE6130_LAB/Cadence/logs_smin63/logs0/Job22.log", "event": "finish", "category": "sim-eval"}
[2024-10-09 18:34:29.227 -0400] [PROCESS] [cadence.virtuoso.ade.simulationMonitor] - Stay with the runId '0', Linger time '300', currentRunSyn '1', currentTestSyn '2' {"hostname": "ece-linlabsrv01.ece.gatech.edu", "processid": 881209, "history": "ExplorerRun.0", "testname": "ECE4130_Project_2to4Decoder_1", "cornername": "Nominal", "point": 1, "logfile": "/nethome/smin63/ECE4130/ECE6130_Updated/ECE6130_LAB/Cadence/logs_smin63/logs0/Job22.log"}
[2024-10-09 18:36:32.089 -0400] [PROCESS] [cadence.virtuoso.ade.simulationMonitor] - get signal Terminated<15> from user:smin63, which pid:881178:/tools/software/cadence/ic/latest/tools/bin/64bit/cdsServIpc {"hostname": "ece-linlabsrv01.ece.gatech.edu", "processid": 881209, "history": "ExplorerRun.0", "testname": "ECE4130_Project_2to4Decoder_1", "cornername": "Nominal", "point": 1, "logfile": "/nethome/smin63/ECE4130/ECE6130_Updated/ECE6130_LAB/Cadence/logs_smin63/logs0/Job22.log", "signal": "15", "signalName": "Terminated", "which": "/tools/software/cadence/ic/latest/tools/bin/64bit/cdsServIpc", "pid": "881178", "user": "smin63", "uid": "1175677"}
[2024-10-09 18:36:32.089 -0400] [INFO] [cadence.virtuoso.ade.simulationMonitor] - SimulationMonitor has terminated the  process '882010', reason: 'simulationMonitor is handling signal 15' {"history": "ExplorerRun.0", "point": 1, "testname": "ECE4130_Project_2to4Decoder_1", "cornername": "Nominal"}
