[Simulation Monitor: 4]
[2024-10-10 16:29:43.957 -0400] [PROCESS] [cadence.virtuoso.ade.simulationMonitor] - Started the simulation monitor process {"hostname": "ece-linlabsrv01.ece.gatech.edu", "processid": 1214319, "logfile": "/nethome/smin63/ECE4130/ECE6130_Updated/ECE6130_LAB/Cadence/logs_smin63/logs0/Job4.log", "simulation monitor command line": "/tools/software/cadence/ic/23.10.080/tools.lnx86/dfII/bin/64bit/spectreMonitor --davinciService DaVinciService_1073268_1728592092 --axlsession fnxSession1 -lscs 000175E1894CBE06FF0966E38F1FFC06BC4D39BEFC72FC068A7E6FA78410926AD02470F28B50992BD92E69ED90048F74DD2F32AE9C019928D92E01EBB628C531DB4500001DEB -beanhost ece-linlabsrv01.ece.gatech.edu -beanport 11734 -beanLogFile /nethome/smin63/ECE4130/ECE6130_Updated/ECE6130_LAB/Cadence/logs_smin63/logs0/amps_Job4.log -beanbinlog  --domain 0 --interactive yes --netlistOpt no --useMultiPointEvaluation yes --exprEvalShowJobStderr yes --evalSimParallel no --maxSims 0 --historyName ExplorerRun.0 --historyUUID  --exprEvaluator vds --mcMapping mc1.mapping --checkLogStatusInterval 0 --checkSimulatorLogTimeout 1200 --exprEvalMaxTries 3 --maxNFSSyncWait 60 -adeBrokerAddress ece-linlabsrv01.ece.gatech.edu:40993 --statdbType h5v2 --fromADE true --virtuosoBinary virtuoso --guiDisplay ece-linlabsrv01.ece.gatech.edu:154 --globalStatus 60 --evaluateMultiMC yes --evalOnSimFail SkipFailedAnalyses --numRetriesOnError 1 --fenixMode explorer --lingertimeout 300 -ahdlLockTimeout 60 --sdbLib ECE4130_Project --sdbCell inverter --sdbView maestro --heartBeatFileDir /dev/shm --id 4 --uuid f1eedbf7-b221-4642-9ec0-f3835cb24777 --log /nethome/smin63/ECE4130/ECE6130_Updated/ECE6130_LAB/Cadence/logs_smin63/logs0/Job4.log "}
[2024-10-10 16:29:43.957 -0400] [PROCESS] [cadence.virtuoso.ade.simulationMonitor] - Started the simulation monitor process {"hostname": "ece-linlabsrv01.ece.gatech.edu", "processid": 1214319, "logfile": "/nethome/smin63/ECE4130/ECE6130_Updated/ECE6130_LAB/Cadence/logs_smin63/logs0/Job4.log", "current directory": "/nethome/smin63/ECE4130/ECE6130_Updated/ECE6130_LAB/Cadence"}
[2024-10-10 16:29:43.957 -0400] [PROCESS] [cadence.virtuoso.ade.simulationMonitor] - Simulation Monitor has successfully started up. Trying to set up communication channels to other components ... {"hostname": "ece-linlabsrv01.ece.gatech.edu", "processid": 1214319, "logfile": "/nethome/smin63/ECE4130/ECE6130_Updated/ECE6130_LAB/Cadence/logs_smin63/logs0/Job4.log"}
[2024-10-10 16:29:43.961 -0400] [PROCESS] [cadence.virtuoso.ade.simulationMonitor] - Communication channels have been successfully set up. Start processing events ... {"hostname": "ece-linlabsrv01.ece.gatech.edu", "processid": 1214319, "logfile": "/nethome/smin63/ECE4130/ECE6130_Updated/ECE6130_LAB/Cadence/logs_smin63/logs0/Job4.log"}
[2024-10-10 16:29:43.961 -0400] [PROCESS] [cadence.virtuoso.ade.simulationMonitor] - Considering to start history {"hostname": "ece-linlabsrv01.ece.gatech.edu", "processid": 1214319, "history": "ExplorerRun.0", "logfile": "/nethome/smin63/ECE4130/ECE6130_Updated/ECE6130_LAB/Cadence/logs_smin63/logs0/Job4.log"}
[2024-10-10 16:29:43.963 -0400] [PROCESS] [cadence.virtuoso.ade.simulationMonitor] - HostInfo:
Host name (type):	ece-linlabsrv01.ece.gatech.edu (x86_64)
Operating system:	Linux 4.18.0-553.16.1.el8_10.x86_64 #1 SMP Thu Aug 1 04:16:12 EDT 2024 {"hostname": "ece-linlabsrv01.ece.gatech.edu", "processid": 1214319, "history": "ExplorerRun.0", "logfile": "/nethome/smin63/ECE4130/ECE6130_Updated/ECE6130_LAB/Cadence/logs_smin63/logs0/Job4.log", "nodename": "ece-linlabsrv01.ece.gatech.edu", "domainname": "(none)", "machine": "x86_64", "sysname": "Linux", "release": "4.18.0-553.16.1.el8_10.x86_64", "version": "#1 SMP Thu Aug 1 04:16:12 EDT 2024"}
[2024-10-10 16:29:43.963 -0400] [PROCESS] [cadence.virtuoso.ade.simulationMonitor] - UsageInfo:
pid=1214319
totalPhysicalMemory=186.850811GB,Used=175.460865GB,totalVirtualMemory=250.850807GB,Used=187.843056GB
Cpu: Cores=112, Load average:12.870000,12.740000,11.340000 {"hostname": "ece-linlabsrv01.ece.gatech.edu", "processid": 1214319, "history": "ExplorerRun.0", "logfile": "/nethome/smin63/ECE4130/ECE6130_Updated/ECE6130_LAB/Cadence/logs_smin63/logs0/Job4.log", "pid": "1214319", "totalPhysicalMemory": "186.850811", "physicalMemoryUsed": "175.460865", "totalVirtualMemory": "250.850807", "virtualMemoryUsed": "187.843056", "cpuCores": "112", "processes": "18750", "loadAverage1": "12.870000", "loadAverage5": "12.740000", "loadAverage15": "11.340000", "loadAverage1Percent": "0.114911"}
[2024-10-10 16:29:43.968 -0400] [EVENT] [cadence.virtuoso.ade.simulationMonitor] - NewPoint {"history": "ExplorerRun.0", "point": 1, "testname": "ECE4130_Project_inverter_1", "cornername": "Nominal", "event": "NewPoint", "EventSource": "Simulation Monitor", "HistoryName": "ExplorerRun.0", "logFile": "/nethome/smin63/ECE4130/ECE6130_Updated/ECE6130_LAB/Cadence/logs_smin63/logs0/Job4.log", "logFileSize": "4541", "category": "simulation"}
[2024-10-10 16:29:44.171 -0400] [EVENT] [cadence.virtuoso.ade.simulationMonitor] - NewPoint {"history": "ExplorerRun.0", "point": 1, "testname": "ECE4130_Project_inverter_1", "cornername": "Nominal", "event": "NewPoint", "EventSource": "spectre", "HistoryName": "ExplorerRun.0", "logFile": "/nethome/smin63/simulation/ECE4130_Project/inverter/maestro/results/maestro/ExplorerRun.0/1/ECE4130_Project_inverter_1/psf/spectre.out", "logFileSize": "-1", "category": "simulation"}
[2024-10-10 16:29:44.445 -0400] [PROCESS] [cadence.virtuoso.ade.simulationMonitor] - Simulator launched {"hostname": "ece-linlabsrv01.ece.gatech.edu", "processid": 1214319, "history": "ExplorerRun.0", "testname": "ECE4130_Project_inverter_1", "cornername": "Nominal", "point": 1, "logfile": "/nethome/smin63/ECE4130/ECE6130_Updated/ECE6130_LAB/Cadence/logs_smin63/logs0/Job4.log", "simid": "1", "event": "launch", "category": "simulation"}
[2024-10-10 16:29:44.448 -0400] [PROCESS] [cadence.virtuoso.ade.simulationMonitor] - Expression evaluator launched {"hostname": "ece-linlabsrv01.ece.gatech.edu", "processid": 1214319, "history": "ExplorerRun.0", "testname": "ECE4130_Project_inverter_1", "cornername": "Nominal", "point": 1, "logfile": "/nethome/smin63/ECE4130/ECE6130_Updated/ECE6130_LAB/Cadence/logs_smin63/logs0/Job4.log"}
[2024-10-10 16:29:46.988 -0400] [INFO] [cadence.virtuoso.ade.simulationMonitor] - Peak resident memory used = 149 Mbytes. {"history": "ExplorerRun.0", "point": 1, "testname": "ECE4130_Project_inverter_1", "cornername": "Nominal"}
[2024-10-10 16:29:46.988 -0400] [INFO] [cadence.virtuoso.ade.simulationMonitor] - Peak resident memory used = 157 Mbytes. {"history": "ExplorerRun.0", "point": 1, "testname": "ECE4130_Project_inverter_1", "cornername": "Nominal"}
[2024-10-10 16:29:46.988 -0400] [INFO] [cadence.virtuoso.ade.simulationMonitor] - Notice from spectre during hierarchy flattening.
    The value 'psf' specified for the 'checklimitdest' option will no longer be supported in future releases. Use 'spectre -h' to see other recommended values for the 'checklimitdest' option. {"history": "ExplorerRun.0", "point": 1, "testname": "ECE4130_Project_inverter_1", "cornername": "Nominal"}
[2024-10-10 16:29:46.988 -0400] [INFO] [cadence.virtuoso.ade.simulationMonitor] - Peak resident memory used = 157 Mbytes. {"history": "ExplorerRun.0", "point": 1, "testname": "ECE4130_Project_inverter_1", "cornername": "Nominal"}
[2024-10-10 16:29:46.988 -0400] [INFO] [cadence.virtuoso.ade.simulationMonitor] - Notice from spectre during initial setup.
    Multithreading is disabled due to the size of the design being too small. {"history": "ExplorerRun.0", "point": 1, "testname": "ECE4130_Project_inverter_1", "cornername": "Nominal"}
[2024-10-10 16:29:46.992 -0400] [INFO] [cadence.virtuoso.ade.simulationMonitor] -               nodes 3 {"history": "ExplorerRun.0", "point": 1, "testname": "ECE4130_Project_inverter_1", "cornername": "Nominal"}
[2024-10-10 16:29:46.992 -0400] [INFO] [cadence.virtuoso.ade.simulationMonitor] - Notice from spectre during initial setup.
    Protected devices exist and are not included in the circuit inventory.
    APS enabled. {"history": "ExplorerRun.0", "point": 1, "testname": "ECE4130_Project_inverter_1", "cornername": "Nominal"}
[2024-10-10 16:29:46.992 -0400] [INFO] [cadence.virtuoso.ade.simulationMonitor] - Peak resident memory used = 160 Mbytes. {"history": "ExplorerRun.0", "point": 1, "testname": "ECE4130_Project_inverter_1", "cornername": "Nominal"}
[2024-10-10 16:29:46.993 -0400] [INFO] [cadence.virtuoso.ade.simulationMonitor] -    -   (APS) Multi-threading. The recommended number of threads is 1, consider adding +mt=1 on command line. {"history": "ExplorerRun.0", "point": 1, "testname": "ECE4130_Project_inverter_1", "cornername": "Nominal"}
[2024-10-10 16:29:46.993 -0400] [INFO] [cadence.virtuoso.ade.simulationMonitor] - Notice from spectre during transient analysis `tran'.
    Multithreading is disabled due to the size of the design being too small. {"history": "ExplorerRun.0", "point": 1, "testname": "ECE4130_Project_inverter_1", "cornername": "Nominal"}
[2024-10-10 16:29:46.993 -0400] [INFO] [cadence.virtuoso.ade.simulationMonitor] - Notice from spectre at time = 1 ns during transient analysis `tran'.
    Found trapezoidal ringing on node _vA:p. {"history": "ExplorerRun.0", "point": 1, "testname": "ECE4130_Project_inverter_1", "cornername": "Nominal"}
[2024-10-10 16:29:46.993 -0400] [INFO] [cadence.virtuoso.ade.simulationMonitor] - Notice from spectre at time = 1.09312 ns during transient analysis `tran'.
    Found trapezoidal ringing on node _vvdd!:p. {"history": "ExplorerRun.0", "point": 1, "testname": "ECE4130_Project_inverter_1", "cornername": "Nominal"}
[2024-10-10 16:29:46.993 -0400] [INFO] [cadence.virtuoso.ade.simulationMonitor] - Notice from spectre at time = 1.14492 ns during transient analysis `tran'.
    Found trapezoidal ringing on node _vvdd!:p. {"history": "ExplorerRun.0", "point": 1, "testname": "ECE4130_Project_inverter_1", "cornername": "Nominal"}
[2024-10-10 16:29:46.994 -0400] [INFO] [cadence.virtuoso.ade.simulationMonitor] - Notice from spectre at time = 1.2485 ns during transient analysis `tran'.
    Found trapezoidal ringing on node _vvdd!:p. {"history": "ExplorerRun.0", "point": 1, "testname": "ECE4130_Project_inverter_1", "cornername": "Nominal"}
[2024-10-10 16:29:46.994 -0400] [INFO] [cadence.virtuoso.ade.simulationMonitor] - Notice from spectre at time = 1.4085 ns during transient analysis `tran'.
    Found trapezoidal ringing on node _vvdd!:p.
        Further occurrences of this notice will be suppressed. {"history": "ExplorerRun.0", "point": 1, "testname": "ECE4130_Project_inverter_1", "cornername": "Nominal"}
[2024-10-10 16:29:46.994 -0400] [INFO] [cadence.virtuoso.ade.simulationMonitor] - Notice from spectre during transient analysis `tran'.
    Trapezoidal ringing is detected during tran analysis.
        Please use method=trap for better results and performance. {"history": "ExplorerRun.0", "point": 1, "testname": "ECE4130_Project_inverter_1", "cornername": "Nominal"}
[2024-10-10 16:29:46.994 -0400] [INFO] [cadence.virtuoso.ade.simulationMonitor] - Intrinsic tran analysis time:    CPU = 20.05 ms, elapsed = 26.521 ms. {"history": "ExplorerRun.0", "point": 1, "testname": "ECE4130_Project_inverter_1", "cornername": "Nominal"}
[2024-10-10 16:29:46.995 -0400] [INFO] [cadence.virtuoso.ade.simulationMonitor] - Total time required for tran analysis `tran': CPU = 22.32 ms, elapsed = 30.185 ms, util. = 73.9%. {"history": "ExplorerRun.0", "point": 1, "testname": "ECE4130_Project_inverter_1", "cornername": "Nominal"}
[2024-10-10 16:29:46.995 -0400] [INFO] [cadence.virtuoso.ade.simulationMonitor] - Peak resident memory used = 168 Mbytes. {"history": "ExplorerRun.0", "point": 1, "testname": "ECE4130_Project_inverter_1", "cornername": "Nominal"}
[2024-10-10 16:29:46.995 -0400] [INFO] [cadence.virtuoso.ade.simulationMonitor] - Notice from spectre.
    34 notices suppressed. {"history": "ExplorerRun.0", "point": 1, "testname": "ECE4130_Project_inverter_1", "cornername": "Nominal"}
[2024-10-10 16:29:46.996 -0400] [INFO] [cadence.virtuoso.ade.simulationMonitor] - Time used: CPU = 389 ms, elapsed = 528 ms, util. = 73.6%. {"history": "ExplorerRun.0", "point": 1, "testname": "ECE4130_Project_inverter_1", "cornername": "Nominal"}
[2024-10-10 16:29:46.996 -0400] [INFO] [cadence.virtuoso.ade.simulationMonitor] - Time spent in licensing: elapsed = 54.7 ms, percentage of total = 10.4%. {"history": "ExplorerRun.0", "point": 1, "testname": "ECE4130_Project_inverter_1", "cornername": "Nominal"}
[2024-10-10 16:29:46.997 -0400] [INFO] [cadence.virtuoso.ade.simulationMonitor] - Peak memory used = 169 Mbytes. {"history": "ExplorerRun.0", "point": 1, "testname": "ECE4130_Project_inverter_1", "cornername": "Nominal"}
[2024-10-10 16:29:46.999 -0400] [PROCESS] [cadence.virtuoso.ade.simulationMonitor] - Simulation started at: 4:29:44 PM, Thur Oct 10, 2024, ended at: 4:29:45 PM, Thur Oct 10, 2024, with elapsed time (wall clock): 528 ms. {"history": "ExplorerRun.0", "point": 1, "testname": "ECE4130_Project_inverter_1", "cornername": "Nominal"}
[2024-10-10 16:29:46.999 -0400] [PROCESS] [cadence.virtuoso.ade.simulationMonitor] - spectre completes with 0 errors, 0 warnings, and 13 notices. {"history": "ExplorerRun.0", "point": 1, "testname": "ECE4130_Project_inverter_1", "cornername": "Nominal"}
[2024-10-10 16:29:46.999 -0400] [PROCESS] [cadence.virtuoso.ade.simulationMonitor] - Finished simulating for one point {"hostname": "ece-linlabsrv01.ece.gatech.edu", "processid": 1214319, "history": "ExplorerRun.0", "testname": "ECE4130_Project_inverter_1", "cornername": "Nominal", "point": 1, "logfile": "/nethome/smin63/ECE4130/ECE6130_Updated/ECE6130_LAB/Cadence/logs_smin63/logs0/Job4.log", "simid": "1", "event": "finish", "category": "simulation"}
[2024-10-10 16:29:46.999 -0400] [PROCESS] [cadence.virtuoso.ade.simulationMonitor] - Simulator exited {"hostname": "ece-linlabsrv01.ece.gatech.edu", "processid": 1214319, "history": "ExplorerRun.0", "testname": "ECE4130_Project_inverter_1", "cornername": "Nominal", "point": 1, "logfile": "/nethome/smin63/ECE4130/ECE6130_Updated/ECE6130_LAB/Cadence/logs_smin63/logs0/Job4.log", "exitStatus": "0"}
[2024-10-10 16:29:46.999 -0400] [PROCESS] [cadence.virtuoso.ade.simulationMonitor] - Finished Simulation {"hostname": "ece-linlabsrv01.ece.gatech.edu", "processid": 1214319, "history": "ExplorerRun.0", "testname": "ECE4130_Project_inverter_1", "cornername": "Nominal", "point": 1, "logfile": "/nethome/smin63/ECE4130/ECE6130_Updated/ECE6130_LAB/Cadence/logs_smin63/logs0/Job4.log", "simid": "1", "event": "finish", "category": "obsolete"}
[2024-10-10 16:29:50.004 -0400] [PROCESS] [cadence.virtuoso.ade.simulationMonitor] - Point Finished {"hostname": "ece-linlabsrv01.ece.gatech.edu", "processid": 1214319, "history": "ExplorerRun.0", "testname": "ECE4130_Project_inverter_1", "cornername": "Nominal", "point": 1, "logfile": "/nethome/smin63/ECE4130/ECE6130_Updated/ECE6130_LAB/Cadence/logs_smin63/logs0/Job4.log", "event": "finish", "category": "sim-eval"}
[2024-10-10 16:30:07.100 -0400] [PROCESS] [cadence.virtuoso.ade.simulationMonitor] - get signal Terminated<15> from user:smin63, which pid:1214216:/tools/software/cadence/ic/latest/tools/bin/64bit/cdsServIpc {"hostname": "ece-linlabsrv01.ece.gatech.edu", "processid": 1214319, "history": "ExplorerRun.0", "testname": "ECE4130_Project_inverter_1", "cornername": "Nominal", "point": 1, "logfile": "/nethome/smin63/ECE4130/ECE6130_Updated/ECE6130_LAB/Cadence/logs_smin63/logs0/Job4.log", "signal": "15", "signalName": "Terminated", "which": "/tools/software/cadence/ic/latest/tools/bin/64bit/cdsServIpc", "pid": "1214216", "user": "smin63", "uid": "1175677"}
[2024-10-10 16:30:07.100 -0400] [INFO] [cadence.virtuoso.ade.simulationMonitor] - SimulationMonitor has terminated the  process '1214938', reason: 'simulationMonitor is handling signal 15' {"history": "ExplorerRun.0", "point": 1, "testname": "ECE4130_Project_inverter_1", "cornername": "Nominal"}
