[Simulation Monitor: 7]
[2024-10-10 16:30:40.127 -0400] [PROCESS] [cadence.virtuoso.ade.simulationMonitor] - Started the simulation monitor process {"hostname": "ece-linlabsrv01.ece.gatech.edu", "processid": 1262649, "logfile": "/nethome/smin63/ECE4130/ECE6130_Updated/ECE6130_LAB/Cadence/logs_smin63/logs0/Job7.log", "simulation monitor command line": "/tools/software/cadence/ic/23.10.080/tools.lnx86/dfII/bin/64bit/spectreMonitor --davinciService DaVinciService_1073268_1728592092 --axlsession fnxSession2 -lscs 000175E1894CBE06FF0966E38F1FFC06BC4D39BEFC72FC068A7E6FA78410926AD02470F28B50992BD92E69ED90048F74DD2F32AE9C019928D92E01EBB670C569DB4500001DF3 -beanhost ece-linlabsrv01.ece.gatech.edu -beanport 11734 -beanLogFile /nethome/smin63/ECE4130/ECE6130_Updated/ECE6130_LAB/Cadence/logs_smin63/logs0/amps_Job7.log -beanbinlog  --domain 0 --interactive yes --netlistOpt no --useMultiPointEvaluation yes --exprEvalShowJobStderr yes --evalSimParallel no --maxSims 0 --historyName ExplorerRun.0 --historyUUID  --exprEvaluator vds --mcMapping mc1.mapping --checkLogStatusInterval 0 --checkSimulatorLogTimeout 1200 --exprEvalMaxTries 3 --maxNFSSyncWait 60 -adeBrokerAddress ece-linlabsrv01.ece.gatech.edu:40993 --statdbType h5v2 --fromADE true --virtuosoBinary virtuoso --guiDisplay ece-linlabsrv01.ece.gatech.edu:154 --globalStatus 60 --evaluateMultiMC yes --evalOnSimFail SkipFailedAnalyses --numRetriesOnError 1 --fenixMode explorer --lingertimeout 300 -ahdlLockTimeout 60 --sdbLib ECE4130_Project --sdbCell 4to16Decoder --sdbView maestro --heartBeatFileDir /dev/shm --id 7 --uuid 9d495c5f-3daf-4838-9926-30809a6aadb8 --log /nethome/smin63/ECE4130/ECE6130_Updated/ECE6130_LAB/Cadence/logs_smin63/logs0/Job7.log "}
[2024-10-10 16:30:40.127 -0400] [PROCESS] [cadence.virtuoso.ade.simulationMonitor] - Started the simulation monitor process {"hostname": "ece-linlabsrv01.ece.gatech.edu", "processid": 1262649, "logfile": "/nethome/smin63/ECE4130/ECE6130_Updated/ECE6130_LAB/Cadence/logs_smin63/logs0/Job7.log", "current directory": "/nethome/smin63/ECE4130/ECE6130_Updated/ECE6130_LAB/Cadence"}
[2024-10-10 16:30:40.127 -0400] [PROCESS] [cadence.virtuoso.ade.simulationMonitor] - Simulation Monitor has successfully started up. Trying to set up communication channels to other components ... {"hostname": "ece-linlabsrv01.ece.gatech.edu", "processid": 1262649, "logfile": "/nethome/smin63/ECE4130/ECE6130_Updated/ECE6130_LAB/Cadence/logs_smin63/logs0/Job7.log"}
[2024-10-10 16:30:40.131 -0400] [PROCESS] [cadence.virtuoso.ade.simulationMonitor] - Communication channels have been successfully set up. Start processing events ... {"hostname": "ece-linlabsrv01.ece.gatech.edu", "processid": 1262649, "logfile": "/nethome/smin63/ECE4130/ECE6130_Updated/ECE6130_LAB/Cadence/logs_smin63/logs0/Job7.log"}
[2024-10-10 16:30:40.131 -0400] [PROCESS] [cadence.virtuoso.ade.simulationMonitor] - Considering to start history {"hostname": "ece-linlabsrv01.ece.gatech.edu", "processid": 1262649, "history": "ExplorerRun.0", "logfile": "/nethome/smin63/ECE4130/ECE6130_Updated/ECE6130_LAB/Cadence/logs_smin63/logs0/Job7.log"}
[2024-10-10 16:30:40.134 -0400] [PROCESS] [cadence.virtuoso.ade.simulationMonitor] - HostInfo:
Host name (type):	ece-linlabsrv01.ece.gatech.edu (x86_64)
Operating system:	Linux 4.18.0-553.16.1.el8_10.x86_64 #1 SMP Thu Aug 1 04:16:12 EDT 2024 {"hostname": "ece-linlabsrv01.ece.gatech.edu", "processid": 1262649, "history": "ExplorerRun.0", "logfile": "/nethome/smin63/ECE4130/ECE6130_Updated/ECE6130_LAB/Cadence/logs_smin63/logs0/Job7.log", "nodename": "ece-linlabsrv01.ece.gatech.edu", "domainname": "(none)", "machine": "x86_64", "sysname": "Linux", "release": "4.18.0-553.16.1.el8_10.x86_64", "version": "#1 SMP Thu Aug 1 04:16:12 EDT 2024"}
[2024-10-10 16:30:40.134 -0400] [PROCESS] [cadence.virtuoso.ade.simulationMonitor] - UsageInfo:
pid=1262649
totalPhysicalMemory=186.850811GB,Used=175.422356GB,totalVirtualMemory=250.850807GB,Used=187.809940GB
Cpu: Cores=112, Load average:11.950000,12.670000,11.410000 {"hostname": "ece-linlabsrv01.ece.gatech.edu", "processid": 1262649, "history": "ExplorerRun.0", "logfile": "/nethome/smin63/ECE4130/ECE6130_Updated/ECE6130_LAB/Cadence/logs_smin63/logs0/Job7.log", "pid": "1262649", "totalPhysicalMemory": "186.850811", "physicalMemoryUsed": "175.422356", "totalVirtualMemory": "250.850807", "virtualMemoryUsed": "187.809940", "cpuCores": "112", "processes": "18761", "loadAverage1": "11.950000", "loadAverage5": "12.670000", "loadAverage15": "11.410000", "loadAverage1Percent": "0.106696"}
[2024-10-10 16:30:40.139 -0400] [EVENT] [cadence.virtuoso.ade.simulationMonitor] - NewPoint {"history": "ExplorerRun.0", "point": 1, "testname": "ECE4130_Project_4to16Decoder_1", "cornername": "Nominal", "event": "NewPoint", "EventSource": "Simulation Monitor", "HistoryName": "ExplorerRun.0", "logFile": "/nethome/smin63/ECE4130/ECE6130_Updated/ECE6130_LAB/Cadence/logs_smin63/logs0/Job7.log", "logFileSize": "4545", "category": "simulation"}
[2024-10-10 16:30:40.341 -0400] [EVENT] [cadence.virtuoso.ade.simulationMonitor] - NewPoint {"history": "ExplorerRun.0", "point": 1, "testname": "ECE4130_Project_4to16Decoder_1", "cornername": "Nominal", "event": "NewPoint", "EventSource": "spectre", "HistoryName": "ExplorerRun.0", "logFile": "/nethome/smin63/simulation/ECE4130_Project/4to16Decoder/maestro/results/maestro/ExplorerRun.0/1/ECE4130_Project_4to16Decoder_1/psf/spectre.out", "logFileSize": "-1", "category": "simulation"}
[2024-10-10 16:30:40.615 -0400] [PROCESS] [cadence.virtuoso.ade.simulationMonitor] - Simulator launched {"hostname": "ece-linlabsrv01.ece.gatech.edu", "processid": 1262649, "history": "ExplorerRun.0", "testname": "ECE4130_Project_4to16Decoder_1", "cornername": "Nominal", "point": 1, "logfile": "/nethome/smin63/ECE4130/ECE6130_Updated/ECE6130_LAB/Cadence/logs_smin63/logs0/Job7.log", "simid": "1", "event": "launch", "category": "simulation"}
[2024-10-10 16:30:40.618 -0400] [PROCESS] [cadence.virtuoso.ade.simulationMonitor] - Expression evaluator launched {"hostname": "ece-linlabsrv01.ece.gatech.edu", "processid": 1262649, "history": "ExplorerRun.0", "testname": "ECE4130_Project_4to16Decoder_1", "cornername": "Nominal", "point": 1, "logfile": "/nethome/smin63/ECE4130/ECE6130_Updated/ECE6130_LAB/Cadence/logs_smin63/logs0/Job7.log"}
[2024-10-10 16:30:43.251 -0400] [INFO] [cadence.virtuoso.ade.simulationMonitor] - Peak resident memory used = 166 Mbytes. {"history": "ExplorerRun.0", "point": 1, "testname": "ECE4130_Project_4to16Decoder_1", "cornername": "Nominal"}
[2024-10-10 16:30:43.251 -0400] [INFO] [cadence.virtuoso.ade.simulationMonitor] - Peak resident memory used = 175 Mbytes. {"history": "ExplorerRun.0", "point": 1, "testname": "ECE4130_Project_4to16Decoder_1", "cornername": "Nominal"}
[2024-10-10 16:30:43.252 -0400] [INFO] [cadence.virtuoso.ade.simulationMonitor] - Notice from spectre during hierarchy flattening.
    The value 'psf' specified for the 'checklimitdest' option will no longer be supported in future releases. Use 'spectre -h' to see other recommended values for the 'checklimitdest' option. {"history": "ExplorerRun.0", "point": 1, "testname": "ECE4130_Project_4to16Decoder_1", "cornername": "Nominal"}
[2024-10-10 16:30:43.252 -0400] [INFO] [cadence.virtuoso.ade.simulationMonitor] - Peak resident memory used = 176 Mbytes. {"history": "ExplorerRun.0", "point": 1, "testname": "ECE4130_Project_4to16Decoder_1", "cornername": "Nominal"}
[2024-10-10 16:30:43.256 -0400] [INFO] [cadence.virtuoso.ade.simulationMonitor] -               nodes 107 {"history": "ExplorerRun.0", "point": 1, "testname": "ECE4130_Project_4to16Decoder_1", "cornername": "Nominal"}
[2024-10-10 16:30:43.256 -0400] [INFO] [cadence.virtuoso.ade.simulationMonitor] - Notice from spectre during initial setup.
    Protected devices exist and are not included in the circuit inventory.
    APS enabled. {"history": "ExplorerRun.0", "point": 1, "testname": "ECE4130_Project_4to16Decoder_1", "cornername": "Nominal"}
[2024-10-10 16:30:43.257 -0400] [INFO] [cadence.virtuoso.ade.simulationMonitor] - Notice from spectre.
    Multithreading enabled: 8 threads in the system with 112 available processors. {"history": "ExplorerRun.0", "point": 1, "testname": "ECE4130_Project_4to16Decoder_1", "cornername": "Nominal"}
[2024-10-10 16:30:43.257 -0400] [INFO] [cadence.virtuoso.ade.simulationMonitor] - Peak resident memory used = 185 Mbytes. {"history": "ExplorerRun.0", "point": 1, "testname": "ECE4130_Project_4to16Decoder_1", "cornername": "Nominal"}
[2024-10-10 16:30:43.258 -0400] [INFO] [cadence.virtuoso.ade.simulationMonitor] -    -   (APS) Multi-threading. The recommended number of threads is 4, consider adding +mt=4 on command line. {"history": "ExplorerRun.0", "point": 1, "testname": "ECE4130_Project_4to16Decoder_1", "cornername": "Nominal"}
[2024-10-10 16:30:43.259 -0400] [INFO] [cadence.virtuoso.ade.simulationMonitor] - Intrinsic tran analysis time:    CPU = 2.84122 s, elapsed = 688.513 ms. {"history": "ExplorerRun.0", "point": 1, "testname": "ECE4130_Project_4to16Decoder_1", "cornername": "Nominal"}
[2024-10-10 16:30:43.259 -0400] [INFO] [cadence.virtuoso.ade.simulationMonitor] - Total time required for tran analysis `tran': CPU = 3.26287 s, elapsed = 832.477 ms, util. = 392%. {"history": "ExplorerRun.0", "point": 1, "testname": "ECE4130_Project_4to16Decoder_1", "cornername": "Nominal"}
[2024-10-10 16:30:43.259 -0400] [INFO] [cadence.virtuoso.ade.simulationMonitor] - Peak resident memory used = 197 Mbytes. {"history": "ExplorerRun.0", "point": 1, "testname": "ECE4130_Project_4to16Decoder_1", "cornername": "Nominal"}
[2024-10-10 16:30:43.260 -0400] [INFO] [cadence.virtuoso.ade.simulationMonitor] - Time used: CPU = 3.67 s, elapsed = 1.41 s, util. = 261%. {"history": "ExplorerRun.0", "point": 1, "testname": "ECE4130_Project_4to16Decoder_1", "cornername": "Nominal"}
[2024-10-10 16:30:43.260 -0400] [INFO] [cadence.virtuoso.ade.simulationMonitor] - Time spent in licensing: elapsed = 73.2 ms, percentage of total = 5.21%. {"history": "ExplorerRun.0", "point": 1, "testname": "ECE4130_Project_4to16Decoder_1", "cornername": "Nominal"}
[2024-10-10 16:30:43.261 -0400] [INFO] [cadence.virtuoso.ade.simulationMonitor] - Peak memory used = 199 Mbytes. {"history": "ExplorerRun.0", "point": 1, "testname": "ECE4130_Project_4to16Decoder_1", "cornername": "Nominal"}
[2024-10-10 16:30:43.263 -0400] [PROCESS] [cadence.virtuoso.ade.simulationMonitor] - Simulation started at: 4:30:41 PM, Thur Oct 10, 2024, ended at: 4:30:42 PM, Thur Oct 10, 2024, with elapsed time (wall clock): 1.41 s. {"history": "ExplorerRun.0", "point": 1, "testname": "ECE4130_Project_4to16Decoder_1", "cornername": "Nominal"}
[2024-10-10 16:30:43.264 -0400] [PROCESS] [cadence.virtuoso.ade.simulationMonitor] - spectre completes with 0 errors, 0 warnings, and 5 notices. {"history": "ExplorerRun.0", "point": 1, "testname": "ECE4130_Project_4to16Decoder_1", "cornername": "Nominal"}
[2024-10-10 16:30:43.264 -0400] [PROCESS] [cadence.virtuoso.ade.simulationMonitor] - Finished simulating for one point {"hostname": "ece-linlabsrv01.ece.gatech.edu", "processid": 1262649, "history": "ExplorerRun.0", "testname": "ECE4130_Project_4to16Decoder_1", "cornername": "Nominal", "point": 1, "logfile": "/nethome/smin63/ECE4130/ECE6130_Updated/ECE6130_LAB/Cadence/logs_smin63/logs0/Job7.log", "simid": "1", "event": "finish", "category": "simulation"}
[2024-10-10 16:30:43.264 -0400] [PROCESS] [cadence.virtuoso.ade.simulationMonitor] - Simulator exited {"hostname": "ece-linlabsrv01.ece.gatech.edu", "processid": 1262649, "history": "ExplorerRun.0", "testname": "ECE4130_Project_4to16Decoder_1", "cornername": "Nominal", "point": 1, "logfile": "/nethome/smin63/ECE4130/ECE6130_Updated/ECE6130_LAB/Cadence/logs_smin63/logs0/Job7.log", "exitStatus": "0"}
[2024-10-10 16:30:43.264 -0400] [PROCESS] [cadence.virtuoso.ade.simulationMonitor] - Finished Simulation {"hostname": "ece-linlabsrv01.ece.gatech.edu", "processid": 1262649, "history": "ExplorerRun.0", "testname": "ECE4130_Project_4to16Decoder_1", "cornername": "Nominal", "point": 1, "logfile": "/nethome/smin63/ECE4130/ECE6130_Updated/ECE6130_LAB/Cadence/logs_smin63/logs0/Job7.log", "simid": "1", "event": "finish", "category": "obsolete"}
[2024-10-10 16:30:46.768 -0400] [PROCESS] [cadence.virtuoso.ade.simulationMonitor] - Point Finished {"hostname": "ece-linlabsrv01.ece.gatech.edu", "processid": 1262649, "history": "ExplorerRun.0", "testname": "ECE4130_Project_4to16Decoder_1", "cornername": "Nominal", "point": 1, "logfile": "/nethome/smin63/ECE4130/ECE6130_Updated/ECE6130_LAB/Cadence/logs_smin63/logs0/Job7.log", "event": "finish", "category": "sim-eval"}
[2024-10-10 16:30:47.770 -0400] [PROCESS] [cadence.virtuoso.ade.simulationMonitor] - Stay with the runId '0', Linger time '300', currentRunSyn '1', currentTestSyn '2' {"hostname": "ece-linlabsrv01.ece.gatech.edu", "processid": 1262649, "history": "ExplorerRun.0", "testname": "ECE4130_Project_4to16Decoder_1", "cornername": "Nominal", "point": 1, "logfile": "/nethome/smin63/ECE4130/ECE6130_Updated/ECE6130_LAB/Cadence/logs_smin63/logs0/Job7.log"}
[2024-10-10 16:35:03.411 -0400] [INFO] [cadence.virtuoso.ade.simulationMonitor] - SimulationMonitor has terminated the vds process '1263289', reason: 'Force to stop the expression evalutor process because of new run' {"history": "ExplorerRun.0", "point": 1, "testname": "ECE4130_Project_4to16Decoder_1", "cornername": "Nominal"}
[2024-10-10 16:35:03.412 -0400] [PROCESS] [cadence.virtuoso.ade.simulationMonitor] - HostInfo:
Host name (type):	ece-linlabsrv01.ece.gatech.edu (x86_64)
Operating system:	Linux 4.18.0-553.16.1.el8_10.x86_64 #1 SMP Thu Aug 1 04:16:12 EDT 2024 {"hostname": "ece-linlabsrv01.ece.gatech.edu", "processid": 1262649, "history": "ExplorerRun.0", "testname": "ECE4130_Project_4to16Decoder_1", "cornername": "Nominal", "point": 1, "logfile": "/nethome/smin63/ECE4130/ECE6130_Updated/ECE6130_LAB/Cadence/logs_smin63/logs0/Job7.log", "nodename": "ece-linlabsrv01.ece.gatech.edu", "domainname": "(none)", "machine": "x86_64", "sysname": "Linux", "release": "4.18.0-553.16.1.el8_10.x86_64", "version": "#1 SMP Thu Aug 1 04:16:12 EDT 2024"}
[2024-10-10 16:35:03.412 -0400] [PROCESS] [cadence.virtuoso.ade.simulationMonitor] - UsageInfo:
pid=1262649
totalPhysicalMemory=186.850811GB,Used=174.311672GB,totalVirtualMemory=250.850807GB,Used=186.715187GB
Cpu: Cores=112, Load average:12.990000,11.230000,11.000000 {"hostname": "ece-linlabsrv01.ece.gatech.edu", "processid": 1262649, "history": "ExplorerRun.0", "testname": "ECE4130_Project_4to16Decoder_1", "cornername": "Nominal", "point": 1, "logfile": "/nethome/smin63/ECE4130/ECE6130_Updated/ECE6130_LAB/Cadence/logs_smin63/logs0/Job7.log", "pid": "1262649", "totalPhysicalMemory": "186.850811", "physicalMemoryUsed": "174.311672", "totalVirtualMemory": "250.850807", "virtualMemoryUsed": "186.715187", "cpuCores": "112", "processes": "18438", "loadAverage1": "12.990000", "loadAverage5": "11.230000", "loadAverage15": "11.000000", "loadAverage1Percent": "0.115982"}
[2024-10-10 16:35:03.418 -0400] [EVENT] [cadence.virtuoso.ade.simulationMonitor] - NewPoint {"history": "ExplorerRun.0", "point": 1, "testname": "ECE4130_Project_4to16Decoder_1", "cornername": "Nominal", "event": "NewPoint", "EventSource": "Simulation Monitor", "HistoryName": "ExplorerRun.0", "logFile": "/nethome/smin63/ECE4130/ECE6130_Updated/ECE6130_LAB/Cadence/logs_smin63/logs0/Job7.log", "logFileSize": "15066", "category": "simulation"}
[2024-10-10 16:35:03.620 -0400] [EVENT] [cadence.virtuoso.ade.simulationMonitor] - NewPoint {"history": "ExplorerRun.0", "point": 1, "testname": "ECE4130_Project_4to16Decoder_1", "cornername": "Nominal", "event": "NewPoint", "EventSource": "spectre", "HistoryName": "ExplorerRun.0", "logFile": "/nethome/smin63/simulation/ECE4130_Project/4to16Decoder/maestro/results/maestro/ExplorerRun.0/1/ECE4130_Project_4to16Decoder_1/psf/spectre.out", "logFileSize": "-1", "category": "simulation"}
[2024-10-10 16:35:03.904 -0400] [PROCESS] [cadence.virtuoso.ade.simulationMonitor] - Simulator launched {"hostname": "ece-linlabsrv01.ece.gatech.edu", "processid": 1262649, "history": "ExplorerRun.0", "testname": "ECE4130_Project_4to16Decoder_1", "cornername": "Nominal", "point": 1, "logfile": "/nethome/smin63/ECE4130/ECE6130_Updated/ECE6130_LAB/Cadence/logs_smin63/logs0/Job7.log", "simid": "2", "event": "launch", "category": "simulation"}
[2024-10-10 16:35:03.909 -0400] [PROCESS] [cadence.virtuoso.ade.simulationMonitor] - Expression evaluator launched {"hostname": "ece-linlabsrv01.ece.gatech.edu", "processid": 1262649, "history": "ExplorerRun.0", "testname": "ECE4130_Project_4to16Decoder_1", "cornername": "Nominal", "point": 1, "logfile": "/nethome/smin63/ECE4130/ECE6130_Updated/ECE6130_LAB/Cadence/logs_smin63/logs0/Job7.log"}
[2024-10-10 16:35:06.413 -0400] [INFO] [cadence.virtuoso.ade.simulationMonitor] - Peak resident memory used = 162 Mbytes. {"history": "ExplorerRun.0", "point": 1, "testname": "ECE4130_Project_4to16Decoder_1", "cornername": "Nominal"}
[2024-10-10 16:35:06.413 -0400] [INFO] [cadence.virtuoso.ade.simulationMonitor] - Peak resident memory used = 172 Mbytes. {"history": "ExplorerRun.0", "point": 1, "testname": "ECE4130_Project_4to16Decoder_1", "cornername": "Nominal"}
[2024-10-10 16:35:06.413 -0400] [INFO] [cadence.virtuoso.ade.simulationMonitor] - Notice from spectre during hierarchy flattening.
    The value 'psf' specified for the 'checklimitdest' option will no longer be supported in future releases. Use 'spectre -h' to see other recommended values for the 'checklimitdest' option. {"history": "ExplorerRun.0", "point": 1, "testname": "ECE4130_Project_4to16Decoder_1", "cornername": "Nominal"}
[2024-10-10 16:35:06.413 -0400] [INFO] [cadence.virtuoso.ade.simulationMonitor] - Peak resident memory used = 173 Mbytes. {"history": "ExplorerRun.0", "point": 1, "testname": "ECE4130_Project_4to16Decoder_1", "cornername": "Nominal"}
[2024-10-10 16:35:06.420 -0400] [INFO] [cadence.virtuoso.ade.simulationMonitor] -               nodes 107 {"history": "ExplorerRun.0", "point": 1, "testname": "ECE4130_Project_4to16Decoder_1", "cornername": "Nominal"}
[2024-10-10 16:35:06.420 -0400] [INFO] [cadence.virtuoso.ade.simulationMonitor] - Notice from spectre during initial setup.
    Protected devices exist and are not included in the circuit inventory.
    APS enabled. {"history": "ExplorerRun.0", "point": 1, "testname": "ECE4130_Project_4to16Decoder_1", "cornername": "Nominal"}
[2024-10-10 16:35:06.421 -0400] [INFO] [cadence.virtuoso.ade.simulationMonitor] - Notice from spectre.
    Multithreading enabled: 8 threads in the system with 112 available processors. {"history": "ExplorerRun.0", "point": 1, "testname": "ECE4130_Project_4to16Decoder_1", "cornername": "Nominal"}
[2024-10-10 16:35:06.421 -0400] [INFO] [cadence.virtuoso.ade.simulationMonitor] - Peak resident memory used = 200 Mbytes. {"history": "ExplorerRun.0", "point": 1, "testname": "ECE4130_Project_4to16Decoder_1", "cornername": "Nominal"}
[2024-10-10 16:35:06.422 -0400] [INFO] [cadence.virtuoso.ade.simulationMonitor] -    -   (APS) Multi-threading. The recommended number of threads is 4, consider adding +mt=4 on command line. {"history": "ExplorerRun.0", "point": 1, "testname": "ECE4130_Project_4to16Decoder_1", "cornername": "Nominal"}
[2024-10-10 16:35:06.422 -0400] [INFO] [cadence.virtuoso.ade.simulationMonitor] - Notice from spectre at time = 8 ns during transient analysis `tran'.
    Found trapezoidal ringing on node _vvdd!:p. {"history": "ExplorerRun.0", "point": 1, "testname": "ECE4130_Project_4to16Decoder_1", "cornername": "Nominal"}
[2024-10-10 16:35:06.422 -0400] [INFO] [cadence.virtuoso.ade.simulationMonitor] - Notice from spectre during transient analysis `tran'.
    Trapezoidal ringing is detected during tran analysis.
        Please use method=trap for better results and performance. {"history": "ExplorerRun.0", "point": 1, "testname": "ECE4130_Project_4to16Decoder_1", "cornername": "Nominal"}
[2024-10-10 16:35:06.423 -0400] [INFO] [cadence.virtuoso.ade.simulationMonitor] - Intrinsic tran analysis time:    CPU = 2.4542 s, elapsed = 538.121 ms. {"history": "ExplorerRun.0", "point": 1, "testname": "ECE4130_Project_4to16Decoder_1", "cornername": "Nominal"}
[2024-10-10 16:35:06.423 -0400] [INFO] [cadence.virtuoso.ade.simulationMonitor] - Total time required for tran analysis `tran': CPU = 2.59284 s, elapsed = 578.332 ms, util. = 448%. {"history": "ExplorerRun.0", "point": 1, "testname": "ECE4130_Project_4to16Decoder_1", "cornername": "Nominal"}
[2024-10-10 16:35:06.423 -0400] [INFO] [cadence.virtuoso.ade.simulationMonitor] - Peak resident memory used = 210 Mbytes. {"history": "ExplorerRun.0", "point": 1, "testname": "ECE4130_Project_4to16Decoder_1", "cornername": "Nominal"}
[2024-10-10 16:35:06.424 -0400] [INFO] [cadence.virtuoso.ade.simulationMonitor] - Time used: CPU = 3.03 s, elapsed = 1.16 s, util. = 262%. {"history": "ExplorerRun.0", "point": 1, "testname": "ECE4130_Project_4to16Decoder_1", "cornername": "Nominal"}
[2024-10-10 16:35:06.424 -0400] [INFO] [cadence.virtuoso.ade.simulationMonitor] - Time spent in licensing: elapsed = 75.9 ms, percentage of total = 6.56%. {"history": "ExplorerRun.0", "point": 1, "testname": "ECE4130_Project_4to16Decoder_1", "cornername": "Nominal"}
[2024-10-10 16:35:06.425 -0400] [INFO] [cadence.virtuoso.ade.simulationMonitor] - Peak memory used = 211 Mbytes. {"history": "ExplorerRun.0", "point": 1, "testname": "ECE4130_Project_4to16Decoder_1", "cornername": "Nominal"}
[2024-10-10 16:35:06.427 -0400] [PROCESS] [cadence.virtuoso.ade.simulationMonitor] - Simulation started at: 4:35:04 PM, Thur Oct 10, 2024, ended at: 4:35:05 PM, Thur Oct 10, 2024, with elapsed time (wall clock): 1.16 s. {"history": "ExplorerRun.0", "point": 1, "testname": "ECE4130_Project_4to16Decoder_1", "cornername": "Nominal"}
[2024-10-10 16:35:06.427 -0400] [PROCESS] [cadence.virtuoso.ade.simulationMonitor] - spectre completes with 0 errors, 0 warnings, and 7 notices. {"history": "ExplorerRun.0", "point": 1, "testname": "ECE4130_Project_4to16Decoder_1", "cornername": "Nominal"}
[2024-10-10 16:35:06.427 -0400] [PROCESS] [cadence.virtuoso.ade.simulationMonitor] - Finished simulating for one point {"hostname": "ece-linlabsrv01.ece.gatech.edu", "processid": 1262649, "history": "ExplorerRun.0", "testname": "ECE4130_Project_4to16Decoder_1", "cornername": "Nominal", "point": 1, "logfile": "/nethome/smin63/ECE4130/ECE6130_Updated/ECE6130_LAB/Cadence/logs_smin63/logs0/Job7.log", "simid": "2", "event": "finish", "category": "simulation"}
[2024-10-10 16:35:06.427 -0400] [PROCESS] [cadence.virtuoso.ade.simulationMonitor] - Simulator exited {"hostname": "ece-linlabsrv01.ece.gatech.edu", "processid": 1262649, "history": "ExplorerRun.0", "testname": "ECE4130_Project_4to16Decoder_1", "cornername": "Nominal", "point": 1, "logfile": "/nethome/smin63/ECE4130/ECE6130_Updated/ECE6130_LAB/Cadence/logs_smin63/logs0/Job7.log", "exitStatus": "0"}
[2024-10-10 16:35:06.427 -0400] [PROCESS] [cadence.virtuoso.ade.simulationMonitor] - Finished Simulation {"hostname": "ece-linlabsrv01.ece.gatech.edu", "processid": 1262649, "history": "ExplorerRun.0", "testname": "ECE4130_Project_4to16Decoder_1", "cornername": "Nominal", "point": 1, "logfile": "/nethome/smin63/ECE4130/ECE6130_Updated/ECE6130_LAB/Cadence/logs_smin63/logs0/Job7.log", "simid": "2", "event": "finish", "category": "obsolete"}
[2024-10-10 16:35:09.933 -0400] [PROCESS] [cadence.virtuoso.ade.simulationMonitor] - Point Finished {"hostname": "ece-linlabsrv01.ece.gatech.edu", "processid": 1262649, "history": "ExplorerRun.0", "testname": "ECE4130_Project_4to16Decoder_1", "cornername": "Nominal", "point": 1, "logfile": "/nethome/smin63/ECE4130/ECE6130_Updated/ECE6130_LAB/Cadence/logs_smin63/logs0/Job7.log", "event": "finish", "category": "sim-eval"}
[2024-10-10 16:35:10.935 -0400] [PROCESS] [cadence.virtuoso.ade.simulationMonitor] - Stay with the runId '1', Linger time '300', currentRunSyn '3', currentTestSyn '4' {"hostname": "ece-linlabsrv01.ece.gatech.edu", "processid": 1262649, "history": "ExplorerRun.0", "testname": "ECE4130_Project_4to16Decoder_1", "cornername": "Nominal", "point": 1, "logfile": "/nethome/smin63/ECE4130/ECE6130_Updated/ECE6130_LAB/Cadence/logs_smin63/logs0/Job7.log"}
[2024-10-10 16:35:11.935 -0400] [PROCESS] [cadence.virtuoso.ade.simulationMonitor] - Stay with the runId '1', Linger time '300', currentRunSyn '3', currentTestSyn '4' {"hostname": "ece-linlabsrv01.ece.gatech.edu", "processid": 1262649, "history": "ExplorerRun.0", "testname": "ECE4130_Project_4to16Decoder_1", "cornername": "Nominal", "point": 1, "logfile": "/nethome/smin63/ECE4130/ECE6130_Updated/ECE6130_LAB/Cadence/logs_smin63/logs0/Job7.log"}
[2024-10-10 16:35:59.558 -0400] [PROCESS] [cadence.virtuoso.ade.simulationMonitor] - get signal Terminated<15> from user:smin63, which pid:1262564:/tools/software/cadence/ic/latest/tools/bin/64bit/cdsServIpc {"hostname": "ece-linlabsrv01.ece.gatech.edu", "processid": 1262649, "history": "ExplorerRun.0", "testname": "ECE4130_Project_4to16Decoder_1", "cornername": "Nominal", "point": 1, "logfile": "/nethome/smin63/ECE4130/ECE6130_Updated/ECE6130_LAB/Cadence/logs_smin63/logs0/Job7.log", "signal": "15", "signalName": "Terminated", "which": "/tools/software/cadence/ic/latest/tools/bin/64bit/cdsServIpc", "pid": "1262564", "user": "smin63", "uid": "1175677"}
[2024-10-10 16:35:59.559 -0400] [INFO] [cadence.virtuoso.ade.simulationMonitor] - SimulationMonitor has terminated the  process '1380378', reason: 'simulationMonitor is handling signal 15' {"history": "ExplorerRun.0", "point": 1, "testname": "ECE4130_Project_4to16Decoder_1", "cornername": "Nominal"}
