[Simulation Monitor: 8]
[2024-10-10 11:35:02.873 -0400] [PROCESS] [cadence.virtuoso.ade.simulationMonitor] - Started the simulation monitor process {"hostname": "ece-linlabsrv01.ece.gatech.edu", "processid": 2293303, "logfile": "/nethome/smin63/ECE4130/ECE6130_Updated/ECE6130_LAB/Cadence/logs_smin63/logs0/Job8.log", "simulation monitor command line": "/tools/software/cadence/ic/23.10.080/tools.lnx86/dfII/bin/64bit/spectreMonitor --davinciService DaVinciService_2236400_1728573725 --axlsession fnxSession2 -lscs 000175E1894CBE06FF0966E38F1FFC06BC4D39BEFC72FC068A7E6FA78410926AD02470F28B50992BD92E69ED90048F74DD2F32AE9C019928D92E01E47B390820DB4A00001DDA -beanhost ece-linlabsrv01.ece.gatech.edu -beanport 11829 -beanLogFile /nethome/smin63/ECE4130/ECE6130_Updated/ECE6130_LAB/Cadence/logs_smin63/logs0/amps_Job8.log -beanbinlog  --domain 0 --interactive yes --netlistOpt no --useMultiPointEvaluation yes --exprEvalShowJobStderr yes --evalSimParallel no --maxSims 0 --historyName ExplorerRun.0 --historyUUID  --exprEvaluator vds --mcMapping mc1.mapping --checkLogStatusInterval 0 --checkSimulatorLogTimeout 1200 --exprEvalMaxTries 3 --maxNFSSyncWait 60 -adeBrokerAddress ece-linlabsrv01.ece.gatech.edu:39967 --statdbType h5v2 --fromADE true --virtuosoBinary virtuoso --guiDisplay ece-linlabsrv01.ece.gatech.edu:154 --globalStatus 60 --evaluateMultiMC yes --evalOnSimFail SkipFailedAnalyses --numRetriesOnError 1 --fenixMode explorer --lingertimeout 300 -ahdlLockTimeout 60 --sdbLib ECE4130_Project --sdbCell 2to4DecoderEnable --sdbView maestro --heartBeatFileDir /dev/shm --id 8 --uuid 16ed421c-8472-4516-baa5-abf1dd725aef --log /nethome/smin63/ECE4130/ECE6130_Updated/ECE6130_LAB/Cadence/logs_smin63/logs0/Job8.log "}
[2024-10-10 11:35:02.874 -0400] [PROCESS] [cadence.virtuoso.ade.simulationMonitor] - Started the simulation monitor process {"hostname": "ece-linlabsrv01.ece.gatech.edu", "processid": 2293303, "logfile": "/nethome/smin63/ECE4130/ECE6130_Updated/ECE6130_LAB/Cadence/logs_smin63/logs0/Job8.log", "current directory": "/nethome/smin63/ECE4130/ECE6130_Updated/ECE6130_LAB/Cadence"}
[2024-10-10 11:35:02.874 -0400] [PROCESS] [cadence.virtuoso.ade.simulationMonitor] - Simulation Monitor has successfully started up. Trying to set up communication channels to other components ... {"hostname": "ece-linlabsrv01.ece.gatech.edu", "processid": 2293303, "logfile": "/nethome/smin63/ECE4130/ECE6130_Updated/ECE6130_LAB/Cadence/logs_smin63/logs0/Job8.log"}
[2024-10-10 11:35:02.877 -0400] [PROCESS] [cadence.virtuoso.ade.simulationMonitor] - Communication channels have been successfully set up. Start processing events ... {"hostname": "ece-linlabsrv01.ece.gatech.edu", "processid": 2293303, "logfile": "/nethome/smin63/ECE4130/ECE6130_Updated/ECE6130_LAB/Cadence/logs_smin63/logs0/Job8.log"}
[2024-10-10 11:35:02.877 -0400] [PROCESS] [cadence.virtuoso.ade.simulationMonitor] - Considering to start history {"hostname": "ece-linlabsrv01.ece.gatech.edu", "processid": 2293303, "history": "ExplorerRun.0", "logfile": "/nethome/smin63/ECE4130/ECE6130_Updated/ECE6130_LAB/Cadence/logs_smin63/logs0/Job8.log"}
[2024-10-10 11:35:02.880 -0400] [PROCESS] [cadence.virtuoso.ade.simulationMonitor] - HostInfo:
Host name (type):	ece-linlabsrv01.ece.gatech.edu (x86_64)
Operating system:	Linux 4.18.0-553.16.1.el8_10.x86_64 #1 SMP Thu Aug 1 04:16:12 EDT 2024 {"hostname": "ece-linlabsrv01.ece.gatech.edu", "processid": 2293303, "history": "ExplorerRun.0", "logfile": "/nethome/smin63/ECE4130/ECE6130_Updated/ECE6130_LAB/Cadence/logs_smin63/logs0/Job8.log", "nodename": "ece-linlabsrv01.ece.gatech.edu", "domainname": "(none)", "machine": "x86_64", "sysname": "Linux", "release": "4.18.0-553.16.1.el8_10.x86_64", "version": "#1 SMP Thu Aug 1 04:16:12 EDT 2024"}
[2024-10-10 11:35:02.880 -0400] [PROCESS] [cadence.virtuoso.ade.simulationMonitor] - UsageInfo:
pid=2293303
totalPhysicalMemory=186.850811GB,Used=146.534222GB,totalVirtualMemory=250.850807GB,Used=158.911514GB
Cpu: Cores=112, Load average:1.340000,1.060000,1.540000 {"hostname": "ece-linlabsrv01.ece.gatech.edu", "processid": 2293303, "history": "ExplorerRun.0", "logfile": "/nethome/smin63/ECE4130/ECE6130_Updated/ECE6130_LAB/Cadence/logs_smin63/logs0/Job8.log", "pid": "2293303", "totalPhysicalMemory": "186.850811", "physicalMemoryUsed": "146.534222", "totalVirtualMemory": "250.850807", "virtualMemoryUsed": "158.911514", "cpuCores": "112", "processes": "14061", "loadAverage1": "1.340000", "loadAverage5": "1.060000", "loadAverage15": "1.540000", "loadAverage1Percent": "0.011964"}
[2024-10-10 11:35:02.884 -0400] [EVENT] [cadence.virtuoso.ade.simulationMonitor] - NewPoint {"history": "ExplorerRun.0", "point": 1, "testname": "ECE4130_Project_2to4DecoderEnable_1", "cornername": "Nominal", "event": "NewPoint", "EventSource": "Simulation Monitor", "HistoryName": "ExplorerRun.0", "logFile": "/nethome/smin63/ECE4130/ECE6130_Updated/ECE6130_LAB/Cadence/logs_smin63/logs0/Job8.log", "logFileSize": "4544", "category": "simulation"}
[2024-10-10 11:35:03.086 -0400] [EVENT] [cadence.virtuoso.ade.simulationMonitor] - NewPoint {"history": "ExplorerRun.0", "point": 1, "testname": "ECE4130_Project_2to4DecoderEnable_1", "cornername": "Nominal", "event": "NewPoint", "EventSource": "spectre", "HistoryName": "ExplorerRun.0", "logFile": "/nethome/smin63/simulation/ECE4130_Project/2to4DecoderEnable/maestro/results/maestro/ExplorerRun.0/1/ECE4130_Project_2to4DecoderEnable_1/psf/spectre.out", "logFileSize": "7266", "category": "simulation"}
[2024-10-10 11:35:03.338 -0400] [PROCESS] [cadence.virtuoso.ade.simulationMonitor] - Simulator launched {"hostname": "ece-linlabsrv01.ece.gatech.edu", "processid": 2293303, "history": "ExplorerRun.0", "testname": "ECE4130_Project_2to4DecoderEnable_1", "cornername": "Nominal", "point": 1, "logfile": "/nethome/smin63/ECE4130/ECE6130_Updated/ECE6130_LAB/Cadence/logs_smin63/logs0/Job8.log", "simid": "1", "event": "launch", "category": "simulation"}
[2024-10-10 11:35:03.342 -0400] [PROCESS] [cadence.virtuoso.ade.simulationMonitor] - Expression evaluator launched {"hostname": "ece-linlabsrv01.ece.gatech.edu", "processid": 2293303, "history": "ExplorerRun.0", "testname": "ECE4130_Project_2to4DecoderEnable_1", "cornername": "Nominal", "point": 1, "logfile": "/nethome/smin63/ECE4130/ECE6130_Updated/ECE6130_LAB/Cadence/logs_smin63/logs0/Job8.log"}
[2024-10-10 11:35:04.814 -0400] [INFO] [cadence.virtuoso.ade.simulationMonitor] - Peak resident memory used = 166 Mbytes. {"history": "ExplorerRun.0", "point": 1, "testname": "ECE4130_Project_2to4DecoderEnable_1", "cornername": "Nominal"}
[2024-10-10 11:35:04.814 -0400] [ERROR] [cadence.virtuoso.ade.simulationMonitor] -     ERROR (SFE-1997): "./_graphical_stimuli.scs" 3: Cannot run the simulation, because _vE in parameter `period': Unknown parameter `n' has been specified in expression `n' Correct the expression and rerun the simulation. {"history": "ExplorerRun.0", "point": 1, "testname": "ECE4130_Project_2to4DecoderEnable_1", "cornername": "Nominal"}
[2024-10-10 11:35:04.815 -0400] [INFO] [cadence.virtuoso.ade.simulationMonitor] - Peak resident memory used = 174 Mbytes. {"history": "ExplorerRun.0", "point": 1, "testname": "ECE4130_Project_2to4DecoderEnable_1", "cornername": "Nominal"}
[2024-10-10 11:35:04.815 -0400] [INFO] [cadence.virtuoso.ade.simulationMonitor] - Notice from spectre during circuit read-in.
    Multithreading enabled: 8 threads in the system with 112 available processors. {"history": "ExplorerRun.0", "point": 1, "testname": "ECE4130_Project_2to4DecoderEnable_1", "cornername": "Nominal"}
[2024-10-10 11:35:04.816 -0400] [INFO] [cadence.virtuoso.ade.simulationMonitor] - Peak resident memory used = 174 Mbytes. {"history": "ExplorerRun.0", "point": 1, "testname": "ECE4130_Project_2to4DecoderEnable_1", "cornername": "Nominal"}
[2024-10-10 11:35:04.816 -0400] [INFO] [cadence.virtuoso.ade.simulationMonitor] -    -   (APS) Multi-threading. The recommended number of threads is 8, consider adding +mt=8 on command line. {"history": "ExplorerRun.0", "point": 1, "testname": "ECE4130_Project_2to4DecoderEnable_1", "cornername": "Nominal"}
[2024-10-10 11:35:04.818 -0400] [INFO] [cadence.virtuoso.ade.simulationMonitor] - Time used: CPU = 314 ms, elapsed = 426 ms, util. = 73.9%. {"history": "ExplorerRun.0", "point": 1, "testname": "ECE4130_Project_2to4DecoderEnable_1", "cornername": "Nominal"}
[2024-10-10 11:35:04.818 -0400] [INFO] [cadence.virtuoso.ade.simulationMonitor] - Time spent in licensing: elapsed = 51.3 ms, percentage of total = 12%. {"history": "ExplorerRun.0", "point": 1, "testname": "ECE4130_Project_2to4DecoderEnable_1", "cornername": "Nominal"}
[2024-10-10 11:35:04.819 -0400] [INFO] [cadence.virtuoso.ade.simulationMonitor] - Peak memory used = 176 Mbytes. {"history": "ExplorerRun.0", "point": 1, "testname": "ECE4130_Project_2to4DecoderEnable_1", "cornername": "Nominal"}
[2024-10-10 11:35:04.821 -0400] [PROCESS] [cadence.virtuoso.ade.simulationMonitor] - Simulation started at: 11:35:03 AM, Thur Oct 10, 2024, ended at: 11:35:04 AM, Thur Oct 10, 2024, with elapsed time (wall clock): 426 ms. {"history": "ExplorerRun.0", "point": 1, "testname": "ECE4130_Project_2to4DecoderEnable_1", "cornername": "Nominal"}
[2024-10-10 11:35:04.821 -0400] [PROCESS] [cadence.virtuoso.ade.simulationMonitor] - spectre completes with 1 error, 0 warnings, and 1 notice. {"history": "ExplorerRun.0", "point": 1, "testname": "ECE4130_Project_2to4DecoderEnable_1", "cornername": "Nominal"}
[2024-10-10 11:35:04.821 -0400] [FATAL] [cadence.virtuoso.ade.simulationMonitor] - spectre terminated prematurely due to fatal error. {"history": "ExplorerRun.0", "point": 1, "testname": "ECE4130_Project_2to4DecoderEnable_1", "cornername": "Nominal"}
[2024-10-10 11:35:04.821 -0400] [PROCESS] [cadence.virtuoso.ade.simulationMonitor] - Finished simulating for one point {"hostname": "ece-linlabsrv01.ece.gatech.edu", "processid": 2293303, "history": "ExplorerRun.0", "testname": "ECE4130_Project_2to4DecoderEnable_1", "cornername": "Nominal", "point": 1, "logfile": "/nethome/smin63/ECE4130/ECE6130_Updated/ECE6130_LAB/Cadence/logs_smin63/logs0/Job8.log", "simid": "1", "event": "finish", "category": "simulation"}
[2024-10-10 11:35:04.821 -0400] [ERROR] [cadence.virtuoso.ade.simulationMonitor] - While simulating run ExplorerRun.0, point 1, test ECE4130_Project_2to4DecoderEnable_1, received error:
Simulation Error:
 The simulator process returned a non-zero exit code, indicating failure.
The simulator could have crashed or intentionally returned to indicate an error.
Check the simulator log file for more information.  Common causes:
1. Simulator may have crashed during exit even after reporting success in log file.
2. Abrupt automatic simulator termination (e.g., SIGKILL) because the simulator proc... {"history": "ExplorerRun.0", "point": 1, "testname": "ECE4130_Project_2to4DecoderEnable_1", "cornername": "Nominal"}
[2024-10-10 11:35:04.821 -0400] [PROCESS] [cadence.virtuoso.ade.simulationMonitor] - Finished Simulation {"hostname": "ece-linlabsrv01.ece.gatech.edu", "processid": 2293303, "history": "ExplorerRun.0", "testname": "ECE4130_Project_2to4DecoderEnable_1", "cornername": "Nominal", "point": 1, "logfile": "/nethome/smin63/ECE4130/ECE6130_Updated/ECE6130_LAB/Cadence/logs_smin63/logs0/Job8.log", "simid": "1", "event": "finish", "category": "obsolete"}
[2024-10-10 11:38:07.191 -0400] [INFO] [cadence.virtuoso.ade.simulationMonitor] - SimulationMonitor has terminated the vds process '2293517', reason: 'Force to stop the expression evalutor process because of new run' {"history": "ExplorerRun.0", "point": 1, "testname": "ECE4130_Project_2to4DecoderEnable_1", "cornername": "Nominal"}
[2024-10-10 11:38:07.192 -0400] [PROCESS] [cadence.virtuoso.ade.simulationMonitor] - HostInfo:
Host name (type):	ece-linlabsrv01.ece.gatech.edu (x86_64)
Operating system:	Linux 4.18.0-553.16.1.el8_10.x86_64 #1 SMP Thu Aug 1 04:16:12 EDT 2024 {"hostname": "ece-linlabsrv01.ece.gatech.edu", "processid": 2293303, "history": "ExplorerRun.0", "testname": "ECE4130_Project_2to4DecoderEnable_1", "cornername": "Nominal", "point": 1, "logfile": "/nethome/smin63/ECE4130/ECE6130_Updated/ECE6130_LAB/Cadence/logs_smin63/logs0/Job8.log", "nodename": "ece-linlabsrv01.ece.gatech.edu", "domainname": "(none)", "machine": "x86_64", "sysname": "Linux", "release": "4.18.0-553.16.1.el8_10.x86_64", "version": "#1 SMP Thu Aug 1 04:16:12 EDT 2024"}
[2024-10-10 11:38:07.192 -0400] [PROCESS] [cadence.virtuoso.ade.simulationMonitor] - UsageInfo:
pid=2293303
totalPhysicalMemory=186.850811GB,Used=146.300743GB,totalVirtualMemory=250.850807GB,Used=158.678036GB
Cpu: Cores=112, Load average:2.570000,1.810000,1.740000 {"hostname": "ece-linlabsrv01.ece.gatech.edu", "processid": 2293303, "history": "ExplorerRun.0", "testname": "ECE4130_Project_2to4DecoderEnable_1", "cornername": "Nominal", "point": 1, "logfile": "/nethome/smin63/ECE4130/ECE6130_Updated/ECE6130_LAB/Cadence/logs_smin63/logs0/Job8.log", "pid": "2293303", "totalPhysicalMemory": "186.850811", "physicalMemoryUsed": "146.300743", "totalVirtualMemory": "250.850807", "virtualMemoryUsed": "158.678036", "cpuCores": "112", "processes": "13910", "loadAverage1": "2.570000", "loadAverage5": "1.810000", "loadAverage15": "1.740000", "loadAverage1Percent": "0.022946"}
[2024-10-10 11:38:07.196 -0400] [EVENT] [cadence.virtuoso.ade.simulationMonitor] - NewPoint {"history": "ExplorerRun.0", "point": 1, "testname": "ECE4130_Project_2to4DecoderEnable_1", "cornername": "Nominal", "event": "NewPoint", "EventSource": "Simulation Monitor", "HistoryName": "ExplorerRun.0", "logFile": "/nethome/smin63/ECE4130/ECE6130_Updated/ECE6130_LAB/Cadence/logs_smin63/logs0/Job8.log", "logFileSize": "13294", "category": "simulation"}
[2024-10-10 11:38:07.398 -0400] [EVENT] [cadence.virtuoso.ade.simulationMonitor] - NewPoint {"history": "ExplorerRun.0", "point": 1, "testname": "ECE4130_Project_2to4DecoderEnable_1", "cornername": "Nominal", "event": "NewPoint", "EventSource": "spectre", "HistoryName": "ExplorerRun.0", "logFile": "/nethome/smin63/simulation/ECE4130_Project/2to4DecoderEnable/maestro/results/maestro/ExplorerRun.0/1/ECE4130_Project_2to4DecoderEnable_1/psf/spectre.out", "logFileSize": "-1", "category": "simulation"}
[2024-10-10 11:38:07.662 -0400] [PROCESS] [cadence.virtuoso.ade.simulationMonitor] - Simulator launched {"hostname": "ece-linlabsrv01.ece.gatech.edu", "processid": 2293303, "history": "ExplorerRun.0", "testname": "ECE4130_Project_2to4DecoderEnable_1", "cornername": "Nominal", "point": 1, "logfile": "/nethome/smin63/ECE4130/ECE6130_Updated/ECE6130_LAB/Cadence/logs_smin63/logs0/Job8.log", "simid": "2", "event": "launch", "category": "simulation"}
[2024-10-10 11:38:07.666 -0400] [PROCESS] [cadence.virtuoso.ade.simulationMonitor] - Expression evaluator launched {"hostname": "ece-linlabsrv01.ece.gatech.edu", "processid": 2293303, "history": "ExplorerRun.0", "testname": "ECE4130_Project_2to4DecoderEnable_1", "cornername": "Nominal", "point": 1, "logfile": "/nethome/smin63/ECE4130/ECE6130_Updated/ECE6130_LAB/Cadence/logs_smin63/logs0/Job8.log"}
[2024-10-10 11:38:09.078 -0400] [INFO] [cadence.virtuoso.ade.simulationMonitor] - Peak resident memory used = 166 Mbytes. {"history": "ExplorerRun.0", "point": 1, "testname": "ECE4130_Project_2to4DecoderEnable_1", "cornername": "Nominal"}
[2024-10-10 11:38:09.078 -0400] [INFO] [cadence.virtuoso.ade.simulationMonitor] - Peak resident memory used = 174 Mbytes. {"history": "ExplorerRun.0", "point": 1, "testname": "ECE4130_Project_2to4DecoderEnable_1", "cornername": "Nominal"}
[2024-10-10 11:38:09.078 -0400] [INFO] [cadence.virtuoso.ade.simulationMonitor] - Notice from spectre during hierarchy flattening.
    The value 'psf' specified for the 'checklimitdest' option will no longer be supported in future releases. Use 'spectre -h' to see other recommended values for the 'checklimitdest' option. {"history": "ExplorerRun.0", "point": 1, "testname": "ECE4130_Project_2to4DecoderEnable_1", "cornername": "Nominal"}
[2024-10-10 11:38:09.078 -0400] [INFO] [cadence.virtuoso.ade.simulationMonitor] - Peak resident memory used = 176 Mbytes. {"history": "ExplorerRun.0", "point": 1, "testname": "ECE4130_Project_2to4DecoderEnable_1", "cornername": "Nominal"}
[2024-10-10 11:38:09.078 -0400] [INFO] [cadence.virtuoso.ade.simulationMonitor] - Notice from spectre during initial setup.
    Multithreading is disabled due to the size of the design being too small. {"history": "ExplorerRun.0", "point": 1, "testname": "ECE4130_Project_2to4DecoderEnable_1", "cornername": "Nominal"}
[2024-10-10 11:38:09.082 -0400] [INFO] [cadence.virtuoso.ade.simulationMonitor] -               nodes 21 {"history": "ExplorerRun.0", "point": 1, "testname": "ECE4130_Project_2to4DecoderEnable_1", "cornername": "Nominal"}
[2024-10-10 11:38:09.082 -0400] [INFO] [cadence.virtuoso.ade.simulationMonitor] - Notice from spectre during initial setup.
    Protected devices exist and are not included in the circuit inventory.
    APS enabled. {"history": "ExplorerRun.0", "point": 1, "testname": "ECE4130_Project_2to4DecoderEnable_1", "cornername": "Nominal"}
[2024-10-10 11:38:09.083 -0400] [INFO] [cadence.virtuoso.ade.simulationMonitor] - Peak resident memory used = 177 Mbytes. {"history": "ExplorerRun.0", "point": 1, "testname": "ECE4130_Project_2to4DecoderEnable_1", "cornername": "Nominal"}
[2024-10-10 11:38:09.083 -0400] [INFO] [cadence.virtuoso.ade.simulationMonitor] -    -   (APS) Multi-threading. The recommended number of threads is 1, consider adding +mt=1 on command line. {"history": "ExplorerRun.0", "point": 1, "testname": "ECE4130_Project_2to4DecoderEnable_1", "cornername": "Nominal"}
[2024-10-10 11:38:09.083 -0400] [INFO] [cadence.virtuoso.ade.simulationMonitor] - Notice from spectre during IC analysis, during transient analysis `tran'.
    Bad pivoting is found during DC analysis. Option dc_pivot_check=yes is recommended for possible improvement of convergence. {"history": "ExplorerRun.0", "point": 1, "testname": "ECE4130_Project_2to4DecoderEnable_1", "cornername": "Nominal"}
[2024-10-10 11:38:09.083 -0400] [INFO] [cadence.virtuoso.ade.simulationMonitor] - Notice from spectre during transient analysis `tran'.
    Multithreading is disabled due to the size of the design being too small. {"history": "ExplorerRun.0", "point": 1, "testname": "ECE4130_Project_2to4DecoderEnable_1", "cornername": "Nominal"}
[2024-10-10 11:38:09.083 -0400] [INFO] [cadence.virtuoso.ade.simulationMonitor] - Notice from spectre at time = 2 ns during transient analysis `tran'.
    Found trapezoidal ringing on node _vvdd!:p. {"history": "ExplorerRun.0", "point": 1, "testname": "ECE4130_Project_2to4DecoderEnable_1", "cornername": "Nominal"}
[2024-10-10 11:38:09.083 -0400] [INFO] [cadence.virtuoso.ade.simulationMonitor] - Notice from spectre during transient analysis `tran'.
    Trapezoidal ringing is detected during tran analysis.
        Please use method=trap for better results and performance. {"history": "ExplorerRun.0", "point": 1, "testname": "ECE4130_Project_2to4DecoderEnable_1", "cornername": "Nominal"}
[2024-10-10 11:38:09.084 -0400] [INFO] [cadence.virtuoso.ade.simulationMonitor] - Intrinsic tran analysis time:    CPU = 137.191 ms, elapsed = 148.649 ms. {"history": "ExplorerRun.0", "point": 1, "testname": "ECE4130_Project_2to4DecoderEnable_1", "cornername": "Nominal"}
[2024-10-10 11:38:09.084 -0400] [INFO] [cadence.virtuoso.ade.simulationMonitor] - Total time required for tran analysis `tran': CPU = 142.984 ms, elapsed = 157.496 ms, util. = 90.8%. {"history": "ExplorerRun.0", "point": 1, "testname": "ECE4130_Project_2to4DecoderEnable_1", "cornername": "Nominal"}
[2024-10-10 11:38:09.084 -0400] [INFO] [cadence.virtuoso.ade.simulationMonitor] - Peak resident memory used = 185 Mbytes. {"history": "ExplorerRun.0", "point": 1, "testname": "ECE4130_Project_2to4DecoderEnable_1", "cornername": "Nominal"}
[2024-10-10 11:38:09.086 -0400] [INFO] [cadence.virtuoso.ade.simulationMonitor] - Time used: CPU = 477 ms, elapsed = 629 ms, util. = 75.8%. {"history": "ExplorerRun.0", "point": 1, "testname": "ECE4130_Project_2to4DecoderEnable_1", "cornername": "Nominal"}
[2024-10-10 11:38:09.086 -0400] [INFO] [cadence.virtuoso.ade.simulationMonitor] - Time spent in licensing: elapsed = 50.4 ms, percentage of total = 8.01%. {"history": "ExplorerRun.0", "point": 1, "testname": "ECE4130_Project_2to4DecoderEnable_1", "cornername": "Nominal"}
[2024-10-10 11:38:09.087 -0400] [INFO] [cadence.virtuoso.ade.simulationMonitor] - Peak memory used = 186 Mbytes. {"history": "ExplorerRun.0", "point": 1, "testname": "ECE4130_Project_2to4DecoderEnable_1", "cornername": "Nominal"}
[2024-10-10 11:38:09.089 -0400] [PROCESS] [cadence.virtuoso.ade.simulationMonitor] - Simulation started at: 11:38:08 AM, Thur Oct 10, 2024, ended at: 11:38:08 AM, Thur Oct 10, 2024, with elapsed time (wall clock): 629 ms. {"history": "ExplorerRun.0", "point": 1, "testname": "ECE4130_Project_2to4DecoderEnable_1", "cornername": "Nominal"}
[2024-10-10 11:38:09.089 -0400] [PROCESS] [cadence.virtuoso.ade.simulationMonitor] - spectre completes with 0 errors, 0 warnings, and 9 notices. {"history": "ExplorerRun.0", "point": 1, "testname": "ECE4130_Project_2to4DecoderEnable_1", "cornername": "Nominal"}
[2024-10-10 11:38:09.089 -0400] [PROCESS] [cadence.virtuoso.ade.simulationMonitor] - Finished simulating for one point {"hostname": "ece-linlabsrv01.ece.gatech.edu", "processid": 2293303, "history": "ExplorerRun.0", "testname": "ECE4130_Project_2to4DecoderEnable_1", "cornername": "Nominal", "point": 1, "logfile": "/nethome/smin63/ECE4130/ECE6130_Updated/ECE6130_LAB/Cadence/logs_smin63/logs0/Job8.log", "simid": "2", "event": "finish", "category": "simulation"}
[2024-10-10 11:38:09.089 -0400] [PROCESS] [cadence.virtuoso.ade.simulationMonitor] - Simulator exited {"hostname": "ece-linlabsrv01.ece.gatech.edu", "processid": 2293303, "history": "ExplorerRun.0", "testname": "ECE4130_Project_2to4DecoderEnable_1", "cornername": "Nominal", "point": 1, "logfile": "/nethome/smin63/ECE4130/ECE6130_Updated/ECE6130_LAB/Cadence/logs_smin63/logs0/Job8.log", "exitStatus": "0"}
[2024-10-10 11:38:09.089 -0400] [PROCESS] [cadence.virtuoso.ade.simulationMonitor] - Finished Simulation {"hostname": "ece-linlabsrv01.ece.gatech.edu", "processid": 2293303, "history": "ExplorerRun.0", "testname": "ECE4130_Project_2to4DecoderEnable_1", "cornername": "Nominal", "point": 1, "logfile": "/nethome/smin63/ECE4130/ECE6130_Updated/ECE6130_LAB/Cadence/logs_smin63/logs0/Job8.log", "simid": "2", "event": "finish", "category": "obsolete"}
[2024-10-10 11:38:13.093 -0400] [PROCESS] [cadence.virtuoso.ade.simulationMonitor] - Point Finished {"hostname": "ece-linlabsrv01.ece.gatech.edu", "processid": 2293303, "history": "ExplorerRun.0", "testname": "ECE4130_Project_2to4DecoderEnable_1", "cornername": "Nominal", "point": 1, "logfile": "/nethome/smin63/ECE4130/ECE6130_Updated/ECE6130_LAB/Cadence/logs_smin63/logs0/Job8.log", "event": "finish", "category": "sim-eval"}
[2024-10-10 11:38:14.095 -0400] [PROCESS] [cadence.virtuoso.ade.simulationMonitor] - Stay with the runId '1', Linger time '300', currentRunSyn '3', currentTestSyn '4' {"hostname": "ece-linlabsrv01.ece.gatech.edu", "processid": 2293303, "history": "ExplorerRun.0", "testname": "ECE4130_Project_2to4DecoderEnable_1", "cornername": "Nominal", "point": 1, "logfile": "/nethome/smin63/ECE4130/ECE6130_Updated/ECE6130_LAB/Cadence/logs_smin63/logs0/Job8.log"}
[2024-10-10 11:43:13.947 -0400] [PROCESS] [cadence.virtuoso.ade.simulationMonitor] - Current memory used: 81.8633 MBytes, peak memory used: 81.8633 MBytes {"hostname": "ece-linlabsrv01.ece.gatech.edu", "processid": 2293303, "history": "ExplorerRun.0", "testname": "ECE4130_Project_2to4DecoderEnable_1", "cornername": "Nominal", "point": 1, "logfile": "/nethome/smin63/ECE4130/ECE6130_Updated/ECE6130_LAB/Cadence/logs_smin63/logs0/Job8.log"}
[2024-10-10 11:43:13.947 -0400] [PROCESS] [cadence.virtuoso.ade.simulationMonitor] - Simulation Monitor process exits. {"hostname": "ece-linlabsrv01.ece.gatech.edu", "processid": 2293303, "history": "ExplorerRun.0", "testname": "ECE4130_Project_2to4DecoderEnable_1", "cornername": "Nominal", "point": 1, "logfile": "/nethome/smin63/ECE4130/ECE6130_Updated/ECE6130_LAB/Cadence/logs_smin63/logs0/Job8.log"}
