\# Program start time:     UTC 2024.10.09 22:53:49.699
\# Local time: EDT (UTC-04:00) 2024.10.09 18:53:49.699
\o Program:		@(#)$CDS: Virtuoso Studio version IC23.1-64b 07/09/2024 22:36 (cpgbld15) $
\o Hierarchy:		/tools/software/cadence/ic/23.10.080/tools.lnx86/dfII/
\o Sub version:		sub-version  IC23.1-64b.ISR8.40  (64-bit addresses)
\# Command line:	/tools/software/cadence/ic/latest/tools.lnx86/dfII/bin/64bit/virtuoso -beanhost ece-linlabsrv01.ece.gatech.edu -beanport 11484 -beanbinlog  -beanLogFile /nethome/smin63/ECE4130/ECE6130_Updated/ECE6130_LAB/Cadence/logs_smin63/logs0/amps_Service30.log -mpssession virtuoso3363357 -mpshost ece-linlabsrv01.ece.gatech.edu -davinciService DaVinciService_3363357_1728509910 -scopedPid 3363357 -axlSession fnxSession11 -axlServiceIdFlag 30 -uuid 5189e036-04c5-4842-942f-86637e4ff554 -heartbeat /dev/shm/swift-heartbeat.zpv9DTNPz5 -log /nethome/smin63/ECE4130/ECE6130_Updated/ECE6130_LAB/Cadence/logs_smin63/logs0/Service30.log -adeBrokerAddress ece-linlabsrv01.ece.gatech.edu:33203 -noautostart -nographE -lscs 000175E1894CBE06FF0966E38F1FFC06BC4D39BEFC72FC068A7E6FA78410926AD02470F28B50992BD92E69ED90048F74DD2F32AE9C019928D92E01E48665F57CDB4A00001DF9 -interactive -offlineExprEval -upfrontMode -fenixMode explorer -heartbeatTimeout  -lingerTimeout 300 -pointlifetime -1
\# Host name (type):	ece-linlabsrv01.ece.gatech.edu (x86_64)
\# Operating system:	Linux 4.18.0-553.16.1.el8_10.x86_64 #1 SMP Thu Aug 1 04:16:12 EDT 2024
\# Linux /etc/issue:	****************************************************************************
\# Linux /etc/issue:	This computer system is the property of the Georgia Institute of Technology.
\# Linux /etc/issue:	Any user of this system must comply with all Institute and Board of Regents
\# Linux /etc/issue:	policies, including the Acceptable Use Policy, Cyber Security Policy and
\# X display name (WxH):	:2096 (1024x868)
\# Available geometry:			TL(0:0) BR(1023:867)
\# X server:			The X.Org Foundation
\# Depth of Visual (Root):	24 (24)
\# Number of Planes Used:	24
\# X version:		11.0 (vendor release 12011000)
\# X resource pool:	base 0x400000, mask 0x1fffff (2097151), shift 0
\# 			current id 0x0, current max 0x1ffffa (2097146)
\# Max data seg size:	     unlimited
\# Max process size:	     unlimited
\# Initial sbrk value:	        743 MB
\# Available memory:	    199,911 MB
\# System memory:	    256,871 MB
\# Maximum memory size:	    256,300 MB
\# Max mem available:	    200,084 MB
\# Initial memory used:	        173 MB
\#        process size:	      1,700 MB
\# Thread usage limits (effective/default):	maxthreads 764801/764801 maxload 112.00/112.00
\# Qt version:		5.15.9
\# Window Manager:	other
\# User Name:		smin63
\o Working Directory:	ece-linlabsrv01.ece.gatech.edu:/nethome/smin63/ECE4130/ECE6130_Updated/ECE6130_LAB/Cadence
\# Process Id:		1547638
\o 
\o COPYRIGHT (C) 1992-2024  CADENCE DESIGN SYSTEMS INC.  ALL RIGHTS RESERVED.
\o           (C) 1992-2024  UNIX SYSTEMS Laboratories INC.,
\o                          Reproduced with permission.
\o 
\o This Cadence Design Systems program and online documentation are
\o proprietary/confidential information and may be disclosed/used only
\o as authorized in a license agreement controlling such use and disclosure.
\o 
\o           RESTRICTED RIGHTS NOTICE (SHORT FORM)
\o Use/reproduction/disclosure is subject to restriction
\o set forth at FAR 1252.227-19 or its equivalent.
\o INFO (CMGR-2107): The following Constraint Manager configuration files have been combined together (in decreasing order of precedence, specified by your search path - setup.loc) 
\o /tools/software/cadence/ic/latest/share/cdssetup/dfII/ci/config.xml
\o /tools/software/cadence/ic/latest/share/cdssetup/dfII/ci/config.xml
\o INFO (CMGR-2107): The following Constraint Manager configuration files have been combined together (in decreasing order of precedence, specified by your search path - setup.loc) 
\o /tools/software/cadence/ic/latest/share/cdssetup/dfII/caa/config.xml
\o /tools/software/cadence/ic/latest/share/cdssetup/dfII/caa/config.xml
\o Loading geView.cxt 
\o Loading menuBuilder.cxt 
\o Loading im.cxt 
\o Loading schView.cxt 
\o Loading selectSv.cxt 
\o Loading wireEdit.cxt 
\o Loading pte2.cxt 
\o Loading xlUI.cxt 
\o Loading auCore.cxt 
\o Loading vhdl.cxt 
\o Loading seismic.cxt 
\o Loading ci.cxt 
\o Loading layers.cxt 
\o Loading drv.cxt 
\o Loading ams.cxt 
\o Loading oasis.cxt 
\o Loading dal.cxt 
\o Loading awv.cxt 
\o Loading socket.cxt 
\o Loading analog.cxt 
\o Loading par.cxt 
\o Loading asimenv.cxt 
\o Loading alvs.cxt 
\o Loading caa.cxt 
\o Loading amps.cxt 
\o Loading adexlCore.cxt 
\o Loading adexl.cxt 
\o *Info*    Exporting services from client ... 
\o 
\o Loading adexlDM.cxt 
\o function _teExpandCallbacks redefined
\o function _teGetCallback redefined
\o Loading cpf.cxt 
\o Loading cli.cxt 
\# Memory report: using         311 MB, process size 1,883 MB at UTC 2024.10.09 22:53:52.057
\o Loading lp.cxt 
\o Loading sipLayout.cxt 
\o function _pcIdeSingleSelectPt redefined
\o Loading diagCenter.cxt 
\o INFO (ELI-00333) License program mode is LSCS.
\# [18:53:49.142324] Configured Lic search path (23.02-s006): 5280@ece-winlic.ece.gatech.edu:1910@ece-winlic.ece.gatech.edu:27020@ece-winlabsvcs.ece.gatech.edu:1055@ansyslic.ecs.gatech.edu
\o //
\o //  Calibre Skill Interface * (v2024.3_37.19) *
\o //
\o //                         Copyright Siemens 1996-2020     
\o //                             All Rights Reserved.
\o //         THIS WORK CONTAINS TRADE SECRET AND PROPRIETARY INFORMATION
\o //            WHICH IS THE PROPERTY OF MENTOR GRAPHICS CORPORATION
\o //              OR ITS LICENSORS AND IS SUBJECT TO LICENSE TERMS.
\o //
\o //
\o loading vars from /nethome/smin63/ECE4130/ECE6130_Updated/ECE6130_LAB/FreePDK45/ncsu_basekit/cdssetup/cdsenv for tool layout
\o ---------------------------------------------------------------------------
\o Welcome to the FreePDK 45nm Free, Open-Source Process Design Kit
\o 
\o This initiative is brought to you by the Semiconductor Research
\o Corporation (SRC), the National Science Foundation (NSF), Silicon
\o Integration Initiative (Si2), Mentor Graphics, and Synopsys.
\o 
\o This version of the kit was created by Rhett Davis, Paul Franzon,
\o Michael Bucher, and Sunil Basavarajaiah of North Carolina State University,
\o and James Stine and Ivan Castellanos of Oklahoma State University.
\o 
\o Contributions and modifications to this kit are welcomed and encouraged.
\o 
\o Copyright 2008 North Carolina State University (ncsu_basekit subtree)
\o                and Oklahoma State University (osu_soc subtree)
\o 
\o Licensed under the Apache License, Version 2.0 (the "License");
\o you may not use this file except in compliance with the License.
\o You may obtain a copy of the License at
\o 
\o     http://www.apache.org/licenses/LICENSE-2.0
\o 
\o Unless required by applicable law or agreed to in writing, software
\o distributed under the License is distributed on an "AS IS" BASIS,
\o WITHOUT WARRANTIES OR CONDITIONS OF ANY KIND, either express or implied.
\o See the License for the specific language governing permissions and
\o limitations under the License.
\o ---------------------------------------------------------------------------
\o 
\o Done loading FreePDK customizations.
\p > 
\o Loading le.cxt 
\o Loading tilp.cxt 
\o Loading validator.cxt 
\o Loading vrf.cxt 
\o Loading multiTechPlugin.cxt 
\o Loading exportDie.cxt 
\# Loading perfDiag...
\# (PerfDiag): Set GDB path to environment variable 'gdbPath' (gdb).
\# The Health Monitor tool is installed. You can access it from CIW - Tools - Diagnostic Center or use the shell command 'cdsPerfDiag -p 1547638' to open it when Virtuoso freezes.
\# (PerfDiag): Use backtrace from GLIBC.
\i _axlRunServices()
\# [18:53:57.486171] Periodic Lic check successful
\# [18:53:57.486178] Feature usage summary:
\o Loading simui.cxt 
\o [2024-10-09 18:53:57.517 -0400] [PROCESS] [cadence.virtuoso.ade.services] - Netlist Service has successfully started. Waiting for incoming messages ... {"jobid": "30", "hostname": "ece-linlabsrv01.ece.gatech.edu", "processid": 1547638, "logfile": "/nethome/smin63/ECE4130/ECE6130_Updated/ECE6130_LAB/Cadence/logs_smin63/logs0/Service30.log"}
\# Available memory:        199,910 MB at UTC 2024.10.09 22:53:59.559
\# Memory report: Maximum memory size now 200,346 MB at UTC 2024.10.09 22:53:59.559
\# Thread usage report: 43 active threads, active load 1.40 at UTC 2024.10.09 22:53:59.559
\# Memory report: using         436 MB, process size 2,392 MB at UTC 2024.10.09 22:53:59.559
\o 
\o Loading vdsil.cxt 
\o *Info*    Received signal SIGTERM.
\o 
\o 
\# Lic Summary:
\# [18:57:43.092704] Cdslmd servers:5280@ece-winlic.ece.gatech.edu:1910@ece-winlic.ece.gatech.edu:27020@ece-winlabsvcs.ece.gatech.edu:1055@ansyslic.ecs.gatech.edu
\# [18:57:43.617018] Feature usage summary:
\# Memory report: on exit            436 MB, process size 2,392 MB at UTC 2024.10.09 22:57:43.617
\# Memory report: peak usage         436 MB, process size 2,392 MB
