\o Program:		@(#)$CDS: cdsLibEditor version 23.1 - CAT38 06/19/2024 03:32 (sjfdcl966) $
\o Sub version:		sub-version  s080 
\o Arguments:		-cdslib /nethome/imix3/ECE4130_M/Project1/ECE6130_Updated/ECE6130_LAB/Cadence/cds.lib -mpssession virtuoso961601 -mpshost ece-linlab15.ece.gatech.edu -mpsversion 23.1 
\o Working Directory:	ece-linlab15.ece.gatech.edu:/nethome/imix3/ECE4130_M/Project1/ECE6130_Updated/ECE6130_LAB/Cadence
\o 64-bit offsets
\a nrSetWindowVisibility(cdsLibEditor "show")
\o Qt version: 		5.15.9
\a nrSetCurrentWindow(cdsLibEditor)
\a nrListItemAction(cdsLibEditor->mainTable 0 0)
\o Active cell: 0 0 "cdsDefTechLib"
\a nrResizeWindow(cdsLibEditor list(0 27 500 400))
\a nrListItemAction(cdsLibEditor->mainTable 15 1)
\o Active cell: 15 1 "/nethome/smin63/ECE4130_M/ECE4130_M/Project1/ECE6130_Updated/ECE6130_LAB/Cadence/Tutorial"
\a nrListItemRename(cdsLibEditor->mainTable, 15 1 "/nethome/imix3/ECE4130_M/Project1/ECE6130_Updated/ECE6130_LAB/Cadence/Tutorial")
\a nrListItemAction(cdsLibEditor->mainTable 16 1)
\o Active cell: 16 1 "/nethome/smin63/ECE4130_M/ECE4130_M/Project1/ECE6130_Updated/ECE6130_LAB/Cadence/ECE4130_Project"
\a nrListItemRename(cdsLibEditor->mainTable, 16 1 "/nethome/imix3/ECE4130_M/Project1/ECE6130_Updated/ECE6130_LAB/Cadence/ECE4130_Project")
\a nrListItemAction(cdsLibEditor->mainTable 17 0)
\o Active cell: 17 0 ""
\o QUESTION (CLE-205): You have made changes which have not been saved. \n\nWould you like to save your changes? 
\a nrSetWindowVisibility(needSaveDialog "show")
\a nrSetCurrentWindow(needSaveDialog)
\a nrResizeWindow(needSaveDialog list(56 156 369 136))
\a nrResizeWindow(cdsLibEditor list(0 -10 500 400))
\a needSaveDialog->yesButton->value = t
\a exit(0)
