### Custom WaveView ADV log file, revision R-2020.12-SP1 (build Apr 08, ) ###
### created at 14:48:23 on Tue Aug 24 2021 (Linux AMD64) ###
### Host Name: ece-rschsrv02.ece.gatech.edu   User ID: ssharma497   PID: 15319   ###
wv_start_log
# (0) running in waveview only mode
# (0) SW_SX_PERL_LIB defined
# (0) SW_SX_TCL_LIB defined
# (0) HOME defined
wv_move_window {Custom WaveView} {} 83 110
wv_select_window {Custom WaveView} 
wv_move_window {Custom WaveView} {} 0 27
wv_press_tool_button {Custom WaveView} {} {OpenWaveform0} 
wv_move_window {FileDialog} {} 725 191
wv_move_window {FileDialog} {} 735 231
wv_select_dialog {FileDialog} 
wv_resize_window {FileDialog} 420 520
wv_move_window {FileDialog} {} 720 231
wv_resize_window {FileDialog} 486 520
wv_move_window {FileDialog} {} 687 231
wv_resize_window {FileDialog} 636 520
wv_move_window {FileDialog} {} 612 231
wv_resize_window {FileDialog} 886 520
wv_move_window {FileDialog} {} 487 231
wv_resize_window {FileDialog} 1238 520
wv_move_window {FileDialog} {} 311 231
wv_resize_window {FileDialog} 1252 520
wv_move_window {FileDialog} {} 304 231
wv_select_dialog {FileDialog} 
wv_select_list_item {FileDialog} {} {FileList} {test_inv} 8
wv_dclick_list_item {FileDialog} {} {FileList} {test_inv} 8
wv_select_list_item {FileDialog} {} {FileList} {inverter_hsp.tr0} 11
wv_dclick_list_item {FileDialog} {} {FileList} {inverter_hsp.tr0} 11
wv_expand_tree_item {Custom WaveView} {} {hierview} {D0:inverter_hsp.tr0(0)} {+sep=@}
wv_select_tree_item {Custom WaveView} {} {hierview} {D0:inverter_hsp.tr0(0)@toplevel(0)} {0} {+sep=@}
wv_select_list_item {Custom WaveView} {} {sigview} {out} 4
wv_drag_list_item {Custom WaveView} {} {sigview} {out} 4
wv_drag_enter WV1
wv_drop_on WV1
wv_select_list_item {Custom WaveView} {} {sigview} {in} 3
wv_dclick_list_item {Custom WaveView} {} {sigview} {in} 3
wv_select_waveview 1 {waveview 1}
wv_select_panel WV1.PANEL2:1 1.77641e-10 0.425378
wv_select_panel WV1.PANEL2:1 1.77641e-10 0.425378 btnup
wv_select_waveview 1 {waveview 1}
wv_select_panel WV1.PANEL1:1 2.27023e-10 0.39971
wv_select_waveview 1 {waveview 1}
wv_select_panel WV1.PANEL1:1 2.23594e-10 0.399709
wv_select_panel WV1.PANEL1:1 2.23594e-10 0.399709 btnup
wv_select_window {Custom WaveView} 
wv_tree_context_menu {Custom WaveView} {} {hierview} 150 27 {D0:inverter_hsp.tr0(0)@toplevel(0)} {+sep=@}
wv_select_menu_item {Custom WaveView} {} {FileViewPopMenu.Update WDF} 
wv_move_window {Confirmation} {} 550 435
wv_move_window {Confirmation} {} 560 438
wv_select_dialog {Confirmation} 
wv_press_button {Confirmation} {} {Ok} 
wv_tree_context_menu {Custom WaveView} {} {hierview} 216 17 {D0:inverter_hsp.tr0(0)@toplevel(0)} {+sep=@}
wv_select_menu_item {Custom WaveView} {} {FileViewPopMenu.Update WDF} 
wv_move_window {Confirmation} {} 550 435
wv_move_window {Confirmation} {} 560 438
wv_select_dialog {Confirmation} 
wv_press_button {Confirmation} {} {Ok} 
wv_select_window {Custom WaveView} 
wv_tree_context_menu {Custom WaveView} {} {hierview} 174 31 {D0:inverter_hsp.tr0(0)@toplevel(0)} {+sep=@}
wv_select_menu_item {Custom WaveView} {} {FileViewPopMenu.Update WDF} 
wv_move_window {Confirmation} {} 550 435
wv_move_window {Confirmation} {} 560 438
wv_select_dialog {Confirmation} 
wv_press_button {Confirmation} {} {Ok} 
wv_select_waveview 1 {waveview 1}
wv_select_panel WV1.PANEL1:1 4.69136e-10 0.0202862
wv_select_waveview 1 {waveview 1}
wv_select_toolbar_item {Custom WaveView} {waveview 1:1} {Full Unzoom} 
wv_select_window {Custom WaveView} 
wv_tree_context_menu {Custom WaveView} {} {hierview} 129 29 {D0:inverter_hsp.tr0(0)@toplevel(0)} {+sep=@}
wv_select_menu_item {Custom WaveView} {} {FileViewPopMenu.Update WDF} 
wv_move_window {Confirmation} {} 550 435
wv_move_window {Confirmation} {} 560 438
wv_select_dialog {Confirmation} 
wv_press_button {Confirmation} {} {Ok} 
wv_tree_context_menu {Custom WaveView} {} {hierview} 161 26 {D0:inverter_hsp.tr0(0)@toplevel(0)} {+sep=@}
wv_select_menu_item {Custom WaveView} {} {FileViewPopMenu.Update WDF} 
wv_move_window {Confirmation} {} 550 435
wv_move_window {Confirmation} {} 560 438
wv_select_dialog {Confirmation} 
wv_press_button {Confirmation} {} {Ok} 
wv_select_list_item {Custom WaveView} {} {sigview} {out} 4
wv_select_window {Custom WaveView} 
wv_tree_context_menu {Custom WaveView} {} {hierview} 172 30 {D0:inverter_hsp.tr0(0)@toplevel(0)} {+sep=@}
wv_select_menu_item {Custom WaveView} {} {FileViewPopMenu.Update WDF} 
wv_move_window {Confirmation} {} 550 435
wv_move_window {Confirmation} {} 560 438
wv_select_dialog {Confirmation} 
wv_press_button {Confirmation} {} {Ok} 
wv_select_window {Custom WaveView} 
wv_select_tab {Custom WaveView} {} {RBMenu} {Bar.File}
wv_press_tool_button {Custom WaveView} {} {OpenWaveform0} 
wv_resize_window {FileDialog} 390 520
wv_move_window {FileDialog} {} 725 228
wv_move_window {FileDialog} {} 735 231
wv_resize_window {FileDialog} 1252 520
wv_move_window {FileDialog} {} 304 231
wv_select_dialog {FileDialog} 
wv_set_text {FileDialog} {} {FileName} "inverter_hsp.tr0shut"
wv_press_button {FileDialog} {} {Cancel} 
wv_select_window {Custom WaveView} 
wv_select_waveview 1 {waveview 1}
wv_select_panel WV1.PANEL2:1 3.79287e-09 0.480363
wv_close_window {Custom WaveView} 
wv_move_window {Confirmation} {} 829 442
wv_move_window {Confirmation} {} 839 445
wv_select_dialog {Confirmation} 
#wv_press_button {Confirmation} {} {Ok} 
#*WARNING* Can not remove '/nethome/ssharma497/.cx_hostport/.cx_hostport_ece-rschsrv02.ece.gatech.edu_15319'.
