_=*789038*/usr/bin/env
BASH_FUNC_which%%=() {  ( alias;
 eval ${which_declare} ) | /usr/bin/which --tty-only --read-alias --read-functions --show-tilde --show-dot $@
}
BASH_FUNC_module%%=() {  _module_raw "$@" 2>&1
}
BASH_FUNC__module_raw%%=() {  unset _mlshdbg;
 if [ "${MODULES_SILENT_SHELL_DEBUG:-0}" = '1' ]; then
 case "$-" in 
 *v*x*)
 set +vx;
 _mlshdbg='vx'
 ;;
 *v*)
 set +v;
 _mlshdbg='v'
 ;;
 *x*)
 set +x;
 _mlshdbg='x'
 ;;
 *)
 _mlshdbg=''
 ;;
 esac;
 fi;
 unset _mlre _mlIFS;
 if [ -n "${IFS+x}" ]; then
 _mlIFS=$IFS;
 fi;
 IFS=' ';
 for _mlv in ${MODULES_RUN_QUARANTINE:-};
 do
 if [ "${_mlv}" = "${_mlv##*[!A-Za-z0-9_]}" -a "${_mlv}" = "${_mlv#[0-9]}" ]; then
 if [ -n "`eval 'echo ${'$_mlv'+x}'`" ]; then
 _mlre="${_mlre:-}${_mlv}_modquar='`eval 'echo ${'$_mlv'}'`' ";
 fi;
 _mlrv="MODULES_RUNENV_${_mlv}";
 _mlre="${_mlre:-}${_mlv}='`eval 'echo ${'$_mlrv':-}'`' ";
 fi;
 done;
 if [ -n "${_mlre:-}" ]; then
 eval `eval ${_mlre} /usr/bin/tclsh /usr/share/Modules/libexec/modulecmd.tcl bash '"$@"'`;
 else
 eval `/usr/bin/tclsh /usr/share/Modules/libexec/modulecmd.tcl bash "$@"`;
 fi;
 _mlstatus=$?;
 if [ -n "${_mlIFS+x}" ]; then
 IFS=$_mlIFS;
 else
 unset IFS;
 fi;
 unset _mlre _mlv _mlrv _mlIFS;
 if [ -n "${_mlshdbg:-}" ]; then
 set -$_mlshdbg;
 fi;
 unset _mlshdbg;
 return $_mlstatus
}
BASH_FUNC_switchml%%=() {  typeset swfound=1;
 if [ "${MODULES_USE_COMPAT_VERSION:-0}" = '1' ]; then
 typeset swname='main';
 if [ -e /usr/share/Modules/libexec/modulecmd.tcl ]; then
 typeset swfound=0;
 unset MODULES_USE_COMPAT_VERSION;
 fi;
 else
 typeset swname='compatibility';
 if [ -e /usr/share/Modules/libexec/modulecmd-compat ]; then
 typeset swfound=0;
 MODULES_USE_COMPAT_VERSION=1;
 export MODULES_USE_COMPAT_VERSION;
 fi;
 fi;
 if [ $swfound -eq 0 ]; then
 echo "Switching to Modules $swname version";
 source /usr/share/Modules/init/bash;
 else
 echo "Cannot switch to Modules $swname version, command not found";
 return 1;
 fi
}
BASH_FUNC_scl%%=() {  if [ "$1" = "load" -o "$1" = "unload" ]; then
 eval "module $@";
 else
 /usr/bin/scl "$@";
 fi
}
BASH_FUNC_ml%%=() {  module ml "$@"
}
ADS_LICENSE_FILE=1812@ece-winlic.ece.gatech.edu
AGILEESOFD_LICENSE_FILE=1812@ece-linlic.ece.gatech.edu
AMBIT_BDF_PATH=/tools/software/cadence/ic/latest/etc/syntechEtc/bdfc
AMBIT_MSG_PATH=/tools/software/cadence/ic/latest/etc/syntechEtc/msgc
APD=/tools/software/cadence/spb/latest
ARCH=linux
ASSURAHOME=/tools/software/cadence/pegasus/latest
CALIBRE_DISABLE_RHEL6_WARNING=1
CALIBRE_HOME=/tools/software/siemens/calibre/latest
CDN_CHECK_IGNORE_DSPF_BLOCK_SEMAPHORE=1
CDN_VIVA_SERVICE_USE_SERVER=1
CDS=/tools/software/cadence/ic/latest
CDSDIR=/tools/software/cadence/ic/latest/tools/dfII
CDSHOME=/tools/software/cadence/ic/latest
CDS_ARCH=lnx86
CDS_AUTO_64BIT=ALL
CDS_CFDE_REQUESTED=1
CDS_EXPR_DB_TRANS_ONLY=0
CDS_IGNORE_XML_ERROR_IN_NETLISTER=1
CDS_INST_DIR=/tools/software/cadence/ic/latest
CDS_INST_ROOT=/tools/software/cadence/ic/latest
CDS_INT_NO_GX_INIT=1
CDS_LANG=C
CDS_LIC_FILE=5280@ece-winlic.ece.gatech.edu
CDS_LOAD_ENV=CSF
CDS_MPS_SESSION=virtuoso697704
CDS_Netlisting_Mode=Analog
CDS_PERFDEBUG_DATA=/tools/software/cadence/ic/23.10.080/tools.lnx86/dfII/samples/perfUtil/data/DebugData
CDS_PERFDEBUG_LIBDIR=/tools/software/cadence/ic/23.10.080/tools.lnx86/dfII/samples/perfUtil/lib
CDS_PERFDEBUG_TOOLLIBDIR=/tools/software/cadence/ic/latest/tools/lib/64bit
CDS_SEARCHDIR=/tools/software/keysight/ads/latest/idf/ads_site
CDS_SET_LOCALE=C
CDS_SITE=/tools/software/cadence/ic/latest/share
CDS_USE_XVFB=1
CDS_VHDL=/tools/software/cadence/ic/latest/tools/leapfrog
CDS_VPCM_HOME=/tools/software/cadence/spectre/latest/tools/vpcm
CLS_CDSD_COMPATIBILITY_LOCKING=NO
CONCEPT_INST_DIR=/tools/software/cadence/ic/latest
CORNERS_INST_DIR=/tools/software/cadence/ic/latest/share/java/COM/cadence/seaStars/corners
CTU_CDSENV_SETTINGS=1
CTU_COMMON_SETTINGS_VIRTUOSO=1
DBUS_SESSION_BUS_ADDRESS=unix:abstract=/tmp/dbus-0EwNbzTWLK,guid=08f19789985a5836bb4a8c5e67097c77
DISPLAY=localhost:10.0
GDK_BACKEND=x11
GOLDENGATE_LICENSE_FILE=1812@ece-winlic.ece.gatech.edu
GROUP=2626-ece
GRPC_DNS_RESOLVER=native
HISTCONTROL=ignoredups
HISTSIZE=1000
HOME=/nethome/ccarpenter38
HOST=ece-linlabsrv01.ece.gatech.edu
HOSTNAME=ece-linlabsrv01.ece.gatech.edu
HOSTTYPE=x86_64-linux
HPEESOF_DIR=/tools/software/keysight/ads/latest
ICV_HOME_DIR=/tools/software/synopsys/icvalidator/latest
KDEDIRS=/usr
LAB_DIR=/nethome/ccarpenter38/ECE6130_Updated/ECE6130_LAB
LANG=C
LC_ALL=C
LD_LIBRARY_PATH=/tools/software/cadence/ic/latest/tools/TPtools/libstdc++6/lib/64bit:/tools/software/cadence/ic/latest/share/oa/lib/lnx86/opt:/tools/software/cadence/ic/latest/tools/dfII/lib/64bit:/tools/software/cadence/ic/latest/tools/sev/lib/64bit:/tools/software/cadence/ic/latest/tools/lib/64bit:/tools/software/cadence/ic/latest/tools/lib:/tools/software/cadence/ic/latest/tools/hdf5/lib/64bit:/tools/software/cadence/ic/latest/tools/lz4/lib/64bit:/tools/software/cadence/ic/latest/tools/python/64bit/lib:/tools/software/cadence/ic/latest/tools/pcb/lib/64bit:/tools/software/cadence/ic/latest/tools/mainwin560/mw/lib-amd64_linux_optimized:/tools/software/cadence/ic/latest/tools/inca/lib/64bit:/tools/software/cadence/ic/latest/tools/TPtools/grpc/lib64:/tools/software/cadence/ic/latest/tools/TPtools/grpc/lib:/tools/software/cadence/ic/latest/tools/TPtools/boost/lib/64bit:/tools/software/cadence/ic/latest/tools/Qt/v5/64bit/lib:/tools/software/cadence/ic/latest/tools/lib/64bit/RHEL/RHEL8:/lib64:/lib:/usr/lib:.:/tools/software/synopsys/vcs/latest/linux/lib:/tools/software/synopsys/vcs/latest/linux/lib:/tools/software/synopsys/photonicsolutions/latest/rsoft/bin:/lib:/usr/lib:.:/tools/software/synopsys/vcs/latest/linux/lib:/tools/software/synopsys/vcs/latest/linux/lib:/tools/software/synopsys/photonicsolutions/latest/rsoft/bin:/usr/local/lib:/usr/apps/lib:/usr/local/lib64:/usr/apps/lib64:/usr/local/lib:/usr/local/lib64:/usr/apps/lib:/usr/apps/lib64
LESSOPEN=||/usr/bin/lesspipe.sh %s
LM_LICENSE_FILE=1910@ece-winlic.ece.gatech.edu:27020@ece-winlabsvcs.ece.gatech.edu:1910@ece-winlic.ece.gatech.edu:27020@ece-winlabsvcs.ece.gatech.edu:1055@ansyslic.ecs.gatech.edu
LOADEDMODULES=
LOGNAME=ccarpenter38
MACHTYPE=x86_64
MAIL=/var/spool/mail/ccarpenter38
MANPATH=/usr/man:/usr/share/man:/usr/X11R6/man:/usr/local/man:/usr/apps/man:/usr/local/man:/usr/apps/man:/tools/software/synopsys/vcs/latest/doc/man:/tools/software/synopsys/vcs/latest/doc/snps_tcl/man:/tools/software/synopsys/vcs/latest/doc/man:/tools/software/synopsys/vcs/latest/doc/snps_tcl/man
MGC=/tools/software/siemens
MGC_AMS_HOME=/tools/software/siemens/amsv/latest
MGC_CALIBRE_DRC_RUNSET_FILE=./.runset.calibre.drc
MGC_CALIBRE_LAYOUT_SERVER_NAME=Cadence:Virtuoso
MGC_CALIBRE_LVS_RUNSET_FILE=./.runset.calibre.lvs
MGC_CALIBRE_PEX_RUNSET_FILE=./.runset.calibre.pex
MGC_CATAPULT_HOME=/tools/software/siemens/catapult/latest/Mgc_home
MGC_EEVX_HOME=/tools/software/siemens/vx/eevx
MGC_HLVX_HOME=/tools/software/siemens/vx/hlvx
MGC_HOME=/tools/software/siemens/calibre/latest
MGC_MSIM_HOME=/tools/software/siemens/modelsim/latest
MGC_RVE_HILIGHT_SHORT_TEXT_CMDS=1
MGC_TESS_HOME=/tools/software/siemens/tessent/latest
MGC_VALVX_HOME=/tools/software/siemens/vx/valvx
MGLS_LICENSE_FILE=1717@ece-winlic.ece.gatech.edu
MLM_LICENSE_FILE=1711@matlablic.ecs.gatech.edu
MMSIMHOME=/tools/software/cadence/spectre/latest
MODULEPATH=/etc/scl/modulefiles:/etc/scl/modulefiles:/usr/share/Modules/modulefiles:/etc/modulefiles:/usr/share/modulefiles
MODULEPATH_modshare=/usr/share/Modules/modulefiles:2:/etc/modulefiles:2:/usr/share/modulefiles:2
MODULESHOME=/usr/share/Modules
MODULES_CMD=/usr/share/Modules/libexec/modulecmd.tcl
MODULES_RUN_QUARANTINE=LD_LIBRARY_PATH LD_PRELOAD
MODULES_USE_COMPAT_VERSION=0
MWARCH=amd64
MWARCH_OS=amd64_linux
MWHOME=/tools/software/cadence/ic/latest/tools/mainwin560/mw
MWNO_CATCH_SIGNALS=SIGINT
MWOS=linux
MWREGISTRY=/nethome/ccarpenter38/.mw/hklm_linux.bin:/nethome/ccarpenter38/.mw/hkcu_linux.bin
MWRT_MODE=classic
MWUSER_DIRECTORY=/nethome/ccarpenter38/.mw
OAINST=/tools/software/cadence/ic/latest
OA_HOME=/tools/software/cadence/ic/latest/share/oa
OLDPWD=/nethome/ccarpenter38
OPTO_LINK_BASE=/tools/software/synopsys/photonicsolutions/latest/optodesigner/bin
OSTYPE=linux
PATH=/tools/software/cadence/ic/latest/bin:/tools/software/cadence/ic/latest/tools/bin/64bit:/tools/software/cadence/ic/latest/tools/bin:/tools/software/synopsys/vcs/latest/bin:/tools/software/synopsys/cscope64/latest/ai_bin:/tools/software/synopsys/vcs/latest/bin:/tools/software/synopsys/cscope64/latest/ai_bin:/tools/software/cadence/spectre/latest/tools/bin:/tools/software/cadence/ic/latest/tools/inca/bin:/tools/software/cadence/ic/latest/tools/dracula/bin:/tools/software/cadence/spb/latest/tools/bin:/tools/software/cadence/spb/latest/tools/dfII/bin:/tools/software/cadence/spb/latest/tools/pcb/bin:/tools/software/cadence/quantus/latest/tools/extraction/bin:/tools/software/cadence/quantus/latest/tools/bin:/tools/software/cadence/pegasus/latest/tools/bin:/usr/share/Modules/bin:/usr/local/bin:/usr/bin:/usr/local/sbin:/usr/sbin:/opt/dell/srvadmin/bin:/tools/matlab/r2019a/bin:/usr/apps/bin:/nethome/ccarpenter38/bin:/nethome/ccarpenter38/bin:/tools/matlab/r2019a/bin:/usr/apps/bin:/tools/software/cadence/ic/latest/tools/dfII/bin:/tools/software/siemens/calibre/latest/bin:/tools/software/siemens/amsv/latest/amsv/bin:/tools/software/siemens/amsv/latest/amsv/modeltech/bin:/tools/software/siemens/modelsim/latest/modelsim_dlx/bin:/tools/software/siemens/tessent/latest/bin:/tools/software/siemens/vx/hlvx/hlvx/SDD_HOME/hldrc/linux64/bin:/tools/software/siemens/vx/hlvx/hlvx/SDD_HOME/Nimbic/bin:/tools/software/siemens/catapult/latest/Mgc_home/bin:/tools/software/siemens/tanner/latest/bin:/tools/software/keysight/ads/latest/bin:/tools/software/keysight/goldengate/latest/bin:.:/tools/software/siemens/calibre/latest/bin:/tools/software/siemens/amsv/latest/amsv/bin:/tools/software/siemens/amsv/latest/amsv/modeltech/bin:/tools/software/siemens/modelsim/latest/modelsim_dlx/bin:/tools/software/siemens/tessent/latest/bin:/tools/software/siemens/vx/hlvx/hlvx/SDD_HOME/hldrc/linux64/bin:/tools/software/siemens/vx/hlvx/hlvx/SDD_HOME/Nimbic/bin:/tools/software/siemens/catapult/latest/Mgc_home/bin:/tools/software/siemens/tanner/latest/bin:/tools/software/synopsys/sentaurus/latest/bin:/tools/software/synopsys/qatk/latest/bin:/tools/software/synopsys/syn/latest/bin:/tools/software/synopsys/lc/latest/bin:/tools/software/synopsys/finesim/latest/bin:/tools/software/synopsys/icc2/latest/bin:/tools/software/synopsys/hspice/latest/hspice/bin:/tools/software/synopsys/coretools/latest/bin:/tools/software/synopsys/photonicsolutions/latest/rsoft/bin:/tools/software/synopsys/photonicsolutions/latest/optodesigner/bin:/tools/software/synopsys/wv/latest/bin:/tools/software/synopsys/customcompiler/latest/bin:/tools/software/synopsys/prime/latest/bin:/tools/software/synopsys/primelib/latest/bin:/tools/software/synopsys/primewave/latest/bin:/tools/software/synopsys/siwb_workbench/latest/bin:/tools/software/synopsys/starrc/latest/bin:/tools/software/synopsys/starrc/latest/linux64_starrc/bin:/tools/software/synopsys/icvalidator/latest/bin:/tools/software/synopsys/raphael/latest/bin:/tools/software/synopsys/verdi/latest/bin:/tools/software/cadence/ic/latest/tools/dfII/bin:/tools/software/siemens/calibre/latest/bin:/tools/software/siemens/amsv/latest/amsv/bin:/tools/software/siemens/amsv/latest/amsv/modeltech/bin:/tools/software/siemens/modelsim/latest/modelsim_dlx/bin:/tools/software/siemens/tessent/latest/bin:/tools/software/siemens/vx/hlvx/hlvx/SDD_HOME/hldrc/linux64/bin:/tools/software/siemens/vx/hlvx/hlvx/SDD_HOME/Nimbic/bin:/tools/software/siemens/catapult/latest/Mgc_home/bin:/tools/software/siemens/tanner/latest/bin:/tools/software/keysight/ads/latest/bin:/tools/software/keysight/goldengate/latest/bin:.:/tools/software/siemens/calibre/latest/bin:/tools/software/siemens/amsv/latest/amsv/bin:/tools/software/siemens/amsv/latest/amsv/modeltech/bin:/tools/software/siemens/modelsim/latest/modelsim_dlx/bin:/tools/software/siemens/tessent/latest/bin:/tools/software/siemens/vx/hlvx/hlvx/SDD_HOME/hldrc/linux64/bin:/tools/software/siemens/vx/hlvx/hlvx/SDD_HOME/Nimbic/bin:/tools/software/siemens/catapult/latest/Mgc_home/bin:/tools/software/siemens/tanner/latest/bin:/tools/software/synopsys/sentaurus/latest/bin:/tools/software/synopsys/qatk/latest/bin:/tools/software/synopsys/syn/latest/bin:/tools/software/synopsys/lc/latest/bin:/tools/software/synopsys/finesim/latest/bin:/tools/software/synopsys/icc2/latest/bin:/tools/software/synopsys/hspice/latest/hspice/bin:/tools/software/synopsys/coretools/latest/bin:/tools/software/synopsys/photonicsolutions/latest/rsoft/bin:/tools/software/synopsys/photonicsolutions/latest/optodesigner/bin:/tools/software/synopsys/wv/latest/bin:/tools/software/synopsys/customcompiler/latest/bin:/tools/software/synopsys/prime/latest/bin:/tools/software/synopsys/primelib/latest/bin:/tools/software/synopsys/primewave/latest/bin:/tools/software/synopsys/siwb_workbench/latest/bin:/tools/software/synopsys/starrc/latest/bin:/tools/software/synopsys/starrc/latest/linux64_starrc/bin:/tools/software/synopsys/icvalidator/latest/bin:/tools/software/synopsys/raphael/latest/bin:/tools/software/synopsys/verdi/latest/bin:/bin
PDK_DIR=/nethome/ccarpenter38/ECE6130_Updated/ECE6130_LAB/FreePDK45
PEGHOME=/tools/software/cadence/pegasus/latest
PHOTONICS_SOLUTIONS_ROOT=/tools/software/synopsys/photonicsolutions
PHOTONICS_SOLUTIONS_VERSION=latest
PWD=/nethome/ccarpenter38/ECE6130_Updated/ECE6130_LAB/Cadence
PYTHONPATH=/nethome/ccarpenter38/ECE6130_Updated/ECE6130_LAB/FreePDK45/ncsu_basekit/techfile/cni:/nethome/ccarpenter38/ECE6130_Updated/ECE6130_LAB/FreePDK45/ncsu_basekit/techfile/cni
QRC_HOME=/tools/software/cadence/quantus/latest
QT_QUICK_BACKEND=software
QT_XCB_NO_XI2_MOUSE=1
REMOTEHOST=10.2.66.105
RSOFT_PROGRAMPATH=/tools/software/synopsys/photonicsolutions/latest/rsoft/bin
SALT_LICENSE_SERVER=1717@ece-winlic.ece.gatech.edu
SHELL=/bin/bash
SHLVL=7
SNPSLMD_LICENSE_FILE=1910@ece-winlic.ece.gatech.edu:27020@ece-winlabsvcs.ece.gatech.edu
SSH_ASKPASS=/usr/libexec/openssh/gnome-ssh-askpass
SSH_CLIENT=10.2.66.105 60606 22
SSH_CONNECTION=10.2.66.105 60606 130.207.232.27 22
SSH_TTY=/dev/pts/6
SYN=/tools/software/synopsys
SYNOPSYS_LC_ROOT=/tools/software/synopsys/lc/latest
S_COLORS=auto
TANNER_HOME=/tools/software/siemens/tanner/latest
TCL_LIBRARY=/tools/software/cadence/ic/latest/tools/TPtools/tcltk/tcl8.6/library
TERM=xterm-256color
TK_LIBRARY=/tools/software/synopsys/vcs/latest/etc/auxx/tcllib/tk8.4/library
USER=ccarpenter38
USE_CALIBRE_VCO=aok
VCA_ENABLE_CSM=15
VCSMX_HOME=/tools/software/synopsys/vcs/latest
VCS_HOME=/tools/software/synopsys/vcs/latest
VENDOR=unknown
VERDI_HOME=/tools/software/synopsys/verdi/latest
W3264_ENV=/nethome/ccarpenter38/.kshrc
W3264_PS_COMPAT_LIBDIR=/tools/software/cadence/ic/latest/tools/lib/64bit/RHEL/RHEL8
W3264_STORED_HOSTID=cf821be8
WV_HOME=/tools/software/synopsys/wv/latest
XDG_DATA_DIRS=/nethome/ccarpenter38/.local/share/flatpak/exports/share:/var/lib/flatpak/exports/share:/usr/local/share:/usr/share
XDG_RUNTIME_DIR=/run/user/1099950
XDG_SESSION_ID=27579
XILINXD_LICENSE_FILE=2100@ece-winlic.ece.gatech.edu
XPEDION=/tools/software/keysight/goldengate/latest
__DFII_INTEG_NC_PATH__=/tools/software/cadence/ic/latest/tools/inca/bin/64bit
_dfII_bin_bit=/64bit
df2BaseVhdlin=/tools/software/cadence/ic/latest
ps3264_osid=rhel
w3264_COMPAT_OSVER=8
w3264_osver=8
which_declare=declare -f
A__z="*SHLVL
domain:         (none)
hostname:       ece-linlabsrv01.ece.gatech.edu
ip:             130.207.232.27
os:             Linux@4.18.0-553.16.1.el8_10.x86_64
Distributor ID:	RedHatEnterprise
Release:	8.10
libcVersion:    2.28
libcRelease:    stable

CDNS_QT5DIR=/tools/software/cadence/ic/latest/tools.lnx86/Qt/v5/64bit
CDN_CHECK_IGNORE_DSPF_BLOCK_SEMAPHORE=1
CDN_VIVA_SERVICE_USE_SERVER=1
CDS=/tools/software/cadence/ic/latest
CDSDIR=/tools/software/cadence/ic/latest/tools/dfII
CDSHOME=/tools/software/cadence/ic/latest
CDS_ARCH=lnx86
CDS_AUTO_64BIT=ALL
CDS_CFDE_REQUESTED=1
CDS_EXPR_DB_TRANS_ONLY=0
CDS_IGNORE_XML_ERROR_IN_NETLISTER=1
CDS_INST_DIR=/tools/software/cadence/ic/latest
CDS_INST_ROOT=/tools/software/cadence/ic/latest
CDS_INT_NO_GX_INIT=1
CDS_LANG=C
CDS_LIC_FILE=5280@ece-winlic.ece.gatech.edu
CDS_LOAD_ENV=CSF
CDS_MPS_SESSION=virtuoso697704
CDS_Netlisting_Mode=Analog
CDS_PERFDEBUG_DATA=/tools/software/cadence/ic/23.10.080/tools.lnx86/dfII/samples/perfUtil/data/DebugData
CDS_PERFDEBUG_LIBDIR=/tools/software/cadence/ic/23.10.080/tools.lnx86/dfII/samples/perfUtil/lib
CDS_PERFDEBUG_TOOLLIBDIR=/tools/software/cadence/ic/latest/tools/lib/64bit
CDS_SEARCHDIR=/tools/software/keysight/ads/latest/idf/ads_site
CDS_SET_LOCALE=C
CDS_SITE=/tools/software/cadence/ic/latest/share
CDS_USE_XVFB=1
CDS_VHDL=/tools/software/cadence/ic/latest/tools/leapfrog
CDS_VPCM_HOME=/tools/software/cadence/spectre/latest/tools/vpcm
CDS_W3264_LIBPATH=/tools/software/cadence/ic/latest/tools.lnx86/TPtools/libstdc++6/lib/64bit::/tools/software/cadence/ic/latest/tools.lnx86/dfII/lib/64bit:/tools/software/cadence/ic/latest/tools.lnx86/sev/lib/64bit:/tools/software/cadence/ic/latest/tools.lnx86/lib/64bit:/tools/software/cadence/ic/latest/tools.lnx86/lib:/tools/software/cadence/ic/latest/tools.lnx86/hdf5/lib/64bit::/tools/software/cadence/ic/latest/tools.lnx86/lz4/lib/64bit:/tools/software/cadence/ic/latest/tools.lnx86/python/64bit/lib:/tools/software/cadence/ic/latest/tools.lnx86/pcb/lib/64bit:/tools/software/cadence/ic/latest/tools.lnx86/mainwin560/mw/lib-amd64_linux_optimized:/tools/software/cadence/ic/latest/tools.lnx86/inca/lib/64bit:/tools/software/cadence/ic/latest/tools.lnx86/TPtools/grpc/lib64:/tools/software/cadence/ic/latest/tools.lnx86/TPtools/grpc/lib:/tools/software/cadence/ic/latest/tools.lnx86/TPtools/boost/lib/64bit:/tools/software/cadence/ic/latest/tools.lnx86/Qt/v5/64bit/lib:/tools/software/cadence/ic/latest/tools.lnx86/lib/64bit/RHEL/RHEL8:/lib64
HOME=/nethome/ccarpenter38

LD_LIBRARY_PATH
        /tools/software/cadence/ic/latest/tools.lnx86/TPtools/libstdc++6/lib/64bit
        /tools/software/cadence/ic/latest/tools.lnx86/dfII/lib/64bit
        /tools/software/cadence/ic/latest/tools.lnx86/sev/lib/64bit
        /tools/software/cadence/ic/latest/tools.lnx86/lib/64bit
        /tools/software/cadence/ic/latest/tools.lnx86/lib
        /tools/software/cadence/ic/latest/tools.lnx86/hdf5/lib/64bit
        /tools/software/cadence/ic/latest/tools.lnx86/lz4/lib/64bit
        /tools/software/cadence/ic/latest/tools.lnx86/python/64bit/lib
        /tools/software/cadence/ic/latest/tools.lnx86/pcb/lib/64bit
        /tools/software/cadence/ic/latest/tools.lnx86/mainwin560/mw/lib-amd64_linux_optimized
        /tools/software/cadence/ic/latest/tools.lnx86/inca/lib/64bit
        /tools/software/cadence/ic/latest/tools.lnx86/TPtools/grpc/lib64
        /tools/software/cadence/ic/latest/tools.lnx86/TPtools/grpc/lib
        /tools/software/cadence/ic/latest/tools.lnx86/TPtools/boost/lib/64bit
        /tools/software/cadence/ic/latest/tools.lnx86/Qt/v5/64bit/lib
        /tools/software/cadence/ic/latest/tools.lnx86/lib/64bit/RHEL/RHEL8
        /lib64
        /tools/software/cadence/ic/latest/tools/TPtools/libstdc++6/lib/64bit
        /tools/software/cadence/ic/latest/share/oa/lib/lnx86/opt
        /tools/software/cadence/ic/latest/tools/dfII/lib/64bit
        /tools/software/cadence/ic/latest/tools/sev/lib/64bit
        /tools/software/cadence/ic/latest/tools/lib/64bit
        /tools/software/cadence/ic/latest/tools/lib
        /tools/software/cadence/ic/latest/tools/hdf5/lib/64bit
        /tools/software/cadence/ic/latest/tools/lz4/lib/64bit
        /tools/software/cadence/ic/latest/tools/python/64bit/lib
        /tools/software/cadence/ic/latest/tools/pcb/lib/64bit
        /tools/software/cadence/ic/latest/tools/mainwin560/mw/lib-amd64_linux_optimized
        /tools/software/cadence/ic/latest/tools/inca/lib/64bit
        /tools/software/cadence/ic/latest/tools/TPtools/grpc/lib64
        /tools/software/cadence/ic/latest/tools/TPtools/grpc/lib
        /tools/software/cadence/ic/latest/tools/TPtools/boost/lib/64bit
        /tools/software/cadence/ic/latest/tools/Qt/v5/64bit/lib
        /lib
        /usr/lib
        .
        /tools/software/synopsys/vcs/latest/linux/lib
        /tools/software/synopsys/vcs/latest/linux/lib
        /tools/software/synopsys/photonicsolutions/latest/rsoft/bin
        /lib
        /usr/lib
        .
        /tools/software/synopsys/vcs/latest/linux/lib
        /tools/software/synopsys/vcs/latest/linux/lib
        /tools/software/synopsys/photonicsolutions/latest/rsoft/bin
        /usr/local/lib
        /usr/apps/lib
        /usr/local/lib64
        /usr/apps/lib64
        /usr/local/lib
        /usr/local/lib64
        /usr/apps/lib
        /usr/apps/lib64

PATH
        /tools/software/cadence/ic/latest/bin
        /tools/software/cadence/ic/latest/tools.lnx86/bin/64bit
        /tools/software/cadence/ic/latest/tools.lnx86/bin
        /tools/software/cadence/ic/latest/tools/bin/64bit
        /tools/software/cadence/ic/latest/tools/bin
        /tools/software/synopsys/vcs/latest/bin
        /tools/software/synopsys/cscope64/latest/ai_bin
        /tools/software/synopsys/vcs/latest/bin
        /tools/software/synopsys/cscope64/latest/ai_bin
        /tools/software/cadence/spectre/latest/tools/bin
        /tools/software/cadence/ic/latest/tools/inca/bin
        /tools/software/cadence/ic/latest/tools/dracula/bin
        /tools/software/cadence/spb/latest/tools/bin
        /tools/software/cadence/spb/latest/tools/dfII/bin
        /tools/software/cadence/spb/latest/tools/pcb/bin
        /tools/software/cadence/quantus/latest/tools/extraction/bin
        /tools/software/cadence/quantus/latest/tools/bin
        /tools/software/cadence/pegasus/latest/tools/bin
        /usr/share/Modules/bin
        /usr/local/bin
        /usr/bin
        /usr/local/sbin
        /usr/sbin
        /opt/dell/srvadmin/bin
        /tools/matlab/r2019a/bin
        /usr/apps/bin
        /nethome/ccarpenter38/bin
        /nethome/ccarpenter38/bin
        /tools/matlab/r2019a/bin
        /usr/apps/bin
        /tools/software/cadence/ic/latest/tools/dfII/bin
        /tools/software/siemens/calibre/latest/bin
        /tools/software/siemens/amsv/latest/amsv/bin
        /tools/software/siemens/amsv/latest/amsv/modeltech/bin
        /tools/software/siemens/modelsim/latest/modelsim_dlx/bin
        /tools/software/siemens/tessent/latest/bin
        /tools/software/siemens/vx/hlvx/hlvx/SDD_HOME/hldrc/linux64/bin
        /tools/software/siemens/vx/hlvx/hlvx/SDD_HOME/Nimbic/bin
        /tools/software/siemens/catapult/latest/Mgc_home/bin
        /tools/software/siemens/tanner/latest/bin
        /tools/software/keysight/ads/latest/bin
        /tools/software/keysight/goldengate/latest/bin
        .
        /tools/software/siemens/calibre/latest/bin
        /tools/software/siemens/amsv/latest/amsv/bin
        /tools/software/siemens/amsv/latest/amsv/modeltech/bin
        /tools/software/siemens/modelsim/latest/modelsim_dlx/bin
        /tools/software/siemens/tessent/latest/bin
        /tools/software/siemens/vx/hlvx/hlvx/SDD_HOME/hldrc/linux64/bin
        /tools/software/siemens/vx/hlvx/hlvx/SDD_HOME/Nimbic/bin
        /tools/software/siemens/catapult/latest/Mgc_home/bin
        /tools/software/siemens/tanner/latest/bin
        /tools/software/synopsys/sentaurus/latest/bin
        /tools/software/synopsys/qatk/latest/bin
        /tools/software/synopsys/syn/latest/bin
        /tools/software/synopsys/lc/latest/bin
        /tools/software/synopsys/finesim/latest/bin
        /tools/software/synopsys/icc2/latest/bin
        /tools/software/synopsys/hspice/latest/hspice/bin
        /tools/software/synopsys/coretools/latest/bin
        /tools/software/synopsys/photonicsolutions/latest/rsoft/bin
        /tools/software/synopsys/photonicsolutions/latest/optodesigner/bin
        /tools/software/synopsys/wv/latest/bin
        /tools/software/synopsys/customcompiler/latest/bin
        /tools/software/synopsys/prime/latest/bin
        /tools/software/synopsys/primelib/latest/bin
        /tools/software/synopsys/primewave/latest/bin
        /tools/software/synopsys/siwb_workbench/latest/bin
        /tools/software/synopsys/starrc/latest/bin
        /tools/software/synopsys/starrc/latest/linux64_starrc/bin
        /tools/software/synopsys/icvalidator/latest/bin
        /tools/software/synopsys/raphael/latest/bin
        /tools/software/synopsys/verdi/latest/bin
        /tools/software/cadence/ic/latest/tools/dfII/bin
        /tools/software/siemens/calibre/latest/bin
        /tools/software/siemens/amsv/latest/amsv/bin
        /tools/software/siemens/amsv/latest/amsv/modeltech/bin
        /tools/software/siemens/modelsim/latest/modelsim_dlx/bin
        /tools/software/siemens/tessent/latest/bin
        /tools/software/siemens/vx/hlvx/hlvx/SDD_HOME/hldrc/linux64/bin
        /tools/software/siemens/vx/hlvx/hlvx/SDD_HOME/Nimbic/bin
        /tools/software/siemens/catapult/latest/Mgc_home/bin
        /tools/software/siemens/tanner/latest/bin
        /tools/software/keysight/ads/latest/bin
        /tools/software/keysight/goldengate/latest/bin
        .
        /tools/software/siemens/calibre/latest/bin
        /tools/software/siemens/amsv/latest/amsv/bin
        /tools/software/siemens/amsv/latest/amsv/modeltech/bin
        /tools/software/siemens/modelsim/latest/modelsim_dlx/bin
        /tools/software/siemens/tessent/latest/bin
        /tools/software/siemens/vx/hlvx/hlvx/SDD_HOME/hldrc/linux64/bin
        /tools/software/siemens/vx/hlvx/hlvx/SDD_HOME/Nimbic/bin
        /tools/software/siemens/catapult/latest/Mgc_home/bin
        /tools/software/siemens/tanner/latest/bin
        /tools/software/synopsys/sentaurus/latest/bin
        /tools/software/synopsys/qatk/latest/bin
        /tools/software/synopsys/syn/latest/bin
        /tools/software/synopsys/lc/latest/bin
        /tools/software/synopsys/finesim/latest/bin
        /tools/software/synopsys/icc2/latest/bin
        /tools/software/synopsys/hspice/latest/hspice/bin
        /tools/software/synopsys/coretools/latest/bin
        /tools/software/synopsys/photonicsolutions/latest/rsoft/bin
        /tools/software/synopsys/photonicsolutions/latest/optodesigner/bin
        /tools/software/synopsys/wv/latest/bin
        /tools/software/synopsys/customcompiler/latest/bin
        /tools/software/synopsys/prime/latest/bin
        /tools/software/synopsys/primelib/latest/bin
        /tools/software/synopsys/primewave/latest/bin
        /tools/software/synopsys/siwb_workbench/latest/bin
        /tools/software/synopsys/starrc/latest/bin
        /tools/software/synopsys/starrc/latest/linux64_starrc/bin
        /tools/software/synopsys/icvalidator/latest/bin
        /tools/software/synopsys/raphael/latest/bin
        /tools/software/synopsys/verdi/latest/bin
        /bin
