[Simulation Monitor: 19]
[2024-11-20 13:54:33.166 -0500] [PROCESS] [cadence.virtuoso.ade.simulationMonitor] - Started the simulation monitor process {"hostname": "ece-linlabsrv01.ece.gatech.edu", "processid": 1099888, "logfile": "/nethome/ccarpenter38/ECE4130_M/Project1/ECE6130_Updated/ECE6130_LAB/Cadence/logs_ccarpenter38/logs0/Job19.log", "simulation monitor command line": "/tools/software/cadence/ic/23.10.080/tools.lnx86/dfII/bin/64bit/spectreMonitor --davinciService DaVinciService_2691158_1732123233 --axlsession fnxSession3 -lscs 000175E1894CBE06FF0966E38F1FFC06BC4D77F482089272CC286FA78410926AD02479FE8D1C9F67D0227DAAD245CD34C87766E3A12FFC06BC4D01DDBF77CC6EDB7300001E19 -beanhost ece-linlabsrv01.ece.gatech.edu -beanport 11581 -beanLogFile /nethome/ccarpenter38/ECE4130_M/Project1/ECE6130_Updated/ECE6130_LAB/Cadence/logs_ccarpenter38/logs0/amps_Job19.log -beanbinlog  --domain 0 --interactive yes --netlistOpt no --useMultiPointEvaluation yes --exprEvalShowJobStderr yes --evalSimParallel no --maxSims 0 --historyName ExplorerRun.0 --historyUUID  --exprEvaluator vds --mcMapping mc1.mapping --checkLogStatusInterval 0 --checkSimulatorLogTimeout 1200 --exprEvalMaxTries 3 --maxNFSSyncWait 60 -adeBrokerAddress ece-linlabsrv01.ece.gatech.edu:33535 --fromADE true --virtuosoBinary virtuoso --guiDisplay localhost:12.0 --globalStatus 60 --evaluateMultiMC yes --evalOnSimFail SkipFailedAnalyses --numRetriesOnError 1 --fenixMode explorer --lingertimeout 300 -ahdlLockTimeout 60 --sdbLib ECE4130_Project --sdbCell senseAmplifier --sdbView maestro --heartBeatFileDir /dev/shm --id 19 --uuid c30c987a-018c-40d2-a4fe-8ec25ee06bbc --log /nethome/ccarpenter38/ECE4130_M/Project1/ECE6130_Updated/ECE6130_LAB/Cadence/logs_ccarpenter38/logs0/Job19.log "}
[2024-11-20 13:54:33.166 -0500] [PROCESS] [cadence.virtuoso.ade.simulationMonitor] - Started the simulation monitor process {"hostname": "ece-linlabsrv01.ece.gatech.edu", "processid": 1099888, "logfile": "/nethome/ccarpenter38/ECE4130_M/Project1/ECE6130_Updated/ECE6130_LAB/Cadence/logs_ccarpenter38/logs0/Job19.log", "current directory": "/nethome/ccarpenter38/ECE4130_M/Project1/ECE6130_Updated/ECE6130_LAB/Cadence"}
[2024-11-20 13:54:33.166 -0500] [PROCESS] [cadence.virtuoso.ade.simulationMonitor] - Simulation Monitor has successfully started up. Trying to set up communication channels to other components ... {"hostname": "ece-linlabsrv01.ece.gatech.edu", "processid": 1099888, "logfile": "/nethome/ccarpenter38/ECE4130_M/Project1/ECE6130_Updated/ECE6130_LAB/Cadence/logs_ccarpenter38/logs0/Job19.log"}
[2024-11-20 13:54:33.170 -0500] [PROCESS] [cadence.virtuoso.ade.simulationMonitor] - Communication channels have been successfully set up. Start processing events ... {"hostname": "ece-linlabsrv01.ece.gatech.edu", "processid": 1099888, "logfile": "/nethome/ccarpenter38/ECE4130_M/Project1/ECE6130_Updated/ECE6130_LAB/Cadence/logs_ccarpenter38/logs0/Job19.log"}
[2024-11-20 13:54:33.170 -0500] [PROCESS] [cadence.virtuoso.ade.simulationMonitor] - Considering to start history {"hostname": "ece-linlabsrv01.ece.gatech.edu", "processid": 1099888, "history": "ExplorerRun.0", "logfile": "/nethome/ccarpenter38/ECE4130_M/Project1/ECE6130_Updated/ECE6130_LAB/Cadence/logs_ccarpenter38/logs0/Job19.log"}
[2024-11-20 13:54:33.172 -0500] [PROCESS] [cadence.virtuoso.ade.simulationMonitor] - HostInfo:
Host name (type):	ece-linlabsrv01.ece.gatech.edu (x86_64)
Operating system:	Linux 4.18.0-553.22.1.el8_10.x86_64 #1 SMP Wed Sep 11 18:02:00 EDT 2024 {"hostname": "ece-linlabsrv01.ece.gatech.edu", "processid": 1099888, "history": "ExplorerRun.0", "logfile": "/nethome/ccarpenter38/ECE4130_M/Project1/ECE6130_Updated/ECE6130_LAB/Cadence/logs_ccarpenter38/logs0/Job19.log", "nodename": "ece-linlabsrv01.ece.gatech.edu", "domainname": "(none)", "machine": "x86_64", "sysname": "Linux", "release": "4.18.0-553.22.1.el8_10.x86_64", "version": "#1 SMP Wed Sep 11 18:02:00 EDT 2024"}
[2024-11-20 13:54:33.173 -0500] [PROCESS] [cadence.virtuoso.ade.simulationMonitor] - UsageInfo:
pid=1099888
totalPhysicalMemory=186.850815GB,Used=131.287220GB,totalVirtualMemory=250.850811GB,Used=153.590778GB
Cpu: Cores=112, Load average:2.840000,6.520000,8.240000 {"hostname": "ece-linlabsrv01.ece.gatech.edu", "processid": 1099888, "history": "ExplorerRun.0", "logfile": "/nethome/ccarpenter38/ECE4130_M/Project1/ECE6130_Updated/ECE6130_LAB/Cadence/logs_ccarpenter38/logs0/Job19.log", "pid": "1099888", "totalPhysicalMemory": "186.850815", "physicalMemoryUsed": "131.287220", "totalVirtualMemory": "250.850811", "virtualMemoryUsed": "153.590778", "cpuCores": "112", "processes": "10537", "loadAverage1": "2.840000", "loadAverage5": "6.520000", "loadAverage15": "8.240000", "loadAverage1Percent": "0.025357"}
[2024-11-20 13:54:33.177 -0500] [EVENT] [cadence.virtuoso.ade.simulationMonitor] - NewPoint {"history": "ExplorerRun.0", "point": 1, "testname": "ECE4130_Project_senseAmplifier_1", "cornername": "Nominal", "event": "NewPoint", "EventSource": "Simulation Monitor", "HistoryName": "ExplorerRun.0", "logFile": "/nethome/ccarpenter38/ECE4130_M/Project1/ECE6130_Updated/ECE6130_LAB/Cadence/logs_ccarpenter38/logs0/Job19.log", "logFileSize": "4740", "category": "simulation"}
[2024-11-20 13:54:33.378 -0500] [EVENT] [cadence.virtuoso.ade.simulationMonitor] - NewPoint {"history": "ExplorerRun.0", "point": 1, "testname": "ECE4130_Project_senseAmplifier_1", "cornername": "Nominal", "event": "NewPoint", "EventSource": "spectre", "HistoryName": "ExplorerRun.0", "logFile": "/nethome/ccarpenter38/simulation/ECE4130_Project/senseAmplifier/maestro/results/maestro/ExplorerRun.0/1/ECE4130_Project_senseAmplifier_1/psf/spectre.out", "logFileSize": "-1", "category": "simulation"}
[2024-11-20 13:54:33.632 -0500] [PROCESS] [cadence.virtuoso.ade.simulationMonitor] - Simulator launched {"hostname": "ece-linlabsrv01.ece.gatech.edu", "processid": 1099888, "history": "ExplorerRun.0", "testname": "ECE4130_Project_senseAmplifier_1", "cornername": "Nominal", "point": 1, "logfile": "/nethome/ccarpenter38/ECE4130_M/Project1/ECE6130_Updated/ECE6130_LAB/Cadence/logs_ccarpenter38/logs0/Job19.log", "simid": "1", "event": "launch", "category": "simulation"}
[2024-11-20 13:54:33.636 -0500] [PROCESS] [cadence.virtuoso.ade.simulationMonitor] - Expression evaluator launched {"hostname": "ece-linlabsrv01.ece.gatech.edu", "processid": 1099888, "history": "ExplorerRun.0", "testname": "ECE4130_Project_senseAmplifier_1", "cornername": "Nominal", "point": 1, "logfile": "/nethome/ccarpenter38/ECE4130_M/Project1/ECE6130_Updated/ECE6130_LAB/Cadence/logs_ccarpenter38/logs0/Job19.log"}
[2024-11-20 13:54:34.584 -0500] [PROCESS] [cadence.virtuoso.ade.simulationMonitor] - Started Simulation {"hostname": "ece-linlabsrv01.ece.gatech.edu", "processid": 1099888, "history": "ExplorerRun.0", "testname": "ECE4130_Project_senseAmplifier_1", "cornername": "Nominal", "point": 1, "logfile": "/nethome/ccarpenter38/ECE4130_M/Project1/ECE6130_Updated/ECE6130_LAB/Cadence/logs_ccarpenter38/logs0/Job19.log", "event": "start", "category": "simulation"}
[2024-11-20 13:54:35.085 -0500] [INFO] [cadence.virtuoso.ade.simulationMonitor] - Peak resident memory used = 162 Mbytes. {"history": "ExplorerRun.0", "point": 1, "testname": "ECE4130_Project_senseAmplifier_1", "cornername": "Nominal"}
[2024-11-20 13:54:35.085 -0500] [INFO] [cadence.virtuoso.ade.simulationMonitor] - Peak resident memory used = 170 Mbytes. {"history": "ExplorerRun.0", "point": 1, "testname": "ECE4130_Project_senseAmplifier_1", "cornername": "Nominal"}
[2024-11-20 13:54:35.085 -0500] [INFO] [cadence.virtuoso.ade.simulationMonitor] - Notice from spectre during hierarchy flattening.
    The value 'psf' specified for the 'checklimitdest' option will no longer be supported in future releases. Use 'spectre -h' to see other recommended values for the 'checklimitdest' option. {"history": "ExplorerRun.0", "point": 1, "testname": "ECE4130_Project_senseAmplifier_1", "cornername": "Nominal"}
[2024-11-20 13:54:35.085 -0500] [INFO] [cadence.virtuoso.ade.simulationMonitor] - Peak resident memory used = 170 Mbytes. {"history": "ExplorerRun.0", "point": 1, "testname": "ECE4130_Project_senseAmplifier_1", "cornername": "Nominal"}
[2024-11-20 13:54:35.085 -0500] [INFO] [cadence.virtuoso.ade.simulationMonitor] - Notice from spectre during initial setup.
    Multithreading is disabled due to the size of the design being too small. {"history": "ExplorerRun.0", "point": 1, "testname": "ECE4130_Project_senseAmplifier_1", "cornername": "Nominal"}
[2024-11-20 13:54:35.090 -0500] [INFO] [cadence.virtuoso.ade.simulationMonitor] -               nodes 13 {"history": "ExplorerRun.0", "point": 1, "testname": "ECE4130_Project_senseAmplifier_1", "cornername": "Nominal"}
[2024-11-20 13:54:35.090 -0500] [INFO] [cadence.virtuoso.ade.simulationMonitor] - Notice from spectre during initial setup.
    Protected devices exist and are not included in the circuit inventory.
    APS enabled. {"history": "ExplorerRun.0", "point": 1, "testname": "ECE4130_Project_senseAmplifier_1", "cornername": "Nominal"}
[2024-11-20 13:54:35.090 -0500] [INFO] [cadence.virtuoso.ade.simulationMonitor] - Peak resident memory used = 174 Mbytes. {"history": "ExplorerRun.0", "point": 1, "testname": "ECE4130_Project_senseAmplifier_1", "cornername": "Nominal"}
[2024-11-20 13:54:35.091 -0500] [INFO] [cadence.virtuoso.ade.simulationMonitor] -    -   (APS) Multi-threading. The recommended number of threads is 1, consider adding +mt=1 on command line. {"history": "ExplorerRun.0", "point": 1, "testname": "ECE4130_Project_senseAmplifier_1", "cornername": "Nominal"}
[2024-11-20 13:54:35.091 -0500] [INFO] [cadence.virtuoso.ade.simulationMonitor] - Notice from spectre during IC analysis, during transient analysis `tran'.
    GminDC = 1 pS is large enough to noticeably affect the DC solution.
        dV(I5.net4) = 65.8624 uV
        Use the `gmin_check' option to eliminate or expand this report. {"history": "ExplorerRun.0", "point": 1, "testname": "ECE4130_Project_senseAmplifier_1", "cornername": "Nominal"}
[2024-11-20 13:54:35.091 -0500] [INFO] [cadence.virtuoso.ade.simulationMonitor] - Notice from spectre during transient analysis `tran'.
    Multithreading is disabled due to the size of the design being too small. {"history": "ExplorerRun.0", "point": 1, "testname": "ECE4130_Project_senseAmplifier_1", "cornername": "Nominal"}
[2024-11-20 13:54:35.092 -0500] [INFO] [cadence.virtuoso.ade.simulationMonitor] - Intrinsic tran analysis time:    CPU = 84.672 ms, elapsed = 92.365 ms. {"history": "ExplorerRun.0", "point": 1, "testname": "ECE4130_Project_senseAmplifier_1", "cornername": "Nominal"}
[2024-11-20 13:54:35.092 -0500] [INFO] [cadence.virtuoso.ade.simulationMonitor] - Total time required for tran analysis `tran': CPU = 99.605 ms, elapsed = 108.955 ms, util. = 91.4%. {"history": "ExplorerRun.0", "point": 1, "testname": "ECE4130_Project_senseAmplifier_1", "cornername": "Nominal"}
[2024-11-20 13:54:35.092 -0500] [INFO] [cadence.virtuoso.ade.simulationMonitor] - Peak resident memory used = 181 Mbytes. {"history": "ExplorerRun.0", "point": 1, "testname": "ECE4130_Project_senseAmplifier_1", "cornername": "Nominal"}
[2024-11-20 13:54:35.094 -0500] [INFO] [cadence.virtuoso.ade.simulationMonitor] - Time used: CPU = 469 ms, elapsed = 692 ms, util. = 67.8%. {"history": "ExplorerRun.0", "point": 1, "testname": "ECE4130_Project_senseAmplifier_1", "cornername": "Nominal"}
[2024-11-20 13:54:35.094 -0500] [INFO] [cadence.virtuoso.ade.simulationMonitor] - Time spent in licensing: elapsed = 51.1 ms, percentage of total = 7.39%. {"history": "ExplorerRun.0", "point": 1, "testname": "ECE4130_Project_senseAmplifier_1", "cornername": "Nominal"}
[2024-11-20 13:54:35.094 -0500] [INFO] [cadence.virtuoso.ade.simulationMonitor] - Peak memory used = 183 Mbytes. {"history": "ExplorerRun.0", "point": 1, "testname": "ECE4130_Project_senseAmplifier_1", "cornername": "Nominal"}
[2024-11-20 13:54:35.097 -0500] [PROCESS] [cadence.virtuoso.ade.simulationMonitor] - Simulation started at: 1:54:34 PM, Wed Nov 20, 2024, ended at: 1:54:34 PM, Wed Nov 20, 2024, with elapsed time (wall clock): 692 ms. {"history": "ExplorerRun.0", "point": 1, "testname": "ECE4130_Project_senseAmplifier_1", "cornername": "Nominal"}
[2024-11-20 13:54:35.097 -0500] [PROCESS] [cadence.virtuoso.ade.simulationMonitor] - spectre completes with 0 errors, 0 warnings, and 7 notices. {"history": "ExplorerRun.0", "point": 1, "testname": "ECE4130_Project_senseAmplifier_1", "cornername": "Nominal"}
[2024-11-20 13:54:35.097 -0500] [PROCESS] [cadence.virtuoso.ade.simulationMonitor] - Finished simulating for one point {"hostname": "ece-linlabsrv01.ece.gatech.edu", "processid": 1099888, "history": "ExplorerRun.0", "testname": "ECE4130_Project_senseAmplifier_1", "cornername": "Nominal", "point": 1, "logfile": "/nethome/ccarpenter38/ECE4130_M/Project1/ECE6130_Updated/ECE6130_LAB/Cadence/logs_ccarpenter38/logs0/Job19.log", "simid": "1", "event": "finish", "category": "simulation"}
[2024-11-20 13:54:35.097 -0500] [PROCESS] [cadence.virtuoso.ade.simulationMonitor] - Simulator exited {"hostname": "ece-linlabsrv01.ece.gatech.edu", "processid": 1099888, "history": "ExplorerRun.0", "testname": "ECE4130_Project_senseAmplifier_1", "cornername": "Nominal", "point": 1, "logfile": "/nethome/ccarpenter38/ECE4130_M/Project1/ECE6130_Updated/ECE6130_LAB/Cadence/logs_ccarpenter38/logs0/Job19.log", "exitStatus": "0"}
[2024-11-20 13:54:35.097 -0500] [PROCESS] [cadence.virtuoso.ade.simulationMonitor] - Finished Simulation {"hostname": "ece-linlabsrv01.ece.gatech.edu", "processid": 1099888, "history": "ExplorerRun.0", "testname": "ECE4130_Project_senseAmplifier_1", "cornername": "Nominal", "point": 1, "logfile": "/nethome/ccarpenter38/ECE4130_M/Project1/ECE6130_Updated/ECE6130_LAB/Cadence/logs_ccarpenter38/logs0/Job19.log", "simid": "1", "event": "finish", "category": "obsolete"}
[2024-11-20 13:54:39.101 -0500] [PROCESS] [cadence.virtuoso.ade.simulationMonitor] - Point Finished {"hostname": "ece-linlabsrv01.ece.gatech.edu", "processid": 1099888, "history": "ExplorerRun.0", "testname": "ECE4130_Project_senseAmplifier_1", "cornername": "Nominal", "point": 1, "logfile": "/nethome/ccarpenter38/ECE4130_M/Project1/ECE6130_Updated/ECE6130_LAB/Cadence/logs_ccarpenter38/logs0/Job19.log", "event": "finish", "category": "sim-eval"}
[2024-11-20 13:54:40.103 -0500] [PROCESS] [cadence.virtuoso.ade.simulationMonitor] - Stay with the runId '2', Linger time '300', currentRunSyn '5', currentTestSyn '6' {"hostname": "ece-linlabsrv01.ece.gatech.edu", "processid": 1099888, "history": "ExplorerRun.0", "testname": "ECE4130_Project_senseAmplifier_1", "cornername": "Nominal", "point": 1, "logfile": "/nethome/ccarpenter38/ECE4130_M/Project1/ECE6130_Updated/ECE6130_LAB/Cadence/logs_ccarpenter38/logs0/Job19.log"}
[2024-11-20 13:54:41.103 -0500] [PROCESS] [cadence.virtuoso.ade.simulationMonitor] - Stay with the runId '2', Linger time '300', currentRunSyn '5', currentTestSyn '6' {"hostname": "ece-linlabsrv01.ece.gatech.edu", "processid": 1099888, "history": "ExplorerRun.0", "testname": "ECE4130_Project_senseAmplifier_1", "cornername": "Nominal", "point": 1, "logfile": "/nethome/ccarpenter38/ECE4130_M/Project1/ECE6130_Updated/ECE6130_LAB/Cadence/logs_ccarpenter38/logs0/Job19.log"}
[2024-11-20 13:54:42.103 -0500] [PROCESS] [cadence.virtuoso.ade.simulationMonitor] - Stay with the runId '2', Linger time '300', currentRunSyn '5', currentTestSyn '6' {"hostname": "ece-linlabsrv01.ece.gatech.edu", "processid": 1099888, "history": "ExplorerRun.0", "testname": "ECE4130_Project_senseAmplifier_1", "cornername": "Nominal", "point": 1, "logfile": "/nethome/ccarpenter38/ECE4130_M/Project1/ECE6130_Updated/ECE6130_LAB/Cadence/logs_ccarpenter38/logs0/Job19.log"}
[2024-11-20 13:54:43.104 -0500] [PROCESS] [cadence.virtuoso.ade.simulationMonitor] - Stay with the runId '2', Linger time '300', currentRunSyn '5', currentTestSyn '6' {"hostname": "ece-linlabsrv01.ece.gatech.edu", "processid": 1099888, "history": "ExplorerRun.0", "testname": "ECE4130_Project_senseAmplifier_1", "cornername": "Nominal", "point": 1, "logfile": "/nethome/ccarpenter38/ECE4130_M/Project1/ECE6130_Updated/ECE6130_LAB/Cadence/logs_ccarpenter38/logs0/Job19.log"}
[2024-11-20 13:54:44.104 -0500] [PROCESS] [cadence.virtuoso.ade.simulationMonitor] - Stay with the runId '2', Linger time '300', currentRunSyn '5', currentTestSyn '6' {"hostname": "ece-linlabsrv01.ece.gatech.edu", "processid": 1099888, "history": "ExplorerRun.0", "testname": "ECE4130_Project_senseAmplifier_1", "cornername": "Nominal", "point": 1, "logfile": "/nethome/ccarpenter38/ECE4130_M/Project1/ECE6130_Updated/ECE6130_LAB/Cadence/logs_ccarpenter38/logs0/Job19.log"}
[2024-11-20 13:54:45.104 -0500] [PROCESS] [cadence.virtuoso.ade.simulationMonitor] - Stay with the runId '2', Linger time '300', currentRunSyn '5', currentTestSyn '6' {"hostname": "ece-linlabsrv01.ece.gatech.edu", "processid": 1099888, "history": "ExplorerRun.0", "testname": "ECE4130_Project_senseAmplifier_1", "cornername": "Nominal", "point": 1, "logfile": "/nethome/ccarpenter38/ECE4130_M/Project1/ECE6130_Updated/ECE6130_LAB/Cadence/logs_ccarpenter38/logs0/Job19.log"}
[2024-11-20 13:57:29.967 -0500] [INFO] [cadence.virtuoso.ade.simulationMonitor] - SimulationMonitor has terminated the vds process '1100178', reason: 'Force to stop the expression evalutor process because of new run' {"history": "ExplorerRun.0", "point": 1, "testname": "ECE4130_Project_senseAmplifier_1", "cornername": "Nominal"}
[2024-11-20 13:57:29.968 -0500] [PROCESS] [cadence.virtuoso.ade.simulationMonitor] - HostInfo:
Host name (type):	ece-linlabsrv01.ece.gatech.edu (x86_64)
Operating system:	Linux 4.18.0-553.22.1.el8_10.x86_64 #1 SMP Wed Sep 11 18:02:00 EDT 2024 {"hostname": "ece-linlabsrv01.ece.gatech.edu", "processid": 1099888, "history": "ExplorerRun.0", "testname": "ECE4130_Project_senseAmplifier_1", "cornername": "Nominal", "point": 1, "logfile": "/nethome/ccarpenter38/ECE4130_M/Project1/ECE6130_Updated/ECE6130_LAB/Cadence/logs_ccarpenter38/logs0/Job19.log", "nodename": "ece-linlabsrv01.ece.gatech.edu", "domainname": "(none)", "machine": "x86_64", "sysname": "Linux", "release": "4.18.0-553.22.1.el8_10.x86_64", "version": "#1 SMP Wed Sep 11 18:02:00 EDT 2024"}
[2024-11-20 13:57:29.968 -0500] [PROCESS] [cadence.virtuoso.ade.simulationMonitor] - UsageInfo:
pid=1099888
totalPhysicalMemory=186.850815GB,Used=130.866951GB,totalVirtualMemory=250.850811GB,Used=153.170509GB
Cpu: Cores=112, Load average:5.170000,5.890000,7.680000 {"hostname": "ece-linlabsrv01.ece.gatech.edu", "processid": 1099888, "history": "ExplorerRun.0", "testname": "ECE4130_Project_senseAmplifier_1", "cornername": "Nominal", "point": 1, "logfile": "/nethome/ccarpenter38/ECE4130_M/Project1/ECE6130_Updated/ECE6130_LAB/Cadence/logs_ccarpenter38/logs0/Job19.log", "pid": "1099888", "totalPhysicalMemory": "186.850815", "physicalMemoryUsed": "130.866951", "totalVirtualMemory": "250.850811", "virtualMemoryUsed": "153.170509", "cpuCores": "112", "processes": "10707", "loadAverage1": "5.170000", "loadAverage5": "5.890000", "loadAverage15": "7.680000", "loadAverage1Percent": "0.046161"}
[2024-11-20 13:57:29.973 -0500] [EVENT] [cadence.virtuoso.ade.simulationMonitor] - NewPoint {"history": "ExplorerRun.0", "point": 1, "testname": "ECE4130_Project_senseAmplifier_1", "cornername": "Nominal", "event": "NewPoint", "EventSource": "Simulation Monitor", "HistoryName": "ExplorerRun.0", "logFile": "/nethome/ccarpenter38/ECE4130_M/Project1/ECE6130_Updated/ECE6130_LAB/Cadence/logs_ccarpenter38/logs0/Job19.log", "logFileSize": "19179", "category": "simulation"}
[2024-11-20 13:57:30.175 -0500] [EVENT] [cadence.virtuoso.ade.simulationMonitor] - NewPoint {"history": "ExplorerRun.0", "point": 1, "testname": "ECE4130_Project_senseAmplifier_1", "cornername": "Nominal", "event": "NewPoint", "EventSource": "spectre", "HistoryName": "ExplorerRun.0", "logFile": "/nethome/ccarpenter38/simulation/ECE4130_Project/senseAmplifier/maestro/results/maestro/ExplorerRun.0/1/ECE4130_Project_senseAmplifier_1/psf/spectre.out", "logFileSize": "-1", "category": "simulation"}
[2024-11-20 13:57:30.420 -0500] [PROCESS] [cadence.virtuoso.ade.simulationMonitor] - Simulator launched {"hostname": "ece-linlabsrv01.ece.gatech.edu", "processid": 1099888, "history": "ExplorerRun.0", "testname": "ECE4130_Project_senseAmplifier_1", "cornername": "Nominal", "point": 1, "logfile": "/nethome/ccarpenter38/ECE4130_M/Project1/ECE6130_Updated/ECE6130_LAB/Cadence/logs_ccarpenter38/logs0/Job19.log", "simid": "2", "event": "launch", "category": "simulation"}
[2024-11-20 13:57:30.425 -0500] [PROCESS] [cadence.virtuoso.ade.simulationMonitor] - Expression evaluator launched {"hostname": "ece-linlabsrv01.ece.gatech.edu", "processid": 1099888, "history": "ExplorerRun.0", "testname": "ECE4130_Project_senseAmplifier_1", "cornername": "Nominal", "point": 1, "logfile": "/nethome/ccarpenter38/ECE4130_M/Project1/ECE6130_Updated/ECE6130_LAB/Cadence/logs_ccarpenter38/logs0/Job19.log"}
[2024-11-20 13:57:31.350 -0500] [PROCESS] [cadence.virtuoso.ade.simulationMonitor] - Started Simulation {"hostname": "ece-linlabsrv01.ece.gatech.edu", "processid": 1099888, "history": "ExplorerRun.0", "testname": "ECE4130_Project_senseAmplifier_1", "cornername": "Nominal", "point": 1, "logfile": "/nethome/ccarpenter38/ECE4130_M/Project1/ECE6130_Updated/ECE6130_LAB/Cadence/logs_ccarpenter38/logs0/Job19.log", "event": "start", "category": "simulation"}
[2024-11-20 13:57:31.350 -0500] [INFO] [cadence.virtuoso.ade.simulationMonitor] - Peak resident memory used = 161 Mbytes. {"history": "ExplorerRun.0", "point": 1, "testname": "ECE4130_Project_senseAmplifier_1", "cornername": "Nominal"}
[2024-11-20 13:57:31.851 -0500] [INFO] [cadence.virtuoso.ade.simulationMonitor] - Peak resident memory used = 169 Mbytes. {"history": "ExplorerRun.0", "point": 1, "testname": "ECE4130_Project_senseAmplifier_1", "cornername": "Nominal"}
[2024-11-20 13:57:31.851 -0500] [INFO] [cadence.virtuoso.ade.simulationMonitor] - Notice from spectre during hierarchy flattening.
    The value 'psf' specified for the 'checklimitdest' option will no longer be supported in future releases. Use 'spectre -h' to see other recommended values for the 'checklimitdest' option. {"history": "ExplorerRun.0", "point": 1, "testname": "ECE4130_Project_senseAmplifier_1", "cornername": "Nominal"}
[2024-11-20 13:57:31.851 -0500] [INFO] [cadence.virtuoso.ade.simulationMonitor] - Peak resident memory used = 169 Mbytes. {"history": "ExplorerRun.0", "point": 1, "testname": "ECE4130_Project_senseAmplifier_1", "cornername": "Nominal"}
[2024-11-20 13:57:31.851 -0500] [INFO] [cadence.virtuoso.ade.simulationMonitor] - Notice from spectre during initial setup.
    Multithreading is disabled due to the size of the design being too small. {"history": "ExplorerRun.0", "point": 1, "testname": "ECE4130_Project_senseAmplifier_1", "cornername": "Nominal"}
[2024-11-20 13:57:31.856 -0500] [INFO] [cadence.virtuoso.ade.simulationMonitor] -               nodes 13 {"history": "ExplorerRun.0", "point": 1, "testname": "ECE4130_Project_senseAmplifier_1", "cornername": "Nominal"}
[2024-11-20 13:57:31.856 -0500] [INFO] [cadence.virtuoso.ade.simulationMonitor] - Notice from spectre during initial setup.
    Protected devices exist and are not included in the circuit inventory.
    APS enabled. {"history": "ExplorerRun.0", "point": 1, "testname": "ECE4130_Project_senseAmplifier_1", "cornername": "Nominal"}
[2024-11-20 13:57:31.856 -0500] [INFO] [cadence.virtuoso.ade.simulationMonitor] - Peak resident memory used = 173 Mbytes. {"history": "ExplorerRun.0", "point": 1, "testname": "ECE4130_Project_senseAmplifier_1", "cornername": "Nominal"}
[2024-11-20 13:57:31.857 -0500] [INFO] [cadence.virtuoso.ade.simulationMonitor] -    -   (APS) Multi-threading. The recommended number of threads is 1, consider adding +mt=1 on command line. {"history": "ExplorerRun.0", "point": 1, "testname": "ECE4130_Project_senseAmplifier_1", "cornername": "Nominal"}
[2024-11-20 13:57:31.857 -0500] [INFO] [cadence.virtuoso.ade.simulationMonitor] - Notice from spectre during IC analysis, during transient analysis `tran'.
    GminDC = 1 pS is large enough to noticeably affect the DC solution.
        dV(I5.net4) = 65.8511 uV
        Use the `gmin_check' option to eliminate or expand this report.
    Bad pivoting is found during DC analysis. Option dc_pivot_check=yes is recommended for possible improvement of convergence. {"history": "ExplorerRun.0", "point": 1, "testname": "ECE4130_Project_senseAmplifier_1", "cornername": "Nominal"}
[2024-11-20 13:57:31.857 -0500] [INFO] [cadence.virtuoso.ade.simulationMonitor] - Notice from spectre during transient analysis `tran'.
    Multithreading is disabled due to the size of the design being too small. {"history": "ExplorerRun.0", "point": 1, "testname": "ECE4130_Project_senseAmplifier_1", "cornername": "Nominal"}
[2024-11-20 13:57:31.858 -0500] [INFO] [cadence.virtuoso.ade.simulationMonitor] - Intrinsic tran analysis time:    CPU = 62.839 ms, elapsed = 73.226 ms. {"history": "ExplorerRun.0", "point": 1, "testname": "ECE4130_Project_senseAmplifier_1", "cornername": "Nominal"}
[2024-11-20 13:57:31.858 -0500] [INFO] [cadence.virtuoso.ade.simulationMonitor] - Total time required for tran analysis `tran': CPU = 74.918 ms, elapsed = 87.0819 ms, util. = 86%. {"history": "ExplorerRun.0", "point": 1, "testname": "ECE4130_Project_senseAmplifier_1", "cornername": "Nominal"}
[2024-11-20 13:57:31.858 -0500] [INFO] [cadence.virtuoso.ade.simulationMonitor] - Peak resident memory used = 180 Mbytes. {"history": "ExplorerRun.0", "point": 1, "testname": "ECE4130_Project_senseAmplifier_1", "cornername": "Nominal"}
[2024-11-20 13:57:31.859 -0500] [INFO] [cadence.virtuoso.ade.simulationMonitor] - Time used: CPU = 404 ms, elapsed = 555 ms, util. = 72.9%. {"history": "ExplorerRun.0", "point": 1, "testname": "ECE4130_Project_senseAmplifier_1", "cornername": "Nominal"}
[2024-11-20 13:57:31.860 -0500] [INFO] [cadence.virtuoso.ade.simulationMonitor] - Time spent in licensing: elapsed = 51.1 ms, percentage of total = 9.21%. {"history": "ExplorerRun.0", "point": 1, "testname": "ECE4130_Project_senseAmplifier_1", "cornername": "Nominal"}
[2024-11-20 13:57:31.860 -0500] [INFO] [cadence.virtuoso.ade.simulationMonitor] - Peak memory used = 181 Mbytes. {"history": "ExplorerRun.0", "point": 1, "testname": "ECE4130_Project_senseAmplifier_1", "cornername": "Nominal"}
[2024-11-20 13:57:31.863 -0500] [PROCESS] [cadence.virtuoso.ade.simulationMonitor] - Simulation started at: 1:57:30 PM, Wed Nov 20, 2024, ended at: 1:57:31 PM, Wed Nov 20, 2024, with elapsed time (wall clock): 555 ms. {"history": "ExplorerRun.0", "point": 1, "testname": "ECE4130_Project_senseAmplifier_1", "cornername": "Nominal"}
[2024-11-20 13:57:31.863 -0500] [PROCESS] [cadence.virtuoso.ade.simulationMonitor] - spectre completes with 0 errors, 0 warnings, and 8 notices. {"history": "ExplorerRun.0", "point": 1, "testname": "ECE4130_Project_senseAmplifier_1", "cornername": "Nominal"}
[2024-11-20 13:57:31.863 -0500] [PROCESS] [cadence.virtuoso.ade.simulationMonitor] - Finished simulating for one point {"hostname": "ece-linlabsrv01.ece.gatech.edu", "processid": 1099888, "history": "ExplorerRun.0", "testname": "ECE4130_Project_senseAmplifier_1", "cornername": "Nominal", "point": 1, "logfile": "/nethome/ccarpenter38/ECE4130_M/Project1/ECE6130_Updated/ECE6130_LAB/Cadence/logs_ccarpenter38/logs0/Job19.log", "simid": "2", "event": "finish", "category": "simulation"}
[2024-11-20 13:57:31.863 -0500] [PROCESS] [cadence.virtuoso.ade.simulationMonitor] - Simulator exited {"hostname": "ece-linlabsrv01.ece.gatech.edu", "processid": 1099888, "history": "ExplorerRun.0", "testname": "ECE4130_Project_senseAmplifier_1", "cornername": "Nominal", "point": 1, "logfile": "/nethome/ccarpenter38/ECE4130_M/Project1/ECE6130_Updated/ECE6130_LAB/Cadence/logs_ccarpenter38/logs0/Job19.log", "exitStatus": "0"}
[2024-11-20 13:57:31.863 -0500] [PROCESS] [cadence.virtuoso.ade.simulationMonitor] - Finished Simulation {"hostname": "ece-linlabsrv01.ece.gatech.edu", "processid": 1099888, "history": "ExplorerRun.0", "testname": "ECE4130_Project_senseAmplifier_1", "cornername": "Nominal", "point": 1, "logfile": "/nethome/ccarpenter38/ECE4130_M/Project1/ECE6130_Updated/ECE6130_LAB/Cadence/logs_ccarpenter38/logs0/Job19.log", "simid": "2", "event": "finish", "category": "obsolete"}
[2024-11-20 13:57:35.867 -0500] [PROCESS] [cadence.virtuoso.ade.simulationMonitor] - Point Finished {"hostname": "ece-linlabsrv01.ece.gatech.edu", "processid": 1099888, "history": "ExplorerRun.0", "testname": "ECE4130_Project_senseAmplifier_1", "cornername": "Nominal", "point": 1, "logfile": "/nethome/ccarpenter38/ECE4130_M/Project1/ECE6130_Updated/ECE6130_LAB/Cadence/logs_ccarpenter38/logs0/Job19.log", "event": "finish", "category": "sim-eval"}
[2024-11-20 13:57:36.870 -0500] [PROCESS] [cadence.virtuoso.ade.simulationMonitor] - Stay with the runId '3', Linger time '300', currentRunSyn '7', currentTestSyn '8' {"hostname": "ece-linlabsrv01.ece.gatech.edu", "processid": 1099888, "history": "ExplorerRun.0", "testname": "ECE4130_Project_senseAmplifier_1", "cornername": "Nominal", "point": 1, "logfile": "/nethome/ccarpenter38/ECE4130_M/Project1/ECE6130_Updated/ECE6130_LAB/Cadence/logs_ccarpenter38/logs0/Job19.log"}
[2024-11-20 13:57:37.870 -0500] [PROCESS] [cadence.virtuoso.ade.simulationMonitor] - Stay with the runId '3', Linger time '300', currentRunSyn '7', currentTestSyn '8' {"hostname": "ece-linlabsrv01.ece.gatech.edu", "processid": 1099888, "history": "ExplorerRun.0", "testname": "ECE4130_Project_senseAmplifier_1", "cornername": "Nominal", "point": 1, "logfile": "/nethome/ccarpenter38/ECE4130_M/Project1/ECE6130_Updated/ECE6130_LAB/Cadence/logs_ccarpenter38/logs0/Job19.log"}
[2024-11-20 13:57:38.871 -0500] [PROCESS] [cadence.virtuoso.ade.simulationMonitor] - Stay with the runId '3', Linger time '300', currentRunSyn '7', currentTestSyn '8' {"hostname": "ece-linlabsrv01.ece.gatech.edu", "processid": 1099888, "history": "ExplorerRun.0", "testname": "ECE4130_Project_senseAmplifier_1", "cornername": "Nominal", "point": 1, "logfile": "/nethome/ccarpenter38/ECE4130_M/Project1/ECE6130_Updated/ECE6130_LAB/Cadence/logs_ccarpenter38/logs0/Job19.log"}
[2024-11-20 13:57:39.872 -0500] [PROCESS] [cadence.virtuoso.ade.simulationMonitor] - Stay with the runId '3', Linger time '300', currentRunSyn '7', currentTestSyn '8' {"hostname": "ece-linlabsrv01.ece.gatech.edu", "processid": 1099888, "history": "ExplorerRun.0", "testname": "ECE4130_Project_senseAmplifier_1", "cornername": "Nominal", "point": 1, "logfile": "/nethome/ccarpenter38/ECE4130_M/Project1/ECE6130_Updated/ECE6130_LAB/Cadence/logs_ccarpenter38/logs0/Job19.log"}
[2024-11-20 13:57:40.872 -0500] [PROCESS] [cadence.virtuoso.ade.simulationMonitor] - Stay with the runId '3', Linger time '300', currentRunSyn '7', currentTestSyn '8' {"hostname": "ece-linlabsrv01.ece.gatech.edu", "processid": 1099888, "history": "ExplorerRun.0", "testname": "ECE4130_Project_senseAmplifier_1", "cornername": "Nominal", "point": 1, "logfile": "/nethome/ccarpenter38/ECE4130_M/Project1/ECE6130_Updated/ECE6130_LAB/Cadence/logs_ccarpenter38/logs0/Job19.log"}
[2024-11-20 13:57:41.872 -0500] [PROCESS] [cadence.virtuoso.ade.simulationMonitor] - Stay with the runId '3', Linger time '300', currentRunSyn '7', currentTestSyn '8' {"hostname": "ece-linlabsrv01.ece.gatech.edu", "processid": 1099888, "history": "ExplorerRun.0", "testname": "ECE4130_Project_senseAmplifier_1", "cornername": "Nominal", "point": 1, "logfile": "/nethome/ccarpenter38/ECE4130_M/Project1/ECE6130_Updated/ECE6130_LAB/Cadence/logs_ccarpenter38/logs0/Job19.log"}
[2024-11-20 13:57:42.873 -0500] [PROCESS] [cadence.virtuoso.ade.simulationMonitor] - Stay with the runId '3', Linger time '300', currentRunSyn '7', currentTestSyn '8' {"hostname": "ece-linlabsrv01.ece.gatech.edu", "processid": 1099888, "history": "ExplorerRun.0", "testname": "ECE4130_Project_senseAmplifier_1", "cornername": "Nominal", "point": 1, "logfile": "/nethome/ccarpenter38/ECE4130_M/Project1/ECE6130_Updated/ECE6130_LAB/Cadence/logs_ccarpenter38/logs0/Job19.log"}
[2024-11-20 13:58:26.180 -0500] [INFO] [cadence.virtuoso.ade.simulationMonitor] - SimulationMonitor has terminated the vds process '1123535', reason: 'Force to stop the expression evalutor process because of new run' {"history": "ExplorerRun.0", "point": 1, "testname": "ECE4130_Project_senseAmplifier_1", "cornername": "Nominal"}
[2024-11-20 13:58:26.182 -0500] [PROCESS] [cadence.virtuoso.ade.simulationMonitor] - HostInfo:
Host name (type):	ece-linlabsrv01.ece.gatech.edu (x86_64)
Operating system:	Linux 4.18.0-553.22.1.el8_10.x86_64 #1 SMP Wed Sep 11 18:02:00 EDT 2024 {"hostname": "ece-linlabsrv01.ece.gatech.edu", "processid": 1099888, "history": "ExplorerRun.0", "testname": "ECE4130_Project_senseAmplifier_1", "cornername": "Nominal", "point": 1, "logfile": "/nethome/ccarpenter38/ECE4130_M/Project1/ECE6130_Updated/ECE6130_LAB/Cadence/logs_ccarpenter38/logs0/Job19.log", "nodename": "ece-linlabsrv01.ece.gatech.edu", "domainname": "(none)", "machine": "x86_64", "sysname": "Linux", "release": "4.18.0-553.22.1.el8_10.x86_64", "version": "#1 SMP Wed Sep 11 18:02:00 EDT 2024"}
[2024-11-20 13:58:26.182 -0500] [PROCESS] [cadence.virtuoso.ade.simulationMonitor] - UsageInfo:
pid=1099888
totalPhysicalMemory=186.850815GB,Used=130.889046GB,totalVirtualMemory=250.850811GB,Used=153.192604GB
Cpu: Cores=112, Load average:8.330000,6.750000,7.860000 {"hostname": "ece-linlabsrv01.ece.gatech.edu", "processid": 1099888, "history": "ExplorerRun.0", "testname": "ECE4130_Project_senseAmplifier_1", "cornername": "Nominal", "point": 1, "logfile": "/nethome/ccarpenter38/ECE4130_M/Project1/ECE6130_Updated/ECE6130_LAB/Cadence/logs_ccarpenter38/logs0/Job19.log", "pid": "1099888", "totalPhysicalMemory": "186.850815", "physicalMemoryUsed": "130.889046", "totalVirtualMemory": "250.850811", "virtualMemoryUsed": "153.192604", "cpuCores": "112", "processes": "10654", "loadAverage1": "8.330000", "loadAverage5": "6.750000", "loadAverage15": "7.860000", "loadAverage1Percent": "0.074375"}
[2024-11-20 13:58:26.185 -0500] [EVENT] [cadence.virtuoso.ade.simulationMonitor] - NewPoint {"history": "ExplorerRun.0", "point": 1, "testname": "ECE4130_Project_senseAmplifier_1", "cornername": "Nominal", "event": "NewPoint", "EventSource": "Simulation Monitor", "HistoryName": "ExplorerRun.0", "logFile": "/nethome/ccarpenter38/ECE4130_M/Project1/ECE6130_Updated/ECE6130_LAB/Cadence/logs_ccarpenter38/logs0/Job19.log", "logFileSize": "34219", "category": "simulation"}
[2024-11-20 13:58:26.387 -0500] [EVENT] [cadence.virtuoso.ade.simulationMonitor] - NewPoint {"history": "ExplorerRun.0", "point": 1, "testname": "ECE4130_Project_senseAmplifier_1", "cornername": "Nominal", "event": "NewPoint", "EventSource": "spectre", "HistoryName": "ExplorerRun.0", "logFile": "/nethome/ccarpenter38/simulation/ECE4130_Project/senseAmplifier/maestro/results/maestro/ExplorerRun.0/1/ECE4130_Project_senseAmplifier_1/psf/spectre.out", "logFileSize": "-1", "category": "simulation"}
[2024-11-20 13:58:26.636 -0500] [PROCESS] [cadence.virtuoso.ade.simulationMonitor] - Simulator launched {"hostname": "ece-linlabsrv01.ece.gatech.edu", "processid": 1099888, "history": "ExplorerRun.0", "testname": "ECE4130_Project_senseAmplifier_1", "cornername": "Nominal", "point": 1, "logfile": "/nethome/ccarpenter38/ECE4130_M/Project1/ECE6130_Updated/ECE6130_LAB/Cadence/logs_ccarpenter38/logs0/Job19.log", "simid": "3", "event": "launch", "category": "simulation"}
[2024-11-20 13:58:26.640 -0500] [PROCESS] [cadence.virtuoso.ade.simulationMonitor] - Expression evaluator launched {"hostname": "ece-linlabsrv01.ece.gatech.edu", "processid": 1099888, "history": "ExplorerRun.0", "testname": "ECE4130_Project_senseAmplifier_1", "cornername": "Nominal", "point": 1, "logfile": "/nethome/ccarpenter38/ECE4130_M/Project1/ECE6130_Updated/ECE6130_LAB/Cadence/logs_ccarpenter38/logs0/Job19.log"}
[2024-11-20 13:58:27.522 -0500] [PROCESS] [cadence.virtuoso.ade.simulationMonitor] - Started Simulation {"hostname": "ece-linlabsrv01.ece.gatech.edu", "processid": 1099888, "history": "ExplorerRun.0", "testname": "ECE4130_Project_senseAmplifier_1", "cornername": "Nominal", "point": 1, "logfile": "/nethome/ccarpenter38/ECE4130_M/Project1/ECE6130_Updated/ECE6130_LAB/Cadence/logs_ccarpenter38/logs0/Job19.log", "event": "start", "category": "simulation"}
[2024-11-20 13:58:28.023 -0500] [INFO] [cadence.virtuoso.ade.simulationMonitor] - Peak resident memory used = 168 Mbytes. {"history": "ExplorerRun.0", "point": 1, "testname": "ECE4130_Project_senseAmplifier_1", "cornername": "Nominal"}
[2024-11-20 13:58:28.023 -0500] [INFO] [cadence.virtuoso.ade.simulationMonitor] - Peak resident memory used = 176 Mbytes. {"history": "ExplorerRun.0", "point": 1, "testname": "ECE4130_Project_senseAmplifier_1", "cornername": "Nominal"}
[2024-11-20 13:58:28.023 -0500] [INFO] [cadence.virtuoso.ade.simulationMonitor] - Notice from spectre during hierarchy flattening.
    The value 'psf' specified for the 'checklimitdest' option will no longer be supported in future releases. Use 'spectre -h' to see other recommended values for the 'checklimitdest' option. {"history": "ExplorerRun.0", "point": 1, "testname": "ECE4130_Project_senseAmplifier_1", "cornername": "Nominal"}
[2024-11-20 13:58:28.023 -0500] [INFO] [cadence.virtuoso.ade.simulationMonitor] - Peak resident memory used = 176 Mbytes. {"history": "ExplorerRun.0", "point": 1, "testname": "ECE4130_Project_senseAmplifier_1", "cornername": "Nominal"}
[2024-11-20 13:58:28.023 -0500] [INFO] [cadence.virtuoso.ade.simulationMonitor] - Notice from spectre during initial setup.
    Multithreading is disabled due to the size of the design being too small. {"history": "ExplorerRun.0", "point": 1, "testname": "ECE4130_Project_senseAmplifier_1", "cornername": "Nominal"}
[2024-11-20 13:58:28.028 -0500] [INFO] [cadence.virtuoso.ade.simulationMonitor] -               nodes 13 {"history": "ExplorerRun.0", "point": 1, "testname": "ECE4130_Project_senseAmplifier_1", "cornername": "Nominal"}
[2024-11-20 13:58:28.028 -0500] [INFO] [cadence.virtuoso.ade.simulationMonitor] - Notice from spectre during initial setup.
    Protected devices exist and are not included in the circuit inventory.
    APS enabled. {"history": "ExplorerRun.0", "point": 1, "testname": "ECE4130_Project_senseAmplifier_1", "cornername": "Nominal"}
[2024-11-20 13:58:28.028 -0500] [INFO] [cadence.virtuoso.ade.simulationMonitor] - Peak resident memory used = 180 Mbytes. {"history": "ExplorerRun.0", "point": 1, "testname": "ECE4130_Project_senseAmplifier_1", "cornername": "Nominal"}
[2024-11-20 13:58:28.029 -0500] [INFO] [cadence.virtuoso.ade.simulationMonitor] -    -   (APS) Multi-threading. The recommended number of threads is 1, consider adding +mt=1 on command line. {"history": "ExplorerRun.0", "point": 1, "testname": "ECE4130_Project_senseAmplifier_1", "cornername": "Nominal"}
[2024-11-20 13:58:28.029 -0500] [INFO] [cadence.virtuoso.ade.simulationMonitor] - Notice from spectre during IC analysis, during transient analysis `tran'.
    GminDC = 1 pS is large enough to noticeably affect the DC solution.
        dV(I5.net4) = 57.6717 uV
        Use the `gmin_check' option to eliminate or expand this report. {"history": "ExplorerRun.0", "point": 1, "testname": "ECE4130_Project_senseAmplifier_1", "cornername": "Nominal"}
[2024-11-20 13:58:28.029 -0500] [INFO] [cadence.virtuoso.ade.simulationMonitor] - Notice from spectre during transient analysis `tran'.
    Multithreading is disabled due to the size of the design being too small. {"history": "ExplorerRun.0", "point": 1, "testname": "ECE4130_Project_senseAmplifier_1", "cornername": "Nominal"}
[2024-11-20 13:58:28.030 -0500] [INFO] [cadence.virtuoso.ade.simulationMonitor] - Intrinsic tran analysis time:    CPU = 65.122 ms, elapsed = 74.754 ms. {"history": "ExplorerRun.0", "point": 1, "testname": "ECE4130_Project_senseAmplifier_1", "cornername": "Nominal"}
[2024-11-20 13:58:28.030 -0500] [INFO] [cadence.virtuoso.ade.simulationMonitor] - Total time required for tran analysis `tran': CPU = 77.344 ms, elapsed = 89.3149 ms, util. = 86.6%. {"history": "ExplorerRun.0", "point": 1, "testname": "ECE4130_Project_senseAmplifier_1", "cornername": "Nominal"}
[2024-11-20 13:58:28.031 -0500] [INFO] [cadence.virtuoso.ade.simulationMonitor] - Peak resident memory used = 187 Mbytes. {"history": "ExplorerRun.0", "point": 1, "testname": "ECE4130_Project_senseAmplifier_1", "cornername": "Nominal"}
[2024-11-20 13:58:28.032 -0500] [INFO] [cadence.virtuoso.ade.simulationMonitor] - Time used: CPU = 413 ms, elapsed = 595 ms, util. = 69.3%. {"history": "ExplorerRun.0", "point": 1, "testname": "ECE4130_Project_senseAmplifier_1", "cornername": "Nominal"}
[2024-11-20 13:58:28.032 -0500] [INFO] [cadence.virtuoso.ade.simulationMonitor] - Time spent in licensing: elapsed = 50.9 ms, percentage of total = 8.56%. {"history": "ExplorerRun.0", "point": 1, "testname": "ECE4130_Project_senseAmplifier_1", "cornername": "Nominal"}
[2024-11-20 13:58:28.033 -0500] [INFO] [cadence.virtuoso.ade.simulationMonitor] - Peak memory used = 188 Mbytes. {"history": "ExplorerRun.0", "point": 1, "testname": "ECE4130_Project_senseAmplifier_1", "cornername": "Nominal"}
[2024-11-20 13:58:28.035 -0500] [PROCESS] [cadence.virtuoso.ade.simulationMonitor] - Simulation started at: 1:58:27 PM, Wed Nov 20, 2024, ended at: 1:58:27 PM, Wed Nov 20, 2024, with elapsed time (wall clock): 595 ms. {"history": "ExplorerRun.0", "point": 1, "testname": "ECE4130_Project_senseAmplifier_1", "cornername": "Nominal"}
[2024-11-20 13:58:28.035 -0500] [PROCESS] [cadence.virtuoso.ade.simulationMonitor] - spectre completes with 0 errors, 0 warnings, and 7 notices. {"history": "ExplorerRun.0", "point": 1, "testname": "ECE4130_Project_senseAmplifier_1", "cornername": "Nominal"}
[2024-11-20 13:58:28.035 -0500] [PROCESS] [cadence.virtuoso.ade.simulationMonitor] - Finished simulating for one point {"hostname": "ece-linlabsrv01.ece.gatech.edu", "processid": 1099888, "history": "ExplorerRun.0", "testname": "ECE4130_Project_senseAmplifier_1", "cornername": "Nominal", "point": 1, "logfile": "/nethome/ccarpenter38/ECE4130_M/Project1/ECE6130_Updated/ECE6130_LAB/Cadence/logs_ccarpenter38/logs0/Job19.log", "simid": "3", "event": "finish", "category": "simulation"}
[2024-11-20 13:58:28.035 -0500] [PROCESS] [cadence.virtuoso.ade.simulationMonitor] - Simulator exited {"hostname": "ece-linlabsrv01.ece.gatech.edu", "processid": 1099888, "history": "ExplorerRun.0", "testname": "ECE4130_Project_senseAmplifier_1", "cornername": "Nominal", "point": 1, "logfile": "/nethome/ccarpenter38/ECE4130_M/Project1/ECE6130_Updated/ECE6130_LAB/Cadence/logs_ccarpenter38/logs0/Job19.log", "exitStatus": "0"}
[2024-11-20 13:58:28.035 -0500] [PROCESS] [cadence.virtuoso.ade.simulationMonitor] - Finished Simulation {"hostname": "ece-linlabsrv01.ece.gatech.edu", "processid": 1099888, "history": "ExplorerRun.0", "testname": "ECE4130_Project_senseAmplifier_1", "cornername": "Nominal", "point": 1, "logfile": "/nethome/ccarpenter38/ECE4130_M/Project1/ECE6130_Updated/ECE6130_LAB/Cadence/logs_ccarpenter38/logs0/Job19.log", "simid": "3", "event": "finish", "category": "obsolete"}
[2024-11-20 13:58:32.046 -0500] [PROCESS] [cadence.virtuoso.ade.simulationMonitor] - Point Finished {"hostname": "ece-linlabsrv01.ece.gatech.edu", "processid": 1099888, "history": "ExplorerRun.0", "testname": "ECE4130_Project_senseAmplifier_1", "cornername": "Nominal", "point": 1, "logfile": "/nethome/ccarpenter38/ECE4130_M/Project1/ECE6130_Updated/ECE6130_LAB/Cadence/logs_ccarpenter38/logs0/Job19.log", "event": "finish", "category": "sim-eval"}
[2024-11-20 13:58:33.048 -0500] [PROCESS] [cadence.virtuoso.ade.simulationMonitor] - Stay with the runId '4', Linger time '300', currentRunSyn '9', currentTestSyn '10' {"hostname": "ece-linlabsrv01.ece.gatech.edu", "processid": 1099888, "history": "ExplorerRun.0", "testname": "ECE4130_Project_senseAmplifier_1", "cornername": "Nominal", "point": 1, "logfile": "/nethome/ccarpenter38/ECE4130_M/Project1/ECE6130_Updated/ECE6130_LAB/Cadence/logs_ccarpenter38/logs0/Job19.log"}
[2024-11-20 13:58:34.049 -0500] [PROCESS] [cadence.virtuoso.ade.simulationMonitor] - Stay with the runId '4', Linger time '300', currentRunSyn '9', currentTestSyn '10' {"hostname": "ece-linlabsrv01.ece.gatech.edu", "processid": 1099888, "history": "ExplorerRun.0", "testname": "ECE4130_Project_senseAmplifier_1", "cornername": "Nominal", "point": 1, "logfile": "/nethome/ccarpenter38/ECE4130_M/Project1/ECE6130_Updated/ECE6130_LAB/Cadence/logs_ccarpenter38/logs0/Job19.log"}
[2024-11-20 13:58:35.050 -0500] [PROCESS] [cadence.virtuoso.ade.simulationMonitor] - Stay with the runId '4', Linger time '300', currentRunSyn '9', currentTestSyn '10' {"hostname": "ece-linlabsrv01.ece.gatech.edu", "processid": 1099888, "history": "ExplorerRun.0", "testname": "ECE4130_Project_senseAmplifier_1", "cornername": "Nominal", "point": 1, "logfile": "/nethome/ccarpenter38/ECE4130_M/Project1/ECE6130_Updated/ECE6130_LAB/Cadence/logs_ccarpenter38/logs0/Job19.log"}
[2024-11-20 13:58:36.051 -0500] [PROCESS] [cadence.virtuoso.ade.simulationMonitor] - Stay with the runId '4', Linger time '300', currentRunSyn '9', currentTestSyn '10' {"hostname": "ece-linlabsrv01.ece.gatech.edu", "processid": 1099888, "history": "ExplorerRun.0", "testname": "ECE4130_Project_senseAmplifier_1", "cornername": "Nominal", "point": 1, "logfile": "/nethome/ccarpenter38/ECE4130_M/Project1/ECE6130_Updated/ECE6130_LAB/Cadence/logs_ccarpenter38/logs0/Job19.log"}
[2024-11-20 13:58:37.051 -0500] [PROCESS] [cadence.virtuoso.ade.simulationMonitor] - Stay with the runId '4', Linger time '300', currentRunSyn '9', currentTestSyn '10' {"hostname": "ece-linlabsrv01.ece.gatech.edu", "processid": 1099888, "history": "ExplorerRun.0", "testname": "ECE4130_Project_senseAmplifier_1", "cornername": "Nominal", "point": 1, "logfile": "/nethome/ccarpenter38/ECE4130_M/Project1/ECE6130_Updated/ECE6130_LAB/Cadence/logs_ccarpenter38/logs0/Job19.log"}
[2024-11-20 13:58:38.051 -0500] [PROCESS] [cadence.virtuoso.ade.simulationMonitor] - Stay with the runId '4', Linger time '300', currentRunSyn '9', currentTestSyn '10' {"hostname": "ece-linlabsrv01.ece.gatech.edu", "processid": 1099888, "history": "ExplorerRun.0", "testname": "ECE4130_Project_senseAmplifier_1", "cornername": "Nominal", "point": 1, "logfile": "/nethome/ccarpenter38/ECE4130_M/Project1/ECE6130_Updated/ECE6130_LAB/Cadence/logs_ccarpenter38/logs0/Job19.log"}
[2024-11-20 13:58:39.051 -0500] [PROCESS] [cadence.virtuoso.ade.simulationMonitor] - Stay with the runId '4', Linger time '300', currentRunSyn '9', currentTestSyn '10' {"hostname": "ece-linlabsrv01.ece.gatech.edu", "processid": 1099888, "history": "ExplorerRun.0", "testname": "ECE4130_Project_senseAmplifier_1", "cornername": "Nominal", "point": 1, "logfile": "/nethome/ccarpenter38/ECE4130_M/Project1/ECE6130_Updated/ECE6130_LAB/Cadence/logs_ccarpenter38/logs0/Job19.log"}
[2024-11-20 13:58:40.052 -0500] [PROCESS] [cadence.virtuoso.ade.simulationMonitor] - Stay with the runId '4', Linger time '300', currentRunSyn '9', currentTestSyn '10' {"hostname": "ece-linlabsrv01.ece.gatech.edu", "processid": 1099888, "history": "ExplorerRun.0", "testname": "ECE4130_Project_senseAmplifier_1", "cornername": "Nominal", "point": 1, "logfile": "/nethome/ccarpenter38/ECE4130_M/Project1/ECE6130_Updated/ECE6130_LAB/Cadence/logs_ccarpenter38/logs0/Job19.log"}
[2024-11-20 14:00:24.383 -0500] [INFO] [cadence.virtuoso.ade.simulationMonitor] - SimulationMonitor has terminated the vds process '1134296', reason: 'Force to stop the expression evalutor process because of new run' {"history": "ExplorerRun.0", "point": 1, "testname": "ECE4130_Project_senseAmplifier_1", "cornername": "Nominal"}
[2024-11-20 14:00:24.384 -0500] [PROCESS] [cadence.virtuoso.ade.simulationMonitor] - HostInfo:
Host name (type):	ece-linlabsrv01.ece.gatech.edu (x86_64)
Operating system:	Linux 4.18.0-553.22.1.el8_10.x86_64 #1 SMP Wed Sep 11 18:02:00 EDT 2024 {"hostname": "ece-linlabsrv01.ece.gatech.edu", "processid": 1099888, "history": "ExplorerRun.0", "testname": "ECE4130_Project_senseAmplifier_1", "cornername": "Nominal", "point": 1, "logfile": "/nethome/ccarpenter38/ECE4130_M/Project1/ECE6130_Updated/ECE6130_LAB/Cadence/logs_ccarpenter38/logs0/Job19.log", "nodename": "ece-linlabsrv01.ece.gatech.edu", "domainname": "(none)", "machine": "x86_64", "sysname": "Linux", "release": "4.18.0-553.22.1.el8_10.x86_64", "version": "#1 SMP Wed Sep 11 18:02:00 EDT 2024"}
[2024-11-20 14:00:24.385 -0500] [PROCESS] [cadence.virtuoso.ade.simulationMonitor] - UsageInfo:
pid=1099888
totalPhysicalMemory=186.850815GB,Used=130.142986GB,totalVirtualMemory=250.850811GB,Used=152.446545GB
Cpu: Cores=112, Load average:1.810000,4.800000,7.020000 {"hostname": "ece-linlabsrv01.ece.gatech.edu", "processid": 1099888, "history": "ExplorerRun.0", "testname": "ECE4130_Project_senseAmplifier_1", "cornername": "Nominal", "point": 1, "logfile": "/nethome/ccarpenter38/ECE4130_M/Project1/ECE6130_Updated/ECE6130_LAB/Cadence/logs_ccarpenter38/logs0/Job19.log", "pid": "1099888", "totalPhysicalMemory": "186.850815", "physicalMemoryUsed": "130.142986", "totalVirtualMemory": "250.850811", "virtualMemoryUsed": "152.446545", "cpuCores": "112", "processes": "10418", "loadAverage1": "1.810000", "loadAverage5": "4.800000", "loadAverage15": "7.020000", "loadAverage1Percent": "0.016161"}
[2024-11-20 14:00:24.388 -0500] [EVENT] [cadence.virtuoso.ade.simulationMonitor] - NewPoint {"history": "ExplorerRun.0", "point": 1, "testname": "ECE4130_Project_senseAmplifier_1", "cornername": "Nominal", "event": "NewPoint", "EventSource": "Simulation Monitor", "HistoryName": "ExplorerRun.0", "logFile": "/nethome/ccarpenter38/ECE4130_M/Project1/ECE6130_Updated/ECE6130_LAB/Cadence/logs_ccarpenter38/logs0/Job19.log", "logFileSize": "49615", "category": "simulation"}
[2024-11-20 14:00:24.590 -0500] [EVENT] [cadence.virtuoso.ade.simulationMonitor] - NewPoint {"history": "ExplorerRun.0", "point": 1, "testname": "ECE4130_Project_senseAmplifier_1", "cornername": "Nominal", "event": "NewPoint", "EventSource": "spectre", "HistoryName": "ExplorerRun.0", "logFile": "/nethome/ccarpenter38/simulation/ECE4130_Project/senseAmplifier/maestro/results/maestro/ExplorerRun.0/1/ECE4130_Project_senseAmplifier_1/psf/spectre.out", "logFileSize": "-1", "category": "simulation"}
[2024-11-20 14:00:24.843 -0500] [PROCESS] [cadence.virtuoso.ade.simulationMonitor] - Simulator launched {"hostname": "ece-linlabsrv01.ece.gatech.edu", "processid": 1099888, "history": "ExplorerRun.0", "testname": "ECE4130_Project_senseAmplifier_1", "cornername": "Nominal", "point": 1, "logfile": "/nethome/ccarpenter38/ECE4130_M/Project1/ECE6130_Updated/ECE6130_LAB/Cadence/logs_ccarpenter38/logs0/Job19.log", "simid": "4", "event": "launch", "category": "simulation"}
[2024-11-20 14:00:24.846 -0500] [PROCESS] [cadence.virtuoso.ade.simulationMonitor] - Expression evaluator launched {"hostname": "ece-linlabsrv01.ece.gatech.edu", "processid": 1099888, "history": "ExplorerRun.0", "testname": "ECE4130_Project_senseAmplifier_1", "cornername": "Nominal", "point": 1, "logfile": "/nethome/ccarpenter38/ECE4130_M/Project1/ECE6130_Updated/ECE6130_LAB/Cadence/logs_ccarpenter38/logs0/Job19.log"}
[2024-11-20 14:00:25.676 -0500] [PROCESS] [cadence.virtuoso.ade.simulationMonitor] - Started Simulation {"hostname": "ece-linlabsrv01.ece.gatech.edu", "processid": 1099888, "history": "ExplorerRun.0", "testname": "ECE4130_Project_senseAmplifier_1", "cornername": "Nominal", "point": 1, "logfile": "/nethome/ccarpenter38/ECE4130_M/Project1/ECE6130_Updated/ECE6130_LAB/Cadence/logs_ccarpenter38/logs0/Job19.log", "event": "start", "category": "simulation"}
[2024-11-20 14:00:26.176 -0500] [INFO] [cadence.virtuoso.ade.simulationMonitor] - Peak resident memory used = 163 Mbytes. {"history": "ExplorerRun.0", "point": 1, "testname": "ECE4130_Project_senseAmplifier_1", "cornername": "Nominal"}
[2024-11-20 14:00:26.177 -0500] [INFO] [cadence.virtuoso.ade.simulationMonitor] - Peak resident memory used = 171 Mbytes. {"history": "ExplorerRun.0", "point": 1, "testname": "ECE4130_Project_senseAmplifier_1", "cornername": "Nominal"}
[2024-11-20 14:00:26.177 -0500] [INFO] [cadence.virtuoso.ade.simulationMonitor] - Notice from spectre during hierarchy flattening.
    The value 'psf' specified for the 'checklimitdest' option will no longer be supported in future releases. Use 'spectre -h' to see other recommended values for the 'checklimitdest' option. {"history": "ExplorerRun.0", "point": 1, "testname": "ECE4130_Project_senseAmplifier_1", "cornername": "Nominal"}
[2024-11-20 14:00:26.177 -0500] [INFO] [cadence.virtuoso.ade.simulationMonitor] - Peak resident memory used = 171 Mbytes. {"history": "ExplorerRun.0", "point": 1, "testname": "ECE4130_Project_senseAmplifier_1", "cornername": "Nominal"}
[2024-11-20 14:00:26.177 -0500] [INFO] [cadence.virtuoso.ade.simulationMonitor] - Notice from spectre during initial setup.
    Multithreading is disabled due to the size of the design being too small. {"history": "ExplorerRun.0", "point": 1, "testname": "ECE4130_Project_senseAmplifier_1", "cornername": "Nominal"}
[2024-11-20 14:00:26.181 -0500] [INFO] [cadence.virtuoso.ade.simulationMonitor] -               nodes 13 {"history": "ExplorerRun.0", "point": 1, "testname": "ECE4130_Project_senseAmplifier_1", "cornername": "Nominal"}
[2024-11-20 14:00:26.181 -0500] [INFO] [cadence.virtuoso.ade.simulationMonitor] - Notice from spectre during initial setup.
    Protected devices exist and are not included in the circuit inventory.
    APS enabled. {"history": "ExplorerRun.0", "point": 1, "testname": "ECE4130_Project_senseAmplifier_1", "cornername": "Nominal"}
[2024-11-20 14:00:26.181 -0500] [INFO] [cadence.virtuoso.ade.simulationMonitor] - Peak resident memory used = 175 Mbytes. {"history": "ExplorerRun.0", "point": 1, "testname": "ECE4130_Project_senseAmplifier_1", "cornername": "Nominal"}
[2024-11-20 14:00:26.182 -0500] [INFO] [cadence.virtuoso.ade.simulationMonitor] -    -   (APS) Multi-threading. The recommended number of threads is 1, consider adding +mt=1 on command line. {"history": "ExplorerRun.0", "point": 1, "testname": "ECE4130_Project_senseAmplifier_1", "cornername": "Nominal"}
[2024-11-20 14:00:26.182 -0500] [INFO] [cadence.virtuoso.ade.simulationMonitor] - Notice from spectre during IC analysis, during transient analysis `tran'.
    GminDC = 1 pS is large enough to noticeably affect the DC solution.
        dV(I5.net4) = 61.8251 uV
        Use the `gmin_check' option to eliminate or expand this report.
    Bad pivoting is found during DC analysis. Option dc_pivot_check=yes is recommended for possible improvement of convergence. {"history": "ExplorerRun.0", "point": 1, "testname": "ECE4130_Project_senseAmplifier_1", "cornername": "Nominal"}
[2024-11-20 14:00:26.182 -0500] [INFO] [cadence.virtuoso.ade.simulationMonitor] - Notice from spectre during transient analysis `tran'.
    Multithreading is disabled due to the size of the design being too small. {"history": "ExplorerRun.0", "point": 1, "testname": "ECE4130_Project_senseAmplifier_1", "cornername": "Nominal"}
[2024-11-20 14:00:26.183 -0500] [INFO] [cadence.virtuoso.ade.simulationMonitor] - Intrinsic tran analysis time:    CPU = 78.72 ms, elapsed = 85.5272 ms. {"history": "ExplorerRun.0", "point": 1, "testname": "ECE4130_Project_senseAmplifier_1", "cornername": "Nominal"}
[2024-11-20 14:00:26.183 -0500] [INFO] [cadence.virtuoso.ade.simulationMonitor] - Total time required for tran analysis `tran': CPU = 91.261 ms, elapsed = 100.314 ms, util. = 91%. {"history": "ExplorerRun.0", "point": 1, "testname": "ECE4130_Project_senseAmplifier_1", "cornername": "Nominal"}
[2024-11-20 14:00:26.183 -0500] [INFO] [cadence.virtuoso.ade.simulationMonitor] - Peak resident memory used = 182 Mbytes. {"history": "ExplorerRun.0", "point": 1, "testname": "ECE4130_Project_senseAmplifier_1", "cornername": "Nominal"}
[2024-11-20 14:00:26.184 -0500] [INFO] [cadence.virtuoso.ade.simulationMonitor] - Time used: CPU = 438 ms, elapsed = 577 ms, util. = 75.9%. {"history": "ExplorerRun.0", "point": 1, "testname": "ECE4130_Project_senseAmplifier_1", "cornername": "Nominal"}
[2024-11-20 14:00:26.184 -0500] [INFO] [cadence.virtuoso.ade.simulationMonitor] - Time spent in licensing: elapsed = 49 ms, percentage of total = 8.49%. {"history": "ExplorerRun.0", "point": 1, "testname": "ECE4130_Project_senseAmplifier_1", "cornername": "Nominal"}
[2024-11-20 14:00:26.185 -0500] [INFO] [cadence.virtuoso.ade.simulationMonitor] - Peak memory used = 184 Mbytes. {"history": "ExplorerRun.0", "point": 1, "testname": "ECE4130_Project_senseAmplifier_1", "cornername": "Nominal"}
[2024-11-20 14:00:26.187 -0500] [PROCESS] [cadence.virtuoso.ade.simulationMonitor] - Simulation started at: 2:00:25 PM, Wed Nov 20, 2024, ended at: 2:00:25 PM, Wed Nov 20, 2024, with elapsed time (wall clock): 577 ms. {"history": "ExplorerRun.0", "point": 1, "testname": "ECE4130_Project_senseAmplifier_1", "cornername": "Nominal"}
[2024-11-20 14:00:26.187 -0500] [PROCESS] [cadence.virtuoso.ade.simulationMonitor] - spectre completes with 0 errors, 0 warnings, and 8 notices. {"history": "ExplorerRun.0", "point": 1, "testname": "ECE4130_Project_senseAmplifier_1", "cornername": "Nominal"}
[2024-11-20 14:00:26.187 -0500] [PROCESS] [cadence.virtuoso.ade.simulationMonitor] - Finished simulating for one point {"hostname": "ece-linlabsrv01.ece.gatech.edu", "processid": 1099888, "history": "ExplorerRun.0", "testname": "ECE4130_Project_senseAmplifier_1", "cornername": "Nominal", "point": 1, "logfile": "/nethome/ccarpenter38/ECE4130_M/Project1/ECE6130_Updated/ECE6130_LAB/Cadence/logs_ccarpenter38/logs0/Job19.log", "simid": "4", "event": "finish", "category": "simulation"}
[2024-11-20 14:00:26.187 -0500] [PROCESS] [cadence.virtuoso.ade.simulationMonitor] - Simulator exited {"hostname": "ece-linlabsrv01.ece.gatech.edu", "processid": 1099888, "history": "ExplorerRun.0", "testname": "ECE4130_Project_senseAmplifier_1", "cornername": "Nominal", "point": 1, "logfile": "/nethome/ccarpenter38/ECE4130_M/Project1/ECE6130_Updated/ECE6130_LAB/Cadence/logs_ccarpenter38/logs0/Job19.log", "exitStatus": "0"}
[2024-11-20 14:00:26.187 -0500] [PROCESS] [cadence.virtuoso.ade.simulationMonitor] - Finished Simulation {"hostname": "ece-linlabsrv01.ece.gatech.edu", "processid": 1099888, "history": "ExplorerRun.0", "testname": "ECE4130_Project_senseAmplifier_1", "cornername": "Nominal", "point": 1, "logfile": "/nethome/ccarpenter38/ECE4130_M/Project1/ECE6130_Updated/ECE6130_LAB/Cadence/logs_ccarpenter38/logs0/Job19.log", "simid": "4", "event": "finish", "category": "obsolete"}
[2024-11-20 14:00:30.191 -0500] [PROCESS] [cadence.virtuoso.ade.simulationMonitor] - Point Finished {"hostname": "ece-linlabsrv01.ece.gatech.edu", "processid": 1099888, "history": "ExplorerRun.0", "testname": "ECE4130_Project_senseAmplifier_1", "cornername": "Nominal", "point": 1, "logfile": "/nethome/ccarpenter38/ECE4130_M/Project1/ECE6130_Updated/ECE6130_LAB/Cadence/logs_ccarpenter38/logs0/Job19.log", "event": "finish", "category": "sim-eval"}
[2024-11-20 14:00:31.192 -0500] [PROCESS] [cadence.virtuoso.ade.simulationMonitor] - Stay with the runId '5', Linger time '300', currentRunSyn '11', currentTestSyn '12' {"hostname": "ece-linlabsrv01.ece.gatech.edu", "processid": 1099888, "history": "ExplorerRun.0", "testname": "ECE4130_Project_senseAmplifier_1", "cornername": "Nominal", "point": 1, "logfile": "/nethome/ccarpenter38/ECE4130_M/Project1/ECE6130_Updated/ECE6130_LAB/Cadence/logs_ccarpenter38/logs0/Job19.log"}
[2024-11-20 14:00:32.193 -0500] [PROCESS] [cadence.virtuoso.ade.simulationMonitor] - Stay with the runId '5', Linger time '300', currentRunSyn '11', currentTestSyn '12' {"hostname": "ece-linlabsrv01.ece.gatech.edu", "processid": 1099888, "history": "ExplorerRun.0", "testname": "ECE4130_Project_senseAmplifier_1", "cornername": "Nominal", "point": 1, "logfile": "/nethome/ccarpenter38/ECE4130_M/Project1/ECE6130_Updated/ECE6130_LAB/Cadence/logs_ccarpenter38/logs0/Job19.log"}
[2024-11-20 14:00:33.193 -0500] [PROCESS] [cadence.virtuoso.ade.simulationMonitor] - Stay with the runId '5', Linger time '300', currentRunSyn '11', currentTestSyn '12' {"hostname": "ece-linlabsrv01.ece.gatech.edu", "processid": 1099888, "history": "ExplorerRun.0", "testname": "ECE4130_Project_senseAmplifier_1", "cornername": "Nominal", "point": 1, "logfile": "/nethome/ccarpenter38/ECE4130_M/Project1/ECE6130_Updated/ECE6130_LAB/Cadence/logs_ccarpenter38/logs0/Job19.log"}
[2024-11-20 14:00:34.193 -0500] [PROCESS] [cadence.virtuoso.ade.simulationMonitor] - Stay with the runId '5', Linger time '300', currentRunSyn '11', currentTestSyn '12' {"hostname": "ece-linlabsrv01.ece.gatech.edu", "processid": 1099888, "history": "ExplorerRun.0", "testname": "ECE4130_Project_senseAmplifier_1", "cornername": "Nominal", "point": 1, "logfile": "/nethome/ccarpenter38/ECE4130_M/Project1/ECE6130_Updated/ECE6130_LAB/Cadence/logs_ccarpenter38/logs0/Job19.log"}
[2024-11-20 14:00:35.194 -0500] [PROCESS] [cadence.virtuoso.ade.simulationMonitor] - Stay with the runId '5', Linger time '300', currentRunSyn '11', currentTestSyn '12' {"hostname": "ece-linlabsrv01.ece.gatech.edu", "processid": 1099888, "history": "ExplorerRun.0", "testname": "ECE4130_Project_senseAmplifier_1", "cornername": "Nominal", "point": 1, "logfile": "/nethome/ccarpenter38/ECE4130_M/Project1/ECE6130_Updated/ECE6130_LAB/Cadence/logs_ccarpenter38/logs0/Job19.log"}
[2024-11-20 14:00:36.195 -0500] [PROCESS] [cadence.virtuoso.ade.simulationMonitor] - Stay with the runId '5', Linger time '300', currentRunSyn '11', currentTestSyn '12' {"hostname": "ece-linlabsrv01.ece.gatech.edu", "processid": 1099888, "history": "ExplorerRun.0", "testname": "ECE4130_Project_senseAmplifier_1", "cornername": "Nominal", "point": 1, "logfile": "/nethome/ccarpenter38/ECE4130_M/Project1/ECE6130_Updated/ECE6130_LAB/Cadence/logs_ccarpenter38/logs0/Job19.log"}
[2024-11-20 14:00:37.195 -0500] [PROCESS] [cadence.virtuoso.ade.simulationMonitor] - Stay with the runId '5', Linger time '300', currentRunSyn '11', currentTestSyn '12' {"hostname": "ece-linlabsrv01.ece.gatech.edu", "processid": 1099888, "history": "ExplorerRun.0", "testname": "ECE4130_Project_senseAmplifier_1", "cornername": "Nominal", "point": 1, "logfile": "/nethome/ccarpenter38/ECE4130_M/Project1/ECE6130_Updated/ECE6130_LAB/Cadence/logs_ccarpenter38/logs0/Job19.log"}
[2024-11-20 14:00:38.196 -0500] [PROCESS] [cadence.virtuoso.ade.simulationMonitor] - Stay with the runId '5', Linger time '300', currentRunSyn '11', currentTestSyn '12' {"hostname": "ece-linlabsrv01.ece.gatech.edu", "processid": 1099888, "history": "ExplorerRun.0", "testname": "ECE4130_Project_senseAmplifier_1", "cornername": "Nominal", "point": 1, "logfile": "/nethome/ccarpenter38/ECE4130_M/Project1/ECE6130_Updated/ECE6130_LAB/Cadence/logs_ccarpenter38/logs0/Job19.log"}
[2024-11-20 14:02:30.464 -0500] [INFO] [cadence.virtuoso.ade.simulationMonitor] - SimulationMonitor has terminated the vds process '1141714', reason: 'Force to stop the expression evalutor process because of new run' {"history": "ExplorerRun.0", "point": 1, "testname": "ECE4130_Project_senseAmplifier_1", "cornername": "Nominal"}
[2024-11-20 14:02:30.465 -0500] [PROCESS] [cadence.virtuoso.ade.simulationMonitor] - HostInfo:
Host name (type):	ece-linlabsrv01.ece.gatech.edu (x86_64)
Operating system:	Linux 4.18.0-553.22.1.el8_10.x86_64 #1 SMP Wed Sep 11 18:02:00 EDT 2024 {"hostname": "ece-linlabsrv01.ece.gatech.edu", "processid": 1099888, "history": "ExplorerRun.0", "testname": "ECE4130_Project_senseAmplifier_1", "cornername": "Nominal", "point": 1, "logfile": "/nethome/ccarpenter38/ECE4130_M/Project1/ECE6130_Updated/ECE6130_LAB/Cadence/logs_ccarpenter38/logs0/Job19.log", "nodename": "ece-linlabsrv01.ece.gatech.edu", "domainname": "(none)", "machine": "x86_64", "sysname": "Linux", "release": "4.18.0-553.22.1.el8_10.x86_64", "version": "#1 SMP Wed Sep 11 18:02:00 EDT 2024"}
[2024-11-20 14:02:30.465 -0500] [PROCESS] [cadence.virtuoso.ade.simulationMonitor] - UsageInfo:
pid=1099888
totalPhysicalMemory=186.850815GB,Used=130.188305GB,totalVirtualMemory=250.850811GB,Used=152.491863GB
Cpu: Cores=112, Load average:2.280000,4.120000,6.480000 {"hostname": "ece-linlabsrv01.ece.gatech.edu", "processid": 1099888, "history": "ExplorerRun.0", "testname": "ECE4130_Project_senseAmplifier_1", "cornername": "Nominal", "point": 1, "logfile": "/nethome/ccarpenter38/ECE4130_M/Project1/ECE6130_Updated/ECE6130_LAB/Cadence/logs_ccarpenter38/logs0/Job19.log", "pid": "1099888", "totalPhysicalMemory": "186.850815", "physicalMemoryUsed": "130.188305", "totalVirtualMemory": "250.850811", "virtualMemoryUsed": "152.491863", "cpuCores": "112", "processes": "10465", "loadAverage1": "2.280000", "loadAverage5": "4.120000", "loadAverage15": "6.480000", "loadAverage1Percent": "0.020357"}
[2024-11-20 14:02:30.469 -0500] [EVENT] [cadence.virtuoso.ade.simulationMonitor] - NewPoint {"history": "ExplorerRun.0", "point": 1, "testname": "ECE4130_Project_senseAmplifier_1", "cornername": "Nominal", "event": "NewPoint", "EventSource": "Simulation Monitor", "HistoryName": "ExplorerRun.0", "logFile": "/nethome/ccarpenter38/ECE4130_M/Project1/ECE6130_Updated/ECE6130_LAB/Cadence/logs_ccarpenter38/logs0/Job19.log", "logFileSize": "65143", "category": "simulation"}
[2024-11-20 14:02:30.670 -0500] [EVENT] [cadence.virtuoso.ade.simulationMonitor] - NewPoint {"history": "ExplorerRun.0", "point": 1, "testname": "ECE4130_Project_senseAmplifier_1", "cornername": "Nominal", "event": "NewPoint", "EventSource": "spectre", "HistoryName": "ExplorerRun.0", "logFile": "/nethome/ccarpenter38/simulation/ECE4130_Project/senseAmplifier/maestro/results/maestro/ExplorerRun.0/1/ECE4130_Project_senseAmplifier_1/psf/spectre.out", "logFileSize": "-1", "category": "simulation"}
[2024-11-20 14:02:30.909 -0500] [PROCESS] [cadence.virtuoso.ade.simulationMonitor] - Simulator launched {"hostname": "ece-linlabsrv01.ece.gatech.edu", "processid": 1099888, "history": "ExplorerRun.0", "testname": "ECE4130_Project_senseAmplifier_1", "cornername": "Nominal", "point": 1, "logfile": "/nethome/ccarpenter38/ECE4130_M/Project1/ECE6130_Updated/ECE6130_LAB/Cadence/logs_ccarpenter38/logs0/Job19.log", "simid": "5", "event": "launch", "category": "simulation"}
[2024-11-20 14:02:30.913 -0500] [PROCESS] [cadence.virtuoso.ade.simulationMonitor] - Expression evaluator launched {"hostname": "ece-linlabsrv01.ece.gatech.edu", "processid": 1099888, "history": "ExplorerRun.0", "testname": "ECE4130_Project_senseAmplifier_1", "cornername": "Nominal", "point": 1, "logfile": "/nethome/ccarpenter38/ECE4130_M/Project1/ECE6130_Updated/ECE6130_LAB/Cadence/logs_ccarpenter38/logs0/Job19.log"}
[2024-11-20 14:02:31.779 -0500] [PROCESS] [cadence.virtuoso.ade.simulationMonitor] - Started Simulation {"hostname": "ece-linlabsrv01.ece.gatech.edu", "processid": 1099888, "history": "ExplorerRun.0", "testname": "ECE4130_Project_senseAmplifier_1", "cornername": "Nominal", "point": 1, "logfile": "/nethome/ccarpenter38/ECE4130_M/Project1/ECE6130_Updated/ECE6130_LAB/Cadence/logs_ccarpenter38/logs0/Job19.log", "event": "start", "category": "simulation"}
[2024-11-20 14:02:32.280 -0500] [INFO] [cadence.virtuoso.ade.simulationMonitor] - Peak resident memory used = 165 Mbytes. {"history": "ExplorerRun.0", "point": 1, "testname": "ECE4130_Project_senseAmplifier_1", "cornername": "Nominal"}
[2024-11-20 14:02:32.280 -0500] [INFO] [cadence.virtuoso.ade.simulationMonitor] - Peak resident memory used = 173 Mbytes. {"history": "ExplorerRun.0", "point": 1, "testname": "ECE4130_Project_senseAmplifier_1", "cornername": "Nominal"}
[2024-11-20 14:02:32.280 -0500] [INFO] [cadence.virtuoso.ade.simulationMonitor] - Notice from spectre during hierarchy flattening.
    The value 'psf' specified for the 'checklimitdest' option will no longer be supported in future releases. Use 'spectre -h' to see other recommended values for the 'checklimitdest' option. {"history": "ExplorerRun.0", "point": 1, "testname": "ECE4130_Project_senseAmplifier_1", "cornername": "Nominal"}
[2024-11-20 14:02:32.280 -0500] [INFO] [cadence.virtuoso.ade.simulationMonitor] - Peak resident memory used = 173 Mbytes. {"history": "ExplorerRun.0", "point": 1, "testname": "ECE4130_Project_senseAmplifier_1", "cornername": "Nominal"}
[2024-11-20 14:02:32.280 -0500] [INFO] [cadence.virtuoso.ade.simulationMonitor] - Notice from spectre during initial setup.
    Multithreading is disabled due to the size of the design being too small. {"history": "ExplorerRun.0", "point": 1, "testname": "ECE4130_Project_senseAmplifier_1", "cornername": "Nominal"}
[2024-11-20 14:02:32.285 -0500] [INFO] [cadence.virtuoso.ade.simulationMonitor] -               nodes 13 {"history": "ExplorerRun.0", "point": 1, "testname": "ECE4130_Project_senseAmplifier_1", "cornername": "Nominal"}
[2024-11-20 14:02:32.285 -0500] [INFO] [cadence.virtuoso.ade.simulationMonitor] - Notice from spectre during initial setup.
    Protected devices exist and are not included in the circuit inventory.
    APS enabled. {"history": "ExplorerRun.0", "point": 1, "testname": "ECE4130_Project_senseAmplifier_1", "cornername": "Nominal"}
[2024-11-20 14:02:32.285 -0500] [INFO] [cadence.virtuoso.ade.simulationMonitor] - Peak resident memory used = 177 Mbytes. {"history": "ExplorerRun.0", "point": 1, "testname": "ECE4130_Project_senseAmplifier_1", "cornername": "Nominal"}
[2024-11-20 14:02:32.286 -0500] [INFO] [cadence.virtuoso.ade.simulationMonitor] -    -   (APS) Multi-threading. The recommended number of threads is 1, consider adding +mt=1 on command line. {"history": "ExplorerRun.0", "point": 1, "testname": "ECE4130_Project_senseAmplifier_1", "cornername": "Nominal"}
[2024-11-20 14:02:32.286 -0500] [INFO] [cadence.virtuoso.ade.simulationMonitor] - Notice from spectre during IC analysis, during transient analysis `tran'.
    GminDC = 1 pS is large enough to noticeably affect the DC solution.
        dV(I5.net4) = 53.4092 uV
        Use the `gmin_check' option to eliminate or expand this report. {"history": "ExplorerRun.0", "point": 1, "testname": "ECE4130_Project_senseAmplifier_1", "cornername": "Nominal"}
[2024-11-20 14:02:32.286 -0500] [INFO] [cadence.virtuoso.ade.simulationMonitor] - Notice from spectre during transient analysis `tran'.
    Multithreading is disabled due to the size of the design being too small. {"history": "ExplorerRun.0", "point": 1, "testname": "ECE4130_Project_senseAmplifier_1", "cornername": "Nominal"}
[2024-11-20 14:02:32.287 -0500] [INFO] [cadence.virtuoso.ade.simulationMonitor] - Intrinsic tran analysis time:    CPU = 58.402 ms, elapsed = 66.2858 ms. {"history": "ExplorerRun.0", "point": 1, "testname": "ECE4130_Project_senseAmplifier_1", "cornername": "Nominal"}
[2024-11-20 14:02:32.287 -0500] [INFO] [cadence.virtuoso.ade.simulationMonitor] - Total time required for tran analysis `tran': CPU = 70.922 ms, elapsed = 80.709 ms, util. = 87.9%. {"history": "ExplorerRun.0", "point": 1, "testname": "ECE4130_Project_senseAmplifier_1", "cornername": "Nominal"}
[2024-11-20 14:02:32.287 -0500] [INFO] [cadence.virtuoso.ade.simulationMonitor] - Peak resident memory used = 183 Mbytes. {"history": "ExplorerRun.0", "point": 1, "testname": "ECE4130_Project_senseAmplifier_1", "cornername": "Nominal"}
[2024-11-20 14:02:32.288 -0500] [INFO] [cadence.virtuoso.ade.simulationMonitor] - Time used: CPU = 407 ms, elapsed = 557 ms, util. = 73.2%. {"history": "ExplorerRun.0", "point": 1, "testname": "ECE4130_Project_senseAmplifier_1", "cornername": "Nominal"}
[2024-11-20 14:02:32.289 -0500] [INFO] [cadence.virtuoso.ade.simulationMonitor] - Time spent in licensing: elapsed = 49.3 ms, percentage of total = 8.86%. {"history": "ExplorerRun.0", "point": 1, "testname": "ECE4130_Project_senseAmplifier_1", "cornername": "Nominal"}
[2024-11-20 14:02:32.289 -0500] [INFO] [cadence.virtuoso.ade.simulationMonitor] - Peak memory used = 185 Mbytes. {"history": "ExplorerRun.0", "point": 1, "testname": "ECE4130_Project_senseAmplifier_1", "cornername": "Nominal"}
[2024-11-20 14:02:32.292 -0500] [PROCESS] [cadence.virtuoso.ade.simulationMonitor] - Simulation started at: 2:02:31 PM, Wed Nov 20, 2024, ended at: 2:02:31 PM, Wed Nov 20, 2024, with elapsed time (wall clock): 557 ms. {"history": "ExplorerRun.0", "point": 1, "testname": "ECE4130_Project_senseAmplifier_1", "cornername": "Nominal"}
[2024-11-20 14:02:32.292 -0500] [PROCESS] [cadence.virtuoso.ade.simulationMonitor] - spectre completes with 0 errors, 0 warnings, and 7 notices. {"history": "ExplorerRun.0", "point": 1, "testname": "ECE4130_Project_senseAmplifier_1", "cornername": "Nominal"}
[2024-11-20 14:02:32.292 -0500] [PROCESS] [cadence.virtuoso.ade.simulationMonitor] - Finished simulating for one point {"hostname": "ece-linlabsrv01.ece.gatech.edu", "processid": 1099888, "history": "ExplorerRun.0", "testname": "ECE4130_Project_senseAmplifier_1", "cornername": "Nominal", "point": 1, "logfile": "/nethome/ccarpenter38/ECE4130_M/Project1/ECE6130_Updated/ECE6130_LAB/Cadence/logs_ccarpenter38/logs0/Job19.log", "simid": "5", "event": "finish", "category": "simulation"}
[2024-11-20 14:02:32.292 -0500] [PROCESS] [cadence.virtuoso.ade.simulationMonitor] - Simulator exited {"hostname": "ece-linlabsrv01.ece.gatech.edu", "processid": 1099888, "history": "ExplorerRun.0", "testname": "ECE4130_Project_senseAmplifier_1", "cornername": "Nominal", "point": 1, "logfile": "/nethome/ccarpenter38/ECE4130_M/Project1/ECE6130_Updated/ECE6130_LAB/Cadence/logs_ccarpenter38/logs0/Job19.log", "exitStatus": "0"}
[2024-11-20 14:02:32.292 -0500] [PROCESS] [cadence.virtuoso.ade.simulationMonitor] - Finished Simulation {"hostname": "ece-linlabsrv01.ece.gatech.edu", "processid": 1099888, "history": "ExplorerRun.0", "testname": "ECE4130_Project_senseAmplifier_1", "cornername": "Nominal", "point": 1, "logfile": "/nethome/ccarpenter38/ECE4130_M/Project1/ECE6130_Updated/ECE6130_LAB/Cadence/logs_ccarpenter38/logs0/Job19.log", "simid": "5", "event": "finish", "category": "obsolete"}
[2024-11-20 14:02:36.297 -0500] [PROCESS] [cadence.virtuoso.ade.simulationMonitor] - Point Finished {"hostname": "ece-linlabsrv01.ece.gatech.edu", "processid": 1099888, "history": "ExplorerRun.0", "testname": "ECE4130_Project_senseAmplifier_1", "cornername": "Nominal", "point": 1, "logfile": "/nethome/ccarpenter38/ECE4130_M/Project1/ECE6130_Updated/ECE6130_LAB/Cadence/logs_ccarpenter38/logs0/Job19.log", "event": "finish", "category": "sim-eval"}
[2024-11-20 14:02:37.299 -0500] [PROCESS] [cadence.virtuoso.ade.simulationMonitor] - Stay with the runId '6', Linger time '300', currentRunSyn '13', currentTestSyn '14' {"hostname": "ece-linlabsrv01.ece.gatech.edu", "processid": 1099888, "history": "ExplorerRun.0", "testname": "ECE4130_Project_senseAmplifier_1", "cornername": "Nominal", "point": 1, "logfile": "/nethome/ccarpenter38/ECE4130_M/Project1/ECE6130_Updated/ECE6130_LAB/Cadence/logs_ccarpenter38/logs0/Job19.log"}
[2024-11-20 14:02:38.299 -0500] [PROCESS] [cadence.virtuoso.ade.simulationMonitor] - Stay with the runId '6', Linger time '300', currentRunSyn '13', currentTestSyn '14' {"hostname": "ece-linlabsrv01.ece.gatech.edu", "processid": 1099888, "history": "ExplorerRun.0", "testname": "ECE4130_Project_senseAmplifier_1", "cornername": "Nominal", "point": 1, "logfile": "/nethome/ccarpenter38/ECE4130_M/Project1/ECE6130_Updated/ECE6130_LAB/Cadence/logs_ccarpenter38/logs0/Job19.log"}
[2024-11-20 14:02:39.300 -0500] [PROCESS] [cadence.virtuoso.ade.simulationMonitor] - Stay with the runId '6', Linger time '300', currentRunSyn '13', currentTestSyn '14' {"hostname": "ece-linlabsrv01.ece.gatech.edu", "processid": 1099888, "history": "ExplorerRun.0", "testname": "ECE4130_Project_senseAmplifier_1", "cornername": "Nominal", "point": 1, "logfile": "/nethome/ccarpenter38/ECE4130_M/Project1/ECE6130_Updated/ECE6130_LAB/Cadence/logs_ccarpenter38/logs0/Job19.log"}
[2024-11-20 14:02:40.300 -0500] [PROCESS] [cadence.virtuoso.ade.simulationMonitor] - Stay with the runId '6', Linger time '300', currentRunSyn '13', currentTestSyn '14' {"hostname": "ece-linlabsrv01.ece.gatech.edu", "processid": 1099888, "history": "ExplorerRun.0", "testname": "ECE4130_Project_senseAmplifier_1", "cornername": "Nominal", "point": 1, "logfile": "/nethome/ccarpenter38/ECE4130_M/Project1/ECE6130_Updated/ECE6130_LAB/Cadence/logs_ccarpenter38/logs0/Job19.log"}
[2024-11-20 14:02:41.301 -0500] [PROCESS] [cadence.virtuoso.ade.simulationMonitor] - Stay with the runId '6', Linger time '300', currentRunSyn '13', currentTestSyn '14' {"hostname": "ece-linlabsrv01.ece.gatech.edu", "processid": 1099888, "history": "ExplorerRun.0", "testname": "ECE4130_Project_senseAmplifier_1", "cornername": "Nominal", "point": 1, "logfile": "/nethome/ccarpenter38/ECE4130_M/Project1/ECE6130_Updated/ECE6130_LAB/Cadence/logs_ccarpenter38/logs0/Job19.log"}
[2024-11-20 14:02:42.301 -0500] [PROCESS] [cadence.virtuoso.ade.simulationMonitor] - Stay with the runId '6', Linger time '300', currentRunSyn '13', currentTestSyn '14' {"hostname": "ece-linlabsrv01.ece.gatech.edu", "processid": 1099888, "history": "ExplorerRun.0", "testname": "ECE4130_Project_senseAmplifier_1", "cornername": "Nominal", "point": 1, "logfile": "/nethome/ccarpenter38/ECE4130_M/Project1/ECE6130_Updated/ECE6130_LAB/Cadence/logs_ccarpenter38/logs0/Job19.log"}
[2024-11-20 14:02:43.302 -0500] [PROCESS] [cadence.virtuoso.ade.simulationMonitor] - Stay with the runId '6', Linger time '300', currentRunSyn '13', currentTestSyn '14' {"hostname": "ece-linlabsrv01.ece.gatech.edu", "processid": 1099888, "history": "ExplorerRun.0", "testname": "ECE4130_Project_senseAmplifier_1", "cornername": "Nominal", "point": 1, "logfile": "/nethome/ccarpenter38/ECE4130_M/Project1/ECE6130_Updated/ECE6130_LAB/Cadence/logs_ccarpenter38/logs0/Job19.log"}
[2024-11-20 14:02:44.302 -0500] [PROCESS] [cadence.virtuoso.ade.simulationMonitor] - Stay with the runId '6', Linger time '300', currentRunSyn '13', currentTestSyn '14' {"hostname": "ece-linlabsrv01.ece.gatech.edu", "processid": 1099888, "history": "ExplorerRun.0", "testname": "ECE4130_Project_senseAmplifier_1", "cornername": "Nominal", "point": 1, "logfile": "/nethome/ccarpenter38/ECE4130_M/Project1/ECE6130_Updated/ECE6130_LAB/Cadence/logs_ccarpenter38/logs0/Job19.log"}
[2024-11-20 14:04:36.285 -0500] [INFO] [cadence.virtuoso.ade.simulationMonitor] - SimulationMonitor has terminated the vds process '1156784', reason: 'Force to stop the expression evalutor process because of new run' {"history": "ExplorerRun.0", "point": 1, "testname": "ECE4130_Project_senseAmplifier_1", "cornername": "Nominal"}
[2024-11-20 14:04:36.288 -0500] [PROCESS] [cadence.virtuoso.ade.simulationMonitor] - HostInfo:
Host name (type):	ece-linlabsrv01.ece.gatech.edu (x86_64)
Operating system:	Linux 4.18.0-553.22.1.el8_10.x86_64 #1 SMP Wed Sep 11 18:02:00 EDT 2024 {"hostname": "ece-linlabsrv01.ece.gatech.edu", "processid": 1099888, "history": "ExplorerRun.0", "testname": "ECE4130_Project_senseAmplifier_1", "cornername": "Nominal", "point": 1, "logfile": "/nethome/ccarpenter38/ECE4130_M/Project1/ECE6130_Updated/ECE6130_LAB/Cadence/logs_ccarpenter38/logs0/Job19.log", "nodename": "ece-linlabsrv01.ece.gatech.edu", "domainname": "(none)", "machine": "x86_64", "sysname": "Linux", "release": "4.18.0-553.22.1.el8_10.x86_64", "version": "#1 SMP Wed Sep 11 18:02:00 EDT 2024"}
[2024-11-20 14:04:36.288 -0500] [PROCESS] [cadence.virtuoso.ade.simulationMonitor] - UsageInfo:
pid=1099888
totalPhysicalMemory=186.850815GB,Used=130.510216GB,totalVirtualMemory=250.850811GB,Used=152.813774GB
Cpu: Cores=112, Load average:1.490000,3.120000,5.810000 {"hostname": "ece-linlabsrv01.ece.gatech.edu", "processid": 1099888, "history": "ExplorerRun.0", "testname": "ECE4130_Project_senseAmplifier_1", "cornername": "Nominal", "point": 1, "logfile": "/nethome/ccarpenter38/ECE4130_M/Project1/ECE6130_Updated/ECE6130_LAB/Cadence/logs_ccarpenter38/logs0/Job19.log", "pid": "1099888", "totalPhysicalMemory": "186.850815", "physicalMemoryUsed": "130.510216", "totalVirtualMemory": "250.850811", "virtualMemoryUsed": "152.813774", "cpuCores": "112", "processes": "10712", "loadAverage1": "1.490000", "loadAverage5": "3.120000", "loadAverage15": "5.810000", "loadAverage1Percent": "0.013304"}
[2024-11-20 14:04:36.292 -0500] [EVENT] [cadence.virtuoso.ade.simulationMonitor] - NewPoint {"history": "ExplorerRun.0", "point": 1, "testname": "ECE4130_Project_senseAmplifier_1", "cornername": "Nominal", "event": "NewPoint", "EventSource": "Simulation Monitor", "HistoryName": "ExplorerRun.0", "logFile": "/nethome/ccarpenter38/ECE4130_M/Project1/ECE6130_Updated/ECE6130_LAB/Cadence/logs_ccarpenter38/logs0/Job19.log", "logFileSize": "80547", "category": "simulation"}
[2024-11-20 14:04:36.494 -0500] [EVENT] [cadence.virtuoso.ade.simulationMonitor] - NewPoint {"history": "ExplorerRun.0", "point": 1, "testname": "ECE4130_Project_senseAmplifier_1", "cornername": "Nominal", "event": "NewPoint", "EventSource": "spectre", "HistoryName": "ExplorerRun.0", "logFile": "/nethome/ccarpenter38/simulation/ECE4130_Project/senseAmplifier/maestro/results/maestro/ExplorerRun.0/1/ECE4130_Project_senseAmplifier_1/psf/spectre.out", "logFileSize": "-1", "category": "simulation"}
[2024-11-20 14:04:36.755 -0500] [PROCESS] [cadence.virtuoso.ade.simulationMonitor] - Simulator launched {"hostname": "ece-linlabsrv01.ece.gatech.edu", "processid": 1099888, "history": "ExplorerRun.0", "testname": "ECE4130_Project_senseAmplifier_1", "cornername": "Nominal", "point": 1, "logfile": "/nethome/ccarpenter38/ECE4130_M/Project1/ECE6130_Updated/ECE6130_LAB/Cadence/logs_ccarpenter38/logs0/Job19.log", "simid": "6", "event": "launch", "category": "simulation"}
[2024-11-20 14:04:36.762 -0500] [PROCESS] [cadence.virtuoso.ade.simulationMonitor] - Expression evaluator launched {"hostname": "ece-linlabsrv01.ece.gatech.edu", "processid": 1099888, "history": "ExplorerRun.0", "testname": "ECE4130_Project_senseAmplifier_1", "cornername": "Nominal", "point": 1, "logfile": "/nethome/ccarpenter38/ECE4130_M/Project1/ECE6130_Updated/ECE6130_LAB/Cadence/logs_ccarpenter38/logs0/Job19.log"}
[2024-11-20 14:04:37.720 -0500] [PROCESS] [cadence.virtuoso.ade.simulationMonitor] - Started Simulation {"hostname": "ece-linlabsrv01.ece.gatech.edu", "processid": 1099888, "history": "ExplorerRun.0", "testname": "ECE4130_Project_senseAmplifier_1", "cornername": "Nominal", "point": 1, "logfile": "/nethome/ccarpenter38/ECE4130_M/Project1/ECE6130_Updated/ECE6130_LAB/Cadence/logs_ccarpenter38/logs0/Job19.log", "event": "start", "category": "simulation"}
[2024-11-20 14:04:38.220 -0500] [INFO] [cadence.virtuoso.ade.simulationMonitor] - Peak resident memory used = 162 Mbytes. {"history": "ExplorerRun.0", "point": 1, "testname": "ECE4130_Project_senseAmplifier_1", "cornername": "Nominal"}
[2024-11-20 14:04:38.220 -0500] [INFO] [cadence.virtuoso.ade.simulationMonitor] - Peak resident memory used = 170 Mbytes. {"history": "ExplorerRun.0", "point": 1, "testname": "ECE4130_Project_senseAmplifier_1", "cornername": "Nominal"}
[2024-11-20 14:04:38.220 -0500] [INFO] [cadence.virtuoso.ade.simulationMonitor] - Notice from spectre during hierarchy flattening.
    The value 'psf' specified for the 'checklimitdest' option will no longer be supported in future releases. Use 'spectre -h' to see other recommended values for the 'checklimitdest' option. {"history": "ExplorerRun.0", "point": 1, "testname": "ECE4130_Project_senseAmplifier_1", "cornername": "Nominal"}
[2024-11-20 14:04:38.220 -0500] [INFO] [cadence.virtuoso.ade.simulationMonitor] - Peak resident memory used = 170 Mbytes. {"history": "ExplorerRun.0", "point": 1, "testname": "ECE4130_Project_senseAmplifier_1", "cornername": "Nominal"}
[2024-11-20 14:04:38.220 -0500] [INFO] [cadence.virtuoso.ade.simulationMonitor] - Notice from spectre during initial setup.
    Multithreading is disabled due to the size of the design being too small. {"history": "ExplorerRun.0", "point": 1, "testname": "ECE4130_Project_senseAmplifier_1", "cornername": "Nominal"}
[2024-11-20 14:04:38.225 -0500] [INFO] [cadence.virtuoso.ade.simulationMonitor] -               nodes 13 {"history": "ExplorerRun.0", "point": 1, "testname": "ECE4130_Project_senseAmplifier_1", "cornername": "Nominal"}
[2024-11-20 14:04:38.225 -0500] [INFO] [cadence.virtuoso.ade.simulationMonitor] - Notice from spectre during initial setup.
    Protected devices exist and are not included in the circuit inventory.
    APS enabled. {"history": "ExplorerRun.0", "point": 1, "testname": "ECE4130_Project_senseAmplifier_1", "cornername": "Nominal"}
[2024-11-20 14:04:38.225 -0500] [INFO] [cadence.virtuoso.ade.simulationMonitor] - Peak resident memory used = 174 Mbytes. {"history": "ExplorerRun.0", "point": 1, "testname": "ECE4130_Project_senseAmplifier_1", "cornername": "Nominal"}
[2024-11-20 14:04:38.226 -0500] [INFO] [cadence.virtuoso.ade.simulationMonitor] -    -   (APS) Multi-threading. The recommended number of threads is 1, consider adding +mt=1 on command line. {"history": "ExplorerRun.0", "point": 1, "testname": "ECE4130_Project_senseAmplifier_1", "cornername": "Nominal"}
[2024-11-20 14:04:38.226 -0500] [INFO] [cadence.virtuoso.ade.simulationMonitor] - Notice from spectre during IC analysis, during transient analysis `tran'.
    GminDC = 1 pS is large enough to noticeably affect the DC solution.
        dV(I5.net4) = 49.0447 uV
        Use the `gmin_check' option to eliminate or expand this report. {"history": "ExplorerRun.0", "point": 1, "testname": "ECE4130_Project_senseAmplifier_1", "cornername": "Nominal"}
[2024-11-20 14:04:38.226 -0500] [INFO] [cadence.virtuoso.ade.simulationMonitor] - Notice from spectre during transient analysis `tran'.
    Multithreading is disabled due to the size of the design being too small. {"history": "ExplorerRun.0", "point": 1, "testname": "ECE4130_Project_senseAmplifier_1", "cornername": "Nominal"}
[2024-11-20 14:04:38.227 -0500] [INFO] [cadence.virtuoso.ade.simulationMonitor] - Intrinsic tran analysis time:    CPU = 67.559 ms, elapsed = 78.1319 ms. {"history": "ExplorerRun.0", "point": 1, "testname": "ECE4130_Project_senseAmplifier_1", "cornername": "Nominal"}
[2024-11-20 14:04:38.227 -0500] [INFO] [cadence.virtuoso.ade.simulationMonitor] - Total time required for tran analysis `tran': CPU = 78.934 ms, elapsed = 91.85 ms, util. = 85.9%. {"history": "ExplorerRun.0", "point": 1, "testname": "ECE4130_Project_senseAmplifier_1", "cornername": "Nominal"}
[2024-11-20 14:04:38.227 -0500] [INFO] [cadence.virtuoso.ade.simulationMonitor] - Peak resident memory used = 181 Mbytes. {"history": "ExplorerRun.0", "point": 1, "testname": "ECE4130_Project_senseAmplifier_1", "cornername": "Nominal"}
[2024-11-20 14:04:38.228 -0500] [INFO] [cadence.virtuoso.ade.simulationMonitor] - Time used: CPU = 417 ms, elapsed = 614 ms, util. = 68%. {"history": "ExplorerRun.0", "point": 1, "testname": "ECE4130_Project_senseAmplifier_1", "cornername": "Nominal"}
[2024-11-20 14:04:38.228 -0500] [INFO] [cadence.virtuoso.ade.simulationMonitor] - Time spent in licensing: elapsed = 56 ms, percentage of total = 9.13%. {"history": "ExplorerRun.0", "point": 1, "testname": "ECE4130_Project_senseAmplifier_1", "cornername": "Nominal"}
[2024-11-20 14:04:38.229 -0500] [INFO] [cadence.virtuoso.ade.simulationMonitor] - Peak memory used = 182 Mbytes. {"history": "ExplorerRun.0", "point": 1, "testname": "ECE4130_Project_senseAmplifier_1", "cornername": "Nominal"}
[2024-11-20 14:04:38.231 -0500] [PROCESS] [cadence.virtuoso.ade.simulationMonitor] - Simulation started at: 2:04:37 PM, Wed Nov 20, 2024, ended at: 2:04:37 PM, Wed Nov 20, 2024, with elapsed time (wall clock): 614 ms. {"history": "ExplorerRun.0", "point": 1, "testname": "ECE4130_Project_senseAmplifier_1", "cornername": "Nominal"}
[2024-11-20 14:04:38.231 -0500] [PROCESS] [cadence.virtuoso.ade.simulationMonitor] - spectre completes with 0 errors, 0 warnings, and 7 notices. {"history": "ExplorerRun.0", "point": 1, "testname": "ECE4130_Project_senseAmplifier_1", "cornername": "Nominal"}
[2024-11-20 14:04:38.232 -0500] [PROCESS] [cadence.virtuoso.ade.simulationMonitor] - Finished simulating for one point {"hostname": "ece-linlabsrv01.ece.gatech.edu", "processid": 1099888, "history": "ExplorerRun.0", "testname": "ECE4130_Project_senseAmplifier_1", "cornername": "Nominal", "point": 1, "logfile": "/nethome/ccarpenter38/ECE4130_M/Project1/ECE6130_Updated/ECE6130_LAB/Cadence/logs_ccarpenter38/logs0/Job19.log", "simid": "6", "event": "finish", "category": "simulation"}
[2024-11-20 14:04:38.232 -0500] [PROCESS] [cadence.virtuoso.ade.simulationMonitor] - Simulator exited {"hostname": "ece-linlabsrv01.ece.gatech.edu", "processid": 1099888, "history": "ExplorerRun.0", "testname": "ECE4130_Project_senseAmplifier_1", "cornername": "Nominal", "point": 1, "logfile": "/nethome/ccarpenter38/ECE4130_M/Project1/ECE6130_Updated/ECE6130_LAB/Cadence/logs_ccarpenter38/logs0/Job19.log", "exitStatus": "0"}
[2024-11-20 14:04:38.232 -0500] [PROCESS] [cadence.virtuoso.ade.simulationMonitor] - Finished Simulation {"hostname": "ece-linlabsrv01.ece.gatech.edu", "processid": 1099888, "history": "ExplorerRun.0", "testname": "ECE4130_Project_senseAmplifier_1", "cornername": "Nominal", "point": 1, "logfile": "/nethome/ccarpenter38/ECE4130_M/Project1/ECE6130_Updated/ECE6130_LAB/Cadence/logs_ccarpenter38/logs0/Job19.log", "simid": "6", "event": "finish", "category": "obsolete"}
[2024-11-20 14:04:42.235 -0500] [PROCESS] [cadence.virtuoso.ade.simulationMonitor] - Point Finished {"hostname": "ece-linlabsrv01.ece.gatech.edu", "processid": 1099888, "history": "ExplorerRun.0", "testname": "ECE4130_Project_senseAmplifier_1", "cornername": "Nominal", "point": 1, "logfile": "/nethome/ccarpenter38/ECE4130_M/Project1/ECE6130_Updated/ECE6130_LAB/Cadence/logs_ccarpenter38/logs0/Job19.log", "event": "finish", "category": "sim-eval"}
[2024-11-20 14:04:43.237 -0500] [PROCESS] [cadence.virtuoso.ade.simulationMonitor] - Stay with the runId '7', Linger time '300', currentRunSyn '15', currentTestSyn '16' {"hostname": "ece-linlabsrv01.ece.gatech.edu", "processid": 1099888, "history": "ExplorerRun.0", "testname": "ECE4130_Project_senseAmplifier_1", "cornername": "Nominal", "point": 1, "logfile": "/nethome/ccarpenter38/ECE4130_M/Project1/ECE6130_Updated/ECE6130_LAB/Cadence/logs_ccarpenter38/logs0/Job19.log"}
[2024-11-20 14:04:44.237 -0500] [PROCESS] [cadence.virtuoso.ade.simulationMonitor] - Stay with the runId '7', Linger time '300', currentRunSyn '15', currentTestSyn '16' {"hostname": "ece-linlabsrv01.ece.gatech.edu", "processid": 1099888, "history": "ExplorerRun.0", "testname": "ECE4130_Project_senseAmplifier_1", "cornername": "Nominal", "point": 1, "logfile": "/nethome/ccarpenter38/ECE4130_M/Project1/ECE6130_Updated/ECE6130_LAB/Cadence/logs_ccarpenter38/logs0/Job19.log"}
[2024-11-20 14:04:45.238 -0500] [PROCESS] [cadence.virtuoso.ade.simulationMonitor] - Stay with the runId '7', Linger time '300', currentRunSyn '15', currentTestSyn '16' {"hostname": "ece-linlabsrv01.ece.gatech.edu", "processid": 1099888, "history": "ExplorerRun.0", "testname": "ECE4130_Project_senseAmplifier_1", "cornername": "Nominal", "point": 1, "logfile": "/nethome/ccarpenter38/ECE4130_M/Project1/ECE6130_Updated/ECE6130_LAB/Cadence/logs_ccarpenter38/logs0/Job19.log"}
[2024-11-20 14:04:46.238 -0500] [PROCESS] [cadence.virtuoso.ade.simulationMonitor] - Stay with the runId '7', Linger time '300', currentRunSyn '15', currentTestSyn '16' {"hostname": "ece-linlabsrv01.ece.gatech.edu", "processid": 1099888, "history": "ExplorerRun.0", "testname": "ECE4130_Project_senseAmplifier_1", "cornername": "Nominal", "point": 1, "logfile": "/nethome/ccarpenter38/ECE4130_M/Project1/ECE6130_Updated/ECE6130_LAB/Cadence/logs_ccarpenter38/logs0/Job19.log"}
[2024-11-20 14:04:47.239 -0500] [PROCESS] [cadence.virtuoso.ade.simulationMonitor] - Stay with the runId '7', Linger time '300', currentRunSyn '15', currentTestSyn '16' {"hostname": "ece-linlabsrv01.ece.gatech.edu", "processid": 1099888, "history": "ExplorerRun.0", "testname": "ECE4130_Project_senseAmplifier_1", "cornername": "Nominal", "point": 1, "logfile": "/nethome/ccarpenter38/ECE4130_M/Project1/ECE6130_Updated/ECE6130_LAB/Cadence/logs_ccarpenter38/logs0/Job19.log"}
[2024-11-20 14:04:48.239 -0500] [PROCESS] [cadence.virtuoso.ade.simulationMonitor] - Stay with the runId '7', Linger time '300', currentRunSyn '15', currentTestSyn '16' {"hostname": "ece-linlabsrv01.ece.gatech.edu", "processid": 1099888, "history": "ExplorerRun.0", "testname": "ECE4130_Project_senseAmplifier_1", "cornername": "Nominal", "point": 1, "logfile": "/nethome/ccarpenter38/ECE4130_M/Project1/ECE6130_Updated/ECE6130_LAB/Cadence/logs_ccarpenter38/logs0/Job19.log"}
[2024-11-20 14:04:49.240 -0500] [PROCESS] [cadence.virtuoso.ade.simulationMonitor] - Stay with the runId '7', Linger time '300', currentRunSyn '15', currentTestSyn '16' {"hostname": "ece-linlabsrv01.ece.gatech.edu", "processid": 1099888, "history": "ExplorerRun.0", "testname": "ECE4130_Project_senseAmplifier_1", "cornername": "Nominal", "point": 1, "logfile": "/nethome/ccarpenter38/ECE4130_M/Project1/ECE6130_Updated/ECE6130_LAB/Cadence/logs_ccarpenter38/logs0/Job19.log"}
[2024-11-20 14:04:50.240 -0500] [PROCESS] [cadence.virtuoso.ade.simulationMonitor] - Stay with the runId '7', Linger time '300', currentRunSyn '15', currentTestSyn '16' {"hostname": "ece-linlabsrv01.ece.gatech.edu", "processid": 1099888, "history": "ExplorerRun.0", "testname": "ECE4130_Project_senseAmplifier_1", "cornername": "Nominal", "point": 1, "logfile": "/nethome/ccarpenter38/ECE4130_M/Project1/ECE6130_Updated/ECE6130_LAB/Cadence/logs_ccarpenter38/logs0/Job19.log"}
[2024-11-20 14:09:10.243 -0500] [PROCESS] [cadence.virtuoso.ade.simulationMonitor] - get signal Terminated<15> from user:ccarpenter38, which pid:1099877:/tools/software/cadence/ic/latest/tools/bin/64bit/cdsServIpc {"hostname": "ece-linlabsrv01.ece.gatech.edu", "processid": 1099888, "history": "ExplorerRun.0", "testname": "ECE4130_Project_senseAmplifier_1", "cornername": "Nominal", "point": 1, "logfile": "/nethome/ccarpenter38/ECE4130_M/Project1/ECE6130_Updated/ECE6130_LAB/Cadence/logs_ccarpenter38/logs0/Job19.log", "signal": "15", "signalName": "Terminated", "which": "/tools/software/cadence/ic/latest/tools/bin/64bit/cdsServIpc", "pid": "1099877", "user": "ccarpenter38", "uid": "1099950"}
[2024-11-20 14:09:10.243 -0500] [INFO] [cadence.virtuoso.ade.simulationMonitor] - SimulationMonitor has terminated the  process '1185709', reason: 'simulationMonitor is handling signal 15' {"history": "ExplorerRun.0", "point": 1, "testname": "ECE4130_Project_senseAmplifier_1", "cornername": "Nominal"}
