[Simulation Monitor: 14]
[2024-10-11 18:24:07.664 -0400] [PROCESS] [cadence.virtuoso.ade.simulationMonitor] - Started the simulation monitor process {"hostname": "ece-linlabsrv01.ece.gatech.edu", "processid": 1936509, "logfile": "/nethome/ccarpenter38/ECE6130_Updated/ECE6130_LAB/Cadence/logs_ccarpenter38/logs0/Job14.log", "simulation monitor command line": "/tools/software/cadence/ic/23.10.080/tools.lnx86/dfII/bin/64bit/spectreMonitor --davinciService DaVinciService_1807518_1728683092 --axlsession fnxSession5 -lscs 000175E1894CBE06FF0966E38F1FFC06BC4D77F482089272CC286FA78410926AD02479FE8D1C9F67D0227DAAD247CD36C87766E3A12FFC06BC4D01EA2A985981DB4400001DDD -beanhost ece-linlabsrv01.ece.gatech.edu -beanport 11683 -beanLogFile /nethome/ccarpenter38/ECE6130_Updated/ECE6130_LAB/Cadence/logs_ccarpenter38/logs0/amps_Job14.log -beanbinlog  --domain 0 --interactive yes --netlistOpt no --useMultiPointEvaluation yes --exprEvalShowJobStderr yes --evalSimParallel no --maxSims 0 --historyName ExplorerRun.0 --historyUUID  --exprEvaluator vds --mcMapping mc1.mapping --checkLogStatusInterval 0 --checkSimulatorLogTimeout 1200 --exprEvalMaxTries 3 --maxNFSSyncWait 60 -adeBrokerAddress ece-linlabsrv01.ece.gatech.edu:33673 --statdbType h5v2 --fromADE true --virtuosoBinary virtuoso --guiDisplay localhost:10.0 --globalStatus 60 --evaluateMultiMC yes --evalOnSimFail SkipFailedAnalyses --numRetriesOnError 1 --fenixMode explorer --lingertimeout 300 -ahdlLockTimeout 60 --sdbLib ECE4130_Project --sdbCell inverter --sdbView maestro --heartBeatFileDir /dev/shm --id 14 --uuid 70bf4b3d-ffd7-456b-a7ee-1532ede6d3ee --log /nethome/ccarpenter38/ECE6130_Updated/ECE6130_LAB/Cadence/logs_ccarpenter38/logs0/Job14.log "}
[2024-10-11 18:24:07.664 -0400] [PROCESS] [cadence.virtuoso.ade.simulationMonitor] - Started the simulation monitor process {"hostname": "ece-linlabsrv01.ece.gatech.edu", "processid": 1936509, "logfile": "/nethome/ccarpenter38/ECE6130_Updated/ECE6130_LAB/Cadence/logs_ccarpenter38/logs0/Job14.log", "current directory": "/nethome/ccarpenter38/ECE6130_Updated/ECE6130_LAB/Cadence"}
[2024-10-11 18:24:07.664 -0400] [PROCESS] [cadence.virtuoso.ade.simulationMonitor] - Simulation Monitor has successfully started up. Trying to set up communication channels to other components ... {"hostname": "ece-linlabsrv01.ece.gatech.edu", "processid": 1936509, "logfile": "/nethome/ccarpenter38/ECE6130_Updated/ECE6130_LAB/Cadence/logs_ccarpenter38/logs0/Job14.log"}
[2024-10-11 18:24:07.668 -0400] [PROCESS] [cadence.virtuoso.ade.simulationMonitor] - Communication channels have been successfully set up. Start processing events ... {"hostname": "ece-linlabsrv01.ece.gatech.edu", "processid": 1936509, "logfile": "/nethome/ccarpenter38/ECE6130_Updated/ECE6130_LAB/Cadence/logs_ccarpenter38/logs0/Job14.log"}
[2024-10-11 18:24:07.668 -0400] [PROCESS] [cadence.virtuoso.ade.simulationMonitor] - Considering to start history {"hostname": "ece-linlabsrv01.ece.gatech.edu", "processid": 1936509, "history": "ExplorerRun.0", "logfile": "/nethome/ccarpenter38/ECE6130_Updated/ECE6130_LAB/Cadence/logs_ccarpenter38/logs0/Job14.log"}
[2024-10-11 18:24:07.670 -0400] [PROCESS] [cadence.virtuoso.ade.simulationMonitor] - HostInfo:
Host name (type):	ece-linlabsrv01.ece.gatech.edu (x86_64)
Operating system:	Linux 4.18.0-553.16.1.el8_10.x86_64 #1 SMP Thu Aug 1 04:16:12 EDT 2024 {"hostname": "ece-linlabsrv01.ece.gatech.edu", "processid": 1936509, "history": "ExplorerRun.0", "logfile": "/nethome/ccarpenter38/ECE6130_Updated/ECE6130_LAB/Cadence/logs_ccarpenter38/logs0/Job14.log", "nodename": "ece-linlabsrv01.ece.gatech.edu", "domainname": "(none)", "machine": "x86_64", "sysname": "Linux", "release": "4.18.0-553.16.1.el8_10.x86_64", "version": "#1 SMP Thu Aug 1 04:16:12 EDT 2024"}
[2024-10-11 18:24:07.670 -0400] [PROCESS] [cadence.virtuoso.ade.simulationMonitor] - UsageInfo:
pid=1936509
totalPhysicalMemory=186.850811GB,Used=168.517834GB,totalVirtualMemory=250.850807GB,Used=181.434948GB
Cpu: Cores=112, Load average:2.670000,3.750000,3.890000 {"hostname": "ece-linlabsrv01.ece.gatech.edu", "processid": 1936509, "history": "ExplorerRun.0", "logfile": "/nethome/ccarpenter38/ECE6130_Updated/ECE6130_LAB/Cadence/logs_ccarpenter38/logs0/Job14.log", "pid": "1936509", "totalPhysicalMemory": "186.850811", "physicalMemoryUsed": "168.517834", "totalVirtualMemory": "250.850807", "virtualMemoryUsed": "181.434948", "cpuCores": "112", "processes": "16364", "loadAverage1": "2.670000", "loadAverage5": "3.750000", "loadAverage15": "3.890000", "loadAverage1Percent": "0.023839"}
[2024-10-11 18:24:07.675 -0400] [EVENT] [cadence.virtuoso.ade.simulationMonitor] - NewPoint {"history": "ExplorerRun.0", "point": 1, "testname": "ECE4130_Project_inverter_1", "cornername": "Nominal", "event": "NewPoint", "EventSource": "Simulation Monitor", "HistoryName": "ExplorerRun.0", "logFile": "/nethome/ccarpenter38/ECE6130_Updated/ECE6130_LAB/Cadence/logs_ccarpenter38/logs0/Job14.log", "logFileSize": "4560", "category": "simulation"}
[2024-10-11 18:24:07.877 -0400] [EVENT] [cadence.virtuoso.ade.simulationMonitor] - NewPoint {"history": "ExplorerRun.0", "point": 1, "testname": "ECE4130_Project_inverter_1", "cornername": "Nominal", "event": "NewPoint", "EventSource": "spectre", "HistoryName": "ExplorerRun.0", "logFile": "/nethome/ccarpenter38/simulation/ECE4130_Project/inverter/maestro/results/maestro/ExplorerRun.0/1/ECE4130_Project_inverter_1/psf/spectre.out", "logFileSize": "-1", "category": "simulation"}
[2024-10-11 18:24:08.146 -0400] [PROCESS] [cadence.virtuoso.ade.simulationMonitor] - Simulator launched {"hostname": "ece-linlabsrv01.ece.gatech.edu", "processid": 1936509, "history": "ExplorerRun.0", "testname": "ECE4130_Project_inverter_1", "cornername": "Nominal", "point": 1, "logfile": "/nethome/ccarpenter38/ECE6130_Updated/ECE6130_LAB/Cadence/logs_ccarpenter38/logs0/Job14.log", "simid": "1", "event": "launch", "category": "simulation"}
[2024-10-11 18:24:08.150 -0400] [PROCESS] [cadence.virtuoso.ade.simulationMonitor] - Expression evaluator launched {"hostname": "ece-linlabsrv01.ece.gatech.edu", "processid": 1936509, "history": "ExplorerRun.0", "testname": "ECE4130_Project_inverter_1", "cornername": "Nominal", "point": 1, "logfile": "/nethome/ccarpenter38/ECE6130_Updated/ECE6130_LAB/Cadence/logs_ccarpenter38/logs0/Job14.log"}
[2024-10-11 18:24:10.015 -0400] [INFO] [cadence.virtuoso.ade.simulationMonitor] - Peak resident memory used = 164 Mbytes. {"history": "ExplorerRun.0", "point": 1, "testname": "ECE4130_Project_inverter_1", "cornername": "Nominal"}
[2024-10-11 18:24:10.015 -0400] [INFO] [cadence.virtuoso.ade.simulationMonitor] - Peak resident memory used = 172 Mbytes. {"history": "ExplorerRun.0", "point": 1, "testname": "ECE4130_Project_inverter_1", "cornername": "Nominal"}
[2024-10-11 18:24:10.015 -0400] [INFO] [cadence.virtuoso.ade.simulationMonitor] - Notice from spectre during hierarchy flattening.
    The value 'psf' specified for the 'checklimitdest' option will no longer be supported in future releases. Use 'spectre -h' to see other recommended values for the 'checklimitdest' option. {"history": "ExplorerRun.0", "point": 1, "testname": "ECE4130_Project_inverter_1", "cornername": "Nominal"}
[2024-10-11 18:24:10.015 -0400] [INFO] [cadence.virtuoso.ade.simulationMonitor] - Peak resident memory used = 172 Mbytes. {"history": "ExplorerRun.0", "point": 1, "testname": "ECE4130_Project_inverter_1", "cornername": "Nominal"}
[2024-10-11 18:24:10.015 -0400] [INFO] [cadence.virtuoso.ade.simulationMonitor] - Notice from spectre during initial setup.
    Multithreading is disabled due to the size of the design being too small. {"history": "ExplorerRun.0", "point": 1, "testname": "ECE4130_Project_inverter_1", "cornername": "Nominal"}
[2024-10-11 18:24:10.020 -0400] [INFO] [cadence.virtuoso.ade.simulationMonitor] -               nodes 3 {"history": "ExplorerRun.0", "point": 1, "testname": "ECE4130_Project_inverter_1", "cornername": "Nominal"}
[2024-10-11 18:24:10.020 -0400] [INFO] [cadence.virtuoso.ade.simulationMonitor] - Notice from spectre during initial setup.
    Protected devices exist and are not included in the circuit inventory.
    APS enabled. {"history": "ExplorerRun.0", "point": 1, "testname": "ECE4130_Project_inverter_1", "cornername": "Nominal"}
[2024-10-11 18:24:10.020 -0400] [INFO] [cadence.virtuoso.ade.simulationMonitor] - Peak resident memory used = 174 Mbytes. {"history": "ExplorerRun.0", "point": 1, "testname": "ECE4130_Project_inverter_1", "cornername": "Nominal"}
[2024-10-11 18:24:10.021 -0400] [INFO] [cadence.virtuoso.ade.simulationMonitor] -    -   (APS) Multi-threading. The recommended number of threads is 1, consider adding +mt=1 on command line. {"history": "ExplorerRun.0", "point": 1, "testname": "ECE4130_Project_inverter_1", "cornername": "Nominal"}
[2024-10-11 18:24:10.021 -0400] [INFO] [cadence.virtuoso.ade.simulationMonitor] - Notice from spectre during transient analysis `tran'.
    Multithreading is disabled due to the size of the design being too small. {"history": "ExplorerRun.0", "point": 1, "testname": "ECE4130_Project_inverter_1", "cornername": "Nominal"}
[2024-10-11 18:24:10.022 -0400] [INFO] [cadence.virtuoso.ade.simulationMonitor] - Intrinsic tran analysis time:    CPU = 44.716 ms, elapsed = 76.8211 ms. {"history": "ExplorerRun.0", "point": 1, "testname": "ECE4130_Project_inverter_1", "cornername": "Nominal"}
[2024-10-11 18:24:10.022 -0400] [INFO] [cadence.virtuoso.ade.simulationMonitor] - Total time required for tran analysis `tran': CPU = 47.022 ms, elapsed = 81.2721 ms, util. = 57.9%. {"history": "ExplorerRun.0", "point": 1, "testname": "ECE4130_Project_inverter_1", "cornername": "Nominal"}
[2024-10-11 18:24:10.022 -0400] [INFO] [cadence.virtuoso.ade.simulationMonitor] - Peak resident memory used = 183 Mbytes. {"history": "ExplorerRun.0", "point": 1, "testname": "ECE4130_Project_inverter_1", "cornername": "Nominal"}
[2024-10-11 18:24:10.024 -0400] [INFO] [cadence.virtuoso.ade.simulationMonitor] - Time used: CPU = 394 ms, elapsed = 657 ms, util. = 60%. {"history": "ExplorerRun.0", "point": 1, "testname": "ECE4130_Project_inverter_1", "cornername": "Nominal"}
[2024-10-11 18:24:10.024 -0400] [INFO] [cadence.virtuoso.ade.simulationMonitor] - Time spent in licensing: elapsed = 53.2 ms, percentage of total = 8.11%. {"history": "ExplorerRun.0", "point": 1, "testname": "ECE4130_Project_inverter_1", "cornername": "Nominal"}
[2024-10-11 18:24:10.024 -0400] [INFO] [cadence.virtuoso.ade.simulationMonitor] - Peak memory used = 183 Mbytes. {"history": "ExplorerRun.0", "point": 1, "testname": "ECE4130_Project_inverter_1", "cornername": "Nominal"}
[2024-10-11 18:24:10.027 -0400] [PROCESS] [cadence.virtuoso.ade.simulationMonitor] - Simulation started at: 6:24:08 PM, Fri Oct 11, 2024, ended at: 6:24:09 PM, Fri Oct 11, 2024, with elapsed time (wall clock): 657 ms. {"history": "ExplorerRun.0", "point": 1, "testname": "ECE4130_Project_inverter_1", "cornername": "Nominal"}
[2024-10-11 18:24:10.027 -0400] [PROCESS] [cadence.virtuoso.ade.simulationMonitor] - spectre completes with 0 errors, 0 warnings, and 6 notices. {"history": "ExplorerRun.0", "point": 1, "testname": "ECE4130_Project_inverter_1", "cornername": "Nominal"}
[2024-10-11 18:24:10.027 -0400] [PROCESS] [cadence.virtuoso.ade.simulationMonitor] - Finished simulating for one point {"hostname": "ece-linlabsrv01.ece.gatech.edu", "processid": 1936509, "history": "ExplorerRun.0", "testname": "ECE4130_Project_inverter_1", "cornername": "Nominal", "point": 1, "logfile": "/nethome/ccarpenter38/ECE6130_Updated/ECE6130_LAB/Cadence/logs_ccarpenter38/logs0/Job14.log", "simid": "1", "event": "finish", "category": "simulation"}
[2024-10-11 18:24:10.027 -0400] [PROCESS] [cadence.virtuoso.ade.simulationMonitor] - Simulator exited {"hostname": "ece-linlabsrv01.ece.gatech.edu", "processid": 1936509, "history": "ExplorerRun.0", "testname": "ECE4130_Project_inverter_1", "cornername": "Nominal", "point": 1, "logfile": "/nethome/ccarpenter38/ECE6130_Updated/ECE6130_LAB/Cadence/logs_ccarpenter38/logs0/Job14.log", "exitStatus": "0"}
[2024-10-11 18:24:10.027 -0400] [PROCESS] [cadence.virtuoso.ade.simulationMonitor] - Finished Simulation {"hostname": "ece-linlabsrv01.ece.gatech.edu", "processid": 1936509, "history": "ExplorerRun.0", "testname": "ECE4130_Project_inverter_1", "cornername": "Nominal", "point": 1, "logfile": "/nethome/ccarpenter38/ECE6130_Updated/ECE6130_LAB/Cadence/logs_ccarpenter38/logs0/Job14.log", "simid": "1", "event": "finish", "category": "obsolete"}
[2024-10-11 18:24:13.031 -0400] [PROCESS] [cadence.virtuoso.ade.simulationMonitor] - Point Finished {"hostname": "ece-linlabsrv01.ece.gatech.edu", "processid": 1936509, "history": "ExplorerRun.0", "testname": "ECE4130_Project_inverter_1", "cornername": "Nominal", "point": 1, "logfile": "/nethome/ccarpenter38/ECE6130_Updated/ECE6130_LAB/Cadence/logs_ccarpenter38/logs0/Job14.log", "event": "finish", "category": "sim-eval"}
[2024-10-11 18:24:41.523 -0400] [INFO] [cadence.virtuoso.ade.simulationMonitor] - SimulationMonitor has terminated the vds process '1936573', reason: 'Force to stop the expression evalutor process because of new run' {"history": "ExplorerRun.0", "point": 1, "testname": "ECE4130_Project_inverter_1", "cornername": "Nominal"}
[2024-10-11 18:24:41.524 -0400] [PROCESS] [cadence.virtuoso.ade.simulationMonitor] - HostInfo:
Host name (type):	ece-linlabsrv01.ece.gatech.edu (x86_64)
Operating system:	Linux 4.18.0-553.16.1.el8_10.x86_64 #1 SMP Thu Aug 1 04:16:12 EDT 2024 {"hostname": "ece-linlabsrv01.ece.gatech.edu", "processid": 1936509, "history": "ExplorerRun.0", "testname": "ECE4130_Project_inverter_1", "cornername": "Nominal", "point": 1, "logfile": "/nethome/ccarpenter38/ECE6130_Updated/ECE6130_LAB/Cadence/logs_ccarpenter38/logs0/Job14.log", "nodename": "ece-linlabsrv01.ece.gatech.edu", "domainname": "(none)", "machine": "x86_64", "sysname": "Linux", "release": "4.18.0-553.16.1.el8_10.x86_64", "version": "#1 SMP Thu Aug 1 04:16:12 EDT 2024"}
[2024-10-11 18:24:41.524 -0400] [PROCESS] [cadence.virtuoso.ade.simulationMonitor] - UsageInfo:
pid=1936509
totalPhysicalMemory=186.850811GB,Used=168.516548GB,totalVirtualMemory=250.850807GB,Used=181.433662GB
Cpu: Cores=112, Load average:1.800000,3.410000,3.770000 {"hostname": "ece-linlabsrv01.ece.gatech.edu", "processid": 1936509, "history": "ExplorerRun.0", "testname": "ECE4130_Project_inverter_1", "cornername": "Nominal", "point": 1, "logfile": "/nethome/ccarpenter38/ECE6130_Updated/ECE6130_LAB/Cadence/logs_ccarpenter38/logs0/Job14.log", "pid": "1936509", "totalPhysicalMemory": "186.850811", "physicalMemoryUsed": "168.516548", "totalVirtualMemory": "250.850807", "virtualMemoryUsed": "181.433662", "cpuCores": "112", "processes": "16367", "loadAverage1": "1.800000", "loadAverage5": "3.410000", "loadAverage15": "3.770000", "loadAverage1Percent": "0.016071"}
[2024-10-11 18:24:41.532 -0400] [EVENT] [cadence.virtuoso.ade.simulationMonitor] - NewPoint {"history": "ExplorerRun.0", "point": 1, "testname": "ECE4130_Project_inverter_1", "cornername": "Nominal", "event": "NewPoint", "EventSource": "Simulation Monitor", "HistoryName": "ExplorerRun.0", "logFile": "/nethome/ccarpenter38/ECE6130_Updated/ECE6130_LAB/Cadence/logs_ccarpenter38/logs0/Job14.log", "logFileSize": "14892", "category": "simulation"}
[2024-10-11 18:24:41.734 -0400] [EVENT] [cadence.virtuoso.ade.simulationMonitor] - NewPoint {"history": "ExplorerRun.0", "point": 1, "testname": "ECE4130_Project_inverter_1", "cornername": "Nominal", "event": "NewPoint", "EventSource": "spectre", "HistoryName": "ExplorerRun.0", "logFile": "/nethome/ccarpenter38/simulation/ECE4130_Project/inverter/maestro/results/maestro/ExplorerRun.0/1/ECE4130_Project_inverter_1/psf/spectre.out", "logFileSize": "-1", "category": "simulation"}
[2024-10-11 18:24:41.986 -0400] [PROCESS] [cadence.virtuoso.ade.simulationMonitor] - Simulator launched {"hostname": "ece-linlabsrv01.ece.gatech.edu", "processid": 1936509, "history": "ExplorerRun.0", "testname": "ECE4130_Project_inverter_1", "cornername": "Nominal", "point": 1, "logfile": "/nethome/ccarpenter38/ECE6130_Updated/ECE6130_LAB/Cadence/logs_ccarpenter38/logs0/Job14.log", "simid": "2", "event": "launch", "category": "simulation"}
[2024-10-11 18:24:41.990 -0400] [PROCESS] [cadence.virtuoso.ade.simulationMonitor] - Expression evaluator launched {"hostname": "ece-linlabsrv01.ece.gatech.edu", "processid": 1936509, "history": "ExplorerRun.0", "testname": "ECE4130_Project_inverter_1", "cornername": "Nominal", "point": 1, "logfile": "/nethome/ccarpenter38/ECE6130_Updated/ECE6130_LAB/Cadence/logs_ccarpenter38/logs0/Job14.log"}
[2024-10-11 18:24:43.904 -0400] [INFO] [cadence.virtuoso.ade.simulationMonitor] - Peak resident memory used = 164 Mbytes. {"history": "ExplorerRun.0", "point": 1, "testname": "ECE4130_Project_inverter_1", "cornername": "Nominal"}
[2024-10-11 18:24:43.904 -0400] [INFO] [cadence.virtuoso.ade.simulationMonitor] - Peak resident memory used = 172 Mbytes. {"history": "ExplorerRun.0", "point": 1, "testname": "ECE4130_Project_inverter_1", "cornername": "Nominal"}
[2024-10-11 18:24:43.904 -0400] [INFO] [cadence.virtuoso.ade.simulationMonitor] - Notice from spectre during hierarchy flattening.
    The value 'psf' specified for the 'checklimitdest' option will no longer be supported in future releases. Use 'spectre -h' to see other recommended values for the 'checklimitdest' option. {"history": "ExplorerRun.0", "point": 1, "testname": "ECE4130_Project_inverter_1", "cornername": "Nominal"}
[2024-10-11 18:24:43.904 -0400] [INFO] [cadence.virtuoso.ade.simulationMonitor] - Peak resident memory used = 173 Mbytes. {"history": "ExplorerRun.0", "point": 1, "testname": "ECE4130_Project_inverter_1", "cornername": "Nominal"}
[2024-10-11 18:24:43.904 -0400] [INFO] [cadence.virtuoso.ade.simulationMonitor] - Notice from spectre during initial setup.
    Multithreading is disabled due to the size of the design being too small. {"history": "ExplorerRun.0", "point": 1, "testname": "ECE4130_Project_inverter_1", "cornername": "Nominal"}
[2024-10-11 18:24:43.909 -0400] [INFO] [cadence.virtuoso.ade.simulationMonitor] -               nodes 3 {"history": "ExplorerRun.0", "point": 1, "testname": "ECE4130_Project_inverter_1", "cornername": "Nominal"}
[2024-10-11 18:24:43.909 -0400] [INFO] [cadence.virtuoso.ade.simulationMonitor] - Notice from spectre during initial setup.
    Protected devices exist and are not included in the circuit inventory.
    APS enabled. {"history": "ExplorerRun.0", "point": 1, "testname": "ECE4130_Project_inverter_1", "cornername": "Nominal"}
[2024-10-11 18:24:43.909 -0400] [INFO] [cadence.virtuoso.ade.simulationMonitor] - Peak resident memory used = 175 Mbytes. {"history": "ExplorerRun.0", "point": 1, "testname": "ECE4130_Project_inverter_1", "cornername": "Nominal"}
[2024-10-11 18:24:43.910 -0400] [INFO] [cadence.virtuoso.ade.simulationMonitor] -    -   (APS) Multi-threading. The recommended number of threads is 1, consider adding +mt=1 on command line. {"history": "ExplorerRun.0", "point": 1, "testname": "ECE4130_Project_inverter_1", "cornername": "Nominal"}
[2024-10-11 18:24:43.910 -0400] [INFO] [cadence.virtuoso.ade.simulationMonitor] - Notice from spectre during transient analysis `tran'.
    Multithreading is disabled due to the size of the design being too small. {"history": "ExplorerRun.0", "point": 1, "testname": "ECE4130_Project_inverter_1", "cornername": "Nominal"}
[2024-10-11 18:24:43.910 -0400] [INFO] [cadence.virtuoso.ade.simulationMonitor] - Intrinsic tran analysis time:    CPU = 51.579 ms, elapsed = 61.219 ms. {"history": "ExplorerRun.0", "point": 1, "testname": "ECE4130_Project_inverter_1", "cornername": "Nominal"}
[2024-10-11 18:24:43.911 -0400] [INFO] [cadence.virtuoso.ade.simulationMonitor] - Total time required for tran analysis `tran': CPU = 54.151 ms, elapsed = 65.305 ms, util. = 82.9%. {"history": "ExplorerRun.0", "point": 1, "testname": "ECE4130_Project_inverter_1", "cornername": "Nominal"}
[2024-10-11 18:24:43.911 -0400] [INFO] [cadence.virtuoso.ade.simulationMonitor] - Peak resident memory used = 183 Mbytes. {"history": "ExplorerRun.0", "point": 1, "testname": "ECE4130_Project_inverter_1", "cornername": "Nominal"}
[2024-10-11 18:24:43.912 -0400] [INFO] [cadence.virtuoso.ade.simulationMonitor] - Time used: CPU = 395 ms, elapsed = 545 ms, util. = 72.5%. {"history": "ExplorerRun.0", "point": 1, "testname": "ECE4130_Project_inverter_1", "cornername": "Nominal"}
[2024-10-11 18:24:43.912 -0400] [INFO] [cadence.virtuoso.ade.simulationMonitor] - Time spent in licensing: elapsed = 50.8 ms, percentage of total = 9.32%. {"history": "ExplorerRun.0", "point": 1, "testname": "ECE4130_Project_inverter_1", "cornername": "Nominal"}
[2024-10-11 18:24:43.913 -0400] [INFO] [cadence.virtuoso.ade.simulationMonitor] - Peak memory used = 184 Mbytes. {"history": "ExplorerRun.0", "point": 1, "testname": "ECE4130_Project_inverter_1", "cornername": "Nominal"}
[2024-10-11 18:24:43.916 -0400] [PROCESS] [cadence.virtuoso.ade.simulationMonitor] - Simulation started at: 6:24:42 PM, Fri Oct 11, 2024, ended at: 6:24:42 PM, Fri Oct 11, 2024, with elapsed time (wall clock): 545 ms. {"history": "ExplorerRun.0", "point": 1, "testname": "ECE4130_Project_inverter_1", "cornername": "Nominal"}
[2024-10-11 18:24:43.916 -0400] [PROCESS] [cadence.virtuoso.ade.simulationMonitor] - spectre completes with 0 errors, 0 warnings, and 6 notices. {"history": "ExplorerRun.0", "point": 1, "testname": "ECE4130_Project_inverter_1", "cornername": "Nominal"}
[2024-10-11 18:24:43.916 -0400] [PROCESS] [cadence.virtuoso.ade.simulationMonitor] - Finished simulating for one point {"hostname": "ece-linlabsrv01.ece.gatech.edu", "processid": 1936509, "history": "ExplorerRun.0", "testname": "ECE4130_Project_inverter_1", "cornername": "Nominal", "point": 1, "logfile": "/nethome/ccarpenter38/ECE6130_Updated/ECE6130_LAB/Cadence/logs_ccarpenter38/logs0/Job14.log", "simid": "2", "event": "finish", "category": "simulation"}
[2024-10-11 18:24:43.916 -0400] [PROCESS] [cadence.virtuoso.ade.simulationMonitor] - Simulator exited {"hostname": "ece-linlabsrv01.ece.gatech.edu", "processid": 1936509, "history": "ExplorerRun.0", "testname": "ECE4130_Project_inverter_1", "cornername": "Nominal", "point": 1, "logfile": "/nethome/ccarpenter38/ECE6130_Updated/ECE6130_LAB/Cadence/logs_ccarpenter38/logs0/Job14.log", "exitStatus": "0"}
[2024-10-11 18:24:43.916 -0400] [PROCESS] [cadence.virtuoso.ade.simulationMonitor] - Finished Simulation {"hostname": "ece-linlabsrv01.ece.gatech.edu", "processid": 1936509, "history": "ExplorerRun.0", "testname": "ECE4130_Project_inverter_1", "cornername": "Nominal", "point": 1, "logfile": "/nethome/ccarpenter38/ECE6130_Updated/ECE6130_LAB/Cadence/logs_ccarpenter38/logs0/Job14.log", "simid": "2", "event": "finish", "category": "obsolete"}
[2024-10-11 18:24:46.920 -0400] [PROCESS] [cadence.virtuoso.ade.simulationMonitor] - Point Finished {"hostname": "ece-linlabsrv01.ece.gatech.edu", "processid": 1936509, "history": "ExplorerRun.0", "testname": "ECE4130_Project_inverter_1", "cornername": "Nominal", "point": 1, "logfile": "/nethome/ccarpenter38/ECE6130_Updated/ECE6130_LAB/Cadence/logs_ccarpenter38/logs0/Job14.log", "event": "finish", "category": "sim-eval"}
[2024-10-11 18:25:15.709 -0400] [INFO] [cadence.virtuoso.ade.simulationMonitor] - SimulationMonitor has terminated the vds process '1937792', reason: 'Force to stop the expression evalutor process because of new run' {"history": "ExplorerRun.0", "point": 1, "testname": "ECE4130_Project_inverter_1", "cornername": "Nominal"}
[2024-10-11 18:25:15.711 -0400] [PROCESS] [cadence.virtuoso.ade.simulationMonitor] - HostInfo:
Host name (type):	ece-linlabsrv01.ece.gatech.edu (x86_64)
Operating system:	Linux 4.18.0-553.16.1.el8_10.x86_64 #1 SMP Thu Aug 1 04:16:12 EDT 2024 {"hostname": "ece-linlabsrv01.ece.gatech.edu", "processid": 1936509, "history": "ExplorerRun.0", "testname": "ECE4130_Project_inverter_1", "cornername": "Nominal", "point": 1, "logfile": "/nethome/ccarpenter38/ECE6130_Updated/ECE6130_LAB/Cadence/logs_ccarpenter38/logs0/Job14.log", "nodename": "ece-linlabsrv01.ece.gatech.edu", "domainname": "(none)", "machine": "x86_64", "sysname": "Linux", "release": "4.18.0-553.16.1.el8_10.x86_64", "version": "#1 SMP Thu Aug 1 04:16:12 EDT 2024"}
[2024-10-11 18:25:15.711 -0400] [PROCESS] [cadence.virtuoso.ade.simulationMonitor] - UsageInfo:
pid=1936509
totalPhysicalMemory=186.850811GB,Used=168.268444GB,totalVirtualMemory=250.850807GB,Used=181.185558GB
Cpu: Cores=112, Load average:1.510000,3.160000,3.670000 {"hostname": "ece-linlabsrv01.ece.gatech.edu", "processid": 1936509, "history": "ExplorerRun.0", "testname": "ECE4130_Project_inverter_1", "cornername": "Nominal", "point": 1, "logfile": "/nethome/ccarpenter38/ECE6130_Updated/ECE6130_LAB/Cadence/logs_ccarpenter38/logs0/Job14.log", "pid": "1936509", "totalPhysicalMemory": "186.850811", "physicalMemoryUsed": "168.268444", "totalVirtualMemory": "250.850807", "virtualMemoryUsed": "181.185558", "cpuCores": "112", "processes": "16302", "loadAverage1": "1.510000", "loadAverage5": "3.160000", "loadAverage15": "3.670000", "loadAverage1Percent": "0.013482"}
[2024-10-11 18:25:15.716 -0400] [EVENT] [cadence.virtuoso.ade.simulationMonitor] - NewPoint {"history": "ExplorerRun.0", "point": 1, "testname": "ECE4130_Project_inverter_1", "cornername": "Nominal", "event": "NewPoint", "EventSource": "Simulation Monitor", "HistoryName": "ExplorerRun.0", "logFile": "/nethome/ccarpenter38/ECE6130_Updated/ECE6130_LAB/Cadence/logs_ccarpenter38/logs0/Job14.log", "logFileSize": "25225", "category": "simulation"}
[2024-10-11 18:25:15.918 -0400] [EVENT] [cadence.virtuoso.ade.simulationMonitor] - NewPoint {"history": "ExplorerRun.0", "point": 1, "testname": "ECE4130_Project_inverter_1", "cornername": "Nominal", "event": "NewPoint", "EventSource": "spectre", "HistoryName": "ExplorerRun.0", "logFile": "/nethome/ccarpenter38/simulation/ECE4130_Project/inverter/maestro/results/maestro/ExplorerRun.0/1/ECE4130_Project_inverter_1/psf/spectre.out", "logFileSize": "-1", "category": "simulation"}
[2024-10-11 18:25:16.182 -0400] [PROCESS] [cadence.virtuoso.ade.simulationMonitor] - Simulator launched {"hostname": "ece-linlabsrv01.ece.gatech.edu", "processid": 1936509, "history": "ExplorerRun.0", "testname": "ECE4130_Project_inverter_1", "cornername": "Nominal", "point": 1, "logfile": "/nethome/ccarpenter38/ECE6130_Updated/ECE6130_LAB/Cadence/logs_ccarpenter38/logs0/Job14.log", "simid": "3", "event": "launch", "category": "simulation"}
[2024-10-11 18:25:16.187 -0400] [PROCESS] [cadence.virtuoso.ade.simulationMonitor] - Expression evaluator launched {"hostname": "ece-linlabsrv01.ece.gatech.edu", "processid": 1936509, "history": "ExplorerRun.0", "testname": "ECE4130_Project_inverter_1", "cornername": "Nominal", "point": 1, "logfile": "/nethome/ccarpenter38/ECE6130_Updated/ECE6130_LAB/Cadence/logs_ccarpenter38/logs0/Job14.log"}
[2024-10-11 18:25:18.030 -0400] [INFO] [cadence.virtuoso.ade.simulationMonitor] - Peak resident memory used = 160 Mbytes. {"history": "ExplorerRun.0", "point": 1, "testname": "ECE4130_Project_inverter_1", "cornername": "Nominal"}
[2024-10-11 18:25:18.030 -0400] [INFO] [cadence.virtuoso.ade.simulationMonitor] - Peak resident memory used = 170 Mbytes. {"history": "ExplorerRun.0", "point": 1, "testname": "ECE4130_Project_inverter_1", "cornername": "Nominal"}
[2024-10-11 18:25:18.031 -0400] [INFO] [cadence.virtuoso.ade.simulationMonitor] - Notice from spectre during hierarchy flattening.
    The value 'psf' specified for the 'checklimitdest' option will no longer be supported in future releases. Use 'spectre -h' to see other recommended values for the 'checklimitdest' option. {"history": "ExplorerRun.0", "point": 1, "testname": "ECE4130_Project_inverter_1", "cornername": "Nominal"}
[2024-10-11 18:25:18.031 -0400] [INFO] [cadence.virtuoso.ade.simulationMonitor] - Peak resident memory used = 170 Mbytes. {"history": "ExplorerRun.0", "point": 1, "testname": "ECE4130_Project_inverter_1", "cornername": "Nominal"}
[2024-10-11 18:25:18.031 -0400] [INFO] [cadence.virtuoso.ade.simulationMonitor] - Notice from spectre during initial setup.
    Multithreading is disabled due to the size of the design being too small. {"history": "ExplorerRun.0", "point": 1, "testname": "ECE4130_Project_inverter_1", "cornername": "Nominal"}
[2024-10-11 18:25:18.334 -0400] [INFO] [cadence.virtuoso.ade.simulationMonitor] -               nodes 3 {"history": "ExplorerRun.0", "point": 1, "testname": "ECE4130_Project_inverter_1", "cornername": "Nominal"}
[2024-10-11 18:25:18.334 -0400] [INFO] [cadence.virtuoso.ade.simulationMonitor] - Notice from spectre during initial setup.
    Protected devices exist and are not included in the circuit inventory.
    APS enabled. {"history": "ExplorerRun.0", "point": 1, "testname": "ECE4130_Project_inverter_1", "cornername": "Nominal"}
[2024-10-11 18:25:18.334 -0400] [INFO] [cadence.virtuoso.ade.simulationMonitor] - Peak resident memory used = 173 Mbytes. {"history": "ExplorerRun.0", "point": 1, "testname": "ECE4130_Project_inverter_1", "cornername": "Nominal"}
[2024-10-11 18:25:18.335 -0400] [INFO] [cadence.virtuoso.ade.simulationMonitor] -    -   (APS) Multi-threading. The recommended number of threads is 1, consider adding +mt=1 on command line. {"history": "ExplorerRun.0", "point": 1, "testname": "ECE4130_Project_inverter_1", "cornername": "Nominal"}
[2024-10-11 18:25:18.335 -0400] [INFO] [cadence.virtuoso.ade.simulationMonitor] - Notice from spectre during transient analysis `tran'.
    Multithreading is disabled due to the size of the design being too small. {"history": "ExplorerRun.0", "point": 1, "testname": "ECE4130_Project_inverter_1", "cornername": "Nominal"}
[2024-10-11 18:25:18.336 -0400] [INFO] [cadence.virtuoso.ade.simulationMonitor] - Intrinsic tran analysis time:    CPU = 48.709 ms, elapsed = 63.4711 ms. {"history": "ExplorerRun.0", "point": 1, "testname": "ECE4130_Project_inverter_1", "cornername": "Nominal"}
[2024-10-11 18:25:18.336 -0400] [INFO] [cadence.virtuoso.ade.simulationMonitor] - Total time required for tran analysis `tran': CPU = 51.077 ms, elapsed = 69.3302 ms, util. = 73.7%. {"history": "ExplorerRun.0", "point": 1, "testname": "ECE4130_Project_inverter_1", "cornername": "Nominal"}
[2024-10-11 18:25:18.336 -0400] [INFO] [cadence.virtuoso.ade.simulationMonitor] - Peak resident memory used = 181 Mbytes. {"history": "ExplorerRun.0", "point": 1, "testname": "ECE4130_Project_inverter_1", "cornername": "Nominal"}
[2024-10-11 18:25:18.338 -0400] [INFO] [cadence.virtuoso.ade.simulationMonitor] - Time used: CPU = 387 ms, elapsed = 570 ms, util. = 67.9%. {"history": "ExplorerRun.0", "point": 1, "testname": "ECE4130_Project_inverter_1", "cornername": "Nominal"}
[2024-10-11 18:25:18.338 -0400] [INFO] [cadence.virtuoso.ade.simulationMonitor] - Time spent in licensing: elapsed = 53.5 ms, percentage of total = 9.39%. {"history": "ExplorerRun.0", "point": 1, "testname": "ECE4130_Project_inverter_1", "cornername": "Nominal"}
[2024-10-11 18:25:18.338 -0400] [INFO] [cadence.virtuoso.ade.simulationMonitor] - Peak memory used = 182 Mbytes. {"history": "ExplorerRun.0", "point": 1, "testname": "ECE4130_Project_inverter_1", "cornername": "Nominal"}
[2024-10-11 18:25:18.341 -0400] [PROCESS] [cadence.virtuoso.ade.simulationMonitor] - Simulation started at: 6:25:16 PM, Fri Oct 11, 2024, ended at: 6:25:17 PM, Fri Oct 11, 2024, with elapsed time (wall clock): 570 ms. {"history": "ExplorerRun.0", "point": 1, "testname": "ECE4130_Project_inverter_1", "cornername": "Nominal"}
[2024-10-11 18:25:18.341 -0400] [PROCESS] [cadence.virtuoso.ade.simulationMonitor] - spectre completes with 0 errors, 0 warnings, and 6 notices. {"history": "ExplorerRun.0", "point": 1, "testname": "ECE4130_Project_inverter_1", "cornername": "Nominal"}
[2024-10-11 18:25:18.341 -0400] [PROCESS] [cadence.virtuoso.ade.simulationMonitor] - Finished simulating for one point {"hostname": "ece-linlabsrv01.ece.gatech.edu", "processid": 1936509, "history": "ExplorerRun.0", "testname": "ECE4130_Project_inverter_1", "cornername": "Nominal", "point": 1, "logfile": "/nethome/ccarpenter38/ECE6130_Updated/ECE6130_LAB/Cadence/logs_ccarpenter38/logs0/Job14.log", "simid": "3", "event": "finish", "category": "simulation"}
[2024-10-11 18:25:18.341 -0400] [PROCESS] [cadence.virtuoso.ade.simulationMonitor] - Simulator exited {"hostname": "ece-linlabsrv01.ece.gatech.edu", "processid": 1936509, "history": "ExplorerRun.0", "testname": "ECE4130_Project_inverter_1", "cornername": "Nominal", "point": 1, "logfile": "/nethome/ccarpenter38/ECE6130_Updated/ECE6130_LAB/Cadence/logs_ccarpenter38/logs0/Job14.log", "exitStatus": "0"}
[2024-10-11 18:25:18.341 -0400] [PROCESS] [cadence.virtuoso.ade.simulationMonitor] - Finished Simulation {"hostname": "ece-linlabsrv01.ece.gatech.edu", "processid": 1936509, "history": "ExplorerRun.0", "testname": "ECE4130_Project_inverter_1", "cornername": "Nominal", "point": 1, "logfile": "/nethome/ccarpenter38/ECE6130_Updated/ECE6130_LAB/Cadence/logs_ccarpenter38/logs0/Job14.log", "simid": "3", "event": "finish", "category": "obsolete"}
[2024-10-11 18:25:22.347 -0400] [PROCESS] [cadence.virtuoso.ade.simulationMonitor] - Point Finished {"hostname": "ece-linlabsrv01.ece.gatech.edu", "processid": 1936509, "history": "ExplorerRun.0", "testname": "ECE4130_Project_inverter_1", "cornername": "Nominal", "point": 1, "logfile": "/nethome/ccarpenter38/ECE6130_Updated/ECE6130_LAB/Cadence/logs_ccarpenter38/logs0/Job14.log", "event": "finish", "category": "sim-eval"}
[2024-10-11 18:26:12.421 -0400] [INFO] [cadence.virtuoso.ade.simulationMonitor] - SimulationMonitor has terminated the vds process '1939125', reason: 'Force to stop the expression evalutor process because of new run' {"history": "ExplorerRun.0", "point": 1, "testname": "ECE4130_Project_inverter_1", "cornername": "Nominal"}
[2024-10-11 18:26:12.422 -0400] [PROCESS] [cadence.virtuoso.ade.simulationMonitor] - HostInfo:
Host name (type):	ece-linlabsrv01.ece.gatech.edu (x86_64)
Operating system:	Linux 4.18.0-553.16.1.el8_10.x86_64 #1 SMP Thu Aug 1 04:16:12 EDT 2024 {"hostname": "ece-linlabsrv01.ece.gatech.edu", "processid": 1936509, "history": "ExplorerRun.0", "testname": "ECE4130_Project_inverter_1", "cornername": "Nominal", "point": 1, "logfile": "/nethome/ccarpenter38/ECE6130_Updated/ECE6130_LAB/Cadence/logs_ccarpenter38/logs0/Job14.log", "nodename": "ece-linlabsrv01.ece.gatech.edu", "domainname": "(none)", "machine": "x86_64", "sysname": "Linux", "release": "4.18.0-553.16.1.el8_10.x86_64", "version": "#1 SMP Thu Aug 1 04:16:12 EDT 2024"}
[2024-10-11 18:26:12.423 -0400] [PROCESS] [cadence.virtuoso.ade.simulationMonitor] - UsageInfo:
pid=1936509
totalPhysicalMemory=186.850811GB,Used=168.492058GB,totalVirtualMemory=250.850807GB,Used=181.409172GB
Cpu: Cores=112, Load average:1.030000,2.730000,3.500000 {"hostname": "ece-linlabsrv01.ece.gatech.edu", "processid": 1936509, "history": "ExplorerRun.0", "testname": "ECE4130_Project_inverter_1", "cornername": "Nominal", "point": 1, "logfile": "/nethome/ccarpenter38/ECE6130_Updated/ECE6130_LAB/Cadence/logs_ccarpenter38/logs0/Job14.log", "pid": "1936509", "totalPhysicalMemory": "186.850811", "physicalMemoryUsed": "168.492058", "totalVirtualMemory": "250.850807", "virtualMemoryUsed": "181.409172", "cpuCores": "112", "processes": "16343", "loadAverage1": "1.030000", "loadAverage5": "2.730000", "loadAverage15": "3.500000", "loadAverage1Percent": "0.009196"}
[2024-10-11 18:26:12.427 -0400] [EVENT] [cadence.virtuoso.ade.simulationMonitor] - NewPoint {"history": "ExplorerRun.0", "point": 1, "testname": "ECE4130_Project_inverter_1", "cornername": "Nominal", "event": "NewPoint", "EventSource": "Simulation Monitor", "HistoryName": "ExplorerRun.0", "logFile": "/nethome/ccarpenter38/ECE6130_Updated/ECE6130_LAB/Cadence/logs_ccarpenter38/logs0/Job14.log", "logFileSize": "35560", "category": "simulation"}
[2024-10-11 18:26:12.632 -0400] [EVENT] [cadence.virtuoso.ade.simulationMonitor] - NewPoint {"history": "ExplorerRun.0", "point": 1, "testname": "ECE4130_Project_inverter_1", "cornername": "Nominal", "event": "NewPoint", "EventSource": "spectre", "HistoryName": "ExplorerRun.0", "logFile": "/nethome/ccarpenter38/simulation/ECE4130_Project/inverter/maestro/results/maestro/ExplorerRun.0/1/ECE4130_Project_inverter_1/psf/spectre.out", "logFileSize": "-1", "category": "simulation"}
[2024-10-11 18:26:12.915 -0400] [PROCESS] [cadence.virtuoso.ade.simulationMonitor] - Simulator launched {"hostname": "ece-linlabsrv01.ece.gatech.edu", "processid": 1936509, "history": "ExplorerRun.0", "testname": "ECE4130_Project_inverter_1", "cornername": "Nominal", "point": 1, "logfile": "/nethome/ccarpenter38/ECE6130_Updated/ECE6130_LAB/Cadence/logs_ccarpenter38/logs0/Job14.log", "simid": "4", "event": "launch", "category": "simulation"}
[2024-10-11 18:26:12.919 -0400] [PROCESS] [cadence.virtuoso.ade.simulationMonitor] - Expression evaluator launched {"hostname": "ece-linlabsrv01.ece.gatech.edu", "processid": 1936509, "history": "ExplorerRun.0", "testname": "ECE4130_Project_inverter_1", "cornername": "Nominal", "point": 1, "logfile": "/nethome/ccarpenter38/ECE6130_Updated/ECE6130_LAB/Cadence/logs_ccarpenter38/logs0/Job14.log"}
[2024-10-11 18:26:14.767 -0400] [INFO] [cadence.virtuoso.ade.simulationMonitor] - Peak resident memory used = 163 Mbytes. {"history": "ExplorerRun.0", "point": 1, "testname": "ECE4130_Project_inverter_1", "cornername": "Nominal"}
[2024-10-11 18:26:14.767 -0400] [INFO] [cadence.virtuoso.ade.simulationMonitor] - Peak resident memory used = 171 Mbytes. {"history": "ExplorerRun.0", "point": 1, "testname": "ECE4130_Project_inverter_1", "cornername": "Nominal"}
[2024-10-11 18:26:14.767 -0400] [INFO] [cadence.virtuoso.ade.simulationMonitor] - Notice from spectre during hierarchy flattening.
    The value 'psf' specified for the 'checklimitdest' option will no longer be supported in future releases. Use 'spectre -h' to see other recommended values for the 'checklimitdest' option. {"history": "ExplorerRun.0", "point": 1, "testname": "ECE4130_Project_inverter_1", "cornername": "Nominal"}
[2024-10-11 18:26:14.767 -0400] [INFO] [cadence.virtuoso.ade.simulationMonitor] - Peak resident memory used = 171 Mbytes. {"history": "ExplorerRun.0", "point": 1, "testname": "ECE4130_Project_inverter_1", "cornername": "Nominal"}
[2024-10-11 18:26:14.767 -0400] [INFO] [cadence.virtuoso.ade.simulationMonitor] - Notice from spectre during initial setup.
    Multithreading is disabled due to the size of the design being too small. {"history": "ExplorerRun.0", "point": 1, "testname": "ECE4130_Project_inverter_1", "cornername": "Nominal"}
[2024-10-11 18:26:14.771 -0400] [INFO] [cadence.virtuoso.ade.simulationMonitor] -               nodes 3 {"history": "ExplorerRun.0", "point": 1, "testname": "ECE4130_Project_inverter_1", "cornername": "Nominal"}
[2024-10-11 18:26:14.771 -0400] [INFO] [cadence.virtuoso.ade.simulationMonitor] - Notice from spectre during initial setup.
    Protected devices exist and are not included in the circuit inventory.
    APS enabled. {"history": "ExplorerRun.0", "point": 1, "testname": "ECE4130_Project_inverter_1", "cornername": "Nominal"}
[2024-10-11 18:26:14.771 -0400] [INFO] [cadence.virtuoso.ade.simulationMonitor] - Peak resident memory used = 173 Mbytes. {"history": "ExplorerRun.0", "point": 1, "testname": "ECE4130_Project_inverter_1", "cornername": "Nominal"}
[2024-10-11 18:26:14.772 -0400] [INFO] [cadence.virtuoso.ade.simulationMonitor] -    -   (APS) Multi-threading. The recommended number of threads is 1, consider adding +mt=1 on command line. {"history": "ExplorerRun.0", "point": 1, "testname": "ECE4130_Project_inverter_1", "cornername": "Nominal"}
[2024-10-11 18:26:14.772 -0400] [INFO] [cadence.virtuoso.ade.simulationMonitor] - Notice from spectre during transient analysis `tran'.
    Multithreading is disabled due to the size of the design being too small. {"history": "ExplorerRun.0", "point": 1, "testname": "ECE4130_Project_inverter_1", "cornername": "Nominal"}
[2024-10-11 18:26:14.773 -0400] [INFO] [cadence.virtuoso.ade.simulationMonitor] - Intrinsic tran analysis time:    CPU = 52.007 ms, elapsed = 61.0859 ms. {"history": "ExplorerRun.0", "point": 1, "testname": "ECE4130_Project_inverter_1", "cornername": "Nominal"}
[2024-10-11 18:26:14.773 -0400] [INFO] [cadence.virtuoso.ade.simulationMonitor] - Total time required for tran analysis `tran': CPU = 54.217 ms, elapsed = 64.94 ms, util. = 83.5%. {"history": "ExplorerRun.0", "point": 1, "testname": "ECE4130_Project_inverter_1", "cornername": "Nominal"}
[2024-10-11 18:26:14.773 -0400] [INFO] [cadence.virtuoso.ade.simulationMonitor] - Peak resident memory used = 182 Mbytes. {"history": "ExplorerRun.0", "point": 1, "testname": "ECE4130_Project_inverter_1", "cornername": "Nominal"}
[2024-10-11 18:26:14.774 -0400] [INFO] [cadence.virtuoso.ade.simulationMonitor] - Time used: CPU = 394 ms, elapsed = 535 ms, util. = 73.7%. {"history": "ExplorerRun.0", "point": 1, "testname": "ECE4130_Project_inverter_1", "cornername": "Nominal"}
[2024-10-11 18:26:14.774 -0400] [INFO] [cadence.virtuoso.ade.simulationMonitor] - Time spent in licensing: elapsed = 51.5 ms, percentage of total = 9.64%. {"history": "ExplorerRun.0", "point": 1, "testname": "ECE4130_Project_inverter_1", "cornername": "Nominal"}
[2024-10-11 18:26:14.775 -0400] [INFO] [cadence.virtuoso.ade.simulationMonitor] - Peak memory used = 182 Mbytes. {"history": "ExplorerRun.0", "point": 1, "testname": "ECE4130_Project_inverter_1", "cornername": "Nominal"}
[2024-10-11 18:26:14.777 -0400] [PROCESS] [cadence.virtuoso.ade.simulationMonitor] - Simulation started at: 6:26:13 PM, Fri Oct 11, 2024, ended at: 6:26:13 PM, Fri Oct 11, 2024, with elapsed time (wall clock): 535 ms. {"history": "ExplorerRun.0", "point": 1, "testname": "ECE4130_Project_inverter_1", "cornername": "Nominal"}
[2024-10-11 18:26:14.777 -0400] [PROCESS] [cadence.virtuoso.ade.simulationMonitor] - spectre completes with 0 errors, 0 warnings, and 6 notices. {"history": "ExplorerRun.0", "point": 1, "testname": "ECE4130_Project_inverter_1", "cornername": "Nominal"}
[2024-10-11 18:26:14.777 -0400] [PROCESS] [cadence.virtuoso.ade.simulationMonitor] - Finished simulating for one point {"hostname": "ece-linlabsrv01.ece.gatech.edu", "processid": 1936509, "history": "ExplorerRun.0", "testname": "ECE4130_Project_inverter_1", "cornername": "Nominal", "point": 1, "logfile": "/nethome/ccarpenter38/ECE6130_Updated/ECE6130_LAB/Cadence/logs_ccarpenter38/logs0/Job14.log", "simid": "4", "event": "finish", "category": "simulation"}
[2024-10-11 18:26:14.777 -0400] [PROCESS] [cadence.virtuoso.ade.simulationMonitor] - Simulator exited {"hostname": "ece-linlabsrv01.ece.gatech.edu", "processid": 1936509, "history": "ExplorerRun.0", "testname": "ECE4130_Project_inverter_1", "cornername": "Nominal", "point": 1, "logfile": "/nethome/ccarpenter38/ECE6130_Updated/ECE6130_LAB/Cadence/logs_ccarpenter38/logs0/Job14.log", "exitStatus": "0"}
[2024-10-11 18:26:14.777 -0400] [PROCESS] [cadence.virtuoso.ade.simulationMonitor] - Finished Simulation {"hostname": "ece-linlabsrv01.ece.gatech.edu", "processid": 1936509, "history": "ExplorerRun.0", "testname": "ECE4130_Project_inverter_1", "cornername": "Nominal", "point": 1, "logfile": "/nethome/ccarpenter38/ECE6130_Updated/ECE6130_LAB/Cadence/logs_ccarpenter38/logs0/Job14.log", "simid": "4", "event": "finish", "category": "obsolete"}
[2024-10-11 18:26:18.281 -0400] [PROCESS] [cadence.virtuoso.ade.simulationMonitor] - Point Finished {"hostname": "ece-linlabsrv01.ece.gatech.edu", "processid": 1936509, "history": "ExplorerRun.0", "testname": "ECE4130_Project_inverter_1", "cornername": "Nominal", "point": 1, "logfile": "/nethome/ccarpenter38/ECE6130_Updated/ECE6130_LAB/Cadence/logs_ccarpenter38/logs0/Job14.log", "event": "finish", "category": "sim-eval"}
[2024-10-11 18:26:50.235 -0400] [INFO] [cadence.virtuoso.ade.simulationMonitor] - SimulationMonitor has terminated the vds process '1941329', reason: 'Force to stop the expression evalutor process because of new run' {"history": "ExplorerRun.0", "point": 1, "testname": "ECE4130_Project_inverter_1", "cornername": "Nominal"}
[2024-10-11 18:26:50.236 -0400] [PROCESS] [cadence.virtuoso.ade.simulationMonitor] - HostInfo:
Host name (type):	ece-linlabsrv01.ece.gatech.edu (x86_64)
Operating system:	Linux 4.18.0-553.16.1.el8_10.x86_64 #1 SMP Thu Aug 1 04:16:12 EDT 2024 {"hostname": "ece-linlabsrv01.ece.gatech.edu", "processid": 1936509, "history": "ExplorerRun.0", "testname": "ECE4130_Project_inverter_1", "cornername": "Nominal", "point": 1, "logfile": "/nethome/ccarpenter38/ECE6130_Updated/ECE6130_LAB/Cadence/logs_ccarpenter38/logs0/Job14.log", "nodename": "ece-linlabsrv01.ece.gatech.edu", "domainname": "(none)", "machine": "x86_64", "sysname": "Linux", "release": "4.18.0-553.16.1.el8_10.x86_64", "version": "#1 SMP Thu Aug 1 04:16:12 EDT 2024"}
[2024-10-11 18:26:50.236 -0400] [PROCESS] [cadence.virtuoso.ade.simulationMonitor] - UsageInfo:
pid=1936509
totalPhysicalMemory=186.850811GB,Used=168.394142GB,totalVirtualMemory=250.850807GB,Used=181.311256GB
Cpu: Cores=112, Load average:0.950000,2.500000,3.380000 {"hostname": "ece-linlabsrv01.ece.gatech.edu", "processid": 1936509, "history": "ExplorerRun.0", "testname": "ECE4130_Project_inverter_1", "cornername": "Nominal", "point": 1, "logfile": "/nethome/ccarpenter38/ECE6130_Updated/ECE6130_LAB/Cadence/logs_ccarpenter38/logs0/Job14.log", "pid": "1936509", "totalPhysicalMemory": "186.850811", "physicalMemoryUsed": "168.394142", "totalVirtualMemory": "250.850807", "virtualMemoryUsed": "181.311256", "cpuCores": "112", "processes": "16332", "loadAverage1": "0.950000", "loadAverage5": "2.500000", "loadAverage15": "3.380000", "loadAverage1Percent": "0.008482"}
[2024-10-11 18:26:50.241 -0400] [EVENT] [cadence.virtuoso.ade.simulationMonitor] - NewPoint {"history": "ExplorerRun.0", "point": 1, "testname": "ECE4130_Project_inverter_1", "cornername": "Nominal", "event": "NewPoint", "EventSource": "Simulation Monitor", "HistoryName": "ExplorerRun.0", "logFile": "/nethome/ccarpenter38/ECE6130_Updated/ECE6130_LAB/Cadence/logs_ccarpenter38/logs0/Job14.log", "logFileSize": "45893", "category": "simulation"}
[2024-10-11 18:26:50.443 -0400] [EVENT] [cadence.virtuoso.ade.simulationMonitor] - NewPoint {"history": "ExplorerRun.0", "point": 1, "testname": "ECE4130_Project_inverter_1", "cornername": "Nominal", "event": "NewPoint", "EventSource": "spectre", "HistoryName": "ExplorerRun.0", "logFile": "/nethome/ccarpenter38/simulation/ECE4130_Project/inverter/maestro/results/maestro/ExplorerRun.0/1/ECE4130_Project_inverter_1/psf/spectre.out", "logFileSize": "-1", "category": "simulation"}
[2024-10-11 18:26:50.698 -0400] [PROCESS] [cadence.virtuoso.ade.simulationMonitor] - Simulator launched {"hostname": "ece-linlabsrv01.ece.gatech.edu", "processid": 1936509, "history": "ExplorerRun.0", "testname": "ECE4130_Project_inverter_1", "cornername": "Nominal", "point": 1, "logfile": "/nethome/ccarpenter38/ECE6130_Updated/ECE6130_LAB/Cadence/logs_ccarpenter38/logs0/Job14.log", "simid": "5", "event": "launch", "category": "simulation"}
[2024-10-11 18:26:50.702 -0400] [PROCESS] [cadence.virtuoso.ade.simulationMonitor] - Expression evaluator launched {"hostname": "ece-linlabsrv01.ece.gatech.edu", "processid": 1936509, "history": "ExplorerRun.0", "testname": "ECE4130_Project_inverter_1", "cornername": "Nominal", "point": 1, "logfile": "/nethome/ccarpenter38/ECE6130_Updated/ECE6130_LAB/Cadence/logs_ccarpenter38/logs0/Job14.log"}
[2024-10-11 18:26:52.635 -0400] [INFO] [cadence.virtuoso.ade.simulationMonitor] - Peak resident memory used = 160 Mbytes. {"history": "ExplorerRun.0", "point": 1, "testname": "ECE4130_Project_inverter_1", "cornername": "Nominal"}
[2024-10-11 18:26:52.635 -0400] [INFO] [cadence.virtuoso.ade.simulationMonitor] - Peak resident memory used = 168 Mbytes. {"history": "ExplorerRun.0", "point": 1, "testname": "ECE4130_Project_inverter_1", "cornername": "Nominal"}
[2024-10-11 18:26:52.635 -0400] [INFO] [cadence.virtuoso.ade.simulationMonitor] - Notice from spectre during hierarchy flattening.
    The value 'psf' specified for the 'checklimitdest' option will no longer be supported in future releases. Use 'spectre -h' to see other recommended values for the 'checklimitdest' option. {"history": "ExplorerRun.0", "point": 1, "testname": "ECE4130_Project_inverter_1", "cornername": "Nominal"}
[2024-10-11 18:26:52.635 -0400] [INFO] [cadence.virtuoso.ade.simulationMonitor] - Peak resident memory used = 168 Mbytes. {"history": "ExplorerRun.0", "point": 1, "testname": "ECE4130_Project_inverter_1", "cornername": "Nominal"}
[2024-10-11 18:26:52.635 -0400] [INFO] [cadence.virtuoso.ade.simulationMonitor] - Notice from spectre during initial setup.
    Multithreading is disabled due to the size of the design being too small. {"history": "ExplorerRun.0", "point": 1, "testname": "ECE4130_Project_inverter_1", "cornername": "Nominal"}
[2024-10-11 18:26:52.639 -0400] [INFO] [cadence.virtuoso.ade.simulationMonitor] -               nodes 3 {"history": "ExplorerRun.0", "point": 1, "testname": "ECE4130_Project_inverter_1", "cornername": "Nominal"}
[2024-10-11 18:26:52.640 -0400] [INFO] [cadence.virtuoso.ade.simulationMonitor] - Notice from spectre during initial setup.
    Protected devices exist and are not included in the circuit inventory.
    APS enabled. {"history": "ExplorerRun.0", "point": 1, "testname": "ECE4130_Project_inverter_1", "cornername": "Nominal"}
[2024-10-11 18:26:52.640 -0400] [INFO] [cadence.virtuoso.ade.simulationMonitor] - Peak resident memory used = 170 Mbytes. {"history": "ExplorerRun.0", "point": 1, "testname": "ECE4130_Project_inverter_1", "cornername": "Nominal"}
[2024-10-11 18:26:52.641 -0400] [INFO] [cadence.virtuoso.ade.simulationMonitor] -    -   (APS) Multi-threading. The recommended number of threads is 1, consider adding +mt=1 on command line. {"history": "ExplorerRun.0", "point": 1, "testname": "ECE4130_Project_inverter_1", "cornername": "Nominal"}
[2024-10-11 18:26:52.641 -0400] [INFO] [cadence.virtuoso.ade.simulationMonitor] - Notice from spectre during transient analysis `tran'.
    Multithreading is disabled due to the size of the design being too small. {"history": "ExplorerRun.0", "point": 1, "testname": "ECE4130_Project_inverter_1", "cornername": "Nominal"}
[2024-10-11 18:26:52.641 -0400] [INFO] [cadence.virtuoso.ade.simulationMonitor] - Intrinsic tran analysis time:    CPU = 50.434 ms, elapsed = 59.5651 ms. {"history": "ExplorerRun.0", "point": 1, "testname": "ECE4130_Project_inverter_1", "cornername": "Nominal"}
[2024-10-11 18:26:52.641 -0400] [INFO] [cadence.virtuoso.ade.simulationMonitor] - Total time required for tran analysis `tran': CPU = 52.701 ms, elapsed = 63.169 ms, util. = 83.4%. {"history": "ExplorerRun.0", "point": 1, "testname": "ECE4130_Project_inverter_1", "cornername": "Nominal"}
[2024-10-11 18:26:52.641 -0400] [INFO] [cadence.virtuoso.ade.simulationMonitor] - Peak resident memory used = 179 Mbytes. {"history": "ExplorerRun.0", "point": 1, "testname": "ECE4130_Project_inverter_1", "cornername": "Nominal"}
[2024-10-11 18:26:52.643 -0400] [INFO] [cadence.virtuoso.ade.simulationMonitor] - Time used: CPU = 388 ms, elapsed = 536 ms, util. = 72.5%. {"history": "ExplorerRun.0", "point": 1, "testname": "ECE4130_Project_inverter_1", "cornername": "Nominal"}
[2024-10-11 18:26:52.643 -0400] [INFO] [cadence.virtuoso.ade.simulationMonitor] - Time spent in licensing: elapsed = 50.8 ms, percentage of total = 9.49%. {"history": "ExplorerRun.0", "point": 1, "testname": "ECE4130_Project_inverter_1", "cornername": "Nominal"}
[2024-10-11 18:26:52.644 -0400] [INFO] [cadence.virtuoso.ade.simulationMonitor] - Peak memory used = 179 Mbytes. {"history": "ExplorerRun.0", "point": 1, "testname": "ECE4130_Project_inverter_1", "cornername": "Nominal"}
[2024-10-11 18:26:52.646 -0400] [PROCESS] [cadence.virtuoso.ade.simulationMonitor] - Simulation started at: 6:26:51 PM, Fri Oct 11, 2024, ended at: 6:26:51 PM, Fri Oct 11, 2024, with elapsed time (wall clock): 536 ms. {"history": "ExplorerRun.0", "point": 1, "testname": "ECE4130_Project_inverter_1", "cornername": "Nominal"}
[2024-10-11 18:26:52.646 -0400] [PROCESS] [cadence.virtuoso.ade.simulationMonitor] - spectre completes with 0 errors, 0 warnings, and 6 notices. {"history": "ExplorerRun.0", "point": 1, "testname": "ECE4130_Project_inverter_1", "cornername": "Nominal"}
[2024-10-11 18:26:52.646 -0400] [PROCESS] [cadence.virtuoso.ade.simulationMonitor] - Finished simulating for one point {"hostname": "ece-linlabsrv01.ece.gatech.edu", "processid": 1936509, "history": "ExplorerRun.0", "testname": "ECE4130_Project_inverter_1", "cornername": "Nominal", "point": 1, "logfile": "/nethome/ccarpenter38/ECE6130_Updated/ECE6130_LAB/Cadence/logs_ccarpenter38/logs0/Job14.log", "simid": "5", "event": "finish", "category": "simulation"}
[2024-10-11 18:26:52.646 -0400] [PROCESS] [cadence.virtuoso.ade.simulationMonitor] - Simulator exited {"hostname": "ece-linlabsrv01.ece.gatech.edu", "processid": 1936509, "history": "ExplorerRun.0", "testname": "ECE4130_Project_inverter_1", "cornername": "Nominal", "point": 1, "logfile": "/nethome/ccarpenter38/ECE6130_Updated/ECE6130_LAB/Cadence/logs_ccarpenter38/logs0/Job14.log", "exitStatus": "0"}
[2024-10-11 18:26:52.646 -0400] [PROCESS] [cadence.virtuoso.ade.simulationMonitor] - Finished Simulation {"hostname": "ece-linlabsrv01.ece.gatech.edu", "processid": 1936509, "history": "ExplorerRun.0", "testname": "ECE4130_Project_inverter_1", "cornername": "Nominal", "point": 1, "logfile": "/nethome/ccarpenter38/ECE6130_Updated/ECE6130_LAB/Cadence/logs_ccarpenter38/logs0/Job14.log", "simid": "5", "event": "finish", "category": "obsolete"}
[2024-10-11 18:26:56.149 -0400] [PROCESS] [cadence.virtuoso.ade.simulationMonitor] - Point Finished {"hostname": "ece-linlabsrv01.ece.gatech.edu", "processid": 1936509, "history": "ExplorerRun.0", "testname": "ECE4130_Project_inverter_1", "cornername": "Nominal", "point": 1, "logfile": "/nethome/ccarpenter38/ECE6130_Updated/ECE6130_LAB/Cadence/logs_ccarpenter38/logs0/Job14.log", "event": "finish", "category": "sim-eval"}
[2024-10-11 18:27:02.416 -0400] [PROCESS] [cadence.virtuoso.ade.simulationMonitor] - get signal Terminated<15> from user:ccarpenter38, which pid:1936505:/tools/software/cadence/ic/latest/tools/bin/64bit/cdsServIpc {"hostname": "ece-linlabsrv01.ece.gatech.edu", "processid": 1936509, "history": "ExplorerRun.0", "testname": "ECE4130_Project_inverter_1", "cornername": "Nominal", "point": 1, "logfile": "/nethome/ccarpenter38/ECE6130_Updated/ECE6130_LAB/Cadence/logs_ccarpenter38/logs0/Job14.log", "signal": "15", "signalName": "Terminated", "which": "/tools/software/cadence/ic/latest/tools/bin/64bit/cdsServIpc", "pid": "1936505", "user": "ccarpenter38", "uid": "1099950"}
[2024-10-11 18:27:02.417 -0400] [INFO] [cadence.virtuoso.ade.simulationMonitor] - SimulationMonitor has terminated the  process '1943061', reason: 'simulationMonitor is handling signal 15' {"history": "ExplorerRun.0", "point": 1, "testname": "ECE4130_Project_inverter_1", "cornername": "Nominal"}
