[Simulation Monitor: 13]
[2024-11-20 13:27:52.049 -0500] [PROCESS] [cadence.virtuoso.ade.simulationMonitor] - Started the simulation monitor process {"hostname": "ece-linlabsrv01.ece.gatech.edu", "processid": 231653, "logfile": "/nethome/ccarpenter38/ECE4130_M/Project1/ECE6130_Updated/ECE6130_LAB/Cadence/logs_ccarpenter38/logs0/Job13.log", "simulation monitor command line": "/tools/software/cadence/ic/23.10.080/tools.lnx86/dfII/bin/64bit/spectreMonitor --davinciService DaVinciService_2691158_1732123233 --axlsession fnxSession2 -lscs 000175E1894CBE06FF0966E38F1FFC06BC4D77F482089272CC286FA78410926AD02479FE8D1C9F67D0227DAAD245CD34C87766E3A12FFC06BC4D01DDA538D621DB7300001DE0 -beanhost ece-linlabsrv01.ece.gatech.edu -beanport 11581 -beanLogFile /nethome/ccarpenter38/ECE4130_M/Project1/ECE6130_Updated/ECE6130_LAB/Cadence/logs_ccarpenter38/logs0/amps_Job13.log -beanbinlog  --domain 0 --interactive yes --netlistOpt no --useMultiPointEvaluation yes --exprEvalShowJobStderr yes --evalSimParallel no --maxSims 0 --historyName ExplorerRun.0 --historyUUID  --exprEvaluator vds --mcMapping mc1.mapping --checkLogStatusInterval 0 --checkSimulatorLogTimeout 1200 --exprEvalMaxTries 3 --maxNFSSyncWait 60 -adeBrokerAddress ece-linlabsrv01.ece.gatech.edu:33535 --fromADE true --virtuosoBinary virtuoso --guiDisplay localhost:12.0 --globalStatus 60 --evaluateMultiMC yes --evalOnSimFail SkipFailedAnalyses --numRetriesOnError 1 --fenixMode explorer --lingertimeout 300 -ahdlLockTimeout 60 --sdbLib ECE4130_Project --sdbCell writeCircuit --sdbView maestro --heartBeatFileDir /dev/shm --id 13 --uuid fc162640-c5cf-42fd-80e3-0174c22ae5dd --log /nethome/ccarpenter38/ECE4130_M/Project1/ECE6130_Updated/ECE6130_LAB/Cadence/logs_ccarpenter38/logs0/Job13.log "}
[2024-11-20 13:27:52.050 -0500] [PROCESS] [cadence.virtuoso.ade.simulationMonitor] - Started the simulation monitor process {"hostname": "ece-linlabsrv01.ece.gatech.edu", "processid": 231653, "logfile": "/nethome/ccarpenter38/ECE4130_M/Project1/ECE6130_Updated/ECE6130_LAB/Cadence/logs_ccarpenter38/logs0/Job13.log", "current directory": "/nethome/ccarpenter38/ECE4130_M/Project1/ECE6130_Updated/ECE6130_LAB/Cadence"}
[2024-11-20 13:27:52.050 -0500] [PROCESS] [cadence.virtuoso.ade.simulationMonitor] - Simulation Monitor has successfully started up. Trying to set up communication channels to other components ... {"hostname": "ece-linlabsrv01.ece.gatech.edu", "processid": 231653, "logfile": "/nethome/ccarpenter38/ECE4130_M/Project1/ECE6130_Updated/ECE6130_LAB/Cadence/logs_ccarpenter38/logs0/Job13.log"}
[2024-11-20 13:27:52.053 -0500] [PROCESS] [cadence.virtuoso.ade.simulationMonitor] - Communication channels have been successfully set up. Start processing events ... {"hostname": "ece-linlabsrv01.ece.gatech.edu", "processid": 231653, "logfile": "/nethome/ccarpenter38/ECE4130_M/Project1/ECE6130_Updated/ECE6130_LAB/Cadence/logs_ccarpenter38/logs0/Job13.log"}
[2024-11-20 13:27:52.053 -0500] [PROCESS] [cadence.virtuoso.ade.simulationMonitor] - Considering to start history {"hostname": "ece-linlabsrv01.ece.gatech.edu", "processid": 231653, "history": "ExplorerRun.0", "logfile": "/nethome/ccarpenter38/ECE4130_M/Project1/ECE6130_Updated/ECE6130_LAB/Cadence/logs_ccarpenter38/logs0/Job13.log"}
[2024-11-20 13:27:52.056 -0500] [PROCESS] [cadence.virtuoso.ade.simulationMonitor] - HostInfo:
Host name (type):	ece-linlabsrv01.ece.gatech.edu (x86_64)
Operating system:	Linux 4.18.0-553.22.1.el8_10.x86_64 #1 SMP Wed Sep 11 18:02:00 EDT 2024 {"hostname": "ece-linlabsrv01.ece.gatech.edu", "processid": 231653, "history": "ExplorerRun.0", "logfile": "/nethome/ccarpenter38/ECE4130_M/Project1/ECE6130_Updated/ECE6130_LAB/Cadence/logs_ccarpenter38/logs0/Job13.log", "nodename": "ece-linlabsrv01.ece.gatech.edu", "domainname": "(none)", "machine": "x86_64", "sysname": "Linux", "release": "4.18.0-553.22.1.el8_10.x86_64", "version": "#1 SMP Wed Sep 11 18:02:00 EDT 2024"}
[2024-11-20 13:27:52.056 -0500] [PROCESS] [cadence.virtuoso.ade.simulationMonitor] - UsageInfo:
pid=231653
totalPhysicalMemory=186.850815GB,Used=129.004910GB,totalVirtualMemory=250.850811GB,Used=151.308468GB
Cpu: Cores=112, Load average:2.330000,4.260000,4.880000 {"hostname": "ece-linlabsrv01.ece.gatech.edu", "processid": 231653, "history": "ExplorerRun.0", "logfile": "/nethome/ccarpenter38/ECE4130_M/Project1/ECE6130_Updated/ECE6130_LAB/Cadence/logs_ccarpenter38/logs0/Job13.log", "pid": "231653", "totalPhysicalMemory": "186.850815", "physicalMemoryUsed": "129.004910", "totalVirtualMemory": "250.850811", "virtualMemoryUsed": "151.308468", "cpuCores": "112", "processes": "10623", "loadAverage1": "2.330000", "loadAverage5": "4.260000", "loadAverage15": "4.880000", "loadAverage1Percent": "0.020804"}
[2024-11-20 13:27:52.061 -0500] [EVENT] [cadence.virtuoso.ade.simulationMonitor] - NewPoint {"history": "ExplorerRun.0", "point": 1, "testname": "ECE4130_Project_writeCircuit_1", "cornername": "Nominal", "event": "NewPoint", "EventSource": "Simulation Monitor", "HistoryName": "ExplorerRun.0", "logFile": "/nethome/ccarpenter38/ECE4130_M/Project1/ECE6130_Updated/ECE6130_LAB/Cadence/logs_ccarpenter38/logs0/Job13.log", "logFileSize": "4729", "category": "simulation"}
[2024-11-20 13:27:52.263 -0500] [EVENT] [cadence.virtuoso.ade.simulationMonitor] - NewPoint {"history": "ExplorerRun.0", "point": 1, "testname": "ECE4130_Project_writeCircuit_1", "cornername": "Nominal", "event": "NewPoint", "EventSource": "spectre", "HistoryName": "ExplorerRun.0", "logFile": "/nethome/ccarpenter38/simulation/ECE4130_Project/writeCircuit/maestro/results/maestro/ExplorerRun.0/1/ECE4130_Project_writeCircuit_1/psf/spectre.out", "logFileSize": "-1", "category": "simulation"}
[2024-11-20 13:27:52.589 -0500] [PROCESS] [cadence.virtuoso.ade.simulationMonitor] - Simulator launched {"hostname": "ece-linlabsrv01.ece.gatech.edu", "processid": 231653, "history": "ExplorerRun.0", "testname": "ECE4130_Project_writeCircuit_1", "cornername": "Nominal", "point": 1, "logfile": "/nethome/ccarpenter38/ECE4130_M/Project1/ECE6130_Updated/ECE6130_LAB/Cadence/logs_ccarpenter38/logs0/Job13.log", "simid": "1", "event": "launch", "category": "simulation"}
[2024-11-20 13:27:52.594 -0500] [PROCESS] [cadence.virtuoso.ade.simulationMonitor] - Expression evaluator launched {"hostname": "ece-linlabsrv01.ece.gatech.edu", "processid": 231653, "history": "ExplorerRun.0", "testname": "ECE4130_Project_writeCircuit_1", "cornername": "Nominal", "point": 1, "logfile": "/nethome/ccarpenter38/ECE4130_M/Project1/ECE6130_Updated/ECE6130_LAB/Cadence/logs_ccarpenter38/logs0/Job13.log"}
[2024-11-20 13:27:53.539 -0500] [PROCESS] [cadence.virtuoso.ade.simulationMonitor] - Started Simulation {"hostname": "ece-linlabsrv01.ece.gatech.edu", "processid": 231653, "history": "ExplorerRun.0", "testname": "ECE4130_Project_writeCircuit_1", "cornername": "Nominal", "point": 1, "logfile": "/nethome/ccarpenter38/ECE4130_M/Project1/ECE6130_Updated/ECE6130_LAB/Cadence/logs_ccarpenter38/logs0/Job13.log", "event": "start", "category": "simulation"}
[2024-11-20 13:27:54.040 -0500] [INFO] [cadence.virtuoso.ade.simulationMonitor] - Peak resident memory used = 166 Mbytes. {"history": "ExplorerRun.0", "point": 1, "testname": "ECE4130_Project_writeCircuit_1", "cornername": "Nominal"}
[2024-11-20 13:27:54.040 -0500] [INFO] [cadence.virtuoso.ade.simulationMonitor] - Peak resident memory used = 174 Mbytes. {"history": "ExplorerRun.0", "point": 1, "testname": "ECE4130_Project_writeCircuit_1", "cornername": "Nominal"}
[2024-11-20 13:27:54.040 -0500] [INFO] [cadence.virtuoso.ade.simulationMonitor] - Notice from spectre during hierarchy flattening.
    The value 'psf' specified for the 'checklimitdest' option will no longer be supported in future releases. Use 'spectre -h' to see other recommended values for the 'checklimitdest' option. {"history": "ExplorerRun.0", "point": 1, "testname": "ECE4130_Project_writeCircuit_1", "cornername": "Nominal"}
[2024-11-20 13:27:54.040 -0500] [INFO] [cadence.virtuoso.ade.simulationMonitor] - Peak resident memory used = 174 Mbytes. {"history": "ExplorerRun.0", "point": 1, "testname": "ECE4130_Project_writeCircuit_1", "cornername": "Nominal"}
[2024-11-20 13:27:54.040 -0500] [INFO] [cadence.virtuoso.ade.simulationMonitor] - Notice from spectre during initial setup.
    Multithreading is disabled due to the size of the design being too small. {"history": "ExplorerRun.0", "point": 1, "testname": "ECE4130_Project_writeCircuit_1", "cornername": "Nominal"}
[2024-11-20 13:27:54.045 -0500] [INFO] [cadence.virtuoso.ade.simulationMonitor] -               nodes 7 {"history": "ExplorerRun.0", "point": 1, "testname": "ECE4130_Project_writeCircuit_1", "cornername": "Nominal"}
[2024-11-20 13:27:54.045 -0500] [INFO] [cadence.virtuoso.ade.simulationMonitor] - Notice from spectre during initial setup.
    Protected devices exist and are not included in the circuit inventory.
    APS enabled. {"history": "ExplorerRun.0", "point": 1, "testname": "ECE4130_Project_writeCircuit_1", "cornername": "Nominal"}
[2024-11-20 13:27:54.045 -0500] [INFO] [cadence.virtuoso.ade.simulationMonitor] - Peak resident memory used = 179 Mbytes. {"history": "ExplorerRun.0", "point": 1, "testname": "ECE4130_Project_writeCircuit_1", "cornername": "Nominal"}
[2024-11-20 13:27:54.046 -0500] [INFO] [cadence.virtuoso.ade.simulationMonitor] -    -   (APS) Multi-threading. The recommended number of threads is 1, consider adding +mt=1 on command line. {"history": "ExplorerRun.0", "point": 1, "testname": "ECE4130_Project_writeCircuit_1", "cornername": "Nominal"}
[2024-11-20 13:27:54.046 -0500] [INFO] [cadence.virtuoso.ade.simulationMonitor] - Notice from spectre during transient analysis `tran'.
    Multithreading is disabled due to the size of the design being too small. {"history": "ExplorerRun.0", "point": 1, "testname": "ECE4130_Project_writeCircuit_1", "cornername": "Nominal"}
[2024-11-20 13:27:54.046 -0500] [INFO] [cadence.virtuoso.ade.simulationMonitor] - Notice from spectre at time = 3.47369 ns during transient analysis `tran'.
    Found trapezoidal ringing on node _vvdd!:p. {"history": "ExplorerRun.0", "point": 1, "testname": "ECE4130_Project_writeCircuit_1", "cornername": "Nominal"}
[2024-11-20 13:27:54.046 -0500] [INFO] [cadence.virtuoso.ade.simulationMonitor] - Notice from spectre at time = 3.55369 ns during transient analysis `tran'.
    Found trapezoidal ringing on node _vvdd!:p. {"history": "ExplorerRun.0", "point": 1, "testname": "ECE4130_Project_writeCircuit_1", "cornername": "Nominal"}
[2024-11-20 13:27:54.046 -0500] [INFO] [cadence.virtuoso.ade.simulationMonitor] - Notice from spectre at time = 3.63369 ns during transient analysis `tran'.
    Found trapezoidal ringing on node _vvdd!:p. {"history": "ExplorerRun.0", "point": 1, "testname": "ECE4130_Project_writeCircuit_1", "cornername": "Nominal"}
[2024-11-20 13:27:54.046 -0500] [INFO] [cadence.virtuoso.ade.simulationMonitor] - Notice from spectre at time = 3.71369 ns during transient analysis `tran'.
    Found trapezoidal ringing on node _vvdd!:p. {"history": "ExplorerRun.0", "point": 1, "testname": "ECE4130_Project_writeCircuit_1", "cornername": "Nominal"}
[2024-11-20 13:27:54.046 -0500] [INFO] [cadence.virtuoso.ade.simulationMonitor] - Notice from spectre at time = 3.79369 ns during transient analysis `tran'.
    Found trapezoidal ringing on node _vvdd!:p.
        Further occurrences of this notice will be suppressed. {"history": "ExplorerRun.0", "point": 1, "testname": "ECE4130_Project_writeCircuit_1", "cornername": "Nominal"}
[2024-11-20 13:27:54.046 -0500] [INFO] [cadence.virtuoso.ade.simulationMonitor] - Notice from spectre during transient analysis `tran'.
    Trapezoidal ringing is detected during tran analysis.
        Please use method=trap for better results and performance. {"history": "ExplorerRun.0", "point": 1, "testname": "ECE4130_Project_writeCircuit_1", "cornername": "Nominal"}
[2024-11-20 13:27:54.047 -0500] [INFO] [cadence.virtuoso.ade.simulationMonitor] - Intrinsic tran analysis time:    CPU = 22.399 ms, elapsed = 30.0758 ms. {"history": "ExplorerRun.0", "point": 1, "testname": "ECE4130_Project_writeCircuit_1", "cornername": "Nominal"}
[2024-11-20 13:27:54.047 -0500] [INFO] [cadence.virtuoso.ade.simulationMonitor] - Total time required for tran analysis `tran': CPU = 25.134 ms, elapsed = 34.312 ms, util. = 73.3%. {"history": "ExplorerRun.0", "point": 1, "testname": "ECE4130_Project_writeCircuit_1", "cornername": "Nominal"}
[2024-11-20 13:27:54.047 -0500] [INFO] [cadence.virtuoso.ade.simulationMonitor] - Peak resident memory used = 185 Mbytes. {"history": "ExplorerRun.0", "point": 1, "testname": "ECE4130_Project_writeCircuit_1", "cornername": "Nominal"}
[2024-11-20 13:27:54.047 -0500] [INFO] [cadence.virtuoso.ade.simulationMonitor] - Notice from spectre.
    3 notices suppressed. {"history": "ExplorerRun.0", "point": 1, "testname": "ECE4130_Project_writeCircuit_1", "cornername": "Nominal"}
[2024-11-20 13:27:54.049 -0500] [INFO] [cadence.virtuoso.ade.simulationMonitor] - Time used: CPU = 365 ms, elapsed = 508 ms, util. = 71.9%. {"history": "ExplorerRun.0", "point": 1, "testname": "ECE4130_Project_writeCircuit_1", "cornername": "Nominal"}
[2024-11-20 13:27:54.049 -0500] [INFO] [cadence.virtuoso.ade.simulationMonitor] - Time spent in licensing: elapsed = 50.1 ms, percentage of total = 9.87%. {"history": "ExplorerRun.0", "point": 1, "testname": "ECE4130_Project_writeCircuit_1", "cornername": "Nominal"}
[2024-11-20 13:27:54.050 -0500] [INFO] [cadence.virtuoso.ade.simulationMonitor] - Peak memory used = 186 Mbytes. {"history": "ExplorerRun.0", "point": 1, "testname": "ECE4130_Project_writeCircuit_1", "cornername": "Nominal"}
[2024-11-20 13:27:54.052 -0500] [PROCESS] [cadence.virtuoso.ade.simulationMonitor] - Simulation started at: 1:27:53 PM, Wed Nov 20, 2024, ended at: 1:27:53 PM, Wed Nov 20, 2024, with elapsed time (wall clock): 508 ms. {"history": "ExplorerRun.0", "point": 1, "testname": "ECE4130_Project_writeCircuit_1", "cornername": "Nominal"}
[2024-11-20 13:27:54.052 -0500] [PROCESS] [cadence.virtuoso.ade.simulationMonitor] - spectre completes with 0 errors, 0 warnings, and 13 notices. {"history": "ExplorerRun.0", "point": 1, "testname": "ECE4130_Project_writeCircuit_1", "cornername": "Nominal"}
[2024-11-20 13:27:54.052 -0500] [PROCESS] [cadence.virtuoso.ade.simulationMonitor] - Finished simulating for one point {"hostname": "ece-linlabsrv01.ece.gatech.edu", "processid": 231653, "history": "ExplorerRun.0", "testname": "ECE4130_Project_writeCircuit_1", "cornername": "Nominal", "point": 1, "logfile": "/nethome/ccarpenter38/ECE4130_M/Project1/ECE6130_Updated/ECE6130_LAB/Cadence/logs_ccarpenter38/logs0/Job13.log", "simid": "1", "event": "finish", "category": "simulation"}
[2024-11-20 13:27:54.052 -0500] [PROCESS] [cadence.virtuoso.ade.simulationMonitor] - Simulator exited {"hostname": "ece-linlabsrv01.ece.gatech.edu", "processid": 231653, "history": "ExplorerRun.0", "testname": "ECE4130_Project_writeCircuit_1", "cornername": "Nominal", "point": 1, "logfile": "/nethome/ccarpenter38/ECE4130_M/Project1/ECE6130_Updated/ECE6130_LAB/Cadence/logs_ccarpenter38/logs0/Job13.log", "exitStatus": "0"}
[2024-11-20 13:27:54.052 -0500] [PROCESS] [cadence.virtuoso.ade.simulationMonitor] - Finished Simulation {"hostname": "ece-linlabsrv01.ece.gatech.edu", "processid": 231653, "history": "ExplorerRun.0", "testname": "ECE4130_Project_writeCircuit_1", "cornername": "Nominal", "point": 1, "logfile": "/nethome/ccarpenter38/ECE4130_M/Project1/ECE6130_Updated/ECE6130_LAB/Cadence/logs_ccarpenter38/logs0/Job13.log", "simid": "1", "event": "finish", "category": "obsolete"}
[2024-11-20 13:27:57.556 -0500] [PROCESS] [cadence.virtuoso.ade.simulationMonitor] - Point Finished {"hostname": "ece-linlabsrv01.ece.gatech.edu", "processid": 231653, "history": "ExplorerRun.0", "testname": "ECE4130_Project_writeCircuit_1", "cornername": "Nominal", "point": 1, "logfile": "/nethome/ccarpenter38/ECE4130_M/Project1/ECE6130_Updated/ECE6130_LAB/Cadence/logs_ccarpenter38/logs0/Job13.log", "event": "finish", "category": "sim-eval"}
[2024-11-20 13:27:58.558 -0500] [PROCESS] [cadence.virtuoso.ade.simulationMonitor] - Stay with the runId '3', Linger time '300', currentRunSyn '7', currentTestSyn '8' {"hostname": "ece-linlabsrv01.ece.gatech.edu", "processid": 231653, "history": "ExplorerRun.0", "testname": "ECE4130_Project_writeCircuit_1", "cornername": "Nominal", "point": 1, "logfile": "/nethome/ccarpenter38/ECE4130_M/Project1/ECE6130_Updated/ECE6130_LAB/Cadence/logs_ccarpenter38/logs0/Job13.log"}
[2024-11-20 13:27:59.558 -0500] [PROCESS] [cadence.virtuoso.ade.simulationMonitor] - Stay with the runId '3', Linger time '300', currentRunSyn '7', currentTestSyn '8' {"hostname": "ece-linlabsrv01.ece.gatech.edu", "processid": 231653, "history": "ExplorerRun.0", "testname": "ECE4130_Project_writeCircuit_1", "cornername": "Nominal", "point": 1, "logfile": "/nethome/ccarpenter38/ECE4130_M/Project1/ECE6130_Updated/ECE6130_LAB/Cadence/logs_ccarpenter38/logs0/Job13.log"}
[2024-11-20 13:28:00.559 -0500] [PROCESS] [cadence.virtuoso.ade.simulationMonitor] - Stay with the runId '3', Linger time '300', currentRunSyn '7', currentTestSyn '8' {"hostname": "ece-linlabsrv01.ece.gatech.edu", "processid": 231653, "history": "ExplorerRun.0", "testname": "ECE4130_Project_writeCircuit_1", "cornername": "Nominal", "point": 1, "logfile": "/nethome/ccarpenter38/ECE4130_M/Project1/ECE6130_Updated/ECE6130_LAB/Cadence/logs_ccarpenter38/logs0/Job13.log"}
[2024-11-20 13:28:01.559 -0500] [PROCESS] [cadence.virtuoso.ade.simulationMonitor] - Stay with the runId '3', Linger time '300', currentRunSyn '7', currentTestSyn '8' {"hostname": "ece-linlabsrv01.ece.gatech.edu", "processid": 231653, "history": "ExplorerRun.0", "testname": "ECE4130_Project_writeCircuit_1", "cornername": "Nominal", "point": 1, "logfile": "/nethome/ccarpenter38/ECE4130_M/Project1/ECE6130_Updated/ECE6130_LAB/Cadence/logs_ccarpenter38/logs0/Job13.log"}
[2024-11-20 13:28:02.560 -0500] [PROCESS] [cadence.virtuoso.ade.simulationMonitor] - Stay with the runId '3', Linger time '300', currentRunSyn '7', currentTestSyn '8' {"hostname": "ece-linlabsrv01.ece.gatech.edu", "processid": 231653, "history": "ExplorerRun.0", "testname": "ECE4130_Project_writeCircuit_1", "cornername": "Nominal", "point": 1, "logfile": "/nethome/ccarpenter38/ECE4130_M/Project1/ECE6130_Updated/ECE6130_LAB/Cadence/logs_ccarpenter38/logs0/Job13.log"}
[2024-11-20 13:28:03.560 -0500] [PROCESS] [cadence.virtuoso.ade.simulationMonitor] - Stay with the runId '3', Linger time '300', currentRunSyn '7', currentTestSyn '8' {"hostname": "ece-linlabsrv01.ece.gatech.edu", "processid": 231653, "history": "ExplorerRun.0", "testname": "ECE4130_Project_writeCircuit_1", "cornername": "Nominal", "point": 1, "logfile": "/nethome/ccarpenter38/ECE4130_M/Project1/ECE6130_Updated/ECE6130_LAB/Cadence/logs_ccarpenter38/logs0/Job13.log"}
[2024-11-20 13:32:34.673 -0500] [INFO] [cadence.virtuoso.ade.simulationMonitor] - SimulationMonitor has terminated the vds process '232651', reason: 'Force to stop the expression evalutor process because of new run' {"history": "ExplorerRun.0", "point": 1, "testname": "ECE4130_Project_writeCircuit_1", "cornername": "Nominal"}
[2024-11-20 13:32:34.675 -0500] [PROCESS] [cadence.virtuoso.ade.simulationMonitor] - HostInfo:
Host name (type):	ece-linlabsrv01.ece.gatech.edu (x86_64)
Operating system:	Linux 4.18.0-553.22.1.el8_10.x86_64 #1 SMP Wed Sep 11 18:02:00 EDT 2024 {"hostname": "ece-linlabsrv01.ece.gatech.edu", "processid": 231653, "history": "ExplorerRun.0", "testname": "ECE4130_Project_writeCircuit_1", "cornername": "Nominal", "point": 1, "logfile": "/nethome/ccarpenter38/ECE4130_M/Project1/ECE6130_Updated/ECE6130_LAB/Cadence/logs_ccarpenter38/logs0/Job13.log", "nodename": "ece-linlabsrv01.ece.gatech.edu", "domainname": "(none)", "machine": "x86_64", "sysname": "Linux", "release": "4.18.0-553.22.1.el8_10.x86_64", "version": "#1 SMP Wed Sep 11 18:02:00 EDT 2024"}
[2024-11-20 13:32:34.675 -0500] [PROCESS] [cadence.virtuoso.ade.simulationMonitor] - UsageInfo:
pid=231653
totalPhysicalMemory=186.850815GB,Used=130.300575GB,totalVirtualMemory=250.850811GB,Used=152.604134GB
Cpu: Cores=112, Load average:10.070000,9.360000,6.940000 {"hostname": "ece-linlabsrv01.ece.gatech.edu", "processid": 231653, "history": "ExplorerRun.0", "testname": "ECE4130_Project_writeCircuit_1", "cornername": "Nominal", "point": 1, "logfile": "/nethome/ccarpenter38/ECE4130_M/Project1/ECE6130_Updated/ECE6130_LAB/Cadence/logs_ccarpenter38/logs0/Job13.log", "pid": "231653", "totalPhysicalMemory": "186.850815", "physicalMemoryUsed": "130.300575", "totalVirtualMemory": "250.850811", "virtualMemoryUsed": "152.604134", "cpuCores": "112", "processes": "10647", "loadAverage1": "10.070000", "loadAverage5": "9.360000", "loadAverage15": "6.940000", "loadAverage1Percent": "0.089911"}
[2024-11-20 13:32:34.679 -0500] [EVENT] [cadence.virtuoso.ade.simulationMonitor] - NewPoint {"history": "ExplorerRun.0", "point": 1, "testname": "ECE4130_Project_writeCircuit_1", "cornername": "Nominal", "event": "NewPoint", "EventSource": "Simulation Monitor", "HistoryName": "ExplorerRun.0", "logFile": "/nethome/ccarpenter38/ECE4130_M/Project1/ECE6130_Updated/ECE6130_LAB/Cadence/logs_ccarpenter38/logs0/Job13.log", "logFileSize": "20891", "category": "simulation"}
[2024-11-20 13:32:34.881 -0500] [EVENT] [cadence.virtuoso.ade.simulationMonitor] - NewPoint {"history": "ExplorerRun.0", "point": 1, "testname": "ECE4130_Project_writeCircuit_1", "cornername": "Nominal", "event": "NewPoint", "EventSource": "spectre", "HistoryName": "ExplorerRun.0", "logFile": "/nethome/ccarpenter38/simulation/ECE4130_Project/writeCircuit/maestro/results/maestro/ExplorerRun.0/1/ECE4130_Project_writeCircuit_1/psf/spectre.out", "logFileSize": "-1", "category": "simulation"}
[2024-11-20 13:32:35.115 -0500] [PROCESS] [cadence.virtuoso.ade.simulationMonitor] - Simulator launched {"hostname": "ece-linlabsrv01.ece.gatech.edu", "processid": 231653, "history": "ExplorerRun.0", "testname": "ECE4130_Project_writeCircuit_1", "cornername": "Nominal", "point": 1, "logfile": "/nethome/ccarpenter38/ECE4130_M/Project1/ECE6130_Updated/ECE6130_LAB/Cadence/logs_ccarpenter38/logs0/Job13.log", "simid": "2", "event": "launch", "category": "simulation"}
[2024-11-20 13:32:35.118 -0500] [PROCESS] [cadence.virtuoso.ade.simulationMonitor] - Expression evaluator launched {"hostname": "ece-linlabsrv01.ece.gatech.edu", "processid": 231653, "history": "ExplorerRun.0", "testname": "ECE4130_Project_writeCircuit_1", "cornername": "Nominal", "point": 1, "logfile": "/nethome/ccarpenter38/ECE4130_M/Project1/ECE6130_Updated/ECE6130_LAB/Cadence/logs_ccarpenter38/logs0/Job13.log"}
[2024-11-20 13:32:36.032 -0500] [PROCESS] [cadence.virtuoso.ade.simulationMonitor] - Started Simulation {"hostname": "ece-linlabsrv01.ece.gatech.edu", "processid": 231653, "history": "ExplorerRun.0", "testname": "ECE4130_Project_writeCircuit_1", "cornername": "Nominal", "point": 1, "logfile": "/nethome/ccarpenter38/ECE4130_M/Project1/ECE6130_Updated/ECE6130_LAB/Cadence/logs_ccarpenter38/logs0/Job13.log", "event": "start", "category": "simulation"}
[2024-11-20 13:32:36.533 -0500] [INFO] [cadence.virtuoso.ade.simulationMonitor] - Peak resident memory used = 162 Mbytes. {"history": "ExplorerRun.0", "point": 1, "testname": "ECE4130_Project_writeCircuit_1", "cornername": "Nominal"}
[2024-11-20 13:32:36.533 -0500] [INFO] [cadence.virtuoso.ade.simulationMonitor] - Peak resident memory used = 170 Mbytes. {"history": "ExplorerRun.0", "point": 1, "testname": "ECE4130_Project_writeCircuit_1", "cornername": "Nominal"}
[2024-11-20 13:32:36.533 -0500] [INFO] [cadence.virtuoso.ade.simulationMonitor] - Notice from spectre during hierarchy flattening.
    The value 'psf' specified for the 'checklimitdest' option will no longer be supported in future releases. Use 'spectre -h' to see other recommended values for the 'checklimitdest' option. {"history": "ExplorerRun.0", "point": 1, "testname": "ECE4130_Project_writeCircuit_1", "cornername": "Nominal"}
[2024-11-20 13:32:36.533 -0500] [INFO] [cadence.virtuoso.ade.simulationMonitor] - Peak resident memory used = 170 Mbytes. {"history": "ExplorerRun.0", "point": 1, "testname": "ECE4130_Project_writeCircuit_1", "cornername": "Nominal"}
[2024-11-20 13:32:36.533 -0500] [INFO] [cadence.virtuoso.ade.simulationMonitor] - Notice from spectre during initial setup.
    Multithreading is disabled due to the size of the design being too small. {"history": "ExplorerRun.0", "point": 1, "testname": "ECE4130_Project_writeCircuit_1", "cornername": "Nominal"}
[2024-11-20 13:32:36.537 -0500] [INFO] [cadence.virtuoso.ade.simulationMonitor] -               nodes 7 {"history": "ExplorerRun.0", "point": 1, "testname": "ECE4130_Project_writeCircuit_1", "cornername": "Nominal"}
[2024-11-20 13:32:36.537 -0500] [INFO] [cadence.virtuoso.ade.simulationMonitor] - Notice from spectre during initial setup.
    Protected devices exist and are not included in the circuit inventory.
    APS enabled. {"history": "ExplorerRun.0", "point": 1, "testname": "ECE4130_Project_writeCircuit_1", "cornername": "Nominal"}
[2024-11-20 13:32:36.537 -0500] [INFO] [cadence.virtuoso.ade.simulationMonitor] - Peak resident memory used = 174 Mbytes. {"history": "ExplorerRun.0", "point": 1, "testname": "ECE4130_Project_writeCircuit_1", "cornername": "Nominal"}
[2024-11-20 13:32:36.538 -0500] [INFO] [cadence.virtuoso.ade.simulationMonitor] -    -   (APS) Multi-threading. The recommended number of threads is 1, consider adding +mt=1 on command line. {"history": "ExplorerRun.0", "point": 1, "testname": "ECE4130_Project_writeCircuit_1", "cornername": "Nominal"}
[2024-11-20 13:32:36.538 -0500] [INFO] [cadence.virtuoso.ade.simulationMonitor] - Notice from spectre during transient analysis `tran'.
    Multithreading is disabled due to the size of the design being too small. {"history": "ExplorerRun.0", "point": 1, "testname": "ECE4130_Project_writeCircuit_1", "cornername": "Nominal"}
[2024-11-20 13:32:36.538 -0500] [INFO] [cadence.virtuoso.ade.simulationMonitor] - Notice from spectre at time = 3.34253 ns during transient analysis `tran'.
    Found trapezoidal ringing on node _vvdd!:p. {"history": "ExplorerRun.0", "point": 1, "testname": "ECE4130_Project_writeCircuit_1", "cornername": "Nominal"}
[2024-11-20 13:32:36.538 -0500] [INFO] [cadence.virtuoso.ade.simulationMonitor] - Notice from spectre at time = 3.42253 ns during transient analysis `tran'.
    Found trapezoidal ringing on node _vvdd!:p. {"history": "ExplorerRun.0", "point": 1, "testname": "ECE4130_Project_writeCircuit_1", "cornername": "Nominal"}
[2024-11-20 13:32:36.538 -0500] [INFO] [cadence.virtuoso.ade.simulationMonitor] - Notice from spectre at time = 3.50253 ns during transient analysis `tran'.
    Found trapezoidal ringing on node _vvdd!:p. {"history": "ExplorerRun.0", "point": 1, "testname": "ECE4130_Project_writeCircuit_1", "cornername": "Nominal"}
[2024-11-20 13:32:36.539 -0500] [INFO] [cadence.virtuoso.ade.simulationMonitor] - Notice from spectre at time = 3.58253 ns during transient analysis `tran'.
    Found trapezoidal ringing on node _vvdd!:p. {"history": "ExplorerRun.0", "point": 1, "testname": "ECE4130_Project_writeCircuit_1", "cornername": "Nominal"}
[2024-11-20 13:32:36.539 -0500] [INFO] [cadence.virtuoso.ade.simulationMonitor] - Notice from spectre at time = 3.66253 ns during transient analysis `tran'.
    Found trapezoidal ringing on node _vvdd!:p.
        Further occurrences of this notice will be suppressed. {"history": "ExplorerRun.0", "point": 1, "testname": "ECE4130_Project_writeCircuit_1", "cornername": "Nominal"}
[2024-11-20 13:32:36.539 -0500] [INFO] [cadence.virtuoso.ade.simulationMonitor] - Notice from spectre during transient analysis `tran'.
    Trapezoidal ringing is detected during tran analysis.
        Please use method=trap for better results and performance. {"history": "ExplorerRun.0", "point": 1, "testname": "ECE4130_Project_writeCircuit_1", "cornername": "Nominal"}
[2024-11-20 13:32:36.539 -0500] [INFO] [cadence.virtuoso.ade.simulationMonitor] - Intrinsic tran analysis time:    CPU = 19.006 ms, elapsed = 30.9529 ms. {"history": "ExplorerRun.0", "point": 1, "testname": "ECE4130_Project_writeCircuit_1", "cornername": "Nominal"}
[2024-11-20 13:32:36.539 -0500] [INFO] [cadence.virtuoso.ade.simulationMonitor] - Total time required for tran analysis `tran': CPU = 21.745 ms, elapsed = 36.907 ms, util. = 58.9%. {"history": "ExplorerRun.0", "point": 1, "testname": "ECE4130_Project_writeCircuit_1", "cornername": "Nominal"}
[2024-11-20 13:32:36.539 -0500] [INFO] [cadence.virtuoso.ade.simulationMonitor] - Peak resident memory used = 181 Mbytes. {"history": "ExplorerRun.0", "point": 1, "testname": "ECE4130_Project_writeCircuit_1", "cornername": "Nominal"}
[2024-11-20 13:32:36.540 -0500] [INFO] [cadence.virtuoso.ade.simulationMonitor] - Notice from spectre.
    5 notices suppressed. {"history": "ExplorerRun.0", "point": 1, "testname": "ECE4130_Project_writeCircuit_1", "cornername": "Nominal"}
[2024-11-20 13:32:36.541 -0500] [INFO] [cadence.virtuoso.ade.simulationMonitor] - Time used: CPU = 365 ms, elapsed = 539 ms, util. = 67.7%. {"history": "ExplorerRun.0", "point": 1, "testname": "ECE4130_Project_writeCircuit_1", "cornername": "Nominal"}
[2024-11-20 13:32:36.541 -0500] [INFO] [cadence.virtuoso.ade.simulationMonitor] - Time spent in licensing: elapsed = 52.4 ms, percentage of total = 9.72%. {"history": "ExplorerRun.0", "point": 1, "testname": "ECE4130_Project_writeCircuit_1", "cornername": "Nominal"}
[2024-11-20 13:32:36.542 -0500] [INFO] [cadence.virtuoso.ade.simulationMonitor] - Peak memory used = 182 Mbytes. {"history": "ExplorerRun.0", "point": 1, "testname": "ECE4130_Project_writeCircuit_1", "cornername": "Nominal"}
[2024-11-20 13:32:36.544 -0500] [PROCESS] [cadence.virtuoso.ade.simulationMonitor] - Simulation started at: 1:32:35 PM, Wed Nov 20, 2024, ended at: 1:32:36 PM, Wed Nov 20, 2024, with elapsed time (wall clock): 539 ms. {"history": "ExplorerRun.0", "point": 1, "testname": "ECE4130_Project_writeCircuit_1", "cornername": "Nominal"}
[2024-11-20 13:32:36.544 -0500] [PROCESS] [cadence.virtuoso.ade.simulationMonitor] - spectre completes with 0 errors, 0 warnings, and 13 notices. {"history": "ExplorerRun.0", "point": 1, "testname": "ECE4130_Project_writeCircuit_1", "cornername": "Nominal"}
[2024-11-20 13:32:36.545 -0500] [PROCESS] [cadence.virtuoso.ade.simulationMonitor] - Finished simulating for one point {"hostname": "ece-linlabsrv01.ece.gatech.edu", "processid": 231653, "history": "ExplorerRun.0", "testname": "ECE4130_Project_writeCircuit_1", "cornername": "Nominal", "point": 1, "logfile": "/nethome/ccarpenter38/ECE4130_M/Project1/ECE6130_Updated/ECE6130_LAB/Cadence/logs_ccarpenter38/logs0/Job13.log", "simid": "2", "event": "finish", "category": "simulation"}
[2024-11-20 13:32:36.545 -0500] [PROCESS] [cadence.virtuoso.ade.simulationMonitor] - Simulator exited {"hostname": "ece-linlabsrv01.ece.gatech.edu", "processid": 231653, "history": "ExplorerRun.0", "testname": "ECE4130_Project_writeCircuit_1", "cornername": "Nominal", "point": 1, "logfile": "/nethome/ccarpenter38/ECE4130_M/Project1/ECE6130_Updated/ECE6130_LAB/Cadence/logs_ccarpenter38/logs0/Job13.log", "exitStatus": "0"}
[2024-11-20 13:32:36.545 -0500] [PROCESS] [cadence.virtuoso.ade.simulationMonitor] - Finished Simulation {"hostname": "ece-linlabsrv01.ece.gatech.edu", "processid": 231653, "history": "ExplorerRun.0", "testname": "ECE4130_Project_writeCircuit_1", "cornername": "Nominal", "point": 1, "logfile": "/nethome/ccarpenter38/ECE4130_M/Project1/ECE6130_Updated/ECE6130_LAB/Cadence/logs_ccarpenter38/logs0/Job13.log", "simid": "2", "event": "finish", "category": "obsolete"}
[2024-11-20 13:32:41.050 -0500] [PROCESS] [cadence.virtuoso.ade.simulationMonitor] - Point Finished {"hostname": "ece-linlabsrv01.ece.gatech.edu", "processid": 231653, "history": "ExplorerRun.0", "testname": "ECE4130_Project_writeCircuit_1", "cornername": "Nominal", "point": 1, "logfile": "/nethome/ccarpenter38/ECE4130_M/Project1/ECE6130_Updated/ECE6130_LAB/Cadence/logs_ccarpenter38/logs0/Job13.log", "event": "finish", "category": "sim-eval"}
[2024-11-20 13:32:42.052 -0500] [PROCESS] [cadence.virtuoso.ade.simulationMonitor] - Stay with the runId '4', Linger time '300', currentRunSyn '9', currentTestSyn '10' {"hostname": "ece-linlabsrv01.ece.gatech.edu", "processid": 231653, "history": "ExplorerRun.0", "testname": "ECE4130_Project_writeCircuit_1", "cornername": "Nominal", "point": 1, "logfile": "/nethome/ccarpenter38/ECE4130_M/Project1/ECE6130_Updated/ECE6130_LAB/Cadence/logs_ccarpenter38/logs0/Job13.log"}
[2024-11-20 13:32:43.053 -0500] [PROCESS] [cadence.virtuoso.ade.simulationMonitor] - Stay with the runId '4', Linger time '300', currentRunSyn '9', currentTestSyn '10' {"hostname": "ece-linlabsrv01.ece.gatech.edu", "processid": 231653, "history": "ExplorerRun.0", "testname": "ECE4130_Project_writeCircuit_1", "cornername": "Nominal", "point": 1, "logfile": "/nethome/ccarpenter38/ECE4130_M/Project1/ECE6130_Updated/ECE6130_LAB/Cadence/logs_ccarpenter38/logs0/Job13.log"}
[2024-11-20 13:32:44.053 -0500] [PROCESS] [cadence.virtuoso.ade.simulationMonitor] - Stay with the runId '4', Linger time '300', currentRunSyn '9', currentTestSyn '10' {"hostname": "ece-linlabsrv01.ece.gatech.edu", "processid": 231653, "history": "ExplorerRun.0", "testname": "ECE4130_Project_writeCircuit_1", "cornername": "Nominal", "point": 1, "logfile": "/nethome/ccarpenter38/ECE4130_M/Project1/ECE6130_Updated/ECE6130_LAB/Cadence/logs_ccarpenter38/logs0/Job13.log"}
[2024-11-20 13:32:45.054 -0500] [PROCESS] [cadence.virtuoso.ade.simulationMonitor] - Stay with the runId '4', Linger time '300', currentRunSyn '9', currentTestSyn '10' {"hostname": "ece-linlabsrv01.ece.gatech.edu", "processid": 231653, "history": "ExplorerRun.0", "testname": "ECE4130_Project_writeCircuit_1", "cornername": "Nominal", "point": 1, "logfile": "/nethome/ccarpenter38/ECE4130_M/Project1/ECE6130_Updated/ECE6130_LAB/Cadence/logs_ccarpenter38/logs0/Job13.log"}
[2024-11-20 13:32:46.054 -0500] [PROCESS] [cadence.virtuoso.ade.simulationMonitor] - Stay with the runId '4', Linger time '300', currentRunSyn '9', currentTestSyn '10' {"hostname": "ece-linlabsrv01.ece.gatech.edu", "processid": 231653, "history": "ExplorerRun.0", "testname": "ECE4130_Project_writeCircuit_1", "cornername": "Nominal", "point": 1, "logfile": "/nethome/ccarpenter38/ECE4130_M/Project1/ECE6130_Updated/ECE6130_LAB/Cadence/logs_ccarpenter38/logs0/Job13.log"}
[2024-11-20 13:35:12.229 -0500] [INFO] [cadence.virtuoso.ade.simulationMonitor] - SimulationMonitor has terminated the vds process '365942', reason: 'Force to stop the expression evalutor process because of new run' {"history": "ExplorerRun.0", "point": 1, "testname": "ECE4130_Project_writeCircuit_1", "cornername": "Nominal"}
[2024-11-20 13:35:12.231 -0500] [PROCESS] [cadence.virtuoso.ade.simulationMonitor] - HostInfo:
Host name (type):	ece-linlabsrv01.ece.gatech.edu (x86_64)
Operating system:	Linux 4.18.0-553.22.1.el8_10.x86_64 #1 SMP Wed Sep 11 18:02:00 EDT 2024 {"hostname": "ece-linlabsrv01.ece.gatech.edu", "processid": 231653, "history": "ExplorerRun.0", "testname": "ECE4130_Project_writeCircuit_1", "cornername": "Nominal", "point": 1, "logfile": "/nethome/ccarpenter38/ECE4130_M/Project1/ECE6130_Updated/ECE6130_LAB/Cadence/logs_ccarpenter38/logs0/Job13.log", "nodename": "ece-linlabsrv01.ece.gatech.edu", "domainname": "(none)", "machine": "x86_64", "sysname": "Linux", "release": "4.18.0-553.22.1.el8_10.x86_64", "version": "#1 SMP Wed Sep 11 18:02:00 EDT 2024"}
[2024-11-20 13:35:12.231 -0500] [PROCESS] [cadence.virtuoso.ade.simulationMonitor] - UsageInfo:
pid=231653
totalPhysicalMemory=186.850815GB,Used=132.116199GB,totalVirtualMemory=250.850811GB,Used=154.419758GB
Cpu: Cores=112, Load average:8.500000,9.520000,7.420000 {"hostname": "ece-linlabsrv01.ece.gatech.edu", "processid": 231653, "history": "ExplorerRun.0", "testname": "ECE4130_Project_writeCircuit_1", "cornername": "Nominal", "point": 1, "logfile": "/nethome/ccarpenter38/ECE4130_M/Project1/ECE6130_Updated/ECE6130_LAB/Cadence/logs_ccarpenter38/logs0/Job13.log", "pid": "231653", "totalPhysicalMemory": "186.850815", "physicalMemoryUsed": "132.116199", "totalVirtualMemory": "250.850811", "virtualMemoryUsed": "154.419758", "cpuCores": "112", "processes": "11020", "loadAverage1": "8.500000", "loadAverage5": "9.520000", "loadAverage15": "7.420000", "loadAverage1Percent": "0.075893"}
[2024-11-20 13:35:12.235 -0500] [EVENT] [cadence.virtuoso.ade.simulationMonitor] - NewPoint {"history": "ExplorerRun.0", "point": 1, "testname": "ECE4130_Project_writeCircuit_1", "cornername": "Nominal", "event": "NewPoint", "EventSource": "Simulation Monitor", "HistoryName": "ExplorerRun.0", "logFile": "/nethome/ccarpenter38/ECE4130_M/Project1/ECE6130_Updated/ECE6130_LAB/Cadence/logs_ccarpenter38/logs0/Job13.log", "logFileSize": "36586", "category": "simulation"}
[2024-11-20 13:35:12.436 -0500] [EVENT] [cadence.virtuoso.ade.simulationMonitor] - NewPoint {"history": "ExplorerRun.0", "point": 1, "testname": "ECE4130_Project_writeCircuit_1", "cornername": "Nominal", "event": "NewPoint", "EventSource": "spectre", "HistoryName": "ExplorerRun.0", "logFile": "/nethome/ccarpenter38/simulation/ECE4130_Project/writeCircuit/maestro/results/maestro/ExplorerRun.0/1/ECE4130_Project_writeCircuit_1/psf/spectre.out", "logFileSize": "-1", "category": "simulation"}
[2024-11-20 13:35:12.673 -0500] [PROCESS] [cadence.virtuoso.ade.simulationMonitor] - Simulator launched {"hostname": "ece-linlabsrv01.ece.gatech.edu", "processid": 231653, "history": "ExplorerRun.0", "testname": "ECE4130_Project_writeCircuit_1", "cornername": "Nominal", "point": 1, "logfile": "/nethome/ccarpenter38/ECE4130_M/Project1/ECE6130_Updated/ECE6130_LAB/Cadence/logs_ccarpenter38/logs0/Job13.log", "simid": "3", "event": "launch", "category": "simulation"}
[2024-11-20 13:35:12.677 -0500] [PROCESS] [cadence.virtuoso.ade.simulationMonitor] - Expression evaluator launched {"hostname": "ece-linlabsrv01.ece.gatech.edu", "processid": 231653, "history": "ExplorerRun.0", "testname": "ECE4130_Project_writeCircuit_1", "cornername": "Nominal", "point": 1, "logfile": "/nethome/ccarpenter38/ECE4130_M/Project1/ECE6130_Updated/ECE6130_LAB/Cadence/logs_ccarpenter38/logs0/Job13.log"}
[2024-11-20 13:35:13.704 -0500] [INFO] [cadence.virtuoso.ade.simulationMonitor] - Peak resident memory used = 168 Mbytes. {"history": "ExplorerRun.0", "point": 1, "testname": "ECE4130_Project_writeCircuit_1", "cornername": "Nominal"}
[2024-11-20 13:35:13.704 -0500] [INFO] [cadence.virtuoso.ade.simulationMonitor] - Peak resident memory used = 176 Mbytes. {"history": "ExplorerRun.0", "point": 1, "testname": "ECE4130_Project_writeCircuit_1", "cornername": "Nominal"}
[2024-11-20 13:35:13.704 -0500] [INFO] [cadence.virtuoso.ade.simulationMonitor] - Notice from spectre during hierarchy flattening.
    The value 'psf' specified for the 'checklimitdest' option will no longer be supported in future releases. Use 'spectre -h' to see other recommended values for the 'checklimitdest' option. {"history": "ExplorerRun.0", "point": 1, "testname": "ECE4130_Project_writeCircuit_1", "cornername": "Nominal"}
[2024-11-20 13:35:13.704 -0500] [INFO] [cadence.virtuoso.ade.simulationMonitor] - Peak resident memory used = 176 Mbytes. {"history": "ExplorerRun.0", "point": 1, "testname": "ECE4130_Project_writeCircuit_1", "cornername": "Nominal"}
[2024-11-20 13:35:13.704 -0500] [INFO] [cadence.virtuoso.ade.simulationMonitor] - Notice from spectre during initial setup.
    Multithreading is disabled due to the size of the design being too small. {"history": "ExplorerRun.0", "point": 1, "testname": "ECE4130_Project_writeCircuit_1", "cornername": "Nominal"}
[2024-11-20 13:35:13.708 -0500] [INFO] [cadence.virtuoso.ade.simulationMonitor] -               nodes 7 {"history": "ExplorerRun.0", "point": 1, "testname": "ECE4130_Project_writeCircuit_1", "cornername": "Nominal"}
[2024-11-20 13:35:13.709 -0500] [INFO] [cadence.virtuoso.ade.simulationMonitor] - Notice from spectre during initial setup.
    Protected devices exist and are not included in the circuit inventory.
    APS enabled. {"history": "ExplorerRun.0", "point": 1, "testname": "ECE4130_Project_writeCircuit_1", "cornername": "Nominal"}
[2024-11-20 13:35:13.709 -0500] [INFO] [cadence.virtuoso.ade.simulationMonitor] - Peak resident memory used = 178 Mbytes. {"history": "ExplorerRun.0", "point": 1, "testname": "ECE4130_Project_writeCircuit_1", "cornername": "Nominal"}
[2024-11-20 13:35:13.709 -0500] [INFO] [cadence.virtuoso.ade.simulationMonitor] -    -   (APS) Multi-threading. The recommended number of threads is 1, consider adding +mt=1 on command line. {"history": "ExplorerRun.0", "point": 1, "testname": "ECE4130_Project_writeCircuit_1", "cornername": "Nominal"}
[2024-11-20 13:35:13.709 -0500] [INFO] [cadence.virtuoso.ade.simulationMonitor] - Notice from spectre during transient analysis `tran'.
    Multithreading is disabled due to the size of the design being too small. {"history": "ExplorerRun.0", "point": 1, "testname": "ECE4130_Project_writeCircuit_1", "cornername": "Nominal"}
[2024-11-20 13:35:13.710 -0500] [INFO] [cadence.virtuoso.ade.simulationMonitor] - Notice from spectre at time = 3.40249 ns during transient analysis `tran'.
    Found trapezoidal ringing on node _vvdd!:p. {"history": "ExplorerRun.0", "point": 1, "testname": "ECE4130_Project_writeCircuit_1", "cornername": "Nominal"}
[2024-11-20 13:35:13.710 -0500] [INFO] [cadence.virtuoso.ade.simulationMonitor] - Notice from spectre at time = 3.48249 ns during transient analysis `tran'.
    Found trapezoidal ringing on node _vvdd!:p. {"history": "ExplorerRun.0", "point": 1, "testname": "ECE4130_Project_writeCircuit_1", "cornername": "Nominal"}
[2024-11-20 13:35:13.710 -0500] [INFO] [cadence.virtuoso.ade.simulationMonitor] - Notice from spectre at time = 3.56249 ns during transient analysis `tran'.
    Found trapezoidal ringing on node _vvdd!:p. {"history": "ExplorerRun.0", "point": 1, "testname": "ECE4130_Project_writeCircuit_1", "cornername": "Nominal"}
[2024-11-20 13:35:13.710 -0500] [INFO] [cadence.virtuoso.ade.simulationMonitor] - Notice from spectre at time = 3.64249 ns during transient analysis `tran'.
    Found trapezoidal ringing on node _vvdd!:p. {"history": "ExplorerRun.0", "point": 1, "testname": "ECE4130_Project_writeCircuit_1", "cornername": "Nominal"}
[2024-11-20 13:35:13.710 -0500] [INFO] [cadence.virtuoso.ade.simulationMonitor] - Notice from spectre at time = 3.72249 ns during transient analysis `tran'.
    Found trapezoidal ringing on node _vvdd!:p.
        Further occurrences of this notice will be suppressed. {"history": "ExplorerRun.0", "point": 1, "testname": "ECE4130_Project_writeCircuit_1", "cornername": "Nominal"}
[2024-11-20 13:35:13.710 -0500] [INFO] [cadence.virtuoso.ade.simulationMonitor] - Notice from spectre during transient analysis `tran'.
    Trapezoidal ringing is detected during tran analysis.
        Please use method=trap for better results and performance. {"history": "ExplorerRun.0", "point": 1, "testname": "ECE4130_Project_writeCircuit_1", "cornername": "Nominal"}
[2024-11-20 13:35:13.711 -0500] [INFO] [cadence.virtuoso.ade.simulationMonitor] - Intrinsic tran analysis time:    CPU = 24.421 ms, elapsed = 35.136 ms. {"history": "ExplorerRun.0", "point": 1, "testname": "ECE4130_Project_writeCircuit_1", "cornername": "Nominal"}
[2024-11-20 13:35:13.711 -0500] [INFO] [cadence.virtuoso.ade.simulationMonitor] - Total time required for tran analysis `tran': CPU = 27.045 ms, elapsed = 39.9699 ms, util. = 67.7%. {"history": "ExplorerRun.0", "point": 1, "testname": "ECE4130_Project_writeCircuit_1", "cornername": "Nominal"}
[2024-11-20 13:35:13.711 -0500] [INFO] [cadence.virtuoso.ade.simulationMonitor] - Peak resident memory used = 187 Mbytes. {"history": "ExplorerRun.0", "point": 1, "testname": "ECE4130_Project_writeCircuit_1", "cornername": "Nominal"}
[2024-11-20 13:35:13.711 -0500] [INFO] [cadence.virtuoso.ade.simulationMonitor] - Notice from spectre.
    4 notices suppressed. {"history": "ExplorerRun.0", "point": 1, "testname": "ECE4130_Project_writeCircuit_1", "cornername": "Nominal"}
[2024-11-20 13:35:13.712 -0500] [INFO] [cadence.virtuoso.ade.simulationMonitor] - Time used: CPU = 368 ms, elapsed = 511 ms, util. = 72%. {"history": "ExplorerRun.0", "point": 1, "testname": "ECE4130_Project_writeCircuit_1", "cornername": "Nominal"}
[2024-11-20 13:35:13.712 -0500] [INFO] [cadence.virtuoso.ade.simulationMonitor] - Time spent in licensing: elapsed = 49.2 ms, percentage of total = 9.62%. {"history": "ExplorerRun.0", "point": 1, "testname": "ECE4130_Project_writeCircuit_1", "cornername": "Nominal"}
[2024-11-20 13:35:13.713 -0500] [INFO] [cadence.virtuoso.ade.simulationMonitor] - Peak memory used = 188 Mbytes. {"history": "ExplorerRun.0", "point": 1, "testname": "ECE4130_Project_writeCircuit_1", "cornername": "Nominal"}
[2024-11-20 13:35:13.715 -0500] [PROCESS] [cadence.virtuoso.ade.simulationMonitor] - Simulation started at: 1:35:13 PM, Wed Nov 20, 2024, ended at: 1:35:13 PM, Wed Nov 20, 2024, with elapsed time (wall clock): 511 ms. {"history": "ExplorerRun.0", "point": 1, "testname": "ECE4130_Project_writeCircuit_1", "cornername": "Nominal"}
[2024-11-20 13:35:13.715 -0500] [PROCESS] [cadence.virtuoso.ade.simulationMonitor] - spectre completes with 0 errors, 0 warnings, and 13 notices. {"history": "ExplorerRun.0", "point": 1, "testname": "ECE4130_Project_writeCircuit_1", "cornername": "Nominal"}
[2024-11-20 13:35:13.716 -0500] [PROCESS] [cadence.virtuoso.ade.simulationMonitor] - Finished simulating for one point {"hostname": "ece-linlabsrv01.ece.gatech.edu", "processid": 231653, "history": "ExplorerRun.0", "testname": "ECE4130_Project_writeCircuit_1", "cornername": "Nominal", "point": 1, "logfile": "/nethome/ccarpenter38/ECE4130_M/Project1/ECE6130_Updated/ECE6130_LAB/Cadence/logs_ccarpenter38/logs0/Job13.log", "simid": "3", "event": "finish", "category": "simulation"}
[2024-11-20 13:35:13.716 -0500] [PROCESS] [cadence.virtuoso.ade.simulationMonitor] - Simulator exited {"hostname": "ece-linlabsrv01.ece.gatech.edu", "processid": 231653, "history": "ExplorerRun.0", "testname": "ECE4130_Project_writeCircuit_1", "cornername": "Nominal", "point": 1, "logfile": "/nethome/ccarpenter38/ECE4130_M/Project1/ECE6130_Updated/ECE6130_LAB/Cadence/logs_ccarpenter38/logs0/Job13.log", "exitStatus": "0"}
[2024-11-20 13:35:13.716 -0500] [PROCESS] [cadence.virtuoso.ade.simulationMonitor] - Finished Simulation {"hostname": "ece-linlabsrv01.ece.gatech.edu", "processid": 231653, "history": "ExplorerRun.0", "testname": "ECE4130_Project_writeCircuit_1", "cornername": "Nominal", "point": 1, "logfile": "/nethome/ccarpenter38/ECE4130_M/Project1/ECE6130_Updated/ECE6130_LAB/Cadence/logs_ccarpenter38/logs0/Job13.log", "simid": "3", "event": "finish", "category": "obsolete"}
[2024-11-20 13:35:17.721 -0500] [PROCESS] [cadence.virtuoso.ade.simulationMonitor] - Point Finished {"hostname": "ece-linlabsrv01.ece.gatech.edu", "processid": 231653, "history": "ExplorerRun.0", "testname": "ECE4130_Project_writeCircuit_1", "cornername": "Nominal", "point": 1, "logfile": "/nethome/ccarpenter38/ECE4130_M/Project1/ECE6130_Updated/ECE6130_LAB/Cadence/logs_ccarpenter38/logs0/Job13.log", "event": "finish", "category": "sim-eval"}
[2024-11-20 13:35:18.723 -0500] [PROCESS] [cadence.virtuoso.ade.simulationMonitor] - Stay with the runId '5', Linger time '300', currentRunSyn '11', currentTestSyn '12' {"hostname": "ece-linlabsrv01.ece.gatech.edu", "processid": 231653, "history": "ExplorerRun.0", "testname": "ECE4130_Project_writeCircuit_1", "cornername": "Nominal", "point": 1, "logfile": "/nethome/ccarpenter38/ECE4130_M/Project1/ECE6130_Updated/ECE6130_LAB/Cadence/logs_ccarpenter38/logs0/Job13.log"}
[2024-11-20 13:35:19.724 -0500] [PROCESS] [cadence.virtuoso.ade.simulationMonitor] - Stay with the runId '5', Linger time '300', currentRunSyn '11', currentTestSyn '12' {"hostname": "ece-linlabsrv01.ece.gatech.edu", "processid": 231653, "history": "ExplorerRun.0", "testname": "ECE4130_Project_writeCircuit_1", "cornername": "Nominal", "point": 1, "logfile": "/nethome/ccarpenter38/ECE4130_M/Project1/ECE6130_Updated/ECE6130_LAB/Cadence/logs_ccarpenter38/logs0/Job13.log"}
[2024-11-20 13:35:20.725 -0500] [PROCESS] [cadence.virtuoso.ade.simulationMonitor] - Stay with the runId '5', Linger time '300', currentRunSyn '11', currentTestSyn '12' {"hostname": "ece-linlabsrv01.ece.gatech.edu", "processid": 231653, "history": "ExplorerRun.0", "testname": "ECE4130_Project_writeCircuit_1", "cornername": "Nominal", "point": 1, "logfile": "/nethome/ccarpenter38/ECE4130_M/Project1/ECE6130_Updated/ECE6130_LAB/Cadence/logs_ccarpenter38/logs0/Job13.log"}
[2024-11-20 13:35:21.725 -0500] [PROCESS] [cadence.virtuoso.ade.simulationMonitor] - Stay with the runId '5', Linger time '300', currentRunSyn '11', currentTestSyn '12' {"hostname": "ece-linlabsrv01.ece.gatech.edu", "processid": 231653, "history": "ExplorerRun.0", "testname": "ECE4130_Project_writeCircuit_1", "cornername": "Nominal", "point": 1, "logfile": "/nethome/ccarpenter38/ECE4130_M/Project1/ECE6130_Updated/ECE6130_LAB/Cadence/logs_ccarpenter38/logs0/Job13.log"}
[2024-11-20 13:35:22.725 -0500] [PROCESS] [cadence.virtuoso.ade.simulationMonitor] - Stay with the runId '5', Linger time '300', currentRunSyn '11', currentTestSyn '12' {"hostname": "ece-linlabsrv01.ece.gatech.edu", "processid": 231653, "history": "ExplorerRun.0", "testname": "ECE4130_Project_writeCircuit_1", "cornername": "Nominal", "point": 1, "logfile": "/nethome/ccarpenter38/ECE4130_M/Project1/ECE6130_Updated/ECE6130_LAB/Cadence/logs_ccarpenter38/logs0/Job13.log"}
[2024-11-20 13:35:23.726 -0500] [PROCESS] [cadence.virtuoso.ade.simulationMonitor] - Stay with the runId '5', Linger time '300', currentRunSyn '11', currentTestSyn '12' {"hostname": "ece-linlabsrv01.ece.gatech.edu", "processid": 231653, "history": "ExplorerRun.0", "testname": "ECE4130_Project_writeCircuit_1", "cornername": "Nominal", "point": 1, "logfile": "/nethome/ccarpenter38/ECE4130_M/Project1/ECE6130_Updated/ECE6130_LAB/Cadence/logs_ccarpenter38/logs0/Job13.log"}
[2024-11-20 13:35:24.726 -0500] [PROCESS] [cadence.virtuoso.ade.simulationMonitor] - Stay with the runId '5', Linger time '300', currentRunSyn '11', currentTestSyn '12' {"hostname": "ece-linlabsrv01.ece.gatech.edu", "processid": 231653, "history": "ExplorerRun.0", "testname": "ECE4130_Project_writeCircuit_1", "cornername": "Nominal", "point": 1, "logfile": "/nethome/ccarpenter38/ECE4130_M/Project1/ECE6130_Updated/ECE6130_LAB/Cadence/logs_ccarpenter38/logs0/Job13.log"}
[2024-11-20 13:37:18.213 -0500] [INFO] [cadence.virtuoso.ade.simulationMonitor] - SimulationMonitor has terminated the vds process '452335', reason: 'Force to stop the expression evalutor process because of new run' {"history": "ExplorerRun.0", "point": 1, "testname": "ECE4130_Project_writeCircuit_1", "cornername": "Nominal"}
[2024-11-20 13:37:18.214 -0500] [PROCESS] [cadence.virtuoso.ade.simulationMonitor] - HostInfo:
Host name (type):	ece-linlabsrv01.ece.gatech.edu (x86_64)
Operating system:	Linux 4.18.0-553.22.1.el8_10.x86_64 #1 SMP Wed Sep 11 18:02:00 EDT 2024 {"hostname": "ece-linlabsrv01.ece.gatech.edu", "processid": 231653, "history": "ExplorerRun.0", "testname": "ECE4130_Project_writeCircuit_1", "cornername": "Nominal", "point": 1, "logfile": "/nethome/ccarpenter38/ECE4130_M/Project1/ECE6130_Updated/ECE6130_LAB/Cadence/logs_ccarpenter38/logs0/Job13.log", "nodename": "ece-linlabsrv01.ece.gatech.edu", "domainname": "(none)", "machine": "x86_64", "sysname": "Linux", "release": "4.18.0-553.22.1.el8_10.x86_64", "version": "#1 SMP Wed Sep 11 18:02:00 EDT 2024"}
[2024-11-20 13:37:18.215 -0500] [PROCESS] [cadence.virtuoso.ade.simulationMonitor] - UsageInfo:
pid=231653
totalPhysicalMemory=186.850815GB,Used=130.978508GB,totalVirtualMemory=250.850811GB,Used=153.282066GB
Cpu: Cores=112, Load average:3.690000,7.360000,6.890000 {"hostname": "ece-linlabsrv01.ece.gatech.edu", "processid": 231653, "history": "ExplorerRun.0", "testname": "ECE4130_Project_writeCircuit_1", "cornername": "Nominal", "point": 1, "logfile": "/nethome/ccarpenter38/ECE4130_M/Project1/ECE6130_Updated/ECE6130_LAB/Cadence/logs_ccarpenter38/logs0/Job13.log", "pid": "231653", "totalPhysicalMemory": "186.850815", "physicalMemoryUsed": "130.978508", "totalVirtualMemory": "250.850811", "virtualMemoryUsed": "153.282066", "cpuCores": "112", "processes": "11078", "loadAverage1": "3.690000", "loadAverage5": "7.360000", "loadAverage15": "6.890000", "loadAverage1Percent": "0.032946"}
[2024-11-20 13:37:18.218 -0500] [EVENT] [cadence.virtuoso.ade.simulationMonitor] - NewPoint {"history": "ExplorerRun.0", "point": 1, "testname": "ECE4130_Project_writeCircuit_1", "cornername": "Nominal", "event": "NewPoint", "EventSource": "Simulation Monitor", "HistoryName": "ExplorerRun.0", "logFile": "/nethome/ccarpenter38/ECE4130_M/Project1/ECE6130_Updated/ECE6130_LAB/Cadence/logs_ccarpenter38/logs0/Job13.log", "logFileSize": "52778", "category": "simulation"}
[2024-11-20 13:37:18.420 -0500] [EVENT] [cadence.virtuoso.ade.simulationMonitor] - NewPoint {"history": "ExplorerRun.0", "point": 1, "testname": "ECE4130_Project_writeCircuit_1", "cornername": "Nominal", "event": "NewPoint", "EventSource": "spectre", "HistoryName": "ExplorerRun.0", "logFile": "/nethome/ccarpenter38/simulation/ECE4130_Project/writeCircuit/maestro/results/maestro/ExplorerRun.0/1/ECE4130_Project_writeCircuit_1/psf/spectre.out", "logFileSize": "-1", "category": "simulation"}
[2024-11-20 13:37:18.693 -0500] [PROCESS] [cadence.virtuoso.ade.simulationMonitor] - Simulator launched {"hostname": "ece-linlabsrv01.ece.gatech.edu", "processid": 231653, "history": "ExplorerRun.0", "testname": "ECE4130_Project_writeCircuit_1", "cornername": "Nominal", "point": 1, "logfile": "/nethome/ccarpenter38/ECE4130_M/Project1/ECE6130_Updated/ECE6130_LAB/Cadence/logs_ccarpenter38/logs0/Job13.log", "simid": "4", "event": "launch", "category": "simulation"}
[2024-11-20 13:37:18.699 -0500] [PROCESS] [cadence.virtuoso.ade.simulationMonitor] - Expression evaluator launched {"hostname": "ece-linlabsrv01.ece.gatech.edu", "processid": 231653, "history": "ExplorerRun.0", "testname": "ECE4130_Project_writeCircuit_1", "cornername": "Nominal", "point": 1, "logfile": "/nethome/ccarpenter38/ECE4130_M/Project1/ECE6130_Updated/ECE6130_LAB/Cadence/logs_ccarpenter38/logs0/Job13.log"}
[2024-11-20 13:37:19.737 -0500] [INFO] [cadence.virtuoso.ade.simulationMonitor] - Peak resident memory used = 166 Mbytes. {"history": "ExplorerRun.0", "point": 1, "testname": "ECE4130_Project_writeCircuit_1", "cornername": "Nominal"}
[2024-11-20 13:37:19.737 -0500] [INFO] [cadence.virtuoso.ade.simulationMonitor] - Peak resident memory used = 174 Mbytes. {"history": "ExplorerRun.0", "point": 1, "testname": "ECE4130_Project_writeCircuit_1", "cornername": "Nominal"}
[2024-11-20 13:37:19.737 -0500] [INFO] [cadence.virtuoso.ade.simulationMonitor] - Notice from spectre during hierarchy flattening.
    The value 'psf' specified for the 'checklimitdest' option will no longer be supported in future releases. Use 'spectre -h' to see other recommended values for the 'checklimitdest' option. {"history": "ExplorerRun.0", "point": 1, "testname": "ECE4130_Project_writeCircuit_1", "cornername": "Nominal"}
[2024-11-20 13:37:19.737 -0500] [INFO] [cadence.virtuoso.ade.simulationMonitor] - Peak resident memory used = 174 Mbytes. {"history": "ExplorerRun.0", "point": 1, "testname": "ECE4130_Project_writeCircuit_1", "cornername": "Nominal"}
[2024-11-20 13:37:19.737 -0500] [INFO] [cadence.virtuoso.ade.simulationMonitor] - Notice from spectre during initial setup.
    Multithreading is disabled due to the size of the design being too small. {"history": "ExplorerRun.0", "point": 1, "testname": "ECE4130_Project_writeCircuit_1", "cornername": "Nominal"}
[2024-11-20 13:37:19.742 -0500] [INFO] [cadence.virtuoso.ade.simulationMonitor] -               nodes 7 {"history": "ExplorerRun.0", "point": 1, "testname": "ECE4130_Project_writeCircuit_1", "cornername": "Nominal"}
[2024-11-20 13:37:19.742 -0500] [INFO] [cadence.virtuoso.ade.simulationMonitor] - Notice from spectre during initial setup.
    Protected devices exist and are not included in the circuit inventory.
    APS enabled. {"history": "ExplorerRun.0", "point": 1, "testname": "ECE4130_Project_writeCircuit_1", "cornername": "Nominal"}
[2024-11-20 13:37:19.742 -0500] [INFO] [cadence.virtuoso.ade.simulationMonitor] - Peak resident memory used = 179 Mbytes. {"history": "ExplorerRun.0", "point": 1, "testname": "ECE4130_Project_writeCircuit_1", "cornername": "Nominal"}
[2024-11-20 13:37:19.743 -0500] [INFO] [cadence.virtuoso.ade.simulationMonitor] -    -   (APS) Multi-threading. The recommended number of threads is 1, consider adding +mt=1 on command line. {"history": "ExplorerRun.0", "point": 1, "testname": "ECE4130_Project_writeCircuit_1", "cornername": "Nominal"}
[2024-11-20 13:37:19.743 -0500] [INFO] [cadence.virtuoso.ade.simulationMonitor] - Notice from spectre during transient analysis `tran'.
    Multithreading is disabled due to the size of the design being too small. {"history": "ExplorerRun.0", "point": 1, "testname": "ECE4130_Project_writeCircuit_1", "cornername": "Nominal"}
[2024-11-20 13:37:19.743 -0500] [INFO] [cadence.virtuoso.ade.simulationMonitor] - Notice from spectre at time = 3.4297 ns during transient analysis `tran'.
    Found trapezoidal ringing on node _vvdd!:p. {"history": "ExplorerRun.0", "point": 1, "testname": "ECE4130_Project_writeCircuit_1", "cornername": "Nominal"}
[2024-11-20 13:37:19.743 -0500] [INFO] [cadence.virtuoso.ade.simulationMonitor] - Notice from spectre at time = 3.5097 ns during transient analysis `tran'.
    Found trapezoidal ringing on node _vvdd!:p. {"history": "ExplorerRun.0", "point": 1, "testname": "ECE4130_Project_writeCircuit_1", "cornername": "Nominal"}
[2024-11-20 13:37:19.743 -0500] [INFO] [cadence.virtuoso.ade.simulationMonitor] - Notice from spectre at time = 3.5897 ns during transient analysis `tran'.
    Found trapezoidal ringing on node _vvdd!:p. {"history": "ExplorerRun.0", "point": 1, "testname": "ECE4130_Project_writeCircuit_1", "cornername": "Nominal"}
[2024-11-20 13:37:19.744 -0500] [INFO] [cadence.virtuoso.ade.simulationMonitor] - Notice from spectre at time = 3.6697 ns during transient analysis `tran'.
    Found trapezoidal ringing on node _vvdd!:p. {"history": "ExplorerRun.0", "point": 1, "testname": "ECE4130_Project_writeCircuit_1", "cornername": "Nominal"}
[2024-11-20 13:37:19.744 -0500] [INFO] [cadence.virtuoso.ade.simulationMonitor] - Notice from spectre at time = 3.7497 ns during transient analysis `tran'.
    Found trapezoidal ringing on node _vvdd!:p.
        Further occurrences of this notice will be suppressed. {"history": "ExplorerRun.0", "point": 1, "testname": "ECE4130_Project_writeCircuit_1", "cornername": "Nominal"}
[2024-11-20 13:37:19.744 -0500] [INFO] [cadence.virtuoso.ade.simulationMonitor] - Notice from spectre during transient analysis `tran'.
    Trapezoidal ringing is detected during tran analysis.
        Please use method=trap for better results and performance. {"history": "ExplorerRun.0", "point": 1, "testname": "ECE4130_Project_writeCircuit_1", "cornername": "Nominal"}
[2024-11-20 13:37:19.745 -0500] [INFO] [cadence.virtuoso.ade.simulationMonitor] - Intrinsic tran analysis time:    CPU = 23.129 ms, elapsed = 31.2939 ms. {"history": "ExplorerRun.0", "point": 1, "testname": "ECE4130_Project_writeCircuit_1", "cornername": "Nominal"}
[2024-11-20 13:37:19.745 -0500] [INFO] [cadence.virtuoso.ade.simulationMonitor] - Total time required for tran analysis `tran': CPU = 26.003 ms, elapsed = 36.3028 ms, util. = 71.6%. {"history": "ExplorerRun.0", "point": 1, "testname": "ECE4130_Project_writeCircuit_1", "cornername": "Nominal"}
[2024-11-20 13:37:19.745 -0500] [INFO] [cadence.virtuoso.ade.simulationMonitor] - Peak resident memory used = 185 Mbytes. {"history": "ExplorerRun.0", "point": 1, "testname": "ECE4130_Project_writeCircuit_1", "cornername": "Nominal"}
[2024-11-20 13:37:19.745 -0500] [INFO] [cadence.virtuoso.ade.simulationMonitor] - Notice from spectre.
    4 notices suppressed. {"history": "ExplorerRun.0", "point": 1, "testname": "ECE4130_Project_writeCircuit_1", "cornername": "Nominal"}
[2024-11-20 13:37:19.747 -0500] [INFO] [cadence.virtuoso.ade.simulationMonitor] - Time used: CPU = 383 ms, elapsed = 533 ms, util. = 71.7%. {"history": "ExplorerRun.0", "point": 1, "testname": "ECE4130_Project_writeCircuit_1", "cornername": "Nominal"}
[2024-11-20 13:37:19.747 -0500] [INFO] [cadence.virtuoso.ade.simulationMonitor] - Time spent in licensing: elapsed = 50.2 ms, percentage of total = 9.41%. {"history": "ExplorerRun.0", "point": 1, "testname": "ECE4130_Project_writeCircuit_1", "cornername": "Nominal"}
[2024-11-20 13:37:19.748 -0500] [INFO] [cadence.virtuoso.ade.simulationMonitor] - Peak memory used = 186 Mbytes. {"history": "ExplorerRun.0", "point": 1, "testname": "ECE4130_Project_writeCircuit_1", "cornername": "Nominal"}
[2024-11-20 13:37:19.750 -0500] [PROCESS] [cadence.virtuoso.ade.simulationMonitor] - Simulation started at: 1:37:19 PM, Wed Nov 20, 2024, ended at: 1:37:19 PM, Wed Nov 20, 2024, with elapsed time (wall clock): 533 ms. {"history": "ExplorerRun.0", "point": 1, "testname": "ECE4130_Project_writeCircuit_1", "cornername": "Nominal"}
[2024-11-20 13:37:19.750 -0500] [PROCESS] [cadence.virtuoso.ade.simulationMonitor] - spectre completes with 0 errors, 0 warnings, and 13 notices. {"history": "ExplorerRun.0", "point": 1, "testname": "ECE4130_Project_writeCircuit_1", "cornername": "Nominal"}
[2024-11-20 13:37:19.750 -0500] [PROCESS] [cadence.virtuoso.ade.simulationMonitor] - Finished simulating for one point {"hostname": "ece-linlabsrv01.ece.gatech.edu", "processid": 231653, "history": "ExplorerRun.0", "testname": "ECE4130_Project_writeCircuit_1", "cornername": "Nominal", "point": 1, "logfile": "/nethome/ccarpenter38/ECE4130_M/Project1/ECE6130_Updated/ECE6130_LAB/Cadence/logs_ccarpenter38/logs0/Job13.log", "simid": "4", "event": "finish", "category": "simulation"}
[2024-11-20 13:37:19.750 -0500] [PROCESS] [cadence.virtuoso.ade.simulationMonitor] - Simulator exited {"hostname": "ece-linlabsrv01.ece.gatech.edu", "processid": 231653, "history": "ExplorerRun.0", "testname": "ECE4130_Project_writeCircuit_1", "cornername": "Nominal", "point": 1, "logfile": "/nethome/ccarpenter38/ECE4130_M/Project1/ECE6130_Updated/ECE6130_LAB/Cadence/logs_ccarpenter38/logs0/Job13.log", "exitStatus": "0"}
[2024-11-20 13:37:19.750 -0500] [PROCESS] [cadence.virtuoso.ade.simulationMonitor] - Finished Simulation {"hostname": "ece-linlabsrv01.ece.gatech.edu", "processid": 231653, "history": "ExplorerRun.0", "testname": "ECE4130_Project_writeCircuit_1", "cornername": "Nominal", "point": 1, "logfile": "/nethome/ccarpenter38/ECE4130_M/Project1/ECE6130_Updated/ECE6130_LAB/Cadence/logs_ccarpenter38/logs0/Job13.log", "simid": "4", "event": "finish", "category": "obsolete"}
[2024-11-20 13:37:24.256 -0500] [PROCESS] [cadence.virtuoso.ade.simulationMonitor] - Point Finished {"hostname": "ece-linlabsrv01.ece.gatech.edu", "processid": 231653, "history": "ExplorerRun.0", "testname": "ECE4130_Project_writeCircuit_1", "cornername": "Nominal", "point": 1, "logfile": "/nethome/ccarpenter38/ECE4130_M/Project1/ECE6130_Updated/ECE6130_LAB/Cadence/logs_ccarpenter38/logs0/Job13.log", "event": "finish", "category": "sim-eval"}
[2024-11-20 13:37:25.258 -0500] [PROCESS] [cadence.virtuoso.ade.simulationMonitor] - Stay with the runId '6', Linger time '300', currentRunSyn '13', currentTestSyn '14' {"hostname": "ece-linlabsrv01.ece.gatech.edu", "processid": 231653, "history": "ExplorerRun.0", "testname": "ECE4130_Project_writeCircuit_1", "cornername": "Nominal", "point": 1, "logfile": "/nethome/ccarpenter38/ECE4130_M/Project1/ECE6130_Updated/ECE6130_LAB/Cadence/logs_ccarpenter38/logs0/Job13.log"}
[2024-11-20 13:37:26.258 -0500] [PROCESS] [cadence.virtuoso.ade.simulationMonitor] - Stay with the runId '6', Linger time '300', currentRunSyn '13', currentTestSyn '14' {"hostname": "ece-linlabsrv01.ece.gatech.edu", "processid": 231653, "history": "ExplorerRun.0", "testname": "ECE4130_Project_writeCircuit_1", "cornername": "Nominal", "point": 1, "logfile": "/nethome/ccarpenter38/ECE4130_M/Project1/ECE6130_Updated/ECE6130_LAB/Cadence/logs_ccarpenter38/logs0/Job13.log"}
[2024-11-20 13:37:27.259 -0500] [PROCESS] [cadence.virtuoso.ade.simulationMonitor] - Stay with the runId '6', Linger time '300', currentRunSyn '13', currentTestSyn '14' {"hostname": "ece-linlabsrv01.ece.gatech.edu", "processid": 231653, "history": "ExplorerRun.0", "testname": "ECE4130_Project_writeCircuit_1", "cornername": "Nominal", "point": 1, "logfile": "/nethome/ccarpenter38/ECE4130_M/Project1/ECE6130_Updated/ECE6130_LAB/Cadence/logs_ccarpenter38/logs0/Job13.log"}
[2024-11-20 13:37:28.260 -0500] [PROCESS] [cadence.virtuoso.ade.simulationMonitor] - Stay with the runId '6', Linger time '300', currentRunSyn '13', currentTestSyn '14' {"hostname": "ece-linlabsrv01.ece.gatech.edu", "processid": 231653, "history": "ExplorerRun.0", "testname": "ECE4130_Project_writeCircuit_1", "cornername": "Nominal", "point": 1, "logfile": "/nethome/ccarpenter38/ECE4130_M/Project1/ECE6130_Updated/ECE6130_LAB/Cadence/logs_ccarpenter38/logs0/Job13.log"}
[2024-11-20 13:37:29.260 -0500] [PROCESS] [cadence.virtuoso.ade.simulationMonitor] - Stay with the runId '6', Linger time '300', currentRunSyn '13', currentTestSyn '14' {"hostname": "ece-linlabsrv01.ece.gatech.edu", "processid": 231653, "history": "ExplorerRun.0", "testname": "ECE4130_Project_writeCircuit_1", "cornername": "Nominal", "point": 1, "logfile": "/nethome/ccarpenter38/ECE4130_M/Project1/ECE6130_Updated/ECE6130_LAB/Cadence/logs_ccarpenter38/logs0/Job13.log"}
[2024-11-20 13:37:30.260 -0500] [PROCESS] [cadence.virtuoso.ade.simulationMonitor] - Stay with the runId '6', Linger time '300', currentRunSyn '13', currentTestSyn '14' {"hostname": "ece-linlabsrv01.ece.gatech.edu", "processid": 231653, "history": "ExplorerRun.0", "testname": "ECE4130_Project_writeCircuit_1", "cornername": "Nominal", "point": 1, "logfile": "/nethome/ccarpenter38/ECE4130_M/Project1/ECE6130_Updated/ECE6130_LAB/Cadence/logs_ccarpenter38/logs0/Job13.log"}
[2024-11-20 13:37:31.261 -0500] [PROCESS] [cadence.virtuoso.ade.simulationMonitor] - Stay with the runId '6', Linger time '300', currentRunSyn '13', currentTestSyn '14' {"hostname": "ece-linlabsrv01.ece.gatech.edu", "processid": 231653, "history": "ExplorerRun.0", "testname": "ECE4130_Project_writeCircuit_1", "cornername": "Nominal", "point": 1, "logfile": "/nethome/ccarpenter38/ECE4130_M/Project1/ECE6130_Updated/ECE6130_LAB/Cadence/logs_ccarpenter38/logs0/Job13.log"}
[2024-11-20 13:39:33.263 -0500] [INFO] [cadence.virtuoso.ade.simulationMonitor] - SimulationMonitor has terminated the vds process '546962', reason: 'Force to stop the expression evalutor process because of new run' {"history": "ExplorerRun.0", "point": 1, "testname": "ECE4130_Project_writeCircuit_1", "cornername": "Nominal"}
[2024-11-20 13:39:33.264 -0500] [PROCESS] [cadence.virtuoso.ade.simulationMonitor] - HostInfo:
Host name (type):	ece-linlabsrv01.ece.gatech.edu (x86_64)
Operating system:	Linux 4.18.0-553.22.1.el8_10.x86_64 #1 SMP Wed Sep 11 18:02:00 EDT 2024 {"hostname": "ece-linlabsrv01.ece.gatech.edu", "processid": 231653, "history": "ExplorerRun.0", "testname": "ECE4130_Project_writeCircuit_1", "cornername": "Nominal", "point": 1, "logfile": "/nethome/ccarpenter38/ECE4130_M/Project1/ECE6130_Updated/ECE6130_LAB/Cadence/logs_ccarpenter38/logs0/Job13.log", "nodename": "ece-linlabsrv01.ece.gatech.edu", "domainname": "(none)", "machine": "x86_64", "sysname": "Linux", "release": "4.18.0-553.22.1.el8_10.x86_64", "version": "#1 SMP Wed Sep 11 18:02:00 EDT 2024"}
[2024-11-20 13:39:33.264 -0500] [PROCESS] [cadence.virtuoso.ade.simulationMonitor] - UsageInfo:
pid=231653
totalPhysicalMemory=186.850815GB,Used=131.970463GB,totalVirtualMemory=250.850811GB,Used=154.274021GB
Cpu: Cores=112, Load average:16.200000,10.900000,8.230000 {"hostname": "ece-linlabsrv01.ece.gatech.edu", "processid": 231653, "history": "ExplorerRun.0", "testname": "ECE4130_Project_writeCircuit_1", "cornername": "Nominal", "point": 1, "logfile": "/nethome/ccarpenter38/ECE4130_M/Project1/ECE6130_Updated/ECE6130_LAB/Cadence/logs_ccarpenter38/logs0/Job13.log", "pid": "231653", "totalPhysicalMemory": "186.850815", "physicalMemoryUsed": "131.970463", "totalVirtualMemory": "250.850811", "virtualMemoryUsed": "154.274021", "cpuCores": "112", "processes": "11026", "loadAverage1": "16.200000", "loadAverage5": "10.900000", "loadAverage15": "8.230000", "loadAverage1Percent": "0.144643"}
[2024-11-20 13:39:33.268 -0500] [EVENT] [cadence.virtuoso.ade.simulationMonitor] - NewPoint {"history": "ExplorerRun.0", "point": 1, "testname": "ECE4130_Project_writeCircuit_1", "cornername": "Nominal", "event": "NewPoint", "EventSource": "Simulation Monitor", "HistoryName": "ExplorerRun.0", "logFile": "/nethome/ccarpenter38/ECE4130_M/Project1/ECE6130_Updated/ECE6130_LAB/Cadence/logs_ccarpenter38/logs0/Job13.log", "logFileSize": "68972", "category": "simulation"}
[2024-11-20 13:39:33.469 -0500] [EVENT] [cadence.virtuoso.ade.simulationMonitor] - NewPoint {"history": "ExplorerRun.0", "point": 1, "testname": "ECE4130_Project_writeCircuit_1", "cornername": "Nominal", "event": "NewPoint", "EventSource": "spectre", "HistoryName": "ExplorerRun.0", "logFile": "/nethome/ccarpenter38/simulation/ECE4130_Project/writeCircuit/maestro/results/maestro/ExplorerRun.0/1/ECE4130_Project_writeCircuit_1/psf/spectre.out", "logFileSize": "-1", "category": "simulation"}
[2024-11-20 13:39:33.704 -0500] [PROCESS] [cadence.virtuoso.ade.simulationMonitor] - Simulator launched {"hostname": "ece-linlabsrv01.ece.gatech.edu", "processid": 231653, "history": "ExplorerRun.0", "testname": "ECE4130_Project_writeCircuit_1", "cornername": "Nominal", "point": 1, "logfile": "/nethome/ccarpenter38/ECE4130_M/Project1/ECE6130_Updated/ECE6130_LAB/Cadence/logs_ccarpenter38/logs0/Job13.log", "simid": "5", "event": "launch", "category": "simulation"}
[2024-11-20 13:39:33.708 -0500] [PROCESS] [cadence.virtuoso.ade.simulationMonitor] - Expression evaluator launched {"hostname": "ece-linlabsrv01.ece.gatech.edu", "processid": 231653, "history": "ExplorerRun.0", "testname": "ECE4130_Project_writeCircuit_1", "cornername": "Nominal", "point": 1, "logfile": "/nethome/ccarpenter38/ECE4130_M/Project1/ECE6130_Updated/ECE6130_LAB/Cadence/logs_ccarpenter38/logs0/Job13.log"}
[2024-11-20 13:39:34.691 -0500] [PROCESS] [cadence.virtuoso.ade.simulationMonitor] - Started Simulation {"hostname": "ece-linlabsrv01.ece.gatech.edu", "processid": 231653, "history": "ExplorerRun.0", "testname": "ECE4130_Project_writeCircuit_1", "cornername": "Nominal", "point": 1, "logfile": "/nethome/ccarpenter38/ECE4130_M/Project1/ECE6130_Updated/ECE6130_LAB/Cadence/logs_ccarpenter38/logs0/Job13.log", "event": "start", "category": "simulation"}
[2024-11-20 13:39:35.192 -0500] [INFO] [cadence.virtuoso.ade.simulationMonitor] - Peak resident memory used = 164 Mbytes. {"history": "ExplorerRun.0", "point": 1, "testname": "ECE4130_Project_writeCircuit_1", "cornername": "Nominal"}
[2024-11-20 13:39:35.192 -0500] [INFO] [cadence.virtuoso.ade.simulationMonitor] - Peak resident memory used = 172 Mbytes. {"history": "ExplorerRun.0", "point": 1, "testname": "ECE4130_Project_writeCircuit_1", "cornername": "Nominal"}
[2024-11-20 13:39:35.192 -0500] [INFO] [cadence.virtuoso.ade.simulationMonitor] - Notice from spectre during hierarchy flattening.
    The value 'psf' specified for the 'checklimitdest' option will no longer be supported in future releases. Use 'spectre -h' to see other recommended values for the 'checklimitdest' option. {"history": "ExplorerRun.0", "point": 1, "testname": "ECE4130_Project_writeCircuit_1", "cornername": "Nominal"}
[2024-11-20 13:39:35.192 -0500] [INFO] [cadence.virtuoso.ade.simulationMonitor] - Peak resident memory used = 172 Mbytes. {"history": "ExplorerRun.0", "point": 1, "testname": "ECE4130_Project_writeCircuit_1", "cornername": "Nominal"}
[2024-11-20 13:39:35.192 -0500] [INFO] [cadence.virtuoso.ade.simulationMonitor] - Notice from spectre during initial setup.
    Multithreading is disabled due to the size of the design being too small. {"history": "ExplorerRun.0", "point": 1, "testname": "ECE4130_Project_writeCircuit_1", "cornername": "Nominal"}
[2024-11-20 13:39:35.196 -0500] [INFO] [cadence.virtuoso.ade.simulationMonitor] -               nodes 7 {"history": "ExplorerRun.0", "point": 1, "testname": "ECE4130_Project_writeCircuit_1", "cornername": "Nominal"}
[2024-11-20 13:39:35.197 -0500] [INFO] [cadence.virtuoso.ade.simulationMonitor] - Notice from spectre during initial setup.
    Protected devices exist and are not included in the circuit inventory.
    APS enabled. {"history": "ExplorerRun.0", "point": 1, "testname": "ECE4130_Project_writeCircuit_1", "cornername": "Nominal"}
[2024-11-20 13:39:35.197 -0500] [INFO] [cadence.virtuoso.ade.simulationMonitor] - Peak resident memory used = 177 Mbytes. {"history": "ExplorerRun.0", "point": 1, "testname": "ECE4130_Project_writeCircuit_1", "cornername": "Nominal"}
[2024-11-20 13:39:35.197 -0500] [INFO] [cadence.virtuoso.ade.simulationMonitor] -    -   (APS) Multi-threading. The recommended number of threads is 1, consider adding +mt=1 on command line. {"history": "ExplorerRun.0", "point": 1, "testname": "ECE4130_Project_writeCircuit_1", "cornername": "Nominal"}
[2024-11-20 13:39:35.197 -0500] [INFO] [cadence.virtuoso.ade.simulationMonitor] - Notice from spectre during transient analysis `tran'.
    Multithreading is disabled due to the size of the design being too small. {"history": "ExplorerRun.0", "point": 1, "testname": "ECE4130_Project_writeCircuit_1", "cornername": "Nominal"}
[2024-11-20 13:39:35.197 -0500] [INFO] [cadence.virtuoso.ade.simulationMonitor] - Notice from spectre at time = 3.56723 ns during transient analysis `tran'.
    Found trapezoidal ringing on node _vvdd!:p. {"history": "ExplorerRun.0", "point": 1, "testname": "ECE4130_Project_writeCircuit_1", "cornername": "Nominal"}
[2024-11-20 13:39:35.198 -0500] [INFO] [cadence.virtuoso.ade.simulationMonitor] - Notice from spectre at time = 3.64723 ns during transient analysis `tran'.
    Found trapezoidal ringing on node _vvdd!:p. {"history": "ExplorerRun.0", "point": 1, "testname": "ECE4130_Project_writeCircuit_1", "cornername": "Nominal"}
[2024-11-20 13:39:35.198 -0500] [INFO] [cadence.virtuoso.ade.simulationMonitor] - Notice from spectre at time = 3.72723 ns during transient analysis `tran'.
    Found trapezoidal ringing on node _vvdd!:p. {"history": "ExplorerRun.0", "point": 1, "testname": "ECE4130_Project_writeCircuit_1", "cornername": "Nominal"}
[2024-11-20 13:39:35.198 -0500] [INFO] [cadence.virtuoso.ade.simulationMonitor] - Notice from spectre at time = 3.80723 ns during transient analysis `tran'.
    Found trapezoidal ringing on node _vvdd!:p. {"history": "ExplorerRun.0", "point": 1, "testname": "ECE4130_Project_writeCircuit_1", "cornername": "Nominal"}
[2024-11-20 13:39:35.198 -0500] [INFO] [cadence.virtuoso.ade.simulationMonitor] - Notice from spectre at time = 3.88723 ns during transient analysis `tran'.
    Found trapezoidal ringing on node _vvdd!:p.
        Further occurrences of this notice will be suppressed. {"history": "ExplorerRun.0", "point": 1, "testname": "ECE4130_Project_writeCircuit_1", "cornername": "Nominal"}
[2024-11-20 13:39:35.198 -0500] [INFO] [cadence.virtuoso.ade.simulationMonitor] - Notice from spectre during transient analysis `tran'.
    Trapezoidal ringing is detected during tran analysis.
        Please use method=trap for better results and performance. {"history": "ExplorerRun.0", "point": 1, "testname": "ECE4130_Project_writeCircuit_1", "cornername": "Nominal"}
[2024-11-20 13:39:35.199 -0500] [INFO] [cadence.virtuoso.ade.simulationMonitor] - Intrinsic tran analysis time:    CPU = 24.462 ms, elapsed = 31.7159 ms. {"history": "ExplorerRun.0", "point": 1, "testname": "ECE4130_Project_writeCircuit_1", "cornername": "Nominal"}
[2024-11-20 13:39:35.199 -0500] [INFO] [cadence.virtuoso.ade.simulationMonitor] - Total time required for tran analysis `tran': CPU = 27.022 ms, elapsed = 36.1781 ms, util. = 74.7%. {"history": "ExplorerRun.0", "point": 1, "testname": "ECE4130_Project_writeCircuit_1", "cornername": "Nominal"}
[2024-11-20 13:39:35.199 -0500] [INFO] [cadence.virtuoso.ade.simulationMonitor] - Peak resident memory used = 183 Mbytes. {"history": "ExplorerRun.0", "point": 1, "testname": "ECE4130_Project_writeCircuit_1", "cornername": "Nominal"}
[2024-11-20 13:39:35.199 -0500] [INFO] [cadence.virtuoso.ade.simulationMonitor] - Notice from spectre.
    2 notices suppressed. {"history": "ExplorerRun.0", "point": 1, "testname": "ECE4130_Project_writeCircuit_1", "cornername": "Nominal"}
[2024-11-20 13:39:35.200 -0500] [INFO] [cadence.virtuoso.ade.simulationMonitor] - Time used: CPU = 368 ms, elapsed = 515 ms, util. = 71.5%. {"history": "ExplorerRun.0", "point": 1, "testname": "ECE4130_Project_writeCircuit_1", "cornername": "Nominal"}
[2024-11-20 13:39:35.200 -0500] [INFO] [cadence.virtuoso.ade.simulationMonitor] - Time spent in licensing: elapsed = 50.6 ms, percentage of total = 9.84%. {"history": "ExplorerRun.0", "point": 1, "testname": "ECE4130_Project_writeCircuit_1", "cornername": "Nominal"}
[2024-11-20 13:39:35.201 -0500] [INFO] [cadence.virtuoso.ade.simulationMonitor] - Peak memory used = 184 Mbytes. {"history": "ExplorerRun.0", "point": 1, "testname": "ECE4130_Project_writeCircuit_1", "cornername": "Nominal"}
[2024-11-20 13:39:35.203 -0500] [PROCESS] [cadence.virtuoso.ade.simulationMonitor] - Simulation started at: 1:39:34 PM, Wed Nov 20, 2024, ended at: 1:39:34 PM, Wed Nov 20, 2024, with elapsed time (wall clock): 515 ms. {"history": "ExplorerRun.0", "point": 1, "testname": "ECE4130_Project_writeCircuit_1", "cornername": "Nominal"}
[2024-11-20 13:39:35.204 -0500] [PROCESS] [cadence.virtuoso.ade.simulationMonitor] - spectre completes with 0 errors, 0 warnings, and 13 notices. {"history": "ExplorerRun.0", "point": 1, "testname": "ECE4130_Project_writeCircuit_1", "cornername": "Nominal"}
[2024-11-20 13:39:35.204 -0500] [PROCESS] [cadence.virtuoso.ade.simulationMonitor] - Finished simulating for one point {"hostname": "ece-linlabsrv01.ece.gatech.edu", "processid": 231653, "history": "ExplorerRun.0", "testname": "ECE4130_Project_writeCircuit_1", "cornername": "Nominal", "point": 1, "logfile": "/nethome/ccarpenter38/ECE4130_M/Project1/ECE6130_Updated/ECE6130_LAB/Cadence/logs_ccarpenter38/logs0/Job13.log", "simid": "5", "event": "finish", "category": "simulation"}
[2024-11-20 13:39:35.204 -0500] [PROCESS] [cadence.virtuoso.ade.simulationMonitor] - Simulator exited {"hostname": "ece-linlabsrv01.ece.gatech.edu", "processid": 231653, "history": "ExplorerRun.0", "testname": "ECE4130_Project_writeCircuit_1", "cornername": "Nominal", "point": 1, "logfile": "/nethome/ccarpenter38/ECE4130_M/Project1/ECE6130_Updated/ECE6130_LAB/Cadence/logs_ccarpenter38/logs0/Job13.log", "exitStatus": "0"}
[2024-11-20 13:39:35.204 -0500] [PROCESS] [cadence.virtuoso.ade.simulationMonitor] - Finished Simulation {"hostname": "ece-linlabsrv01.ece.gatech.edu", "processid": 231653, "history": "ExplorerRun.0", "testname": "ECE4130_Project_writeCircuit_1", "cornername": "Nominal", "point": 1, "logfile": "/nethome/ccarpenter38/ECE4130_M/Project1/ECE6130_Updated/ECE6130_LAB/Cadence/logs_ccarpenter38/logs0/Job13.log", "simid": "5", "event": "finish", "category": "obsolete"}
[2024-11-20 13:39:39.209 -0500] [PROCESS] [cadence.virtuoso.ade.simulationMonitor] - Point Finished {"hostname": "ece-linlabsrv01.ece.gatech.edu", "processid": 231653, "history": "ExplorerRun.0", "testname": "ECE4130_Project_writeCircuit_1", "cornername": "Nominal", "point": 1, "logfile": "/nethome/ccarpenter38/ECE4130_M/Project1/ECE6130_Updated/ECE6130_LAB/Cadence/logs_ccarpenter38/logs0/Job13.log", "event": "finish", "category": "sim-eval"}
[2024-11-20 13:39:40.211 -0500] [PROCESS] [cadence.virtuoso.ade.simulationMonitor] - Stay with the runId '7', Linger time '300', currentRunSyn '15', currentTestSyn '16' {"hostname": "ece-linlabsrv01.ece.gatech.edu", "processid": 231653, "history": "ExplorerRun.0", "testname": "ECE4130_Project_writeCircuit_1", "cornername": "Nominal", "point": 1, "logfile": "/nethome/ccarpenter38/ECE4130_M/Project1/ECE6130_Updated/ECE6130_LAB/Cadence/logs_ccarpenter38/logs0/Job13.log"}
[2024-11-20 13:39:41.212 -0500] [PROCESS] [cadence.virtuoso.ade.simulationMonitor] - Stay with the runId '7', Linger time '300', currentRunSyn '15', currentTestSyn '16' {"hostname": "ece-linlabsrv01.ece.gatech.edu", "processid": 231653, "history": "ExplorerRun.0", "testname": "ECE4130_Project_writeCircuit_1", "cornername": "Nominal", "point": 1, "logfile": "/nethome/ccarpenter38/ECE4130_M/Project1/ECE6130_Updated/ECE6130_LAB/Cadence/logs_ccarpenter38/logs0/Job13.log"}
[2024-11-20 13:39:42.212 -0500] [PROCESS] [cadence.virtuoso.ade.simulationMonitor] - Stay with the runId '7', Linger time '300', currentRunSyn '15', currentTestSyn '16' {"hostname": "ece-linlabsrv01.ece.gatech.edu", "processid": 231653, "history": "ExplorerRun.0", "testname": "ECE4130_Project_writeCircuit_1", "cornername": "Nominal", "point": 1, "logfile": "/nethome/ccarpenter38/ECE4130_M/Project1/ECE6130_Updated/ECE6130_LAB/Cadence/logs_ccarpenter38/logs0/Job13.log"}
[2024-11-20 13:39:43.213 -0500] [PROCESS] [cadence.virtuoso.ade.simulationMonitor] - Stay with the runId '7', Linger time '300', currentRunSyn '15', currentTestSyn '16' {"hostname": "ece-linlabsrv01.ece.gatech.edu", "processid": 231653, "history": "ExplorerRun.0", "testname": "ECE4130_Project_writeCircuit_1", "cornername": "Nominal", "point": 1, "logfile": "/nethome/ccarpenter38/ECE4130_M/Project1/ECE6130_Updated/ECE6130_LAB/Cadence/logs_ccarpenter38/logs0/Job13.log"}
[2024-11-20 13:39:44.213 -0500] [PROCESS] [cadence.virtuoso.ade.simulationMonitor] - Stay with the runId '7', Linger time '300', currentRunSyn '15', currentTestSyn '16' {"hostname": "ece-linlabsrv01.ece.gatech.edu", "processid": 231653, "history": "ExplorerRun.0", "testname": "ECE4130_Project_writeCircuit_1", "cornername": "Nominal", "point": 1, "logfile": "/nethome/ccarpenter38/ECE4130_M/Project1/ECE6130_Updated/ECE6130_LAB/Cadence/logs_ccarpenter38/logs0/Job13.log"}
[2024-11-20 13:39:45.213 -0500] [PROCESS] [cadence.virtuoso.ade.simulationMonitor] - Stay with the runId '7', Linger time '300', currentRunSyn '15', currentTestSyn '16' {"hostname": "ece-linlabsrv01.ece.gatech.edu", "processid": 231653, "history": "ExplorerRun.0", "testname": "ECE4130_Project_writeCircuit_1", "cornername": "Nominal", "point": 1, "logfile": "/nethome/ccarpenter38/ECE4130_M/Project1/ECE6130_Updated/ECE6130_LAB/Cadence/logs_ccarpenter38/logs0/Job13.log"}
[2024-11-20 13:39:46.214 -0500] [PROCESS] [cadence.virtuoso.ade.simulationMonitor] - Stay with the runId '7', Linger time '300', currentRunSyn '15', currentTestSyn '16' {"hostname": "ece-linlabsrv01.ece.gatech.edu", "processid": 231653, "history": "ExplorerRun.0", "testname": "ECE4130_Project_writeCircuit_1", "cornername": "Nominal", "point": 1, "logfile": "/nethome/ccarpenter38/ECE4130_M/Project1/ECE6130_Updated/ECE6130_LAB/Cadence/logs_ccarpenter38/logs0/Job13.log"}
[2024-11-20 13:44:43.135 -0500] [PROCESS] [cadence.virtuoso.ade.simulationMonitor] - Current memory used: 84.0977 MBytes, peak memory used: 84.0977 MBytes {"hostname": "ece-linlabsrv01.ece.gatech.edu", "processid": 231653, "history": "ExplorerRun.0", "testname": "ECE4130_Project_writeCircuit_1", "cornername": "Nominal", "point": 1, "logfile": "/nethome/ccarpenter38/ECE4130_M/Project1/ECE6130_Updated/ECE6130_LAB/Cadence/logs_ccarpenter38/logs0/Job13.log"}
[2024-11-20 13:44:43.135 -0500] [PROCESS] [cadence.virtuoso.ade.simulationMonitor] - Simulation Monitor process exits. {"hostname": "ece-linlabsrv01.ece.gatech.edu", "processid": 231653, "history": "ExplorerRun.0", "testname": "ECE4130_Project_writeCircuit_1", "cornername": "Nominal", "point": 1, "logfile": "/nethome/ccarpenter38/ECE4130_M/Project1/ECE6130_Updated/ECE6130_LAB/Cadence/logs_ccarpenter38/logs0/Job13.log"}
