[Simulation Monitor: 15]
[2024-11-18 22:34:12.551 -0500] [PROCESS] [cadence.virtuoso.ade.simulationMonitor] - Started the simulation monitor process {"hostname": "ece-linlabsrv01.ece.gatech.edu", "processid": 2419089, "logfile": "/nethome/ccarpenter38/ECE4130_M/Project1/ECE6130_Updated/ECE6130_LAB/Cadence/logs_ccarpenter38/logs0/Job15.log", "simulation monitor command line": "/tools/software/cadence/ic/23.10.080/tools.lnx86/dfII/bin/64bit/spectreMonitor --davinciService DaVinciService_3868065_1731978347 --axlsession fnxSession5 -lscs 000175E1894CBE06FF0966E38F1FFC06BC4D77F482089272CC286FA78410926AD02479FE8D1C9F67D0227DAAD244CD35C87766E3A12FFC06BC4D01DF882BFB32DB7100001DF3 -beanhost ece-linlabsrv01.ece.gatech.edu -beanport 11546 -beanLogFile /nethome/ccarpenter38/ECE4130_M/Project1/ECE6130_Updated/ECE6130_LAB/Cadence/logs_ccarpenter38/logs0/amps_Job15.log -beanbinlog  --domain 0 --interactive yes --netlistOpt no --useMultiPointEvaluation yes --exprEvalShowJobStderr yes --evalSimParallel no --maxSims 0 --historyName ExplorerRun.0 --historyUUID  --exprEvaluator vds --mcMapping mc1.mapping --checkLogStatusInterval 0 --checkSimulatorLogTimeout 1200 --exprEvalMaxTries 3 --maxNFSSyncWait 60 -adeBrokerAddress ece-linlabsrv01.ece.gatech.edu:36107 --statdbType h5v2 --fromADE true --virtuosoBinary virtuoso --guiDisplay localhost:13.0 --globalStatus 60 --evaluateMultiMC yes --evalOnSimFail SkipFailedAnalyses --numRetriesOnError 1 --fenixMode explorer --lingertimeout 300 -ahdlLockTimeout 60 --sdbLib ECE4130_Project --sdbCell flipFlop --sdbView maestro --heartBeatFileDir /dev/shm --id 15 --uuid d803cbc3-473c-4985-a517-29b95c2cd89b --log /nethome/ccarpenter38/ECE4130_M/Project1/ECE6130_Updated/ECE6130_LAB/Cadence/logs_ccarpenter38/logs0/Job15.log "}
[2024-11-18 22:34:12.552 -0500] [PROCESS] [cadence.virtuoso.ade.simulationMonitor] - Started the simulation monitor process {"hostname": "ece-linlabsrv01.ece.gatech.edu", "processid": 2419089, "logfile": "/nethome/ccarpenter38/ECE4130_M/Project1/ECE6130_Updated/ECE6130_LAB/Cadence/logs_ccarpenter38/logs0/Job15.log", "current directory": "/nethome/ccarpenter38/ECE4130_M/Project1/ECE6130_Updated/ECE6130_LAB/Cadence"}
[2024-11-18 22:34:12.552 -0500] [PROCESS] [cadence.virtuoso.ade.simulationMonitor] - Simulation Monitor has successfully started up. Trying to set up communication channels to other components ... {"hostname": "ece-linlabsrv01.ece.gatech.edu", "processid": 2419089, "logfile": "/nethome/ccarpenter38/ECE4130_M/Project1/ECE6130_Updated/ECE6130_LAB/Cadence/logs_ccarpenter38/logs0/Job15.log"}
[2024-11-18 22:34:12.555 -0500] [PROCESS] [cadence.virtuoso.ade.simulationMonitor] - Communication channels have been successfully set up. Start processing events ... {"hostname": "ece-linlabsrv01.ece.gatech.edu", "processid": 2419089, "logfile": "/nethome/ccarpenter38/ECE4130_M/Project1/ECE6130_Updated/ECE6130_LAB/Cadence/logs_ccarpenter38/logs0/Job15.log"}
[2024-11-18 22:34:12.555 -0500] [PROCESS] [cadence.virtuoso.ade.simulationMonitor] - Considering to start history {"hostname": "ece-linlabsrv01.ece.gatech.edu", "processid": 2419089, "history": "ExplorerRun.0", "logfile": "/nethome/ccarpenter38/ECE4130_M/Project1/ECE6130_Updated/ECE6130_LAB/Cadence/logs_ccarpenter38/logs0/Job15.log"}
[2024-11-18 22:34:12.558 -0500] [PROCESS] [cadence.virtuoso.ade.simulationMonitor] - HostInfo:
Host name (type):	ece-linlabsrv01.ece.gatech.edu (x86_64)
Operating system:	Linux 4.18.0-553.22.1.el8_10.x86_64 #1 SMP Wed Sep 11 18:02:00 EDT 2024 {"hostname": "ece-linlabsrv01.ece.gatech.edu", "processid": 2419089, "history": "ExplorerRun.0", "logfile": "/nethome/ccarpenter38/ECE4130_M/Project1/ECE6130_Updated/ECE6130_LAB/Cadence/logs_ccarpenter38/logs0/Job15.log", "nodename": "ece-linlabsrv01.ece.gatech.edu", "domainname": "(none)", "machine": "x86_64", "sysname": "Linux", "release": "4.18.0-553.22.1.el8_10.x86_64", "version": "#1 SMP Wed Sep 11 18:02:00 EDT 2024"}
[2024-11-18 22:34:12.558 -0500] [PROCESS] [cadence.virtuoso.ade.simulationMonitor] - UsageInfo:
pid=2419089
totalPhysicalMemory=186.850815GB,Used=137.968460GB,totalVirtualMemory=250.850811GB,Used=160.254669GB
Cpu: Cores=112, Load average:4.280000,5.670000,7.400000 {"hostname": "ece-linlabsrv01.ece.gatech.edu", "processid": 2419089, "history": "ExplorerRun.0", "logfile": "/nethome/ccarpenter38/ECE4130_M/Project1/ECE6130_Updated/ECE6130_LAB/Cadence/logs_ccarpenter38/logs0/Job15.log", "pid": "2419089", "totalPhysicalMemory": "186.850815", "physicalMemoryUsed": "137.968460", "totalVirtualMemory": "250.850811", "virtualMemoryUsed": "160.254669", "cpuCores": "112", "processes": "13776", "loadAverage1": "4.280000", "loadAverage5": "5.670000", "loadAverage15": "7.400000", "loadAverage1Percent": "0.038214"}
[2024-11-18 22:34:12.562 -0500] [EVENT] [cadence.virtuoso.ade.simulationMonitor] - NewPoint {"history": "ExplorerRun.0", "point": 1, "testname": "ECE4130_Project_flipFlop_1", "cornername": "Nominal", "event": "NewPoint", "EventSource": "Simulation Monitor", "HistoryName": "ExplorerRun.0", "logFile": "/nethome/ccarpenter38/ECE4130_M/Project1/ECE6130_Updated/ECE6130_LAB/Cadence/logs_ccarpenter38/logs0/Job15.log", "logFileSize": "4752", "category": "simulation"}
[2024-11-18 22:34:12.764 -0500] [EVENT] [cadence.virtuoso.ade.simulationMonitor] - NewPoint {"history": "ExplorerRun.0", "point": 1, "testname": "ECE4130_Project_flipFlop_1", "cornername": "Nominal", "event": "NewPoint", "EventSource": "spectre", "HistoryName": "ExplorerRun.0", "logFile": "/nethome/ccarpenter38/simulation/ECE4130_Project/flipFlop/maestro/results/maestro/ExplorerRun.0/1/ECE4130_Project_flipFlop_1/psf/spectre.out", "logFileSize": "-1", "category": "simulation"}
[2024-11-18 22:34:13.009 -0500] [PROCESS] [cadence.virtuoso.ade.simulationMonitor] - Simulator launched {"hostname": "ece-linlabsrv01.ece.gatech.edu", "processid": 2419089, "history": "ExplorerRun.0", "testname": "ECE4130_Project_flipFlop_1", "cornername": "Nominal", "point": 1, "logfile": "/nethome/ccarpenter38/ECE4130_M/Project1/ECE6130_Updated/ECE6130_LAB/Cadence/logs_ccarpenter38/logs0/Job15.log", "simid": "1", "event": "launch", "category": "simulation"}
[2024-11-18 22:34:13.013 -0500] [PROCESS] [cadence.virtuoso.ade.simulationMonitor] - Expression evaluator launched {"hostname": "ece-linlabsrv01.ece.gatech.edu", "processid": 2419089, "history": "ExplorerRun.0", "testname": "ECE4130_Project_flipFlop_1", "cornername": "Nominal", "point": 1, "logfile": "/nethome/ccarpenter38/ECE4130_M/Project1/ECE6130_Updated/ECE6130_LAB/Cadence/logs_ccarpenter38/logs0/Job15.log"}
[2024-11-18 22:34:14.404 -0500] [INFO] [cadence.virtuoso.ade.simulationMonitor] - Peak resident memory used = 166 Mbytes. {"history": "ExplorerRun.0", "point": 1, "testname": "ECE4130_Project_flipFlop_1", "cornername": "Nominal"}
[2024-11-18 22:34:14.404 -0500] [INFO] [cadence.virtuoso.ade.simulationMonitor] - Peak resident memory used = 174 Mbytes. {"history": "ExplorerRun.0", "point": 1, "testname": "ECE4130_Project_flipFlop_1", "cornername": "Nominal"}
[2024-11-18 22:34:14.404 -0500] [INFO] [cadence.virtuoso.ade.simulationMonitor] - Notice from spectre during hierarchy flattening.
    The value 'psf' specified for the 'checklimitdest' option will no longer be supported in future releases. Use 'spectre -h' to see other recommended values for the 'checklimitdest' option. {"history": "ExplorerRun.0", "point": 1, "testname": "ECE4130_Project_flipFlop_1", "cornername": "Nominal"}
[2024-11-18 22:34:14.404 -0500] [INFO] [cadence.virtuoso.ade.simulationMonitor] - Peak resident memory used = 176 Mbytes. {"history": "ExplorerRun.0", "point": 1, "testname": "ECE4130_Project_flipFlop_1", "cornername": "Nominal"}
[2024-11-18 22:34:14.404 -0500] [INFO] [cadence.virtuoso.ade.simulationMonitor] - Notice from spectre during initial setup.
    Multithreading is disabled due to the size of the design being too small. {"history": "ExplorerRun.0", "point": 1, "testname": "ECE4130_Project_flipFlop_1", "cornername": "Nominal"}
[2024-11-18 22:34:14.408 -0500] [INFO] [cadence.virtuoso.ade.simulationMonitor] -               nodes 10 {"history": "ExplorerRun.0", "point": 1, "testname": "ECE4130_Project_flipFlop_1", "cornername": "Nominal"}
[2024-11-18 22:34:14.409 -0500] [INFO] [cadence.virtuoso.ade.simulationMonitor] - Notice from spectre during initial setup.
    Protected devices exist and are not included in the circuit inventory.
    APS enabled. {"history": "ExplorerRun.0", "point": 1, "testname": "ECE4130_Project_flipFlop_1", "cornername": "Nominal"}
[2024-11-18 22:34:14.409 -0500] [INFO] [cadence.virtuoso.ade.simulationMonitor] - Peak resident memory used = 178 Mbytes. {"history": "ExplorerRun.0", "point": 1, "testname": "ECE4130_Project_flipFlop_1", "cornername": "Nominal"}
[2024-11-18 22:34:14.410 -0500] [INFO] [cadence.virtuoso.ade.simulationMonitor] -    -   (APS) Multi-threading. The recommended number of threads is 1, consider adding +mt=1 on command line. {"history": "ExplorerRun.0", "point": 1, "testname": "ECE4130_Project_flipFlop_1", "cornername": "Nominal"}
[2024-11-18 22:34:14.410 -0500] [INFO] [cadence.virtuoso.ade.simulationMonitor] - Notice from spectre during transient analysis `tran'.
    Multithreading is disabled due to the size of the design being too small. {"history": "ExplorerRun.0", "point": 1, "testname": "ECE4130_Project_flipFlop_1", "cornername": "Nominal"}
[2024-11-18 22:34:14.411 -0500] [INFO] [cadence.virtuoso.ade.simulationMonitor] - Intrinsic tran analysis time:    CPU = 72.7 ms, elapsed = 84.4998 ms. {"history": "ExplorerRun.0", "point": 1, "testname": "ECE4130_Project_flipFlop_1", "cornername": "Nominal"}
[2024-11-18 22:34:14.411 -0500] [INFO] [cadence.virtuoso.ade.simulationMonitor] - Total time required for tran analysis `tran': CPU = 75.891 ms, elapsed = 90.677 ms, util. = 83.7%. {"history": "ExplorerRun.0", "point": 1, "testname": "ECE4130_Project_flipFlop_1", "cornername": "Nominal"}
[2024-11-18 22:34:14.411 -0500] [INFO] [cadence.virtuoso.ade.simulationMonitor] - Peak resident memory used = 185 Mbytes. {"history": "ExplorerRun.0", "point": 1, "testname": "ECE4130_Project_flipFlop_1", "cornername": "Nominal"}
[2024-11-18 22:34:14.411 -0500] [ERROR] [cadence.virtuoso.ade.simulationMonitor] -     ERROR (SFE-421): Undefined parameter name `t'. {"history": "ExplorerRun.0", "point": 1, "testname": "ECE4130_Project_flipFlop_1", "cornername": "Nominal"}
[2024-11-18 22:34:14.411 -0500] [ERROR] [cadence.virtuoso.ade.simulationMonitor] - Analysis `dc' was terminated prematurely due to an error. {"history": "ExplorerRun.0", "point": 1, "testname": "ECE4130_Project_flipFlop_1", "cornername": "Nominal"}
[2024-11-18 22:34:14.414 -0500] [INFO] [cadence.virtuoso.ade.simulationMonitor] - Time used: CPU = 422 ms, elapsed = 603 ms, util. = 70%. {"history": "ExplorerRun.0", "point": 1, "testname": "ECE4130_Project_flipFlop_1", "cornername": "Nominal"}
[2024-11-18 22:34:14.414 -0500] [INFO] [cadence.virtuoso.ade.simulationMonitor] - Time spent in licensing: elapsed = 61.6 ms, percentage of total = 10.2%. {"history": "ExplorerRun.0", "point": 1, "testname": "ECE4130_Project_flipFlop_1", "cornername": "Nominal"}
[2024-11-18 22:34:14.415 -0500] [INFO] [cadence.virtuoso.ade.simulationMonitor] - Peak memory used = 187 Mbytes. {"history": "ExplorerRun.0", "point": 1, "testname": "ECE4130_Project_flipFlop_1", "cornername": "Nominal"}
[2024-11-18 22:34:14.417 -0500] [PROCESS] [cadence.virtuoso.ade.simulationMonitor] - Simulation started at: 10:34:13 PM, Mon Nov 18, 2024, ended at: 10:34:14 PM, Mon Nov 18, 2024, with elapsed time (wall clock): 603 ms. {"history": "ExplorerRun.0", "point": 1, "testname": "ECE4130_Project_flipFlop_1", "cornername": "Nominal"}
[2024-11-18 22:34:14.417 -0500] [PROCESS] [cadence.virtuoso.ade.simulationMonitor] - spectre completes with 1 error, 0 warnings, and 6 notices. {"history": "ExplorerRun.0", "point": 1, "testname": "ECE4130_Project_flipFlop_1", "cornername": "Nominal"}
[2024-11-18 22:34:14.417 -0500] [PROCESS] [cadence.virtuoso.ade.simulationMonitor] - Finished simulating for one point {"hostname": "ece-linlabsrv01.ece.gatech.edu", "processid": 2419089, "history": "ExplorerRun.0", "testname": "ECE4130_Project_flipFlop_1", "cornername": "Nominal", "point": 1, "logfile": "/nethome/ccarpenter38/ECE4130_M/Project1/ECE6130_Updated/ECE6130_LAB/Cadence/logs_ccarpenter38/logs0/Job15.log", "simid": "1", "event": "finish", "category": "simulation"}
[2024-11-18 22:34:14.417 -0500] [ERROR] [cadence.virtuoso.ade.simulationMonitor] - While simulating run ExplorerRun.0, point 1, test ECE4130_Project_flipFlop_1, received error:
Simulation Error:
 The simulator process returned a non-zero exit code, indicating failure.
The simulator could have crashed or intentionally returned to indicate an error.
Check the simulator log file for more information.  Common causes:
1. Simulator may have crashed during exit even after reporting success in log file.
2. Abrupt automatic simulator termination (e.g., SIGKILL) because the simulator process has
 ... {"history": "ExplorerRun.0", "point": 1, "testname": "ECE4130_Project_flipFlop_1", "cornername": "Nominal"}
[2024-11-18 22:34:14.418 -0500] [PROCESS] [cadence.virtuoso.ade.simulationMonitor] - Finished Simulation {"hostname": "ece-linlabsrv01.ece.gatech.edu", "processid": 2419089, "history": "ExplorerRun.0", "testname": "ECE4130_Project_flipFlop_1", "cornername": "Nominal", "point": 1, "logfile": "/nethome/ccarpenter38/ECE4130_M/Project1/ECE6130_Updated/ECE6130_LAB/Cadence/logs_ccarpenter38/logs0/Job15.log", "simid": "1", "event": "finish", "category": "obsolete"}
[2024-11-18 22:34:18.423 -0500] [PROCESS] [cadence.virtuoso.ade.simulationMonitor] - Point Finished {"hostname": "ece-linlabsrv01.ece.gatech.edu", "processid": 2419089, "history": "ExplorerRun.0", "testname": "ECE4130_Project_flipFlop_1", "cornername": "Nominal", "point": 1, "logfile": "/nethome/ccarpenter38/ECE4130_M/Project1/ECE6130_Updated/ECE6130_LAB/Cadence/logs_ccarpenter38/logs0/Job15.log", "event": "finish", "category": "sim-eval"}
[2024-11-18 22:34:19.425 -0500] [PROCESS] [cadence.virtuoso.ade.simulationMonitor] - Stay with the runId '0', Linger time '300', currentRunSyn '1', currentTestSyn '2' {"hostname": "ece-linlabsrv01.ece.gatech.edu", "processid": 2419089, "history": "ExplorerRun.0", "testname": "ECE4130_Project_flipFlop_1", "cornername": "Nominal", "point": 1, "logfile": "/nethome/ccarpenter38/ECE4130_M/Project1/ECE6130_Updated/ECE6130_LAB/Cadence/logs_ccarpenter38/logs0/Job15.log"}
[2024-11-18 22:34:20.426 -0500] [PROCESS] [cadence.virtuoso.ade.simulationMonitor] - Stay with the runId '0', Linger time '300', currentRunSyn '1', currentTestSyn '2' {"hostname": "ece-linlabsrv01.ece.gatech.edu", "processid": 2419089, "history": "ExplorerRun.0", "testname": "ECE4130_Project_flipFlop_1", "cornername": "Nominal", "point": 1, "logfile": "/nethome/ccarpenter38/ECE4130_M/Project1/ECE6130_Updated/ECE6130_LAB/Cadence/logs_ccarpenter38/logs0/Job15.log"}
[2024-11-18 22:34:21.426 -0500] [PROCESS] [cadence.virtuoso.ade.simulationMonitor] - Stay with the runId '0', Linger time '300', currentRunSyn '1', currentTestSyn '2' {"hostname": "ece-linlabsrv01.ece.gatech.edu", "processid": 2419089, "history": "ExplorerRun.0", "testname": "ECE4130_Project_flipFlop_1", "cornername": "Nominal", "point": 1, "logfile": "/nethome/ccarpenter38/ECE4130_M/Project1/ECE6130_Updated/ECE6130_LAB/Cadence/logs_ccarpenter38/logs0/Job15.log"}
[2024-11-18 22:34:22.427 -0500] [PROCESS] [cadence.virtuoso.ade.simulationMonitor] - Stay with the runId '0', Linger time '300', currentRunSyn '1', currentTestSyn '2' {"hostname": "ece-linlabsrv01.ece.gatech.edu", "processid": 2419089, "history": "ExplorerRun.0", "testname": "ECE4130_Project_flipFlop_1", "cornername": "Nominal", "point": 1, "logfile": "/nethome/ccarpenter38/ECE4130_M/Project1/ECE6130_Updated/ECE6130_LAB/Cadence/logs_ccarpenter38/logs0/Job15.log"}
[2024-11-18 22:34:23.427 -0500] [PROCESS] [cadence.virtuoso.ade.simulationMonitor] - Stay with the runId '0', Linger time '300', currentRunSyn '1', currentTestSyn '2' {"hostname": "ece-linlabsrv01.ece.gatech.edu", "processid": 2419089, "history": "ExplorerRun.0", "testname": "ECE4130_Project_flipFlop_1", "cornername": "Nominal", "point": 1, "logfile": "/nethome/ccarpenter38/ECE4130_M/Project1/ECE6130_Updated/ECE6130_LAB/Cadence/logs_ccarpenter38/logs0/Job15.log"}
[2024-11-18 22:34:24.427 -0500] [PROCESS] [cadence.virtuoso.ade.simulationMonitor] - Stay with the runId '0', Linger time '300', currentRunSyn '1', currentTestSyn '2' {"hostname": "ece-linlabsrv01.ece.gatech.edu", "processid": 2419089, "history": "ExplorerRun.0", "testname": "ECE4130_Project_flipFlop_1", "cornername": "Nominal", "point": 1, "logfile": "/nethome/ccarpenter38/ECE4130_M/Project1/ECE6130_Updated/ECE6130_LAB/Cadence/logs_ccarpenter38/logs0/Job15.log"}
[2024-11-18 22:34:36.713 -0500] [PROCESS] [cadence.virtuoso.ade.simulationMonitor] - get signal Terminated<15> from user:ccarpenter38, which pid:2419085:/tools/software/cadence/ic/latest/tools/bin/64bit/cdsServIpc {"hostname": "ece-linlabsrv01.ece.gatech.edu", "processid": 2419089, "history": "ExplorerRun.0", "testname": "ECE4130_Project_flipFlop_1", "cornername": "Nominal", "point": 1, "logfile": "/nethome/ccarpenter38/ECE4130_M/Project1/ECE6130_Updated/ECE6130_LAB/Cadence/logs_ccarpenter38/logs0/Job15.log", "signal": "15", "signalName": "Terminated", "which": "/tools/software/cadence/ic/latest/tools/bin/64bit/cdsServIpc", "pid": "2419085", "user": "ccarpenter38", "uid": "1099950"}
[2024-11-18 22:34:36.713 -0500] [INFO] [cadence.virtuoso.ade.simulationMonitor] - SimulationMonitor has terminated the  process '2419154', reason: 'simulationMonitor is handling signal 15' {"history": "ExplorerRun.0", "point": 1, "testname": "ECE4130_Project_flipFlop_1", "cornername": "Nominal"}
