[Simulation Monitor: 10]
[2024-11-20 13:18:17.947 -0500] [PROCESS] [cadence.virtuoso.ade.simulationMonitor] - Started the simulation monitor process {"hostname": "ece-linlabsrv01.ece.gatech.edu", "processid": 22490, "logfile": "/nethome/ccarpenter38/ECE4130_M/Project1/ECE6130_Updated/ECE6130_LAB/Cadence/logs_ccarpenter38/logs0/Job10.log", "simulation monitor command line": "/tools/software/cadence/ic/23.10.080/tools.lnx86/dfII/bin/64bit/spectreMonitor --davinciService DaVinciService_2691158_1732123233 --axlsession fnxSession2 -lscs 000175E1894CBE06FF0966E38F1FFC06BC4D77F482089272CC286FA78410926AD02479FE8D1C9F67D0227DAAD245CD34C87766E3A12FFC06BC4D01DDA8F6DBEFDB7300001E28 -beanhost ece-linlabsrv01.ece.gatech.edu -beanport 11581 -beanLogFile /nethome/ccarpenter38/ECE4130_M/Project1/ECE6130_Updated/ECE6130_LAB/Cadence/logs_ccarpenter38/logs0/amps_Job10.log -beanbinlog  --domain 0 --interactive yes --netlistOpt no --useMultiPointEvaluation yes --exprEvalShowJobStderr yes --evalSimParallel no --maxSims 0 --historyName ExplorerRun.0 --historyUUID  --exprEvaluator vds --mcMapping mc1.mapping --checkLogStatusInterval 0 --checkSimulatorLogTimeout 1200 --exprEvalMaxTries 3 --maxNFSSyncWait 60 -adeBrokerAddress ece-linlabsrv01.ece.gatech.edu:33535 --statdbType h5v2 --fromADE true --virtuosoBinary virtuoso --guiDisplay localhost:12.0 --globalStatus 60 --evaluateMultiMC yes --evalOnSimFail SkipFailedAnalyses --numRetriesOnError 1 --fenixMode explorer --lingertimeout 300 -ahdlLockTimeout 60 --sdbLib ECE4130_Project --sdbCell writeCircuit --sdbView maestro --heartBeatFileDir /dev/shm --id 10 --uuid 0499ed0c-8714-4198-8ece-3d09ee057b5b --log /nethome/ccarpenter38/ECE4130_M/Project1/ECE6130_Updated/ECE6130_LAB/Cadence/logs_ccarpenter38/logs0/Job10.log "}
[2024-11-20 13:18:17.947 -0500] [PROCESS] [cadence.virtuoso.ade.simulationMonitor] - Started the simulation monitor process {"hostname": "ece-linlabsrv01.ece.gatech.edu", "processid": 22490, "logfile": "/nethome/ccarpenter38/ECE4130_M/Project1/ECE6130_Updated/ECE6130_LAB/Cadence/logs_ccarpenter38/logs0/Job10.log", "current directory": "/nethome/ccarpenter38/ECE4130_M/Project1/ECE6130_Updated/ECE6130_LAB/Cadence"}
[2024-11-20 13:18:17.948 -0500] [PROCESS] [cadence.virtuoso.ade.simulationMonitor] - Simulation Monitor has successfully started up. Trying to set up communication channels to other components ... {"hostname": "ece-linlabsrv01.ece.gatech.edu", "processid": 22490, "logfile": "/nethome/ccarpenter38/ECE4130_M/Project1/ECE6130_Updated/ECE6130_LAB/Cadence/logs_ccarpenter38/logs0/Job10.log"}
[2024-11-20 13:18:17.951 -0500] [PROCESS] [cadence.virtuoso.ade.simulationMonitor] - Communication channels have been successfully set up. Start processing events ... {"hostname": "ece-linlabsrv01.ece.gatech.edu", "processid": 22490, "logfile": "/nethome/ccarpenter38/ECE4130_M/Project1/ECE6130_Updated/ECE6130_LAB/Cadence/logs_ccarpenter38/logs0/Job10.log"}
[2024-11-20 13:18:17.951 -0500] [PROCESS] [cadence.virtuoso.ade.simulationMonitor] - Considering to start history {"hostname": "ece-linlabsrv01.ece.gatech.edu", "processid": 22490, "history": "ExplorerRun.0", "logfile": "/nethome/ccarpenter38/ECE4130_M/Project1/ECE6130_Updated/ECE6130_LAB/Cadence/logs_ccarpenter38/logs0/Job10.log"}
[2024-11-20 13:18:17.953 -0500] [PROCESS] [cadence.virtuoso.ade.simulationMonitor] - HostInfo:
Host name (type):	ece-linlabsrv01.ece.gatech.edu (x86_64)
Operating system:	Linux 4.18.0-553.22.1.el8_10.x86_64 #1 SMP Wed Sep 11 18:02:00 EDT 2024 {"hostname": "ece-linlabsrv01.ece.gatech.edu", "processid": 22490, "history": "ExplorerRun.0", "logfile": "/nethome/ccarpenter38/ECE4130_M/Project1/ECE6130_Updated/ECE6130_LAB/Cadence/logs_ccarpenter38/logs0/Job10.log", "nodename": "ece-linlabsrv01.ece.gatech.edu", "domainname": "(none)", "machine": "x86_64", "sysname": "Linux", "release": "4.18.0-553.22.1.el8_10.x86_64", "version": "#1 SMP Wed Sep 11 18:02:00 EDT 2024"}
[2024-11-20 13:18:17.953 -0500] [PROCESS] [cadence.virtuoso.ade.simulationMonitor] - UsageInfo:
pid=22490
totalPhysicalMemory=186.850815GB,Used=129.976624GB,totalVirtualMemory=250.850811GB,Used=152.280182GB
Cpu: Cores=112, Load average:1.810000,3.490000,5.100000 {"hostname": "ece-linlabsrv01.ece.gatech.edu", "processid": 22490, "history": "ExplorerRun.0", "logfile": "/nethome/ccarpenter38/ECE4130_M/Project1/ECE6130_Updated/ECE6130_LAB/Cadence/logs_ccarpenter38/logs0/Job10.log", "pid": "22490", "totalPhysicalMemory": "186.850815", "physicalMemoryUsed": "129.976624", "totalVirtualMemory": "250.850811", "virtualMemoryUsed": "152.280182", "cpuCores": "112", "processes": "10890", "loadAverage1": "1.810000", "loadAverage5": "3.490000", "loadAverage15": "5.100000", "loadAverage1Percent": "0.016161"}
[2024-11-20 13:18:17.957 -0500] [EVENT] [cadence.virtuoso.ade.simulationMonitor] - NewPoint {"history": "ExplorerRun.0", "point": 1, "testname": "ECE4130_Project_writeCircuit_1", "cornername": "Nominal", "event": "NewPoint", "EventSource": "Simulation Monitor", "HistoryName": "ExplorerRun.0", "logFile": "/nethome/ccarpenter38/ECE4130_M/Project1/ECE6130_Updated/ECE6130_LAB/Cadence/logs_ccarpenter38/logs0/Job10.log", "logFileSize": "4738", "category": "simulation"}
[2024-11-20 13:18:18.159 -0500] [EVENT] [cadence.virtuoso.ade.simulationMonitor] - NewPoint {"history": "ExplorerRun.0", "point": 1, "testname": "ECE4130_Project_writeCircuit_1", "cornername": "Nominal", "event": "NewPoint", "EventSource": "spectre", "HistoryName": "ExplorerRun.0", "logFile": "/nethome/ccarpenter38/simulation/ECE4130_Project/writeCircuit/maestro/results/maestro/ExplorerRun.0/1/ECE4130_Project_writeCircuit_1/psf/spectre.out", "logFileSize": "-1", "category": "simulation"}
[2024-11-20 13:18:18.405 -0500] [PROCESS] [cadence.virtuoso.ade.simulationMonitor] - Simulator launched {"hostname": "ece-linlabsrv01.ece.gatech.edu", "processid": 22490, "history": "ExplorerRun.0", "testname": "ECE4130_Project_writeCircuit_1", "cornername": "Nominal", "point": 1, "logfile": "/nethome/ccarpenter38/ECE4130_M/Project1/ECE6130_Updated/ECE6130_LAB/Cadence/logs_ccarpenter38/logs0/Job10.log", "simid": "1", "event": "launch", "category": "simulation"}
[2024-11-20 13:18:18.409 -0500] [PROCESS] [cadence.virtuoso.ade.simulationMonitor] - Expression evaluator launched {"hostname": "ece-linlabsrv01.ece.gatech.edu", "processid": 22490, "history": "ExplorerRun.0", "testname": "ECE4130_Project_writeCircuit_1", "cornername": "Nominal", "point": 1, "logfile": "/nethome/ccarpenter38/ECE4130_M/Project1/ECE6130_Updated/ECE6130_LAB/Cadence/logs_ccarpenter38/logs0/Job10.log"}
[2024-11-20 13:18:19.367 -0500] [PROCESS] [cadence.virtuoso.ade.simulationMonitor] - Started Simulation {"hostname": "ece-linlabsrv01.ece.gatech.edu", "processid": 22490, "history": "ExplorerRun.0", "testname": "ECE4130_Project_writeCircuit_1", "cornername": "Nominal", "point": 1, "logfile": "/nethome/ccarpenter38/ECE4130_M/Project1/ECE6130_Updated/ECE6130_LAB/Cadence/logs_ccarpenter38/logs0/Job10.log", "event": "start", "category": "simulation"}
[2024-11-20 13:18:19.367 -0500] [INFO] [cadence.virtuoso.ade.simulationMonitor] - Peak resident memory used = 162 Mbytes. {"history": "ExplorerRun.0", "point": 1, "testname": "ECE4130_Project_writeCircuit_1", "cornername": "Nominal"}
[2024-11-20 13:18:19.867 -0500] [INFO] [cadence.virtuoso.ade.simulationMonitor] - Peak resident memory used = 170 Mbytes. {"history": "ExplorerRun.0", "point": 1, "testname": "ECE4130_Project_writeCircuit_1", "cornername": "Nominal"}
[2024-11-20 13:18:19.867 -0500] [INFO] [cadence.virtuoso.ade.simulationMonitor] - Notice from spectre during hierarchy flattening.
    The value 'psf' specified for the 'checklimitdest' option will no longer be supported in future releases. Use 'spectre -h' to see other recommended values for the 'checklimitdest' option. {"history": "ExplorerRun.0", "point": 1, "testname": "ECE4130_Project_writeCircuit_1", "cornername": "Nominal"}
[2024-11-20 13:18:19.867 -0500] [INFO] [cadence.virtuoso.ade.simulationMonitor] - Peak resident memory used = 170 Mbytes. {"history": "ExplorerRun.0", "point": 1, "testname": "ECE4130_Project_writeCircuit_1", "cornername": "Nominal"}
[2024-11-20 13:18:19.867 -0500] [INFO] [cadence.virtuoso.ade.simulationMonitor] - Notice from spectre during initial setup.
    Multithreading is disabled due to the size of the design being too small. {"history": "ExplorerRun.0", "point": 1, "testname": "ECE4130_Project_writeCircuit_1", "cornername": "Nominal"}
[2024-11-20 13:18:19.872 -0500] [INFO] [cadence.virtuoso.ade.simulationMonitor] -               nodes 7 {"history": "ExplorerRun.0", "point": 1, "testname": "ECE4130_Project_writeCircuit_1", "cornername": "Nominal"}
[2024-11-20 13:18:19.873 -0500] [INFO] [cadence.virtuoso.ade.simulationMonitor] - Notice from spectre during initial setup.
    Protected devices exist and are not included in the circuit inventory.
    APS enabled. {"history": "ExplorerRun.0", "point": 1, "testname": "ECE4130_Project_writeCircuit_1", "cornername": "Nominal"}
[2024-11-20 13:18:19.873 -0500] [INFO] [cadence.virtuoso.ade.simulationMonitor] - Peak resident memory used = 175 Mbytes. {"history": "ExplorerRun.0", "point": 1, "testname": "ECE4130_Project_writeCircuit_1", "cornername": "Nominal"}
[2024-11-20 13:18:19.874 -0500] [INFO] [cadence.virtuoso.ade.simulationMonitor] -    -   (APS) Multi-threading. The recommended number of threads is 1, consider adding +mt=1 on command line. {"history": "ExplorerRun.0", "point": 1, "testname": "ECE4130_Project_writeCircuit_1", "cornername": "Nominal"}
[2024-11-20 13:18:19.874 -0500] [INFO] [cadence.virtuoso.ade.simulationMonitor] - Notice from spectre during transient analysis `tran'.
    Multithreading is disabled due to the size of the design being too small. {"history": "ExplorerRun.0", "point": 1, "testname": "ECE4130_Project_writeCircuit_1", "cornername": "Nominal"}
[2024-11-20 13:18:19.874 -0500] [INFO] [cadence.virtuoso.ade.simulationMonitor] - Notice from spectre at time = 2.30708 ns during transient analysis `tran'.
    Found trapezoidal ringing on node _vvdd!:p. {"history": "ExplorerRun.0", "point": 1, "testname": "ECE4130_Project_writeCircuit_1", "cornername": "Nominal"}
[2024-11-20 13:18:19.874 -0500] [INFO] [cadence.virtuoso.ade.simulationMonitor] - Notice from spectre at time = 2.36708 ns during transient analysis `tran'.
    Found trapezoidal ringing on node _vvdd!:p. {"history": "ExplorerRun.0", "point": 1, "testname": "ECE4130_Project_writeCircuit_1", "cornername": "Nominal"}
[2024-11-20 13:18:19.874 -0500] [INFO] [cadence.virtuoso.ade.simulationMonitor] - Notice from spectre at time = 2.42708 ns during transient analysis `tran'.
    Found trapezoidal ringing on node _vvdd!:p. {"history": "ExplorerRun.0", "point": 1, "testname": "ECE4130_Project_writeCircuit_1", "cornername": "Nominal"}
[2024-11-20 13:18:19.874 -0500] [INFO] [cadence.virtuoso.ade.simulationMonitor] - Notice from spectre at time = 2.48708 ns during transient analysis `tran'.
    Found trapezoidal ringing on node _vvdd!:p. {"history": "ExplorerRun.0", "point": 1, "testname": "ECE4130_Project_writeCircuit_1", "cornername": "Nominal"}
[2024-11-20 13:18:19.874 -0500] [INFO] [cadence.virtuoso.ade.simulationMonitor] - Notice from spectre at time = 2.54708 ns during transient analysis `tran'.
    Found trapezoidal ringing on node _vvdd!:p.
        Further occurrences of this notice will be suppressed. {"history": "ExplorerRun.0", "point": 1, "testname": "ECE4130_Project_writeCircuit_1", "cornername": "Nominal"}
[2024-11-20 13:18:19.874 -0500] [INFO] [cadence.virtuoso.ade.simulationMonitor] - Notice from spectre during transient analysis `tran'.
    Trapezoidal ringing is detected during tran analysis.
        Please use method=trap for better results and performance. {"history": "ExplorerRun.0", "point": 1, "testname": "ECE4130_Project_writeCircuit_1", "cornername": "Nominal"}
[2024-11-20 13:18:19.875 -0500] [INFO] [cadence.virtuoso.ade.simulationMonitor] - Intrinsic tran analysis time:    CPU = 14.183 ms, elapsed = 21.6079 ms. {"history": "ExplorerRun.0", "point": 1, "testname": "ECE4130_Project_writeCircuit_1", "cornername": "Nominal"}
[2024-11-20 13:18:19.875 -0500] [INFO] [cadence.virtuoso.ade.simulationMonitor] - Total time required for tran analysis `tran': CPU = 16.973 ms, elapsed = 26.0952 ms, util. = 65%. {"history": "ExplorerRun.0", "point": 1, "testname": "ECE4130_Project_writeCircuit_1", "cornername": "Nominal"}
[2024-11-20 13:18:19.875 -0500] [INFO] [cadence.virtuoso.ade.simulationMonitor] - Peak resident memory used = 181 Mbytes. {"history": "ExplorerRun.0", "point": 1, "testname": "ECE4130_Project_writeCircuit_1", "cornername": "Nominal"}
[2024-11-20 13:18:19.875 -0500] [INFO] [cadence.virtuoso.ade.simulationMonitor] - Notice from spectre.
    8 notices suppressed. {"history": "ExplorerRun.0", "point": 1, "testname": "ECE4130_Project_writeCircuit_1", "cornername": "Nominal"}
[2024-11-20 13:18:19.877 -0500] [INFO] [cadence.virtuoso.ade.simulationMonitor] - Time used: CPU = 359 ms, elapsed = 511 ms, util. = 70.2%. {"history": "ExplorerRun.0", "point": 1, "testname": "ECE4130_Project_writeCircuit_1", "cornername": "Nominal"}
[2024-11-20 13:18:19.877 -0500] [INFO] [cadence.virtuoso.ade.simulationMonitor] - Time spent in licensing: elapsed = 55.1 ms, percentage of total = 10.8%. {"history": "ExplorerRun.0", "point": 1, "testname": "ECE4130_Project_writeCircuit_1", "cornername": "Nominal"}
[2024-11-20 13:18:19.878 -0500] [INFO] [cadence.virtuoso.ade.simulationMonitor] - Peak memory used = 182 Mbytes. {"history": "ExplorerRun.0", "point": 1, "testname": "ECE4130_Project_writeCircuit_1", "cornername": "Nominal"}
[2024-11-20 13:18:19.880 -0500] [PROCESS] [cadence.virtuoso.ade.simulationMonitor] - Simulation started at: 1:18:18 PM, Wed Nov 20, 2024, ended at: 1:18:19 PM, Wed Nov 20, 2024, with elapsed time (wall clock): 511 ms. {"history": "ExplorerRun.0", "point": 1, "testname": "ECE4130_Project_writeCircuit_1", "cornername": "Nominal"}
[2024-11-20 13:18:19.880 -0500] [PROCESS] [cadence.virtuoso.ade.simulationMonitor] - spectre completes with 0 errors, 0 warnings, and 13 notices. {"history": "ExplorerRun.0", "point": 1, "testname": "ECE4130_Project_writeCircuit_1", "cornername": "Nominal"}
[2024-11-20 13:18:19.880 -0500] [PROCESS] [cadence.virtuoso.ade.simulationMonitor] - Finished simulating for one point {"hostname": "ece-linlabsrv01.ece.gatech.edu", "processid": 22490, "history": "ExplorerRun.0", "testname": "ECE4130_Project_writeCircuit_1", "cornername": "Nominal", "point": 1, "logfile": "/nethome/ccarpenter38/ECE4130_M/Project1/ECE6130_Updated/ECE6130_LAB/Cadence/logs_ccarpenter38/logs0/Job10.log", "simid": "1", "event": "finish", "category": "simulation"}
[2024-11-20 13:18:19.880 -0500] [PROCESS] [cadence.virtuoso.ade.simulationMonitor] - Simulator exited {"hostname": "ece-linlabsrv01.ece.gatech.edu", "processid": 22490, "history": "ExplorerRun.0", "testname": "ECE4130_Project_writeCircuit_1", "cornername": "Nominal", "point": 1, "logfile": "/nethome/ccarpenter38/ECE4130_M/Project1/ECE6130_Updated/ECE6130_LAB/Cadence/logs_ccarpenter38/logs0/Job10.log", "exitStatus": "0"}
[2024-11-20 13:18:19.880 -0500] [PROCESS] [cadence.virtuoso.ade.simulationMonitor] - Finished Simulation {"hostname": "ece-linlabsrv01.ece.gatech.edu", "processid": 22490, "history": "ExplorerRun.0", "testname": "ECE4130_Project_writeCircuit_1", "cornername": "Nominal", "point": 1, "logfile": "/nethome/ccarpenter38/ECE4130_M/Project1/ECE6130_Updated/ECE6130_LAB/Cadence/logs_ccarpenter38/logs0/Job10.log", "simid": "1", "event": "finish", "category": "obsolete"}
[2024-11-20 13:18:23.384 -0500] [PROCESS] [cadence.virtuoso.ade.simulationMonitor] - Point Finished {"hostname": "ece-linlabsrv01.ece.gatech.edu", "processid": 22490, "history": "ExplorerRun.0", "testname": "ECE4130_Project_writeCircuit_1", "cornername": "Nominal", "point": 1, "logfile": "/nethome/ccarpenter38/ECE4130_M/Project1/ECE6130_Updated/ECE6130_LAB/Cadence/logs_ccarpenter38/logs0/Job10.log", "event": "finish", "category": "sim-eval"}
[2024-11-20 13:18:24.386 -0500] [PROCESS] [cadence.virtuoso.ade.simulationMonitor] - Stay with the runId '0', Linger time '300', currentRunSyn '1', currentTestSyn '2' {"hostname": "ece-linlabsrv01.ece.gatech.edu", "processid": 22490, "history": "ExplorerRun.0", "testname": "ECE4130_Project_writeCircuit_1", "cornername": "Nominal", "point": 1, "logfile": "/nethome/ccarpenter38/ECE4130_M/Project1/ECE6130_Updated/ECE6130_LAB/Cadence/logs_ccarpenter38/logs0/Job10.log"}
[2024-11-20 13:18:25.386 -0500] [PROCESS] [cadence.virtuoso.ade.simulationMonitor] - Stay with the runId '0', Linger time '300', currentRunSyn '1', currentTestSyn '2' {"hostname": "ece-linlabsrv01.ece.gatech.edu", "processid": 22490, "history": "ExplorerRun.0", "testname": "ECE4130_Project_writeCircuit_1", "cornername": "Nominal", "point": 1, "logfile": "/nethome/ccarpenter38/ECE4130_M/Project1/ECE6130_Updated/ECE6130_LAB/Cadence/logs_ccarpenter38/logs0/Job10.log"}
[2024-11-20 13:18:26.386 -0500] [PROCESS] [cadence.virtuoso.ade.simulationMonitor] - Stay with the runId '0', Linger time '300', currentRunSyn '1', currentTestSyn '2' {"hostname": "ece-linlabsrv01.ece.gatech.edu", "processid": 22490, "history": "ExplorerRun.0", "testname": "ECE4130_Project_writeCircuit_1", "cornername": "Nominal", "point": 1, "logfile": "/nethome/ccarpenter38/ECE4130_M/Project1/ECE6130_Updated/ECE6130_LAB/Cadence/logs_ccarpenter38/logs0/Job10.log"}
[2024-11-20 13:18:27.387 -0500] [PROCESS] [cadence.virtuoso.ade.simulationMonitor] - Stay with the runId '0', Linger time '300', currentRunSyn '1', currentTestSyn '2' {"hostname": "ece-linlabsrv01.ece.gatech.edu", "processid": 22490, "history": "ExplorerRun.0", "testname": "ECE4130_Project_writeCircuit_1", "cornername": "Nominal", "point": 1, "logfile": "/nethome/ccarpenter38/ECE4130_M/Project1/ECE6130_Updated/ECE6130_LAB/Cadence/logs_ccarpenter38/logs0/Job10.log"}
[2024-11-20 13:18:28.388 -0500] [PROCESS] [cadence.virtuoso.ade.simulationMonitor] - Stay with the runId '0', Linger time '300', currentRunSyn '1', currentTestSyn '2' {"hostname": "ece-linlabsrv01.ece.gatech.edu", "processid": 22490, "history": "ExplorerRun.0", "testname": "ECE4130_Project_writeCircuit_1", "cornername": "Nominal", "point": 1, "logfile": "/nethome/ccarpenter38/ECE4130_M/Project1/ECE6130_Updated/ECE6130_LAB/Cadence/logs_ccarpenter38/logs0/Job10.log"}
[2024-11-20 13:18:29.388 -0500] [PROCESS] [cadence.virtuoso.ade.simulationMonitor] - Stay with the runId '0', Linger time '300', currentRunSyn '1', currentTestSyn '2' {"hostname": "ece-linlabsrv01.ece.gatech.edu", "processid": 22490, "history": "ExplorerRun.0", "testname": "ECE4130_Project_writeCircuit_1", "cornername": "Nominal", "point": 1, "logfile": "/nethome/ccarpenter38/ECE4130_M/Project1/ECE6130_Updated/ECE6130_LAB/Cadence/logs_ccarpenter38/logs0/Job10.log"}
[2024-11-20 13:18:30.389 -0500] [PROCESS] [cadence.virtuoso.ade.simulationMonitor] - Stay with the runId '0', Linger time '300', currentRunSyn '1', currentTestSyn '2' {"hostname": "ece-linlabsrv01.ece.gatech.edu", "processid": 22490, "history": "ExplorerRun.0", "testname": "ECE4130_Project_writeCircuit_1", "cornername": "Nominal", "point": 1, "logfile": "/nethome/ccarpenter38/ECE4130_M/Project1/ECE6130_Updated/ECE6130_LAB/Cadence/logs_ccarpenter38/logs0/Job10.log"}
[2024-11-20 13:18:31.389 -0500] [PROCESS] [cadence.virtuoso.ade.simulationMonitor] - Stay with the runId '0', Linger time '300', currentRunSyn '1', currentTestSyn '2' {"hostname": "ece-linlabsrv01.ece.gatech.edu", "processid": 22490, "history": "ExplorerRun.0", "testname": "ECE4130_Project_writeCircuit_1", "cornername": "Nominal", "point": 1, "logfile": "/nethome/ccarpenter38/ECE4130_M/Project1/ECE6130_Updated/ECE6130_LAB/Cadence/logs_ccarpenter38/logs0/Job10.log"}
[2024-11-20 13:19:42.375 -0500] [INFO] [cadence.virtuoso.ade.simulationMonitor] - SimulationMonitor has terminated the vds process '22874', reason: 'Force to stop the expression evalutor process because of new run' {"history": "ExplorerRun.0", "point": 1, "testname": "ECE4130_Project_writeCircuit_1", "cornername": "Nominal"}
[2024-11-20 13:19:42.376 -0500] [PROCESS] [cadence.virtuoso.ade.simulationMonitor] - HostInfo:
Host name (type):	ece-linlabsrv01.ece.gatech.edu (x86_64)
Operating system:	Linux 4.18.0-553.22.1.el8_10.x86_64 #1 SMP Wed Sep 11 18:02:00 EDT 2024 {"hostname": "ece-linlabsrv01.ece.gatech.edu", "processid": 22490, "history": "ExplorerRun.0", "testname": "ECE4130_Project_writeCircuit_1", "cornername": "Nominal", "point": 1, "logfile": "/nethome/ccarpenter38/ECE4130_M/Project1/ECE6130_Updated/ECE6130_LAB/Cadence/logs_ccarpenter38/logs0/Job10.log", "nodename": "ece-linlabsrv01.ece.gatech.edu", "domainname": "(none)", "machine": "x86_64", "sysname": "Linux", "release": "4.18.0-553.22.1.el8_10.x86_64", "version": "#1 SMP Wed Sep 11 18:02:00 EDT 2024"}
[2024-11-20 13:19:42.376 -0500] [PROCESS] [cadence.virtuoso.ade.simulationMonitor] - UsageInfo:
pid=22490
totalPhysicalMemory=186.850815GB,Used=129.014053GB,totalVirtualMemory=250.850811GB,Used=151.317612GB
Cpu: Cores=112, Load average:2.510000,3.180000,4.840000 {"hostname": "ece-linlabsrv01.ece.gatech.edu", "processid": 22490, "history": "ExplorerRun.0", "testname": "ECE4130_Project_writeCircuit_1", "cornername": "Nominal", "point": 1, "logfile": "/nethome/ccarpenter38/ECE4130_M/Project1/ECE6130_Updated/ECE6130_LAB/Cadence/logs_ccarpenter38/logs0/Job10.log", "pid": "22490", "totalPhysicalMemory": "186.850815", "physicalMemoryUsed": "129.014053", "totalVirtualMemory": "250.850811", "virtualMemoryUsed": "151.317612", "cpuCores": "112", "processes": "10637", "loadAverage1": "2.510000", "loadAverage5": "3.180000", "loadAverage15": "4.840000", "loadAverage1Percent": "0.022411"}
[2024-11-20 13:19:42.385 -0500] [EVENT] [cadence.virtuoso.ade.simulationMonitor] - NewPoint {"history": "ExplorerRun.0", "point": 1, "testname": "ECE4130_Project_writeCircuit_1", "cornername": "Nominal", "event": "NewPoint", "EventSource": "Simulation Monitor", "HistoryName": "ExplorerRun.0", "logFile": "/nethome/ccarpenter38/ECE4130_M/Project1/ECE6130_Updated/ECE6130_LAB/Cadence/logs_ccarpenter38/logs0/Job10.log", "logFileSize": "21819", "category": "simulation"}
[2024-11-20 13:19:42.588 -0500] [EVENT] [cadence.virtuoso.ade.simulationMonitor] - NewPoint {"history": "ExplorerRun.0", "point": 1, "testname": "ECE4130_Project_writeCircuit_1", "cornername": "Nominal", "event": "NewPoint", "EventSource": "spectre", "HistoryName": "ExplorerRun.0", "logFile": "/nethome/ccarpenter38/simulation/ECE4130_Project/writeCircuit/maestro/results/maestro/ExplorerRun.0/1/ECE4130_Project_writeCircuit_1/psf/spectre.out", "logFileSize": "-1", "category": "simulation"}
[2024-11-20 13:19:42.861 -0500] [PROCESS] [cadence.virtuoso.ade.simulationMonitor] - Simulator launched {"hostname": "ece-linlabsrv01.ece.gatech.edu", "processid": 22490, "history": "ExplorerRun.0", "testname": "ECE4130_Project_writeCircuit_1", "cornername": "Nominal", "point": 1, "logfile": "/nethome/ccarpenter38/ECE4130_M/Project1/ECE6130_Updated/ECE6130_LAB/Cadence/logs_ccarpenter38/logs0/Job10.log", "simid": "2", "event": "launch", "category": "simulation"}
[2024-11-20 13:19:42.867 -0500] [PROCESS] [cadence.virtuoso.ade.simulationMonitor] - Expression evaluator launched {"hostname": "ece-linlabsrv01.ece.gatech.edu", "processid": 22490, "history": "ExplorerRun.0", "testname": "ECE4130_Project_writeCircuit_1", "cornername": "Nominal", "point": 1, "logfile": "/nethome/ccarpenter38/ECE4130_M/Project1/ECE6130_Updated/ECE6130_LAB/Cadence/logs_ccarpenter38/logs0/Job10.log"}
[2024-11-20 13:19:43.792 -0500] [PROCESS] [cadence.virtuoso.ade.simulationMonitor] - Started Simulation {"hostname": "ece-linlabsrv01.ece.gatech.edu", "processid": 22490, "history": "ExplorerRun.0", "testname": "ECE4130_Project_writeCircuit_1", "cornername": "Nominal", "point": 1, "logfile": "/nethome/ccarpenter38/ECE4130_M/Project1/ECE6130_Updated/ECE6130_LAB/Cadence/logs_ccarpenter38/logs0/Job10.log", "event": "start", "category": "simulation"}
[2024-11-20 13:19:44.293 -0500] [INFO] [cadence.virtuoso.ade.simulationMonitor] - Peak resident memory used = 163 Mbytes. {"history": "ExplorerRun.0", "point": 1, "testname": "ECE4130_Project_writeCircuit_1", "cornername": "Nominal"}
[2024-11-20 13:19:44.293 -0500] [INFO] [cadence.virtuoso.ade.simulationMonitor] - Peak resident memory used = 171 Mbytes. {"history": "ExplorerRun.0", "point": 1, "testname": "ECE4130_Project_writeCircuit_1", "cornername": "Nominal"}
[2024-11-20 13:19:44.293 -0500] [INFO] [cadence.virtuoso.ade.simulationMonitor] - Notice from spectre during hierarchy flattening.
    The value 'psf' specified for the 'checklimitdest' option will no longer be supported in future releases. Use 'spectre -h' to see other recommended values for the 'checklimitdest' option. {"history": "ExplorerRun.0", "point": 1, "testname": "ECE4130_Project_writeCircuit_1", "cornername": "Nominal"}
[2024-11-20 13:19:44.294 -0500] [INFO] [cadence.virtuoso.ade.simulationMonitor] - Peak resident memory used = 171 Mbytes. {"history": "ExplorerRun.0", "point": 1, "testname": "ECE4130_Project_writeCircuit_1", "cornername": "Nominal"}
[2024-11-20 13:19:44.294 -0500] [INFO] [cadence.virtuoso.ade.simulationMonitor] - Notice from spectre during initial setup.
    Multithreading is disabled due to the size of the design being too small. {"history": "ExplorerRun.0", "point": 1, "testname": "ECE4130_Project_writeCircuit_1", "cornername": "Nominal"}
[2024-11-20 13:19:44.298 -0500] [INFO] [cadence.virtuoso.ade.simulationMonitor] -               nodes 7 {"history": "ExplorerRun.0", "point": 1, "testname": "ECE4130_Project_writeCircuit_1", "cornername": "Nominal"}
[2024-11-20 13:19:44.298 -0500] [INFO] [cadence.virtuoso.ade.simulationMonitor] - Notice from spectre during initial setup.
    Protected devices exist and are not included in the circuit inventory.
    APS enabled. {"history": "ExplorerRun.0", "point": 1, "testname": "ECE4130_Project_writeCircuit_1", "cornername": "Nominal"}
[2024-11-20 13:19:44.298 -0500] [INFO] [cadence.virtuoso.ade.simulationMonitor] - Peak resident memory used = 175 Mbytes. {"history": "ExplorerRun.0", "point": 1, "testname": "ECE4130_Project_writeCircuit_1", "cornername": "Nominal"}
[2024-11-20 13:19:44.299 -0500] [INFO] [cadence.virtuoso.ade.simulationMonitor] -    -   (APS) Multi-threading. The recommended number of threads is 1, consider adding +mt=1 on command line. {"history": "ExplorerRun.0", "point": 1, "testname": "ECE4130_Project_writeCircuit_1", "cornername": "Nominal"}
[2024-11-20 13:19:44.299 -0500] [INFO] [cadence.virtuoso.ade.simulationMonitor] - Notice from spectre during transient analysis `tran'.
    Multithreading is disabled due to the size of the design being too small. {"history": "ExplorerRun.0", "point": 1, "testname": "ECE4130_Project_writeCircuit_1", "cornername": "Nominal"}
[2024-11-20 13:19:44.299 -0500] [INFO] [cadence.virtuoso.ade.simulationMonitor] - Notice from spectre at time = 2.29028 ns during transient analysis `tran'.
    Found trapezoidal ringing on node _vvdd!:p. {"history": "ExplorerRun.0", "point": 1, "testname": "ECE4130_Project_writeCircuit_1", "cornername": "Nominal"}
[2024-11-20 13:19:44.299 -0500] [INFO] [cadence.virtuoso.ade.simulationMonitor] - Notice from spectre at time = 2.35028 ns during transient analysis `tran'.
    Found trapezoidal ringing on node _vvdd!:p. {"history": "ExplorerRun.0", "point": 1, "testname": "ECE4130_Project_writeCircuit_1", "cornername": "Nominal"}
[2024-11-20 13:19:44.299 -0500] [INFO] [cadence.virtuoso.ade.simulationMonitor] - Notice from spectre at time = 2.41028 ns during transient analysis `tran'.
    Found trapezoidal ringing on node _vvdd!:p. {"history": "ExplorerRun.0", "point": 1, "testname": "ECE4130_Project_writeCircuit_1", "cornername": "Nominal"}
[2024-11-20 13:19:44.299 -0500] [INFO] [cadence.virtuoso.ade.simulationMonitor] - Notice from spectre at time = 2.47028 ns during transient analysis `tran'.
    Found trapezoidal ringing on node _vvdd!:p. {"history": "ExplorerRun.0", "point": 1, "testname": "ECE4130_Project_writeCircuit_1", "cornername": "Nominal"}
[2024-11-20 13:19:44.299 -0500] [INFO] [cadence.virtuoso.ade.simulationMonitor] - Notice from spectre at time = 2.53028 ns during transient analysis `tran'.
    Found trapezoidal ringing on node _vvdd!:p.
        Further occurrences of this notice will be suppressed. {"history": "ExplorerRun.0", "point": 1, "testname": "ECE4130_Project_writeCircuit_1", "cornername": "Nominal"}
[2024-11-20 13:19:44.300 -0500] [INFO] [cadence.virtuoso.ade.simulationMonitor] - Notice from spectre during transient analysis `tran'.
    Trapezoidal ringing is detected during tran analysis.
        Please use method=trap for better results and performance. {"history": "ExplorerRun.0", "point": 1, "testname": "ECE4130_Project_writeCircuit_1", "cornername": "Nominal"}
[2024-11-20 13:19:44.301 -0500] [INFO] [cadence.virtuoso.ade.simulationMonitor] - Intrinsic tran analysis time:    CPU = 18.72 ms, elapsed = 66.0779 ms. {"history": "ExplorerRun.0", "point": 1, "testname": "ECE4130_Project_writeCircuit_1", "cornername": "Nominal"}
[2024-11-20 13:19:44.301 -0500] [INFO] [cadence.virtuoso.ade.simulationMonitor] - Total time required for tran analysis `tran': CPU = 21.758 ms, elapsed = 71.007 ms, util. = 30.6%. {"history": "ExplorerRun.0", "point": 1, "testname": "ECE4130_Project_writeCircuit_1", "cornername": "Nominal"}
[2024-11-20 13:19:44.301 -0500] [INFO] [cadence.virtuoso.ade.simulationMonitor] - Peak resident memory used = 182 Mbytes. {"history": "ExplorerRun.0", "point": 1, "testname": "ECE4130_Project_writeCircuit_1", "cornername": "Nominal"}
[2024-11-20 13:19:44.301 -0500] [INFO] [cadence.virtuoso.ade.simulationMonitor] - Notice from spectre.
    8 notices suppressed. {"history": "ExplorerRun.0", "point": 1, "testname": "ECE4130_Project_writeCircuit_1", "cornername": "Nominal"}
[2024-11-20 13:19:44.303 -0500] [INFO] [cadence.virtuoso.ade.simulationMonitor] - Time used: CPU = 369 ms, elapsed = 642 ms, util. = 57.5%. {"history": "ExplorerRun.0", "point": 1, "testname": "ECE4130_Project_writeCircuit_1", "cornername": "Nominal"}
[2024-11-20 13:19:44.303 -0500] [INFO] [cadence.virtuoso.ade.simulationMonitor] - Time spent in licensing: elapsed = 52.2 ms, percentage of total = 8.13%. {"history": "ExplorerRun.0", "point": 1, "testname": "ECE4130_Project_writeCircuit_1", "cornername": "Nominal"}
[2024-11-20 13:19:44.304 -0500] [INFO] [cadence.virtuoso.ade.simulationMonitor] - Peak memory used = 183 Mbytes. {"history": "ExplorerRun.0", "point": 1, "testname": "ECE4130_Project_writeCircuit_1", "cornername": "Nominal"}
[2024-11-20 13:19:44.306 -0500] [PROCESS] [cadence.virtuoso.ade.simulationMonitor] - Simulation started at: 1:19:43 PM, Wed Nov 20, 2024, ended at: 1:19:43 PM, Wed Nov 20, 2024, with elapsed time (wall clock): 642 ms. {"history": "ExplorerRun.0", "point": 1, "testname": "ECE4130_Project_writeCircuit_1", "cornername": "Nominal"}
[2024-11-20 13:19:44.306 -0500] [PROCESS] [cadence.virtuoso.ade.simulationMonitor] - spectre completes with 0 errors, 0 warnings, and 13 notices. {"history": "ExplorerRun.0", "point": 1, "testname": "ECE4130_Project_writeCircuit_1", "cornername": "Nominal"}
[2024-11-20 13:19:44.306 -0500] [PROCESS] [cadence.virtuoso.ade.simulationMonitor] - Finished simulating for one point {"hostname": "ece-linlabsrv01.ece.gatech.edu", "processid": 22490, "history": "ExplorerRun.0", "testname": "ECE4130_Project_writeCircuit_1", "cornername": "Nominal", "point": 1, "logfile": "/nethome/ccarpenter38/ECE4130_M/Project1/ECE6130_Updated/ECE6130_LAB/Cadence/logs_ccarpenter38/logs0/Job10.log", "simid": "2", "event": "finish", "category": "simulation"}
[2024-11-20 13:19:44.306 -0500] [PROCESS] [cadence.virtuoso.ade.simulationMonitor] - Simulator exited {"hostname": "ece-linlabsrv01.ece.gatech.edu", "processid": 22490, "history": "ExplorerRun.0", "testname": "ECE4130_Project_writeCircuit_1", "cornername": "Nominal", "point": 1, "logfile": "/nethome/ccarpenter38/ECE4130_M/Project1/ECE6130_Updated/ECE6130_LAB/Cadence/logs_ccarpenter38/logs0/Job10.log", "exitStatus": "0"}
[2024-11-20 13:19:44.306 -0500] [PROCESS] [cadence.virtuoso.ade.simulationMonitor] - Finished Simulation {"hostname": "ece-linlabsrv01.ece.gatech.edu", "processid": 22490, "history": "ExplorerRun.0", "testname": "ECE4130_Project_writeCircuit_1", "cornername": "Nominal", "point": 1, "logfile": "/nethome/ccarpenter38/ECE4130_M/Project1/ECE6130_Updated/ECE6130_LAB/Cadence/logs_ccarpenter38/logs0/Job10.log", "simid": "2", "event": "finish", "category": "obsolete"}
[2024-11-20 13:19:48.311 -0500] [PROCESS] [cadence.virtuoso.ade.simulationMonitor] - Point Finished {"hostname": "ece-linlabsrv01.ece.gatech.edu", "processid": 22490, "history": "ExplorerRun.0", "testname": "ECE4130_Project_writeCircuit_1", "cornername": "Nominal", "point": 1, "logfile": "/nethome/ccarpenter38/ECE4130_M/Project1/ECE6130_Updated/ECE6130_LAB/Cadence/logs_ccarpenter38/logs0/Job10.log", "event": "finish", "category": "sim-eval"}
[2024-11-20 13:19:49.313 -0500] [PROCESS] [cadence.virtuoso.ade.simulationMonitor] - Stay with the runId '1', Linger time '300', currentRunSyn '3', currentTestSyn '4' {"hostname": "ece-linlabsrv01.ece.gatech.edu", "processid": 22490, "history": "ExplorerRun.0", "testname": "ECE4130_Project_writeCircuit_1", "cornername": "Nominal", "point": 1, "logfile": "/nethome/ccarpenter38/ECE4130_M/Project1/ECE6130_Updated/ECE6130_LAB/Cadence/logs_ccarpenter38/logs0/Job10.log"}
[2024-11-20 13:19:50.313 -0500] [PROCESS] [cadence.virtuoso.ade.simulationMonitor] - Stay with the runId '1', Linger time '300', currentRunSyn '3', currentTestSyn '4' {"hostname": "ece-linlabsrv01.ece.gatech.edu", "processid": 22490, "history": "ExplorerRun.0", "testname": "ECE4130_Project_writeCircuit_1", "cornername": "Nominal", "point": 1, "logfile": "/nethome/ccarpenter38/ECE4130_M/Project1/ECE6130_Updated/ECE6130_LAB/Cadence/logs_ccarpenter38/logs0/Job10.log"}
[2024-11-20 13:19:51.314 -0500] [PROCESS] [cadence.virtuoso.ade.simulationMonitor] - Stay with the runId '1', Linger time '300', currentRunSyn '3', currentTestSyn '4' {"hostname": "ece-linlabsrv01.ece.gatech.edu", "processid": 22490, "history": "ExplorerRun.0", "testname": "ECE4130_Project_writeCircuit_1", "cornername": "Nominal", "point": 1, "logfile": "/nethome/ccarpenter38/ECE4130_M/Project1/ECE6130_Updated/ECE6130_LAB/Cadence/logs_ccarpenter38/logs0/Job10.log"}
[2024-11-20 13:19:52.314 -0500] [PROCESS] [cadence.virtuoso.ade.simulationMonitor] - Stay with the runId '1', Linger time '300', currentRunSyn '3', currentTestSyn '4' {"hostname": "ece-linlabsrv01.ece.gatech.edu", "processid": 22490, "history": "ExplorerRun.0", "testname": "ECE4130_Project_writeCircuit_1", "cornername": "Nominal", "point": 1, "logfile": "/nethome/ccarpenter38/ECE4130_M/Project1/ECE6130_Updated/ECE6130_LAB/Cadence/logs_ccarpenter38/logs0/Job10.log"}
[2024-11-20 13:19:53.315 -0500] [PROCESS] [cadence.virtuoso.ade.simulationMonitor] - Stay with the runId '1', Linger time '300', currentRunSyn '3', currentTestSyn '4' {"hostname": "ece-linlabsrv01.ece.gatech.edu", "processid": 22490, "history": "ExplorerRun.0", "testname": "ECE4130_Project_writeCircuit_1", "cornername": "Nominal", "point": 1, "logfile": "/nethome/ccarpenter38/ECE4130_M/Project1/ECE6130_Updated/ECE6130_LAB/Cadence/logs_ccarpenter38/logs0/Job10.log"}
[2024-11-20 13:19:54.315 -0500] [PROCESS] [cadence.virtuoso.ade.simulationMonitor] - Stay with the runId '1', Linger time '300', currentRunSyn '3', currentTestSyn '4' {"hostname": "ece-linlabsrv01.ece.gatech.edu", "processid": 22490, "history": "ExplorerRun.0", "testname": "ECE4130_Project_writeCircuit_1", "cornername": "Nominal", "point": 1, "logfile": "/nethome/ccarpenter38/ECE4130_M/Project1/ECE6130_Updated/ECE6130_LAB/Cadence/logs_ccarpenter38/logs0/Job10.log"}
[2024-11-20 13:19:55.316 -0500] [PROCESS] [cadence.virtuoso.ade.simulationMonitor] - Stay with the runId '1', Linger time '300', currentRunSyn '3', currentTestSyn '4' {"hostname": "ece-linlabsrv01.ece.gatech.edu", "processid": 22490, "history": "ExplorerRun.0", "testname": "ECE4130_Project_writeCircuit_1", "cornername": "Nominal", "point": 1, "logfile": "/nethome/ccarpenter38/ECE4130_M/Project1/ECE6130_Updated/ECE6130_LAB/Cadence/logs_ccarpenter38/logs0/Job10.log"}
[2024-11-20 13:22:03.573 -0500] [INFO] [cadence.virtuoso.ade.simulationMonitor] - SimulationMonitor has terminated the vds process '67776', reason: 'Force to stop the expression evalutor process because of new run' {"history": "ExplorerRun.0", "point": 1, "testname": "ECE4130_Project_writeCircuit_1", "cornername": "Nominal"}
[2024-11-20 13:22:03.575 -0500] [PROCESS] [cadence.virtuoso.ade.simulationMonitor] - HostInfo:
Host name (type):	ece-linlabsrv01.ece.gatech.edu (x86_64)
Operating system:	Linux 4.18.0-553.22.1.el8_10.x86_64 #1 SMP Wed Sep 11 18:02:00 EDT 2024 {"hostname": "ece-linlabsrv01.ece.gatech.edu", "processid": 22490, "history": "ExplorerRun.0", "testname": "ECE4130_Project_writeCircuit_1", "cornername": "Nominal", "point": 1, "logfile": "/nethome/ccarpenter38/ECE4130_M/Project1/ECE6130_Updated/ECE6130_LAB/Cadence/logs_ccarpenter38/logs0/Job10.log", "nodename": "ece-linlabsrv01.ece.gatech.edu", "domainname": "(none)", "machine": "x86_64", "sysname": "Linux", "release": "4.18.0-553.22.1.el8_10.x86_64", "version": "#1 SMP Wed Sep 11 18:02:00 EDT 2024"}
[2024-11-20 13:22:03.575 -0500] [PROCESS] [cadence.virtuoso.ade.simulationMonitor] - UsageInfo:
pid=22490
totalPhysicalMemory=186.850815GB,Used=128.041378GB,totalVirtualMemory=250.850811GB,Used=150.344936GB
Cpu: Cores=112, Load average:4.180000,3.480000,4.710000 {"hostname": "ece-linlabsrv01.ece.gatech.edu", "processid": 22490, "history": "ExplorerRun.0", "testname": "ECE4130_Project_writeCircuit_1", "cornername": "Nominal", "point": 1, "logfile": "/nethome/ccarpenter38/ECE4130_M/Project1/ECE6130_Updated/ECE6130_LAB/Cadence/logs_ccarpenter38/logs0/Job10.log", "pid": "22490", "totalPhysicalMemory": "186.850815", "physicalMemoryUsed": "128.041378", "totalVirtualMemory": "250.850811", "virtualMemoryUsed": "150.344936", "cpuCores": "112", "processes": "10837", "loadAverage1": "4.180000", "loadAverage5": "3.480000", "loadAverage15": "4.710000", "loadAverage1Percent": "0.037321"}
[2024-11-20 13:22:03.579 -0500] [EVENT] [cadence.virtuoso.ade.simulationMonitor] - NewPoint {"history": "ExplorerRun.0", "point": 1, "testname": "ECE4130_Project_writeCircuit_1", "cornername": "Nominal", "event": "NewPoint", "EventSource": "Simulation Monitor", "HistoryName": "ExplorerRun.0", "logFile": "/nethome/ccarpenter38/ECE4130_M/Project1/ECE6130_Updated/ECE6130_LAB/Cadence/logs_ccarpenter38/logs0/Job10.log", "logFileSize": "38431", "category": "simulation"}
[2024-11-20 13:22:03.781 -0500] [EVENT] [cadence.virtuoso.ade.simulationMonitor] - NewPoint {"history": "ExplorerRun.0", "point": 1, "testname": "ECE4130_Project_writeCircuit_1", "cornername": "Nominal", "event": "NewPoint", "EventSource": "spectre", "HistoryName": "ExplorerRun.0", "logFile": "/nethome/ccarpenter38/simulation/ECE4130_Project/writeCircuit/maestro/results/maestro/ExplorerRun.0/1/ECE4130_Project_writeCircuit_1/psf/spectre.out", "logFileSize": "-1", "category": "simulation"}
[2024-11-20 13:22:04.031 -0500] [PROCESS] [cadence.virtuoso.ade.simulationMonitor] - Simulator launched {"hostname": "ece-linlabsrv01.ece.gatech.edu", "processid": 22490, "history": "ExplorerRun.0", "testname": "ECE4130_Project_writeCircuit_1", "cornername": "Nominal", "point": 1, "logfile": "/nethome/ccarpenter38/ECE4130_M/Project1/ECE6130_Updated/ECE6130_LAB/Cadence/logs_ccarpenter38/logs0/Job10.log", "simid": "3", "event": "launch", "category": "simulation"}
[2024-11-20 13:22:04.034 -0500] [PROCESS] [cadence.virtuoso.ade.simulationMonitor] - Expression evaluator launched {"hostname": "ece-linlabsrv01.ece.gatech.edu", "processid": 22490, "history": "ExplorerRun.0", "testname": "ECE4130_Project_writeCircuit_1", "cornername": "Nominal", "point": 1, "logfile": "/nethome/ccarpenter38/ECE4130_M/Project1/ECE6130_Updated/ECE6130_LAB/Cadence/logs_ccarpenter38/logs0/Job10.log"}
[2024-11-20 13:22:05.023 -0500] [PROCESS] [cadence.virtuoso.ade.simulationMonitor] - Started Simulation {"hostname": "ece-linlabsrv01.ece.gatech.edu", "processid": 22490, "history": "ExplorerRun.0", "testname": "ECE4130_Project_writeCircuit_1", "cornername": "Nominal", "point": 1, "logfile": "/nethome/ccarpenter38/ECE4130_M/Project1/ECE6130_Updated/ECE6130_LAB/Cadence/logs_ccarpenter38/logs0/Job10.log", "event": "start", "category": "simulation"}
[2024-11-20 13:22:05.524 -0500] [INFO] [cadence.virtuoso.ade.simulationMonitor] - Peak resident memory used = 164 Mbytes. {"history": "ExplorerRun.0", "point": 1, "testname": "ECE4130_Project_writeCircuit_1", "cornername": "Nominal"}
[2024-11-20 13:22:05.524 -0500] [INFO] [cadence.virtuoso.ade.simulationMonitor] - Peak resident memory used = 172 Mbytes. {"history": "ExplorerRun.0", "point": 1, "testname": "ECE4130_Project_writeCircuit_1", "cornername": "Nominal"}
[2024-11-20 13:22:05.524 -0500] [INFO] [cadence.virtuoso.ade.simulationMonitor] - Notice from spectre during hierarchy flattening.
    The value 'psf' specified for the 'checklimitdest' option will no longer be supported in future releases. Use 'spectre -h' to see other recommended values for the 'checklimitdest' option. {"history": "ExplorerRun.0", "point": 1, "testname": "ECE4130_Project_writeCircuit_1", "cornername": "Nominal"}
[2024-11-20 13:22:05.524 -0500] [INFO] [cadence.virtuoso.ade.simulationMonitor] - Peak resident memory used = 172 Mbytes. {"history": "ExplorerRun.0", "point": 1, "testname": "ECE4130_Project_writeCircuit_1", "cornername": "Nominal"}
[2024-11-20 13:22:05.524 -0500] [INFO] [cadence.virtuoso.ade.simulationMonitor] - Notice from spectre during initial setup.
    Multithreading is disabled due to the size of the design being too small. {"history": "ExplorerRun.0", "point": 1, "testname": "ECE4130_Project_writeCircuit_1", "cornername": "Nominal"}
[2024-11-20 13:22:05.528 -0500] [INFO] [cadence.virtuoso.ade.simulationMonitor] -               nodes 7 {"history": "ExplorerRun.0", "point": 1, "testname": "ECE4130_Project_writeCircuit_1", "cornername": "Nominal"}
[2024-11-20 13:22:05.528 -0500] [INFO] [cadence.virtuoso.ade.simulationMonitor] - Notice from spectre during initial setup.
    Protected devices exist and are not included in the circuit inventory.
    APS enabled. {"history": "ExplorerRun.0", "point": 1, "testname": "ECE4130_Project_writeCircuit_1", "cornername": "Nominal"}
[2024-11-20 13:22:05.528 -0500] [INFO] [cadence.virtuoso.ade.simulationMonitor] - Peak resident memory used = 177 Mbytes. {"history": "ExplorerRun.0", "point": 1, "testname": "ECE4130_Project_writeCircuit_1", "cornername": "Nominal"}
[2024-11-20 13:22:05.529 -0500] [INFO] [cadence.virtuoso.ade.simulationMonitor] -    -   (APS) Multi-threading. The recommended number of threads is 1, consider adding +mt=1 on command line. {"history": "ExplorerRun.0", "point": 1, "testname": "ECE4130_Project_writeCircuit_1", "cornername": "Nominal"}
[2024-11-20 13:22:05.529 -0500] [INFO] [cadence.virtuoso.ade.simulationMonitor] - Notice from spectre during transient analysis `tran'.
    Multithreading is disabled due to the size of the design being too small. {"history": "ExplorerRun.0", "point": 1, "testname": "ECE4130_Project_writeCircuit_1", "cornername": "Nominal"}
[2024-11-20 13:22:05.530 -0500] [INFO] [cadence.virtuoso.ade.simulationMonitor] - Notice from spectre at time = 3.47369 ns during transient analysis `tran'.
    Found trapezoidal ringing on node _vvdd!:p. {"history": "ExplorerRun.0", "point": 1, "testname": "ECE4130_Project_writeCircuit_1", "cornername": "Nominal"}
[2024-11-20 13:22:05.530 -0500] [INFO] [cadence.virtuoso.ade.simulationMonitor] - Notice from spectre at time = 3.55369 ns during transient analysis `tran'.
    Found trapezoidal ringing on node _vvdd!:p. {"history": "ExplorerRun.0", "point": 1, "testname": "ECE4130_Project_writeCircuit_1", "cornername": "Nominal"}
[2024-11-20 13:22:05.530 -0500] [INFO] [cadence.virtuoso.ade.simulationMonitor] - Notice from spectre at time = 3.63369 ns during transient analysis `tran'.
    Found trapezoidal ringing on node _vvdd!:p. {"history": "ExplorerRun.0", "point": 1, "testname": "ECE4130_Project_writeCircuit_1", "cornername": "Nominal"}
[2024-11-20 13:22:05.530 -0500] [INFO] [cadence.virtuoso.ade.simulationMonitor] - Notice from spectre at time = 3.71369 ns during transient analysis `tran'.
    Found trapezoidal ringing on node _vvdd!:p. {"history": "ExplorerRun.0", "point": 1, "testname": "ECE4130_Project_writeCircuit_1", "cornername": "Nominal"}
[2024-11-20 13:22:05.530 -0500] [INFO] [cadence.virtuoso.ade.simulationMonitor] - Notice from spectre at time = 3.79369 ns during transient analysis `tran'.
    Found trapezoidal ringing on node _vvdd!:p.
        Further occurrences of this notice will be suppressed. {"history": "ExplorerRun.0", "point": 1, "testname": "ECE4130_Project_writeCircuit_1", "cornername": "Nominal"}
[2024-11-20 13:22:05.530 -0500] [INFO] [cadence.virtuoso.ade.simulationMonitor] - Notice from spectre during transient analysis `tran'.
    Trapezoidal ringing is detected during tran analysis.
        Please use method=trap for better results and performance. {"history": "ExplorerRun.0", "point": 1, "testname": "ECE4130_Project_writeCircuit_1", "cornername": "Nominal"}
[2024-11-20 13:22:05.531 -0500] [INFO] [cadence.virtuoso.ade.simulationMonitor] - Intrinsic tran analysis time:    CPU = 18.791 ms, elapsed = 29.357 ms. {"history": "ExplorerRun.0", "point": 1, "testname": "ECE4130_Project_writeCircuit_1", "cornername": "Nominal"}
[2024-11-20 13:22:05.531 -0500] [INFO] [cadence.virtuoso.ade.simulationMonitor] - Total time required for tran analysis `tran': CPU = 21.266 ms, elapsed = 33.6099 ms, util. = 63.3%. {"history": "ExplorerRun.0", "point": 1, "testname": "ECE4130_Project_writeCircuit_1", "cornername": "Nominal"}
[2024-11-20 13:22:05.531 -0500] [INFO] [cadence.virtuoso.ade.simulationMonitor] - Peak resident memory used = 183 Mbytes. {"history": "ExplorerRun.0", "point": 1, "testname": "ECE4130_Project_writeCircuit_1", "cornername": "Nominal"}
[2024-11-20 13:22:05.531 -0500] [INFO] [cadence.virtuoso.ade.simulationMonitor] - Notice from spectre.
    3 notices suppressed. {"history": "ExplorerRun.0", "point": 1, "testname": "ECE4130_Project_writeCircuit_1", "cornername": "Nominal"}
[2024-11-20 13:22:05.532 -0500] [INFO] [cadence.virtuoso.ade.simulationMonitor] - Time used: CPU = 351 ms, elapsed = 515 ms, util. = 68.2%. {"history": "ExplorerRun.0", "point": 1, "testname": "ECE4130_Project_writeCircuit_1", "cornername": "Nominal"}
[2024-11-20 13:22:05.532 -0500] [INFO] [cadence.virtuoso.ade.simulationMonitor] - Time spent in licensing: elapsed = 48.8 ms, percentage of total = 9.49%. {"history": "ExplorerRun.0", "point": 1, "testname": "ECE4130_Project_writeCircuit_1", "cornername": "Nominal"}
[2024-11-20 13:22:05.533 -0500] [INFO] [cadence.virtuoso.ade.simulationMonitor] - Peak memory used = 184 Mbytes. {"history": "ExplorerRun.0", "point": 1, "testname": "ECE4130_Project_writeCircuit_1", "cornername": "Nominal"}
[2024-11-20 13:22:05.535 -0500] [PROCESS] [cadence.virtuoso.ade.simulationMonitor] - Simulation started at: 1:22:04 PM, Wed Nov 20, 2024, ended at: 1:22:04 PM, Wed Nov 20, 2024, with elapsed time (wall clock): 515 ms. {"history": "ExplorerRun.0", "point": 1, "testname": "ECE4130_Project_writeCircuit_1", "cornername": "Nominal"}
[2024-11-20 13:22:05.535 -0500] [PROCESS] [cadence.virtuoso.ade.simulationMonitor] - spectre completes with 0 errors, 0 warnings, and 13 notices. {"history": "ExplorerRun.0", "point": 1, "testname": "ECE4130_Project_writeCircuit_1", "cornername": "Nominal"}
[2024-11-20 13:22:05.535 -0500] [PROCESS] [cadence.virtuoso.ade.simulationMonitor] - Finished simulating for one point {"hostname": "ece-linlabsrv01.ece.gatech.edu", "processid": 22490, "history": "ExplorerRun.0", "testname": "ECE4130_Project_writeCircuit_1", "cornername": "Nominal", "point": 1, "logfile": "/nethome/ccarpenter38/ECE4130_M/Project1/ECE6130_Updated/ECE6130_LAB/Cadence/logs_ccarpenter38/logs0/Job10.log", "simid": "3", "event": "finish", "category": "simulation"}
[2024-11-20 13:22:05.535 -0500] [PROCESS] [cadence.virtuoso.ade.simulationMonitor] - Simulator exited {"hostname": "ece-linlabsrv01.ece.gatech.edu", "processid": 22490, "history": "ExplorerRun.0", "testname": "ECE4130_Project_writeCircuit_1", "cornername": "Nominal", "point": 1, "logfile": "/nethome/ccarpenter38/ECE4130_M/Project1/ECE6130_Updated/ECE6130_LAB/Cadence/logs_ccarpenter38/logs0/Job10.log", "exitStatus": "0"}
[2024-11-20 13:22:05.535 -0500] [PROCESS] [cadence.virtuoso.ade.simulationMonitor] - Finished Simulation {"hostname": "ece-linlabsrv01.ece.gatech.edu", "processid": 22490, "history": "ExplorerRun.0", "testname": "ECE4130_Project_writeCircuit_1", "cornername": "Nominal", "point": 1, "logfile": "/nethome/ccarpenter38/ECE4130_M/Project1/ECE6130_Updated/ECE6130_LAB/Cadence/logs_ccarpenter38/logs0/Job10.log", "simid": "3", "event": "finish", "category": "obsolete"}
[2024-11-20 13:22:09.039 -0500] [PROCESS] [cadence.virtuoso.ade.simulationMonitor] - Point Finished {"hostname": "ece-linlabsrv01.ece.gatech.edu", "processid": 22490, "history": "ExplorerRun.0", "testname": "ECE4130_Project_writeCircuit_1", "cornername": "Nominal", "point": 1, "logfile": "/nethome/ccarpenter38/ECE4130_M/Project1/ECE6130_Updated/ECE6130_LAB/Cadence/logs_ccarpenter38/logs0/Job10.log", "event": "finish", "category": "sim-eval"}
[2024-11-20 13:22:10.041 -0500] [PROCESS] [cadence.virtuoso.ade.simulationMonitor] - Stay with the runId '2', Linger time '300', currentRunSyn '5', currentTestSyn '6' {"hostname": "ece-linlabsrv01.ece.gatech.edu", "processid": 22490, "history": "ExplorerRun.0", "testname": "ECE4130_Project_writeCircuit_1", "cornername": "Nominal", "point": 1, "logfile": "/nethome/ccarpenter38/ECE4130_M/Project1/ECE6130_Updated/ECE6130_LAB/Cadence/logs_ccarpenter38/logs0/Job10.log"}
[2024-11-20 13:22:11.041 -0500] [PROCESS] [cadence.virtuoso.ade.simulationMonitor] - Stay with the runId '2', Linger time '300', currentRunSyn '5', currentTestSyn '6' {"hostname": "ece-linlabsrv01.ece.gatech.edu", "processid": 22490, "history": "ExplorerRun.0", "testname": "ECE4130_Project_writeCircuit_1", "cornername": "Nominal", "point": 1, "logfile": "/nethome/ccarpenter38/ECE4130_M/Project1/ECE6130_Updated/ECE6130_LAB/Cadence/logs_ccarpenter38/logs0/Job10.log"}
[2024-11-20 13:22:12.042 -0500] [PROCESS] [cadence.virtuoso.ade.simulationMonitor] - Stay with the runId '2', Linger time '300', currentRunSyn '5', currentTestSyn '6' {"hostname": "ece-linlabsrv01.ece.gatech.edu", "processid": 22490, "history": "ExplorerRun.0", "testname": "ECE4130_Project_writeCircuit_1", "cornername": "Nominal", "point": 1, "logfile": "/nethome/ccarpenter38/ECE4130_M/Project1/ECE6130_Updated/ECE6130_LAB/Cadence/logs_ccarpenter38/logs0/Job10.log"}
[2024-11-20 13:22:13.042 -0500] [PROCESS] [cadence.virtuoso.ade.simulationMonitor] - Stay with the runId '2', Linger time '300', currentRunSyn '5', currentTestSyn '6' {"hostname": "ece-linlabsrv01.ece.gatech.edu", "processid": 22490, "history": "ExplorerRun.0", "testname": "ECE4130_Project_writeCircuit_1", "cornername": "Nominal", "point": 1, "logfile": "/nethome/ccarpenter38/ECE4130_M/Project1/ECE6130_Updated/ECE6130_LAB/Cadence/logs_ccarpenter38/logs0/Job10.log"}
[2024-11-20 13:27:09.791 -0500] [PROCESS] [cadence.virtuoso.ade.simulationMonitor] - Current memory used: 82.1367 MBytes, peak memory used: 83.0664 MBytes {"hostname": "ece-linlabsrv01.ece.gatech.edu", "processid": 22490, "history": "ExplorerRun.0", "testname": "ECE4130_Project_writeCircuit_1", "cornername": "Nominal", "point": 1, "logfile": "/nethome/ccarpenter38/ECE4130_M/Project1/ECE6130_Updated/ECE6130_LAB/Cadence/logs_ccarpenter38/logs0/Job10.log"}
[2024-11-20 13:27:09.791 -0500] [PROCESS] [cadence.virtuoso.ade.simulationMonitor] - Simulation Monitor process exits. {"hostname": "ece-linlabsrv01.ece.gatech.edu", "processid": 22490, "history": "ExplorerRun.0", "testname": "ECE4130_Project_writeCircuit_1", "cornername": "Nominal", "point": 1, "logfile": "/nethome/ccarpenter38/ECE4130_M/Project1/ECE6130_Updated/ECE6130_LAB/Cadence/logs_ccarpenter38/logs0/Job10.log"}
