[Simulation Monitor: 18]
[2024-11-18 22:45:26.903 -0500] [PROCESS] [cadence.virtuoso.ade.simulationMonitor] - Started the simulation monitor process {"hostname": "ece-linlabsrv01.ece.gatech.edu", "processid": 2768472, "logfile": "/nethome/ccarpenter38/ECE4130_M/Project1/ECE6130_Updated/ECE6130_LAB/Cadence/logs_ccarpenter38/logs0/Job18.log", "simulation monitor command line": "/tools/software/cadence/ic/23.10.080/tools.lnx86/dfII/bin/64bit/spectreMonitor --davinciService DaVinciService_3868065_1731978347 --axlsession fnxSession6 -lscs 000175E1894CBE06FF0966E38F1FFC06BC4D77F482089272CC286FA78410926AD02479FE8D1C9F67D0227DAAD244CD35C87766E3A12FFC06BC4D01DF86C9F5D0DB7100001DFB -beanhost ece-linlabsrv01.ece.gatech.edu -beanport 11546 -beanLogFile /nethome/ccarpenter38/ECE4130_M/Project1/ECE6130_Updated/ECE6130_LAB/Cadence/logs_ccarpenter38/logs0/amps_Job18.log -beanbinlog  --domain 0 --interactive yes --netlistOpt no --useMultiPointEvaluation yes --exprEvalShowJobStderr yes --evalSimParallel no --maxSims 0 --historyName ExplorerRun.0 --historyUUID  --exprEvaluator vds --mcMapping mc1.mapping --checkLogStatusInterval 0 --checkSimulatorLogTimeout 1200 --exprEvalMaxTries 3 --maxNFSSyncWait 60 -adeBrokerAddress ece-linlabsrv01.ece.gatech.edu:36107 --statdbType h5v2 --fromADE true --virtuosoBinary virtuoso --guiDisplay localhost:13.0 --globalStatus 60 --evaluateMultiMC yes --evalOnSimFail SkipFailedAnalyses --numRetriesOnError 1 --fenixMode explorer --lingertimeout 300 -ahdlLockTimeout 60 --sdbLib ECE4130_Project --sdbCell Register6Bit --sdbView maestro --heartBeatFileDir /dev/shm --id 18 --uuid 6d634a48-2b48-45d8-bf74-e05bde78c1ee --log /nethome/ccarpenter38/ECE4130_M/Project1/ECE6130_Updated/ECE6130_LAB/Cadence/logs_ccarpenter38/logs0/Job18.log "}
[2024-11-18 22:45:26.903 -0500] [PROCESS] [cadence.virtuoso.ade.simulationMonitor] - Started the simulation monitor process {"hostname": "ece-linlabsrv01.ece.gatech.edu", "processid": 2768472, "logfile": "/nethome/ccarpenter38/ECE4130_M/Project1/ECE6130_Updated/ECE6130_LAB/Cadence/logs_ccarpenter38/logs0/Job18.log", "current directory": "/nethome/ccarpenter38/ECE4130_M/Project1/ECE6130_Updated/ECE6130_LAB/Cadence"}
[2024-11-18 22:45:26.903 -0500] [PROCESS] [cadence.virtuoso.ade.simulationMonitor] - Simulation Monitor has successfully started up. Trying to set up communication channels to other components ... {"hostname": "ece-linlabsrv01.ece.gatech.edu", "processid": 2768472, "logfile": "/nethome/ccarpenter38/ECE4130_M/Project1/ECE6130_Updated/ECE6130_LAB/Cadence/logs_ccarpenter38/logs0/Job18.log"}
[2024-11-18 22:45:26.907 -0500] [PROCESS] [cadence.virtuoso.ade.simulationMonitor] - Communication channels have been successfully set up. Start processing events ... {"hostname": "ece-linlabsrv01.ece.gatech.edu", "processid": 2768472, "logfile": "/nethome/ccarpenter38/ECE4130_M/Project1/ECE6130_Updated/ECE6130_LAB/Cadence/logs_ccarpenter38/logs0/Job18.log"}
[2024-11-18 22:45:26.907 -0500] [PROCESS] [cadence.virtuoso.ade.simulationMonitor] - Considering to start history {"hostname": "ece-linlabsrv01.ece.gatech.edu", "processid": 2768472, "history": "ExplorerRun.0", "logfile": "/nethome/ccarpenter38/ECE4130_M/Project1/ECE6130_Updated/ECE6130_LAB/Cadence/logs_ccarpenter38/logs0/Job18.log"}
[2024-11-18 22:45:26.910 -0500] [PROCESS] [cadence.virtuoso.ade.simulationMonitor] - HostInfo:
Host name (type):	ece-linlabsrv01.ece.gatech.edu (x86_64)
Operating system:	Linux 4.18.0-553.22.1.el8_10.x86_64 #1 SMP Wed Sep 11 18:02:00 EDT 2024 {"hostname": "ece-linlabsrv01.ece.gatech.edu", "processid": 2768472, "history": "ExplorerRun.0", "logfile": "/nethome/ccarpenter38/ECE4130_M/Project1/ECE6130_Updated/ECE6130_LAB/Cadence/logs_ccarpenter38/logs0/Job18.log", "nodename": "ece-linlabsrv01.ece.gatech.edu", "domainname": "(none)", "machine": "x86_64", "sysname": "Linux", "release": "4.18.0-553.22.1.el8_10.x86_64", "version": "#1 SMP Wed Sep 11 18:02:00 EDT 2024"}
[2024-11-18 22:45:26.910 -0500] [PROCESS] [cadence.virtuoso.ade.simulationMonitor] - UsageInfo:
pid=2768472
totalPhysicalMemory=186.850815GB,Used=136.495747GB,totalVirtualMemory=250.850811GB,Used=158.781956GB
Cpu: Cores=112, Load average:12.920000,12.440000,10.000000 {"hostname": "ece-linlabsrv01.ece.gatech.edu", "processid": 2768472, "history": "ExplorerRun.0", "logfile": "/nethome/ccarpenter38/ECE4130_M/Project1/ECE6130_Updated/ECE6130_LAB/Cadence/logs_ccarpenter38/logs0/Job18.log", "pid": "2768472", "totalPhysicalMemory": "186.850815", "physicalMemoryUsed": "136.495747", "totalVirtualMemory": "250.850811", "virtualMemoryUsed": "158.781956", "cpuCores": "112", "processes": "13560", "loadAverage1": "12.920000", "loadAverage5": "12.440000", "loadAverage15": "10.000000", "loadAverage1Percent": "0.115357"}
[2024-11-18 22:45:26.914 -0500] [EVENT] [cadence.virtuoso.ade.simulationMonitor] - NewPoint {"history": "ExplorerRun.0", "point": 1, "testname": "ECE4130_Project_Register6Bit_1", "cornername": "Nominal", "event": "NewPoint", "EventSource": "Simulation Monitor", "HistoryName": "ExplorerRun.0", "logFile": "/nethome/ccarpenter38/ECE4130_M/Project1/ECE6130_Updated/ECE6130_LAB/Cadence/logs_ccarpenter38/logs0/Job18.log", "logFileSize": "4762", "category": "simulation"}
[2024-11-18 22:45:27.116 -0500] [EVENT] [cadence.virtuoso.ade.simulationMonitor] - NewPoint {"history": "ExplorerRun.0", "point": 1, "testname": "ECE4130_Project_Register6Bit_1", "cornername": "Nominal", "event": "NewPoint", "EventSource": "spectre", "HistoryName": "ExplorerRun.0", "logFile": "/nethome/ccarpenter38/simulation/ECE4130_Project/Register6Bit/maestro/results/maestro/ExplorerRun.0/1/ECE4130_Project_Register6Bit_1/psf/spectre.out", "logFileSize": "-1", "category": "simulation"}
[2024-11-18 22:45:27.369 -0500] [PROCESS] [cadence.virtuoso.ade.simulationMonitor] - Simulator launched {"hostname": "ece-linlabsrv01.ece.gatech.edu", "processid": 2768472, "history": "ExplorerRun.0", "testname": "ECE4130_Project_Register6Bit_1", "cornername": "Nominal", "point": 1, "logfile": "/nethome/ccarpenter38/ECE4130_M/Project1/ECE6130_Updated/ECE6130_LAB/Cadence/logs_ccarpenter38/logs0/Job18.log", "simid": "1", "event": "launch", "category": "simulation"}
[2024-11-18 22:45:27.372 -0500] [PROCESS] [cadence.virtuoso.ade.simulationMonitor] - Expression evaluator launched {"hostname": "ece-linlabsrv01.ece.gatech.edu", "processid": 2768472, "history": "ExplorerRun.0", "testname": "ECE4130_Project_Register6Bit_1", "cornername": "Nominal", "point": 1, "logfile": "/nethome/ccarpenter38/ECE4130_M/Project1/ECE6130_Updated/ECE6130_LAB/Cadence/logs_ccarpenter38/logs0/Job18.log"}
[2024-11-18 22:45:28.775 -0500] [INFO] [cadence.virtuoso.ade.simulationMonitor] - Peak resident memory used = 166 Mbytes. {"history": "ExplorerRun.0", "point": 1, "testname": "ECE4130_Project_Register6Bit_1", "cornername": "Nominal"}
[2024-11-18 22:45:28.775 -0500] [INFO] [cadence.virtuoso.ade.simulationMonitor] - Peak resident memory used = 174 Mbytes. {"history": "ExplorerRun.0", "point": 1, "testname": "ECE4130_Project_Register6Bit_1", "cornername": "Nominal"}
[2024-11-18 22:45:28.775 -0500] [INFO] [cadence.virtuoso.ade.simulationMonitor] - Notice from spectre during hierarchy flattening.
    The value 'psf' specified for the 'checklimitdest' option will no longer be supported in future releases. Use 'spectre -h' to see other recommended values for the 'checklimitdest' option. {"history": "ExplorerRun.0", "point": 1, "testname": "ECE4130_Project_Register6Bit_1", "cornername": "Nominal"}
[2024-11-18 22:45:28.775 -0500] [INFO] [cadence.virtuoso.ade.simulationMonitor] - Peak resident memory used = 175 Mbytes. {"history": "ExplorerRun.0", "point": 1, "testname": "ECE4130_Project_Register6Bit_1", "cornername": "Nominal"}
[2024-11-18 22:45:28.775 -0500] [INFO] [cadence.virtuoso.ade.simulationMonitor] - Notice from spectre during initial setup.
    Multithreading is disabled due to the size of the design being too small. {"history": "ExplorerRun.0", "point": 1, "testname": "ECE4130_Project_Register6Bit_1", "cornername": "Nominal"}
[2024-11-18 22:45:28.779 -0500] [INFO] [cadence.virtuoso.ade.simulationMonitor] -               nodes 50 {"history": "ExplorerRun.0", "point": 1, "testname": "ECE4130_Project_Register6Bit_1", "cornername": "Nominal"}
[2024-11-18 22:45:28.779 -0500] [INFO] [cadence.virtuoso.ade.simulationMonitor] - Notice from spectre during initial setup.
    Protected devices exist and are not included in the circuit inventory.
    APS enabled. {"history": "ExplorerRun.0", "point": 1, "testname": "ECE4130_Project_Register6Bit_1", "cornername": "Nominal"}
[2024-11-18 22:45:28.779 -0500] [INFO] [cadence.virtuoso.ade.simulationMonitor] - Peak resident memory used = 178 Mbytes. {"history": "ExplorerRun.0", "point": 1, "testname": "ECE4130_Project_Register6Bit_1", "cornername": "Nominal"}
[2024-11-18 22:45:28.779 -0500] [INFO] [cadence.virtuoso.ade.simulationMonitor] -    -   (APS) Multi-threading. The recommended number of threads is 1, consider adding +mt=1 on command line. {"history": "ExplorerRun.0", "point": 1, "testname": "ECE4130_Project_Register6Bit_1", "cornername": "Nominal"}
[2024-11-18 22:45:28.779 -0500] [INFO] [cadence.virtuoso.ade.simulationMonitor] - Notice from spectre during transient analysis `tran'.
    Multithreading is disabled due to the size of the design being too small. {"history": "ExplorerRun.0", "point": 1, "testname": "ECE4130_Project_Register6Bit_1", "cornername": "Nominal"}
[2024-11-18 22:45:28.780 -0500] [INFO] [cadence.virtuoso.ade.simulationMonitor] - Notice from spectre at time = 460.572 ps during transient analysis `tran'.
    Found trapezoidal ringing on node _vclk:p. {"history": "ExplorerRun.0", "point": 1, "testname": "ECE4130_Project_Register6Bit_1", "cornername": "Nominal"}
[2024-11-18 22:45:28.780 -0500] [INFO] [cadence.virtuoso.ade.simulationMonitor] - Notice from spectre at time = 500 ps during transient analysis `tran'.
    Found trapezoidal ringing on node _vclk:p. {"history": "ExplorerRun.0", "point": 1, "testname": "ECE4130_Project_Register6Bit_1", "cornername": "Nominal"}
[2024-11-18 22:45:28.780 -0500] [INFO] [cadence.virtuoso.ade.simulationMonitor] - Notice from spectre at time = 950.842 ps during transient analysis `tran'.
    Found trapezoidal ringing on node _vvdd!:p. {"history": "ExplorerRun.0", "point": 1, "testname": "ECE4130_Project_Register6Bit_1", "cornername": "Nominal"}
[2024-11-18 22:45:28.780 -0500] [INFO] [cadence.virtuoso.ade.simulationMonitor] - Notice from spectre at time = 1 ns during transient analysis `tran'.
    Found trapezoidal ringing on node _vvdd!:p. {"history": "ExplorerRun.0", "point": 1, "testname": "ECE4130_Project_Register6Bit_1", "cornername": "Nominal"}
[2024-11-18 22:45:28.780 -0500] [INFO] [cadence.virtuoso.ade.simulationMonitor] - Notice from spectre at time = 1.46964 ns during transient analysis `tran'.
    Found trapezoidal ringing on node _vvdd!:p.
        Further occurrences of this notice will be suppressed. {"history": "ExplorerRun.0", "point": 1, "testname": "ECE4130_Project_Register6Bit_1", "cornername": "Nominal"}
[2024-11-18 22:45:28.780 -0500] [INFO] [cadence.virtuoso.ade.simulationMonitor] - Notice from spectre during transient analysis `tran'.
    Trapezoidal ringing is detected during tran analysis.
        Please use method=trap for better results and performance. {"history": "ExplorerRun.0", "point": 1, "testname": "ECE4130_Project_Register6Bit_1", "cornername": "Nominal"}
[2024-11-18 22:45:28.781 -0500] [INFO] [cadence.virtuoso.ade.simulationMonitor] - Intrinsic tran analysis time:    CPU = 46.108 ms, elapsed = 56.4258 ms. {"history": "ExplorerRun.0", "point": 1, "testname": "ECE4130_Project_Register6Bit_1", "cornername": "Nominal"}
[2024-11-18 22:45:28.781 -0500] [INFO] [cadence.virtuoso.ade.simulationMonitor] - Total time required for tran analysis `tran': CPU = 49.547 ms, elapsed = 61.82 ms, util. = 80.1%. {"history": "ExplorerRun.0", "point": 1, "testname": "ECE4130_Project_Register6Bit_1", "cornername": "Nominal"}
[2024-11-18 22:45:28.781 -0500] [INFO] [cadence.virtuoso.ade.simulationMonitor] - Peak resident memory used = 185 Mbytes. {"history": "ExplorerRun.0", "point": 1, "testname": "ECE4130_Project_Register6Bit_1", "cornername": "Nominal"}
[2024-11-18 22:45:28.781 -0500] [INFO] [cadence.virtuoso.ade.simulationMonitor] - Notice from spectre.
    7 notices suppressed. {"history": "ExplorerRun.0", "point": 1, "testname": "ECE4130_Project_Register6Bit_1", "cornername": "Nominal"}
[2024-11-18 22:45:28.782 -0500] [INFO] [cadence.virtuoso.ade.simulationMonitor] - Time used: CPU = 403 ms, elapsed = 551 ms, util. = 73.1%. {"history": "ExplorerRun.0", "point": 1, "testname": "ECE4130_Project_Register6Bit_1", "cornername": "Nominal"}
[2024-11-18 22:45:28.782 -0500] [INFO] [cadence.virtuoso.ade.simulationMonitor] - Time spent in licensing: elapsed = 52.7 ms, percentage of total = 9.57%. {"history": "ExplorerRun.0", "point": 1, "testname": "ECE4130_Project_Register6Bit_1", "cornername": "Nominal"}
[2024-11-18 22:45:28.783 -0500] [INFO] [cadence.virtuoso.ade.simulationMonitor] - Peak memory used = 186 Mbytes. {"history": "ExplorerRun.0", "point": 1, "testname": "ECE4130_Project_Register6Bit_1", "cornername": "Nominal"}
[2024-11-18 22:45:28.785 -0500] [PROCESS] [cadence.virtuoso.ade.simulationMonitor] - Simulation started at: 10:45:27 PM, Mon Nov 18, 2024, ended at: 10:45:28 PM, Mon Nov 18, 2024, with elapsed time (wall clock): 551 ms. {"history": "ExplorerRun.0", "point": 1, "testname": "ECE4130_Project_Register6Bit_1", "cornername": "Nominal"}
[2024-11-18 22:45:28.785 -0500] [PROCESS] [cadence.virtuoso.ade.simulationMonitor] - spectre completes with 0 errors, 0 warnings, and 13 notices. {"history": "ExplorerRun.0", "point": 1, "testname": "ECE4130_Project_Register6Bit_1", "cornername": "Nominal"}
[2024-11-18 22:45:28.785 -0500] [PROCESS] [cadence.virtuoso.ade.simulationMonitor] - Finished simulating for one point {"hostname": "ece-linlabsrv01.ece.gatech.edu", "processid": 2768472, "history": "ExplorerRun.0", "testname": "ECE4130_Project_Register6Bit_1", "cornername": "Nominal", "point": 1, "logfile": "/nethome/ccarpenter38/ECE4130_M/Project1/ECE6130_Updated/ECE6130_LAB/Cadence/logs_ccarpenter38/logs0/Job18.log", "simid": "1", "event": "finish", "category": "simulation"}
[2024-11-18 22:45:28.785 -0500] [PROCESS] [cadence.virtuoso.ade.simulationMonitor] - Simulator exited {"hostname": "ece-linlabsrv01.ece.gatech.edu", "processid": 2768472, "history": "ExplorerRun.0", "testname": "ECE4130_Project_Register6Bit_1", "cornername": "Nominal", "point": 1, "logfile": "/nethome/ccarpenter38/ECE4130_M/Project1/ECE6130_Updated/ECE6130_LAB/Cadence/logs_ccarpenter38/logs0/Job18.log", "exitStatus": "0"}
[2024-11-18 22:45:28.785 -0500] [PROCESS] [cadence.virtuoso.ade.simulationMonitor] - Finished Simulation {"hostname": "ece-linlabsrv01.ece.gatech.edu", "processid": 2768472, "history": "ExplorerRun.0", "testname": "ECE4130_Project_Register6Bit_1", "cornername": "Nominal", "point": 1, "logfile": "/nethome/ccarpenter38/ECE4130_M/Project1/ECE6130_Updated/ECE6130_LAB/Cadence/logs_ccarpenter38/logs0/Job18.log", "simid": "1", "event": "finish", "category": "obsolete"}
[2024-11-18 22:45:32.789 -0500] [PROCESS] [cadence.virtuoso.ade.simulationMonitor] - Point Finished {"hostname": "ece-linlabsrv01.ece.gatech.edu", "processid": 2768472, "history": "ExplorerRun.0", "testname": "ECE4130_Project_Register6Bit_1", "cornername": "Nominal", "point": 1, "logfile": "/nethome/ccarpenter38/ECE4130_M/Project1/ECE6130_Updated/ECE6130_LAB/Cadence/logs_ccarpenter38/logs0/Job18.log", "event": "finish", "category": "sim-eval"}
[2024-11-18 22:45:33.791 -0500] [PROCESS] [cadence.virtuoso.ade.simulationMonitor] - Stay with the runId '0', Linger time '300', currentRunSyn '1', currentTestSyn '2' {"hostname": "ece-linlabsrv01.ece.gatech.edu", "processid": 2768472, "history": "ExplorerRun.0", "testname": "ECE4130_Project_Register6Bit_1", "cornername": "Nominal", "point": 1, "logfile": "/nethome/ccarpenter38/ECE4130_M/Project1/ECE6130_Updated/ECE6130_LAB/Cadence/logs_ccarpenter38/logs0/Job18.log"}
[2024-11-18 22:45:34.792 -0500] [PROCESS] [cadence.virtuoso.ade.simulationMonitor] - Stay with the runId '0', Linger time '300', currentRunSyn '1', currentTestSyn '2' {"hostname": "ece-linlabsrv01.ece.gatech.edu", "processid": 2768472, "history": "ExplorerRun.0", "testname": "ECE4130_Project_Register6Bit_1", "cornername": "Nominal", "point": 1, "logfile": "/nethome/ccarpenter38/ECE4130_M/Project1/ECE6130_Updated/ECE6130_LAB/Cadence/logs_ccarpenter38/logs0/Job18.log"}
[2024-11-18 22:45:35.792 -0500] [PROCESS] [cadence.virtuoso.ade.simulationMonitor] - Stay with the runId '0', Linger time '300', currentRunSyn '1', currentTestSyn '2' {"hostname": "ece-linlabsrv01.ece.gatech.edu", "processid": 2768472, "history": "ExplorerRun.0", "testname": "ECE4130_Project_Register6Bit_1", "cornername": "Nominal", "point": 1, "logfile": "/nethome/ccarpenter38/ECE4130_M/Project1/ECE6130_Updated/ECE6130_LAB/Cadence/logs_ccarpenter38/logs0/Job18.log"}
[2024-11-18 22:45:36.793 -0500] [PROCESS] [cadence.virtuoso.ade.simulationMonitor] - Stay with the runId '0', Linger time '300', currentRunSyn '1', currentTestSyn '2' {"hostname": "ece-linlabsrv01.ece.gatech.edu", "processid": 2768472, "history": "ExplorerRun.0", "testname": "ECE4130_Project_Register6Bit_1", "cornername": "Nominal", "point": 1, "logfile": "/nethome/ccarpenter38/ECE4130_M/Project1/ECE6130_Updated/ECE6130_LAB/Cadence/logs_ccarpenter38/logs0/Job18.log"}
[2024-11-18 22:45:37.794 -0500] [PROCESS] [cadence.virtuoso.ade.simulationMonitor] - Stay with the runId '0', Linger time '300', currentRunSyn '1', currentTestSyn '2' {"hostname": "ece-linlabsrv01.ece.gatech.edu", "processid": 2768472, "history": "ExplorerRun.0", "testname": "ECE4130_Project_Register6Bit_1", "cornername": "Nominal", "point": 1, "logfile": "/nethome/ccarpenter38/ECE4130_M/Project1/ECE6130_Updated/ECE6130_LAB/Cadence/logs_ccarpenter38/logs0/Job18.log"}
[2024-11-18 22:45:38.793 -0500] [PROCESS] [cadence.virtuoso.ade.simulationMonitor] - Stay with the runId '0', Linger time '300', currentRunSyn '1', currentTestSyn '2' {"hostname": "ece-linlabsrv01.ece.gatech.edu", "processid": 2768472, "history": "ExplorerRun.0", "testname": "ECE4130_Project_Register6Bit_1", "cornername": "Nominal", "point": 1, "logfile": "/nethome/ccarpenter38/ECE4130_M/Project1/ECE6130_Updated/ECE6130_LAB/Cadence/logs_ccarpenter38/logs0/Job18.log"}
[2024-11-18 22:45:39.794 -0500] [PROCESS] [cadence.virtuoso.ade.simulationMonitor] - Stay with the runId '0', Linger time '300', currentRunSyn '1', currentTestSyn '2' {"hostname": "ece-linlabsrv01.ece.gatech.edu", "processid": 2768472, "history": "ExplorerRun.0", "testname": "ECE4130_Project_Register6Bit_1", "cornername": "Nominal", "point": 1, "logfile": "/nethome/ccarpenter38/ECE4130_M/Project1/ECE6130_Updated/ECE6130_LAB/Cadence/logs_ccarpenter38/logs0/Job18.log"}
[2024-11-18 22:45:40.794 -0500] [PROCESS] [cadence.virtuoso.ade.simulationMonitor] - Stay with the runId '0', Linger time '300', currentRunSyn '1', currentTestSyn '2' {"hostname": "ece-linlabsrv01.ece.gatech.edu", "processid": 2768472, "history": "ExplorerRun.0", "testname": "ECE4130_Project_Register6Bit_1", "cornername": "Nominal", "point": 1, "logfile": "/nethome/ccarpenter38/ECE4130_M/Project1/ECE6130_Updated/ECE6130_LAB/Cadence/logs_ccarpenter38/logs0/Job18.log"}
[2024-11-18 22:45:47.838 -0500] [PROCESS] [cadence.virtuoso.ade.simulationMonitor] - get signal Terminated<15> from user:ccarpenter38, which pid:2768467:/tools/software/cadence/ic/latest/tools/bin/64bit/cdsServIpc {"hostname": "ece-linlabsrv01.ece.gatech.edu", "processid": 2768472, "history": "ExplorerRun.0", "testname": "ECE4130_Project_Register6Bit_1", "cornername": "Nominal", "point": 1, "logfile": "/nethome/ccarpenter38/ECE4130_M/Project1/ECE6130_Updated/ECE6130_LAB/Cadence/logs_ccarpenter38/logs0/Job18.log", "signal": "15", "signalName": "Terminated", "which": "/tools/software/cadence/ic/latest/tools/bin/64bit/cdsServIpc", "pid": "2768467", "user": "ccarpenter38", "uid": "1099950"}
[2024-11-18 22:45:47.839 -0500] [INFO] [cadence.virtuoso.ade.simulationMonitor] - SimulationMonitor has terminated the  process '2768543', reason: 'simulationMonitor is handling signal 15' {"history": "ExplorerRun.0", "point": 1, "testname": "ECE4130_Project_Register6Bit_1", "cornername": "Nominal"}
