[Simulation Monitor: 21]
[2024-11-18 22:47:04.281 -0500] [PROCESS] [cadence.virtuoso.ade.simulationMonitor] - Started the simulation monitor process {"hostname": "ece-linlabsrv01.ece.gatech.edu", "processid": 2808795, "logfile": "/nethome/ccarpenter38/ECE4130_M/Project1/ECE6130_Updated/ECE6130_LAB/Cadence/logs_ccarpenter38/logs0/Job21.log", "simulation monitor command line": "/tools/software/cadence/ic/23.10.080/tools.lnx86/dfII/bin/64bit/spectreMonitor --davinciService DaVinciService_3868065_1731978347 --axlsession fnxSession7 -lscs 000175E1894CBE06FF0966E38F1FFC06BC4D77F482089272CC286FA78410926AD02479FE8D1C9F67D0227DAAD244CD35C87766E3A12FFC06BC4D01DF8528F631DB7100001DD9 -beanhost ece-linlabsrv01.ece.gatech.edu -beanport 11546 -beanLogFile /nethome/ccarpenter38/ECE4130_M/Project1/ECE6130_Updated/ECE6130_LAB/Cadence/logs_ccarpenter38/logs0/amps_Job21.log -beanbinlog  --domain 0 --interactive yes --netlistOpt no --useMultiPointEvaluation yes --exprEvalShowJobStderr yes --evalSimParallel no --maxSims 0 --historyName ExplorerRun.0 --historyUUID  --exprEvaluator vds --mcMapping mc1.mapping --checkLogStatusInterval 0 --checkSimulatorLogTimeout 1200 --exprEvalMaxTries 3 --maxNFSSyncWait 60 -adeBrokerAddress ece-linlabsrv01.ece.gatech.edu:36107 --statdbType h5v2 --fromADE true --virtuosoBinary virtuoso --guiDisplay localhost:13.0 --globalStatus 60 --evaluateMultiMC yes --evalOnSimFail SkipFailedAnalyses --numRetriesOnError 1 --fenixMode explorer --lingertimeout 300 -ahdlLockTimeout 60 --sdbLib ECE4130_Project --sdbCell RegisterDecoder --sdbView maestro --heartBeatFileDir /dev/shm --id 21 --uuid 40c44a21-fce2-4f41-88b3-6657d507ce2d --log /nethome/ccarpenter38/ECE4130_M/Project1/ECE6130_Updated/ECE6130_LAB/Cadence/logs_ccarpenter38/logs0/Job21.log "}
[2024-11-18 22:47:04.281 -0500] [PROCESS] [cadence.virtuoso.ade.simulationMonitor] - Started the simulation monitor process {"hostname": "ece-linlabsrv01.ece.gatech.edu", "processid": 2808795, "logfile": "/nethome/ccarpenter38/ECE4130_M/Project1/ECE6130_Updated/ECE6130_LAB/Cadence/logs_ccarpenter38/logs0/Job21.log", "current directory": "/nethome/ccarpenter38/ECE4130_M/Project1/ECE6130_Updated/ECE6130_LAB/Cadence"}
[2024-11-18 22:47:04.281 -0500] [PROCESS] [cadence.virtuoso.ade.simulationMonitor] - Simulation Monitor has successfully started up. Trying to set up communication channels to other components ... {"hostname": "ece-linlabsrv01.ece.gatech.edu", "processid": 2808795, "logfile": "/nethome/ccarpenter38/ECE4130_M/Project1/ECE6130_Updated/ECE6130_LAB/Cadence/logs_ccarpenter38/logs0/Job21.log"}
[2024-11-18 22:47:04.285 -0500] [PROCESS] [cadence.virtuoso.ade.simulationMonitor] - Communication channels have been successfully set up. Start processing events ... {"hostname": "ece-linlabsrv01.ece.gatech.edu", "processid": 2808795, "logfile": "/nethome/ccarpenter38/ECE4130_M/Project1/ECE6130_Updated/ECE6130_LAB/Cadence/logs_ccarpenter38/logs0/Job21.log"}
[2024-11-18 22:47:04.285 -0500] [PROCESS] [cadence.virtuoso.ade.simulationMonitor] - Considering to start history {"hostname": "ece-linlabsrv01.ece.gatech.edu", "processid": 2808795, "history": "ExplorerRun.0", "logfile": "/nethome/ccarpenter38/ECE4130_M/Project1/ECE6130_Updated/ECE6130_LAB/Cadence/logs_ccarpenter38/logs0/Job21.log"}
[2024-11-18 22:47:04.288 -0500] [PROCESS] [cadence.virtuoso.ade.simulationMonitor] - HostInfo:
Host name (type):	ece-linlabsrv01.ece.gatech.edu (x86_64)
Operating system:	Linux 4.18.0-553.22.1.el8_10.x86_64 #1 SMP Wed Sep 11 18:02:00 EDT 2024 {"hostname": "ece-linlabsrv01.ece.gatech.edu", "processid": 2808795, "history": "ExplorerRun.0", "logfile": "/nethome/ccarpenter38/ECE4130_M/Project1/ECE6130_Updated/ECE6130_LAB/Cadence/logs_ccarpenter38/logs0/Job21.log", "nodename": "ece-linlabsrv01.ece.gatech.edu", "domainname": "(none)", "machine": "x86_64", "sysname": "Linux", "release": "4.18.0-553.22.1.el8_10.x86_64", "version": "#1 SMP Wed Sep 11 18:02:00 EDT 2024"}
[2024-11-18 22:47:04.288 -0500] [PROCESS] [cadence.virtuoso.ade.simulationMonitor] - UsageInfo:
pid=2808795
totalPhysicalMemory=186.850815GB,Used=137.354008GB,totalVirtualMemory=250.850811GB,Used=159.640217GB
Cpu: Cores=112, Load average:12.620000,12.410000,10.210000 {"hostname": "ece-linlabsrv01.ece.gatech.edu", "processid": 2808795, "history": "ExplorerRun.0", "logfile": "/nethome/ccarpenter38/ECE4130_M/Project1/ECE6130_Updated/ECE6130_LAB/Cadence/logs_ccarpenter38/logs0/Job21.log", "pid": "2808795", "totalPhysicalMemory": "186.850815", "physicalMemoryUsed": "137.354008", "totalVirtualMemory": "250.850811", "virtualMemoryUsed": "159.640217", "cpuCores": "112", "processes": "13615", "loadAverage1": "12.620000", "loadAverage5": "12.410000", "loadAverage15": "10.210000", "loadAverage1Percent": "0.112679"}
[2024-11-18 22:47:04.292 -0500] [EVENT] [cadence.virtuoso.ade.simulationMonitor] - NewPoint {"history": "ExplorerRun.0", "point": 1, "testname": "ECE4130_Project_RegisterDecoder_1", "cornername": "Nominal", "event": "NewPoint", "EventSource": "Simulation Monitor", "HistoryName": "ExplorerRun.0", "logFile": "/nethome/ccarpenter38/ECE4130_M/Project1/ECE6130_Updated/ECE6130_LAB/Cadence/logs_ccarpenter38/logs0/Job21.log", "logFileSize": "4765", "category": "simulation"}
[2024-11-18 22:47:04.494 -0500] [EVENT] [cadence.virtuoso.ade.simulationMonitor] - NewPoint {"history": "ExplorerRun.0", "point": 1, "testname": "ECE4130_Project_RegisterDecoder_1", "cornername": "Nominal", "event": "NewPoint", "EventSource": "spectre", "HistoryName": "ExplorerRun.0", "logFile": "/nethome/ccarpenter38/simulation/ECE4130_Project/RegisterDecoder/maestro/results/maestro/ExplorerRun.0/1/ECE4130_Project_RegisterDecoder_1/psf/spectre.out", "logFileSize": "-1", "category": "simulation"}
[2024-11-18 22:47:04.803 -0500] [PROCESS] [cadence.virtuoso.ade.simulationMonitor] - Simulator launched {"hostname": "ece-linlabsrv01.ece.gatech.edu", "processid": 2808795, "history": "ExplorerRun.0", "testname": "ECE4130_Project_RegisterDecoder_1", "cornername": "Nominal", "point": 1, "logfile": "/nethome/ccarpenter38/ECE4130_M/Project1/ECE6130_Updated/ECE6130_LAB/Cadence/logs_ccarpenter38/logs0/Job21.log", "simid": "1", "event": "launch", "category": "simulation"}
[2024-11-18 22:47:04.808 -0500] [PROCESS] [cadence.virtuoso.ade.simulationMonitor] - Expression evaluator launched {"hostname": "ece-linlabsrv01.ece.gatech.edu", "processid": 2808795, "history": "ExplorerRun.0", "testname": "ECE4130_Project_RegisterDecoder_1", "cornername": "Nominal", "point": 1, "logfile": "/nethome/ccarpenter38/ECE4130_M/Project1/ECE6130_Updated/ECE6130_LAB/Cadence/logs_ccarpenter38/logs0/Job21.log"}
[2024-11-18 22:47:06.194 -0500] [PROCESS] [cadence.virtuoso.ade.simulationMonitor] - Started Simulation {"hostname": "ece-linlabsrv01.ece.gatech.edu", "processid": 2808795, "history": "ExplorerRun.0", "testname": "ECE4130_Project_RegisterDecoder_1", "cornername": "Nominal", "point": 1, "logfile": "/nethome/ccarpenter38/ECE4130_M/Project1/ECE6130_Updated/ECE6130_LAB/Cadence/logs_ccarpenter38/logs0/Job21.log", "event": "start", "category": "simulation"}
[2024-11-18 22:47:06.195 -0500] [INFO] [cadence.virtuoso.ade.simulationMonitor] - Peak resident memory used = 161 Mbytes. {"history": "ExplorerRun.0", "point": 1, "testname": "ECE4130_Project_RegisterDecoder_1", "cornername": "Nominal"}
[2024-11-18 22:47:06.195 -0500] [INFO] [cadence.virtuoso.ade.simulationMonitor] - Peak resident memory used = 170 Mbytes. {"history": "ExplorerRun.0", "point": 1, "testname": "ECE4130_Project_RegisterDecoder_1", "cornername": "Nominal"}
[2024-11-18 22:47:06.195 -0500] [INFO] [cadence.virtuoso.ade.simulationMonitor] - Notice from spectre during hierarchy flattening.
    The value 'psf' specified for the 'checklimitdest' option will no longer be supported in future releases. Use 'spectre -h' to see other recommended values for the 'checklimitdest' option. {"history": "ExplorerRun.0", "point": 1, "testname": "ECE4130_Project_RegisterDecoder_1", "cornername": "Nominal"}
[2024-11-18 22:47:06.195 -0500] [INFO] [cadence.virtuoso.ade.simulationMonitor] - Peak resident memory used = 172 Mbytes. {"history": "ExplorerRun.0", "point": 1, "testname": "ECE4130_Project_RegisterDecoder_1", "cornername": "Nominal"}
[2024-11-18 22:47:06.199 -0500] [INFO] [cadence.virtuoso.ade.simulationMonitor] -               nodes 150 {"history": "ExplorerRun.0", "point": 1, "testname": "ECE4130_Project_RegisterDecoder_1", "cornername": "Nominal"}
[2024-11-18 22:47:06.200 -0500] [INFO] [cadence.virtuoso.ade.simulationMonitor] - Notice from spectre during initial setup.
    Protected devices exist and are not included in the circuit inventory.
    APS enabled. {"history": "ExplorerRun.0", "point": 1, "testname": "ECE4130_Project_RegisterDecoder_1", "cornername": "Nominal"}
[2024-11-18 22:47:06.200 -0500] [INFO] [cadence.virtuoso.ade.simulationMonitor] - Notice from spectre.
    Multithreading enabled: 8 threads in the system with 112 available processors. {"history": "ExplorerRun.0", "point": 1, "testname": "ECE4130_Project_RegisterDecoder_1", "cornername": "Nominal"}
[2024-11-18 22:47:06.201 -0500] [INFO] [cadence.virtuoso.ade.simulationMonitor] - Peak resident memory used = 182 Mbytes. {"history": "ExplorerRun.0", "point": 1, "testname": "ECE4130_Project_RegisterDecoder_1", "cornername": "Nominal"}
[2024-11-18 22:47:06.201 -0500] [INFO] [cadence.virtuoso.ade.simulationMonitor] -    -   (APS) Multi-threading. The recommended number of threads is 4, consider adding +mt=4 on command line. {"history": "ExplorerRun.0", "point": 1, "testname": "ECE4130_Project_RegisterDecoder_1", "cornername": "Nominal"}
[2024-11-18 22:47:06.202 -0500] [INFO] [cadence.virtuoso.ade.simulationMonitor] - Notice from spectre at time = 4.63644 ps during transient analysis `tran'.
    Found trapezoidal ringing on node I0.I5.I15.M1:sbnode. {"history": "ExplorerRun.0", "point": 1, "testname": "ECE4130_Project_RegisterDecoder_1", "cornername": "Nominal"}
[2024-11-18 22:47:06.202 -0500] [INFO] [cadence.virtuoso.ade.simulationMonitor] - Notice from spectre at time = 254.473 ps during transient analysis `tran'.
    Found trapezoidal ringing on node I5.I48.net1. {"history": "ExplorerRun.0", "point": 1, "testname": "ECE4130_Project_RegisterDecoder_1", "cornername": "Nominal"}
[2024-11-18 22:47:06.202 -0500] [INFO] [cadence.virtuoso.ade.simulationMonitor] - Notice from spectre at time = 314.473 ps during transient analysis `tran'.
    Found trapezoidal ringing on node I5.I48.net1. {"history": "ExplorerRun.0", "point": 1, "testname": "ECE4130_Project_RegisterDecoder_1", "cornername": "Nominal"}
[2024-11-18 22:47:06.202 -0500] [INFO] [cadence.virtuoso.ade.simulationMonitor] - Notice from spectre at time = 374.473 ps during transient analysis `tran'.
    Found trapezoidal ringing on node I5.I48.net1. {"history": "ExplorerRun.0", "point": 1, "testname": "ECE4130_Project_RegisterDecoder_1", "cornername": "Nominal"}
[2024-11-18 22:47:06.202 -0500] [INFO] [cadence.virtuoso.ade.simulationMonitor] - Notice from spectre at time = 434.473 ps during transient analysis `tran'.
    Found trapezoidal ringing on node I5.I48.net1.
        Further occurrences of this notice will be suppressed. {"history": "ExplorerRun.0", "point": 1, "testname": "ECE4130_Project_RegisterDecoder_1", "cornername": "Nominal"}
[2024-11-18 22:47:06.202 -0500] [INFO] [cadence.virtuoso.ade.simulationMonitor] - Notice from spectre during transient analysis `tran'.
    Trapezoidal ringing is detected during tran analysis.
        Please use method=trap for better results and performance. {"history": "ExplorerRun.0", "point": 1, "testname": "ECE4130_Project_RegisterDecoder_1", "cornername": "Nominal"}
[2024-11-18 22:47:06.203 -0500] [INFO] [cadence.virtuoso.ade.simulationMonitor] - Intrinsic tran analysis time:    CPU = 1.09804 s, elapsed = 246.247 ms. {"history": "ExplorerRun.0", "point": 1, "testname": "ECE4130_Project_RegisterDecoder_1", "cornername": "Nominal"}
[2024-11-18 22:47:06.203 -0500] [INFO] [cadence.virtuoso.ade.simulationMonitor] - Total time required for tran analysis `tran': CPU = 1.1248 s, elapsed = 260.663 ms, util. = 432%. {"history": "ExplorerRun.0", "point": 1, "testname": "ECE4130_Project_RegisterDecoder_1", "cornername": "Nominal"}
[2024-11-18 22:47:06.203 -0500] [INFO] [cadence.virtuoso.ade.simulationMonitor] - Peak resident memory used = 193 Mbytes. {"history": "ExplorerRun.0", "point": 1, "testname": "ECE4130_Project_RegisterDecoder_1", "cornername": "Nominal"}
[2024-11-18 22:47:06.203 -0500] [INFO] [cadence.virtuoso.ade.simulationMonitor] - Notice from spectre.
    5 notices suppressed. {"history": "ExplorerRun.0", "point": 1, "testname": "ECE4130_Project_RegisterDecoder_1", "cornername": "Nominal"}
[2024-11-18 22:47:06.706 -0500] [INFO] [cadence.virtuoso.ade.simulationMonitor] - Time used: CPU = 1.57 s, elapsed = 860 ms, util. = 182%. {"history": "ExplorerRun.0", "point": 1, "testname": "ECE4130_Project_RegisterDecoder_1", "cornername": "Nominal"}
[2024-11-18 22:47:06.706 -0500] [INFO] [cadence.virtuoso.ade.simulationMonitor] - Time spent in licensing: elapsed = 74 ms, percentage of total = 8.61%. {"history": "ExplorerRun.0", "point": 1, "testname": "ECE4130_Project_RegisterDecoder_1", "cornername": "Nominal"}
[2024-11-18 22:47:06.707 -0500] [INFO] [cadence.virtuoso.ade.simulationMonitor] - Peak memory used = 195 Mbytes. {"history": "ExplorerRun.0", "point": 1, "testname": "ECE4130_Project_RegisterDecoder_1", "cornername": "Nominal"}
[2024-11-18 22:47:06.709 -0500] [PROCESS] [cadence.virtuoso.ade.simulationMonitor] - Simulation started at: 10:47:05 PM, Mon Nov 18, 2024, ended at: 10:47:06 PM, Mon Nov 18, 2024, with elapsed time (wall clock): 860 ms. {"history": "ExplorerRun.0", "point": 1, "testname": "ECE4130_Project_RegisterDecoder_1", "cornername": "Nominal"}
[2024-11-18 22:47:06.709 -0500] [PROCESS] [cadence.virtuoso.ade.simulationMonitor] - spectre completes with 0 errors, 0 warnings, and 12 notices. {"history": "ExplorerRun.0", "point": 1, "testname": "ECE4130_Project_RegisterDecoder_1", "cornername": "Nominal"}
[2024-11-18 22:47:06.710 -0500] [PROCESS] [cadence.virtuoso.ade.simulationMonitor] - Finished simulating for one point {"hostname": "ece-linlabsrv01.ece.gatech.edu", "processid": 2808795, "history": "ExplorerRun.0", "testname": "ECE4130_Project_RegisterDecoder_1", "cornername": "Nominal", "point": 1, "logfile": "/nethome/ccarpenter38/ECE4130_M/Project1/ECE6130_Updated/ECE6130_LAB/Cadence/logs_ccarpenter38/logs0/Job21.log", "simid": "1", "event": "finish", "category": "simulation"}
[2024-11-18 22:47:06.710 -0500] [PROCESS] [cadence.virtuoso.ade.simulationMonitor] - Simulator exited {"hostname": "ece-linlabsrv01.ece.gatech.edu", "processid": 2808795, "history": "ExplorerRun.0", "testname": "ECE4130_Project_RegisterDecoder_1", "cornername": "Nominal", "point": 1, "logfile": "/nethome/ccarpenter38/ECE4130_M/Project1/ECE6130_Updated/ECE6130_LAB/Cadence/logs_ccarpenter38/logs0/Job21.log", "exitStatus": "0"}
[2024-11-18 22:47:06.710 -0500] [PROCESS] [cadence.virtuoso.ade.simulationMonitor] - Finished Simulation {"hostname": "ece-linlabsrv01.ece.gatech.edu", "processid": 2808795, "history": "ExplorerRun.0", "testname": "ECE4130_Project_RegisterDecoder_1", "cornername": "Nominal", "point": 1, "logfile": "/nethome/ccarpenter38/ECE4130_M/Project1/ECE6130_Updated/ECE6130_LAB/Cadence/logs_ccarpenter38/logs0/Job21.log", "simid": "1", "event": "finish", "category": "obsolete"}
[2024-11-18 22:47:10.213 -0500] [PROCESS] [cadence.virtuoso.ade.simulationMonitor] - Point Finished {"hostname": "ece-linlabsrv01.ece.gatech.edu", "processid": 2808795, "history": "ExplorerRun.0", "testname": "ECE4130_Project_RegisterDecoder_1", "cornername": "Nominal", "point": 1, "logfile": "/nethome/ccarpenter38/ECE4130_M/Project1/ECE6130_Updated/ECE6130_LAB/Cadence/logs_ccarpenter38/logs0/Job21.log", "event": "finish", "category": "sim-eval"}
[2024-11-18 22:47:11.216 -0500] [PROCESS] [cadence.virtuoso.ade.simulationMonitor] - Stay with the runId '0', Linger time '300', currentRunSyn '1', currentTestSyn '2' {"hostname": "ece-linlabsrv01.ece.gatech.edu", "processid": 2808795, "history": "ExplorerRun.0", "testname": "ECE4130_Project_RegisterDecoder_1", "cornername": "Nominal", "point": 1, "logfile": "/nethome/ccarpenter38/ECE4130_M/Project1/ECE6130_Updated/ECE6130_LAB/Cadence/logs_ccarpenter38/logs0/Job21.log"}
[2024-11-18 22:47:12.258 -0500] [PROCESS] [cadence.virtuoso.ade.simulationMonitor] - Stay with the runId '0', Linger time '300', currentRunSyn '1', currentTestSyn '2' {"hostname": "ece-linlabsrv01.ece.gatech.edu", "processid": 2808795, "history": "ExplorerRun.0", "testname": "ECE4130_Project_RegisterDecoder_1", "cornername": "Nominal", "point": 1, "logfile": "/nethome/ccarpenter38/ECE4130_M/Project1/ECE6130_Updated/ECE6130_LAB/Cadence/logs_ccarpenter38/logs0/Job21.log"}
[2024-11-18 22:47:13.246 -0500] [PROCESS] [cadence.virtuoso.ade.simulationMonitor] - Stay with the runId '0', Linger time '300', currentRunSyn '1', currentTestSyn '2' {"hostname": "ece-linlabsrv01.ece.gatech.edu", "processid": 2808795, "history": "ExplorerRun.0", "testname": "ECE4130_Project_RegisterDecoder_1", "cornername": "Nominal", "point": 1, "logfile": "/nethome/ccarpenter38/ECE4130_M/Project1/ECE6130_Updated/ECE6130_LAB/Cadence/logs_ccarpenter38/logs0/Job21.log"}
[2024-11-18 22:47:14.247 -0500] [PROCESS] [cadence.virtuoso.ade.simulationMonitor] - Stay with the runId '0', Linger time '300', currentRunSyn '1', currentTestSyn '2' {"hostname": "ece-linlabsrv01.ece.gatech.edu", "processid": 2808795, "history": "ExplorerRun.0", "testname": "ECE4130_Project_RegisterDecoder_1", "cornername": "Nominal", "point": 1, "logfile": "/nethome/ccarpenter38/ECE4130_M/Project1/ECE6130_Updated/ECE6130_LAB/Cadence/logs_ccarpenter38/logs0/Job21.log"}
[2024-11-18 22:47:15.247 -0500] [PROCESS] [cadence.virtuoso.ade.simulationMonitor] - Stay with the runId '0', Linger time '300', currentRunSyn '1', currentTestSyn '2' {"hostname": "ece-linlabsrv01.ece.gatech.edu", "processid": 2808795, "history": "ExplorerRun.0", "testname": "ECE4130_Project_RegisterDecoder_1", "cornername": "Nominal", "point": 1, "logfile": "/nethome/ccarpenter38/ECE4130_M/Project1/ECE6130_Updated/ECE6130_LAB/Cadence/logs_ccarpenter38/logs0/Job21.log"}
[2024-11-18 22:47:16.247 -0500] [PROCESS] [cadence.virtuoso.ade.simulationMonitor] - Stay with the runId '0', Linger time '300', currentRunSyn '1', currentTestSyn '2' {"hostname": "ece-linlabsrv01.ece.gatech.edu", "processid": 2808795, "history": "ExplorerRun.0", "testname": "ECE4130_Project_RegisterDecoder_1", "cornername": "Nominal", "point": 1, "logfile": "/nethome/ccarpenter38/ECE4130_M/Project1/ECE6130_Updated/ECE6130_LAB/Cadence/logs_ccarpenter38/logs0/Job21.log"}
[2024-11-18 22:47:17.248 -0500] [PROCESS] [cadence.virtuoso.ade.simulationMonitor] - Stay with the runId '0', Linger time '300', currentRunSyn '1', currentTestSyn '2' {"hostname": "ece-linlabsrv01.ece.gatech.edu", "processid": 2808795, "history": "ExplorerRun.0", "testname": "ECE4130_Project_RegisterDecoder_1", "cornername": "Nominal", "point": 1, "logfile": "/nethome/ccarpenter38/ECE4130_M/Project1/ECE6130_Updated/ECE6130_LAB/Cadence/logs_ccarpenter38/logs0/Job21.log"}
[2024-11-18 22:47:18.248 -0500] [PROCESS] [cadence.virtuoso.ade.simulationMonitor] - Stay with the runId '0', Linger time '300', currentRunSyn '1', currentTestSyn '2' {"hostname": "ece-linlabsrv01.ece.gatech.edu", "processid": 2808795, "history": "ExplorerRun.0", "testname": "ECE4130_Project_RegisterDecoder_1", "cornername": "Nominal", "point": 1, "logfile": "/nethome/ccarpenter38/ECE4130_M/Project1/ECE6130_Updated/ECE6130_LAB/Cadence/logs_ccarpenter38/logs0/Job21.log"}
[2024-11-18 22:48:22.500 -0500] [INFO] [cadence.virtuoso.ade.simulationMonitor] - SimulationMonitor has terminated the vds process '2809380', reason: 'Force to stop the expression evalutor process because of new run' {"history": "ExplorerRun.0", "point": 1, "testname": "ECE4130_Project_RegisterDecoder_1", "cornername": "Nominal"}
[2024-11-18 22:48:22.501 -0500] [PROCESS] [cadence.virtuoso.ade.simulationMonitor] - HostInfo:
Host name (type):	ece-linlabsrv01.ece.gatech.edu (x86_64)
Operating system:	Linux 4.18.0-553.22.1.el8_10.x86_64 #1 SMP Wed Sep 11 18:02:00 EDT 2024 {"hostname": "ece-linlabsrv01.ece.gatech.edu", "processid": 2808795, "history": "ExplorerRun.0", "testname": "ECE4130_Project_RegisterDecoder_1", "cornername": "Nominal", "point": 1, "logfile": "/nethome/ccarpenter38/ECE4130_M/Project1/ECE6130_Updated/ECE6130_LAB/Cadence/logs_ccarpenter38/logs0/Job21.log", "nodename": "ece-linlabsrv01.ece.gatech.edu", "domainname": "(none)", "machine": "x86_64", "sysname": "Linux", "release": "4.18.0-553.22.1.el8_10.x86_64", "version": "#1 SMP Wed Sep 11 18:02:00 EDT 2024"}
[2024-11-18 22:48:22.501 -0500] [PROCESS] [cadence.virtuoso.ade.simulationMonitor] - UsageInfo:
pid=2808795
totalPhysicalMemory=186.850815GB,Used=137.534256GB,totalVirtualMemory=250.850811GB,Used=159.820465GB
Cpu: Cores=112, Load average:11.200000,12.470000,10.450000 {"hostname": "ece-linlabsrv01.ece.gatech.edu", "processid": 2808795, "history": "ExplorerRun.0", "testname": "ECE4130_Project_RegisterDecoder_1", "cornername": "Nominal", "point": 1, "logfile": "/nethome/ccarpenter38/ECE4130_M/Project1/ECE6130_Updated/ECE6130_LAB/Cadence/logs_ccarpenter38/logs0/Job21.log", "pid": "2808795", "totalPhysicalMemory": "186.850815", "physicalMemoryUsed": "137.534256", "totalVirtualMemory": "250.850811", "virtualMemoryUsed": "159.820465", "cpuCores": "112", "processes": "13797", "loadAverage1": "11.200000", "loadAverage5": "12.470000", "loadAverage15": "10.450000", "loadAverage1Percent": "0.100000"}
[2024-11-18 22:48:22.506 -0500] [EVENT] [cadence.virtuoso.ade.simulationMonitor] - NewPoint {"history": "ExplorerRun.0", "point": 1, "testname": "ECE4130_Project_RegisterDecoder_1", "cornername": "Nominal", "event": "NewPoint", "EventSource": "Simulation Monitor", "HistoryName": "ExplorerRun.0", "logFile": "/nethome/ccarpenter38/ECE4130_M/Project1/ECE6130_Updated/ECE6130_LAB/Cadence/logs_ccarpenter38/logs0/Job21.log", "logFileSize": "21712", "category": "simulation"}
[2024-11-18 22:48:22.708 -0500] [EVENT] [cadence.virtuoso.ade.simulationMonitor] - NewPoint {"history": "ExplorerRun.0", "point": 1, "testname": "ECE4130_Project_RegisterDecoder_1", "cornername": "Nominal", "event": "NewPoint", "EventSource": "spectre", "HistoryName": "ExplorerRun.0", "logFile": "/nethome/ccarpenter38/simulation/ECE4130_Project/RegisterDecoder/maestro/results/maestro/ExplorerRun.0/1/ECE4130_Project_RegisterDecoder_1/psf/spectre.out", "logFileSize": "-1", "category": "simulation"}
[2024-11-18 22:48:23.318 -0500] [PROCESS] [cadence.virtuoso.ade.simulationMonitor] - Simulator launched {"hostname": "ece-linlabsrv01.ece.gatech.edu", "processid": 2808795, "history": "ExplorerRun.0", "testname": "ECE4130_Project_RegisterDecoder_1", "cornername": "Nominal", "point": 1, "logfile": "/nethome/ccarpenter38/ECE4130_M/Project1/ECE6130_Updated/ECE6130_LAB/Cadence/logs_ccarpenter38/logs0/Job21.log", "simid": "2", "event": "launch", "category": "simulation"}
[2024-11-18 22:48:23.324 -0500] [PROCESS] [cadence.virtuoso.ade.simulationMonitor] - Expression evaluator launched {"hostname": "ece-linlabsrv01.ece.gatech.edu", "processid": 2808795, "history": "ExplorerRun.0", "testname": "ECE4130_Project_RegisterDecoder_1", "cornername": "Nominal", "point": 1, "logfile": "/nethome/ccarpenter38/ECE4130_M/Project1/ECE6130_Updated/ECE6130_LAB/Cadence/logs_ccarpenter38/logs0/Job21.log"}
[2024-11-18 22:48:24.798 -0500] [PROCESS] [cadence.virtuoso.ade.simulationMonitor] - Started Simulation {"hostname": "ece-linlabsrv01.ece.gatech.edu", "processid": 2808795, "history": "ExplorerRun.0", "testname": "ECE4130_Project_RegisterDecoder_1", "cornername": "Nominal", "point": 1, "logfile": "/nethome/ccarpenter38/ECE4130_M/Project1/ECE6130_Updated/ECE6130_LAB/Cadence/logs_ccarpenter38/logs0/Job21.log", "event": "start", "category": "simulation"}
[2024-11-18 22:48:24.798 -0500] [INFO] [cadence.virtuoso.ade.simulationMonitor] - Peak resident memory used = 166 Mbytes. {"history": "ExplorerRun.0", "point": 1, "testname": "ECE4130_Project_RegisterDecoder_1", "cornername": "Nominal"}
[2024-11-18 22:48:24.798 -0500] [INFO] [cadence.virtuoso.ade.simulationMonitor] - Peak resident memory used = 175 Mbytes. {"history": "ExplorerRun.0", "point": 1, "testname": "ECE4130_Project_RegisterDecoder_1", "cornername": "Nominal"}
[2024-11-18 22:48:24.798 -0500] [INFO] [cadence.virtuoso.ade.simulationMonitor] - Notice from spectre during hierarchy flattening.
    The value 'psf' specified for the 'checklimitdest' option will no longer be supported in future releases. Use 'spectre -h' to see other recommended values for the 'checklimitdest' option. {"history": "ExplorerRun.0", "point": 1, "testname": "ECE4130_Project_RegisterDecoder_1", "cornername": "Nominal"}
[2024-11-18 22:48:24.798 -0500] [INFO] [cadence.virtuoso.ade.simulationMonitor] - Peak resident memory used = 177 Mbytes. {"history": "ExplorerRun.0", "point": 1, "testname": "ECE4130_Project_RegisterDecoder_1", "cornername": "Nominal"}
[2024-11-18 22:48:24.802 -0500] [INFO] [cadence.virtuoso.ade.simulationMonitor] -               nodes 150 {"history": "ExplorerRun.0", "point": 1, "testname": "ECE4130_Project_RegisterDecoder_1", "cornername": "Nominal"}
[2024-11-18 22:48:24.802 -0500] [INFO] [cadence.virtuoso.ade.simulationMonitor] - Notice from spectre during initial setup.
    Protected devices exist and are not included in the circuit inventory.
    APS enabled. {"history": "ExplorerRun.0", "point": 1, "testname": "ECE4130_Project_RegisterDecoder_1", "cornername": "Nominal"}
[2024-11-18 22:48:24.803 -0500] [INFO] [cadence.virtuoso.ade.simulationMonitor] - Notice from spectre.
    Multithreading enabled: 8 threads in the system with 112 available processors. {"history": "ExplorerRun.0", "point": 1, "testname": "ECE4130_Project_RegisterDecoder_1", "cornername": "Nominal"}
[2024-11-18 22:48:24.803 -0500] [INFO] [cadence.virtuoso.ade.simulationMonitor] - Peak resident memory used = 186 Mbytes. {"history": "ExplorerRun.0", "point": 1, "testname": "ECE4130_Project_RegisterDecoder_1", "cornername": "Nominal"}
[2024-11-18 22:48:24.803 -0500] [INFO] [cadence.virtuoso.ade.simulationMonitor] -    -   (APS) Multi-threading. The recommended number of threads is 4, consider adding +mt=4 on command line. {"history": "ExplorerRun.0", "point": 1, "testname": "ECE4130_Project_RegisterDecoder_1", "cornername": "Nominal"}
[2024-11-18 22:48:24.803 -0500] [INFO] [cadence.virtuoso.ade.simulationMonitor] - Notice from spectre at time = 4.63644 ps during transient analysis `tran'.
    Found trapezoidal ringing on node I8.I5.I15.M1:sbnode. {"history": "ExplorerRun.0", "point": 1, "testname": "ECE4130_Project_RegisterDecoder_1", "cornername": "Nominal"}
[2024-11-18 22:48:24.803 -0500] [INFO] [cadence.virtuoso.ade.simulationMonitor] - Notice from spectre at time = 254.473 ps during transient analysis `tran'.
    Found trapezoidal ringing on node I5.I48.net1. {"history": "ExplorerRun.0", "point": 1, "testname": "ECE4130_Project_RegisterDecoder_1", "cornername": "Nominal"}
[2024-11-18 22:48:24.803 -0500] [INFO] [cadence.virtuoso.ade.simulationMonitor] - Notice from spectre at time = 314.473 ps during transient analysis `tran'.
    Found trapezoidal ringing on node I5.I48.net1. {"history": "ExplorerRun.0", "point": 1, "testname": "ECE4130_Project_RegisterDecoder_1", "cornername": "Nominal"}
[2024-11-18 22:48:24.804 -0500] [INFO] [cadence.virtuoso.ade.simulationMonitor] - Notice from spectre at time = 374.473 ps during transient analysis `tran'.
    Found trapezoidal ringing on node I5.I48.net1. {"history": "ExplorerRun.0", "point": 1, "testname": "ECE4130_Project_RegisterDecoder_1", "cornername": "Nominal"}
[2024-11-18 22:48:24.804 -0500] [INFO] [cadence.virtuoso.ade.simulationMonitor] - Notice from spectre at time = 434.473 ps during transient analysis `tran'.
    Found trapezoidal ringing on node I5.I48.net1.
        Further occurrences of this notice will be suppressed. {"history": "ExplorerRun.0", "point": 1, "testname": "ECE4130_Project_RegisterDecoder_1", "cornername": "Nominal"}
[2024-11-18 22:48:24.804 -0500] [INFO] [cadence.virtuoso.ade.simulationMonitor] - Notice from spectre during transient analysis `tran'.
    Trapezoidal ringing is detected during tran analysis.
        Please use method=trap for better results and performance. {"history": "ExplorerRun.0", "point": 1, "testname": "ECE4130_Project_RegisterDecoder_1", "cornername": "Nominal"}
[2024-11-18 22:48:24.804 -0500] [INFO] [cadence.virtuoso.ade.simulationMonitor] - Intrinsic tran analysis time:    CPU = 1.1367 s, elapsed = 370.14 ms. {"history": "ExplorerRun.0", "point": 1, "testname": "ECE4130_Project_RegisterDecoder_1", "cornername": "Nominal"}
[2024-11-18 22:48:25.305 -0500] [INFO] [cadence.virtuoso.ade.simulationMonitor] - Total time required for tran analysis `tran': CPU = 1.16342 s, elapsed = 384.114 ms, util. = 303%. {"history": "ExplorerRun.0", "point": 1, "testname": "ECE4130_Project_RegisterDecoder_1", "cornername": "Nominal"}
[2024-11-18 22:48:25.305 -0500] [INFO] [cadence.virtuoso.ade.simulationMonitor] - Peak resident memory used = 197 Mbytes. {"history": "ExplorerRun.0", "point": 1, "testname": "ECE4130_Project_RegisterDecoder_1", "cornername": "Nominal"}
[2024-11-18 22:48:25.305 -0500] [INFO] [cadence.virtuoso.ade.simulationMonitor] - Notice from spectre.
    5 notices suppressed. {"history": "ExplorerRun.0", "point": 1, "testname": "ECE4130_Project_RegisterDecoder_1", "cornername": "Nominal"}
[2024-11-18 22:48:25.306 -0500] [INFO] [cadence.virtuoso.ade.simulationMonitor] - Time used: CPU = 1.6 s, elapsed = 1.08 s, util. = 148%. {"history": "ExplorerRun.0", "point": 1, "testname": "ECE4130_Project_RegisterDecoder_1", "cornername": "Nominal"}
[2024-11-18 22:48:25.307 -0500] [INFO] [cadence.virtuoso.ade.simulationMonitor] - Time spent in licensing: elapsed = 273 ms, percentage of total = 25.2%. {"history": "ExplorerRun.0", "point": 1, "testname": "ECE4130_Project_RegisterDecoder_1", "cornername": "Nominal"}
[2024-11-18 22:48:25.307 -0500] [INFO] [cadence.virtuoso.ade.simulationMonitor] - Peak memory used = 199 Mbytes. {"history": "ExplorerRun.0", "point": 1, "testname": "ECE4130_Project_RegisterDecoder_1", "cornername": "Nominal"}
[2024-11-18 22:48:25.309 -0500] [PROCESS] [cadence.virtuoso.ade.simulationMonitor] - Simulation started at: 10:48:23 PM, Mon Nov 18, 2024, ended at: 10:48:24 PM, Mon Nov 18, 2024, with elapsed time (wall clock): 1.08 s. {"history": "ExplorerRun.0", "point": 1, "testname": "ECE4130_Project_RegisterDecoder_1", "cornername": "Nominal"}
[2024-11-18 22:48:25.309 -0500] [PROCESS] [cadence.virtuoso.ade.simulationMonitor] - spectre completes with 0 errors, 0 warnings, and 12 notices. {"history": "ExplorerRun.0", "point": 1, "testname": "ECE4130_Project_RegisterDecoder_1", "cornername": "Nominal"}
[2024-11-18 22:48:25.310 -0500] [PROCESS] [cadence.virtuoso.ade.simulationMonitor] - Finished simulating for one point {"hostname": "ece-linlabsrv01.ece.gatech.edu", "processid": 2808795, "history": "ExplorerRun.0", "testname": "ECE4130_Project_RegisterDecoder_1", "cornername": "Nominal", "point": 1, "logfile": "/nethome/ccarpenter38/ECE4130_M/Project1/ECE6130_Updated/ECE6130_LAB/Cadence/logs_ccarpenter38/logs0/Job21.log", "simid": "2", "event": "finish", "category": "simulation"}
[2024-11-18 22:48:25.310 -0500] [PROCESS] [cadence.virtuoso.ade.simulationMonitor] - Simulator exited {"hostname": "ece-linlabsrv01.ece.gatech.edu", "processid": 2808795, "history": "ExplorerRun.0", "testname": "ECE4130_Project_RegisterDecoder_1", "cornername": "Nominal", "point": 1, "logfile": "/nethome/ccarpenter38/ECE4130_M/Project1/ECE6130_Updated/ECE6130_LAB/Cadence/logs_ccarpenter38/logs0/Job21.log", "exitStatus": "0"}
[2024-11-18 22:48:25.310 -0500] [PROCESS] [cadence.virtuoso.ade.simulationMonitor] - Finished Simulation {"hostname": "ece-linlabsrv01.ece.gatech.edu", "processid": 2808795, "history": "ExplorerRun.0", "testname": "ECE4130_Project_RegisterDecoder_1", "cornername": "Nominal", "point": 1, "logfile": "/nethome/ccarpenter38/ECE4130_M/Project1/ECE6130_Updated/ECE6130_LAB/Cadence/logs_ccarpenter38/logs0/Job21.log", "simid": "2", "event": "finish", "category": "obsolete"}
[2024-11-18 22:48:28.814 -0500] [PROCESS] [cadence.virtuoso.ade.simulationMonitor] - Point Finished {"hostname": "ece-linlabsrv01.ece.gatech.edu", "processid": 2808795, "history": "ExplorerRun.0", "testname": "ECE4130_Project_RegisterDecoder_1", "cornername": "Nominal", "point": 1, "logfile": "/nethome/ccarpenter38/ECE4130_M/Project1/ECE6130_Updated/ECE6130_LAB/Cadence/logs_ccarpenter38/logs0/Job21.log", "event": "finish", "category": "sim-eval"}
[2024-11-18 22:48:29.815 -0500] [PROCESS] [cadence.virtuoso.ade.simulationMonitor] - Stay with the runId '1', Linger time '300', currentRunSyn '3', currentTestSyn '4' {"hostname": "ece-linlabsrv01.ece.gatech.edu", "processid": 2808795, "history": "ExplorerRun.0", "testname": "ECE4130_Project_RegisterDecoder_1", "cornername": "Nominal", "point": 1, "logfile": "/nethome/ccarpenter38/ECE4130_M/Project1/ECE6130_Updated/ECE6130_LAB/Cadence/logs_ccarpenter38/logs0/Job21.log"}
[2024-11-18 22:48:30.816 -0500] [PROCESS] [cadence.virtuoso.ade.simulationMonitor] - Stay with the runId '1', Linger time '300', currentRunSyn '3', currentTestSyn '4' {"hostname": "ece-linlabsrv01.ece.gatech.edu", "processid": 2808795, "history": "ExplorerRun.0", "testname": "ECE4130_Project_RegisterDecoder_1", "cornername": "Nominal", "point": 1, "logfile": "/nethome/ccarpenter38/ECE4130_M/Project1/ECE6130_Updated/ECE6130_LAB/Cadence/logs_ccarpenter38/logs0/Job21.log"}
[2024-11-18 22:48:31.816 -0500] [PROCESS] [cadence.virtuoso.ade.simulationMonitor] - Stay with the runId '1', Linger time '300', currentRunSyn '3', currentTestSyn '4' {"hostname": "ece-linlabsrv01.ece.gatech.edu", "processid": 2808795, "history": "ExplorerRun.0", "testname": "ECE4130_Project_RegisterDecoder_1", "cornername": "Nominal", "point": 1, "logfile": "/nethome/ccarpenter38/ECE4130_M/Project1/ECE6130_Updated/ECE6130_LAB/Cadence/logs_ccarpenter38/logs0/Job21.log"}
[2024-11-18 22:48:32.817 -0500] [PROCESS] [cadence.virtuoso.ade.simulationMonitor] - Stay with the runId '1', Linger time '300', currentRunSyn '3', currentTestSyn '4' {"hostname": "ece-linlabsrv01.ece.gatech.edu", "processid": 2808795, "history": "ExplorerRun.0", "testname": "ECE4130_Project_RegisterDecoder_1", "cornername": "Nominal", "point": 1, "logfile": "/nethome/ccarpenter38/ECE4130_M/Project1/ECE6130_Updated/ECE6130_LAB/Cadence/logs_ccarpenter38/logs0/Job21.log"}
[2024-11-18 22:48:33.817 -0500] [PROCESS] [cadence.virtuoso.ade.simulationMonitor] - Stay with the runId '1', Linger time '300', currentRunSyn '3', currentTestSyn '4' {"hostname": "ece-linlabsrv01.ece.gatech.edu", "processid": 2808795, "history": "ExplorerRun.0", "testname": "ECE4130_Project_RegisterDecoder_1", "cornername": "Nominal", "point": 1, "logfile": "/nethome/ccarpenter38/ECE4130_M/Project1/ECE6130_Updated/ECE6130_LAB/Cadence/logs_ccarpenter38/logs0/Job21.log"}
[2024-11-18 22:48:34.818 -0500] [PROCESS] [cadence.virtuoso.ade.simulationMonitor] - Stay with the runId '1', Linger time '300', currentRunSyn '3', currentTestSyn '4' {"hostname": "ece-linlabsrv01.ece.gatech.edu", "processid": 2808795, "history": "ExplorerRun.0", "testname": "ECE4130_Project_RegisterDecoder_1", "cornername": "Nominal", "point": 1, "logfile": "/nethome/ccarpenter38/ECE4130_M/Project1/ECE6130_Updated/ECE6130_LAB/Cadence/logs_ccarpenter38/logs0/Job21.log"}
[2024-11-18 22:48:35.819 -0500] [PROCESS] [cadence.virtuoso.ade.simulationMonitor] - Stay with the runId '1', Linger time '300', currentRunSyn '3', currentTestSyn '4' {"hostname": "ece-linlabsrv01.ece.gatech.edu", "processid": 2808795, "history": "ExplorerRun.0", "testname": "ECE4130_Project_RegisterDecoder_1", "cornername": "Nominal", "point": 1, "logfile": "/nethome/ccarpenter38/ECE4130_M/Project1/ECE6130_Updated/ECE6130_LAB/Cadence/logs_ccarpenter38/logs0/Job21.log"}
[2024-11-18 22:48:36.820 -0500] [PROCESS] [cadence.virtuoso.ade.simulationMonitor] - Stay with the runId '1', Linger time '300', currentRunSyn '3', currentTestSyn '4' {"hostname": "ece-linlabsrv01.ece.gatech.edu", "processid": 2808795, "history": "ExplorerRun.0", "testname": "ECE4130_Project_RegisterDecoder_1", "cornername": "Nominal", "point": 1, "logfile": "/nethome/ccarpenter38/ECE4130_M/Project1/ECE6130_Updated/ECE6130_LAB/Cadence/logs_ccarpenter38/logs0/Job21.log"}
[2024-11-18 22:49:39.984 -0500] [INFO] [cadence.virtuoso.ade.simulationMonitor] - SimulationMonitor has terminated the vds process '2836921', reason: 'Force to stop the expression evalutor process because of new run' {"history": "ExplorerRun.0", "point": 1, "testname": "ECE4130_Project_RegisterDecoder_1", "cornername": "Nominal"}
[2024-11-18 22:49:39.985 -0500] [PROCESS] [cadence.virtuoso.ade.simulationMonitor] - HostInfo:
Host name (type):	ece-linlabsrv01.ece.gatech.edu (x86_64)
Operating system:	Linux 4.18.0-553.22.1.el8_10.x86_64 #1 SMP Wed Sep 11 18:02:00 EDT 2024 {"hostname": "ece-linlabsrv01.ece.gatech.edu", "processid": 2808795, "history": "ExplorerRun.0", "testname": "ECE4130_Project_RegisterDecoder_1", "cornername": "Nominal", "point": 1, "logfile": "/nethome/ccarpenter38/ECE4130_M/Project1/ECE6130_Updated/ECE6130_LAB/Cadence/logs_ccarpenter38/logs0/Job21.log", "nodename": "ece-linlabsrv01.ece.gatech.edu", "domainname": "(none)", "machine": "x86_64", "sysname": "Linux", "release": "4.18.0-553.22.1.el8_10.x86_64", "version": "#1 SMP Wed Sep 11 18:02:00 EDT 2024"}
[2024-11-18 22:49:39.986 -0500] [PROCESS] [cadence.virtuoso.ade.simulationMonitor] - UsageInfo:
pid=2808795
totalPhysicalMemory=186.850815GB,Used=137.724121GB,totalVirtualMemory=250.850811GB,Used=160.010330GB
Cpu: Cores=112, Load average:15.420000,14.540000,11.390000 {"hostname": "ece-linlabsrv01.ece.gatech.edu", "processid": 2808795, "history": "ExplorerRun.0", "testname": "ECE4130_Project_RegisterDecoder_1", "cornername": "Nominal", "point": 1, "logfile": "/nethome/ccarpenter38/ECE4130_M/Project1/ECE6130_Updated/ECE6130_LAB/Cadence/logs_ccarpenter38/logs0/Job21.log", "pid": "2808795", "totalPhysicalMemory": "186.850815", "physicalMemoryUsed": "137.724121", "totalVirtualMemory": "250.850811", "virtualMemoryUsed": "160.010330", "cpuCores": "112", "processes": "13691", "loadAverage1": "15.420000", "loadAverage5": "14.540000", "loadAverage15": "11.390000", "loadAverage1Percent": "0.137679"}
[2024-11-18 22:49:39.993 -0500] [EVENT] [cadence.virtuoso.ade.simulationMonitor] - NewPoint {"history": "ExplorerRun.0", "point": 1, "testname": "ECE4130_Project_RegisterDecoder_1", "cornername": "Nominal", "event": "NewPoint", "EventSource": "Simulation Monitor", "HistoryName": "ExplorerRun.0", "logFile": "/nethome/ccarpenter38/ECE4130_M/Project1/ECE6130_Updated/ECE6130_LAB/Cadence/logs_ccarpenter38/logs0/Job21.log", "logFileSize": "38659", "category": "simulation"}
[2024-11-18 22:49:40.195 -0500] [EVENT] [cadence.virtuoso.ade.simulationMonitor] - NewPoint {"history": "ExplorerRun.0", "point": 1, "testname": "ECE4130_Project_RegisterDecoder_1", "cornername": "Nominal", "event": "NewPoint", "EventSource": "spectre", "HistoryName": "ExplorerRun.0", "logFile": "/nethome/ccarpenter38/simulation/ECE4130_Project/RegisterDecoder/maestro/results/maestro/ExplorerRun.0/1/ECE4130_Project_RegisterDecoder_1/psf/spectre.out", "logFileSize": "-1", "category": "simulation"}
[2024-11-18 22:49:40.487 -0500] [PROCESS] [cadence.virtuoso.ade.simulationMonitor] - Simulator launched {"hostname": "ece-linlabsrv01.ece.gatech.edu", "processid": 2808795, "history": "ExplorerRun.0", "testname": "ECE4130_Project_RegisterDecoder_1", "cornername": "Nominal", "point": 1, "logfile": "/nethome/ccarpenter38/ECE4130_M/Project1/ECE6130_Updated/ECE6130_LAB/Cadence/logs_ccarpenter38/logs0/Job21.log", "simid": "3", "event": "launch", "category": "simulation"}
[2024-11-18 22:49:40.493 -0500] [PROCESS] [cadence.virtuoso.ade.simulationMonitor] - Expression evaluator launched {"hostname": "ece-linlabsrv01.ece.gatech.edu", "processid": 2808795, "history": "ExplorerRun.0", "testname": "ECE4130_Project_RegisterDecoder_1", "cornername": "Nominal", "point": 1, "logfile": "/nethome/ccarpenter38/ECE4130_M/Project1/ECE6130_Updated/ECE6130_LAB/Cadence/logs_ccarpenter38/logs0/Job21.log"}
[2024-11-18 22:49:41.934 -0500] [INFO] [cadence.virtuoso.ade.simulationMonitor] - Peak resident memory used = 161 Mbytes. {"history": "ExplorerRun.0", "point": 1, "testname": "ECE4130_Project_RegisterDecoder_1", "cornername": "Nominal"}
[2024-11-18 22:49:41.934 -0500] [INFO] [cadence.virtuoso.ade.simulationMonitor] - Peak resident memory used = 170 Mbytes. {"history": "ExplorerRun.0", "point": 1, "testname": "ECE4130_Project_RegisterDecoder_1", "cornername": "Nominal"}
[2024-11-18 22:49:41.934 -0500] [INFO] [cadence.virtuoso.ade.simulationMonitor] - Notice from spectre during hierarchy flattening.
    The value 'psf' specified for the 'checklimitdest' option will no longer be supported in future releases. Use 'spectre -h' to see other recommended values for the 'checklimitdest' option. {"history": "ExplorerRun.0", "point": 1, "testname": "ECE4130_Project_RegisterDecoder_1", "cornername": "Nominal"}
[2024-11-18 22:49:41.934 -0500] [INFO] [cadence.virtuoso.ade.simulationMonitor] - Peak resident memory used = 172 Mbytes. {"history": "ExplorerRun.0", "point": 1, "testname": "ECE4130_Project_RegisterDecoder_1", "cornername": "Nominal"}
[2024-11-18 22:49:41.938 -0500] [INFO] [cadence.virtuoso.ade.simulationMonitor] -               nodes 150 {"history": "ExplorerRun.0", "point": 1, "testname": "ECE4130_Project_RegisterDecoder_1", "cornername": "Nominal"}
[2024-11-18 22:49:41.938 -0500] [INFO] [cadence.virtuoso.ade.simulationMonitor] - Notice from spectre during initial setup.
    Protected devices exist and are not included in the circuit inventory.
    APS enabled. {"history": "ExplorerRun.0", "point": 1, "testname": "ECE4130_Project_RegisterDecoder_1", "cornername": "Nominal"}
[2024-11-18 22:49:41.939 -0500] [INFO] [cadence.virtuoso.ade.simulationMonitor] - Notice from spectre.
    Multithreading enabled: 8 threads in the system with 112 available processors. {"history": "ExplorerRun.0", "point": 1, "testname": "ECE4130_Project_RegisterDecoder_1", "cornername": "Nominal"}
[2024-11-18 22:49:41.939 -0500] [INFO] [cadence.virtuoso.ade.simulationMonitor] - Peak resident memory used = 181 Mbytes. {"history": "ExplorerRun.0", "point": 1, "testname": "ECE4130_Project_RegisterDecoder_1", "cornername": "Nominal"}
[2024-11-18 22:49:41.940 -0500] [INFO] [cadence.virtuoso.ade.simulationMonitor] -    -   (APS) Multi-threading. The recommended number of threads is 4, consider adding +mt=4 on command line. {"history": "ExplorerRun.0", "point": 1, "testname": "ECE4130_Project_RegisterDecoder_1", "cornername": "Nominal"}
[2024-11-18 22:49:41.940 -0500] [INFO] [cadence.virtuoso.ade.simulationMonitor] - Notice from spectre at time = 4.63644 ps during transient analysis `tran'.
    Found trapezoidal ringing on node I8.I5.I15.M1:sbnode. {"history": "ExplorerRun.0", "point": 1, "testname": "ECE4130_Project_RegisterDecoder_1", "cornername": "Nominal"}
[2024-11-18 22:49:41.940 -0500] [INFO] [cadence.virtuoso.ade.simulationMonitor] - Notice from spectre at time = 254.473 ps during transient analysis `tran'.
    Found trapezoidal ringing on node I9.I48.net1. {"history": "ExplorerRun.0", "point": 1, "testname": "ECE4130_Project_RegisterDecoder_1", "cornername": "Nominal"}
[2024-11-18 22:49:41.940 -0500] [INFO] [cadence.virtuoso.ade.simulationMonitor] - Notice from spectre at time = 314.473 ps during transient analysis `tran'.
    Found trapezoidal ringing on node I9.I48.net1. {"history": "ExplorerRun.0", "point": 1, "testname": "ECE4130_Project_RegisterDecoder_1", "cornername": "Nominal"}
[2024-11-18 22:49:41.940 -0500] [INFO] [cadence.virtuoso.ade.simulationMonitor] - Notice from spectre at time = 374.473 ps during transient analysis `tran'.
    Found trapezoidal ringing on node I9.I48.net1. {"history": "ExplorerRun.0", "point": 1, "testname": "ECE4130_Project_RegisterDecoder_1", "cornername": "Nominal"}
[2024-11-18 22:49:41.940 -0500] [INFO] [cadence.virtuoso.ade.simulationMonitor] - Notice from spectre at time = 434.473 ps during transient analysis `tran'.
    Found trapezoidal ringing on node I9.I48.net1.
        Further occurrences of this notice will be suppressed. {"history": "ExplorerRun.0", "point": 1, "testname": "ECE4130_Project_RegisterDecoder_1", "cornername": "Nominal"}
[2024-11-18 22:49:41.940 -0500] [INFO] [cadence.virtuoso.ade.simulationMonitor] - Notice from spectre during transient analysis `tran'.
    Trapezoidal ringing is detected during tran analysis.
        Please use method=trap for better results and performance. {"history": "ExplorerRun.0", "point": 1, "testname": "ECE4130_Project_RegisterDecoder_1", "cornername": "Nominal"}
[2024-11-18 22:49:41.941 -0500] [INFO] [cadence.virtuoso.ade.simulationMonitor] - Intrinsic tran analysis time:    CPU = 1.17619 s, elapsed = 261.317 ms. {"history": "ExplorerRun.0", "point": 1, "testname": "ECE4130_Project_RegisterDecoder_1", "cornername": "Nominal"}
[2024-11-18 22:49:41.941 -0500] [INFO] [cadence.virtuoso.ade.simulationMonitor] - Total time required for tran analysis `tran': CPU = 1.20296 s, elapsed = 275.352 ms, util. = 437%. {"history": "ExplorerRun.0", "point": 1, "testname": "ECE4130_Project_RegisterDecoder_1", "cornername": "Nominal"}
[2024-11-18 22:49:41.941 -0500] [INFO] [cadence.virtuoso.ade.simulationMonitor] - Peak resident memory used = 192 Mbytes. {"history": "ExplorerRun.0", "point": 1, "testname": "ECE4130_Project_RegisterDecoder_1", "cornername": "Nominal"}
[2024-11-18 22:49:41.941 -0500] [INFO] [cadence.virtuoso.ade.simulationMonitor] - Notice from spectre.
    5 notices suppressed. {"history": "ExplorerRun.0", "point": 1, "testname": "ECE4130_Project_RegisterDecoder_1", "cornername": "Nominal"}
[2024-11-18 22:49:41.943 -0500] [INFO] [cadence.virtuoso.ade.simulationMonitor] - Time used: CPU = 1.64 s, elapsed = 869 ms, util. = 189%. {"history": "ExplorerRun.0", "point": 1, "testname": "ECE4130_Project_RegisterDecoder_1", "cornername": "Nominal"}
[2024-11-18 22:49:41.943 -0500] [INFO] [cadence.virtuoso.ade.simulationMonitor] - Time spent in licensing: elapsed = 73.6 ms, percentage of total = 8.47%. {"history": "ExplorerRun.0", "point": 1, "testname": "ECE4130_Project_RegisterDecoder_1", "cornername": "Nominal"}
[2024-11-18 22:49:41.944 -0500] [INFO] [cadence.virtuoso.ade.simulationMonitor] - Peak memory used = 195 Mbytes. {"history": "ExplorerRun.0", "point": 1, "testname": "ECE4130_Project_RegisterDecoder_1", "cornername": "Nominal"}
[2024-11-18 22:49:41.946 -0500] [PROCESS] [cadence.virtuoso.ade.simulationMonitor] - Simulation started at: 10:49:40 PM, Mon Nov 18, 2024, ended at: 10:49:41 PM, Mon Nov 18, 2024, with elapsed time (wall clock): 869 ms. {"history": "ExplorerRun.0", "point": 1, "testname": "ECE4130_Project_RegisterDecoder_1", "cornername": "Nominal"}
[2024-11-18 22:49:41.946 -0500] [PROCESS] [cadence.virtuoso.ade.simulationMonitor] - spectre completes with 0 errors, 0 warnings, and 12 notices. {"history": "ExplorerRun.0", "point": 1, "testname": "ECE4130_Project_RegisterDecoder_1", "cornername": "Nominal"}
[2024-11-18 22:49:41.946 -0500] [PROCESS] [cadence.virtuoso.ade.simulationMonitor] - Finished simulating for one point {"hostname": "ece-linlabsrv01.ece.gatech.edu", "processid": 2808795, "history": "ExplorerRun.0", "testname": "ECE4130_Project_RegisterDecoder_1", "cornername": "Nominal", "point": 1, "logfile": "/nethome/ccarpenter38/ECE4130_M/Project1/ECE6130_Updated/ECE6130_LAB/Cadence/logs_ccarpenter38/logs0/Job21.log", "simid": "3", "event": "finish", "category": "simulation"}
[2024-11-18 22:49:41.946 -0500] [PROCESS] [cadence.virtuoso.ade.simulationMonitor] - Simulator exited {"hostname": "ece-linlabsrv01.ece.gatech.edu", "processid": 2808795, "history": "ExplorerRun.0", "testname": "ECE4130_Project_RegisterDecoder_1", "cornername": "Nominal", "point": 1, "logfile": "/nethome/ccarpenter38/ECE4130_M/Project1/ECE6130_Updated/ECE6130_LAB/Cadence/logs_ccarpenter38/logs0/Job21.log", "exitStatus": "0"}
[2024-11-18 22:49:41.947 -0500] [PROCESS] [cadence.virtuoso.ade.simulationMonitor] - Finished Simulation {"hostname": "ece-linlabsrv01.ece.gatech.edu", "processid": 2808795, "history": "ExplorerRun.0", "testname": "ECE4130_Project_RegisterDecoder_1", "cornername": "Nominal", "point": 1, "logfile": "/nethome/ccarpenter38/ECE4130_M/Project1/ECE6130_Updated/ECE6130_LAB/Cadence/logs_ccarpenter38/logs0/Job21.log", "simid": "3", "event": "finish", "category": "obsolete"}
[2024-11-18 22:49:45.950 -0500] [PROCESS] [cadence.virtuoso.ade.simulationMonitor] - Point Finished {"hostname": "ece-linlabsrv01.ece.gatech.edu", "processid": 2808795, "history": "ExplorerRun.0", "testname": "ECE4130_Project_RegisterDecoder_1", "cornername": "Nominal", "point": 1, "logfile": "/nethome/ccarpenter38/ECE4130_M/Project1/ECE6130_Updated/ECE6130_LAB/Cadence/logs_ccarpenter38/logs0/Job21.log", "event": "finish", "category": "sim-eval"}
[2024-11-18 22:49:46.953 -0500] [PROCESS] [cadence.virtuoso.ade.simulationMonitor] - Stay with the runId '2', Linger time '300', currentRunSyn '5', currentTestSyn '6' {"hostname": "ece-linlabsrv01.ece.gatech.edu", "processid": 2808795, "history": "ExplorerRun.0", "testname": "ECE4130_Project_RegisterDecoder_1", "cornername": "Nominal", "point": 1, "logfile": "/nethome/ccarpenter38/ECE4130_M/Project1/ECE6130_Updated/ECE6130_LAB/Cadence/logs_ccarpenter38/logs0/Job21.log"}
[2024-11-18 22:49:47.954 -0500] [PROCESS] [cadence.virtuoso.ade.simulationMonitor] - Stay with the runId '2', Linger time '300', currentRunSyn '5', currentTestSyn '6' {"hostname": "ece-linlabsrv01.ece.gatech.edu", "processid": 2808795, "history": "ExplorerRun.0", "testname": "ECE4130_Project_RegisterDecoder_1", "cornername": "Nominal", "point": 1, "logfile": "/nethome/ccarpenter38/ECE4130_M/Project1/ECE6130_Updated/ECE6130_LAB/Cadence/logs_ccarpenter38/logs0/Job21.log"}
[2024-11-18 22:49:48.954 -0500] [PROCESS] [cadence.virtuoso.ade.simulationMonitor] - Stay with the runId '2', Linger time '300', currentRunSyn '5', currentTestSyn '6' {"hostname": "ece-linlabsrv01.ece.gatech.edu", "processid": 2808795, "history": "ExplorerRun.0", "testname": "ECE4130_Project_RegisterDecoder_1", "cornername": "Nominal", "point": 1, "logfile": "/nethome/ccarpenter38/ECE4130_M/Project1/ECE6130_Updated/ECE6130_LAB/Cadence/logs_ccarpenter38/logs0/Job21.log"}
[2024-11-18 22:49:49.954 -0500] [PROCESS] [cadence.virtuoso.ade.simulationMonitor] - Stay with the runId '2', Linger time '300', currentRunSyn '5', currentTestSyn '6' {"hostname": "ece-linlabsrv01.ece.gatech.edu", "processid": 2808795, "history": "ExplorerRun.0", "testname": "ECE4130_Project_RegisterDecoder_1", "cornername": "Nominal", "point": 1, "logfile": "/nethome/ccarpenter38/ECE4130_M/Project1/ECE6130_Updated/ECE6130_LAB/Cadence/logs_ccarpenter38/logs0/Job21.log"}
[2024-11-18 22:52:14.283 -0500] [INFO] [cadence.virtuoso.ade.simulationMonitor] - SimulationMonitor has terminated the vds process '2850780', reason: 'Force to stop the expression evalutor process because of new run' {"history": "ExplorerRun.0", "point": 1, "testname": "ECE4130_Project_RegisterDecoder_1", "cornername": "Nominal"}
[2024-11-18 22:52:14.284 -0500] [PROCESS] [cadence.virtuoso.ade.simulationMonitor] - HostInfo:
Host name (type):	ece-linlabsrv01.ece.gatech.edu (x86_64)
Operating system:	Linux 4.18.0-553.22.1.el8_10.x86_64 #1 SMP Wed Sep 11 18:02:00 EDT 2024 {"hostname": "ece-linlabsrv01.ece.gatech.edu", "processid": 2808795, "history": "ExplorerRun.0", "testname": "ECE4130_Project_RegisterDecoder_1", "cornername": "Nominal", "point": 1, "logfile": "/nethome/ccarpenter38/ECE4130_M/Project1/ECE6130_Updated/ECE6130_LAB/Cadence/logs_ccarpenter38/logs0/Job21.log", "nodename": "ece-linlabsrv01.ece.gatech.edu", "domainname": "(none)", "machine": "x86_64", "sysname": "Linux", "release": "4.18.0-553.22.1.el8_10.x86_64", "version": "#1 SMP Wed Sep 11 18:02:00 EDT 2024"}
[2024-11-18 22:52:14.285 -0500] [PROCESS] [cadence.virtuoso.ade.simulationMonitor] - UsageInfo:
pid=2808795
totalPhysicalMemory=186.850815GB,Used=137.252731GB,totalVirtualMemory=250.850811GB,Used=159.538940GB
Cpu: Cores=112, Load average:8.420000,12.510000,11.130000 {"hostname": "ece-linlabsrv01.ece.gatech.edu", "processid": 2808795, "history": "ExplorerRun.0", "testname": "ECE4130_Project_RegisterDecoder_1", "cornername": "Nominal", "point": 1, "logfile": "/nethome/ccarpenter38/ECE4130_M/Project1/ECE6130_Updated/ECE6130_LAB/Cadence/logs_ccarpenter38/logs0/Job21.log", "pid": "2808795", "totalPhysicalMemory": "186.850815", "physicalMemoryUsed": "137.252731", "totalVirtualMemory": "250.850811", "virtualMemoryUsed": "159.538940", "cpuCores": "112", "processes": "13464", "loadAverage1": "8.420000", "loadAverage5": "12.510000", "loadAverage15": "11.130000", "loadAverage1Percent": "0.075179"}
[2024-11-18 22:52:14.289 -0500] [EVENT] [cadence.virtuoso.ade.simulationMonitor] - NewPoint {"history": "ExplorerRun.0", "point": 1, "testname": "ECE4130_Project_RegisterDecoder_1", "cornername": "Nominal", "event": "NewPoint", "EventSource": "Simulation Monitor", "HistoryName": "ExplorerRun.0", "logFile": "/nethome/ccarpenter38/ECE4130_M/Project1/ECE6130_Updated/ECE6130_LAB/Cadence/logs_ccarpenter38/logs0/Job21.log", "logFileSize": "53252", "category": "simulation"}
[2024-11-18 22:52:14.491 -0500] [EVENT] [cadence.virtuoso.ade.simulationMonitor] - NewPoint {"history": "ExplorerRun.0", "point": 1, "testname": "ECE4130_Project_RegisterDecoder_1", "cornername": "Nominal", "event": "NewPoint", "EventSource": "spectre", "HistoryName": "ExplorerRun.0", "logFile": "/nethome/ccarpenter38/simulation/ECE4130_Project/RegisterDecoder/maestro/results/maestro/ExplorerRun.0/1/ECE4130_Project_RegisterDecoder_1/psf/spectre.out", "logFileSize": "-1", "category": "simulation"}
[2024-11-18 22:52:14.748 -0500] [PROCESS] [cadence.virtuoso.ade.simulationMonitor] - Simulator launched {"hostname": "ece-linlabsrv01.ece.gatech.edu", "processid": 2808795, "history": "ExplorerRun.0", "testname": "ECE4130_Project_RegisterDecoder_1", "cornername": "Nominal", "point": 1, "logfile": "/nethome/ccarpenter38/ECE4130_M/Project1/ECE6130_Updated/ECE6130_LAB/Cadence/logs_ccarpenter38/logs0/Job21.log", "simid": "4", "event": "launch", "category": "simulation"}
[2024-11-18 22:52:14.752 -0500] [PROCESS] [cadence.virtuoso.ade.simulationMonitor] - Expression evaluator launched {"hostname": "ece-linlabsrv01.ece.gatech.edu", "processid": 2808795, "history": "ExplorerRun.0", "testname": "ECE4130_Project_RegisterDecoder_1", "cornername": "Nominal", "point": 1, "logfile": "/nethome/ccarpenter38/ECE4130_M/Project1/ECE6130_Updated/ECE6130_LAB/Cadence/logs_ccarpenter38/logs0/Job21.log"}
[2024-11-18 22:52:16.198 -0500] [PROCESS] [cadence.virtuoso.ade.simulationMonitor] - Started Simulation {"hostname": "ece-linlabsrv01.ece.gatech.edu", "processid": 2808795, "history": "ExplorerRun.0", "testname": "ECE4130_Project_RegisterDecoder_1", "cornername": "Nominal", "point": 1, "logfile": "/nethome/ccarpenter38/ECE4130_M/Project1/ECE6130_Updated/ECE6130_LAB/Cadence/logs_ccarpenter38/logs0/Job21.log", "event": "start", "category": "simulation"}
[2024-11-18 22:52:16.198 -0500] [INFO] [cadence.virtuoso.ade.simulationMonitor] - Peak resident memory used = 170 Mbytes. {"history": "ExplorerRun.0", "point": 1, "testname": "ECE4130_Project_RegisterDecoder_1", "cornername": "Nominal"}
[2024-11-18 22:52:16.198 -0500] [INFO] [cadence.virtuoso.ade.simulationMonitor] - Peak resident memory used = 178 Mbytes. {"history": "ExplorerRun.0", "point": 1, "testname": "ECE4130_Project_RegisterDecoder_1", "cornername": "Nominal"}
[2024-11-18 22:52:16.198 -0500] [INFO] [cadence.virtuoso.ade.simulationMonitor] - Notice from spectre during hierarchy flattening.
    The value 'psf' specified for the 'checklimitdest' option will no longer be supported in future releases. Use 'spectre -h' to see other recommended values for the 'checklimitdest' option. {"history": "ExplorerRun.0", "point": 1, "testname": "ECE4130_Project_RegisterDecoder_1", "cornername": "Nominal"}
[2024-11-18 22:52:16.198 -0500] [INFO] [cadence.virtuoso.ade.simulationMonitor] - Peak resident memory used = 180 Mbytes. {"history": "ExplorerRun.0", "point": 1, "testname": "ECE4130_Project_RegisterDecoder_1", "cornername": "Nominal"}
[2024-11-18 22:52:16.202 -0500] [INFO] [cadence.virtuoso.ade.simulationMonitor] -               nodes 128 {"history": "ExplorerRun.0", "point": 1, "testname": "ECE4130_Project_RegisterDecoder_1", "cornername": "Nominal"}
[2024-11-18 22:52:16.203 -0500] [INFO] [cadence.virtuoso.ade.simulationMonitor] - Notice from spectre during initial setup.
    Protected devices exist and are not included in the circuit inventory.
    APS enabled. {"history": "ExplorerRun.0", "point": 1, "testname": "ECE4130_Project_RegisterDecoder_1", "cornername": "Nominal"}
[2024-11-18 22:52:16.204 -0500] [INFO] [cadence.virtuoso.ade.simulationMonitor] - Notice from spectre.
    Multithreading enabled: 8 threads in the system with 112 available processors. {"history": "ExplorerRun.0", "point": 1, "testname": "ECE4130_Project_RegisterDecoder_1", "cornername": "Nominal"}
[2024-11-18 22:52:16.204 -0500] [INFO] [cadence.virtuoso.ade.simulationMonitor] - Peak resident memory used = 189 Mbytes. {"history": "ExplorerRun.0", "point": 1, "testname": "ECE4130_Project_RegisterDecoder_1", "cornername": "Nominal"}
[2024-11-18 22:52:16.205 -0500] [INFO] [cadence.virtuoso.ade.simulationMonitor] -    -   (APS) Multi-threading. The recommended number of threads is 4, consider adding +mt=4 on command line. {"history": "ExplorerRun.0", "point": 1, "testname": "ECE4130_Project_RegisterDecoder_1", "cornername": "Nominal"}
[2024-11-18 22:52:16.205 -0500] [INFO] [cadence.virtuoso.ade.simulationMonitor] - Notice from spectre at time = 4.59039 ps during transient analysis `tran'.
    Found trapezoidal ringing on node I8.I4.I15.M1:sbnode. {"history": "ExplorerRun.0", "point": 1, "testname": "ECE4130_Project_RegisterDecoder_1", "cornername": "Nominal"}
[2024-11-18 22:52:16.205 -0500] [INFO] [cadence.virtuoso.ade.simulationMonitor] - Notice from spectre at time = 372.148 ps during transient analysis `tran'.
    Found trapezoidal ringing on node _vvdd!:p. {"history": "ExplorerRun.0", "point": 1, "testname": "ECE4130_Project_RegisterDecoder_1", "cornername": "Nominal"}
[2024-11-18 22:52:16.205 -0500] [INFO] [cadence.virtuoso.ade.simulationMonitor] - Notice from spectre at time = 432.148 ps during transient analysis `tran'.
    Found trapezoidal ringing on node _vvdd!:p. {"history": "ExplorerRun.0", "point": 1, "testname": "ECE4130_Project_RegisterDecoder_1", "cornername": "Nominal"}
[2024-11-18 22:52:16.205 -0500] [INFO] [cadence.virtuoso.ade.simulationMonitor] - Notice from spectre at time = 466.074 ps during transient analysis `tran'.
    Found trapezoidal ringing on node _vvdd!:p. {"history": "ExplorerRun.0", "point": 1, "testname": "ECE4130_Project_RegisterDecoder_1", "cornername": "Nominal"}
[2024-11-18 22:52:16.205 -0500] [INFO] [cadence.virtuoso.ade.simulationMonitor] - Notice from spectre at time = 500 ps during transient analysis `tran'.
    Found trapezoidal ringing on node _vvdd!:p.
        Further occurrences of this notice will be suppressed. {"history": "ExplorerRun.0", "point": 1, "testname": "ECE4130_Project_RegisterDecoder_1", "cornername": "Nominal"}
[2024-11-18 22:52:16.205 -0500] [INFO] [cadence.virtuoso.ade.simulationMonitor] - Notice from spectre during transient analysis `tran'.
    Trapezoidal ringing is detected during tran analysis.
        Please use method=trap for better results and performance. {"history": "ExplorerRun.0", "point": 1, "testname": "ECE4130_Project_RegisterDecoder_1", "cornername": "Nominal"}
[2024-11-18 22:52:16.206 -0500] [INFO] [cadence.virtuoso.ade.simulationMonitor] - Intrinsic tran analysis time:    CPU = 1.03341 s, elapsed = 287.365 ms. {"history": "ExplorerRun.0", "point": 1, "testname": "ECE4130_Project_RegisterDecoder_1", "cornername": "Nominal"}
[2024-11-18 22:52:16.206 -0500] [INFO] [cadence.virtuoso.ade.simulationMonitor] - Total time required for tran analysis `tran': CPU = 1.05765 s, elapsed = 301.099 ms, util. = 351%. {"history": "ExplorerRun.0", "point": 1, "testname": "ECE4130_Project_RegisterDecoder_1", "cornername": "Nominal"}
[2024-11-18 22:52:16.206 -0500] [INFO] [cadence.virtuoso.ade.simulationMonitor] - Peak resident memory used = 200 Mbytes. {"history": "ExplorerRun.0", "point": 1, "testname": "ECE4130_Project_RegisterDecoder_1", "cornername": "Nominal"}
[2024-11-18 22:52:16.206 -0500] [INFO] [cadence.virtuoso.ade.simulationMonitor] - Notice from spectre.
    4 notices suppressed. {"history": "ExplorerRun.0", "point": 1, "testname": "ECE4130_Project_RegisterDecoder_1", "cornername": "Nominal"}
[2024-11-18 22:52:16.207 -0500] [INFO] [cadence.virtuoso.ade.simulationMonitor] - Time used: CPU = 1.5 s, elapsed = 884 ms, util. = 170%. {"history": "ExplorerRun.0", "point": 1, "testname": "ECE4130_Project_RegisterDecoder_1", "cornername": "Nominal"}
[2024-11-18 22:52:16.208 -0500] [INFO] [cadence.virtuoso.ade.simulationMonitor] - Time spent in licensing: elapsed = 77.4 ms, percentage of total = 8.76%. {"history": "ExplorerRun.0", "point": 1, "testname": "ECE4130_Project_RegisterDecoder_1", "cornername": "Nominal"}
[2024-11-18 22:52:16.208 -0500] [INFO] [cadence.virtuoso.ade.simulationMonitor] - Peak memory used = 202 Mbytes. {"history": "ExplorerRun.0", "point": 1, "testname": "ECE4130_Project_RegisterDecoder_1", "cornername": "Nominal"}
[2024-11-18 22:52:16.211 -0500] [PROCESS] [cadence.virtuoso.ade.simulationMonitor] - Simulation started at: 10:52:15 PM, Mon Nov 18, 2024, ended at: 10:52:16 PM, Mon Nov 18, 2024, with elapsed time (wall clock): 884 ms. {"history": "ExplorerRun.0", "point": 1, "testname": "ECE4130_Project_RegisterDecoder_1", "cornername": "Nominal"}
[2024-11-18 22:52:16.211 -0500] [PROCESS] [cadence.virtuoso.ade.simulationMonitor] - spectre completes with 0 errors, 0 warnings, and 12 notices. {"history": "ExplorerRun.0", "point": 1, "testname": "ECE4130_Project_RegisterDecoder_1", "cornername": "Nominal"}
[2024-11-18 22:52:16.712 -0500] [PROCESS] [cadence.virtuoso.ade.simulationMonitor] - Finished simulating for one point {"hostname": "ece-linlabsrv01.ece.gatech.edu", "processid": 2808795, "history": "ExplorerRun.0", "testname": "ECE4130_Project_RegisterDecoder_1", "cornername": "Nominal", "point": 1, "logfile": "/nethome/ccarpenter38/ECE4130_M/Project1/ECE6130_Updated/ECE6130_LAB/Cadence/logs_ccarpenter38/logs0/Job21.log", "simid": "4", "event": "finish", "category": "simulation"}
[2024-11-18 22:52:16.712 -0500] [PROCESS] [cadence.virtuoso.ade.simulationMonitor] - Simulator exited {"hostname": "ece-linlabsrv01.ece.gatech.edu", "processid": 2808795, "history": "ExplorerRun.0", "testname": "ECE4130_Project_RegisterDecoder_1", "cornername": "Nominal", "point": 1, "logfile": "/nethome/ccarpenter38/ECE4130_M/Project1/ECE6130_Updated/ECE6130_LAB/Cadence/logs_ccarpenter38/logs0/Job21.log", "exitStatus": "0"}
[2024-11-18 22:52:16.712 -0500] [PROCESS] [cadence.virtuoso.ade.simulationMonitor] - Finished Simulation {"hostname": "ece-linlabsrv01.ece.gatech.edu", "processid": 2808795, "history": "ExplorerRun.0", "testname": "ECE4130_Project_RegisterDecoder_1", "cornername": "Nominal", "point": 1, "logfile": "/nethome/ccarpenter38/ECE4130_M/Project1/ECE6130_Updated/ECE6130_LAB/Cadence/logs_ccarpenter38/logs0/Job21.log", "simid": "4", "event": "finish", "category": "obsolete"}
[2024-11-18 22:52:20.218 -0500] [PROCESS] [cadence.virtuoso.ade.simulationMonitor] - Point Finished {"hostname": "ece-linlabsrv01.ece.gatech.edu", "processid": 2808795, "history": "ExplorerRun.0", "testname": "ECE4130_Project_RegisterDecoder_1", "cornername": "Nominal", "point": 1, "logfile": "/nethome/ccarpenter38/ECE4130_M/Project1/ECE6130_Updated/ECE6130_LAB/Cadence/logs_ccarpenter38/logs0/Job21.log", "event": "finish", "category": "sim-eval"}
[2024-11-18 22:52:21.220 -0500] [PROCESS] [cadence.virtuoso.ade.simulationMonitor] - Stay with the runId '3', Linger time '300', currentRunSyn '7', currentTestSyn '8' {"hostname": "ece-linlabsrv01.ece.gatech.edu", "processid": 2808795, "history": "ExplorerRun.0", "testname": "ECE4130_Project_RegisterDecoder_1", "cornername": "Nominal", "point": 1, "logfile": "/nethome/ccarpenter38/ECE4130_M/Project1/ECE6130_Updated/ECE6130_LAB/Cadence/logs_ccarpenter38/logs0/Job21.log"}
[2024-11-18 22:52:22.220 -0500] [PROCESS] [cadence.virtuoso.ade.simulationMonitor] - Stay with the runId '3', Linger time '300', currentRunSyn '7', currentTestSyn '8' {"hostname": "ece-linlabsrv01.ece.gatech.edu", "processid": 2808795, "history": "ExplorerRun.0", "testname": "ECE4130_Project_RegisterDecoder_1", "cornername": "Nominal", "point": 1, "logfile": "/nethome/ccarpenter38/ECE4130_M/Project1/ECE6130_Updated/ECE6130_LAB/Cadence/logs_ccarpenter38/logs0/Job21.log"}
[2024-11-18 22:52:23.221 -0500] [PROCESS] [cadence.virtuoso.ade.simulationMonitor] - Stay with the runId '3', Linger time '300', currentRunSyn '7', currentTestSyn '8' {"hostname": "ece-linlabsrv01.ece.gatech.edu", "processid": 2808795, "history": "ExplorerRun.0", "testname": "ECE4130_Project_RegisterDecoder_1", "cornername": "Nominal", "point": 1, "logfile": "/nethome/ccarpenter38/ECE4130_M/Project1/ECE6130_Updated/ECE6130_LAB/Cadence/logs_ccarpenter38/logs0/Job21.log"}
[2024-11-18 22:52:24.221 -0500] [PROCESS] [cadence.virtuoso.ade.simulationMonitor] - Stay with the runId '3', Linger time '300', currentRunSyn '7', currentTestSyn '8' {"hostname": "ece-linlabsrv01.ece.gatech.edu", "processid": 2808795, "history": "ExplorerRun.0", "testname": "ECE4130_Project_RegisterDecoder_1", "cornername": "Nominal", "point": 1, "logfile": "/nethome/ccarpenter38/ECE4130_M/Project1/ECE6130_Updated/ECE6130_LAB/Cadence/logs_ccarpenter38/logs0/Job21.log"}
[2024-11-18 22:52:25.222 -0500] [PROCESS] [cadence.virtuoso.ade.simulationMonitor] - Stay with the runId '3', Linger time '300', currentRunSyn '7', currentTestSyn '8' {"hostname": "ece-linlabsrv01.ece.gatech.edu", "processid": 2808795, "history": "ExplorerRun.0", "testname": "ECE4130_Project_RegisterDecoder_1", "cornername": "Nominal", "point": 1, "logfile": "/nethome/ccarpenter38/ECE4130_M/Project1/ECE6130_Updated/ECE6130_LAB/Cadence/logs_ccarpenter38/logs0/Job21.log"}
[2024-11-18 22:52:26.222 -0500] [PROCESS] [cadence.virtuoso.ade.simulationMonitor] - Stay with the runId '3', Linger time '300', currentRunSyn '7', currentTestSyn '8' {"hostname": "ece-linlabsrv01.ece.gatech.edu", "processid": 2808795, "history": "ExplorerRun.0", "testname": "ECE4130_Project_RegisterDecoder_1", "cornername": "Nominal", "point": 1, "logfile": "/nethome/ccarpenter38/ECE4130_M/Project1/ECE6130_Updated/ECE6130_LAB/Cadence/logs_ccarpenter38/logs0/Job21.log"}
[2024-11-18 22:52:27.223 -0500] [PROCESS] [cadence.virtuoso.ade.simulationMonitor] - Stay with the runId '3', Linger time '300', currentRunSyn '7', currentTestSyn '8' {"hostname": "ece-linlabsrv01.ece.gatech.edu", "processid": 2808795, "history": "ExplorerRun.0", "testname": "ECE4130_Project_RegisterDecoder_1", "cornername": "Nominal", "point": 1, "logfile": "/nethome/ccarpenter38/ECE4130_M/Project1/ECE6130_Updated/ECE6130_LAB/Cadence/logs_ccarpenter38/logs0/Job21.log"}
[2024-11-18 22:52:28.223 -0500] [PROCESS] [cadence.virtuoso.ade.simulationMonitor] - Stay with the runId '3', Linger time '300', currentRunSyn '7', currentTestSyn '8' {"hostname": "ece-linlabsrv01.ece.gatech.edu", "processid": 2808795, "history": "ExplorerRun.0", "testname": "ECE4130_Project_RegisterDecoder_1", "cornername": "Nominal", "point": 1, "logfile": "/nethome/ccarpenter38/ECE4130_M/Project1/ECE6130_Updated/ECE6130_LAB/Cadence/logs_ccarpenter38/logs0/Job21.log"}
[2024-11-18 22:54:29.026 -0500] [INFO] [cadence.virtuoso.ade.simulationMonitor] - SimulationMonitor has terminated the vds process '2876483', reason: 'Force to stop the expression evalutor process because of new run' {"history": "ExplorerRun.0", "point": 1, "testname": "ECE4130_Project_RegisterDecoder_1", "cornername": "Nominal"}
[2024-11-18 22:54:29.028 -0500] [PROCESS] [cadence.virtuoso.ade.simulationMonitor] - HostInfo:
Host name (type):	ece-linlabsrv01.ece.gatech.edu (x86_64)
Operating system:	Linux 4.18.0-553.22.1.el8_10.x86_64 #1 SMP Wed Sep 11 18:02:00 EDT 2024 {"hostname": "ece-linlabsrv01.ece.gatech.edu", "processid": 2808795, "history": "ExplorerRun.0", "testname": "ECE4130_Project_RegisterDecoder_1", "cornername": "Nominal", "point": 1, "logfile": "/nethome/ccarpenter38/ECE4130_M/Project1/ECE6130_Updated/ECE6130_LAB/Cadence/logs_ccarpenter38/logs0/Job21.log", "nodename": "ece-linlabsrv01.ece.gatech.edu", "domainname": "(none)", "machine": "x86_64", "sysname": "Linux", "release": "4.18.0-553.22.1.el8_10.x86_64", "version": "#1 SMP Wed Sep 11 18:02:00 EDT 2024"}
[2024-11-18 22:54:29.028 -0500] [PROCESS] [cadence.virtuoso.ade.simulationMonitor] - UsageInfo:
pid=2808795
totalPhysicalMemory=186.850815GB,Used=137.109211GB,totalVirtualMemory=250.850811GB,Used=159.395420GB
Cpu: Cores=112, Load average:14.270000,13.340000,11.590000 {"hostname": "ece-linlabsrv01.ece.gatech.edu", "processid": 2808795, "history": "ExplorerRun.0", "testname": "ECE4130_Project_RegisterDecoder_1", "cornername": "Nominal", "point": 1, "logfile": "/nethome/ccarpenter38/ECE4130_M/Project1/ECE6130_Updated/ECE6130_LAB/Cadence/logs_ccarpenter38/logs0/Job21.log", "pid": "2808795", "totalPhysicalMemory": "186.850815", "physicalMemoryUsed": "137.109211", "totalVirtualMemory": "250.850811", "virtualMemoryUsed": "159.395420", "cpuCores": "112", "processes": "13572", "loadAverage1": "14.270000", "loadAverage5": "13.340000", "loadAverage15": "11.590000", "loadAverage1Percent": "0.127411"}
[2024-11-18 22:54:29.032 -0500] [EVENT] [cadence.virtuoso.ade.simulationMonitor] - NewPoint {"history": "ExplorerRun.0", "point": 1, "testname": "ECE4130_Project_RegisterDecoder_1", "cornername": "Nominal", "event": "NewPoint", "EventSource": "Simulation Monitor", "HistoryName": "ExplorerRun.0", "logFile": "/nethome/ccarpenter38/ECE4130_M/Project1/ECE6130_Updated/ECE6130_LAB/Cadence/logs_ccarpenter38/logs0/Job21.log", "logFileSize": "70186", "category": "simulation"}
[2024-11-18 22:54:29.234 -0500] [EVENT] [cadence.virtuoso.ade.simulationMonitor] - NewPoint {"history": "ExplorerRun.0", "point": 1, "testname": "ECE4130_Project_RegisterDecoder_1", "cornername": "Nominal", "event": "NewPoint", "EventSource": "spectre", "HistoryName": "ExplorerRun.0", "logFile": "/nethome/ccarpenter38/simulation/ECE4130_Project/RegisterDecoder/maestro/results/maestro/ExplorerRun.0/1/ECE4130_Project_RegisterDecoder_1/psf/spectre.out", "logFileSize": "-1", "category": "simulation"}
[2024-11-18 22:54:29.481 -0500] [PROCESS] [cadence.virtuoso.ade.simulationMonitor] - Simulator launched {"hostname": "ece-linlabsrv01.ece.gatech.edu", "processid": 2808795, "history": "ExplorerRun.0", "testname": "ECE4130_Project_RegisterDecoder_1", "cornername": "Nominal", "point": 1, "logfile": "/nethome/ccarpenter38/ECE4130_M/Project1/ECE6130_Updated/ECE6130_LAB/Cadence/logs_ccarpenter38/logs0/Job21.log", "simid": "5", "event": "launch", "category": "simulation"}
[2024-11-18 22:54:29.486 -0500] [PROCESS] [cadence.virtuoso.ade.simulationMonitor] - Expression evaluator launched {"hostname": "ece-linlabsrv01.ece.gatech.edu", "processid": 2808795, "history": "ExplorerRun.0", "testname": "ECE4130_Project_RegisterDecoder_1", "cornername": "Nominal", "point": 1, "logfile": "/nethome/ccarpenter38/ECE4130_M/Project1/ECE6130_Updated/ECE6130_LAB/Cadence/logs_ccarpenter38/logs0/Job21.log"}
[2024-11-18 22:54:30.918 -0500] [INFO] [cadence.virtuoso.ade.simulationMonitor] - Peak resident memory used = 162 Mbytes. {"history": "ExplorerRun.0", "point": 1, "testname": "ECE4130_Project_RegisterDecoder_1", "cornername": "Nominal"}
[2024-11-18 22:54:30.918 -0500] [INFO] [cadence.virtuoso.ade.simulationMonitor] - Peak resident memory used = 171 Mbytes. {"history": "ExplorerRun.0", "point": 1, "testname": "ECE4130_Project_RegisterDecoder_1", "cornername": "Nominal"}
[2024-11-18 22:54:30.918 -0500] [INFO] [cadence.virtuoso.ade.simulationMonitor] - Notice from spectre during hierarchy flattening.
    The value 'psf' specified for the 'checklimitdest' option will no longer be supported in future releases. Use 'spectre -h' to see other recommended values for the 'checklimitdest' option. {"history": "ExplorerRun.0", "point": 1, "testname": "ECE4130_Project_RegisterDecoder_1", "cornername": "Nominal"}
[2024-11-18 22:54:30.918 -0500] [INFO] [cadence.virtuoso.ade.simulationMonitor] - Peak resident memory used = 173 Mbytes. {"history": "ExplorerRun.0", "point": 1, "testname": "ECE4130_Project_RegisterDecoder_1", "cornername": "Nominal"}
[2024-11-18 22:54:30.922 -0500] [INFO] [cadence.virtuoso.ade.simulationMonitor] -               nodes 150 {"history": "ExplorerRun.0", "point": 1, "testname": "ECE4130_Project_RegisterDecoder_1", "cornername": "Nominal"}
[2024-11-18 22:54:30.923 -0500] [INFO] [cadence.virtuoso.ade.simulationMonitor] - Notice from spectre during initial setup.
    Protected devices exist and are not included in the circuit inventory.
    APS enabled. {"history": "ExplorerRun.0", "point": 1, "testname": "ECE4130_Project_RegisterDecoder_1", "cornername": "Nominal"}
[2024-11-18 22:54:30.923 -0500] [INFO] [cadence.virtuoso.ade.simulationMonitor] - Notice from spectre.
    Multithreading enabled: 8 threads in the system with 112 available processors. {"history": "ExplorerRun.0", "point": 1, "testname": "ECE4130_Project_RegisterDecoder_1", "cornername": "Nominal"}
[2024-11-18 22:54:30.923 -0500] [INFO] [cadence.virtuoso.ade.simulationMonitor] - Peak resident memory used = 182 Mbytes. {"history": "ExplorerRun.0", "point": 1, "testname": "ECE4130_Project_RegisterDecoder_1", "cornername": "Nominal"}
[2024-11-18 22:54:30.924 -0500] [INFO] [cadence.virtuoso.ade.simulationMonitor] -    -   (APS) Multi-threading. The recommended number of threads is 4, consider adding +mt=4 on command line. {"history": "ExplorerRun.0", "point": 1, "testname": "ECE4130_Project_RegisterDecoder_1", "cornername": "Nominal"}
[2024-11-18 22:54:30.924 -0500] [INFO] [cadence.virtuoso.ade.simulationMonitor] - Notice from spectre at time = 4.63644 ps during transient analysis `tran'.
    Found trapezoidal ringing on node I8.I5.I15.M1:sbnode. {"history": "ExplorerRun.0", "point": 1, "testname": "ECE4130_Project_RegisterDecoder_1", "cornername": "Nominal"}
[2024-11-18 22:54:30.924 -0500] [INFO] [cadence.virtuoso.ade.simulationMonitor] - Notice from spectre at time = 254.473 ps during transient analysis `tran'.
    Found trapezoidal ringing on node I10.I48.net1. {"history": "ExplorerRun.0", "point": 1, "testname": "ECE4130_Project_RegisterDecoder_1", "cornername": "Nominal"}
[2024-11-18 22:54:30.924 -0500] [INFO] [cadence.virtuoso.ade.simulationMonitor] - Notice from spectre at time = 314.473 ps during transient analysis `tran'.
    Found trapezoidal ringing on node I10.I48.net1. {"history": "ExplorerRun.0", "point": 1, "testname": "ECE4130_Project_RegisterDecoder_1", "cornername": "Nominal"}
[2024-11-18 22:54:30.924 -0500] [INFO] [cadence.virtuoso.ade.simulationMonitor] - Notice from spectre at time = 374.473 ps during transient analysis `tran'.
    Found trapezoidal ringing on node I10.I48.net1. {"history": "ExplorerRun.0", "point": 1, "testname": "ECE4130_Project_RegisterDecoder_1", "cornername": "Nominal"}
[2024-11-18 22:54:30.924 -0500] [INFO] [cadence.virtuoso.ade.simulationMonitor] - Notice from spectre at time = 434.473 ps during transient analysis `tran'.
    Found trapezoidal ringing on node I10.I48.net1.
        Further occurrences of this notice will be suppressed. {"history": "ExplorerRun.0", "point": 1, "testname": "ECE4130_Project_RegisterDecoder_1", "cornername": "Nominal"}
[2024-11-18 22:54:30.925 -0500] [INFO] [cadence.virtuoso.ade.simulationMonitor] - Notice from spectre during transient analysis `tran'.
    Trapezoidal ringing is detected during tran analysis.
        Please use method=trap for better results and performance. {"history": "ExplorerRun.0", "point": 1, "testname": "ECE4130_Project_RegisterDecoder_1", "cornername": "Nominal"}
[2024-11-18 22:54:30.925 -0500] [INFO] [cadence.virtuoso.ade.simulationMonitor] - Intrinsic tran analysis time:    CPU = 1.22184 s, elapsed = 275.158 ms. {"history": "ExplorerRun.0", "point": 1, "testname": "ECE4130_Project_RegisterDecoder_1", "cornername": "Nominal"}
[2024-11-18 22:54:30.925 -0500] [INFO] [cadence.virtuoso.ade.simulationMonitor] - Total time required for tran analysis `tran': CPU = 1.24937 s, elapsed = 289.952 ms, util. = 431%. {"history": "ExplorerRun.0", "point": 1, "testname": "ECE4130_Project_RegisterDecoder_1", "cornername": "Nominal"}
[2024-11-18 22:54:30.925 -0500] [INFO] [cadence.virtuoso.ade.simulationMonitor] - Peak resident memory used = 194 Mbytes. {"history": "ExplorerRun.0", "point": 1, "testname": "ECE4130_Project_RegisterDecoder_1", "cornername": "Nominal"}
[2024-11-18 22:54:30.925 -0500] [INFO] [cadence.virtuoso.ade.simulationMonitor] - Notice from spectre.
    5 notices suppressed. {"history": "ExplorerRun.0", "point": 1, "testname": "ECE4130_Project_RegisterDecoder_1", "cornername": "Nominal"}
[2024-11-18 22:54:30.927 -0500] [INFO] [cadence.virtuoso.ade.simulationMonitor] - Time used: CPU = 1.69 s, elapsed = 875 ms, util. = 193%. {"history": "ExplorerRun.0", "point": 1, "testname": "ECE4130_Project_RegisterDecoder_1", "cornername": "Nominal"}
[2024-11-18 22:54:30.927 -0500] [INFO] [cadence.virtuoso.ade.simulationMonitor] - Time spent in licensing: elapsed = 72.5 ms, percentage of total = 8.29%. {"history": "ExplorerRun.0", "point": 1, "testname": "ECE4130_Project_RegisterDecoder_1", "cornername": "Nominal"}
[2024-11-18 22:54:30.928 -0500] [INFO] [cadence.virtuoso.ade.simulationMonitor] - Peak memory used = 195 Mbytes. {"history": "ExplorerRun.0", "point": 1, "testname": "ECE4130_Project_RegisterDecoder_1", "cornername": "Nominal"}
[2024-11-18 22:54:30.930 -0500] [PROCESS] [cadence.virtuoso.ade.simulationMonitor] - Simulation started at: 10:54:29 PM, Mon Nov 18, 2024, ended at: 10:54:30 PM, Mon Nov 18, 2024, with elapsed time (wall clock): 875 ms. {"history": "ExplorerRun.0", "point": 1, "testname": "ECE4130_Project_RegisterDecoder_1", "cornername": "Nominal"}
[2024-11-18 22:54:30.930 -0500] [PROCESS] [cadence.virtuoso.ade.simulationMonitor] - spectre completes with 0 errors, 0 warnings, and 12 notices. {"history": "ExplorerRun.0", "point": 1, "testname": "ECE4130_Project_RegisterDecoder_1", "cornername": "Nominal"}
[2024-11-18 22:54:30.930 -0500] [PROCESS] [cadence.virtuoso.ade.simulationMonitor] - Finished simulating for one point {"hostname": "ece-linlabsrv01.ece.gatech.edu", "processid": 2808795, "history": "ExplorerRun.0", "testname": "ECE4130_Project_RegisterDecoder_1", "cornername": "Nominal", "point": 1, "logfile": "/nethome/ccarpenter38/ECE4130_M/Project1/ECE6130_Updated/ECE6130_LAB/Cadence/logs_ccarpenter38/logs0/Job21.log", "simid": "5", "event": "finish", "category": "simulation"}
[2024-11-18 22:54:30.930 -0500] [PROCESS] [cadence.virtuoso.ade.simulationMonitor] - Simulator exited {"hostname": "ece-linlabsrv01.ece.gatech.edu", "processid": 2808795, "history": "ExplorerRun.0", "testname": "ECE4130_Project_RegisterDecoder_1", "cornername": "Nominal", "point": 1, "logfile": "/nethome/ccarpenter38/ECE4130_M/Project1/ECE6130_Updated/ECE6130_LAB/Cadence/logs_ccarpenter38/logs0/Job21.log", "exitStatus": "0"}
[2024-11-18 22:54:30.930 -0500] [PROCESS] [cadence.virtuoso.ade.simulationMonitor] - Finished Simulation {"hostname": "ece-linlabsrv01.ece.gatech.edu", "processid": 2808795, "history": "ExplorerRun.0", "testname": "ECE4130_Project_RegisterDecoder_1", "cornername": "Nominal", "point": 1, "logfile": "/nethome/ccarpenter38/ECE4130_M/Project1/ECE6130_Updated/ECE6130_LAB/Cadence/logs_ccarpenter38/logs0/Job21.log", "simid": "5", "event": "finish", "category": "obsolete"}
[2024-11-18 22:54:34.934 -0500] [PROCESS] [cadence.virtuoso.ade.simulationMonitor] - Point Finished {"hostname": "ece-linlabsrv01.ece.gatech.edu", "processid": 2808795, "history": "ExplorerRun.0", "testname": "ECE4130_Project_RegisterDecoder_1", "cornername": "Nominal", "point": 1, "logfile": "/nethome/ccarpenter38/ECE4130_M/Project1/ECE6130_Updated/ECE6130_LAB/Cadence/logs_ccarpenter38/logs0/Job21.log", "event": "finish", "category": "sim-eval"}
[2024-11-18 22:54:35.936 -0500] [PROCESS] [cadence.virtuoso.ade.simulationMonitor] - Stay with the runId '4', Linger time '300', currentRunSyn '9', currentTestSyn '10' {"hostname": "ece-linlabsrv01.ece.gatech.edu", "processid": 2808795, "history": "ExplorerRun.0", "testname": "ECE4130_Project_RegisterDecoder_1", "cornername": "Nominal", "point": 1, "logfile": "/nethome/ccarpenter38/ECE4130_M/Project1/ECE6130_Updated/ECE6130_LAB/Cadence/logs_ccarpenter38/logs0/Job21.log"}
[2024-11-18 22:54:36.936 -0500] [PROCESS] [cadence.virtuoso.ade.simulationMonitor] - Stay with the runId '4', Linger time '300', currentRunSyn '9', currentTestSyn '10' {"hostname": "ece-linlabsrv01.ece.gatech.edu", "processid": 2808795, "history": "ExplorerRun.0", "testname": "ECE4130_Project_RegisterDecoder_1", "cornername": "Nominal", "point": 1, "logfile": "/nethome/ccarpenter38/ECE4130_M/Project1/ECE6130_Updated/ECE6130_LAB/Cadence/logs_ccarpenter38/logs0/Job21.log"}
[2024-11-18 22:54:37.936 -0500] [PROCESS] [cadence.virtuoso.ade.simulationMonitor] - Stay with the runId '4', Linger time '300', currentRunSyn '9', currentTestSyn '10' {"hostname": "ece-linlabsrv01.ece.gatech.edu", "processid": 2808795, "history": "ExplorerRun.0", "testname": "ECE4130_Project_RegisterDecoder_1", "cornername": "Nominal", "point": 1, "logfile": "/nethome/ccarpenter38/ECE4130_M/Project1/ECE6130_Updated/ECE6130_LAB/Cadence/logs_ccarpenter38/logs0/Job21.log"}
[2024-11-18 22:54:38.937 -0500] [PROCESS] [cadence.virtuoso.ade.simulationMonitor] - Stay with the runId '4', Linger time '300', currentRunSyn '9', currentTestSyn '10' {"hostname": "ece-linlabsrv01.ece.gatech.edu", "processid": 2808795, "history": "ExplorerRun.0", "testname": "ECE4130_Project_RegisterDecoder_1", "cornername": "Nominal", "point": 1, "logfile": "/nethome/ccarpenter38/ECE4130_M/Project1/ECE6130_Updated/ECE6130_LAB/Cadence/logs_ccarpenter38/logs0/Job21.log"}
[2024-11-18 22:54:39.937 -0500] [PROCESS] [cadence.virtuoso.ade.simulationMonitor] - Stay with the runId '4', Linger time '300', currentRunSyn '9', currentTestSyn '10' {"hostname": "ece-linlabsrv01.ece.gatech.edu", "processid": 2808795, "history": "ExplorerRun.0", "testname": "ECE4130_Project_RegisterDecoder_1", "cornername": "Nominal", "point": 1, "logfile": "/nethome/ccarpenter38/ECE4130_M/Project1/ECE6130_Updated/ECE6130_LAB/Cadence/logs_ccarpenter38/logs0/Job21.log"}
[2024-11-18 22:54:40.937 -0500] [PROCESS] [cadence.virtuoso.ade.simulationMonitor] - Stay with the runId '4', Linger time '300', currentRunSyn '9', currentTestSyn '10' {"hostname": "ece-linlabsrv01.ece.gatech.edu", "processid": 2808795, "history": "ExplorerRun.0", "testname": "ECE4130_Project_RegisterDecoder_1", "cornername": "Nominal", "point": 1, "logfile": "/nethome/ccarpenter38/ECE4130_M/Project1/ECE6130_Updated/ECE6130_LAB/Cadence/logs_ccarpenter38/logs0/Job21.log"}
[2024-11-18 22:54:41.938 -0500] [PROCESS] [cadence.virtuoso.ade.simulationMonitor] - Stay with the runId '4', Linger time '300', currentRunSyn '9', currentTestSyn '10' {"hostname": "ece-linlabsrv01.ece.gatech.edu", "processid": 2808795, "history": "ExplorerRun.0", "testname": "ECE4130_Project_RegisterDecoder_1", "cornername": "Nominal", "point": 1, "logfile": "/nethome/ccarpenter38/ECE4130_M/Project1/ECE6130_Updated/ECE6130_LAB/Cadence/logs_ccarpenter38/logs0/Job21.log"}
[2024-11-18 22:54:42.938 -0500] [PROCESS] [cadence.virtuoso.ade.simulationMonitor] - Stay with the runId '4', Linger time '300', currentRunSyn '9', currentTestSyn '10' {"hostname": "ece-linlabsrv01.ece.gatech.edu", "processid": 2808795, "history": "ExplorerRun.0", "testname": "ECE4130_Project_RegisterDecoder_1", "cornername": "Nominal", "point": 1, "logfile": "/nethome/ccarpenter38/ECE4130_M/Project1/ECE6130_Updated/ECE6130_LAB/Cadence/logs_ccarpenter38/logs0/Job21.log"}
[2024-11-18 22:54:43.938 -0500] [PROCESS] [cadence.virtuoso.ade.simulationMonitor] - Stay with the runId '4', Linger time '300', currentRunSyn '9', currentTestSyn '10' {"hostname": "ece-linlabsrv01.ece.gatech.edu", "processid": 2808795, "history": "ExplorerRun.0", "testname": "ECE4130_Project_RegisterDecoder_1", "cornername": "Nominal", "point": 1, "logfile": "/nethome/ccarpenter38/ECE4130_M/Project1/ECE6130_Updated/ECE6130_LAB/Cadence/logs_ccarpenter38/logs0/Job21.log"}
[2024-11-18 22:54:44.939 -0500] [PROCESS] [cadence.virtuoso.ade.simulationMonitor] - Stay with the runId '4', Linger time '300', currentRunSyn '9', currentTestSyn '10' {"hostname": "ece-linlabsrv01.ece.gatech.edu", "processid": 2808795, "history": "ExplorerRun.0", "testname": "ECE4130_Project_RegisterDecoder_1", "cornername": "Nominal", "point": 1, "logfile": "/nethome/ccarpenter38/ECE4130_M/Project1/ECE6130_Updated/ECE6130_LAB/Cadence/logs_ccarpenter38/logs0/Job21.log"}
[2024-11-18 22:55:43.407 -0500] [PROCESS] [cadence.virtuoso.ade.simulationMonitor] - get signal Terminated<15> from user:ccarpenter38, which pid:2808569:/tools/software/cadence/ic/latest/tools/bin/64bit/cdsServIpc {"hostname": "ece-linlabsrv01.ece.gatech.edu", "processid": 2808795, "history": "ExplorerRun.0", "testname": "ECE4130_Project_RegisterDecoder_1", "cornername": "Nominal", "point": 1, "logfile": "/nethome/ccarpenter38/ECE4130_M/Project1/ECE6130_Updated/ECE6130_LAB/Cadence/logs_ccarpenter38/logs0/Job21.log", "signal": "15", "signalName": "Terminated", "which": "/tools/software/cadence/ic/latest/tools/bin/64bit/cdsServIpc", "pid": "2808569", "user": "ccarpenter38", "uid": "1099950"}
[2024-11-18 22:55:43.407 -0500] [INFO] [cadence.virtuoso.ade.simulationMonitor] - SimulationMonitor has terminated the  process '2908445', reason: 'simulationMonitor is handling signal 15' {"history": "ExplorerRun.0", "point": 1, "testname": "ECE4130_Project_RegisterDecoder_1", "cornername": "Nominal"}
