[Simulation Monitor: 2]
[2024-10-23 13:39:50.974 -0400] [PROCESS] [cadence.virtuoso.ade.simulationMonitor] - Started the simulation monitor process {"hostname": "ece-linlabsrv01.ece.gatech.edu", "processid": 2050287, "logfile": "/nethome/ccarpenter38/ECE6130_Updated/ECE6130_LAB/Cadence/logs_ccarpenter38/logs0/Job2.log", "simulation monitor command line": "/tools/software/cadence/ic/23.10.080/tools.lnx86/dfII/bin/64bit/spectreMonitor --davinciService DaVinciService_803953_1729704981 --axlsession fnxSession0 -lscs 000175E1894CBE06FF0966E38F1FFC06BC4D77F482089272CC286FA78410926AD02479FE8D1C9F67D0227DAAD246CD37C87766E3A12FFC06BC4D01FABBF9C8E0DB5400001E17 -beanhost ece-linlabsrv01.ece.gatech.edu -beanport 11662 -beanLogFile /nethome/ccarpenter38/ECE6130_Updated/ECE6130_LAB/Cadence/logs_ccarpenter38/logs0/amps_Job2.log -beanbinlog  --domain 0 --interactive yes --netlistOpt no --useMultiPointEvaluation yes --exprEvalShowJobStderr yes --evalSimParallel no --maxSims 0 --historyName ExplorerRun.0 --historyUUID  --exprEvaluator vds --mcMapping mc1.mapping --checkLogStatusInterval 0 --checkSimulatorLogTimeout 1200 --exprEvalMaxTries 3 --maxNFSSyncWait 60 -adeBrokerAddress ece-linlabsrv01.ece.gatech.edu:33247 --statdbType h5v2 --fromADE true --virtuosoBinary virtuoso --guiDisplay localhost:11.0 --globalStatus 60 --evaluateMultiMC yes --evalOnSimFail SkipFailedAnalyses --numRetriesOnError 1 --fenixMode explorer --lingertimeout 300 -ahdlLockTimeout 60 --sdbLib ECE4130_Project --sdbCell 4to1Mux --sdbView maestro --heartBeatFileDir /dev/shm --id 2 --uuid 49fc7242-4bb4-4b5d-ad5e-59ae30a9c443 --log /nethome/ccarpenter38/ECE6130_Updated/ECE6130_LAB/Cadence/logs_ccarpenter38/logs0/Job2.log "}
[2024-10-23 13:39:50.975 -0400] [PROCESS] [cadence.virtuoso.ade.simulationMonitor] - Started the simulation monitor process {"hostname": "ece-linlabsrv01.ece.gatech.edu", "processid": 2050287, "logfile": "/nethome/ccarpenter38/ECE6130_Updated/ECE6130_LAB/Cadence/logs_ccarpenter38/logs0/Job2.log", "current directory": "/nethome/ccarpenter38/ECE6130_Updated/ECE6130_LAB/Cadence"}
[2024-10-23 13:39:50.975 -0400] [PROCESS] [cadence.virtuoso.ade.simulationMonitor] - Simulation Monitor has successfully started up. Trying to set up communication channels to other components ... {"hostname": "ece-linlabsrv01.ece.gatech.edu", "processid": 2050287, "logfile": "/nethome/ccarpenter38/ECE6130_Updated/ECE6130_LAB/Cadence/logs_ccarpenter38/logs0/Job2.log"}
[2024-10-23 13:39:50.978 -0400] [PROCESS] [cadence.virtuoso.ade.simulationMonitor] - Communication channels have been successfully set up. Start processing events ... {"hostname": "ece-linlabsrv01.ece.gatech.edu", "processid": 2050287, "logfile": "/nethome/ccarpenter38/ECE6130_Updated/ECE6130_LAB/Cadence/logs_ccarpenter38/logs0/Job2.log"}
[2024-10-23 13:39:50.978 -0400] [PROCESS] [cadence.virtuoso.ade.simulationMonitor] - Considering to start history {"hostname": "ece-linlabsrv01.ece.gatech.edu", "processid": 2050287, "history": "ExplorerRun.0", "logfile": "/nethome/ccarpenter38/ECE6130_Updated/ECE6130_LAB/Cadence/logs_ccarpenter38/logs0/Job2.log"}
[2024-10-23 13:39:50.981 -0400] [PROCESS] [cadence.virtuoso.ade.simulationMonitor] - HostInfo:
Host name (type):	ece-linlabsrv01.ece.gatech.edu (x86_64)
Operating system:	Linux 4.18.0-553.22.1.el8_10.x86_64 #1 SMP Wed Sep 11 18:02:00 EDT 2024 {"hostname": "ece-linlabsrv01.ece.gatech.edu", "processid": 2050287, "history": "ExplorerRun.0", "logfile": "/nethome/ccarpenter38/ECE6130_Updated/ECE6130_LAB/Cadence/logs_ccarpenter38/logs0/Job2.log", "nodename": "ece-linlabsrv01.ece.gatech.edu", "domainname": "(none)", "machine": "x86_64", "sysname": "Linux", "release": "4.18.0-553.22.1.el8_10.x86_64", "version": "#1 SMP Wed Sep 11 18:02:00 EDT 2024"}
[2024-10-23 13:39:50.981 -0400] [PROCESS] [cadence.virtuoso.ade.simulationMonitor] - UsageInfo:
pid=2050287
totalPhysicalMemory=186.850800GB,Used=122.962612GB,totalVirtualMemory=250.850796GB,Used=126.317688GB
Cpu: Cores=112, Load average:15.310000,6.860000,5.000000 {"hostname": "ece-linlabsrv01.ece.gatech.edu", "processid": 2050287, "history": "ExplorerRun.0", "logfile": "/nethome/ccarpenter38/ECE6130_Updated/ECE6130_LAB/Cadence/logs_ccarpenter38/logs0/Job2.log", "pid": "2050287", "totalPhysicalMemory": "186.850800", "physicalMemoryUsed": "122.962612", "totalVirtualMemory": "250.850796", "virtualMemoryUsed": "126.317688", "cpuCores": "112", "processes": "8253", "loadAverage1": "15.310000", "loadAverage5": "6.860000", "loadAverage15": "5.000000", "loadAverage1Percent": "0.136696"}
[2024-10-23 13:39:50.985 -0400] [EVENT] [cadence.virtuoso.ade.simulationMonitor] - NewPoint {"history": "ExplorerRun.0", "point": 1, "testname": "ECE4130_Project_4to1Mux_1", "cornername": "Nominal", "event": "NewPoint", "EventSource": "Simulation Monitor", "HistoryName": "ExplorerRun.0", "logFile": "/nethome/ccarpenter38/ECE6130_Updated/ECE6130_LAB/Cadence/logs_ccarpenter38/logs0/Job2.log", "logFileSize": "4550", "category": "simulation"}
[2024-10-23 13:39:51.187 -0400] [EVENT] [cadence.virtuoso.ade.simulationMonitor] - NewPoint {"history": "ExplorerRun.0", "point": 1, "testname": "ECE4130_Project_4to1Mux_1", "cornername": "Nominal", "event": "NewPoint", "EventSource": "spectre", "HistoryName": "ExplorerRun.0", "logFile": "/nethome/ccarpenter38/simulation/ECE4130_Project/4to1Mux/maestro/results/maestro/ExplorerRun.0/1/ECE4130_Project_4to1Mux_1/psf/spectre.out", "logFileSize": "-1", "category": "simulation"}
[2024-10-23 13:39:51.432 -0400] [PROCESS] [cadence.virtuoso.ade.simulationMonitor] - Simulator launched {"hostname": "ece-linlabsrv01.ece.gatech.edu", "processid": 2050287, "history": "ExplorerRun.0", "testname": "ECE4130_Project_4to1Mux_1", "cornername": "Nominal", "point": 1, "logfile": "/nethome/ccarpenter38/ECE6130_Updated/ECE6130_LAB/Cadence/logs_ccarpenter38/logs0/Job2.log", "simid": "1", "event": "launch", "category": "simulation"}
[2024-10-23 13:39:51.436 -0400] [PROCESS] [cadence.virtuoso.ade.simulationMonitor] - Expression evaluator launched {"hostname": "ece-linlabsrv01.ece.gatech.edu", "processid": 2050287, "history": "ExplorerRun.0", "testname": "ECE4130_Project_4to1Mux_1", "cornername": "Nominal", "point": 1, "logfile": "/nethome/ccarpenter38/ECE6130_Updated/ECE6130_LAB/Cadence/logs_ccarpenter38/logs0/Job2.log"}
[2024-10-23 13:39:52.022 -0400] [PROCESS] [cadence.virtuoso.ade.simulationMonitor] - Started Simulation {"hostname": "ece-linlabsrv01.ece.gatech.edu", "processid": 2050287, "history": "ExplorerRun.0", "testname": "ECE4130_Project_4to1Mux_1", "cornername": "Nominal", "point": 1, "logfile": "/nethome/ccarpenter38/ECE6130_Updated/ECE6130_LAB/Cadence/logs_ccarpenter38/logs0/Job2.log", "event": "start", "category": "simulation"}
[2024-10-23 13:39:52.522 -0400] [INFO] [cadence.virtuoso.ade.simulationMonitor] - Peak resident memory used = 168 Mbytes. {"history": "ExplorerRun.0", "point": 1, "testname": "ECE4130_Project_4to1Mux_1", "cornername": "Nominal"}
[2024-10-23 13:39:52.522 -0400] [INFO] [cadence.virtuoso.ade.simulationMonitor] - Peak resident memory used = 176 Mbytes. {"history": "ExplorerRun.0", "point": 1, "testname": "ECE4130_Project_4to1Mux_1", "cornername": "Nominal"}
[2024-10-23 13:39:52.522 -0400] [INFO] [cadence.virtuoso.ade.simulationMonitor] - Notice from spectre during hierarchy flattening.
    The value 'psf' specified for the 'checklimitdest' option will no longer be supported in future releases. Use 'spectre -h' to see other recommended values for the 'checklimitdest' option. {"history": "ExplorerRun.0", "point": 1, "testname": "ECE4130_Project_4to1Mux_1", "cornername": "Nominal"}
[2024-10-23 13:39:52.522 -0400] [INFO] [cadence.virtuoso.ade.simulationMonitor] - Peak resident memory used = 177 Mbytes. {"history": "ExplorerRun.0", "point": 1, "testname": "ECE4130_Project_4to1Mux_1", "cornername": "Nominal"}
[2024-10-23 13:39:52.523 -0400] [INFO] [cadence.virtuoso.ade.simulationMonitor] - Notice from spectre during initial setup.
    Multithreading is disabled due to the size of the design being too small. {"history": "ExplorerRun.0", "point": 1, "testname": "ECE4130_Project_4to1Mux_1", "cornername": "Nominal"}
[2024-10-23 13:39:52.527 -0400] [INFO] [cadence.virtuoso.ade.simulationMonitor] -               nodes 12 {"history": "ExplorerRun.0", "point": 1, "testname": "ECE4130_Project_4to1Mux_1", "cornername": "Nominal"}
[2024-10-23 13:39:52.527 -0400] [INFO] [cadence.virtuoso.ade.simulationMonitor] - Notice from spectre during initial setup.
    Protected devices exist and are not included in the circuit inventory.
    APS enabled. {"history": "ExplorerRun.0", "point": 1, "testname": "ECE4130_Project_4to1Mux_1", "cornername": "Nominal"}
[2024-10-23 13:39:52.527 -0400] [INFO] [cadence.virtuoso.ade.simulationMonitor] - Peak resident memory used = 180 Mbytes. {"history": "ExplorerRun.0", "point": 1, "testname": "ECE4130_Project_4to1Mux_1", "cornername": "Nominal"}
[2024-10-23 13:39:52.528 -0400] [INFO] [cadence.virtuoso.ade.simulationMonitor] -    -   (APS) Multi-threading. The recommended number of threads is 1, consider adding +mt=1 on command line. {"history": "ExplorerRun.0", "point": 1, "testname": "ECE4130_Project_4to1Mux_1", "cornername": "Nominal"}
[2024-10-23 13:39:52.528 -0400] [WARN] [cadence.virtuoso.ade.simulationMonitor] -     WARNING (CMI-2682): I3.M1: The bulk-source junction forward bias voltage (921.829 mV) exceeds `VjsmFwd' = 862.438 mV.  The results may be inaccurate because Spectre has linearized the junction current model. Check and verify your design if the higher junction forward bias voltage is not expected {"history": "ExplorerRun.0", "point": 1, "testname": "ECE4130_Project_4to1Mux_1", "cornername": "Nominal"}
[2024-10-23 13:39:52.528 -0400] [INFO] [cadence.virtuoso.ade.simulationMonitor] - Notice from spectre during transient analysis `tran'.
    Multithreading is disabled due to the size of the design being too small. {"history": "ExplorerRun.0", "point": 1, "testname": "ECE4130_Project_4to1Mux_1", "cornername": "Nominal"}
[2024-10-23 13:39:52.528 -0400] [WARN] [cadence.virtuoso.ade.simulationMonitor] -     WARNING (CMI-2682): I3.M1: The bulk-source junction forward bias voltage (921.829 mV) exceeds `VjsmFwd' = 862.438 mV.  The results may be inaccurate because Spectre has linearized the junction current model. Check and verify your design if the higher junction forward bias voltage is not expected {"history": "ExplorerRun.0", "point": 1, "testname": "ECE4130_Project_4to1Mux_1", "cornername": "Nominal"}
[2024-10-23 13:39:52.529 -0400] [INFO] [cadence.virtuoso.ade.simulationMonitor] - Intrinsic tran analysis time:    CPU = 50.495 ms, elapsed = 75.0411 ms. {"history": "ExplorerRun.0", "point": 1, "testname": "ECE4130_Project_4to1Mux_1", "cornername": "Nominal"}
[2024-10-23 13:39:52.529 -0400] [INFO] [cadence.virtuoso.ade.simulationMonitor] - Total time required for tran analysis `tran': CPU = 54.088 ms, elapsed = 81.223 ms, util. = 66.6%. {"history": "ExplorerRun.0", "point": 1, "testname": "ECE4130_Project_4to1Mux_1", "cornername": "Nominal"}
[2024-10-23 13:39:52.529 -0400] [INFO] [cadence.virtuoso.ade.simulationMonitor] - Peak resident memory used = 186 Mbytes. {"history": "ExplorerRun.0", "point": 1, "testname": "ECE4130_Project_4to1Mux_1", "cornername": "Nominal"}
[2024-10-23 13:39:52.530 -0400] [INFO] [cadence.virtuoso.ade.simulationMonitor] - Time used: CPU = 403 ms, elapsed = 578 ms, util. = 69.7%. {"history": "ExplorerRun.0", "point": 1, "testname": "ECE4130_Project_4to1Mux_1", "cornername": "Nominal"}
[2024-10-23 13:39:52.531 -0400] [INFO] [cadence.virtuoso.ade.simulationMonitor] - Time spent in licensing: elapsed = 55.6 ms, percentage of total = 9.62%. {"history": "ExplorerRun.0", "point": 1, "testname": "ECE4130_Project_4to1Mux_1", "cornername": "Nominal"}
[2024-10-23 13:39:52.531 -0400] [INFO] [cadence.virtuoso.ade.simulationMonitor] - Peak memory used = 188 Mbytes. {"history": "ExplorerRun.0", "point": 1, "testname": "ECE4130_Project_4to1Mux_1", "cornername": "Nominal"}
[2024-10-23 13:39:52.533 -0400] [PROCESS] [cadence.virtuoso.ade.simulationMonitor] - Simulation started at: 1:39:51 PM, Wed Oct 23, 2024, ended at: 1:39:52 PM, Wed Oct 23, 2024, with elapsed time (wall clock): 578 ms. {"history": "ExplorerRun.0", "point": 1, "testname": "ECE4130_Project_4to1Mux_1", "cornername": "Nominal"}
[2024-10-23 13:39:52.534 -0400] [PROCESS] [cadence.virtuoso.ade.simulationMonitor] - spectre completes with 0 errors, 2 warnings, and 6 notices. {"history": "ExplorerRun.0", "point": 1, "testname": "ECE4130_Project_4to1Mux_1", "cornername": "Nominal"}
[2024-10-23 13:39:53.034 -0400] [PROCESS] [cadence.virtuoso.ade.simulationMonitor] - Finished simulating for one point {"hostname": "ece-linlabsrv01.ece.gatech.edu", "processid": 2050287, "history": "ExplorerRun.0", "testname": "ECE4130_Project_4to1Mux_1", "cornername": "Nominal", "point": 1, "logfile": "/nethome/ccarpenter38/ECE6130_Updated/ECE6130_LAB/Cadence/logs_ccarpenter38/logs0/Job2.log", "simid": "1", "event": "finish", "category": "simulation"}
[2024-10-23 13:39:53.034 -0400] [PROCESS] [cadence.virtuoso.ade.simulationMonitor] - Simulator exited {"hostname": "ece-linlabsrv01.ece.gatech.edu", "processid": 2050287, "history": "ExplorerRun.0", "testname": "ECE4130_Project_4to1Mux_1", "cornername": "Nominal", "point": 1, "logfile": "/nethome/ccarpenter38/ECE6130_Updated/ECE6130_LAB/Cadence/logs_ccarpenter38/logs0/Job2.log", "exitStatus": "0"}
[2024-10-23 13:39:53.034 -0400] [PROCESS] [cadence.virtuoso.ade.simulationMonitor] - Finished Simulation {"hostname": "ece-linlabsrv01.ece.gatech.edu", "processid": 2050287, "history": "ExplorerRun.0", "testname": "ECE4130_Project_4to1Mux_1", "cornername": "Nominal", "point": 1, "logfile": "/nethome/ccarpenter38/ECE6130_Updated/ECE6130_LAB/Cadence/logs_ccarpenter38/logs0/Job2.log", "simid": "1", "event": "finish", "category": "obsolete"}
[2024-10-23 13:39:57.038 -0400] [PROCESS] [cadence.virtuoso.ade.simulationMonitor] - Point Finished {"hostname": "ece-linlabsrv01.ece.gatech.edu", "processid": 2050287, "history": "ExplorerRun.0", "testname": "ECE4130_Project_4to1Mux_1", "cornername": "Nominal", "point": 1, "logfile": "/nethome/ccarpenter38/ECE6130_Updated/ECE6130_LAB/Cadence/logs_ccarpenter38/logs0/Job2.log", "event": "finish", "category": "sim-eval"}
[2024-10-23 13:39:58.040 -0400] [PROCESS] [cadence.virtuoso.ade.simulationMonitor] - Stay with the runId '0', Linger time '300', currentRunSyn '1', currentTestSyn '2' {"hostname": "ece-linlabsrv01.ece.gatech.edu", "processid": 2050287, "history": "ExplorerRun.0", "testname": "ECE4130_Project_4to1Mux_1", "cornername": "Nominal", "point": 1, "logfile": "/nethome/ccarpenter38/ECE6130_Updated/ECE6130_LAB/Cadence/logs_ccarpenter38/logs0/Job2.log"}
[2024-10-23 13:39:59.041 -0400] [PROCESS] [cadence.virtuoso.ade.simulationMonitor] - Stay with the runId '0', Linger time '300', currentRunSyn '1', currentTestSyn '2' {"hostname": "ece-linlabsrv01.ece.gatech.edu", "processid": 2050287, "history": "ExplorerRun.0", "testname": "ECE4130_Project_4to1Mux_1", "cornername": "Nominal", "point": 1, "logfile": "/nethome/ccarpenter38/ECE6130_Updated/ECE6130_LAB/Cadence/logs_ccarpenter38/logs0/Job2.log"}
[2024-10-23 13:40:00.041 -0400] [PROCESS] [cadence.virtuoso.ade.simulationMonitor] - Stay with the runId '0', Linger time '300', currentRunSyn '1', currentTestSyn '2' {"hostname": "ece-linlabsrv01.ece.gatech.edu", "processid": 2050287, "history": "ExplorerRun.0", "testname": "ECE4130_Project_4to1Mux_1", "cornername": "Nominal", "point": 1, "logfile": "/nethome/ccarpenter38/ECE6130_Updated/ECE6130_LAB/Cadence/logs_ccarpenter38/logs0/Job2.log"}
[2024-10-23 13:40:01.041 -0400] [PROCESS] [cadence.virtuoso.ade.simulationMonitor] - Stay with the runId '0', Linger time '300', currentRunSyn '1', currentTestSyn '2' {"hostname": "ece-linlabsrv01.ece.gatech.edu", "processid": 2050287, "history": "ExplorerRun.0", "testname": "ECE4130_Project_4to1Mux_1", "cornername": "Nominal", "point": 1, "logfile": "/nethome/ccarpenter38/ECE6130_Updated/ECE6130_LAB/Cadence/logs_ccarpenter38/logs0/Job2.log"}
[2024-10-23 13:40:02.042 -0400] [PROCESS] [cadence.virtuoso.ade.simulationMonitor] - Stay with the runId '0', Linger time '300', currentRunSyn '1', currentTestSyn '2' {"hostname": "ece-linlabsrv01.ece.gatech.edu", "processid": 2050287, "history": "ExplorerRun.0", "testname": "ECE4130_Project_4to1Mux_1", "cornername": "Nominal", "point": 1, "logfile": "/nethome/ccarpenter38/ECE6130_Updated/ECE6130_LAB/Cadence/logs_ccarpenter38/logs0/Job2.log"}
[2024-10-23 13:40:03.042 -0400] [PROCESS] [cadence.virtuoso.ade.simulationMonitor] - Stay with the runId '0', Linger time '300', currentRunSyn '1', currentTestSyn '2' {"hostname": "ece-linlabsrv01.ece.gatech.edu", "processid": 2050287, "history": "ExplorerRun.0", "testname": "ECE4130_Project_4to1Mux_1", "cornername": "Nominal", "point": 1, "logfile": "/nethome/ccarpenter38/ECE6130_Updated/ECE6130_LAB/Cadence/logs_ccarpenter38/logs0/Job2.log"}
[2024-10-23 13:40:04.042 -0400] [PROCESS] [cadence.virtuoso.ade.simulationMonitor] - Stay with the runId '0', Linger time '300', currentRunSyn '1', currentTestSyn '2' {"hostname": "ece-linlabsrv01.ece.gatech.edu", "processid": 2050287, "history": "ExplorerRun.0", "testname": "ECE4130_Project_4to1Mux_1", "cornername": "Nominal", "point": 1, "logfile": "/nethome/ccarpenter38/ECE6130_Updated/ECE6130_LAB/Cadence/logs_ccarpenter38/logs0/Job2.log"}
[2024-10-23 13:40:05.043 -0400] [PROCESS] [cadence.virtuoso.ade.simulationMonitor] - Stay with the runId '0', Linger time '300', currentRunSyn '1', currentTestSyn '2' {"hostname": "ece-linlabsrv01.ece.gatech.edu", "processid": 2050287, "history": "ExplorerRun.0", "testname": "ECE4130_Project_4to1Mux_1", "cornername": "Nominal", "point": 1, "logfile": "/nethome/ccarpenter38/ECE6130_Updated/ECE6130_LAB/Cadence/logs_ccarpenter38/logs0/Job2.log"}
[2024-10-23 13:44:27.286 -0400] [INFO] [cadence.virtuoso.ade.simulationMonitor] - SimulationMonitor has terminated the vds process '2050344', reason: 'Force to stop the expression evalutor process because of new run' {"history": "ExplorerRun.0", "point": 1, "testname": "ECE4130_Project_4to1Mux_1", "cornername": "Nominal"}
[2024-10-23 13:44:27.288 -0400] [PROCESS] [cadence.virtuoso.ade.simulationMonitor] - HostInfo:
Host name (type):	ece-linlabsrv01.ece.gatech.edu (x86_64)
Operating system:	Linux 4.18.0-553.22.1.el8_10.x86_64 #1 SMP Wed Sep 11 18:02:00 EDT 2024 {"hostname": "ece-linlabsrv01.ece.gatech.edu", "processid": 2050287, "history": "ExplorerRun.0", "testname": "ECE4130_Project_4to1Mux_1", "cornername": "Nominal", "point": 1, "logfile": "/nethome/ccarpenter38/ECE6130_Updated/ECE6130_LAB/Cadence/logs_ccarpenter38/logs0/Job2.log", "nodename": "ece-linlabsrv01.ece.gatech.edu", "domainname": "(none)", "machine": "x86_64", "sysname": "Linux", "release": "4.18.0-553.22.1.el8_10.x86_64", "version": "#1 SMP Wed Sep 11 18:02:00 EDT 2024"}
[2024-10-23 13:44:27.288 -0400] [PROCESS] [cadence.virtuoso.ade.simulationMonitor] - UsageInfo:
pid=2050287
totalPhysicalMemory=186.850800GB,Used=122.742260GB,totalVirtualMemory=250.850796GB,Used=126.097336GB
Cpu: Cores=112, Load average:2.120000,4.500000,4.510000 {"hostname": "ece-linlabsrv01.ece.gatech.edu", "processid": 2050287, "history": "ExplorerRun.0", "testname": "ECE4130_Project_4to1Mux_1", "cornername": "Nominal", "point": 1, "logfile": "/nethome/ccarpenter38/ECE6130_Updated/ECE6130_LAB/Cadence/logs_ccarpenter38/logs0/Job2.log", "pid": "2050287", "totalPhysicalMemory": "186.850800", "physicalMemoryUsed": "122.742260", "totalVirtualMemory": "250.850796", "virtualMemoryUsed": "126.097336", "cpuCores": "112", "processes": "8242", "loadAverage1": "2.120000", "loadAverage5": "4.500000", "loadAverage15": "4.510000", "loadAverage1Percent": "0.018929"}
[2024-10-23 13:44:27.292 -0400] [EVENT] [cadence.virtuoso.ade.simulationMonitor] - NewPoint {"history": "ExplorerRun.0", "point": 1, "testname": "ECE4130_Project_4to1Mux_1", "cornername": "Nominal", "event": "NewPoint", "EventSource": "Simulation Monitor", "HistoryName": "ExplorerRun.0", "logFile": "/nethome/ccarpenter38/ECE6130_Updated/ECE6130_LAB/Cadence/logs_ccarpenter38/logs0/Job2.log", "logFileSize": "19829", "category": "simulation"}
[2024-10-23 13:44:27.495 -0400] [EVENT] [cadence.virtuoso.ade.simulationMonitor] - NewPoint {"history": "ExplorerRun.0", "point": 1, "testname": "ECE4130_Project_4to1Mux_1", "cornername": "Nominal", "event": "NewPoint", "EventSource": "spectre", "HistoryName": "ExplorerRun.0", "logFile": "/nethome/ccarpenter38/simulation/ECE4130_Project/4to1Mux/maestro/results/maestro/ExplorerRun.0/1/ECE4130_Project_4to1Mux_1/psf/spectre.out", "logFileSize": "-1", "category": "simulation"}
[2024-10-23 13:44:27.767 -0400] [PROCESS] [cadence.virtuoso.ade.simulationMonitor] - Simulator launched {"hostname": "ece-linlabsrv01.ece.gatech.edu", "processid": 2050287, "history": "ExplorerRun.0", "testname": "ECE4130_Project_4to1Mux_1", "cornername": "Nominal", "point": 1, "logfile": "/nethome/ccarpenter38/ECE6130_Updated/ECE6130_LAB/Cadence/logs_ccarpenter38/logs0/Job2.log", "simid": "2", "event": "launch", "category": "simulation"}
[2024-10-23 13:44:27.772 -0400] [PROCESS] [cadence.virtuoso.ade.simulationMonitor] - Expression evaluator launched {"hostname": "ece-linlabsrv01.ece.gatech.edu", "processid": 2050287, "history": "ExplorerRun.0", "testname": "ECE4130_Project_4to1Mux_1", "cornername": "Nominal", "point": 1, "logfile": "/nethome/ccarpenter38/ECE6130_Updated/ECE6130_LAB/Cadence/logs_ccarpenter38/logs0/Job2.log"}
[2024-10-23 13:44:28.354 -0400] [PROCESS] [cadence.virtuoso.ade.simulationMonitor] - Started Simulation {"hostname": "ece-linlabsrv01.ece.gatech.edu", "processid": 2050287, "history": "ExplorerRun.0", "testname": "ECE4130_Project_4to1Mux_1", "cornername": "Nominal", "point": 1, "logfile": "/nethome/ccarpenter38/ECE6130_Updated/ECE6130_LAB/Cadence/logs_ccarpenter38/logs0/Job2.log", "event": "start", "category": "simulation"}
[2024-10-23 13:44:28.854 -0400] [INFO] [cadence.virtuoso.ade.simulationMonitor] - Peak resident memory used = 161 Mbytes. {"history": "ExplorerRun.0", "point": 1, "testname": "ECE4130_Project_4to1Mux_1", "cornername": "Nominal"}
[2024-10-23 13:44:28.854 -0400] [INFO] [cadence.virtuoso.ade.simulationMonitor] - Peak resident memory used = 169 Mbytes. {"history": "ExplorerRun.0", "point": 1, "testname": "ECE4130_Project_4to1Mux_1", "cornername": "Nominal"}
[2024-10-23 13:44:28.854 -0400] [INFO] [cadence.virtuoso.ade.simulationMonitor] - Notice from spectre during hierarchy flattening.
    The value 'psf' specified for the 'checklimitdest' option will no longer be supported in future releases. Use 'spectre -h' to see other recommended values for the 'checklimitdest' option. {"history": "ExplorerRun.0", "point": 1, "testname": "ECE4130_Project_4to1Mux_1", "cornername": "Nominal"}
[2024-10-23 13:44:28.854 -0400] [INFO] [cadence.virtuoso.ade.simulationMonitor] - Peak resident memory used = 171 Mbytes. {"history": "ExplorerRun.0", "point": 1, "testname": "ECE4130_Project_4to1Mux_1", "cornername": "Nominal"}
[2024-10-23 13:44:28.854 -0400] [INFO] [cadence.virtuoso.ade.simulationMonitor] - Notice from spectre during initial setup.
    Multithreading is disabled due to the size of the design being too small. {"history": "ExplorerRun.0", "point": 1, "testname": "ECE4130_Project_4to1Mux_1", "cornername": "Nominal"}
[2024-10-23 13:44:28.859 -0400] [INFO] [cadence.virtuoso.ade.simulationMonitor] -               nodes 12 {"history": "ExplorerRun.0", "point": 1, "testname": "ECE4130_Project_4to1Mux_1", "cornername": "Nominal"}
[2024-10-23 13:44:28.859 -0400] [INFO] [cadence.virtuoso.ade.simulationMonitor] - Notice from spectre during initial setup.
    Protected devices exist and are not included in the circuit inventory.
    APS enabled. {"history": "ExplorerRun.0", "point": 1, "testname": "ECE4130_Project_4to1Mux_1", "cornername": "Nominal"}
[2024-10-23 13:44:28.859 -0400] [INFO] [cadence.virtuoso.ade.simulationMonitor] - Peak resident memory used = 174 Mbytes. {"history": "ExplorerRun.0", "point": 1, "testname": "ECE4130_Project_4to1Mux_1", "cornername": "Nominal"}
[2024-10-23 13:44:28.859 -0400] [INFO] [cadence.virtuoso.ade.simulationMonitor] -    -   (APS) Multi-threading. The recommended number of threads is 1, consider adding +mt=1 on command line. {"history": "ExplorerRun.0", "point": 1, "testname": "ECE4130_Project_4to1Mux_1", "cornername": "Nominal"}
[2024-10-23 13:44:28.860 -0400] [INFO] [cadence.virtuoso.ade.simulationMonitor] - Notice from spectre during transient analysis `tran'.
    Multithreading is disabled due to the size of the design being too small. {"history": "ExplorerRun.0", "point": 1, "testname": "ECE4130_Project_4to1Mux_1", "cornername": "Nominal"}
[2024-10-23 13:44:28.860 -0400] [INFO] [cadence.virtuoso.ade.simulationMonitor] - Notice from spectre at time = 52.6175 ps during transient analysis `tran'.
    Found trapezoidal ringing on node I0.M1:sbnode. {"history": "ExplorerRun.0", "point": 1, "testname": "ECE4130_Project_4to1Mux_1", "cornername": "Nominal"}
[2024-10-23 13:44:28.860 -0400] [INFO] [cadence.virtuoso.ade.simulationMonitor] - Notice from spectre at time = 53.6681 ps during transient analysis `tran'.
    Found trapezoidal ringing on node I0.M1:sbnode. {"history": "ExplorerRun.0", "point": 1, "testname": "ECE4130_Project_4to1Mux_1", "cornername": "Nominal"}
[2024-10-23 13:44:28.860 -0400] [INFO] [cadence.virtuoso.ade.simulationMonitor] - Notice from spectre at time = 55.4475 ps during transient analysis `tran'.
    Found trapezoidal ringing on node I0.M1:sbnode. {"history": "ExplorerRun.0", "point": 1, "testname": "ECE4130_Project_4to1Mux_1", "cornername": "Nominal"}
[2024-10-23 13:44:28.860 -0400] [INFO] [cadence.virtuoso.ade.simulationMonitor] - Notice from spectre at time = 58.4229 ps during transient analysis `tran'.
    Found trapezoidal ringing on node I0.M1:sbnode. {"history": "ExplorerRun.0", "point": 1, "testname": "ECE4130_Project_4to1Mux_1", "cornername": "Nominal"}
[2024-10-23 13:44:28.860 -0400] [INFO] [cadence.virtuoso.ade.simulationMonitor] - Notice from spectre at time = 653.374 ps during transient analysis `tran'.
    Found trapezoidal ringing on node I0.M1:sbnode.
        Further occurrences of this notice will be suppressed. {"history": "ExplorerRun.0", "point": 1, "testname": "ECE4130_Project_4to1Mux_1", "cornername": "Nominal"}
[2024-10-23 13:44:29.360 -0400] [INFO] [cadence.virtuoso.ade.simulationMonitor] - Notice from spectre during transient analysis `tran'.
    Trapezoidal ringing is detected during tran analysis.
        Please use method=trap for better results and performance. {"history": "ExplorerRun.0", "point": 1, "testname": "ECE4130_Project_4to1Mux_1", "cornername": "Nominal"}
[2024-10-23 13:44:29.362 -0400] [INFO] [cadence.virtuoso.ade.simulationMonitor] - Intrinsic tran analysis time:    CPU = 369.498 ms, elapsed = 379.594 ms. {"history": "ExplorerRun.0", "point": 1, "testname": "ECE4130_Project_4to1Mux_1", "cornername": "Nominal"}
[2024-10-23 13:44:29.362 -0400] [INFO] [cadence.virtuoso.ade.simulationMonitor] - Total time required for tran analysis `tran': CPU = 372.512 ms, elapsed = 384.32 ms, util. = 96.9%. {"history": "ExplorerRun.0", "point": 1, "testname": "ECE4130_Project_4to1Mux_1", "cornername": "Nominal"}
[2024-10-23 13:44:29.362 -0400] [INFO] [cadence.virtuoso.ade.simulationMonitor] - Peak resident memory used = 181 Mbytes. {"history": "ExplorerRun.0", "point": 1, "testname": "ECE4130_Project_4to1Mux_1", "cornername": "Nominal"}
[2024-10-23 13:44:29.362 -0400] [INFO] [cadence.virtuoso.ade.simulationMonitor] - Notice from spectre.
    58 notices suppressed. {"history": "ExplorerRun.0", "point": 1, "testname": "ECE4130_Project_4to1Mux_1", "cornername": "Nominal"}
[2024-10-23 13:44:29.364 -0400] [INFO] [cadence.virtuoso.ade.simulationMonitor] - Time used: CPU = 709 ms, elapsed = 896 ms, util. = 79.2%. {"history": "ExplorerRun.0", "point": 1, "testname": "ECE4130_Project_4to1Mux_1", "cornername": "Nominal"}
[2024-10-23 13:44:29.364 -0400] [INFO] [cadence.virtuoso.ade.simulationMonitor] - Time spent in licensing: elapsed = 62.5 ms, percentage of total = 6.98%. {"history": "ExplorerRun.0", "point": 1, "testname": "ECE4130_Project_4to1Mux_1", "cornername": "Nominal"}
[2024-10-23 13:44:29.365 -0400] [INFO] [cadence.virtuoso.ade.simulationMonitor] - Peak memory used = 183 Mbytes. {"history": "ExplorerRun.0", "point": 1, "testname": "ECE4130_Project_4to1Mux_1", "cornername": "Nominal"}
[2024-10-23 13:44:29.368 -0400] [PROCESS] [cadence.virtuoso.ade.simulationMonitor] - Simulation started at: 1:44:28 PM, Wed Oct 23, 2024, ended at: 1:44:29 PM, Wed Oct 23, 2024, with elapsed time (wall clock): 896 ms. {"history": "ExplorerRun.0", "point": 1, "testname": "ECE4130_Project_4to1Mux_1", "cornername": "Nominal"}
[2024-10-23 13:44:29.368 -0400] [PROCESS] [cadence.virtuoso.ade.simulationMonitor] - spectre completes with 0 errors, 0 warnings, and 13 notices. {"history": "ExplorerRun.0", "point": 1, "testname": "ECE4130_Project_4to1Mux_1", "cornername": "Nominal"}
[2024-10-23 13:44:29.368 -0400] [PROCESS] [cadence.virtuoso.ade.simulationMonitor] - Finished simulating for one point {"hostname": "ece-linlabsrv01.ece.gatech.edu", "processid": 2050287, "history": "ExplorerRun.0", "testname": "ECE4130_Project_4to1Mux_1", "cornername": "Nominal", "point": 1, "logfile": "/nethome/ccarpenter38/ECE6130_Updated/ECE6130_LAB/Cadence/logs_ccarpenter38/logs0/Job2.log", "simid": "2", "event": "finish", "category": "simulation"}
[2024-10-23 13:44:29.368 -0400] [PROCESS] [cadence.virtuoso.ade.simulationMonitor] - Simulator exited {"hostname": "ece-linlabsrv01.ece.gatech.edu", "processid": 2050287, "history": "ExplorerRun.0", "testname": "ECE4130_Project_4to1Mux_1", "cornername": "Nominal", "point": 1, "logfile": "/nethome/ccarpenter38/ECE6130_Updated/ECE6130_LAB/Cadence/logs_ccarpenter38/logs0/Job2.log", "exitStatus": "0"}
[2024-10-23 13:44:29.368 -0400] [PROCESS] [cadence.virtuoso.ade.simulationMonitor] - Finished Simulation {"hostname": "ece-linlabsrv01.ece.gatech.edu", "processid": 2050287, "history": "ExplorerRun.0", "testname": "ECE4130_Project_4to1Mux_1", "cornername": "Nominal", "point": 1, "logfile": "/nethome/ccarpenter38/ECE6130_Updated/ECE6130_LAB/Cadence/logs_ccarpenter38/logs0/Job2.log", "simid": "2", "event": "finish", "category": "obsolete"}
[2024-10-23 13:44:32.874 -0400] [PROCESS] [cadence.virtuoso.ade.simulationMonitor] - Point Finished {"hostname": "ece-linlabsrv01.ece.gatech.edu", "processid": 2050287, "history": "ExplorerRun.0", "testname": "ECE4130_Project_4to1Mux_1", "cornername": "Nominal", "point": 1, "logfile": "/nethome/ccarpenter38/ECE6130_Updated/ECE6130_LAB/Cadence/logs_ccarpenter38/logs0/Job2.log", "event": "finish", "category": "sim-eval"}
[2024-10-23 13:44:33.876 -0400] [PROCESS] [cadence.virtuoso.ade.simulationMonitor] - Stay with the runId '1', Linger time '300', currentRunSyn '3', currentTestSyn '4' {"hostname": "ece-linlabsrv01.ece.gatech.edu", "processid": 2050287, "history": "ExplorerRun.0", "testname": "ECE4130_Project_4to1Mux_1", "cornername": "Nominal", "point": 1, "logfile": "/nethome/ccarpenter38/ECE6130_Updated/ECE6130_LAB/Cadence/logs_ccarpenter38/logs0/Job2.log"}
[2024-10-23 13:44:34.876 -0400] [PROCESS] [cadence.virtuoso.ade.simulationMonitor] - Stay with the runId '1', Linger time '300', currentRunSyn '3', currentTestSyn '4' {"hostname": "ece-linlabsrv01.ece.gatech.edu", "processid": 2050287, "history": "ExplorerRun.0", "testname": "ECE4130_Project_4to1Mux_1", "cornername": "Nominal", "point": 1, "logfile": "/nethome/ccarpenter38/ECE6130_Updated/ECE6130_LAB/Cadence/logs_ccarpenter38/logs0/Job2.log"}
[2024-10-23 13:44:35.877 -0400] [PROCESS] [cadence.virtuoso.ade.simulationMonitor] - Stay with the runId '1', Linger time '300', currentRunSyn '3', currentTestSyn '4' {"hostname": "ece-linlabsrv01.ece.gatech.edu", "processid": 2050287, "history": "ExplorerRun.0", "testname": "ECE4130_Project_4to1Mux_1", "cornername": "Nominal", "point": 1, "logfile": "/nethome/ccarpenter38/ECE6130_Updated/ECE6130_LAB/Cadence/logs_ccarpenter38/logs0/Job2.log"}
[2024-10-23 13:46:04.163 -0400] [INFO] [cadence.virtuoso.ade.simulationMonitor] - SimulationMonitor has terminated the vds process '2056149', reason: 'Force to stop the expression evalutor process because of new run' {"history": "ExplorerRun.0", "point": 1, "testname": "ECE4130_Project_4to1Mux_1", "cornername": "Nominal"}
[2024-10-23 13:46:04.164 -0400] [PROCESS] [cadence.virtuoso.ade.simulationMonitor] - HostInfo:
Host name (type):	ece-linlabsrv01.ece.gatech.edu (x86_64)
Operating system:	Linux 4.18.0-553.22.1.el8_10.x86_64 #1 SMP Wed Sep 11 18:02:00 EDT 2024 {"hostname": "ece-linlabsrv01.ece.gatech.edu", "processid": 2050287, "history": "ExplorerRun.0", "testname": "ECE4130_Project_4to1Mux_1", "cornername": "Nominal", "point": 1, "logfile": "/nethome/ccarpenter38/ECE6130_Updated/ECE6130_LAB/Cadence/logs_ccarpenter38/logs0/Job2.log", "nodename": "ece-linlabsrv01.ece.gatech.edu", "domainname": "(none)", "machine": "x86_64", "sysname": "Linux", "release": "4.18.0-553.22.1.el8_10.x86_64", "version": "#1 SMP Wed Sep 11 18:02:00 EDT 2024"}
[2024-10-23 13:46:04.165 -0400] [PROCESS] [cadence.virtuoso.ade.simulationMonitor] - UsageInfo:
pid=2050287
totalPhysicalMemory=186.850800GB,Used=123.953350GB,totalVirtualMemory=250.850796GB,Used=127.308426GB
Cpu: Cores=112, Load average:1.270000,3.560000,4.170000 {"hostname": "ece-linlabsrv01.ece.gatech.edu", "processid": 2050287, "history": "ExplorerRun.0", "testname": "ECE4130_Project_4to1Mux_1", "cornername": "Nominal", "point": 1, "logfile": "/nethome/ccarpenter38/ECE6130_Updated/ECE6130_LAB/Cadence/logs_ccarpenter38/logs0/Job2.log", "pid": "2050287", "totalPhysicalMemory": "186.850800", "physicalMemoryUsed": "123.953350", "totalVirtualMemory": "250.850796", "virtualMemoryUsed": "127.308426", "cpuCores": "112", "processes": "8431", "loadAverage1": "1.270000", "loadAverage5": "3.560000", "loadAverage15": "4.170000", "loadAverage1Percent": "0.011339"}
[2024-10-23 13:46:04.172 -0400] [EVENT] [cadence.virtuoso.ade.simulationMonitor] - NewPoint {"history": "ExplorerRun.0", "point": 1, "testname": "ECE4130_Project_4to1Mux_1", "cornername": "Nominal", "event": "NewPoint", "EventSource": "Simulation Monitor", "HistoryName": "ExplorerRun.0", "logFile": "/nethome/ccarpenter38/ECE6130_Updated/ECE6130_LAB/Cadence/logs_ccarpenter38/logs0/Job2.log", "logFileSize": "34145", "category": "simulation"}
[2024-10-23 13:46:04.374 -0400] [EVENT] [cadence.virtuoso.ade.simulationMonitor] - NewPoint {"history": "ExplorerRun.0", "point": 1, "testname": "ECE4130_Project_4to1Mux_1", "cornername": "Nominal", "event": "NewPoint", "EventSource": "spectre", "HistoryName": "ExplorerRun.0", "logFile": "/nethome/ccarpenter38/simulation/ECE4130_Project/4to1Mux/maestro/results/maestro/ExplorerRun.0/1/ECE4130_Project_4to1Mux_1/psf/spectre.out", "logFileSize": "-1", "category": "simulation"}
[2024-10-23 13:46:04.648 -0400] [PROCESS] [cadence.virtuoso.ade.simulationMonitor] - Simulator launched {"hostname": "ece-linlabsrv01.ece.gatech.edu", "processid": 2050287, "history": "ExplorerRun.0", "testname": "ECE4130_Project_4to1Mux_1", "cornername": "Nominal", "point": 1, "logfile": "/nethome/ccarpenter38/ECE6130_Updated/ECE6130_LAB/Cadence/logs_ccarpenter38/logs0/Job2.log", "simid": "3", "event": "launch", "category": "simulation"}
[2024-10-23 13:46:04.654 -0400] [PROCESS] [cadence.virtuoso.ade.simulationMonitor] - Expression evaluator launched {"hostname": "ece-linlabsrv01.ece.gatech.edu", "processid": 2050287, "history": "ExplorerRun.0", "testname": "ECE4130_Project_4to1Mux_1", "cornername": "Nominal", "point": 1, "logfile": "/nethome/ccarpenter38/ECE6130_Updated/ECE6130_LAB/Cadence/logs_ccarpenter38/logs0/Job2.log"}
[2024-10-23 13:46:05.263 -0400] [PROCESS] [cadence.virtuoso.ade.simulationMonitor] - Started Simulation {"hostname": "ece-linlabsrv01.ece.gatech.edu", "processid": 2050287, "history": "ExplorerRun.0", "testname": "ECE4130_Project_4to1Mux_1", "cornername": "Nominal", "point": 1, "logfile": "/nethome/ccarpenter38/ECE6130_Updated/ECE6130_LAB/Cadence/logs_ccarpenter38/logs0/Job2.log", "event": "start", "category": "simulation"}
[2024-10-23 13:46:05.763 -0400] [INFO] [cadence.virtuoso.ade.simulationMonitor] - Peak resident memory used = 168 Mbytes. {"history": "ExplorerRun.0", "point": 1, "testname": "ECE4130_Project_4to1Mux_1", "cornername": "Nominal"}
[2024-10-23 13:46:05.763 -0400] [INFO] [cadence.virtuoso.ade.simulationMonitor] - Peak resident memory used = 176 Mbytes. {"history": "ExplorerRun.0", "point": 1, "testname": "ECE4130_Project_4to1Mux_1", "cornername": "Nominal"}
[2024-10-23 13:46:05.763 -0400] [INFO] [cadence.virtuoso.ade.simulationMonitor] - Notice from spectre during hierarchy flattening.
    The value 'psf' specified for the 'checklimitdest' option will no longer be supported in future releases. Use 'spectre -h' to see other recommended values for the 'checklimitdest' option. {"history": "ExplorerRun.0", "point": 1, "testname": "ECE4130_Project_4to1Mux_1", "cornername": "Nominal"}
[2024-10-23 13:46:05.763 -0400] [INFO] [cadence.virtuoso.ade.simulationMonitor] - Peak resident memory used = 177 Mbytes. {"history": "ExplorerRun.0", "point": 1, "testname": "ECE4130_Project_4to1Mux_1", "cornername": "Nominal"}
[2024-10-23 13:46:05.764 -0400] [INFO] [cadence.virtuoso.ade.simulationMonitor] - Notice from spectre during initial setup.
    Multithreading is disabled due to the size of the design being too small. {"history": "ExplorerRun.0", "point": 1, "testname": "ECE4130_Project_4to1Mux_1", "cornername": "Nominal"}
[2024-10-23 13:46:05.768 -0400] [INFO] [cadence.virtuoso.ade.simulationMonitor] -               nodes 12 {"history": "ExplorerRun.0", "point": 1, "testname": "ECE4130_Project_4to1Mux_1", "cornername": "Nominal"}
[2024-10-23 13:46:05.768 -0400] [INFO] [cadence.virtuoso.ade.simulationMonitor] - Notice from spectre during initial setup.
    Protected devices exist and are not included in the circuit inventory.
    3 vsources are shorted because their absolute value is less than or equal to 'vabsshort'.
    APS enabled. {"history": "ExplorerRun.0", "point": 1, "testname": "ECE4130_Project_4to1Mux_1", "cornername": "Nominal"}
[2024-10-23 13:46:05.768 -0400] [INFO] [cadence.virtuoso.ade.simulationMonitor] - Peak resident memory used = 179 Mbytes. {"history": "ExplorerRun.0", "point": 1, "testname": "ECE4130_Project_4to1Mux_1", "cornername": "Nominal"}
[2024-10-23 13:46:05.769 -0400] [INFO] [cadence.virtuoso.ade.simulationMonitor] -    -   (APS) Multi-threading. The recommended number of threads is 1, consider adding +mt=1 on command line. {"history": "ExplorerRun.0", "point": 1, "testname": "ECE4130_Project_4to1Mux_1", "cornername": "Nominal"}
[2024-10-23 13:46:05.769 -0400] [INFO] [cadence.virtuoso.ade.simulationMonitor] - Notice from spectre during transient analysis `tran'.
    Multithreading is disabled due to the size of the design being too small. {"history": "ExplorerRun.0", "point": 1, "testname": "ECE4130_Project_4to1Mux_1", "cornername": "Nominal"}
[2024-10-23 13:46:05.769 -0400] [INFO] [cadence.virtuoso.ade.simulationMonitor] - Notice from spectre at time = 445.229 ps during transient analysis `tran'.
    Found trapezoidal ringing on node _vvdd!:p. {"history": "ExplorerRun.0", "point": 1, "testname": "ECE4130_Project_4to1Mux_1", "cornername": "Nominal"}
[2024-10-23 13:46:05.769 -0400] [INFO] [cadence.virtuoso.ade.simulationMonitor] - Notice from spectre at time = 500 ps during transient analysis `tran'.
    Found trapezoidal ringing on node _vvdd!:p. {"history": "ExplorerRun.0", "point": 1, "testname": "ECE4130_Project_4to1Mux_1", "cornername": "Nominal"}
[2024-10-23 13:46:05.769 -0400] [INFO] [cadence.virtuoso.ade.simulationMonitor] - Notice from spectre at time = 941.246 ps during transient analysis `tran'.
    Found trapezoidal ringing on node _vvdd!:p. {"history": "ExplorerRun.0", "point": 1, "testname": "ECE4130_Project_4to1Mux_1", "cornername": "Nominal"}
[2024-10-23 13:46:05.769 -0400] [INFO] [cadence.virtuoso.ade.simulationMonitor] - Notice from spectre at time = 1 ns during transient analysis `tran'.
    Found trapezoidal ringing on node _vvdd!:p. {"history": "ExplorerRun.0", "point": 1, "testname": "ECE4130_Project_4to1Mux_1", "cornername": "Nominal"}
[2024-10-23 13:46:05.769 -0400] [INFO] [cadence.virtuoso.ade.simulationMonitor] - Notice from spectre at time = 1.29501 ns during transient analysis `tran'.
    Found trapezoidal ringing on node _vvdd!:p.
        Further occurrences of this notice will be suppressed. {"history": "ExplorerRun.0", "point": 1, "testname": "ECE4130_Project_4to1Mux_1", "cornername": "Nominal"}
[2024-10-23 13:46:05.770 -0400] [INFO] [cadence.virtuoso.ade.simulationMonitor] - Notice from spectre during transient analysis `tran'.
    Trapezoidal ringing is detected during tran analysis.
        Please use method=trap for better results and performance. {"history": "ExplorerRun.0", "point": 1, "testname": "ECE4130_Project_4to1Mux_1", "cornername": "Nominal"}
[2024-10-23 13:46:05.770 -0400] [INFO] [cadence.virtuoso.ade.simulationMonitor] - Intrinsic tran analysis time:    CPU = 68.201 ms, elapsed = 80.5972 ms. {"history": "ExplorerRun.0", "point": 1, "testname": "ECE4130_Project_4to1Mux_1", "cornername": "Nominal"}
[2024-10-23 13:46:05.770 -0400] [INFO] [cadence.virtuoso.ade.simulationMonitor] - Total time required for tran analysis `tran': CPU = 71.473 ms, elapsed = 85.676 ms, util. = 83.4%. {"history": "ExplorerRun.0", "point": 1, "testname": "ECE4130_Project_4to1Mux_1", "cornername": "Nominal"}
[2024-10-23 13:46:05.771 -0400] [INFO] [cadence.virtuoso.ade.simulationMonitor] - Peak resident memory used = 186 Mbytes. {"history": "ExplorerRun.0", "point": 1, "testname": "ECE4130_Project_4to1Mux_1", "cornername": "Nominal"}
[2024-10-23 13:46:05.771 -0400] [INFO] [cadence.virtuoso.ade.simulationMonitor] - Notice from spectre.
    19 notices suppressed. {"history": "ExplorerRun.0", "point": 1, "testname": "ECE4130_Project_4to1Mux_1", "cornername": "Nominal"}
[2024-10-23 13:46:05.773 -0400] [INFO] [cadence.virtuoso.ade.simulationMonitor] - Time used: CPU = 410 ms, elapsed = 557 ms, util. = 73.6%. {"history": "ExplorerRun.0", "point": 1, "testname": "ECE4130_Project_4to1Mux_1", "cornername": "Nominal"}
[2024-10-23 13:46:05.773 -0400] [INFO] [cadence.virtuoso.ade.simulationMonitor] - Time spent in licensing: elapsed = 49.9 ms, percentage of total = 8.95%. {"history": "ExplorerRun.0", "point": 1, "testname": "ECE4130_Project_4to1Mux_1", "cornername": "Nominal"}
[2024-10-23 13:46:05.774 -0400] [INFO] [cadence.virtuoso.ade.simulationMonitor] - Peak memory used = 188 Mbytes. {"history": "ExplorerRun.0", "point": 1, "testname": "ECE4130_Project_4to1Mux_1", "cornername": "Nominal"}
[2024-10-23 13:46:05.776 -0400] [PROCESS] [cadence.virtuoso.ade.simulationMonitor] - Simulation started at: 1:46:05 PM, Wed Oct 23, 2024, ended at: 1:46:05 PM, Wed Oct 23, 2024, with elapsed time (wall clock): 557 ms. {"history": "ExplorerRun.0", "point": 1, "testname": "ECE4130_Project_4to1Mux_1", "cornername": "Nominal"}
[2024-10-23 13:46:05.776 -0400] [PROCESS] [cadence.virtuoso.ade.simulationMonitor] - spectre completes with 0 errors, 0 warnings, and 14 notices. {"history": "ExplorerRun.0", "point": 1, "testname": "ECE4130_Project_4to1Mux_1", "cornername": "Nominal"}
[2024-10-23 13:46:05.776 -0400] [PROCESS] [cadence.virtuoso.ade.simulationMonitor] - Finished simulating for one point {"hostname": "ece-linlabsrv01.ece.gatech.edu", "processid": 2050287, "history": "ExplorerRun.0", "testname": "ECE4130_Project_4to1Mux_1", "cornername": "Nominal", "point": 1, "logfile": "/nethome/ccarpenter38/ECE6130_Updated/ECE6130_LAB/Cadence/logs_ccarpenter38/logs0/Job2.log", "simid": "3", "event": "finish", "category": "simulation"}
[2024-10-23 13:46:05.777 -0400] [PROCESS] [cadence.virtuoso.ade.simulationMonitor] - Simulator exited {"hostname": "ece-linlabsrv01.ece.gatech.edu", "processid": 2050287, "history": "ExplorerRun.0", "testname": "ECE4130_Project_4to1Mux_1", "cornername": "Nominal", "point": 1, "logfile": "/nethome/ccarpenter38/ECE6130_Updated/ECE6130_LAB/Cadence/logs_ccarpenter38/logs0/Job2.log", "exitStatus": "0"}
[2024-10-23 13:46:05.777 -0400] [PROCESS] [cadence.virtuoso.ade.simulationMonitor] - Finished Simulation {"hostname": "ece-linlabsrv01.ece.gatech.edu", "processid": 2050287, "history": "ExplorerRun.0", "testname": "ECE4130_Project_4to1Mux_1", "cornername": "Nominal", "point": 1, "logfile": "/nethome/ccarpenter38/ECE6130_Updated/ECE6130_LAB/Cadence/logs_ccarpenter38/logs0/Job2.log", "simid": "3", "event": "finish", "category": "obsolete"}
[2024-10-23 13:46:10.289 -0400] [PROCESS] [cadence.virtuoso.ade.simulationMonitor] - Point Finished {"hostname": "ece-linlabsrv01.ece.gatech.edu", "processid": 2050287, "history": "ExplorerRun.0", "testname": "ECE4130_Project_4to1Mux_1", "cornername": "Nominal", "point": 1, "logfile": "/nethome/ccarpenter38/ECE6130_Updated/ECE6130_LAB/Cadence/logs_ccarpenter38/logs0/Job2.log", "event": "finish", "category": "sim-eval"}
[2024-10-23 13:46:11.291 -0400] [PROCESS] [cadence.virtuoso.ade.simulationMonitor] - Stay with the runId '2', Linger time '300', currentRunSyn '5', currentTestSyn '6' {"hostname": "ece-linlabsrv01.ece.gatech.edu", "processid": 2050287, "history": "ExplorerRun.0", "testname": "ECE4130_Project_4to1Mux_1", "cornername": "Nominal", "point": 1, "logfile": "/nethome/ccarpenter38/ECE6130_Updated/ECE6130_LAB/Cadence/logs_ccarpenter38/logs0/Job2.log"}
[2024-10-23 13:46:12.292 -0400] [PROCESS] [cadence.virtuoso.ade.simulationMonitor] - Stay with the runId '2', Linger time '300', currentRunSyn '5', currentTestSyn '6' {"hostname": "ece-linlabsrv01.ece.gatech.edu", "processid": 2050287, "history": "ExplorerRun.0", "testname": "ECE4130_Project_4to1Mux_1", "cornername": "Nominal", "point": 1, "logfile": "/nethome/ccarpenter38/ECE6130_Updated/ECE6130_LAB/Cadence/logs_ccarpenter38/logs0/Job2.log"}
[2024-10-23 13:46:13.292 -0400] [PROCESS] [cadence.virtuoso.ade.simulationMonitor] - Stay with the runId '2', Linger time '300', currentRunSyn '5', currentTestSyn '6' {"hostname": "ece-linlabsrv01.ece.gatech.edu", "processid": 2050287, "history": "ExplorerRun.0", "testname": "ECE4130_Project_4to1Mux_1", "cornername": "Nominal", "point": 1, "logfile": "/nethome/ccarpenter38/ECE6130_Updated/ECE6130_LAB/Cadence/logs_ccarpenter38/logs0/Job2.log"}
[2024-10-23 13:46:14.293 -0400] [PROCESS] [cadence.virtuoso.ade.simulationMonitor] - Stay with the runId '2', Linger time '300', currentRunSyn '5', currentTestSyn '6' {"hostname": "ece-linlabsrv01.ece.gatech.edu", "processid": 2050287, "history": "ExplorerRun.0", "testname": "ECE4130_Project_4to1Mux_1", "cornername": "Nominal", "point": 1, "logfile": "/nethome/ccarpenter38/ECE6130_Updated/ECE6130_LAB/Cadence/logs_ccarpenter38/logs0/Job2.log"}
[2024-10-23 13:46:15.293 -0400] [PROCESS] [cadence.virtuoso.ade.simulationMonitor] - Stay with the runId '2', Linger time '300', currentRunSyn '5', currentTestSyn '6' {"hostname": "ece-linlabsrv01.ece.gatech.edu", "processid": 2050287, "history": "ExplorerRun.0", "testname": "ECE4130_Project_4to1Mux_1", "cornername": "Nominal", "point": 1, "logfile": "/nethome/ccarpenter38/ECE6130_Updated/ECE6130_LAB/Cadence/logs_ccarpenter38/logs0/Job2.log"}
[2024-10-23 13:46:16.293 -0400] [PROCESS] [cadence.virtuoso.ade.simulationMonitor] - Stay with the runId '2', Linger time '300', currentRunSyn '5', currentTestSyn '6' {"hostname": "ece-linlabsrv01.ece.gatech.edu", "processid": 2050287, "history": "ExplorerRun.0", "testname": "ECE4130_Project_4to1Mux_1", "cornername": "Nominal", "point": 1, "logfile": "/nethome/ccarpenter38/ECE6130_Updated/ECE6130_LAB/Cadence/logs_ccarpenter38/logs0/Job2.log"}
[2024-10-23 13:46:17.294 -0400] [PROCESS] [cadence.virtuoso.ade.simulationMonitor] - Stay with the runId '2', Linger time '300', currentRunSyn '5', currentTestSyn '6' {"hostname": "ece-linlabsrv01.ece.gatech.edu", "processid": 2050287, "history": "ExplorerRun.0", "testname": "ECE4130_Project_4to1Mux_1", "cornername": "Nominal", "point": 1, "logfile": "/nethome/ccarpenter38/ECE6130_Updated/ECE6130_LAB/Cadence/logs_ccarpenter38/logs0/Job2.log"}
[2024-10-23 13:46:58.979 -0400] [INFO] [cadence.virtuoso.ade.simulationMonitor] - SimulationMonitor has terminated the vds process '2062714', reason: 'Force to stop the expression evalutor process because of new run' {"history": "ExplorerRun.0", "point": 1, "testname": "ECE4130_Project_4to1Mux_1", "cornername": "Nominal"}
[2024-10-23 13:46:58.981 -0400] [PROCESS] [cadence.virtuoso.ade.simulationMonitor] - HostInfo:
Host name (type):	ece-linlabsrv01.ece.gatech.edu (x86_64)
Operating system:	Linux 4.18.0-553.22.1.el8_10.x86_64 #1 SMP Wed Sep 11 18:02:00 EDT 2024 {"hostname": "ece-linlabsrv01.ece.gatech.edu", "processid": 2050287, "history": "ExplorerRun.0", "testname": "ECE4130_Project_4to1Mux_1", "cornername": "Nominal", "point": 1, "logfile": "/nethome/ccarpenter38/ECE6130_Updated/ECE6130_LAB/Cadence/logs_ccarpenter38/logs0/Job2.log", "nodename": "ece-linlabsrv01.ece.gatech.edu", "domainname": "(none)", "machine": "x86_64", "sysname": "Linux", "release": "4.18.0-553.22.1.el8_10.x86_64", "version": "#1 SMP Wed Sep 11 18:02:00 EDT 2024"}
[2024-10-23 13:46:58.981 -0400] [PROCESS] [cadence.virtuoso.ade.simulationMonitor] - UsageInfo:
pid=2050287
totalPhysicalMemory=186.850800GB,Used=123.066948GB,totalVirtualMemory=250.850796GB,Used=126.422024GB
Cpu: Cores=112, Load average:0.950000,3.090000,3.980000 {"hostname": "ece-linlabsrv01.ece.gatech.edu", "processid": 2050287, "history": "ExplorerRun.0", "testname": "ECE4130_Project_4to1Mux_1", "cornername": "Nominal", "point": 1, "logfile": "/nethome/ccarpenter38/ECE6130_Updated/ECE6130_LAB/Cadence/logs_ccarpenter38/logs0/Job2.log", "pid": "2050287", "totalPhysicalMemory": "186.850800", "physicalMemoryUsed": "123.066948", "totalVirtualMemory": "250.850796", "virtualMemoryUsed": "126.422024", "cpuCores": "112", "processes": "8295", "loadAverage1": "0.950000", "loadAverage5": "3.090000", "loadAverage15": "3.980000", "loadAverage1Percent": "0.008482"}
[2024-10-23 13:46:58.985 -0400] [EVENT] [cadence.virtuoso.ade.simulationMonitor] - NewPoint {"history": "ExplorerRun.0", "point": 1, "testname": "ECE4130_Project_4to1Mux_1", "cornername": "Nominal", "event": "NewPoint", "EventSource": "Simulation Monitor", "HistoryName": "ExplorerRun.0", "logFile": "/nethome/ccarpenter38/ECE6130_Updated/ECE6130_LAB/Cadence/logs_ccarpenter38/logs0/Job2.log", "logFileSize": "50311", "category": "simulation"}
[2024-10-23 13:46:59.187 -0400] [EVENT] [cadence.virtuoso.ade.simulationMonitor] - NewPoint {"history": "ExplorerRun.0", "point": 1, "testname": "ECE4130_Project_4to1Mux_1", "cornername": "Nominal", "event": "NewPoint", "EventSource": "spectre", "HistoryName": "ExplorerRun.0", "logFile": "/nethome/ccarpenter38/simulation/ECE4130_Project/4to1Mux/maestro/results/maestro/ExplorerRun.0/1/ECE4130_Project_4to1Mux_1/psf/spectre.out", "logFileSize": "-1", "category": "simulation"}
[2024-10-23 13:46:59.441 -0400] [PROCESS] [cadence.virtuoso.ade.simulationMonitor] - Simulator launched {"hostname": "ece-linlabsrv01.ece.gatech.edu", "processid": 2050287, "history": "ExplorerRun.0", "testname": "ECE4130_Project_4to1Mux_1", "cornername": "Nominal", "point": 1, "logfile": "/nethome/ccarpenter38/ECE6130_Updated/ECE6130_LAB/Cadence/logs_ccarpenter38/logs0/Job2.log", "simid": "4", "event": "launch", "category": "simulation"}
[2024-10-23 13:46:59.444 -0400] [PROCESS] [cadence.virtuoso.ade.simulationMonitor] - Expression evaluator launched {"hostname": "ece-linlabsrv01.ece.gatech.edu", "processid": 2050287, "history": "ExplorerRun.0", "testname": "ECE4130_Project_4to1Mux_1", "cornername": "Nominal", "point": 1, "logfile": "/nethome/ccarpenter38/ECE6130_Updated/ECE6130_LAB/Cadence/logs_ccarpenter38/logs0/Job2.log"}
[2024-10-23 13:47:00.064 -0400] [PROCESS] [cadence.virtuoso.ade.simulationMonitor] - Started Simulation {"hostname": "ece-linlabsrv01.ece.gatech.edu", "processid": 2050287, "history": "ExplorerRun.0", "testname": "ECE4130_Project_4to1Mux_1", "cornername": "Nominal", "point": 1, "logfile": "/nethome/ccarpenter38/ECE6130_Updated/ECE6130_LAB/Cadence/logs_ccarpenter38/logs0/Job2.log", "event": "start", "category": "simulation"}
[2024-10-23 13:47:00.564 -0400] [INFO] [cadence.virtuoso.ade.simulationMonitor] - Peak resident memory used = 166 Mbytes. {"history": "ExplorerRun.0", "point": 1, "testname": "ECE4130_Project_4to1Mux_1", "cornername": "Nominal"}
[2024-10-23 13:47:00.564 -0400] [INFO] [cadence.virtuoso.ade.simulationMonitor] - Peak resident memory used = 174 Mbytes. {"history": "ExplorerRun.0", "point": 1, "testname": "ECE4130_Project_4to1Mux_1", "cornername": "Nominal"}
[2024-10-23 13:47:00.565 -0400] [INFO] [cadence.virtuoso.ade.simulationMonitor] - Notice from spectre during hierarchy flattening.
    The value 'psf' specified for the 'checklimitdest' option will no longer be supported in future releases. Use 'spectre -h' to see other recommended values for the 'checklimitdest' option. {"history": "ExplorerRun.0", "point": 1, "testname": "ECE4130_Project_4to1Mux_1", "cornername": "Nominal"}
[2024-10-23 13:47:00.565 -0400] [INFO] [cadence.virtuoso.ade.simulationMonitor] - Peak resident memory used = 174 Mbytes. {"history": "ExplorerRun.0", "point": 1, "testname": "ECE4130_Project_4to1Mux_1", "cornername": "Nominal"}
[2024-10-23 13:47:00.565 -0400] [INFO] [cadence.virtuoso.ade.simulationMonitor] - Notice from spectre during initial setup.
    Multithreading is disabled due to the size of the design being too small. {"history": "ExplorerRun.0", "point": 1, "testname": "ECE4130_Project_4to1Mux_1", "cornername": "Nominal"}
[2024-10-23 13:47:00.569 -0400] [INFO] [cadence.virtuoso.ade.simulationMonitor] -               nodes 12 {"history": "ExplorerRun.0", "point": 1, "testname": "ECE4130_Project_4to1Mux_1", "cornername": "Nominal"}
[2024-10-23 13:47:00.570 -0400] [INFO] [cadence.virtuoso.ade.simulationMonitor] - Notice from spectre during initial setup.
    Protected devices exist and are not included in the circuit inventory.
    3 vsources are shorted because their absolute value is less than or equal to 'vabsshort'.
    APS enabled. {"history": "ExplorerRun.0", "point": 1, "testname": "ECE4130_Project_4to1Mux_1", "cornername": "Nominal"}
[2024-10-23 13:47:00.570 -0400] [INFO] [cadence.virtuoso.ade.simulationMonitor] - Peak resident memory used = 178 Mbytes. {"history": "ExplorerRun.0", "point": 1, "testname": "ECE4130_Project_4to1Mux_1", "cornername": "Nominal"}
[2024-10-23 13:47:00.571 -0400] [INFO] [cadence.virtuoso.ade.simulationMonitor] -    -   (APS) Multi-threading. The recommended number of threads is 1, consider adding +mt=1 on command line. {"history": "ExplorerRun.0", "point": 1, "testname": "ECE4130_Project_4to1Mux_1", "cornername": "Nominal"}
[2024-10-23 13:47:00.571 -0400] [INFO] [cadence.virtuoso.ade.simulationMonitor] - Notice from spectre during transient analysis `tran'.
    Multithreading is disabled due to the size of the design being too small. {"history": "ExplorerRun.0", "point": 1, "testname": "ECE4130_Project_4to1Mux_1", "cornername": "Nominal"}
[2024-10-23 13:47:00.571 -0400] [INFO] [cadence.virtuoso.ade.simulationMonitor] - Notice from spectre at time = 327.425 ps during transient analysis `tran'.
    Found trapezoidal ringing on node _vS1:p. {"history": "ExplorerRun.0", "point": 1, "testname": "ECE4130_Project_4to1Mux_1", "cornername": "Nominal"}
[2024-10-23 13:47:00.571 -0400] [INFO] [cadence.virtuoso.ade.simulationMonitor] - Notice from spectre at time = 407.425 ps during transient analysis `tran'.
    Found trapezoidal ringing on node _vS1:p. {"history": "ExplorerRun.0", "point": 1, "testname": "ECE4130_Project_4to1Mux_1", "cornername": "Nominal"}
[2024-10-23 13:47:00.571 -0400] [INFO] [cadence.virtuoso.ade.simulationMonitor] - Notice from spectre at time = 453.713 ps during transient analysis `tran'.
    Found trapezoidal ringing on node _vS1:p. {"history": "ExplorerRun.0", "point": 1, "testname": "ECE4130_Project_4to1Mux_1", "cornername": "Nominal"}
[2024-10-23 13:47:00.571 -0400] [INFO] [cadence.virtuoso.ade.simulationMonitor] - Notice from spectre at time = 500 ps during transient analysis `tran'.
    Found trapezoidal ringing on node _vS1:p. {"history": "ExplorerRun.0", "point": 1, "testname": "ECE4130_Project_4to1Mux_1", "cornername": "Nominal"}
[2024-10-23 13:47:00.571 -0400] [INFO] [cadence.virtuoso.ade.simulationMonitor] - Notice from spectre at time = 935.809 ps during transient analysis `tran'.
    Found trapezoidal ringing on node _vS0:p.
        Further occurrences of this notice will be suppressed. {"history": "ExplorerRun.0", "point": 1, "testname": "ECE4130_Project_4to1Mux_1", "cornername": "Nominal"}
[2024-10-23 13:47:00.571 -0400] [INFO] [cadence.virtuoso.ade.simulationMonitor] - Notice from spectre during transient analysis `tran'.
    Trapezoidal ringing is detected during tran analysis.
        Please use method=trap for better results and performance. {"history": "ExplorerRun.0", "point": 1, "testname": "ECE4130_Project_4to1Mux_1", "cornername": "Nominal"}
[2024-10-23 13:47:00.572 -0400] [INFO] [cadence.virtuoso.ade.simulationMonitor] - Intrinsic tran analysis time:    CPU = 54.473 ms, elapsed = 64.2791 ms. {"history": "ExplorerRun.0", "point": 1, "testname": "ECE4130_Project_4to1Mux_1", "cornername": "Nominal"}
[2024-10-23 13:47:00.572 -0400] [INFO] [cadence.virtuoso.ade.simulationMonitor] - Total time required for tran analysis `tran': CPU = 57.706 ms, elapsed = 69.3429 ms, util. = 83.2%. {"history": "ExplorerRun.0", "point": 1, "testname": "ECE4130_Project_4to1Mux_1", "cornername": "Nominal"}
[2024-10-23 13:47:00.572 -0400] [INFO] [cadence.virtuoso.ade.simulationMonitor] - Peak resident memory used = 184 Mbytes. {"history": "ExplorerRun.0", "point": 1, "testname": "ECE4130_Project_4to1Mux_1", "cornername": "Nominal"}
[2024-10-23 13:47:00.572 -0400] [INFO] [cadence.virtuoso.ade.simulationMonitor] - Notice from spectre.
    21 notices suppressed. {"history": "ExplorerRun.0", "point": 1, "testname": "ECE4130_Project_4to1Mux_1", "cornername": "Nominal"}
[2024-10-23 13:47:00.574 -0400] [INFO] [cadence.virtuoso.ade.simulationMonitor] - Time used: CPU = 394 ms, elapsed = 535 ms, util. = 73.6%. {"history": "ExplorerRun.0", "point": 1, "testname": "ECE4130_Project_4to1Mux_1", "cornername": "Nominal"}
[2024-10-23 13:47:00.574 -0400] [INFO] [cadence.virtuoso.ade.simulationMonitor] - Time spent in licensing: elapsed = 50.3 ms, percentage of total = 9.4%. {"history": "ExplorerRun.0", "point": 1, "testname": "ECE4130_Project_4to1Mux_1", "cornername": "Nominal"}
[2024-10-23 13:47:00.575 -0400] [INFO] [cadence.virtuoso.ade.simulationMonitor] - Peak memory used = 186 Mbytes. {"history": "ExplorerRun.0", "point": 1, "testname": "ECE4130_Project_4to1Mux_1", "cornername": "Nominal"}
[2024-10-23 13:47:00.577 -0400] [PROCESS] [cadence.virtuoso.ade.simulationMonitor] - Simulation started at: 1:46:59 PM, Wed Oct 23, 2024, ended at: 1:47:00 PM, Wed Oct 23, 2024, with elapsed time (wall clock): 535 ms. {"history": "ExplorerRun.0", "point": 1, "testname": "ECE4130_Project_4to1Mux_1", "cornername": "Nominal"}
[2024-10-23 13:47:00.577 -0400] [PROCESS] [cadence.virtuoso.ade.simulationMonitor] - spectre completes with 0 errors, 0 warnings, and 14 notices. {"history": "ExplorerRun.0", "point": 1, "testname": "ECE4130_Project_4to1Mux_1", "cornername": "Nominal"}
[2024-10-23 13:47:01.078 -0400] [PROCESS] [cadence.virtuoso.ade.simulationMonitor] - Finished simulating for one point {"hostname": "ece-linlabsrv01.ece.gatech.edu", "processid": 2050287, "history": "ExplorerRun.0", "testname": "ECE4130_Project_4to1Mux_1", "cornername": "Nominal", "point": 1, "logfile": "/nethome/ccarpenter38/ECE6130_Updated/ECE6130_LAB/Cadence/logs_ccarpenter38/logs0/Job2.log", "simid": "4", "event": "finish", "category": "simulation"}
[2024-10-23 13:47:01.078 -0400] [PROCESS] [cadence.virtuoso.ade.simulationMonitor] - Simulator exited {"hostname": "ece-linlabsrv01.ece.gatech.edu", "processid": 2050287, "history": "ExplorerRun.0", "testname": "ECE4130_Project_4to1Mux_1", "cornername": "Nominal", "point": 1, "logfile": "/nethome/ccarpenter38/ECE6130_Updated/ECE6130_LAB/Cadence/logs_ccarpenter38/logs0/Job2.log", "exitStatus": "0"}
[2024-10-23 13:47:01.078 -0400] [PROCESS] [cadence.virtuoso.ade.simulationMonitor] - Finished Simulation {"hostname": "ece-linlabsrv01.ece.gatech.edu", "processid": 2050287, "history": "ExplorerRun.0", "testname": "ECE4130_Project_4to1Mux_1", "cornername": "Nominal", "point": 1, "logfile": "/nethome/ccarpenter38/ECE6130_Updated/ECE6130_LAB/Cadence/logs_ccarpenter38/logs0/Job2.log", "simid": "4", "event": "finish", "category": "obsolete"}
[2024-10-23 13:47:04.582 -0400] [PROCESS] [cadence.virtuoso.ade.simulationMonitor] - Point Finished {"hostname": "ece-linlabsrv01.ece.gatech.edu", "processid": 2050287, "history": "ExplorerRun.0", "testname": "ECE4130_Project_4to1Mux_1", "cornername": "Nominal", "point": 1, "logfile": "/nethome/ccarpenter38/ECE6130_Updated/ECE6130_LAB/Cadence/logs_ccarpenter38/logs0/Job2.log", "event": "finish", "category": "sim-eval"}
[2024-10-23 13:47:05.584 -0400] [PROCESS] [cadence.virtuoso.ade.simulationMonitor] - Stay with the runId '3', Linger time '300', currentRunSyn '7', currentTestSyn '8' {"hostname": "ece-linlabsrv01.ece.gatech.edu", "processid": 2050287, "history": "ExplorerRun.0", "testname": "ECE4130_Project_4to1Mux_1", "cornername": "Nominal", "point": 1, "logfile": "/nethome/ccarpenter38/ECE6130_Updated/ECE6130_LAB/Cadence/logs_ccarpenter38/logs0/Job2.log"}
[2024-10-23 13:47:06.584 -0400] [PROCESS] [cadence.virtuoso.ade.simulationMonitor] - Stay with the runId '3', Linger time '300', currentRunSyn '7', currentTestSyn '8' {"hostname": "ece-linlabsrv01.ece.gatech.edu", "processid": 2050287, "history": "ExplorerRun.0", "testname": "ECE4130_Project_4to1Mux_1", "cornername": "Nominal", "point": 1, "logfile": "/nethome/ccarpenter38/ECE6130_Updated/ECE6130_LAB/Cadence/logs_ccarpenter38/logs0/Job2.log"}
[2024-10-23 13:47:07.585 -0400] [PROCESS] [cadence.virtuoso.ade.simulationMonitor] - Stay with the runId '3', Linger time '300', currentRunSyn '7', currentTestSyn '8' {"hostname": "ece-linlabsrv01.ece.gatech.edu", "processid": 2050287, "history": "ExplorerRun.0", "testname": "ECE4130_Project_4to1Mux_1", "cornername": "Nominal", "point": 1, "logfile": "/nethome/ccarpenter38/ECE6130_Updated/ECE6130_LAB/Cadence/logs_ccarpenter38/logs0/Job2.log"}
[2024-10-23 13:47:08.585 -0400] [PROCESS] [cadence.virtuoso.ade.simulationMonitor] - Stay with the runId '3', Linger time '300', currentRunSyn '7', currentTestSyn '8' {"hostname": "ece-linlabsrv01.ece.gatech.edu", "processid": 2050287, "history": "ExplorerRun.0", "testname": "ECE4130_Project_4to1Mux_1", "cornername": "Nominal", "point": 1, "logfile": "/nethome/ccarpenter38/ECE6130_Updated/ECE6130_LAB/Cadence/logs_ccarpenter38/logs0/Job2.log"}
[2024-10-23 13:47:09.585 -0400] [PROCESS] [cadence.virtuoso.ade.simulationMonitor] - Stay with the runId '3', Linger time '300', currentRunSyn '7', currentTestSyn '8' {"hostname": "ece-linlabsrv01.ece.gatech.edu", "processid": 2050287, "history": "ExplorerRun.0", "testname": "ECE4130_Project_4to1Mux_1", "cornername": "Nominal", "point": 1, "logfile": "/nethome/ccarpenter38/ECE6130_Updated/ECE6130_LAB/Cadence/logs_ccarpenter38/logs0/Job2.log"}
[2024-10-23 13:47:10.586 -0400] [PROCESS] [cadence.virtuoso.ade.simulationMonitor] - Stay with the runId '3', Linger time '300', currentRunSyn '7', currentTestSyn '8' {"hostname": "ece-linlabsrv01.ece.gatech.edu", "processid": 2050287, "history": "ExplorerRun.0", "testname": "ECE4130_Project_4to1Mux_1", "cornername": "Nominal", "point": 1, "logfile": "/nethome/ccarpenter38/ECE6130_Updated/ECE6130_LAB/Cadence/logs_ccarpenter38/logs0/Job2.log"}
[2024-10-23 13:47:11.587 -0400] [PROCESS] [cadence.virtuoso.ade.simulationMonitor] - Stay with the runId '3', Linger time '300', currentRunSyn '7', currentTestSyn '8' {"hostname": "ece-linlabsrv01.ece.gatech.edu", "processid": 2050287, "history": "ExplorerRun.0", "testname": "ECE4130_Project_4to1Mux_1", "cornername": "Nominal", "point": 1, "logfile": "/nethome/ccarpenter38/ECE6130_Updated/ECE6130_LAB/Cadence/logs_ccarpenter38/logs0/Job2.log"}
[2024-10-23 13:49:28.351 -0400] [PROCESS] [cadence.virtuoso.ade.simulationMonitor] - get signal Terminated<15> from user:ccarpenter38, which pid:2050283:/tools/software/cadence/ic/latest/tools/bin/64bit/cdsServIpc {"hostname": "ece-linlabsrv01.ece.gatech.edu", "processid": 2050287, "history": "ExplorerRun.0", "testname": "ECE4130_Project_4to1Mux_1", "cornername": "Nominal", "point": 1, "logfile": "/nethome/ccarpenter38/ECE6130_Updated/ECE6130_LAB/Cadence/logs_ccarpenter38/logs0/Job2.log", "signal": "15", "signalName": "Terminated", "which": "/tools/software/cadence/ic/latest/tools/bin/64bit/cdsServIpc", "pid": "2050283", "user": "ccarpenter38", "uid": "1099950"}
[2024-10-23 13:49:28.351 -0400] [INFO] [cadence.virtuoso.ade.simulationMonitor] - SimulationMonitor has terminated the  process '2066437', reason: 'simulationMonitor is handling signal 15' {"history": "ExplorerRun.0", "point": 1, "testname": "ECE4130_Project_4to1Mux_1", "cornername": "Nominal"}
