[Simulation Monitor: 26]
[2024-11-10 18:25:06.323 -0500] [PROCESS] [cadence.virtuoso.ade.simulationMonitor] - Started the simulation monitor process {"hostname": "ece-linlab02.ece.gatech.edu", "processid": 2576918, "logfile": "/nethome/ccarpenter38/ECE6130_Updated/ECE6130_LAB/Cadence/logs_ccarpenter38/logs0/Job26.log", "simulation monitor command line": "/tools/software/cadence/ic/23.10.080/tools.lnx86/dfII/bin/64bit/spectreMonitor --davinciService DaVinciService_1950441_1731271604 --axlsession fnxSession10 -lscs 000175E1894CBE06FF0966E38F1FFC06BC4D77F482089272CC286FA78410926AD0246CE0EE7DFC06867C66E38F1FFC06BC4D66E38F1FFC06BC4D01D2CFCDBCD4DB7C00001E65 -beanhost ece-linlab02.ece.gatech.edu -beanport 11781 -beanLogFile /nethome/ccarpenter38/ECE6130_Updated/ECE6130_LAB/Cadence/logs_ccarpenter38/logs0/amps_Job26.log -beanbinlog  --domain 0 --interactive yes --netlistOpt no --useMultiPointEvaluation yes --exprEvalShowJobStderr yes --evalSimParallel no --maxSims 0 --historyName ExplorerRun.0 --historyUUID  --exprEvaluator vds --mcMapping mc1.mapping --checkLogStatusInterval 0 --checkSimulatorLogTimeout 1200 --exprEvalMaxTries 3 --maxNFSSyncWait 60 -adeBrokerAddress ece-linlab02.ece.gatech.edu:32843 --statdbType h5v2 --fromADE true --virtuosoBinary virtuoso --guiDisplay ece-linlab02.ece.gatech.edu:1 --globalStatus 60 --evaluateMultiMC yes --evalOnSimFail SkipFailedAnalyses --numRetriesOnError 1 --fenixMode explorer --lingertimeout 300 -ahdlLockTimeout 60 --sdbLib ECE4130_Project --sdbCell SRAM_SIM --sdbView maestro --heartBeatFileDir /dev/shm --id 26 --uuid 53ee7a76-36b1-44e2-9059-ca326defb58f --log /nethome/ccarpenter38/ECE6130_Updated/ECE6130_LAB/Cadence/logs_ccarpenter38/logs0/Job26.log "}
[2024-11-10 18:25:06.323 -0500] [PROCESS] [cadence.virtuoso.ade.simulationMonitor] - Started the simulation monitor process {"hostname": "ece-linlab02.ece.gatech.edu", "processid": 2576918, "logfile": "/nethome/ccarpenter38/ECE6130_Updated/ECE6130_LAB/Cadence/logs_ccarpenter38/logs0/Job26.log", "current directory": "/nethome/ccarpenter38/ECE6130_Updated/ECE6130_LAB/Cadence"}
[2024-11-10 18:25:06.323 -0500] [PROCESS] [cadence.virtuoso.ade.simulationMonitor] - Simulation Monitor has successfully started up. Trying to set up communication channels to other components ... {"hostname": "ece-linlab02.ece.gatech.edu", "processid": 2576918, "logfile": "/nethome/ccarpenter38/ECE6130_Updated/ECE6130_LAB/Cadence/logs_ccarpenter38/logs0/Job26.log"}
[2024-11-10 18:25:06.326 -0500] [PROCESS] [cadence.virtuoso.ade.simulationMonitor] - Communication channels have been successfully set up. Start processing events ... {"hostname": "ece-linlab02.ece.gatech.edu", "processid": 2576918, "logfile": "/nethome/ccarpenter38/ECE6130_Updated/ECE6130_LAB/Cadence/logs_ccarpenter38/logs0/Job26.log"}
[2024-11-10 18:25:06.326 -0500] [PROCESS] [cadence.virtuoso.ade.simulationMonitor] - Considering to start history {"hostname": "ece-linlab02.ece.gatech.edu", "processid": 2576918, "history": "ExplorerRun.0", "logfile": "/nethome/ccarpenter38/ECE6130_Updated/ECE6130_LAB/Cadence/logs_ccarpenter38/logs0/Job26.log"}
[2024-11-10 18:25:06.328 -0500] [PROCESS] [cadence.virtuoso.ade.simulationMonitor] - HostInfo:
Host name (type):	ece-linlab02.ece.gatech.edu (x86_64)
Operating system:	Linux 4.18.0-553.22.1.el8_10.x86_64 #1 SMP Wed Sep 11 18:02:00 EDT 2024 {"hostname": "ece-linlab02.ece.gatech.edu", "processid": 2576918, "history": "ExplorerRun.0", "logfile": "/nethome/ccarpenter38/ECE6130_Updated/ECE6130_LAB/Cadence/logs_ccarpenter38/logs0/Job26.log", "nodename": "ece-linlab02.ece.gatech.edu", "domainname": "(none)", "machine": "x86_64", "sysname": "Linux", "release": "4.18.0-553.22.1.el8_10.x86_64", "version": "#1 SMP Wed Sep 11 18:02:00 EDT 2024"}
[2024-11-10 18:25:06.328 -0500] [PROCESS] [cadence.virtuoso.ade.simulationMonitor] - UsageInfo:
pid=2576918
totalPhysicalMemory=15.098938GB,Used=13.804306GB,totalVirtualMemory=22.840145GB,Used=13.811836GB
Cpu: Cores=8, Load average:1.170000,1.070000,1.160000 {"hostname": "ece-linlab02.ece.gatech.edu", "processid": 2576918, "history": "ExplorerRun.0", "logfile": "/nethome/ccarpenter38/ECE6130_Updated/ECE6130_LAB/Cadence/logs_ccarpenter38/logs0/Job26.log", "pid": "2576918", "totalPhysicalMemory": "15.098938", "physicalMemoryUsed": "13.804306", "totalVirtualMemory": "22.840145", "virtualMemoryUsed": "13.811836", "cpuCores": "8", "processes": "1593", "loadAverage1": "1.170000", "loadAverage5": "1.070000", "loadAverage15": "1.160000", "loadAverage1Percent": "0.146250"}
[2024-11-10 18:25:06.334 -0500] [EVENT] [cadence.virtuoso.ade.simulationMonitor] - NewPoint {"history": "ExplorerRun.0", "point": 1, "testname": "ECE4130_Project_SRAM_SIM_1", "cornername": "Nominal", "event": "NewPoint", "EventSource": "Simulation Monitor", "HistoryName": "ExplorerRun.0", "logFile": "/nethome/ccarpenter38/ECE6130_Updated/ECE6130_LAB/Cadence/logs_ccarpenter38/logs0/Job26.log", "logFileSize": "4532", "category": "simulation"}
[2024-11-10 18:25:06.435 -0500] [EVENT] [cadence.virtuoso.ade.simulationMonitor] - NewPoint {"history": "ExplorerRun.0", "point": 1, "testname": "ECE4130_Project_SRAM_SIM_1", "cornername": "Nominal", "event": "NewPoint", "EventSource": "spectre", "HistoryName": "ExplorerRun.0", "logFile": "/nethome/ccarpenter38/simulation/ECE4130_Project/SRAM_SIM/maestro/results/maestro/ExplorerRun.0/1/ECE4130_Project_SRAM_SIM_1/psf/spectre.out", "logFileSize": "-1", "category": "simulation"}
[2024-11-10 18:25:06.585 -0500] [PROCESS] [cadence.virtuoso.ade.simulationMonitor] - Simulator launched {"hostname": "ece-linlab02.ece.gatech.edu", "processid": 2576918, "history": "ExplorerRun.0", "testname": "ECE4130_Project_SRAM_SIM_1", "cornername": "Nominal", "point": 1, "logfile": "/nethome/ccarpenter38/ECE6130_Updated/ECE6130_LAB/Cadence/logs_ccarpenter38/logs0/Job26.log", "simid": "1", "event": "launch", "category": "simulation"}
[2024-11-10 18:25:06.588 -0500] [PROCESS] [cadence.virtuoso.ade.simulationMonitor] - Expression evaluator launched {"hostname": "ece-linlab02.ece.gatech.edu", "processid": 2576918, "history": "ExplorerRun.0", "testname": "ECE4130_Project_SRAM_SIM_1", "cornername": "Nominal", "point": 1, "logfile": "/nethome/ccarpenter38/ECE6130_Updated/ECE6130_LAB/Cadence/logs_ccarpenter38/logs0/Job26.log"}
[2024-11-10 18:25:06.626 -0500] [PROCESS] [cadence.virtuoso.ade.simulationMonitor] - Started Simulation {"hostname": "ece-linlab02.ece.gatech.edu", "processid": 2576918, "history": "ExplorerRun.0", "testname": "ECE4130_Project_SRAM_SIM_1", "cornername": "Nominal", "point": 1, "logfile": "/nethome/ccarpenter38/ECE6130_Updated/ECE6130_LAB/Cadence/logs_ccarpenter38/logs0/Job26.log", "event": "start", "category": "simulation"}
[2024-11-10 18:25:07.126 -0500] [INFO] [cadence.virtuoso.ade.simulationMonitor] - Peak resident memory used = 161 Mbytes. {"history": "ExplorerRun.0", "point": 1, "testname": "ECE4130_Project_SRAM_SIM_1", "cornername": "Nominal"}
[2024-11-10 18:25:07.126 -0500] [INFO] [cadence.virtuoso.ade.simulationMonitor] - Peak resident memory used = 169 Mbytes. {"history": "ExplorerRun.0", "point": 1, "testname": "ECE4130_Project_SRAM_SIM_1", "cornername": "Nominal"}
[2024-11-10 18:25:07.126 -0500] [INFO] [cadence.virtuoso.ade.simulationMonitor] - Notice from spectre during hierarchy flattening.
    The value 'psf' specified for the 'checklimitdest' option will no longer be supported in future releases. Use 'spectre -h' to see other recommended values for the 'checklimitdest' option. {"history": "ExplorerRun.0", "point": 1, "testname": "ECE4130_Project_SRAM_SIM_1", "cornername": "Nominal"}
[2024-11-10 18:25:07.126 -0500] [INFO] [cadence.virtuoso.ade.simulationMonitor] - Peak resident memory used = 171 Mbytes. {"history": "ExplorerRun.0", "point": 1, "testname": "ECE4130_Project_SRAM_SIM_1", "cornername": "Nominal"}
[2024-11-10 18:25:07.126 -0500] [INFO] [cadence.virtuoso.ade.simulationMonitor] - Notice from spectre during initial setup.
    Multithreading is disabled due to the size of the design being too small. {"history": "ExplorerRun.0", "point": 1, "testname": "ECE4130_Project_SRAM_SIM_1", "cornername": "Nominal"}
[2024-11-10 18:25:07.132 -0500] [INFO] [cadence.virtuoso.ade.simulationMonitor] -               nodes 11 {"history": "ExplorerRun.0", "point": 1, "testname": "ECE4130_Project_SRAM_SIM_1", "cornername": "Nominal"}
[2024-11-10 18:25:07.132 -0500] [INFO] [cadence.virtuoso.ade.simulationMonitor] - Notice from spectre during initial setup.
    Protected devices exist and are not included in the circuit inventory.
    1 vsources are shorted because their absolute value is less than or equal to 'vabsshort'.
    APS enabled. {"history": "ExplorerRun.0", "point": 1, "testname": "ECE4130_Project_SRAM_SIM_1", "cornername": "Nominal"}
[2024-11-10 18:25:07.132 -0500] [INFO] [cadence.virtuoso.ade.simulationMonitor] - Peak resident memory used = 173 Mbytes. {"history": "ExplorerRun.0", "point": 1, "testname": "ECE4130_Project_SRAM_SIM_1", "cornername": "Nominal"}
[2024-11-10 18:25:07.133 -0500] [INFO] [cadence.virtuoso.ade.simulationMonitor] -    -   (APS) Multi-threading. The recommended number of threads is 1, consider adding +mt=1 on command line. {"history": "ExplorerRun.0", "point": 1, "testname": "ECE4130_Project_SRAM_SIM_1", "cornername": "Nominal"}
[2024-11-10 18:25:07.133 -0500] [INFO] [cadence.virtuoso.ade.simulationMonitor] - Notice from spectre during transient analysis `tran'.
    Multithreading is disabled due to the size of the design being too small. {"history": "ExplorerRun.0", "point": 1, "testname": "ECE4130_Project_SRAM_SIM_1", "cornername": "Nominal"}
[2024-11-10 18:25:07.634 -0500] [INFO] [cadence.virtuoso.ade.simulationMonitor] - Intrinsic tran analysis time:    CPU = 85.003 ms, elapsed = 95.753 ms. {"history": "ExplorerRun.0", "point": 1, "testname": "ECE4130_Project_SRAM_SIM_1", "cornername": "Nominal"}
[2024-11-10 18:25:07.634 -0500] [INFO] [cadence.virtuoso.ade.simulationMonitor] - Total time required for tran analysis `tran': CPU = 86.552 ms, elapsed = 99.87 ms, util. = 86.7%. {"history": "ExplorerRun.0", "point": 1, "testname": "ECE4130_Project_SRAM_SIM_1", "cornername": "Nominal"}
[2024-11-10 18:25:07.634 -0500] [INFO] [cadence.virtuoso.ade.simulationMonitor] - Peak resident memory used = 180 Mbytes. {"history": "ExplorerRun.0", "point": 1, "testname": "ECE4130_Project_SRAM_SIM_1", "cornername": "Nominal"}
[2024-11-10 18:25:07.638 -0500] [INFO] [cadence.virtuoso.ade.simulationMonitor] - Time used: CPU = 214 ms, elapsed = 333 ms, util. = 64.3%. {"history": "ExplorerRun.0", "point": 1, "testname": "ECE4130_Project_SRAM_SIM_1", "cornername": "Nominal"}
[2024-11-10 18:25:07.638 -0500] [INFO] [cadence.virtuoso.ade.simulationMonitor] - Time spent in licensing: elapsed = 50.1 ms, percentage of total = 15.1%. {"history": "ExplorerRun.0", "point": 1, "testname": "ECE4130_Project_SRAM_SIM_1", "cornername": "Nominal"}
[2024-11-10 18:25:07.639 -0500] [INFO] [cadence.virtuoso.ade.simulationMonitor] - Peak memory used = 182 Mbytes. {"history": "ExplorerRun.0", "point": 1, "testname": "ECE4130_Project_SRAM_SIM_1", "cornername": "Nominal"}
[2024-11-10 18:25:07.642 -0500] [PROCESS] [cadence.virtuoso.ade.simulationMonitor] - Simulation started at: 6:25:06 PM, Sun Nov 10, 2024, ended at: 6:25:07 PM, Sun Nov 10, 2024, with elapsed time (wall clock): 333 ms. {"history": "ExplorerRun.0", "point": 1, "testname": "ECE4130_Project_SRAM_SIM_1", "cornername": "Nominal"}
[2024-11-10 18:25:07.642 -0500] [PROCESS] [cadence.virtuoso.ade.simulationMonitor] - spectre completes with 0 errors, 0 warnings, and 7 notices. {"history": "ExplorerRun.0", "point": 1, "testname": "ECE4130_Project_SRAM_SIM_1", "cornername": "Nominal"}
[2024-11-10 18:25:07.642 -0500] [PROCESS] [cadence.virtuoso.ade.simulationMonitor] - Finished simulating for one point {"hostname": "ece-linlab02.ece.gatech.edu", "processid": 2576918, "history": "ExplorerRun.0", "testname": "ECE4130_Project_SRAM_SIM_1", "cornername": "Nominal", "point": 1, "logfile": "/nethome/ccarpenter38/ECE6130_Updated/ECE6130_LAB/Cadence/logs_ccarpenter38/logs0/Job26.log", "simid": "1", "event": "finish", "category": "simulation"}
[2024-11-10 18:25:07.642 -0500] [PROCESS] [cadence.virtuoso.ade.simulationMonitor] - Simulator exited {"hostname": "ece-linlab02.ece.gatech.edu", "processid": 2576918, "history": "ExplorerRun.0", "testname": "ECE4130_Project_SRAM_SIM_1", "cornername": "Nominal", "point": 1, "logfile": "/nethome/ccarpenter38/ECE6130_Updated/ECE6130_LAB/Cadence/logs_ccarpenter38/logs0/Job26.log", "exitStatus": "0"}
[2024-11-10 18:25:07.642 -0500] [PROCESS] [cadence.virtuoso.ade.simulationMonitor] - Finished Simulation {"hostname": "ece-linlab02.ece.gatech.edu", "processid": 2576918, "history": "ExplorerRun.0", "testname": "ECE4130_Project_SRAM_SIM_1", "cornername": "Nominal", "point": 1, "logfile": "/nethome/ccarpenter38/ECE6130_Updated/ECE6130_LAB/Cadence/logs_ccarpenter38/logs0/Job26.log", "simid": "1", "event": "finish", "category": "obsolete"}
[2024-11-10 18:25:10.145 -0500] [PROCESS] [cadence.virtuoso.ade.simulationMonitor] - Point Finished {"hostname": "ece-linlab02.ece.gatech.edu", "processid": 2576918, "history": "ExplorerRun.0", "testname": "ECE4130_Project_SRAM_SIM_1", "cornername": "Nominal", "point": 1, "logfile": "/nethome/ccarpenter38/ECE6130_Updated/ECE6130_LAB/Cadence/logs_ccarpenter38/logs0/Job26.log", "event": "finish", "category": "sim-eval"}
[2024-11-10 18:25:51.695 -0500] [INFO] [cadence.virtuoso.ade.simulationMonitor] - SimulationMonitor has terminated the vds process '2576973', reason: 'Force to stop the expression evalutor process because of new run' {"history": "ExplorerRun.0", "point": 1, "testname": "ECE4130_Project_SRAM_SIM_1", "cornername": "Nominal"}
[2024-11-10 18:25:51.697 -0500] [PROCESS] [cadence.virtuoso.ade.simulationMonitor] - HostInfo:
Host name (type):	ece-linlab02.ece.gatech.edu (x86_64)
Operating system:	Linux 4.18.0-553.22.1.el8_10.x86_64 #1 SMP Wed Sep 11 18:02:00 EDT 2024 {"hostname": "ece-linlab02.ece.gatech.edu", "processid": 2576918, "history": "ExplorerRun.0", "testname": "ECE4130_Project_SRAM_SIM_1", "cornername": "Nominal", "point": 1, "logfile": "/nethome/ccarpenter38/ECE6130_Updated/ECE6130_LAB/Cadence/logs_ccarpenter38/logs0/Job26.log", "nodename": "ece-linlab02.ece.gatech.edu", "domainname": "(none)", "machine": "x86_64", "sysname": "Linux", "release": "4.18.0-553.22.1.el8_10.x86_64", "version": "#1 SMP Wed Sep 11 18:02:00 EDT 2024"}
[2024-11-10 18:25:51.697 -0500] [PROCESS] [cadence.virtuoso.ade.simulationMonitor] - UsageInfo:
pid=2576918
totalPhysicalMemory=15.098938GB,Used=13.815231GB,totalVirtualMemory=22.840145GB,Used=13.822762GB
Cpu: Cores=8, Load average:0.990000,1.030000,1.140000 {"hostname": "ece-linlab02.ece.gatech.edu", "processid": 2576918, "history": "ExplorerRun.0", "testname": "ECE4130_Project_SRAM_SIM_1", "cornername": "Nominal", "point": 1, "logfile": "/nethome/ccarpenter38/ECE6130_Updated/ECE6130_LAB/Cadence/logs_ccarpenter38/logs0/Job26.log", "pid": "2576918", "totalPhysicalMemory": "15.098938", "physicalMemoryUsed": "13.815231", "totalVirtualMemory": "22.840145", "virtualMemoryUsed": "13.822762", "cpuCores": "8", "processes": "1591", "loadAverage1": "0.990000", "loadAverage5": "1.030000", "loadAverage15": "1.140000", "loadAverage1Percent": "0.123750"}
[2024-11-10 18:25:51.703 -0500] [EVENT] [cadence.virtuoso.ade.simulationMonitor] - NewPoint {"history": "ExplorerRun.0", "point": 1, "testname": "ECE4130_Project_SRAM_SIM_1", "cornername": "Nominal", "event": "NewPoint", "EventSource": "Simulation Monitor", "HistoryName": "ExplorerRun.0", "logFile": "/nethome/ccarpenter38/ECE6130_Updated/ECE6130_LAB/Cadence/logs_ccarpenter38/logs0/Job26.log", "logFileSize": "15344", "category": "simulation"}
[2024-11-10 18:25:51.905 -0500] [EVENT] [cadence.virtuoso.ade.simulationMonitor] - NewPoint {"history": "ExplorerRun.0", "point": 1, "testname": "ECE4130_Project_SRAM_SIM_1", "cornername": "Nominal", "event": "NewPoint", "EventSource": "spectre", "HistoryName": "ExplorerRun.0", "logFile": "/nethome/ccarpenter38/simulation/ECE4130_Project/SRAM_SIM/maestro/results/maestro/ExplorerRun.0/1/ECE4130_Project_SRAM_SIM_1/psf/spectre.out", "logFileSize": "-1", "category": "simulation"}
[2024-11-10 18:25:52.029 -0500] [PROCESS] [cadence.virtuoso.ade.simulationMonitor] - Simulator launched {"hostname": "ece-linlab02.ece.gatech.edu", "processid": 2576918, "history": "ExplorerRun.0", "testname": "ECE4130_Project_SRAM_SIM_1", "cornername": "Nominal", "point": 1, "logfile": "/nethome/ccarpenter38/ECE6130_Updated/ECE6130_LAB/Cadence/logs_ccarpenter38/logs0/Job26.log", "simid": "2", "event": "launch", "category": "simulation"}
[2024-11-10 18:25:52.032 -0500] [PROCESS] [cadence.virtuoso.ade.simulationMonitor] - Expression evaluator launched {"hostname": "ece-linlab02.ece.gatech.edu", "processid": 2576918, "history": "ExplorerRun.0", "testname": "ECE4130_Project_SRAM_SIM_1", "cornername": "Nominal", "point": 1, "logfile": "/nethome/ccarpenter38/ECE6130_Updated/ECE6130_LAB/Cadence/logs_ccarpenter38/logs0/Job26.log"}
[2024-11-10 18:25:52.068 -0500] [PROCESS] [cadence.virtuoso.ade.simulationMonitor] - Started Simulation {"hostname": "ece-linlab02.ece.gatech.edu", "processid": 2576918, "history": "ExplorerRun.0", "testname": "ECE4130_Project_SRAM_SIM_1", "cornername": "Nominal", "point": 1, "logfile": "/nethome/ccarpenter38/ECE6130_Updated/ECE6130_LAB/Cadence/logs_ccarpenter38/logs0/Job26.log", "event": "start", "category": "simulation"}
[2024-11-10 18:25:52.568 -0500] [INFO] [cadence.virtuoso.ade.simulationMonitor] - Peak resident memory used = 165 Mbytes. {"history": "ExplorerRun.0", "point": 1, "testname": "ECE4130_Project_SRAM_SIM_1", "cornername": "Nominal"}
[2024-11-10 18:25:52.568 -0500] [INFO] [cadence.virtuoso.ade.simulationMonitor] - Peak resident memory used = 174 Mbytes. {"history": "ExplorerRun.0", "point": 1, "testname": "ECE4130_Project_SRAM_SIM_1", "cornername": "Nominal"}
[2024-11-10 18:25:52.568 -0500] [INFO] [cadence.virtuoso.ade.simulationMonitor] - Notice from spectre during hierarchy flattening.
    The value 'psf' specified for the 'checklimitdest' option will no longer be supported in future releases. Use 'spectre -h' to see other recommended values for the 'checklimitdest' option. {"history": "ExplorerRun.0", "point": 1, "testname": "ECE4130_Project_SRAM_SIM_1", "cornername": "Nominal"}
[2024-11-10 18:25:52.568 -0500] [INFO] [cadence.virtuoso.ade.simulationMonitor] - Peak resident memory used = 175 Mbytes. {"history": "ExplorerRun.0", "point": 1, "testname": "ECE4130_Project_SRAM_SIM_1", "cornername": "Nominal"}
[2024-11-10 18:25:52.568 -0500] [INFO] [cadence.virtuoso.ade.simulationMonitor] - Notice from spectre during initial setup.
    Multithreading is disabled due to the size of the design being too small. {"history": "ExplorerRun.0", "point": 1, "testname": "ECE4130_Project_SRAM_SIM_1", "cornername": "Nominal"}
[2024-11-10 18:25:52.574 -0500] [INFO] [cadence.virtuoso.ade.simulationMonitor] -               nodes 11 {"history": "ExplorerRun.0", "point": 1, "testname": "ECE4130_Project_SRAM_SIM_1", "cornername": "Nominal"}
[2024-11-10 18:25:52.574 -0500] [INFO] [cadence.virtuoso.ade.simulationMonitor] - Notice from spectre during initial setup.
    Protected devices exist and are not included in the circuit inventory.
    1 vsources are shorted because their absolute value is less than or equal to 'vabsshort'.
    APS enabled. {"history": "ExplorerRun.0", "point": 1, "testname": "ECE4130_Project_SRAM_SIM_1", "cornername": "Nominal"}
[2024-11-10 18:25:52.574 -0500] [INFO] [cadence.virtuoso.ade.simulationMonitor] - Peak resident memory used = 177 Mbytes. {"history": "ExplorerRun.0", "point": 1, "testname": "ECE4130_Project_SRAM_SIM_1", "cornername": "Nominal"}
[2024-11-10 18:25:52.575 -0500] [INFO] [cadence.virtuoso.ade.simulationMonitor] -    -   (APS) Multi-threading. The recommended number of threads is 1, consider adding +mt=1 on command line. {"history": "ExplorerRun.0", "point": 1, "testname": "ECE4130_Project_SRAM_SIM_1", "cornername": "Nominal"}
[2024-11-10 18:25:52.575 -0500] [INFO] [cadence.virtuoso.ade.simulationMonitor] - Notice from spectre during transient analysis `tran'.
    Multithreading is disabled due to the size of the design being too small. {"history": "ExplorerRun.0", "point": 1, "testname": "ECE4130_Project_SRAM_SIM_1", "cornername": "Nominal"}
[2024-11-10 18:25:52.576 -0500] [INFO] [cadence.virtuoso.ade.simulationMonitor] - Intrinsic tran analysis time:    CPU = 84.121 ms, elapsed = 94.5051 ms. {"history": "ExplorerRun.0", "point": 1, "testname": "ECE4130_Project_SRAM_SIM_1", "cornername": "Nominal"}
[2024-11-10 18:25:53.077 -0500] [INFO] [cadence.virtuoso.ade.simulationMonitor] - Total time required for tran analysis `tran': CPU = 85.744 ms, elapsed = 98.3951 ms, util. = 87.1%. {"history": "ExplorerRun.0", "point": 1, "testname": "ECE4130_Project_SRAM_SIM_1", "cornername": "Nominal"}
[2024-11-10 18:25:53.077 -0500] [INFO] [cadence.virtuoso.ade.simulationMonitor] - Peak resident memory used = 185 Mbytes. {"history": "ExplorerRun.0", "point": 1, "testname": "ECE4130_Project_SRAM_SIM_1", "cornername": "Nominal"}
[2024-11-10 18:25:53.079 -0500] [INFO] [cadence.virtuoso.ade.simulationMonitor] - Time used: CPU = 214 ms, elapsed = 330 ms, util. = 65%. {"history": "ExplorerRun.0", "point": 1, "testname": "ECE4130_Project_SRAM_SIM_1", "cornername": "Nominal"}
[2024-11-10 18:25:53.079 -0500] [INFO] [cadence.virtuoso.ade.simulationMonitor] - Time spent in licensing: elapsed = 49.5 ms, percentage of total = 15%. {"history": "ExplorerRun.0", "point": 1, "testname": "ECE4130_Project_SRAM_SIM_1", "cornername": "Nominal"}
[2024-11-10 18:25:53.080 -0500] [INFO] [cadence.virtuoso.ade.simulationMonitor] - Peak memory used = 186 Mbytes. {"history": "ExplorerRun.0", "point": 1, "testname": "ECE4130_Project_SRAM_SIM_1", "cornername": "Nominal"}
[2024-11-10 18:25:53.083 -0500] [PROCESS] [cadence.virtuoso.ade.simulationMonitor] - Simulation started at: 6:25:52 PM, Sun Nov 10, 2024, ended at: 6:25:52 PM, Sun Nov 10, 2024, with elapsed time (wall clock): 330 ms. {"history": "ExplorerRun.0", "point": 1, "testname": "ECE4130_Project_SRAM_SIM_1", "cornername": "Nominal"}
[2024-11-10 18:25:53.083 -0500] [PROCESS] [cadence.virtuoso.ade.simulationMonitor] - spectre completes with 0 errors, 0 warnings, and 7 notices. {"history": "ExplorerRun.0", "point": 1, "testname": "ECE4130_Project_SRAM_SIM_1", "cornername": "Nominal"}
[2024-11-10 18:25:53.083 -0500] [PROCESS] [cadence.virtuoso.ade.simulationMonitor] - Finished simulating for one point {"hostname": "ece-linlab02.ece.gatech.edu", "processid": 2576918, "history": "ExplorerRun.0", "testname": "ECE4130_Project_SRAM_SIM_1", "cornername": "Nominal", "point": 1, "logfile": "/nethome/ccarpenter38/ECE6130_Updated/ECE6130_LAB/Cadence/logs_ccarpenter38/logs0/Job26.log", "simid": "2", "event": "finish", "category": "simulation"}
[2024-11-10 18:25:53.083 -0500] [PROCESS] [cadence.virtuoso.ade.simulationMonitor] - Simulator exited {"hostname": "ece-linlab02.ece.gatech.edu", "processid": 2576918, "history": "ExplorerRun.0", "testname": "ECE4130_Project_SRAM_SIM_1", "cornername": "Nominal", "point": 1, "logfile": "/nethome/ccarpenter38/ECE6130_Updated/ECE6130_LAB/Cadence/logs_ccarpenter38/logs0/Job26.log", "exitStatus": "0"}
[2024-11-10 18:25:53.083 -0500] [PROCESS] [cadence.virtuoso.ade.simulationMonitor] - Finished Simulation {"hostname": "ece-linlab02.ece.gatech.edu", "processid": 2576918, "history": "ExplorerRun.0", "testname": "ECE4130_Project_SRAM_SIM_1", "cornername": "Nominal", "point": 1, "logfile": "/nethome/ccarpenter38/ECE6130_Updated/ECE6130_LAB/Cadence/logs_ccarpenter38/logs0/Job26.log", "simid": "2", "event": "finish", "category": "obsolete"}
[2024-11-10 18:25:55.586 -0500] [PROCESS] [cadence.virtuoso.ade.simulationMonitor] - Point Finished {"hostname": "ece-linlab02.ece.gatech.edu", "processid": 2576918, "history": "ExplorerRun.0", "testname": "ECE4130_Project_SRAM_SIM_1", "cornername": "Nominal", "point": 1, "logfile": "/nethome/ccarpenter38/ECE6130_Updated/ECE6130_LAB/Cadence/logs_ccarpenter38/logs0/Job26.log", "event": "finish", "category": "sim-eval"}
[2024-11-10 18:25:56.588 -0500] [PROCESS] [cadence.virtuoso.ade.simulationMonitor] - Stay with the runId '1', Linger time '300', currentRunSyn '3', currentTestSyn '4' {"hostname": "ece-linlab02.ece.gatech.edu", "processid": 2576918, "history": "ExplorerRun.0", "testname": "ECE4130_Project_SRAM_SIM_1", "cornername": "Nominal", "point": 1, "logfile": "/nethome/ccarpenter38/ECE6130_Updated/ECE6130_LAB/Cadence/logs_ccarpenter38/logs0/Job26.log"}
[2024-11-10 18:26:03.896 -0500] [PROCESS] [cadence.virtuoso.ade.simulationMonitor] - get signal Terminated<15> from user:ccarpenter38, which pid:2576914:/tools/software/cadence/ic/latest/tools/bin/64bit/cdsServIpc {"hostname": "ece-linlab02.ece.gatech.edu", "processid": 2576918, "history": "ExplorerRun.0", "testname": "ECE4130_Project_SRAM_SIM_1", "cornername": "Nominal", "point": 1, "logfile": "/nethome/ccarpenter38/ECE6130_Updated/ECE6130_LAB/Cadence/logs_ccarpenter38/logs0/Job26.log", "signal": "15", "signalName": "Terminated", "which": "/tools/software/cadence/ic/latest/tools/bin/64bit/cdsServIpc", "pid": "2576914", "user": "ccarpenter38", "uid": "1099950"}
[2024-11-10 18:26:03.896 -0500] [INFO] [cadence.virtuoso.ade.simulationMonitor] - SimulationMonitor has terminated the  process '2577880', reason: 'simulationMonitor is handling signal 15' {"history": "ExplorerRun.0", "point": 1, "testname": "ECE4130_Project_SRAM_SIM_1", "cornername": "Nominal"}
