[Simulation Monitor: 28]
[2024-10-11 18:32:23.906 -0400] [PROCESS] [cadence.virtuoso.ade.simulationMonitor] - Started the simulation monitor process {"hostname": "ece-linlabsrv01.ece.gatech.edu", "processid": 1955811, "logfile": "/nethome/ccarpenter38/ECE6130_Updated/ECE6130_LAB/Cadence/logs_ccarpenter38/logs0/Job28.log", "simulation monitor command line": "/tools/software/cadence/ic/23.10.080/tools.lnx86/dfII/bin/64bit/spectreMonitor --davinciService DaVinciService_1807518_1728683092 --axlsession fnxSession8 -lscs 000175E1894CBE06FF0966E38F1FFC06BC4D77F482089272CC286FA78410926AD02479FE8D1C9F67D0227DAAD247CD36C87766E3A12FFC06BC4D01EA28685B71DB4400001DD9 -beanhost ece-linlabsrv01.ece.gatech.edu -beanport 11683 -beanLogFile /nethome/ccarpenter38/ECE6130_Updated/ECE6130_LAB/Cadence/logs_ccarpenter38/logs0/amps_Job28.log -beanbinlog  --domain 0 --interactive yes --netlistOpt no --useMultiPointEvaluation yes --exprEvalShowJobStderr yes --evalSimParallel no --maxSims 0 --historyName ExplorerRun.0 --historyUUID  --exprEvaluator vds --mcMapping mc1.mapping --checkLogStatusInterval 0 --checkSimulatorLogTimeout 1200 --exprEvalMaxTries 3 --maxNFSSyncWait 60 -adeBrokerAddress ece-linlabsrv01.ece.gatech.edu:33673 --statdbType h5v2 --fromADE true --virtuosoBinary virtuoso --guiDisplay localhost:10.0 --globalStatus 60 --evaluateMultiMC yes --evalOnSimFail SkipFailedAnalyses --numRetriesOnError 1 --fenixMode explorer --lingertimeout 300 -ahdlLockTimeout 60 --sdbLib ECE4130_Project --sdbCell flipFlop --sdbView maestro --heartBeatFileDir /dev/shm --id 28 --uuid 57dc9da3-0fbe-460d-b129-95d58116a0ca --log /nethome/ccarpenter38/ECE6130_Updated/ECE6130_LAB/Cadence/logs_ccarpenter38/logs0/Job28.log "}
[2024-10-11 18:32:23.907 -0400] [PROCESS] [cadence.virtuoso.ade.simulationMonitor] - Started the simulation monitor process {"hostname": "ece-linlabsrv01.ece.gatech.edu", "processid": 1955811, "logfile": "/nethome/ccarpenter38/ECE6130_Updated/ECE6130_LAB/Cadence/logs_ccarpenter38/logs0/Job28.log", "current directory": "/nethome/ccarpenter38/ECE6130_Updated/ECE6130_LAB/Cadence"}
[2024-10-11 18:32:23.907 -0400] [PROCESS] [cadence.virtuoso.ade.simulationMonitor] - Simulation Monitor has successfully started up. Trying to set up communication channels to other components ... {"hostname": "ece-linlabsrv01.ece.gatech.edu", "processid": 1955811, "logfile": "/nethome/ccarpenter38/ECE6130_Updated/ECE6130_LAB/Cadence/logs_ccarpenter38/logs0/Job28.log"}
[2024-10-11 18:32:23.910 -0400] [PROCESS] [cadence.virtuoso.ade.simulationMonitor] - Communication channels have been successfully set up. Start processing events ... {"hostname": "ece-linlabsrv01.ece.gatech.edu", "processid": 1955811, "logfile": "/nethome/ccarpenter38/ECE6130_Updated/ECE6130_LAB/Cadence/logs_ccarpenter38/logs0/Job28.log"}
[2024-10-11 18:32:23.910 -0400] [PROCESS] [cadence.virtuoso.ade.simulationMonitor] - Considering to start history {"hostname": "ece-linlabsrv01.ece.gatech.edu", "processid": 1955811, "history": "ExplorerRun.0", "logfile": "/nethome/ccarpenter38/ECE6130_Updated/ECE6130_LAB/Cadence/logs_ccarpenter38/logs0/Job28.log"}
[2024-10-11 18:32:23.913 -0400] [PROCESS] [cadence.virtuoso.ade.simulationMonitor] - HostInfo:
Host name (type):	ece-linlabsrv01.ece.gatech.edu (x86_64)
Operating system:	Linux 4.18.0-553.16.1.el8_10.x86_64 #1 SMP Thu Aug 1 04:16:12 EDT 2024 {"hostname": "ece-linlabsrv01.ece.gatech.edu", "processid": 1955811, "history": "ExplorerRun.0", "logfile": "/nethome/ccarpenter38/ECE6130_Updated/ECE6130_LAB/Cadence/logs_ccarpenter38/logs0/Job28.log", "nodename": "ece-linlabsrv01.ece.gatech.edu", "domainname": "(none)", "machine": "x86_64", "sysname": "Linux", "release": "4.18.0-553.16.1.el8_10.x86_64", "version": "#1 SMP Thu Aug 1 04:16:12 EDT 2024"}
[2024-10-11 18:32:23.913 -0400] [PROCESS] [cadence.virtuoso.ade.simulationMonitor] - UsageInfo:
pid=1955811
totalPhysicalMemory=186.850811GB,Used=169.762753GB,totalVirtualMemory=250.850807GB,Used=182.679867GB
Cpu: Cores=112, Load average:1.360000,1.650000,2.730000 {"hostname": "ece-linlabsrv01.ece.gatech.edu", "processid": 1955811, "history": "ExplorerRun.0", "logfile": "/nethome/ccarpenter38/ECE6130_Updated/ECE6130_LAB/Cadence/logs_ccarpenter38/logs0/Job28.log", "pid": "1955811", "totalPhysicalMemory": "186.850811", "physicalMemoryUsed": "169.762753", "totalVirtualMemory": "250.850807", "virtualMemoryUsed": "182.679867", "cpuCores": "112", "processes": "16576", "loadAverage1": "1.360000", "loadAverage5": "1.650000", "loadAverage15": "2.730000", "loadAverage1Percent": "0.012143"}
[2024-10-11 18:32:23.917 -0400] [EVENT] [cadence.virtuoso.ade.simulationMonitor] - NewPoint {"history": "ExplorerRun.0", "point": 1, "testname": "ECE4130_Project_flipFlop_1", "cornername": "Nominal", "event": "NewPoint", "EventSource": "Simulation Monitor", "HistoryName": "ExplorerRun.0", "logFile": "/nethome/ccarpenter38/ECE6130_Updated/ECE6130_LAB/Cadence/logs_ccarpenter38/logs0/Job28.log", "logFileSize": "4560", "category": "simulation"}
[2024-10-11 18:32:24.118 -0400] [EVENT] [cadence.virtuoso.ade.simulationMonitor] - NewPoint {"history": "ExplorerRun.0", "point": 1, "testname": "ECE4130_Project_flipFlop_1", "cornername": "Nominal", "event": "NewPoint", "EventSource": "spectre", "HistoryName": "ExplorerRun.0", "logFile": "/nethome/ccarpenter38/simulation/ECE4130_Project/flipFlop/maestro/results/maestro/ExplorerRun.0/1/ECE4130_Project_flipFlop_1/psf/spectre.out", "logFileSize": "-1", "category": "simulation"}
[2024-10-11 18:32:24.382 -0400] [PROCESS] [cadence.virtuoso.ade.simulationMonitor] - Simulator launched {"hostname": "ece-linlabsrv01.ece.gatech.edu", "processid": 1955811, "history": "ExplorerRun.0", "testname": "ECE4130_Project_flipFlop_1", "cornername": "Nominal", "point": 1, "logfile": "/nethome/ccarpenter38/ECE6130_Updated/ECE6130_LAB/Cadence/logs_ccarpenter38/logs0/Job28.log", "simid": "1", "event": "launch", "category": "simulation"}
[2024-10-11 18:32:24.385 -0400] [PROCESS] [cadence.virtuoso.ade.simulationMonitor] - Expression evaluator launched {"hostname": "ece-linlabsrv01.ece.gatech.edu", "processid": 1955811, "history": "ExplorerRun.0", "testname": "ECE4130_Project_flipFlop_1", "cornername": "Nominal", "point": 1, "logfile": "/nethome/ccarpenter38/ECE6130_Updated/ECE6130_LAB/Cadence/logs_ccarpenter38/logs0/Job28.log"}
[2024-10-11 18:32:26.380 -0400] [INFO] [cadence.virtuoso.ade.simulationMonitor] - Peak resident memory used = 165 Mbytes. {"history": "ExplorerRun.0", "point": 1, "testname": "ECE4130_Project_flipFlop_1", "cornername": "Nominal"}
[2024-10-11 18:32:26.380 -0400] [INFO] [cadence.virtuoso.ade.simulationMonitor] - Peak resident memory used = 172 Mbytes. {"history": "ExplorerRun.0", "point": 1, "testname": "ECE4130_Project_flipFlop_1", "cornername": "Nominal"}
[2024-10-11 18:32:26.380 -0400] [INFO] [cadence.virtuoso.ade.simulationMonitor] - Notice from spectre during hierarchy flattening.
    The value 'psf' specified for the 'checklimitdest' option will no longer be supported in future releases. Use 'spectre -h' to see other recommended values for the 'checklimitdest' option. {"history": "ExplorerRun.0", "point": 1, "testname": "ECE4130_Project_flipFlop_1", "cornername": "Nominal"}
[2024-10-11 18:32:26.380 -0400] [INFO] [cadence.virtuoso.ade.simulationMonitor] - Peak resident memory used = 173 Mbytes. {"history": "ExplorerRun.0", "point": 1, "testname": "ECE4130_Project_flipFlop_1", "cornername": "Nominal"}
[2024-10-11 18:32:26.380 -0400] [INFO] [cadence.virtuoso.ade.simulationMonitor] - Notice from spectre during initial setup.
    Multithreading is disabled due to the size of the design being too small. {"history": "ExplorerRun.0", "point": 1, "testname": "ECE4130_Project_flipFlop_1", "cornername": "Nominal"}
[2024-10-11 18:32:26.384 -0400] [INFO] [cadence.virtuoso.ade.simulationMonitor] -               nodes 10 {"history": "ExplorerRun.0", "point": 1, "testname": "ECE4130_Project_flipFlop_1", "cornername": "Nominal"}
[2024-10-11 18:32:26.384 -0400] [INFO] [cadence.virtuoso.ade.simulationMonitor] - Notice from spectre during initial setup.
    Protected devices exist and are not included in the circuit inventory.
    APS enabled. {"history": "ExplorerRun.0", "point": 1, "testname": "ECE4130_Project_flipFlop_1", "cornername": "Nominal"}
[2024-10-11 18:32:26.384 -0400] [INFO] [cadence.virtuoso.ade.simulationMonitor] - Peak resident memory used = 175 Mbytes. {"history": "ExplorerRun.0", "point": 1, "testname": "ECE4130_Project_flipFlop_1", "cornername": "Nominal"}
[2024-10-11 18:32:26.385 -0400] [INFO] [cadence.virtuoso.ade.simulationMonitor] -    -   (APS) Multi-threading. The recommended number of threads is 1, consider adding +mt=1 on command line. {"history": "ExplorerRun.0", "point": 1, "testname": "ECE4130_Project_flipFlop_1", "cornername": "Nominal"}
[2024-10-11 18:32:26.385 -0400] [INFO] [cadence.virtuoso.ade.simulationMonitor] - Notice from spectre during transient analysis `tran'.
    Multithreading is disabled due to the size of the design being too small. {"history": "ExplorerRun.0", "point": 1, "testname": "ECE4130_Project_flipFlop_1", "cornername": "Nominal"}
[2024-10-11 18:32:26.385 -0400] [INFO] [cadence.virtuoso.ade.simulationMonitor] - Notice from spectre at time = 500 ps during transient analysis `tran'.
    Found trapezoidal ringing on node _vD:p. {"history": "ExplorerRun.0", "point": 1, "testname": "ECE4130_Project_flipFlop_1", "cornername": "Nominal"}
[2024-10-11 18:32:26.385 -0400] [INFO] [cadence.virtuoso.ade.simulationMonitor] - Notice from spectre at time = 3.42907 ns during transient analysis `tran'.
    Found trapezoidal ringing on node _vclk:p. {"history": "ExplorerRun.0", "point": 1, "testname": "ECE4130_Project_flipFlop_1", "cornername": "Nominal"}
[2024-10-11 18:32:26.385 -0400] [INFO] [cadence.virtuoso.ade.simulationMonitor] - Notice from spectre at time = 3.5 ns during transient analysis `tran'.
    Found trapezoidal ringing on node _vclk:p. {"history": "ExplorerRun.0", "point": 1, "testname": "ECE4130_Project_flipFlop_1", "cornername": "Nominal"}
[2024-10-11 18:32:26.385 -0400] [INFO] [cadence.virtuoso.ade.simulationMonitor] - Notice from spectre at time = 5.4228 ns during transient analysis `tran'.
    Found trapezoidal ringing on node _vclk:p. {"history": "ExplorerRun.0", "point": 1, "testname": "ECE4130_Project_flipFlop_1", "cornername": "Nominal"}
[2024-10-11 18:32:26.385 -0400] [INFO] [cadence.virtuoso.ade.simulationMonitor] - Notice from spectre at time = 5.5 ns during transient analysis `tran'.
    Found trapezoidal ringing on node _vclk:p.
        Further occurrences of this notice will be suppressed. {"history": "ExplorerRun.0", "point": 1, "testname": "ECE4130_Project_flipFlop_1", "cornername": "Nominal"}
[2024-10-11 18:32:26.385 -0400] [INFO] [cadence.virtuoso.ade.simulationMonitor] - Notice from spectre during transient analysis `tran'.
    Trapezoidal ringing is detected during tran analysis.
        Please use method=trap for better results and performance. {"history": "ExplorerRun.0", "point": 1, "testname": "ECE4130_Project_flipFlop_1", "cornername": "Nominal"}
[2024-10-11 18:32:26.386 -0400] [INFO] [cadence.virtuoso.ade.simulationMonitor] - Intrinsic tran analysis time:    CPU = 128.764 ms, elapsed = 138.862 ms. {"history": "ExplorerRun.0", "point": 1, "testname": "ECE4130_Project_flipFlop_1", "cornername": "Nominal"}
[2024-10-11 18:32:26.386 -0400] [INFO] [cadence.virtuoso.ade.simulationMonitor] - Total time required for tran analysis `tran': CPU = 131.901 ms, elapsed = 143.684 ms, util. = 91.8%. {"history": "ExplorerRun.0", "point": 1, "testname": "ECE4130_Project_flipFlop_1", "cornername": "Nominal"}
[2024-10-11 18:32:26.386 -0400] [INFO] [cadence.virtuoso.ade.simulationMonitor] - Peak resident memory used = 183 Mbytes. {"history": "ExplorerRun.0", "point": 1, "testname": "ECE4130_Project_flipFlop_1", "cornername": "Nominal"}
[2024-10-11 18:32:26.388 -0400] [INFO] [cadence.virtuoso.ade.simulationMonitor] - Time used: CPU = 466 ms, elapsed = 640 ms, util. = 72.8%. {"history": "ExplorerRun.0", "point": 1, "testname": "ECE4130_Project_flipFlop_1", "cornername": "Nominal"}
[2024-10-11 18:32:26.388 -0400] [INFO] [cadence.virtuoso.ade.simulationMonitor] - Time spent in licensing: elapsed = 51.2 ms, percentage of total = 8%. {"history": "ExplorerRun.0", "point": 1, "testname": "ECE4130_Project_flipFlop_1", "cornername": "Nominal"}
[2024-10-11 18:32:26.389 -0400] [INFO] [cadence.virtuoso.ade.simulationMonitor] - Peak memory used = 185 Mbytes. {"history": "ExplorerRun.0", "point": 1, "testname": "ECE4130_Project_flipFlop_1", "cornername": "Nominal"}
[2024-10-11 18:32:26.391 -0400] [PROCESS] [cadence.virtuoso.ade.simulationMonitor] - Simulation started at: 6:32:24 PM, Fri Oct 11, 2024, ended at: 6:32:25 PM, Fri Oct 11, 2024, with elapsed time (wall clock): 640 ms. {"history": "ExplorerRun.0", "point": 1, "testname": "ECE4130_Project_flipFlop_1", "cornername": "Nominal"}
[2024-10-11 18:32:26.391 -0400] [PROCESS] [cadence.virtuoso.ade.simulationMonitor] - spectre completes with 0 errors, 0 warnings, and 12 notices. {"history": "ExplorerRun.0", "point": 1, "testname": "ECE4130_Project_flipFlop_1", "cornername": "Nominal"}
[2024-10-11 18:32:26.391 -0400] [PROCESS] [cadence.virtuoso.ade.simulationMonitor] - Finished simulating for one point {"hostname": "ece-linlabsrv01.ece.gatech.edu", "processid": 1955811, "history": "ExplorerRun.0", "testname": "ECE4130_Project_flipFlop_1", "cornername": "Nominal", "point": 1, "logfile": "/nethome/ccarpenter38/ECE6130_Updated/ECE6130_LAB/Cadence/logs_ccarpenter38/logs0/Job28.log", "simid": "1", "event": "finish", "category": "simulation"}
[2024-10-11 18:32:26.391 -0400] [PROCESS] [cadence.virtuoso.ade.simulationMonitor] - Simulator exited {"hostname": "ece-linlabsrv01.ece.gatech.edu", "processid": 1955811, "history": "ExplorerRun.0", "testname": "ECE4130_Project_flipFlop_1", "cornername": "Nominal", "point": 1, "logfile": "/nethome/ccarpenter38/ECE6130_Updated/ECE6130_LAB/Cadence/logs_ccarpenter38/logs0/Job28.log", "exitStatus": "0"}
[2024-10-11 18:32:26.391 -0400] [PROCESS] [cadence.virtuoso.ade.simulationMonitor] - Finished Simulation {"hostname": "ece-linlabsrv01.ece.gatech.edu", "processid": 1955811, "history": "ExplorerRun.0", "testname": "ECE4130_Project_flipFlop_1", "cornername": "Nominal", "point": 1, "logfile": "/nethome/ccarpenter38/ECE6130_Updated/ECE6130_LAB/Cadence/logs_ccarpenter38/logs0/Job28.log", "simid": "1", "event": "finish", "category": "obsolete"}
[2024-10-11 18:32:29.395 -0400] [PROCESS] [cadence.virtuoso.ade.simulationMonitor] - Point Finished {"hostname": "ece-linlabsrv01.ece.gatech.edu", "processid": 1955811, "history": "ExplorerRun.0", "testname": "ECE4130_Project_flipFlop_1", "cornername": "Nominal", "point": 1, "logfile": "/nethome/ccarpenter38/ECE6130_Updated/ECE6130_LAB/Cadence/logs_ccarpenter38/logs0/Job28.log", "event": "finish", "category": "sim-eval"}
[2024-10-11 18:32:30.397 -0400] [PROCESS] [cadence.virtuoso.ade.simulationMonitor] - Stay with the runId '0', Linger time '300', currentRunSyn '1', currentTestSyn '2' {"hostname": "ece-linlabsrv01.ece.gatech.edu", "processid": 1955811, "history": "ExplorerRun.0", "testname": "ECE4130_Project_flipFlop_1", "cornername": "Nominal", "point": 1, "logfile": "/nethome/ccarpenter38/ECE6130_Updated/ECE6130_LAB/Cadence/logs_ccarpenter38/logs0/Job28.log"}
[2024-10-11 18:32:31.397 -0400] [PROCESS] [cadence.virtuoso.ade.simulationMonitor] - Stay with the runId '0', Linger time '300', currentRunSyn '1', currentTestSyn '2' {"hostname": "ece-linlabsrv01.ece.gatech.edu", "processid": 1955811, "history": "ExplorerRun.0", "testname": "ECE4130_Project_flipFlop_1", "cornername": "Nominal", "point": 1, "logfile": "/nethome/ccarpenter38/ECE6130_Updated/ECE6130_LAB/Cadence/logs_ccarpenter38/logs0/Job28.log"}
[2024-10-11 18:32:32.398 -0400] [PROCESS] [cadence.virtuoso.ade.simulationMonitor] - Stay with the runId '0', Linger time '300', currentRunSyn '1', currentTestSyn '2' {"hostname": "ece-linlabsrv01.ece.gatech.edu", "processid": 1955811, "history": "ExplorerRun.0", "testname": "ECE4130_Project_flipFlop_1", "cornername": "Nominal", "point": 1, "logfile": "/nethome/ccarpenter38/ECE6130_Updated/ECE6130_LAB/Cadence/logs_ccarpenter38/logs0/Job28.log"}
[2024-10-11 18:32:33.398 -0400] [PROCESS] [cadence.virtuoso.ade.simulationMonitor] - Stay with the runId '0', Linger time '300', currentRunSyn '1', currentTestSyn '2' {"hostname": "ece-linlabsrv01.ece.gatech.edu", "processid": 1955811, "history": "ExplorerRun.0", "testname": "ECE4130_Project_flipFlop_1", "cornername": "Nominal", "point": 1, "logfile": "/nethome/ccarpenter38/ECE6130_Updated/ECE6130_LAB/Cadence/logs_ccarpenter38/logs0/Job28.log"}
[2024-10-11 18:33:42.204 -0400] [PROCESS] [cadence.virtuoso.ade.simulationMonitor] - get signal Terminated<15> from user:ccarpenter38, which pid:1955803:/tools/software/cadence/ic/latest/tools/bin/64bit/cdsServIpc {"hostname": "ece-linlabsrv01.ece.gatech.edu", "processid": 1955811, "history": "ExplorerRun.0", "testname": "ECE4130_Project_flipFlop_1", "cornername": "Nominal", "point": 1, "logfile": "/nethome/ccarpenter38/ECE6130_Updated/ECE6130_LAB/Cadence/logs_ccarpenter38/logs0/Job28.log", "signal": "15", "signalName": "Terminated", "which": "/tools/software/cadence/ic/latest/tools/bin/64bit/cdsServIpc", "pid": "1955803", "user": "ccarpenter38", "uid": "1099950"}
[2024-10-11 18:33:42.204 -0400] [INFO] [cadence.virtuoso.ade.simulationMonitor] - SimulationMonitor has terminated the  process '1955990', reason: 'simulationMonitor is handling signal 15' {"history": "ExplorerRun.0", "point": 1, "testname": "ECE4130_Project_flipFlop_1", "cornername": "Nominal"}
