[Simulation Monitor: 36]
[2024-11-10 19:00:16.119 -0500] [PROCESS] [cadence.virtuoso.ade.simulationMonitor] - Started the simulation monitor process {"hostname": "ece-linlab02.ece.gatech.edu", "processid": 2609650, "logfile": "/nethome/ccarpenter38/ECE6130_Updated/ECE6130_LAB/Cadence/logs_ccarpenter38/logs0/Job36.log", "simulation monitor command line": "/tools/software/cadence/ic/23.10.080/tools.lnx86/dfII/bin/64bit/spectreMonitor --davinciService DaVinciService_1950441_1731271604 --axlsession fnxSession14 -lscs 000175E1894CBE06FF0966E38F1FFC06BC4D77F482089272CC286FA78410926AD0246CE0EE7DFC06867C66E38F1FFC06BC4D66E38F1FFC06BC4D01D2C610B509DB7C00001E12 -beanhost ece-linlab02.ece.gatech.edu -beanport 11781 -beanLogFile /nethome/ccarpenter38/ECE6130_Updated/ECE6130_LAB/Cadence/logs_ccarpenter38/logs0/amps_Job36.log -beanbinlog  --domain 0 --interactive yes --netlistOpt no --useMultiPointEvaluation yes --exprEvalShowJobStderr yes --evalSimParallel no --maxSims 0 --historyName ExplorerRun.0 --historyUUID  --exprEvaluator vds --mcMapping mc1.mapping --checkLogStatusInterval 0 --checkSimulatorLogTimeout 1200 --exprEvalMaxTries 3 --maxNFSSyncWait 60 -adeBrokerAddress ece-linlab02.ece.gatech.edu:32843 --statdbType h5v2 --fromADE true --virtuosoBinary virtuoso --guiDisplay ece-linlab02.ece.gatech.edu:1 --globalStatus 60 --evaluateMultiMC yes --evalOnSimFail SkipFailedAnalyses --numRetriesOnError 1 --fenixMode explorer --lingertimeout 300 -ahdlLockTimeout 60 --sdbLib ECE4130_Project --sdbCell 4to1Mux --sdbView maestro --heartBeatFileDir /dev/shm --id 36 --uuid 056e4ffb-69eb-470a-b9dd-1521d0f48eb4 --log /nethome/ccarpenter38/ECE6130_Updated/ECE6130_LAB/Cadence/logs_ccarpenter38/logs0/Job36.log "}
[2024-11-10 19:00:16.119 -0500] [PROCESS] [cadence.virtuoso.ade.simulationMonitor] - Started the simulation monitor process {"hostname": "ece-linlab02.ece.gatech.edu", "processid": 2609650, "logfile": "/nethome/ccarpenter38/ECE6130_Updated/ECE6130_LAB/Cadence/logs_ccarpenter38/logs0/Job36.log", "current directory": "/nethome/ccarpenter38/ECE6130_Updated/ECE6130_LAB/Cadence"}
[2024-11-10 19:00:16.119 -0500] [PROCESS] [cadence.virtuoso.ade.simulationMonitor] - Simulation Monitor has successfully started up. Trying to set up communication channels to other components ... {"hostname": "ece-linlab02.ece.gatech.edu", "processid": 2609650, "logfile": "/nethome/ccarpenter38/ECE6130_Updated/ECE6130_LAB/Cadence/logs_ccarpenter38/logs0/Job36.log"}
[2024-11-10 19:00:16.123 -0500] [PROCESS] [cadence.virtuoso.ade.simulationMonitor] - Communication channels have been successfully set up. Start processing events ... {"hostname": "ece-linlab02.ece.gatech.edu", "processid": 2609650, "logfile": "/nethome/ccarpenter38/ECE6130_Updated/ECE6130_LAB/Cadence/logs_ccarpenter38/logs0/Job36.log"}
[2024-11-10 19:00:16.123 -0500] [PROCESS] [cadence.virtuoso.ade.simulationMonitor] - Considering to start history {"hostname": "ece-linlab02.ece.gatech.edu", "processid": 2609650, "history": "ExplorerRun.0", "logfile": "/nethome/ccarpenter38/ECE6130_Updated/ECE6130_LAB/Cadence/logs_ccarpenter38/logs0/Job36.log"}
[2024-11-10 19:00:16.125 -0500] [PROCESS] [cadence.virtuoso.ade.simulationMonitor] - HostInfo:
Host name (type):	ece-linlab02.ece.gatech.edu (x86_64)
Operating system:	Linux 4.18.0-553.22.1.el8_10.x86_64 #1 SMP Wed Sep 11 18:02:00 EDT 2024 {"hostname": "ece-linlab02.ece.gatech.edu", "processid": 2609650, "history": "ExplorerRun.0", "logfile": "/nethome/ccarpenter38/ECE6130_Updated/ECE6130_LAB/Cadence/logs_ccarpenter38/logs0/Job36.log", "nodename": "ece-linlab02.ece.gatech.edu", "domainname": "(none)", "machine": "x86_64", "sysname": "Linux", "release": "4.18.0-553.22.1.el8_10.x86_64", "version": "#1 SMP Wed Sep 11 18:02:00 EDT 2024"}
[2024-11-10 19:00:16.125 -0500] [PROCESS] [cadence.virtuoso.ade.simulationMonitor] - UsageInfo:
pid=2609650
totalPhysicalMemory=15.098938GB,Used=14.311501GB,totalVirtualMemory=22.840145GB,Used=14.319031GB
Cpu: Cores=8, Load average:1.090000,1.340000,1.330000 {"hostname": "ece-linlab02.ece.gatech.edu", "processid": 2609650, "history": "ExplorerRun.0", "logfile": "/nethome/ccarpenter38/ECE6130_Updated/ECE6130_LAB/Cadence/logs_ccarpenter38/logs0/Job36.log", "pid": "2609650", "totalPhysicalMemory": "15.098938", "physicalMemoryUsed": "14.311501", "totalVirtualMemory": "22.840145", "virtualMemoryUsed": "14.319031", "cpuCores": "8", "processes": "1633", "loadAverage1": "1.090000", "loadAverage5": "1.340000", "loadAverage15": "1.330000", "loadAverage1Percent": "0.136250"}
[2024-11-10 19:00:16.131 -0500] [EVENT] [cadence.virtuoso.ade.simulationMonitor] - NewPoint {"history": "ExplorerRun.0", "point": 1, "testname": "ECE4130_Project_4to1Mux_1", "cornername": "Nominal", "event": "NewPoint", "EventSource": "Simulation Monitor", "HistoryName": "ExplorerRun.0", "logFile": "/nethome/ccarpenter38/ECE6130_Updated/ECE6130_LAB/Cadence/logs_ccarpenter38/logs0/Job36.log", "logFileSize": "4531", "category": "simulation"}
[2024-11-10 19:00:16.232 -0500] [EVENT] [cadence.virtuoso.ade.simulationMonitor] - NewPoint {"history": "ExplorerRun.0", "point": 1, "testname": "ECE4130_Project_4to1Mux_1", "cornername": "Nominal", "event": "NewPoint", "EventSource": "spectre", "HistoryName": "ExplorerRun.0", "logFile": "/nethome/ccarpenter38/simulation/ECE4130_Project/4to1Mux/maestro/results/maestro/ExplorerRun.0/1/ECE4130_Project_4to1Mux_1/psf/spectre.out", "logFileSize": "-1", "category": "simulation"}
[2024-11-10 19:00:16.390 -0500] [PROCESS] [cadence.virtuoso.ade.simulationMonitor] - Simulator launched {"hostname": "ece-linlab02.ece.gatech.edu", "processid": 2609650, "history": "ExplorerRun.0", "testname": "ECE4130_Project_4to1Mux_1", "cornername": "Nominal", "point": 1, "logfile": "/nethome/ccarpenter38/ECE6130_Updated/ECE6130_LAB/Cadence/logs_ccarpenter38/logs0/Job36.log", "simid": "1", "event": "launch", "category": "simulation"}
[2024-11-10 19:00:16.392 -0500] [PROCESS] [cadence.virtuoso.ade.simulationMonitor] - Expression evaluator launched {"hostname": "ece-linlab02.ece.gatech.edu", "processid": 2609650, "history": "ExplorerRun.0", "testname": "ECE4130_Project_4to1Mux_1", "cornername": "Nominal", "point": 1, "logfile": "/nethome/ccarpenter38/ECE6130_Updated/ECE6130_LAB/Cadence/logs_ccarpenter38/logs0/Job36.log"}
[2024-11-10 19:00:16.430 -0500] [PROCESS] [cadence.virtuoso.ade.simulationMonitor] - Started Simulation {"hostname": "ece-linlab02.ece.gatech.edu", "processid": 2609650, "history": "ExplorerRun.0", "testname": "ECE4130_Project_4to1Mux_1", "cornername": "Nominal", "point": 1, "logfile": "/nethome/ccarpenter38/ECE6130_Updated/ECE6130_LAB/Cadence/logs_ccarpenter38/logs0/Job36.log", "event": "start", "category": "simulation"}
[2024-11-10 19:00:16.930 -0500] [INFO] [cadence.virtuoso.ade.simulationMonitor] - Peak resident memory used = 165 Mbytes. {"history": "ExplorerRun.0", "point": 1, "testname": "ECE4130_Project_4to1Mux_1", "cornername": "Nominal"}
[2024-11-10 19:00:16.930 -0500] [INFO] [cadence.virtuoso.ade.simulationMonitor] - Peak resident memory used = 174 Mbytes. {"history": "ExplorerRun.0", "point": 1, "testname": "ECE4130_Project_4to1Mux_1", "cornername": "Nominal"}
[2024-11-10 19:00:16.930 -0500] [INFO] [cadence.virtuoso.ade.simulationMonitor] - Notice from spectre during hierarchy flattening.
    The value 'psf' specified for the 'checklimitdest' option will no longer be supported in future releases. Use 'spectre -h' to see other recommended values for the 'checklimitdest' option. {"history": "ExplorerRun.0", "point": 1, "testname": "ECE4130_Project_4to1Mux_1", "cornername": "Nominal"}
[2024-11-10 19:00:16.931 -0500] [INFO] [cadence.virtuoso.ade.simulationMonitor] - Peak resident memory used = 175 Mbytes. {"history": "ExplorerRun.0", "point": 1, "testname": "ECE4130_Project_4to1Mux_1", "cornername": "Nominal"}
[2024-11-10 19:00:16.931 -0500] [INFO] [cadence.virtuoso.ade.simulationMonitor] - Notice from spectre during topology check.
    No DC path from node `I2.M2:int_g' to ground, Gmin installed to provide path.
    No DC path from node `I3.M2:int_g' to ground, Gmin installed to provide path. {"history": "ExplorerRun.0", "point": 1, "testname": "ECE4130_Project_4to1Mux_1", "cornername": "Nominal"}
[2024-11-10 19:00:16.931 -0500] [INFO] [cadence.virtuoso.ade.simulationMonitor] - Notice from spectre during initial setup.
    Multithreading is disabled due to the size of the design being too small. {"history": "ExplorerRun.0", "point": 1, "testname": "ECE4130_Project_4to1Mux_1", "cornername": "Nominal"}
[2024-11-10 19:00:16.937 -0500] [INFO] [cadence.virtuoso.ade.simulationMonitor] -               nodes 14 {"history": "ExplorerRun.0", "point": 1, "testname": "ECE4130_Project_4to1Mux_1", "cornername": "Nominal"}
[2024-11-10 19:00:16.937 -0500] [INFO] [cadence.virtuoso.ade.simulationMonitor] - Notice from spectre during initial setup.
    Protected devices exist and are not included in the circuit inventory.
    3 vsources are shorted because their absolute value is less than or equal to 'vabsshort'.
    APS enabled. {"history": "ExplorerRun.0", "point": 1, "testname": "ECE4130_Project_4to1Mux_1", "cornername": "Nominal"}
[2024-11-10 19:00:16.937 -0500] [INFO] [cadence.virtuoso.ade.simulationMonitor] - Peak resident memory used = 178 Mbytes. {"history": "ExplorerRun.0", "point": 1, "testname": "ECE4130_Project_4to1Mux_1", "cornername": "Nominal"}
[2024-11-10 19:00:16.938 -0500] [INFO] [cadence.virtuoso.ade.simulationMonitor] -    -   (APS) Multi-threading. The recommended number of threads is 1, consider adding +mt=1 on command line. {"history": "ExplorerRun.0", "point": 1, "testname": "ECE4130_Project_4to1Mux_1", "cornername": "Nominal"}
[2024-11-10 19:00:16.938 -0500] [INFO] [cadence.virtuoso.ade.simulationMonitor] - Notice from spectre during IC analysis, during transient analysis `tran'.
    GminDC = 1 pS is large enough to noticeably affect the DC solution.
        dV(ns3) = 1.36083 mV
        Use the `gmin_check' option to eliminate or expand this report.
    Bad pivoting is found during DC analysis. Option dc_pivot_check=yes is recommended for possible improvement of convergence. {"history": "ExplorerRun.0", "point": 1, "testname": "ECE4130_Project_4to1Mux_1", "cornername": "Nominal"}
[2024-11-10 19:00:16.938 -0500] [INFO] [cadence.virtuoso.ade.simulationMonitor] - Notice from spectre during transient analysis `tran'.
    Multithreading is disabled due to the size of the design being too small. {"history": "ExplorerRun.0", "point": 1, "testname": "ECE4130_Project_4to1Mux_1", "cornername": "Nominal"}
[2024-11-10 19:00:16.938 -0500] [INFO] [cadence.virtuoso.ade.simulationMonitor] - Notice from spectre at time = 1 ns during transient analysis `tran'.
    Found trapezoidal ringing on node _vvdd!:p. {"history": "ExplorerRun.0", "point": 1, "testname": "ECE4130_Project_4to1Mux_1", "cornername": "Nominal"}
[2024-11-10 19:00:16.938 -0500] [INFO] [cadence.virtuoso.ade.simulationMonitor] - Notice from spectre at time = 1.44999 ns during transient analysis `tran'.
    Found trapezoidal ringing on node _vvdd!:p. {"history": "ExplorerRun.0", "point": 1, "testname": "ECE4130_Project_4to1Mux_1", "cornername": "Nominal"}
[2024-11-10 19:00:16.938 -0500] [INFO] [cadence.virtuoso.ade.simulationMonitor] - Notice from spectre at time = 1.5 ns during transient analysis `tran'.
    Found trapezoidal ringing on node _vvdd!:p. {"history": "ExplorerRun.0", "point": 1, "testname": "ECE4130_Project_4to1Mux_1", "cornername": "Nominal"}
[2024-11-10 19:00:16.938 -0500] [INFO] [cadence.virtuoso.ade.simulationMonitor] - Notice from spectre at time = 1.86973 ns during transient analysis `tran'.
    Found trapezoidal ringing on node _vIn1:p. {"history": "ExplorerRun.0", "point": 1, "testname": "ECE4130_Project_4to1Mux_1", "cornername": "Nominal"}
[2024-11-10 19:00:16.938 -0500] [INFO] [cadence.virtuoso.ade.simulationMonitor] - Notice from spectre at time = 1.93487 ns during transient analysis `tran'.
    Found trapezoidal ringing on node _vIn1:p.
        Further occurrences of this notice will be suppressed. {"history": "ExplorerRun.0", "point": 1, "testname": "ECE4130_Project_4to1Mux_1", "cornername": "Nominal"}
[2024-11-10 19:00:16.938 -0500] [INFO] [cadence.virtuoso.ade.simulationMonitor] - Notice from spectre during transient analysis `tran'.
    Trapezoidal ringing is detected during tran analysis.
        Please use method=trap for better results and performance. {"history": "ExplorerRun.0", "point": 1, "testname": "ECE4130_Project_4to1Mux_1", "cornername": "Nominal"}
[2024-11-10 19:00:16.939 -0500] [INFO] [cadence.virtuoso.ade.simulationMonitor] - Intrinsic tran analysis time:    CPU = 30.913 ms, elapsed = 41.008 ms. {"history": "ExplorerRun.0", "point": 1, "testname": "ECE4130_Project_4to1Mux_1", "cornername": "Nominal"}
[2024-11-10 19:00:17.439 -0500] [INFO] [cadence.virtuoso.ade.simulationMonitor] - Total time required for tran analysis `tran': CPU = 32.462 ms, elapsed = 45.6922 ms, util. = 71%. {"history": "ExplorerRun.0", "point": 1, "testname": "ECE4130_Project_4to1Mux_1", "cornername": "Nominal"}
[2024-11-10 19:00:17.439 -0500] [INFO] [cadence.virtuoso.ade.simulationMonitor] - Peak resident memory used = 184 Mbytes. {"history": "ExplorerRun.0", "point": 1, "testname": "ECE4130_Project_4to1Mux_1", "cornername": "Nominal"}
[2024-11-10 19:00:17.439 -0500] [INFO] [cadence.virtuoso.ade.simulationMonitor] - Notice from spectre.
    7 notices suppressed. {"history": "ExplorerRun.0", "point": 1, "testname": "ECE4130_Project_4to1Mux_1", "cornername": "Nominal"}
[2024-11-10 19:00:17.442 -0500] [INFO] [cadence.virtuoso.ade.simulationMonitor] - Time used: CPU = 161 ms, elapsed = 294 ms, util. = 54.8%. {"history": "ExplorerRun.0", "point": 1, "testname": "ECE4130_Project_4to1Mux_1", "cornername": "Nominal"}
[2024-11-10 19:00:17.442 -0500] [INFO] [cadence.virtuoso.ade.simulationMonitor] - Time spent in licensing: elapsed = 55.7 ms, percentage of total = 19%. {"history": "ExplorerRun.0", "point": 1, "testname": "ECE4130_Project_4to1Mux_1", "cornername": "Nominal"}
[2024-11-10 19:00:17.443 -0500] [INFO] [cadence.virtuoso.ade.simulationMonitor] - Peak memory used = 186 Mbytes. {"history": "ExplorerRun.0", "point": 1, "testname": "ECE4130_Project_4to1Mux_1", "cornername": "Nominal"}
[2024-11-10 19:00:17.446 -0500] [PROCESS] [cadence.virtuoso.ade.simulationMonitor] - Simulation started at: 7:00:16 PM, Sun Nov 10, 2024, ended at: 7:00:16 PM, Sun Nov 10, 2024, with elapsed time (wall clock): 294 ms. {"history": "ExplorerRun.0", "point": 1, "testname": "ECE4130_Project_4to1Mux_1", "cornername": "Nominal"}
[2024-11-10 19:00:17.446 -0500] [PROCESS] [cadence.virtuoso.ade.simulationMonitor] - spectre completes with 0 errors, 0 warnings, and 18 notices. {"history": "ExplorerRun.0", "point": 1, "testname": "ECE4130_Project_4to1Mux_1", "cornername": "Nominal"}
[2024-11-10 19:00:17.446 -0500] [PROCESS] [cadence.virtuoso.ade.simulationMonitor] - Finished simulating for one point {"hostname": "ece-linlab02.ece.gatech.edu", "processid": 2609650, "history": "ExplorerRun.0", "testname": "ECE4130_Project_4to1Mux_1", "cornername": "Nominal", "point": 1, "logfile": "/nethome/ccarpenter38/ECE6130_Updated/ECE6130_LAB/Cadence/logs_ccarpenter38/logs0/Job36.log", "simid": "1", "event": "finish", "category": "simulation"}
[2024-11-10 19:00:17.446 -0500] [PROCESS] [cadence.virtuoso.ade.simulationMonitor] - Simulator exited {"hostname": "ece-linlab02.ece.gatech.edu", "processid": 2609650, "history": "ExplorerRun.0", "testname": "ECE4130_Project_4to1Mux_1", "cornername": "Nominal", "point": 1, "logfile": "/nethome/ccarpenter38/ECE6130_Updated/ECE6130_LAB/Cadence/logs_ccarpenter38/logs0/Job36.log", "exitStatus": "0"}
[2024-11-10 19:00:17.446 -0500] [PROCESS] [cadence.virtuoso.ade.simulationMonitor] - Finished Simulation {"hostname": "ece-linlab02.ece.gatech.edu", "processid": 2609650, "history": "ExplorerRun.0", "testname": "ECE4130_Project_4to1Mux_1", "cornername": "Nominal", "point": 1, "logfile": "/nethome/ccarpenter38/ECE6130_Updated/ECE6130_LAB/Cadence/logs_ccarpenter38/logs0/Job36.log", "simid": "1", "event": "finish", "category": "obsolete"}
[2024-11-10 19:00:19.950 -0500] [PROCESS] [cadence.virtuoso.ade.simulationMonitor] - Point Finished {"hostname": "ece-linlab02.ece.gatech.edu", "processid": 2609650, "history": "ExplorerRun.0", "testname": "ECE4130_Project_4to1Mux_1", "cornername": "Nominal", "point": 1, "logfile": "/nethome/ccarpenter38/ECE6130_Updated/ECE6130_LAB/Cadence/logs_ccarpenter38/logs0/Job36.log", "event": "finish", "category": "sim-eval"}
[2024-11-10 19:00:36.025 -0500] [PROCESS] [cadence.virtuoso.ade.simulationMonitor] - get signal Terminated<15> from user:ccarpenter38, which pid:2609646:/tools/software/cadence/ic/latest/tools/bin/64bit/cdsServIpc {"hostname": "ece-linlab02.ece.gatech.edu", "processid": 2609650, "history": "ExplorerRun.0", "testname": "ECE4130_Project_4to1Mux_1", "cornername": "Nominal", "point": 1, "logfile": "/nethome/ccarpenter38/ECE6130_Updated/ECE6130_LAB/Cadence/logs_ccarpenter38/logs0/Job36.log", "signal": "15", "signalName": "Terminated", "which": "/tools/software/cadence/ic/latest/tools/bin/64bit/cdsServIpc", "pid": "2609646", "user": "ccarpenter38", "uid": "1099950"}
[2024-11-10 19:00:36.025 -0500] [INFO] [cadence.virtuoso.ade.simulationMonitor] - SimulationMonitor has terminated the  process '2609715', reason: 'simulationMonitor is handling signal 15' {"history": "ExplorerRun.0", "point": 1, "testname": "ECE4130_Project_4to1Mux_1", "cornername": "Nominal"}
