[Simulation Monitor: 32]
[2024-10-11 18:47:55.877 -0400] [PROCESS] [cadence.virtuoso.ade.simulationMonitor] - Started the simulation monitor process {"hostname": "ece-linlabsrv01.ece.gatech.edu", "processid": 1980503, "logfile": "/nethome/ccarpenter38/ECE6130_Updated/ECE6130_LAB/Cadence/logs_ccarpenter38/logs0/Job32.log", "simulation monitor command line": "/tools/software/cadence/ic/23.10.080/tools.lnx86/dfII/bin/64bit/spectreMonitor --davinciService DaVinciService_1807518_1728683092 --axlsession fnxSession9 -lscs 000175E1894CBE06FF0966E38F1FFC06BC4D77F482089272CC286FA78410926AD02479FE8D1C9F67D0227DAAD247CD36C87766E3A12FFC06BC4D01EA2404571DDB4400001DCD -beanhost ece-linlabsrv01.ece.gatech.edu -beanport 11683 -beanLogFile /nethome/ccarpenter38/ECE6130_Updated/ECE6130_LAB/Cadence/logs_ccarpenter38/logs0/amps_Job32.log -beanbinlog  --domain 0 --interactive yes --netlistOpt no --useMultiPointEvaluation yes --exprEvalShowJobStderr yes --evalSimParallel no --maxSims 0 --exprEvaluator vds --mcMapping mc1.mapping --checkLogStatusInterval 0 --checkSimulatorLogTimeout 1200 --exprEvalMaxTries 3 --maxNFSSyncWait 60 -adeBrokerAddress ece-linlabsrv01.ece.gatech.edu:33673 --fromADE true --virtuosoBinary virtuoso --guiDisplay localhost:10.0 --globalStatus 60 --evaluateMultiMC yes --evalOnSimFail SkipFailedAnalyses --numRetriesOnError 1 --fenixMode explorer --lingertimeout 300 -ahdlLockTimeout 60 --sdbLib ECE4130_Project --sdbCell flipFlop --sdbView maestro --heartBeatFileDir /dev/shm --id 32 --uuid 59d24ca1-9cba-497c-844e-c2b4f550a147 --log /nethome/ccarpenter38/ECE6130_Updated/ECE6130_LAB/Cadence/logs_ccarpenter38/logs0/Job32.log "}
[2024-10-11 18:47:55.878 -0400] [PROCESS] [cadence.virtuoso.ade.simulationMonitor] - Started the simulation monitor process {"hostname": "ece-linlabsrv01.ece.gatech.edu", "processid": 1980503, "logfile": "/nethome/ccarpenter38/ECE6130_Updated/ECE6130_LAB/Cadence/logs_ccarpenter38/logs0/Job32.log", "current directory": "/nethome/ccarpenter38/ECE6130_Updated/ECE6130_LAB/Cadence"}
[2024-10-11 18:47:55.878 -0400] [PROCESS] [cadence.virtuoso.ade.simulationMonitor] - Simulation Monitor has successfully started up. Trying to set up communication channels to other components ... {"hostname": "ece-linlabsrv01.ece.gatech.edu", "processid": 1980503, "logfile": "/nethome/ccarpenter38/ECE6130_Updated/ECE6130_LAB/Cadence/logs_ccarpenter38/logs0/Job32.log"}
[2024-10-11 18:47:55.881 -0400] [PROCESS] [cadence.virtuoso.ade.simulationMonitor] - Communication channels have been successfully set up. Start processing events ... {"hostname": "ece-linlabsrv01.ece.gatech.edu", "processid": 1980503, "logfile": "/nethome/ccarpenter38/ECE6130_Updated/ECE6130_LAB/Cadence/logs_ccarpenter38/logs0/Job32.log"}
[2024-10-11 18:47:55.884 -0400] [PROCESS] [cadence.virtuoso.ade.simulationMonitor] - Started History {"hostname": "ece-linlabsrv01.ece.gatech.edu", "processid": 1980503, "history": "ExplorerRun.0", "testname": "ECE4130_Project_flipFlop_1", "cornername": "Nominal", "point": 1, "logfile": "/nethome/ccarpenter38/ECE6130_Updated/ECE6130_LAB/Cadence/logs_ccarpenter38/logs0/Job32.log"}
[2024-10-11 18:47:55.884 -0400] [PROCESS] [cadence.virtuoso.ade.simulationMonitor] - HostInfo:
Host name (type):	ece-linlabsrv01.ece.gatech.edu (x86_64)
Operating system:	Linux 4.18.0-553.16.1.el8_10.x86_64 #1 SMP Thu Aug 1 04:16:12 EDT 2024 {"hostname": "ece-linlabsrv01.ece.gatech.edu", "processid": 1980503, "history": "ExplorerRun.0", "testname": "ECE4130_Project_flipFlop_1", "cornername": "Nominal", "point": 1, "logfile": "/nethome/ccarpenter38/ECE6130_Updated/ECE6130_LAB/Cadence/logs_ccarpenter38/logs0/Job32.log", "nodename": "ece-linlabsrv01.ece.gatech.edu", "domainname": "(none)", "machine": "x86_64", "sysname": "Linux", "release": "4.18.0-553.16.1.el8_10.x86_64", "version": "#1 SMP Thu Aug 1 04:16:12 EDT 2024"}
[2024-10-11 18:47:55.884 -0400] [PROCESS] [cadence.virtuoso.ade.simulationMonitor] - UsageInfo:
pid=1980503
totalPhysicalMemory=186.850811GB,Used=169.769299GB,totalVirtualMemory=250.850807GB,Used=182.686413GB
Cpu: Cores=112, Load average:0.350000,0.640000,1.600000 {"hostname": "ece-linlabsrv01.ece.gatech.edu", "processid": 1980503, "history": "ExplorerRun.0", "testname": "ECE4130_Project_flipFlop_1", "cornername": "Nominal", "point": 1, "logfile": "/nethome/ccarpenter38/ECE6130_Updated/ECE6130_LAB/Cadence/logs_ccarpenter38/logs0/Job32.log", "pid": "1980503", "totalPhysicalMemory": "186.850811", "physicalMemoryUsed": "169.769299", "totalVirtualMemory": "250.850807", "virtualMemoryUsed": "182.686413", "cpuCores": "112", "processes": "16598", "loadAverage1": "0.350000", "loadAverage5": "0.640000", "loadAverage15": "1.600000", "loadAverage1Percent": "0.003125"}
[2024-10-11 18:47:55.888 -0400] [EVENT] [cadence.virtuoso.ade.simulationMonitor] - NewPoint {"history": "ExplorerRun.0", "point": 1, "testname": "ECE4130_Project_flipFlop_1", "cornername": "Nominal", "event": "NewPoint", "EventSource": "Simulation Monitor", "HistoryName": "ExplorerRun.0", "logFile": "/nethome/ccarpenter38/ECE6130_Updated/ECE6130_LAB/Cadence/logs_ccarpenter38/logs0/Job32.log", "logFileSize": "4723", "category": "simulation"}
[2024-10-11 18:47:56.090 -0400] [EVENT] [cadence.virtuoso.ade.simulationMonitor] - NewPoint {"history": "ExplorerRun.0", "point": 1, "testname": "ECE4130_Project_flipFlop_1", "cornername": "Nominal", "event": "NewPoint", "EventSource": "spectre", "HistoryName": "ExplorerRun.0", "logFile": "/nethome/ccarpenter38/simulation/ECE4130_Project/flipFlop/maestro/results/maestro/ExplorerRun.0/1/ECE4130_Project_flipFlop_1/psf/spectre.out", "logFileSize": "-1", "category": "simulation"}
[2024-10-11 18:47:56.351 -0400] [PROCESS] [cadence.virtuoso.ade.simulationMonitor] - Simulator launched {"hostname": "ece-linlabsrv01.ece.gatech.edu", "processid": 1980503, "history": "ExplorerRun.0", "testname": "ECE4130_Project_flipFlop_1", "cornername": "Nominal", "point": 1, "logfile": "/nethome/ccarpenter38/ECE6130_Updated/ECE6130_LAB/Cadence/logs_ccarpenter38/logs0/Job32.log", "simid": "1", "event": "launch", "category": "simulation"}
[2024-10-11 18:47:56.355 -0400] [PROCESS] [cadence.virtuoso.ade.simulationMonitor] - Expression evaluator launched {"hostname": "ece-linlabsrv01.ece.gatech.edu", "processid": 1980503, "history": "ExplorerRun.0", "testname": "ECE4130_Project_flipFlop_1", "cornername": "Nominal", "point": 1, "logfile": "/nethome/ccarpenter38/ECE6130_Updated/ECE6130_LAB/Cadence/logs_ccarpenter38/logs0/Job32.log"}
[2024-10-11 18:47:58.298 -0400] [INFO] [cadence.virtuoso.ade.simulationMonitor] - Peak resident memory used = 164 Mbytes. {"history": "ExplorerRun.0", "point": 1, "testname": "ECE4130_Project_flipFlop_1", "cornername": "Nominal"}
[2024-10-11 18:47:58.298 -0400] [INFO] [cadence.virtuoso.ade.simulationMonitor] - Peak resident memory used = 172 Mbytes. {"history": "ExplorerRun.0", "point": 1, "testname": "ECE4130_Project_flipFlop_1", "cornername": "Nominal"}
[2024-10-11 18:47:58.298 -0400] [INFO] [cadence.virtuoso.ade.simulationMonitor] - Notice from spectre during hierarchy flattening.
    The value 'psf' specified for the 'checklimitdest' option will no longer be supported in future releases. Use 'spectre -h' to see other recommended values for the 'checklimitdest' option. {"history": "ExplorerRun.0", "point": 1, "testname": "ECE4130_Project_flipFlop_1", "cornername": "Nominal"}
[2024-10-11 18:47:58.298 -0400] [INFO] [cadence.virtuoso.ade.simulationMonitor] - Peak resident memory used = 173 Mbytes. {"history": "ExplorerRun.0", "point": 1, "testname": "ECE4130_Project_flipFlop_1", "cornername": "Nominal"}
[2024-10-11 18:47:58.298 -0400] [INFO] [cadence.virtuoso.ade.simulationMonitor] - Notice from spectre during initial setup.
    Multithreading is disabled due to the size of the design being too small. {"history": "ExplorerRun.0", "point": 1, "testname": "ECE4130_Project_flipFlop_1", "cornername": "Nominal"}
[2024-10-11 18:47:58.302 -0400] [INFO] [cadence.virtuoso.ade.simulationMonitor] -               nodes 10 {"history": "ExplorerRun.0", "point": 1, "testname": "ECE4130_Project_flipFlop_1", "cornername": "Nominal"}
[2024-10-11 18:47:58.302 -0400] [INFO] [cadence.virtuoso.ade.simulationMonitor] - Notice from spectre during initial setup.
    Protected devices exist and are not included in the circuit inventory.
    APS enabled. {"history": "ExplorerRun.0", "point": 1, "testname": "ECE4130_Project_flipFlop_1", "cornername": "Nominal"}
[2024-10-11 18:47:58.302 -0400] [INFO] [cadence.virtuoso.ade.simulationMonitor] - Peak resident memory used = 176 Mbytes. {"history": "ExplorerRun.0", "point": 1, "testname": "ECE4130_Project_flipFlop_1", "cornername": "Nominal"}
[2024-10-11 18:47:58.303 -0400] [INFO] [cadence.virtuoso.ade.simulationMonitor] -    -   (APS) Multi-threading. The recommended number of threads is 1, consider adding +mt=1 on command line. {"history": "ExplorerRun.0", "point": 1, "testname": "ECE4130_Project_flipFlop_1", "cornername": "Nominal"}
[2024-10-11 18:47:58.303 -0400] [INFO] [cadence.virtuoso.ade.simulationMonitor] - Notice from spectre during transient analysis `tran'.
    Multithreading is disabled due to the size of the design being too small. {"history": "ExplorerRun.0", "point": 1, "testname": "ECE4130_Project_flipFlop_1", "cornername": "Nominal"}
[2024-10-11 18:47:58.304 -0400] [INFO] [cadence.virtuoso.ade.simulationMonitor] - Notice from spectre at time = 500 ps during transient analysis `tran'.
    Found trapezoidal ringing on node _vvdd!:p. {"history": "ExplorerRun.0", "point": 1, "testname": "ECE4130_Project_flipFlop_1", "cornername": "Nominal"}
[2024-10-11 18:47:58.304 -0400] [INFO] [cadence.virtuoso.ade.simulationMonitor] - Notice from spectre at time = 2.5 ns during transient analysis `tran'.
    Found trapezoidal ringing on node _vD:p. {"history": "ExplorerRun.0", "point": 1, "testname": "ECE4130_Project_flipFlop_1", "cornername": "Nominal"}
[2024-10-11 18:47:58.304 -0400] [INFO] [cadence.virtuoso.ade.simulationMonitor] - Notice from spectre at time = 3.41937 ns during transient analysis `tran'.
    Found trapezoidal ringing on node _vclk:p. {"history": "ExplorerRun.0", "point": 1, "testname": "ECE4130_Project_flipFlop_1", "cornername": "Nominal"}
[2024-10-11 18:47:58.304 -0400] [INFO] [cadence.virtuoso.ade.simulationMonitor] - Notice from spectre at time = 3.5 ns during transient analysis `tran'.
    Found trapezoidal ringing on node _vclk:p. {"history": "ExplorerRun.0", "point": 1, "testname": "ECE4130_Project_flipFlop_1", "cornername": "Nominal"}
[2024-10-11 18:47:58.304 -0400] [INFO] [cadence.virtuoso.ade.simulationMonitor] - Notice from spectre at time = 5.4033 ns during transient analysis `tran'.
    Found trapezoidal ringing on node _vvdd!:p.
        Further occurrences of this notice will be suppressed. {"history": "ExplorerRun.0", "point": 1, "testname": "ECE4130_Project_flipFlop_1", "cornername": "Nominal"}
[2024-10-11 18:47:58.304 -0400] [INFO] [cadence.virtuoso.ade.simulationMonitor] - Notice from spectre during transient analysis `tran'.
    Trapezoidal ringing is detected during tran analysis.
        Please use method=trap for better results and performance. {"history": "ExplorerRun.0", "point": 1, "testname": "ECE4130_Project_flipFlop_1", "cornername": "Nominal"}
[2024-10-11 18:47:58.305 -0400] [INFO] [cadence.virtuoso.ade.simulationMonitor] - Intrinsic tran analysis time:    CPU = 120.775 ms, elapsed = 128.67 ms. {"history": "ExplorerRun.0", "point": 1, "testname": "ECE4130_Project_flipFlop_1", "cornername": "Nominal"}
[2024-10-11 18:47:58.305 -0400] [INFO] [cadence.virtuoso.ade.simulationMonitor] - Total time required for tran analysis `tran': CPU = 123.952 ms, elapsed = 134.255 ms, util. = 92.3%. {"history": "ExplorerRun.0", "point": 1, "testname": "ECE4130_Project_flipFlop_1", "cornername": "Nominal"}
[2024-10-11 18:47:58.305 -0400] [INFO] [cadence.virtuoso.ade.simulationMonitor] - Peak resident memory used = 183 Mbytes. {"history": "ExplorerRun.0", "point": 1, "testname": "ECE4130_Project_flipFlop_1", "cornername": "Nominal"}
[2024-10-11 18:47:58.305 -0400] [INFO] [cadence.virtuoso.ade.simulationMonitor] - Notice from spectre.
    2 notices suppressed. {"history": "ExplorerRun.0", "point": 1, "testname": "ECE4130_Project_flipFlop_1", "cornername": "Nominal"}
[2024-10-11 18:47:58.308 -0400] [INFO] [cadence.virtuoso.ade.simulationMonitor] - Time used: CPU = 463 ms, elapsed = 712 ms, util. = 65.1%. {"history": "ExplorerRun.0", "point": 1, "testname": "ECE4130_Project_flipFlop_1", "cornername": "Nominal"}
[2024-10-11 18:47:58.308 -0400] [INFO] [cadence.virtuoso.ade.simulationMonitor] - Time spent in licensing: elapsed = 252 ms, percentage of total = 35.4%. {"history": "ExplorerRun.0", "point": 1, "testname": "ECE4130_Project_flipFlop_1", "cornername": "Nominal"}
[2024-10-11 18:47:58.309 -0400] [INFO] [cadence.virtuoso.ade.simulationMonitor] - Peak memory used = 184 Mbytes. {"history": "ExplorerRun.0", "point": 1, "testname": "ECE4130_Project_flipFlop_1", "cornername": "Nominal"}
[2024-10-11 18:47:58.312 -0400] [PROCESS] [cadence.virtuoso.ade.simulationMonitor] - Simulation started at: 6:47:56 PM, Fri Oct 11, 2024, ended at: 6:47:57 PM, Fri Oct 11, 2024, with elapsed time (wall clock): 712 ms. {"history": "ExplorerRun.0", "point": 1, "testname": "ECE4130_Project_flipFlop_1", "cornername": "Nominal"}
[2024-10-11 18:47:58.312 -0400] [PROCESS] [cadence.virtuoso.ade.simulationMonitor] - spectre completes with 0 errors, 0 warnings, and 13 notices. {"history": "ExplorerRun.0", "point": 1, "testname": "ECE4130_Project_flipFlop_1", "cornername": "Nominal"}
[2024-10-11 18:47:58.312 -0400] [PROCESS] [cadence.virtuoso.ade.simulationMonitor] - Finished simulating for one point {"hostname": "ece-linlabsrv01.ece.gatech.edu", "processid": 1980503, "history": "ExplorerRun.0", "testname": "ECE4130_Project_flipFlop_1", "cornername": "Nominal", "point": 1, "logfile": "/nethome/ccarpenter38/ECE6130_Updated/ECE6130_LAB/Cadence/logs_ccarpenter38/logs0/Job32.log", "simid": "1", "event": "finish", "category": "simulation"}
[2024-10-11 18:47:58.312 -0400] [PROCESS] [cadence.virtuoso.ade.simulationMonitor] - Simulator exited {"hostname": "ece-linlabsrv01.ece.gatech.edu", "processid": 1980503, "history": "ExplorerRun.0", "testname": "ECE4130_Project_flipFlop_1", "cornername": "Nominal", "point": 1, "logfile": "/nethome/ccarpenter38/ECE6130_Updated/ECE6130_LAB/Cadence/logs_ccarpenter38/logs0/Job32.log", "exitStatus": "0"}
[2024-10-11 18:47:58.312 -0400] [PROCESS] [cadence.virtuoso.ade.simulationMonitor] - Finished Simulation {"hostname": "ece-linlabsrv01.ece.gatech.edu", "processid": 1980503, "history": "ExplorerRun.0", "testname": "ECE4130_Project_flipFlop_1", "cornername": "Nominal", "point": 1, "logfile": "/nethome/ccarpenter38/ECE6130_Updated/ECE6130_LAB/Cadence/logs_ccarpenter38/logs0/Job32.log", "simid": "1", "event": "finish", "category": "obsolete"}
[2024-10-11 18:48:01.818 -0400] [PROCESS] [cadence.virtuoso.ade.simulationMonitor] - Point Finished {"hostname": "ece-linlabsrv01.ece.gatech.edu", "processid": 1980503, "history": "ExplorerRun.0", "testname": "ECE4130_Project_flipFlop_1", "cornername": "Nominal", "point": 1, "logfile": "/nethome/ccarpenter38/ECE6130_Updated/ECE6130_LAB/Cadence/logs_ccarpenter38/logs0/Job32.log", "event": "finish", "category": "sim-eval"}
[2024-10-11 18:48:02.820 -0400] [PROCESS] [cadence.virtuoso.ade.simulationMonitor] - Stay with the runId '1', Linger time '300', currentRunSyn '3', currentTestSyn '4' {"hostname": "ece-linlabsrv01.ece.gatech.edu", "processid": 1980503, "history": "ExplorerRun.0", "testname": "ECE4130_Project_flipFlop_1", "cornername": "Nominal", "point": 1, "logfile": "/nethome/ccarpenter38/ECE6130_Updated/ECE6130_LAB/Cadence/logs_ccarpenter38/logs0/Job32.log"}
[2024-10-11 18:48:03.820 -0400] [PROCESS] [cadence.virtuoso.ade.simulationMonitor] - Stay with the runId '1', Linger time '300', currentRunSyn '3', currentTestSyn '4' {"hostname": "ece-linlabsrv01.ece.gatech.edu", "processid": 1980503, "history": "ExplorerRun.0", "testname": "ECE4130_Project_flipFlop_1", "cornername": "Nominal", "point": 1, "logfile": "/nethome/ccarpenter38/ECE6130_Updated/ECE6130_LAB/Cadence/logs_ccarpenter38/logs0/Job32.log"}
[2024-10-11 18:48:04.821 -0400] [PROCESS] [cadence.virtuoso.ade.simulationMonitor] - Stay with the runId '1', Linger time '300', currentRunSyn '3', currentTestSyn '4' {"hostname": "ece-linlabsrv01.ece.gatech.edu", "processid": 1980503, "history": "ExplorerRun.0", "testname": "ECE4130_Project_flipFlop_1", "cornername": "Nominal", "point": 1, "logfile": "/nethome/ccarpenter38/ECE6130_Updated/ECE6130_LAB/Cadence/logs_ccarpenter38/logs0/Job32.log"}
[2024-10-11 18:48:05.821 -0400] [PROCESS] [cadence.virtuoso.ade.simulationMonitor] - Stay with the runId '1', Linger time '300', currentRunSyn '3', currentTestSyn '4' {"hostname": "ece-linlabsrv01.ece.gatech.edu", "processid": 1980503, "history": "ExplorerRun.0", "testname": "ECE4130_Project_flipFlop_1", "cornername": "Nominal", "point": 1, "logfile": "/nethome/ccarpenter38/ECE6130_Updated/ECE6130_LAB/Cadence/logs_ccarpenter38/logs0/Job32.log"}
[2024-10-11 18:50:49.927 -0400] [INFO] [cadence.virtuoso.ade.simulationMonitor] - SimulationMonitor has terminated the vds process '1980675', reason: 'Force to stop the expression evalutor process because of new run' {"history": "ExplorerRun.0", "point": 1, "testname": "ECE4130_Project_flipFlop_1", "cornername": "Nominal"}
[2024-10-11 18:50:49.928 -0400] [PROCESS] [cadence.virtuoso.ade.simulationMonitor] - HostInfo:
Host name (type):	ece-linlabsrv01.ece.gatech.edu (x86_64)
Operating system:	Linux 4.18.0-553.16.1.el8_10.x86_64 #1 SMP Thu Aug 1 04:16:12 EDT 2024 {"hostname": "ece-linlabsrv01.ece.gatech.edu", "processid": 1980503, "history": "ExplorerRun.0", "testname": "ECE4130_Project_flipFlop_1", "cornername": "Nominal", "point": 1, "logfile": "/nethome/ccarpenter38/ECE6130_Updated/ECE6130_LAB/Cadence/logs_ccarpenter38/logs0/Job32.log", "nodename": "ece-linlabsrv01.ece.gatech.edu", "domainname": "(none)", "machine": "x86_64", "sysname": "Linux", "release": "4.18.0-553.16.1.el8_10.x86_64", "version": "#1 SMP Thu Aug 1 04:16:12 EDT 2024"}
[2024-10-11 18:50:49.929 -0400] [PROCESS] [cadence.virtuoso.ade.simulationMonitor] - UsageInfo:
pid=1980503
totalPhysicalMemory=186.850811GB,Used=169.710094GB,totalVirtualMemory=250.850807GB,Used=182.627209GB
Cpu: Cores=112, Load average:1.770000,1.930000,1.990000 {"hostname": "ece-linlabsrv01.ece.gatech.edu", "processid": 1980503, "history": "ExplorerRun.0", "testname": "ECE4130_Project_flipFlop_1", "cornername": "Nominal", "point": 1, "logfile": "/nethome/ccarpenter38/ECE6130_Updated/ECE6130_LAB/Cadence/logs_ccarpenter38/logs0/Job32.log", "pid": "1980503", "totalPhysicalMemory": "186.850811", "physicalMemoryUsed": "169.710094", "totalVirtualMemory": "250.850807", "virtualMemoryUsed": "182.627209", "cpuCores": "112", "processes": "16601", "loadAverage1": "1.770000", "loadAverage5": "1.930000", "loadAverage15": "1.990000", "loadAverage1Percent": "0.015804"}
[2024-10-11 18:50:49.932 -0400] [EVENT] [cadence.virtuoso.ade.simulationMonitor] - NewPoint {"history": "ExplorerRun.0", "point": 1, "testname": "ECE4130_Project_flipFlop_1", "cornername": "Nominal", "event": "NewPoint", "EventSource": "Simulation Monitor", "HistoryName": "ExplorerRun.0", "logFile": "/nethome/ccarpenter38/ECE6130_Updated/ECE6130_LAB/Cadence/logs_ccarpenter38/logs0/Job32.log", "logFileSize": "19071", "category": "simulation"}
[2024-10-11 18:50:50.134 -0400] [EVENT] [cadence.virtuoso.ade.simulationMonitor] - NewPoint {"history": "ExplorerRun.0", "point": 1, "testname": "ECE4130_Project_flipFlop_1", "cornername": "Nominal", "event": "NewPoint", "EventSource": "spectre", "HistoryName": "ExplorerRun.0", "logFile": "/nethome/ccarpenter38/simulation/ECE4130_Project/flipFlop/maestro/results/maestro/ExplorerRun.0/1/ECE4130_Project_flipFlop_1/psf/spectre.out", "logFileSize": "-1", "category": "simulation"}
[2024-10-11 18:50:50.395 -0400] [PROCESS] [cadence.virtuoso.ade.simulationMonitor] - Simulator launched {"hostname": "ece-linlabsrv01.ece.gatech.edu", "processid": 1980503, "history": "ExplorerRun.0", "testname": "ECE4130_Project_flipFlop_1", "cornername": "Nominal", "point": 1, "logfile": "/nethome/ccarpenter38/ECE6130_Updated/ECE6130_LAB/Cadence/logs_ccarpenter38/logs0/Job32.log", "simid": "2", "event": "launch", "category": "simulation"}
[2024-10-11 18:50:50.399 -0400] [PROCESS] [cadence.virtuoso.ade.simulationMonitor] - Expression evaluator launched {"hostname": "ece-linlabsrv01.ece.gatech.edu", "processid": 1980503, "history": "ExplorerRun.0", "testname": "ECE4130_Project_flipFlop_1", "cornername": "Nominal", "point": 1, "logfile": "/nethome/ccarpenter38/ECE6130_Updated/ECE6130_LAB/Cadence/logs_ccarpenter38/logs0/Job32.log"}
[2024-10-11 18:50:52.287 -0400] [INFO] [cadence.virtuoso.ade.simulationMonitor] - Peak resident memory used = 163 Mbytes. {"history": "ExplorerRun.0", "point": 1, "testname": "ECE4130_Project_flipFlop_1", "cornername": "Nominal"}
[2024-10-11 18:50:52.287 -0400] [INFO] [cadence.virtuoso.ade.simulationMonitor] - Peak resident memory used = 171 Mbytes. {"history": "ExplorerRun.0", "point": 1, "testname": "ECE4130_Project_flipFlop_1", "cornername": "Nominal"}
[2024-10-11 18:50:52.287 -0400] [INFO] [cadence.virtuoso.ade.simulationMonitor] - Notice from spectre during hierarchy flattening.
    The value 'psf' specified for the 'checklimitdest' option will no longer be supported in future releases. Use 'spectre -h' to see other recommended values for the 'checklimitdest' option. {"history": "ExplorerRun.0", "point": 1, "testname": "ECE4130_Project_flipFlop_1", "cornername": "Nominal"}
[2024-10-11 18:50:52.287 -0400] [INFO] [cadence.virtuoso.ade.simulationMonitor] - Peak resident memory used = 172 Mbytes. {"history": "ExplorerRun.0", "point": 1, "testname": "ECE4130_Project_flipFlop_1", "cornername": "Nominal"}
[2024-10-11 18:50:52.287 -0400] [INFO] [cadence.virtuoso.ade.simulationMonitor] - Notice from spectre during initial setup.
    Multithreading is disabled due to the size of the design being too small. {"history": "ExplorerRun.0", "point": 1, "testname": "ECE4130_Project_flipFlop_1", "cornername": "Nominal"}
[2024-10-11 18:50:52.291 -0400] [INFO] [cadence.virtuoso.ade.simulationMonitor] -               nodes 10 {"history": "ExplorerRun.0", "point": 1, "testname": "ECE4130_Project_flipFlop_1", "cornername": "Nominal"}
[2024-10-11 18:50:52.291 -0400] [INFO] [cadence.virtuoso.ade.simulationMonitor] - Notice from spectre during initial setup.
    Protected devices exist and are not included in the circuit inventory.
    APS enabled. {"history": "ExplorerRun.0", "point": 1, "testname": "ECE4130_Project_flipFlop_1", "cornername": "Nominal"}
[2024-10-11 18:50:52.291 -0400] [INFO] [cadence.virtuoso.ade.simulationMonitor] - Peak resident memory used = 174 Mbytes. {"history": "ExplorerRun.0", "point": 1, "testname": "ECE4130_Project_flipFlop_1", "cornername": "Nominal"}
[2024-10-11 18:50:52.292 -0400] [INFO] [cadence.virtuoso.ade.simulationMonitor] -    -   (APS) Multi-threading. The recommended number of threads is 1, consider adding +mt=1 on command line. {"history": "ExplorerRun.0", "point": 1, "testname": "ECE4130_Project_flipFlop_1", "cornername": "Nominal"}
[2024-10-11 18:50:52.292 -0400] [INFO] [cadence.virtuoso.ade.simulationMonitor] - Notice from spectre during transient analysis `tran'.
    Multithreading is disabled due to the size of the design being too small. {"history": "ExplorerRun.0", "point": 1, "testname": "ECE4130_Project_flipFlop_1", "cornername": "Nominal"}
[2024-10-11 18:50:52.292 -0400] [INFO] [cadence.virtuoso.ade.simulationMonitor] - Notice from spectre at time = 500 ps during transient analysis `tran'.
    Found trapezoidal ringing on node _vvdd!:p. {"history": "ExplorerRun.0", "point": 1, "testname": "ECE4130_Project_flipFlop_1", "cornername": "Nominal"}
[2024-10-11 18:50:52.292 -0400] [INFO] [cadence.virtuoso.ade.simulationMonitor] - Notice from spectre at time = 2 ns during transient analysis `tran'.
    Found trapezoidal ringing on node _vvdd!:p. {"history": "ExplorerRun.0", "point": 1, "testname": "ECE4130_Project_flipFlop_1", "cornername": "Nominal"}
[2024-10-11 18:50:52.292 -0400] [INFO] [cadence.virtuoso.ade.simulationMonitor] - Notice from spectre at time = 3.37749 ns during transient analysis `tran'.
    Found trapezoidal ringing on node _vvdd!:p. {"history": "ExplorerRun.0", "point": 1, "testname": "ECE4130_Project_flipFlop_1", "cornername": "Nominal"}
[2024-10-11 18:50:52.292 -0400] [INFO] [cadence.virtuoso.ade.simulationMonitor] - Notice from spectre at time = 3.5 ns during transient analysis `tran'.
    Found trapezoidal ringing on node _vvdd!:p. {"history": "ExplorerRun.0", "point": 1, "testname": "ECE4130_Project_flipFlop_1", "cornername": "Nominal"}
[2024-10-11 18:50:52.293 -0400] [INFO] [cadence.virtuoso.ade.simulationMonitor] - Notice from spectre at time = 5 ns during transient analysis `tran'.
    Found trapezoidal ringing on node _vvdd!:p.
        Further occurrences of this notice will be suppressed. {"history": "ExplorerRun.0", "point": 1, "testname": "ECE4130_Project_flipFlop_1", "cornername": "Nominal"}
[2024-10-11 18:50:52.293 -0400] [INFO] [cadence.virtuoso.ade.simulationMonitor] - Notice from spectre during transient analysis `tran'.
    Trapezoidal ringing is detected during tran analysis.
        Please use method=trap for better results and performance. {"history": "ExplorerRun.0", "point": 1, "testname": "ECE4130_Project_flipFlop_1", "cornername": "Nominal"}
[2024-10-11 18:50:52.293 -0400] [INFO] [cadence.virtuoso.ade.simulationMonitor] - Intrinsic tran analysis time:    CPU = 164.188 ms, elapsed = 185.51 ms. {"history": "ExplorerRun.0", "point": 1, "testname": "ECE4130_Project_flipFlop_1", "cornername": "Nominal"}
[2024-10-11 18:50:52.293 -0400] [INFO] [cadence.virtuoso.ade.simulationMonitor] - Total time required for tran analysis `tran': CPU = 167.448 ms, elapsed = 192.311 ms, util. = 87.1%. {"history": "ExplorerRun.0", "point": 1, "testname": "ECE4130_Project_flipFlop_1", "cornername": "Nominal"}
[2024-10-11 18:50:52.294 -0400] [INFO] [cadence.virtuoso.ade.simulationMonitor] - Peak resident memory used = 181 Mbytes. {"history": "ExplorerRun.0", "point": 1, "testname": "ECE4130_Project_flipFlop_1", "cornername": "Nominal"}
[2024-10-11 18:50:52.294 -0400] [INFO] [cadence.virtuoso.ade.simulationMonitor] - Notice from spectre.
    2 notices suppressed. {"history": "ExplorerRun.0", "point": 1, "testname": "ECE4130_Project_flipFlop_1", "cornername": "Nominal"}
[2024-10-11 18:50:52.295 -0400] [INFO] [cadence.virtuoso.ade.simulationMonitor] - Time used: CPU = 519 ms, elapsed = 780 ms, util. = 66.6%. {"history": "ExplorerRun.0", "point": 1, "testname": "ECE4130_Project_flipFlop_1", "cornername": "Nominal"}
[2024-10-11 18:50:52.295 -0400] [INFO] [cadence.virtuoso.ade.simulationMonitor] - Time spent in licensing: elapsed = 55.2 ms, percentage of total = 7.08%. {"history": "ExplorerRun.0", "point": 1, "testname": "ECE4130_Project_flipFlop_1", "cornername": "Nominal"}
[2024-10-11 18:50:52.296 -0400] [INFO] [cadence.virtuoso.ade.simulationMonitor] - Peak memory used = 183 Mbytes. {"history": "ExplorerRun.0", "point": 1, "testname": "ECE4130_Project_flipFlop_1", "cornername": "Nominal"}
[2024-10-11 18:50:52.298 -0400] [PROCESS] [cadence.virtuoso.ade.simulationMonitor] - Simulation started at: 6:50:50 PM, Fri Oct 11, 2024, ended at: 6:50:51 PM, Fri Oct 11, 2024, with elapsed time (wall clock): 780 ms. {"history": "ExplorerRun.0", "point": 1, "testname": "ECE4130_Project_flipFlop_1", "cornername": "Nominal"}
[2024-10-11 18:50:52.298 -0400] [PROCESS] [cadence.virtuoso.ade.simulationMonitor] - spectre completes with 0 errors, 0 warnings, and 13 notices. {"history": "ExplorerRun.0", "point": 1, "testname": "ECE4130_Project_flipFlop_1", "cornername": "Nominal"}
[2024-10-11 18:50:52.299 -0400] [PROCESS] [cadence.virtuoso.ade.simulationMonitor] - Finished simulating for one point {"hostname": "ece-linlabsrv01.ece.gatech.edu", "processid": 1980503, "history": "ExplorerRun.0", "testname": "ECE4130_Project_flipFlop_1", "cornername": "Nominal", "point": 1, "logfile": "/nethome/ccarpenter38/ECE6130_Updated/ECE6130_LAB/Cadence/logs_ccarpenter38/logs0/Job32.log", "simid": "2", "event": "finish", "category": "simulation"}
[2024-10-11 18:50:52.299 -0400] [PROCESS] [cadence.virtuoso.ade.simulationMonitor] - Simulator exited {"hostname": "ece-linlabsrv01.ece.gatech.edu", "processid": 1980503, "history": "ExplorerRun.0", "testname": "ECE4130_Project_flipFlop_1", "cornername": "Nominal", "point": 1, "logfile": "/nethome/ccarpenter38/ECE6130_Updated/ECE6130_LAB/Cadence/logs_ccarpenter38/logs0/Job32.log", "exitStatus": "0"}
[2024-10-11 18:50:52.299 -0400] [PROCESS] [cadence.virtuoso.ade.simulationMonitor] - Finished Simulation {"hostname": "ece-linlabsrv01.ece.gatech.edu", "processid": 1980503, "history": "ExplorerRun.0", "testname": "ECE4130_Project_flipFlop_1", "cornername": "Nominal", "point": 1, "logfile": "/nethome/ccarpenter38/ECE6130_Updated/ECE6130_LAB/Cadence/logs_ccarpenter38/logs0/Job32.log", "simid": "2", "event": "finish", "category": "obsolete"}
[2024-10-11 18:50:55.803 -0400] [PROCESS] [cadence.virtuoso.ade.simulationMonitor] - Point Finished {"hostname": "ece-linlabsrv01.ece.gatech.edu", "processid": 1980503, "history": "ExplorerRun.0", "testname": "ECE4130_Project_flipFlop_1", "cornername": "Nominal", "point": 1, "logfile": "/nethome/ccarpenter38/ECE6130_Updated/ECE6130_LAB/Cadence/logs_ccarpenter38/logs0/Job32.log", "event": "finish", "category": "sim-eval"}
[2024-10-11 18:50:56.805 -0400] [PROCESS] [cadence.virtuoso.ade.simulationMonitor] - Stay with the runId '2', Linger time '300', currentRunSyn '5', currentTestSyn '6' {"hostname": "ece-linlabsrv01.ece.gatech.edu", "processid": 1980503, "history": "ExplorerRun.0", "testname": "ECE4130_Project_flipFlop_1", "cornername": "Nominal", "point": 1, "logfile": "/nethome/ccarpenter38/ECE6130_Updated/ECE6130_LAB/Cadence/logs_ccarpenter38/logs0/Job32.log"}
[2024-10-11 18:50:57.805 -0400] [PROCESS] [cadence.virtuoso.ade.simulationMonitor] - Stay with the runId '2', Linger time '300', currentRunSyn '5', currentTestSyn '6' {"hostname": "ece-linlabsrv01.ece.gatech.edu", "processid": 1980503, "history": "ExplorerRun.0", "testname": "ECE4130_Project_flipFlop_1", "cornername": "Nominal", "point": 1, "logfile": "/nethome/ccarpenter38/ECE6130_Updated/ECE6130_LAB/Cadence/logs_ccarpenter38/logs0/Job32.log"}
[2024-10-11 18:50:58.806 -0400] [PROCESS] [cadence.virtuoso.ade.simulationMonitor] - Stay with the runId '2', Linger time '300', currentRunSyn '5', currentTestSyn '6' {"hostname": "ece-linlabsrv01.ece.gatech.edu", "processid": 1980503, "history": "ExplorerRun.0", "testname": "ECE4130_Project_flipFlop_1", "cornername": "Nominal", "point": 1, "logfile": "/nethome/ccarpenter38/ECE6130_Updated/ECE6130_LAB/Cadence/logs_ccarpenter38/logs0/Job32.log"}
[2024-10-11 18:50:59.806 -0400] [PROCESS] [cadence.virtuoso.ade.simulationMonitor] - Stay with the runId '2', Linger time '300', currentRunSyn '5', currentTestSyn '6' {"hostname": "ece-linlabsrv01.ece.gatech.edu", "processid": 1980503, "history": "ExplorerRun.0", "testname": "ECE4130_Project_flipFlop_1", "cornername": "Nominal", "point": 1, "logfile": "/nethome/ccarpenter38/ECE6130_Updated/ECE6130_LAB/Cadence/logs_ccarpenter38/logs0/Job32.log"}
[2024-10-11 18:51:30.429 -0400] [PROCESS] [cadence.virtuoso.ade.simulationMonitor] - get signal Terminated<15> from user:ccarpenter38, which pid:1980499:/tools/software/cadence/ic/latest/tools/bin/64bit/cdsServIpc {"hostname": "ece-linlabsrv01.ece.gatech.edu", "processid": 1980503, "history": "ExplorerRun.0", "testname": "ECE4130_Project_flipFlop_1", "cornername": "Nominal", "point": 1, "logfile": "/nethome/ccarpenter38/ECE6130_Updated/ECE6130_LAB/Cadence/logs_ccarpenter38/logs0/Job32.log", "signal": "15", "signalName": "Terminated", "which": "/tools/software/cadence/ic/latest/tools/bin/64bit/cdsServIpc", "pid": "1980499", "user": "ccarpenter38", "uid": "1099950"}
[2024-10-11 18:51:30.429 -0400] [INFO] [cadence.virtuoso.ade.simulationMonitor] - SimulationMonitor has terminated the  process '1986596', reason: 'simulationMonitor is handling signal 15' {"history": "ExplorerRun.0", "point": 1, "testname": "ECE4130_Project_flipFlop_1", "cornername": "Nominal"}
