[Simulation Monitor: 37]
[2024-10-11 18:58:27.678 -0400] [PROCESS] [cadence.virtuoso.ade.simulationMonitor] - Started the simulation monitor process {"hostname": "ece-linlabsrv01.ece.gatech.edu", "processid": 2025729, "logfile": "/nethome/ccarpenter38/ECE6130_Updated/ECE6130_LAB/Cadence/logs_ccarpenter38/logs0/Job37.log", "simulation monitor command line": "/tools/software/cadence/ic/23.10.080/tools.lnx86/dfII/bin/64bit/spectreMonitor --davinciService DaVinciService_1807518_1728683092 --axlsession fnxSession13 -lscs 000175E1894CBE06FF0966E38F1FFC06BC4D77F482089272CC286FA78410926AD02479FE8D1C9F67D0227DAAD247CD36C87766E3A12FFC06BC4D01EA228C5195DB4400001DD5 -beanhost ece-linlabsrv01.ece.gatech.edu -beanport 11683 -beanLogFile /nethome/ccarpenter38/ECE6130_Updated/ECE6130_LAB/Cadence/logs_ccarpenter38/logs0/amps_Job37.log -beanbinlog  --domain 0 --interactive yes --netlistOpt no --useMultiPointEvaluation yes --exprEvalShowJobStderr yes --evalSimParallel no --maxSims 0 --historyName ExplorerRun.0 --historyUUID  --exprEvaluator vds --mcMapping mc1.mapping --checkLogStatusInterval 0 --checkSimulatorLogTimeout 1200 --exprEvalMaxTries 3 --maxNFSSyncWait 60 -adeBrokerAddress ece-linlabsrv01.ece.gatech.edu:33673 --statdbType h5v2 --fromADE true --virtuosoBinary virtuoso --guiDisplay localhost:10.0 --globalStatus 60 --evaluateMultiMC yes --evalOnSimFail SkipFailedAnalyses --numRetriesOnError 1 --fenixMode explorer --lingertimeout 300 -ahdlLockTimeout 60 --sdbLib ECE4130_Project --sdbCell flipFlop --sdbView maestro --heartBeatFileDir /dev/shm --id 37 --uuid 1f24d2dc-e02d-4bfc-ac18-8e0ca20a7dff --log /nethome/ccarpenter38/ECE6130_Updated/ECE6130_LAB/Cadence/logs_ccarpenter38/logs0/Job37.log "}
[2024-10-11 18:58:27.679 -0400] [PROCESS] [cadence.virtuoso.ade.simulationMonitor] - Started the simulation monitor process {"hostname": "ece-linlabsrv01.ece.gatech.edu", "processid": 2025729, "logfile": "/nethome/ccarpenter38/ECE6130_Updated/ECE6130_LAB/Cadence/logs_ccarpenter38/logs0/Job37.log", "current directory": "/nethome/ccarpenter38/ECE6130_Updated/ECE6130_LAB/Cadence"}
[2024-10-11 18:58:27.679 -0400] [PROCESS] [cadence.virtuoso.ade.simulationMonitor] - Simulation Monitor has successfully started up. Trying to set up communication channels to other components ... {"hostname": "ece-linlabsrv01.ece.gatech.edu", "processid": 2025729, "logfile": "/nethome/ccarpenter38/ECE6130_Updated/ECE6130_LAB/Cadence/logs_ccarpenter38/logs0/Job37.log"}
[2024-10-11 18:58:27.682 -0400] [PROCESS] [cadence.virtuoso.ade.simulationMonitor] - Communication channels have been successfully set up. Start processing events ... {"hostname": "ece-linlabsrv01.ece.gatech.edu", "processid": 2025729, "logfile": "/nethome/ccarpenter38/ECE6130_Updated/ECE6130_LAB/Cadence/logs_ccarpenter38/logs0/Job37.log"}
[2024-10-11 18:58:27.682 -0400] [PROCESS] [cadence.virtuoso.ade.simulationMonitor] - Considering to start history {"hostname": "ece-linlabsrv01.ece.gatech.edu", "processid": 2025729, "history": "ExplorerRun.0", "logfile": "/nethome/ccarpenter38/ECE6130_Updated/ECE6130_LAB/Cadence/logs_ccarpenter38/logs0/Job37.log"}
[2024-10-11 18:58:27.686 -0400] [PROCESS] [cadence.virtuoso.ade.simulationMonitor] - HostInfo:
Host name (type):	ece-linlabsrv01.ece.gatech.edu (x86_64)
Operating system:	Linux 4.18.0-553.16.1.el8_10.x86_64 #1 SMP Thu Aug 1 04:16:12 EDT 2024 {"hostname": "ece-linlabsrv01.ece.gatech.edu", "processid": 2025729, "history": "ExplorerRun.0", "logfile": "/nethome/ccarpenter38/ECE6130_Updated/ECE6130_LAB/Cadence/logs_ccarpenter38/logs0/Job37.log", "nodename": "ece-linlabsrv01.ece.gatech.edu", "domainname": "(none)", "machine": "x86_64", "sysname": "Linux", "release": "4.18.0-553.16.1.el8_10.x86_64", "version": "#1 SMP Thu Aug 1 04:16:12 EDT 2024"}
[2024-10-11 18:58:27.686 -0400] [PROCESS] [cadence.virtuoso.ade.simulationMonitor] - UsageInfo:
pid=2025729
totalPhysicalMemory=186.850811GB,Used=169.730206GB,totalVirtualMemory=250.850807GB,Used=182.648052GB
Cpu: Cores=112, Load average:1.010000,0.900000,1.430000 {"hostname": "ece-linlabsrv01.ece.gatech.edu", "processid": 2025729, "history": "ExplorerRun.0", "logfile": "/nethome/ccarpenter38/ECE6130_Updated/ECE6130_LAB/Cadence/logs_ccarpenter38/logs0/Job37.log", "pid": "2025729", "totalPhysicalMemory": "186.850811", "physicalMemoryUsed": "169.730206", "totalVirtualMemory": "250.850807", "virtualMemoryUsed": "182.648052", "cpuCores": "112", "processes": "16534", "loadAverage1": "1.010000", "loadAverage5": "0.900000", "loadAverage15": "1.430000", "loadAverage1Percent": "0.009018"}
[2024-10-11 18:58:27.690 -0400] [EVENT] [cadence.virtuoso.ade.simulationMonitor] - NewPoint {"history": "ExplorerRun.0", "point": 1, "testname": "ECE4130_Project_flipFlop_1", "cornername": "Nominal", "event": "NewPoint", "EventSource": "Simulation Monitor", "HistoryName": "ExplorerRun.0", "logFile": "/nethome/ccarpenter38/ECE6130_Updated/ECE6130_LAB/Cadence/logs_ccarpenter38/logs0/Job37.log", "logFileSize": "4561", "category": "simulation"}
[2024-10-11 18:58:27.891 -0400] [EVENT] [cadence.virtuoso.ade.simulationMonitor] - NewPoint {"history": "ExplorerRun.0", "point": 1, "testname": "ECE4130_Project_flipFlop_1", "cornername": "Nominal", "event": "NewPoint", "EventSource": "spectre", "HistoryName": "ExplorerRun.0", "logFile": "/nethome/ccarpenter38/simulation/ECE4130_Project/flipFlop/maestro/results/maestro/ExplorerRun.0/1/ECE4130_Project_flipFlop_1/psf/spectre.out", "logFileSize": "-1", "category": "simulation"}
[2024-10-11 18:58:28.168 -0400] [PROCESS] [cadence.virtuoso.ade.simulationMonitor] - Simulator launched {"hostname": "ece-linlabsrv01.ece.gatech.edu", "processid": 2025729, "history": "ExplorerRun.0", "testname": "ECE4130_Project_flipFlop_1", "cornername": "Nominal", "point": 1, "logfile": "/nethome/ccarpenter38/ECE6130_Updated/ECE6130_LAB/Cadence/logs_ccarpenter38/logs0/Job37.log", "simid": "1", "event": "launch", "category": "simulation"}
[2024-10-11 18:58:28.171 -0400] [PROCESS] [cadence.virtuoso.ade.simulationMonitor] - Expression evaluator launched {"hostname": "ece-linlabsrv01.ece.gatech.edu", "processid": 2025729, "history": "ExplorerRun.0", "testname": "ECE4130_Project_flipFlop_1", "cornername": "Nominal", "point": 1, "logfile": "/nethome/ccarpenter38/ECE6130_Updated/ECE6130_LAB/Cadence/logs_ccarpenter38/logs0/Job37.log"}
[2024-10-11 18:58:30.105 -0400] [INFO] [cadence.virtuoso.ade.simulationMonitor] - Peak resident memory used = 164 Mbytes. {"history": "ExplorerRun.0", "point": 1, "testname": "ECE4130_Project_flipFlop_1", "cornername": "Nominal"}
[2024-10-11 18:58:30.105 -0400] [INFO] [cadence.virtuoso.ade.simulationMonitor] - Peak resident memory used = 172 Mbytes. {"history": "ExplorerRun.0", "point": 1, "testname": "ECE4130_Project_flipFlop_1", "cornername": "Nominal"}
[2024-10-11 18:58:30.105 -0400] [INFO] [cadence.virtuoso.ade.simulationMonitor] - Notice from spectre during hierarchy flattening.
    The value 'psf' specified for the 'checklimitdest' option will no longer be supported in future releases. Use 'spectre -h' to see other recommended values for the 'checklimitdest' option. {"history": "ExplorerRun.0", "point": 1, "testname": "ECE4130_Project_flipFlop_1", "cornername": "Nominal"}
[2024-10-11 18:58:30.105 -0400] [INFO] [cadence.virtuoso.ade.simulationMonitor] - Peak resident memory used = 172 Mbytes. {"history": "ExplorerRun.0", "point": 1, "testname": "ECE4130_Project_flipFlop_1", "cornername": "Nominal"}
[2024-10-11 18:58:30.105 -0400] [INFO] [cadence.virtuoso.ade.simulationMonitor] - Notice from spectre during initial setup.
    Multithreading is disabled due to the size of the design being too small. {"history": "ExplorerRun.0", "point": 1, "testname": "ECE4130_Project_flipFlop_1", "cornername": "Nominal"}
[2024-10-11 18:58:30.112 -0400] [INFO] [cadence.virtuoso.ade.simulationMonitor] -               nodes 10 {"history": "ExplorerRun.0", "point": 1, "testname": "ECE4130_Project_flipFlop_1", "cornername": "Nominal"}
[2024-10-11 18:58:30.112 -0400] [INFO] [cadence.virtuoso.ade.simulationMonitor] - Notice from spectre during initial setup.
    Protected devices exist and are not included in the circuit inventory.
    APS enabled. {"history": "ExplorerRun.0", "point": 1, "testname": "ECE4130_Project_flipFlop_1", "cornername": "Nominal"}
[2024-10-11 18:58:30.112 -0400] [INFO] [cadence.virtuoso.ade.simulationMonitor] - Peak resident memory used = 176 Mbytes. {"history": "ExplorerRun.0", "point": 1, "testname": "ECE4130_Project_flipFlop_1", "cornername": "Nominal"}
[2024-10-11 18:58:30.114 -0400] [INFO] [cadence.virtuoso.ade.simulationMonitor] -    -   (APS) Multi-threading. The recommended number of threads is 1, consider adding +mt=1 on command line. {"history": "ExplorerRun.0", "point": 1, "testname": "ECE4130_Project_flipFlop_1", "cornername": "Nominal"}
[2024-10-11 18:58:30.114 -0400] [INFO] [cadence.virtuoso.ade.simulationMonitor] - Notice from spectre during transient analysis `tran'.
    Multithreading is disabled due to the size of the design being too small. {"history": "ExplorerRun.0", "point": 1, "testname": "ECE4130_Project_flipFlop_1", "cornername": "Nominal"}
[2024-10-11 18:58:30.114 -0400] [INFO] [cadence.virtuoso.ade.simulationMonitor] - Notice from spectre at time = 500 ps during transient analysis `tran'.
    Found trapezoidal ringing on node _vvdd!:p. {"history": "ExplorerRun.0", "point": 1, "testname": "ECE4130_Project_flipFlop_1", "cornername": "Nominal"}
[2024-10-11 18:58:30.114 -0400] [INFO] [cadence.virtuoso.ade.simulationMonitor] - Notice from spectre at time = 1 ns during transient analysis `tran'.
    Found trapezoidal ringing on node _vvdd!:p. {"history": "ExplorerRun.0", "point": 1, "testname": "ECE4130_Project_flipFlop_1", "cornername": "Nominal"}
[2024-10-11 18:58:30.114 -0400] [INFO] [cadence.virtuoso.ade.simulationMonitor] - Notice from spectre at time = 2 ns during transient analysis `tran'.
    Found trapezoidal ringing on node _vclk:p. {"history": "ExplorerRun.0", "point": 1, "testname": "ECE4130_Project_flipFlop_1", "cornername": "Nominal"}
[2024-10-11 18:58:30.114 -0400] [INFO] [cadence.virtuoso.ade.simulationMonitor] - Notice from spectre at time = 2.5 ns during transient analysis `tran'.
    Found trapezoidal ringing on node _vvdd!:p. {"history": "ExplorerRun.0", "point": 1, "testname": "ECE4130_Project_flipFlop_1", "cornername": "Nominal"}
[2024-10-11 18:58:30.114 -0400] [INFO] [cadence.virtuoso.ade.simulationMonitor] - Notice from spectre at time = 3.38667 ns during transient analysis `tran'.
    Found trapezoidal ringing on node _vclk:p.
        Further occurrences of this notice will be suppressed. {"history": "ExplorerRun.0", "point": 1, "testname": "ECE4130_Project_flipFlop_1", "cornername": "Nominal"}
[2024-10-11 18:58:30.114 -0400] [INFO] [cadence.virtuoso.ade.simulationMonitor] - Notice from spectre during transient analysis `tran'.
    Trapezoidal ringing is detected during tran analysis.
        Please use method=trap for better results and performance. {"history": "ExplorerRun.0", "point": 1, "testname": "ECE4130_Project_flipFlop_1", "cornername": "Nominal"}
[2024-10-11 18:58:30.116 -0400] [INFO] [cadence.virtuoso.ade.simulationMonitor] - Intrinsic tran analysis time:    CPU = 149.411 ms, elapsed = 160.593 ms. {"history": "ExplorerRun.0", "point": 1, "testname": "ECE4130_Project_flipFlop_1", "cornername": "Nominal"}
[2024-10-11 18:58:30.116 -0400] [INFO] [cadence.virtuoso.ade.simulationMonitor] - Total time required for tran analysis `tran': CPU = 152.851 ms, elapsed = 165.787 ms, util. = 92.2%. {"history": "ExplorerRun.0", "point": 1, "testname": "ECE4130_Project_flipFlop_1", "cornername": "Nominal"}
[2024-10-11 18:58:30.116 -0400] [INFO] [cadence.virtuoso.ade.simulationMonitor] - Peak resident memory used = 182 Mbytes. {"history": "ExplorerRun.0", "point": 1, "testname": "ECE4130_Project_flipFlop_1", "cornername": "Nominal"}
[2024-10-11 18:58:30.116 -0400] [INFO] [cadence.virtuoso.ade.simulationMonitor] - Notice from spectre.
    8 notices suppressed. {"history": "ExplorerRun.0", "point": 1, "testname": "ECE4130_Project_flipFlop_1", "cornername": "Nominal"}
[2024-10-11 18:58:30.118 -0400] [INFO] [cadence.virtuoso.ade.simulationMonitor] - Time used: CPU = 511 ms, elapsed = 676 ms, util. = 75.6%. {"history": "ExplorerRun.0", "point": 1, "testname": "ECE4130_Project_flipFlop_1", "cornername": "Nominal"}
[2024-10-11 18:58:30.119 -0400] [INFO] [cadence.virtuoso.ade.simulationMonitor] - Time spent in licensing: elapsed = 57.9 ms, percentage of total = 8.57%. {"history": "ExplorerRun.0", "point": 1, "testname": "ECE4130_Project_flipFlop_1", "cornername": "Nominal"}
[2024-10-11 18:58:30.120 -0400] [INFO] [cadence.virtuoso.ade.simulationMonitor] - Peak memory used = 184 Mbytes. {"history": "ExplorerRun.0", "point": 1, "testname": "ECE4130_Project_flipFlop_1", "cornername": "Nominal"}
[2024-10-11 18:58:30.124 -0400] [PROCESS] [cadence.virtuoso.ade.simulationMonitor] - Simulation started at: 6:58:28 PM, Fri Oct 11, 2024, ended at: 6:58:29 PM, Fri Oct 11, 2024, with elapsed time (wall clock): 676 ms. {"history": "ExplorerRun.0", "point": 1, "testname": "ECE4130_Project_flipFlop_1", "cornername": "Nominal"}
[2024-10-11 18:58:30.124 -0400] [PROCESS] [cadence.virtuoso.ade.simulationMonitor] - spectre completes with 0 errors, 0 warnings, and 13 notices. {"history": "ExplorerRun.0", "point": 1, "testname": "ECE4130_Project_flipFlop_1", "cornername": "Nominal"}
[2024-10-11 18:58:30.124 -0400] [PROCESS] [cadence.virtuoso.ade.simulationMonitor] - Finished simulating for one point {"hostname": "ece-linlabsrv01.ece.gatech.edu", "processid": 2025729, "history": "ExplorerRun.0", "testname": "ECE4130_Project_flipFlop_1", "cornername": "Nominal", "point": 1, "logfile": "/nethome/ccarpenter38/ECE6130_Updated/ECE6130_LAB/Cadence/logs_ccarpenter38/logs0/Job37.log", "simid": "1", "event": "finish", "category": "simulation"}
[2024-10-11 18:58:30.124 -0400] [PROCESS] [cadence.virtuoso.ade.simulationMonitor] - Simulator exited {"hostname": "ece-linlabsrv01.ece.gatech.edu", "processid": 2025729, "history": "ExplorerRun.0", "testname": "ECE4130_Project_flipFlop_1", "cornername": "Nominal", "point": 1, "logfile": "/nethome/ccarpenter38/ECE6130_Updated/ECE6130_LAB/Cadence/logs_ccarpenter38/logs0/Job37.log", "exitStatus": "0"}
[2024-10-11 18:58:30.124 -0400] [PROCESS] [cadence.virtuoso.ade.simulationMonitor] - Finished Simulation {"hostname": "ece-linlabsrv01.ece.gatech.edu", "processid": 2025729, "history": "ExplorerRun.0", "testname": "ECE4130_Project_flipFlop_1", "cornername": "Nominal", "point": 1, "logfile": "/nethome/ccarpenter38/ECE6130_Updated/ECE6130_LAB/Cadence/logs_ccarpenter38/logs0/Job37.log", "simid": "1", "event": "finish", "category": "obsolete"}
[2024-10-11 18:58:33.631 -0400] [PROCESS] [cadence.virtuoso.ade.simulationMonitor] - Point Finished {"hostname": "ece-linlabsrv01.ece.gatech.edu", "processid": 2025729, "history": "ExplorerRun.0", "testname": "ECE4130_Project_flipFlop_1", "cornername": "Nominal", "point": 1, "logfile": "/nethome/ccarpenter38/ECE6130_Updated/ECE6130_LAB/Cadence/logs_ccarpenter38/logs0/Job37.log", "event": "finish", "category": "sim-eval"}
[2024-10-11 18:58:34.634 -0400] [PROCESS] [cadence.virtuoso.ade.simulationMonitor] - Stay with the runId '0', Linger time '300', currentRunSyn '1', currentTestSyn '2' {"hostname": "ece-linlabsrv01.ece.gatech.edu", "processid": 2025729, "history": "ExplorerRun.0", "testname": "ECE4130_Project_flipFlop_1", "cornername": "Nominal", "point": 1, "logfile": "/nethome/ccarpenter38/ECE6130_Updated/ECE6130_LAB/Cadence/logs_ccarpenter38/logs0/Job37.log"}
[2024-10-11 18:58:35.634 -0400] [PROCESS] [cadence.virtuoso.ade.simulationMonitor] - Stay with the runId '0', Linger time '300', currentRunSyn '1', currentTestSyn '2' {"hostname": "ece-linlabsrv01.ece.gatech.edu", "processid": 2025729, "history": "ExplorerRun.0", "testname": "ECE4130_Project_flipFlop_1", "cornername": "Nominal", "point": 1, "logfile": "/nethome/ccarpenter38/ECE6130_Updated/ECE6130_LAB/Cadence/logs_ccarpenter38/logs0/Job37.log"}
[2024-10-11 18:58:36.636 -0400] [PROCESS] [cadence.virtuoso.ade.simulationMonitor] - Stay with the runId '0', Linger time '300', currentRunSyn '1', currentTestSyn '2' {"hostname": "ece-linlabsrv01.ece.gatech.edu", "processid": 2025729, "history": "ExplorerRun.0", "testname": "ECE4130_Project_flipFlop_1", "cornername": "Nominal", "point": 1, "logfile": "/nethome/ccarpenter38/ECE6130_Updated/ECE6130_LAB/Cadence/logs_ccarpenter38/logs0/Job37.log"}
[2024-10-11 18:58:37.635 -0400] [PROCESS] [cadence.virtuoso.ade.simulationMonitor] - Stay with the runId '0', Linger time '300', currentRunSyn '1', currentTestSyn '2' {"hostname": "ece-linlabsrv01.ece.gatech.edu", "processid": 2025729, "history": "ExplorerRun.0", "testname": "ECE4130_Project_flipFlop_1", "cornername": "Nominal", "point": 1, "logfile": "/nethome/ccarpenter38/ECE6130_Updated/ECE6130_LAB/Cadence/logs_ccarpenter38/logs0/Job37.log"}
[2024-10-11 18:59:32.237 -0400] [PROCESS] [cadence.virtuoso.ade.simulationMonitor] - get signal Terminated<15> from user:ccarpenter38, which pid:2025715:/tools/software/cadence/ic/latest/tools/bin/64bit/cdsServIpc {"hostname": "ece-linlabsrv01.ece.gatech.edu", "processid": 2025729, "history": "ExplorerRun.0", "testname": "ECE4130_Project_flipFlop_1", "cornername": "Nominal", "point": 1, "logfile": "/nethome/ccarpenter38/ECE6130_Updated/ECE6130_LAB/Cadence/logs_ccarpenter38/logs0/Job37.log", "signal": "15", "signalName": "Terminated", "which": "/tools/software/cadence/ic/latest/tools/bin/64bit/cdsServIpc", "pid": "2025715", "user": "ccarpenter38", "uid": "1099950"}
[2024-10-11 18:59:32.238 -0400] [INFO] [cadence.virtuoso.ade.simulationMonitor] - SimulationMonitor has terminated the  process '2025978', reason: 'simulationMonitor is handling signal 15' {"history": "ExplorerRun.0", "point": 1, "testname": "ECE4130_Project_flipFlop_1", "cornername": "Nominal"}
