[Simulation Monitor: 39]
[2024-11-10 19:01:42.082 -0500] [PROCESS] [cadence.virtuoso.ade.simulationMonitor] - Started the simulation monitor process {"hostname": "ece-linlab02.ece.gatech.edu", "processid": 2612163, "logfile": "/nethome/ccarpenter38/ECE6130_Updated/ECE6130_LAB/Cadence/logs_ccarpenter38/logs0/Job39.log", "simulation monitor command line": "/tools/software/cadence/ic/23.10.080/tools.lnx86/dfII/bin/64bit/spectreMonitor --davinciService DaVinciService_1950441_1731271604 --axlsession fnxSession15 -lscs 000175E1894CBE06FF0966E38F1FFC06BC4D77F482089272CC286FA78410926AD0246CE0EE7DFC06867C66E38F1FFC06BC4D66E38F1FFC06BC4D01D2C67AB563DB7C00001E29 -beanhost ece-linlab02.ece.gatech.edu -beanport 11781 -beanLogFile /nethome/ccarpenter38/ECE6130_Updated/ECE6130_LAB/Cadence/logs_ccarpenter38/logs0/amps_Job39.log -beanbinlog  --domain 0 --interactive yes --netlistOpt no --useMultiPointEvaluation yes --exprEvalShowJobStderr yes --evalSimParallel no --maxSims 0 --historyName ExplorerRun.0 --historyUUID  --exprEvaluator vds --mcMapping mc1.mapping --checkLogStatusInterval 0 --checkSimulatorLogTimeout 1200 --exprEvalMaxTries 3 --maxNFSSyncWait 60 -adeBrokerAddress ece-linlab02.ece.gatech.edu:32843 --statdbType h5v2 --fromADE true --virtuosoBinary virtuoso --guiDisplay ece-linlab02.ece.gatech.edu:1 --globalStatus 60 --evaluateMultiMC yes --evalOnSimFail SkipFailedAnalyses --numRetriesOnError 1 --fenixMode explorer --lingertimeout 300 -ahdlLockTimeout 60 --sdbLib ECE4130_Project --sdbCell SRAMCircuit --sdbView maestro --heartBeatFileDir /dev/shm --id 39 --uuid 3797aee9-5368-4043-b74e-831d76a07dc6 --log /nethome/ccarpenter38/ECE6130_Updated/ECE6130_LAB/Cadence/logs_ccarpenter38/logs0/Job39.log "}
[2024-11-10 19:01:42.082 -0500] [PROCESS] [cadence.virtuoso.ade.simulationMonitor] - Started the simulation monitor process {"hostname": "ece-linlab02.ece.gatech.edu", "processid": 2612163, "logfile": "/nethome/ccarpenter38/ECE6130_Updated/ECE6130_LAB/Cadence/logs_ccarpenter38/logs0/Job39.log", "current directory": "/nethome/ccarpenter38/ECE6130_Updated/ECE6130_LAB/Cadence"}
[2024-11-10 19:01:42.082 -0500] [PROCESS] [cadence.virtuoso.ade.simulationMonitor] - Simulation Monitor has successfully started up. Trying to set up communication channels to other components ... {"hostname": "ece-linlab02.ece.gatech.edu", "processid": 2612163, "logfile": "/nethome/ccarpenter38/ECE6130_Updated/ECE6130_LAB/Cadence/logs_ccarpenter38/logs0/Job39.log"}
[2024-11-10 19:01:42.086 -0500] [PROCESS] [cadence.virtuoso.ade.simulationMonitor] - Communication channels have been successfully set up. Start processing events ... {"hostname": "ece-linlab02.ece.gatech.edu", "processid": 2612163, "logfile": "/nethome/ccarpenter38/ECE6130_Updated/ECE6130_LAB/Cadence/logs_ccarpenter38/logs0/Job39.log"}
[2024-11-10 19:01:42.086 -0500] [PROCESS] [cadence.virtuoso.ade.simulationMonitor] - Considering to start history {"hostname": "ece-linlab02.ece.gatech.edu", "processid": 2612163, "history": "ExplorerRun.0", "logfile": "/nethome/ccarpenter38/ECE6130_Updated/ECE6130_LAB/Cadence/logs_ccarpenter38/logs0/Job39.log"}
[2024-11-10 19:01:42.088 -0500] [PROCESS] [cadence.virtuoso.ade.simulationMonitor] - HostInfo:
Host name (type):	ece-linlab02.ece.gatech.edu (x86_64)
Operating system:	Linux 4.18.0-553.22.1.el8_10.x86_64 #1 SMP Wed Sep 11 18:02:00 EDT 2024 {"hostname": "ece-linlab02.ece.gatech.edu", "processid": 2612163, "history": "ExplorerRun.0", "logfile": "/nethome/ccarpenter38/ECE6130_Updated/ECE6130_LAB/Cadence/logs_ccarpenter38/logs0/Job39.log", "nodename": "ece-linlab02.ece.gatech.edu", "domainname": "(none)", "machine": "x86_64", "sysname": "Linux", "release": "4.18.0-553.22.1.el8_10.x86_64", "version": "#1 SMP Wed Sep 11 18:02:00 EDT 2024"}
[2024-11-10 19:01:42.088 -0500] [PROCESS] [cadence.virtuoso.ade.simulationMonitor] - UsageInfo:
pid=2612163
totalPhysicalMemory=15.098938GB,Used=13.961067GB,totalVirtualMemory=22.840145GB,Used=13.968597GB
Cpu: Cores=8, Load average:1.070000,1.290000,1.310000 {"hostname": "ece-linlab02.ece.gatech.edu", "processid": 2612163, "history": "ExplorerRun.0", "logfile": "/nethome/ccarpenter38/ECE6130_Updated/ECE6130_LAB/Cadence/logs_ccarpenter38/logs0/Job39.log", "pid": "2612163", "totalPhysicalMemory": "15.098938", "physicalMemoryUsed": "13.961067", "totalVirtualMemory": "22.840145", "virtualMemoryUsed": "13.968597", "cpuCores": "8", "processes": "1592", "loadAverage1": "1.070000", "loadAverage5": "1.290000", "loadAverage15": "1.310000", "loadAverage1Percent": "0.133750"}
[2024-11-10 19:01:42.094 -0500] [EVENT] [cadence.virtuoso.ade.simulationMonitor] - NewPoint {"history": "ExplorerRun.0", "point": 1, "testname": "ECE4130_Project_SRAMCircuit_1", "cornername": "Nominal", "event": "NewPoint", "EventSource": "Simulation Monitor", "HistoryName": "ExplorerRun.0", "logFile": "/nethome/ccarpenter38/ECE6130_Updated/ECE6130_LAB/Cadence/logs_ccarpenter38/logs0/Job39.log", "logFileSize": "4535", "category": "simulation"}
[2024-11-10 19:01:42.196 -0500] [EVENT] [cadence.virtuoso.ade.simulationMonitor] - NewPoint {"history": "ExplorerRun.0", "point": 1, "testname": "ECE4130_Project_SRAMCircuit_1", "cornername": "Nominal", "event": "NewPoint", "EventSource": "spectre", "HistoryName": "ExplorerRun.0", "logFile": "/nethome/ccarpenter38/simulation/ECE4130_Project/SRAMCircuit/maestro/results/maestro/ExplorerRun.0/1/ECE4130_Project_SRAMCircuit_1/psf/spectre.out", "logFileSize": "-1", "category": "simulation"}
[2024-11-10 19:01:42.335 -0500] [PROCESS] [cadence.virtuoso.ade.simulationMonitor] - Simulator launched {"hostname": "ece-linlab02.ece.gatech.edu", "processid": 2612163, "history": "ExplorerRun.0", "testname": "ECE4130_Project_SRAMCircuit_1", "cornername": "Nominal", "point": 1, "logfile": "/nethome/ccarpenter38/ECE6130_Updated/ECE6130_LAB/Cadence/logs_ccarpenter38/logs0/Job39.log", "simid": "1", "event": "launch", "category": "simulation"}
[2024-11-10 19:01:42.338 -0500] [PROCESS] [cadence.virtuoso.ade.simulationMonitor] - Expression evaluator launched {"hostname": "ece-linlab02.ece.gatech.edu", "processid": 2612163, "history": "ExplorerRun.0", "testname": "ECE4130_Project_SRAMCircuit_1", "cornername": "Nominal", "point": 1, "logfile": "/nethome/ccarpenter38/ECE6130_Updated/ECE6130_LAB/Cadence/logs_ccarpenter38/logs0/Job39.log"}
[2024-11-10 19:01:42.375 -0500] [PROCESS] [cadence.virtuoso.ade.simulationMonitor] - Started Simulation {"hostname": "ece-linlab02.ece.gatech.edu", "processid": 2612163, "history": "ExplorerRun.0", "testname": "ECE4130_Project_SRAMCircuit_1", "cornername": "Nominal", "point": 1, "logfile": "/nethome/ccarpenter38/ECE6130_Updated/ECE6130_LAB/Cadence/logs_ccarpenter38/logs0/Job39.log", "event": "start", "category": "simulation"}
[2024-11-10 19:01:42.875 -0500] [INFO] [cadence.virtuoso.ade.simulationMonitor] - Peak resident memory used = 166 Mbytes. {"history": "ExplorerRun.0", "point": 1, "testname": "ECE4130_Project_SRAMCircuit_1", "cornername": "Nominal"}
[2024-11-10 19:01:42.875 -0500] [INFO] [cadence.virtuoso.ade.simulationMonitor] - Peak resident memory used = 181 Mbytes. {"history": "ExplorerRun.0", "point": 1, "testname": "ECE4130_Project_SRAMCircuit_1", "cornername": "Nominal"}
[2024-11-10 19:01:42.875 -0500] [INFO] [cadence.virtuoso.ade.simulationMonitor] - Notice from spectre during hierarchy flattening.
    The value 'psf' specified for the 'checklimitdest' option will no longer be supported in future releases. Use 'spectre -h' to see other recommended values for the 'checklimitdest' option. {"history": "ExplorerRun.0", "point": 1, "testname": "ECE4130_Project_SRAMCircuit_1", "cornername": "Nominal"}
[2024-11-10 19:01:42.875 -0500] [INFO] [cadence.virtuoso.ade.simulationMonitor] - Peak resident memory used = 192 Mbytes. {"history": "ExplorerRun.0", "point": 1, "testname": "ECE4130_Project_SRAMCircuit_1", "cornername": "Nominal"}
[2024-11-10 19:01:43.383 -0500] [INFO] [cadence.virtuoso.ade.simulationMonitor] -               nodes 1520 {"history": "ExplorerRun.0", "point": 1, "testname": "ECE4130_Project_SRAMCircuit_1", "cornername": "Nominal"}
[2024-11-10 19:01:43.383 -0500] [INFO] [cadence.virtuoso.ade.simulationMonitor] - Notice from spectre during initial setup.
    Protected devices exist and are not included in the circuit inventory.
    7 vsources are shorted because their absolute value is less than or equal to 'vabsshort'.
    APS enabled. {"history": "ExplorerRun.0", "point": 1, "testname": "ECE4130_Project_SRAMCircuit_1", "cornername": "Nominal"}
[2024-11-10 19:01:43.384 -0500] [INFO] [cadence.virtuoso.ade.simulationMonitor] - Notice from spectre.
    Multithreading enabled: 8 threads in the system with 8 available processors. {"history": "ExplorerRun.0", "point": 1, "testname": "ECE4130_Project_SRAMCircuit_1", "cornername": "Nominal"}
[2024-11-10 19:01:43.384 -0500] [INFO] [cadence.virtuoso.ade.simulationMonitor] - Peak resident memory used = 246 Mbytes. {"history": "ExplorerRun.0", "point": 1, "testname": "ECE4130_Project_SRAMCircuit_1", "cornername": "Nominal"}
[2024-11-10 19:01:43.385 -0500] [INFO] [cadence.virtuoso.ade.simulationMonitor] -    -   (APS) Multi-threading. The recommended number of threads is 8, consider adding +mt=8 on command line. {"history": "ExplorerRun.0", "point": 1, "testname": "ECE4130_Project_SRAMCircuit_1", "cornername": "Nominal"}
[2024-11-10 19:01:49.921 -0500] [INFO] [cadence.virtuoso.ade.simulationMonitor] - Intrinsic tran analysis time:    CPU = 41.9867 s, elapsed = 6.18235 s. {"history": "ExplorerRun.0", "point": 1, "testname": "ECE4130_Project_SRAMCircuit_1", "cornername": "Nominal"}
[2024-11-10 19:01:49.921 -0500] [INFO] [cadence.virtuoso.ade.simulationMonitor] - Total time required for tran analysis `tran': CPU = 42.5375 s, elapsed = 6.3535 s, util. = 670%. {"history": "ExplorerRun.0", "point": 1, "testname": "ECE4130_Project_SRAMCircuit_1", "cornername": "Nominal"}
[2024-11-10 19:01:49.921 -0500] [INFO] [cadence.virtuoso.ade.simulationMonitor] - Peak resident memory used = 368 Mbytes. {"history": "ExplorerRun.0", "point": 1, "testname": "ECE4130_Project_SRAMCircuit_1", "cornername": "Nominal"}
[2024-11-10 19:01:50.424 -0500] [INFO] [cadence.virtuoso.ade.simulationMonitor] - Time used: CPU = 46.3 s, elapsed = 7.36 s, util. = 629%. {"history": "ExplorerRun.0", "point": 1, "testname": "ECE4130_Project_SRAMCircuit_1", "cornername": "Nominal"}
[2024-11-10 19:01:50.424 -0500] [INFO] [cadence.virtuoso.ade.simulationMonitor] - Time spent in licensing: elapsed = 70.2 ms. {"history": "ExplorerRun.0", "point": 1, "testname": "ECE4130_Project_SRAMCircuit_1", "cornername": "Nominal"}
[2024-11-10 19:01:50.425 -0500] [INFO] [cadence.virtuoso.ade.simulationMonitor] - Peak memory used = 369 Mbytes. {"history": "ExplorerRun.0", "point": 1, "testname": "ECE4130_Project_SRAMCircuit_1", "cornername": "Nominal"}
[2024-11-10 19:01:50.428 -0500] [PROCESS] [cadence.virtuoso.ade.simulationMonitor] - Simulation started at: 7:01:42 PM, Sun Nov 10, 2024, ended at: 7:01:49 PM, Sun Nov 10, 2024, with elapsed time (wall clock): 7.36 s. {"history": "ExplorerRun.0", "point": 1, "testname": "ECE4130_Project_SRAMCircuit_1", "cornername": "Nominal"}
[2024-11-10 19:01:50.428 -0500] [PROCESS] [cadence.virtuoso.ade.simulationMonitor] - spectre completes with 0 errors, 0 warnings, and 6 notices. {"history": "ExplorerRun.0", "point": 1, "testname": "ECE4130_Project_SRAMCircuit_1", "cornername": "Nominal"}
[2024-11-10 19:01:50.428 -0500] [PROCESS] [cadence.virtuoso.ade.simulationMonitor] - Finished simulating for one point {"hostname": "ece-linlab02.ece.gatech.edu", "processid": 2612163, "history": "ExplorerRun.0", "testname": "ECE4130_Project_SRAMCircuit_1", "cornername": "Nominal", "point": 1, "logfile": "/nethome/ccarpenter38/ECE6130_Updated/ECE6130_LAB/Cadence/logs_ccarpenter38/logs0/Job39.log", "simid": "1", "event": "finish", "category": "simulation"}
[2024-11-10 19:01:50.428 -0500] [PROCESS] [cadence.virtuoso.ade.simulationMonitor] - Simulator exited {"hostname": "ece-linlab02.ece.gatech.edu", "processid": 2612163, "history": "ExplorerRun.0", "testname": "ECE4130_Project_SRAMCircuit_1", "cornername": "Nominal", "point": 1, "logfile": "/nethome/ccarpenter38/ECE6130_Updated/ECE6130_LAB/Cadence/logs_ccarpenter38/logs0/Job39.log", "exitStatus": "0"}
[2024-11-10 19:01:50.428 -0500] [PROCESS] [cadence.virtuoso.ade.simulationMonitor] - Finished Simulation {"hostname": "ece-linlab02.ece.gatech.edu", "processid": 2612163, "history": "ExplorerRun.0", "testname": "ECE4130_Project_SRAMCircuit_1", "cornername": "Nominal", "point": 1, "logfile": "/nethome/ccarpenter38/ECE6130_Updated/ECE6130_LAB/Cadence/logs_ccarpenter38/logs0/Job39.log", "simid": "1", "event": "finish", "category": "obsolete"}
[2024-11-10 19:01:51.431 -0500] [PROCESS] [cadence.virtuoso.ade.simulationMonitor] - Point Finished {"hostname": "ece-linlab02.ece.gatech.edu", "processid": 2612163, "history": "ExplorerRun.0", "testname": "ECE4130_Project_SRAMCircuit_1", "cornername": "Nominal", "point": 1, "logfile": "/nethome/ccarpenter38/ECE6130_Updated/ECE6130_LAB/Cadence/logs_ccarpenter38/logs0/Job39.log", "event": "finish", "category": "sim-eval"}
[2024-11-10 19:01:52.432 -0500] [PROCESS] [cadence.virtuoso.ade.simulationMonitor] - Stay with the runId '0', Linger time '300', currentRunSyn '1', currentTestSyn '2' {"hostname": "ece-linlab02.ece.gatech.edu", "processid": 2612163, "history": "ExplorerRun.0", "testname": "ECE4130_Project_SRAMCircuit_1", "cornername": "Nominal", "point": 1, "logfile": "/nethome/ccarpenter38/ECE6130_Updated/ECE6130_LAB/Cadence/logs_ccarpenter38/logs0/Job39.log"}
[2024-11-10 19:02:53.635 -0500] [INFO] [cadence.virtuoso.ade.simulationMonitor] - SimulationMonitor has terminated the vds process '2612221', reason: 'Force to stop the expression evalutor process because of new run' {"history": "ExplorerRun.0", "point": 1, "testname": "ECE4130_Project_SRAMCircuit_1", "cornername": "Nominal"}
[2024-11-10 19:02:53.636 -0500] [PROCESS] [cadence.virtuoso.ade.simulationMonitor] - HostInfo:
Host name (type):	ece-linlab02.ece.gatech.edu (x86_64)
Operating system:	Linux 4.18.0-553.22.1.el8_10.x86_64 #1 SMP Wed Sep 11 18:02:00 EDT 2024 {"hostname": "ece-linlab02.ece.gatech.edu", "processid": 2612163, "history": "ExplorerRun.0", "testname": "ECE4130_Project_SRAMCircuit_1", "cornername": "Nominal", "point": 1, "logfile": "/nethome/ccarpenter38/ECE6130_Updated/ECE6130_LAB/Cadence/logs_ccarpenter38/logs0/Job39.log", "nodename": "ece-linlab02.ece.gatech.edu", "domainname": "(none)", "machine": "x86_64", "sysname": "Linux", "release": "4.18.0-553.22.1.el8_10.x86_64", "version": "#1 SMP Wed Sep 11 18:02:00 EDT 2024"}
[2024-11-10 19:02:53.636 -0500] [PROCESS] [cadence.virtuoso.ade.simulationMonitor] - UsageInfo:
pid=2612163
totalPhysicalMemory=15.098938GB,Used=14.004787GB,totalVirtualMemory=22.840145GB,Used=14.012318GB
Cpu: Cores=8, Load average:1.630000,1.460000,1.370000 {"hostname": "ece-linlab02.ece.gatech.edu", "processid": 2612163, "history": "ExplorerRun.0", "testname": "ECE4130_Project_SRAMCircuit_1", "cornername": "Nominal", "point": 1, "logfile": "/nethome/ccarpenter38/ECE6130_Updated/ECE6130_LAB/Cadence/logs_ccarpenter38/logs0/Job39.log", "pid": "2612163", "totalPhysicalMemory": "15.098938", "physicalMemoryUsed": "14.004787", "totalVirtualMemory": "22.840145", "virtualMemoryUsed": "14.012318", "cpuCores": "8", "processes": "1589", "loadAverage1": "1.630000", "loadAverage5": "1.460000", "loadAverage15": "1.370000", "loadAverage1Percent": "0.203750"}
[2024-11-10 19:02:53.642 -0500] [EVENT] [cadence.virtuoso.ade.simulationMonitor] - NewPoint {"history": "ExplorerRun.0", "point": 1, "testname": "ECE4130_Project_SRAMCircuit_1", "cornername": "Nominal", "event": "NewPoint", "EventSource": "Simulation Monitor", "HistoryName": "ExplorerRun.0", "logFile": "/nethome/ccarpenter38/ECE6130_Updated/ECE6130_LAB/Cadence/logs_ccarpenter38/logs0/Job39.log", "logFileSize": "15520", "category": "simulation"}
[2024-11-10 19:02:53.744 -0500] [EVENT] [cadence.virtuoso.ade.simulationMonitor] - NewPoint {"history": "ExplorerRun.0", "point": 1, "testname": "ECE4130_Project_SRAMCircuit_1", "cornername": "Nominal", "event": "NewPoint", "EventSource": "spectre", "HistoryName": "ExplorerRun.0", "logFile": "/nethome/ccarpenter38/simulation/ECE4130_Project/SRAMCircuit/maestro/results/maestro/ExplorerRun.0/1/ECE4130_Project_SRAMCircuit_1/psf/spectre.out", "logFileSize": "-1", "category": "simulation"}
[2024-11-10 19:02:53.896 -0500] [PROCESS] [cadence.virtuoso.ade.simulationMonitor] - Simulator launched {"hostname": "ece-linlab02.ece.gatech.edu", "processid": 2612163, "history": "ExplorerRun.0", "testname": "ECE4130_Project_SRAMCircuit_1", "cornername": "Nominal", "point": 1, "logfile": "/nethome/ccarpenter38/ECE6130_Updated/ECE6130_LAB/Cadence/logs_ccarpenter38/logs0/Job39.log", "simid": "2", "event": "launch", "category": "simulation"}
[2024-11-10 19:02:53.899 -0500] [PROCESS] [cadence.virtuoso.ade.simulationMonitor] - Expression evaluator launched {"hostname": "ece-linlab02.ece.gatech.edu", "processid": 2612163, "history": "ExplorerRun.0", "testname": "ECE4130_Project_SRAMCircuit_1", "cornername": "Nominal", "point": 1, "logfile": "/nethome/ccarpenter38/ECE6130_Updated/ECE6130_LAB/Cadence/logs_ccarpenter38/logs0/Job39.log"}
[2024-11-10 19:02:53.936 -0500] [PROCESS] [cadence.virtuoso.ade.simulationMonitor] - Started Simulation {"hostname": "ece-linlab02.ece.gatech.edu", "processid": 2612163, "history": "ExplorerRun.0", "testname": "ECE4130_Project_SRAMCircuit_1", "cornername": "Nominal", "point": 1, "logfile": "/nethome/ccarpenter38/ECE6130_Updated/ECE6130_LAB/Cadence/logs_ccarpenter38/logs0/Job39.log", "event": "start", "category": "simulation"}
[2024-11-10 19:02:54.436 -0500] [INFO] [cadence.virtuoso.ade.simulationMonitor] - Peak resident memory used = 166 Mbytes. {"history": "ExplorerRun.0", "point": 1, "testname": "ECE4130_Project_SRAMCircuit_1", "cornername": "Nominal"}
[2024-11-10 19:02:54.436 -0500] [INFO] [cadence.virtuoso.ade.simulationMonitor] - Peak resident memory used = 181 Mbytes. {"history": "ExplorerRun.0", "point": 1, "testname": "ECE4130_Project_SRAMCircuit_1", "cornername": "Nominal"}
[2024-11-10 19:02:54.436 -0500] [INFO] [cadence.virtuoso.ade.simulationMonitor] - Notice from spectre during hierarchy flattening.
    The value 'psf' specified for the 'checklimitdest' option will no longer be supported in future releases. Use 'spectre -h' to see other recommended values for the 'checklimitdest' option. {"history": "ExplorerRun.0", "point": 1, "testname": "ECE4130_Project_SRAMCircuit_1", "cornername": "Nominal"}
[2024-11-10 19:02:54.436 -0500] [INFO] [cadence.virtuoso.ade.simulationMonitor] - Peak resident memory used = 192 Mbytes. {"history": "ExplorerRun.0", "point": 1, "testname": "ECE4130_Project_SRAMCircuit_1", "cornername": "Nominal"}
[2024-11-10 19:02:54.947 -0500] [INFO] [cadence.virtuoso.ade.simulationMonitor] -               nodes 1520 {"history": "ExplorerRun.0", "point": 1, "testname": "ECE4130_Project_SRAMCircuit_1", "cornername": "Nominal"}
[2024-11-10 19:02:54.947 -0500] [INFO] [cadence.virtuoso.ade.simulationMonitor] - Notice from spectre during initial setup.
    Protected devices exist and are not included in the circuit inventory.
    7 vsources are shorted because their absolute value is less than or equal to 'vabsshort'.
    APS enabled. {"history": "ExplorerRun.0", "point": 1, "testname": "ECE4130_Project_SRAMCircuit_1", "cornername": "Nominal"}
[2024-11-10 19:02:54.948 -0500] [INFO] [cadence.virtuoso.ade.simulationMonitor] - Notice from spectre.
    Multithreading enabled: 8 threads in the system with 8 available processors. {"history": "ExplorerRun.0", "point": 1, "testname": "ECE4130_Project_SRAMCircuit_1", "cornername": "Nominal"}
[2024-11-10 19:02:54.948 -0500] [INFO] [cadence.virtuoso.ade.simulationMonitor] - Peak resident memory used = 248 Mbytes. {"history": "ExplorerRun.0", "point": 1, "testname": "ECE4130_Project_SRAMCircuit_1", "cornername": "Nominal"}
[2024-11-10 19:02:54.949 -0500] [INFO] [cadence.virtuoso.ade.simulationMonitor] -    -   (APS) Multi-threading. The recommended number of threads is 8, consider adding +mt=8 on command line. {"history": "ExplorerRun.0", "point": 1, "testname": "ECE4130_Project_SRAMCircuit_1", "cornername": "Nominal"}
[2024-11-10 19:03:01.461 -0500] [INFO] [cadence.virtuoso.ade.simulationMonitor] - Intrinsic tran analysis time:    CPU = 41.9505 s, elapsed = 6.13212 s. {"history": "ExplorerRun.0", "point": 1, "testname": "ECE4130_Project_SRAMCircuit_1", "cornername": "Nominal"}
[2024-11-10 19:03:01.461 -0500] [INFO] [cadence.virtuoso.ade.simulationMonitor] - Total time required for tran analysis `tran': CPU = 42.4803 s, elapsed = 6.29417 s, util. = 675%. {"history": "ExplorerRun.0", "point": 1, "testname": "ECE4130_Project_SRAMCircuit_1", "cornername": "Nominal"}
[2024-11-10 19:03:01.461 -0500] [INFO] [cadence.virtuoso.ade.simulationMonitor] - Peak resident memory used = 369 Mbytes. {"history": "ExplorerRun.0", "point": 1, "testname": "ECE4130_Project_SRAMCircuit_1", "cornername": "Nominal"}
[2024-11-10 19:03:01.463 -0500] [INFO] [cadence.virtuoso.ade.simulationMonitor] - Time used: CPU = 46.4 s, elapsed = 7.31 s, util. = 635%. {"history": "ExplorerRun.0", "point": 1, "testname": "ECE4130_Project_SRAMCircuit_1", "cornername": "Nominal"}
[2024-11-10 19:03:01.463 -0500] [INFO] [cadence.virtuoso.ade.simulationMonitor] - Time spent in licensing: elapsed = 71.3 ms. {"history": "ExplorerRun.0", "point": 1, "testname": "ECE4130_Project_SRAMCircuit_1", "cornername": "Nominal"}
[2024-11-10 19:03:01.464 -0500] [INFO] [cadence.virtuoso.ade.simulationMonitor] - Peak memory used = 369 Mbytes. {"history": "ExplorerRun.0", "point": 1, "testname": "ECE4130_Project_SRAMCircuit_1", "cornername": "Nominal"}
[2024-11-10 19:03:01.467 -0500] [PROCESS] [cadence.virtuoso.ade.simulationMonitor] - Simulation started at: 7:02:54 PM, Sun Nov 10, 2024, ended at: 7:03:01 PM, Sun Nov 10, 2024, with elapsed time (wall clock): 7.31 s. {"history": "ExplorerRun.0", "point": 1, "testname": "ECE4130_Project_SRAMCircuit_1", "cornername": "Nominal"}
[2024-11-10 19:03:01.467 -0500] [PROCESS] [cadence.virtuoso.ade.simulationMonitor] - spectre completes with 0 errors, 0 warnings, and 6 notices. {"history": "ExplorerRun.0", "point": 1, "testname": "ECE4130_Project_SRAMCircuit_1", "cornername": "Nominal"}
[2024-11-10 19:03:01.467 -0500] [PROCESS] [cadence.virtuoso.ade.simulationMonitor] - Finished simulating for one point {"hostname": "ece-linlab02.ece.gatech.edu", "processid": 2612163, "history": "ExplorerRun.0", "testname": "ECE4130_Project_SRAMCircuit_1", "cornername": "Nominal", "point": 1, "logfile": "/nethome/ccarpenter38/ECE6130_Updated/ECE6130_LAB/Cadence/logs_ccarpenter38/logs0/Job39.log", "simid": "2", "event": "finish", "category": "simulation"}
[2024-11-10 19:03:01.467 -0500] [PROCESS] [cadence.virtuoso.ade.simulationMonitor] - Simulator exited {"hostname": "ece-linlab02.ece.gatech.edu", "processid": 2612163, "history": "ExplorerRun.0", "testname": "ECE4130_Project_SRAMCircuit_1", "cornername": "Nominal", "point": 1, "logfile": "/nethome/ccarpenter38/ECE6130_Updated/ECE6130_LAB/Cadence/logs_ccarpenter38/logs0/Job39.log", "exitStatus": "0"}
[2024-11-10 19:03:01.467 -0500] [PROCESS] [cadence.virtuoso.ade.simulationMonitor] - Finished Simulation {"hostname": "ece-linlab02.ece.gatech.edu", "processid": 2612163, "history": "ExplorerRun.0", "testname": "ECE4130_Project_SRAMCircuit_1", "cornername": "Nominal", "point": 1, "logfile": "/nethome/ccarpenter38/ECE6130_Updated/ECE6130_LAB/Cadence/logs_ccarpenter38/logs0/Job39.log", "simid": "2", "event": "finish", "category": "obsolete"}
[2024-11-10 19:03:02.469 -0500] [PROCESS] [cadence.virtuoso.ade.simulationMonitor] - Point Finished {"hostname": "ece-linlab02.ece.gatech.edu", "processid": 2612163, "history": "ExplorerRun.0", "testname": "ECE4130_Project_SRAMCircuit_1", "cornername": "Nominal", "point": 1, "logfile": "/nethome/ccarpenter38/ECE6130_Updated/ECE6130_LAB/Cadence/logs_ccarpenter38/logs0/Job39.log", "event": "finish", "category": "sim-eval"}
[2024-11-10 19:03:03.470 -0500] [PROCESS] [cadence.virtuoso.ade.simulationMonitor] - Stay with the runId '1', Linger time '300', currentRunSyn '3', currentTestSyn '4' {"hostname": "ece-linlab02.ece.gatech.edu", "processid": 2612163, "history": "ExplorerRun.0", "testname": "ECE4130_Project_SRAMCircuit_1", "cornername": "Nominal", "point": 1, "logfile": "/nethome/ccarpenter38/ECE6130_Updated/ECE6130_LAB/Cadence/logs_ccarpenter38/logs0/Job39.log"}
[2024-11-10 19:04:01.780 -0500] [INFO] [cadence.virtuoso.ade.simulationMonitor] - SimulationMonitor has terminated the vds process '2613352', reason: 'Force to stop the expression evalutor process because of new run' {"history": "ExplorerRun.0", "point": 1, "testname": "ECE4130_Project_SRAMCircuit_1", "cornername": "Nominal"}
[2024-11-10 19:04:01.781 -0500] [PROCESS] [cadence.virtuoso.ade.simulationMonitor] - HostInfo:
Host name (type):	ece-linlab02.ece.gatech.edu (x86_64)
Operating system:	Linux 4.18.0-553.22.1.el8_10.x86_64 #1 SMP Wed Sep 11 18:02:00 EDT 2024 {"hostname": "ece-linlab02.ece.gatech.edu", "processid": 2612163, "history": "ExplorerRun.0", "testname": "ECE4130_Project_SRAMCircuit_1", "cornername": "Nominal", "point": 1, "logfile": "/nethome/ccarpenter38/ECE6130_Updated/ECE6130_LAB/Cadence/logs_ccarpenter38/logs0/Job39.log", "nodename": "ece-linlab02.ece.gatech.edu", "domainname": "(none)", "machine": "x86_64", "sysname": "Linux", "release": "4.18.0-553.22.1.el8_10.x86_64", "version": "#1 SMP Wed Sep 11 18:02:00 EDT 2024"}
[2024-11-10 19:04:01.781 -0500] [PROCESS] [cadence.virtuoso.ade.simulationMonitor] - UsageInfo:
pid=2612163
totalPhysicalMemory=15.098938GB,Used=14.010715GB,totalVirtualMemory=22.840145GB,Used=14.018246GB
Cpu: Cores=8, Load average:1.400000,1.470000,1.380000 {"hostname": "ece-linlab02.ece.gatech.edu", "processid": 2612163, "history": "ExplorerRun.0", "testname": "ECE4130_Project_SRAMCircuit_1", "cornername": "Nominal", "point": 1, "logfile": "/nethome/ccarpenter38/ECE6130_Updated/ECE6130_LAB/Cadence/logs_ccarpenter38/logs0/Job39.log", "pid": "2612163", "totalPhysicalMemory": "15.098938", "physicalMemoryUsed": "14.010715", "totalVirtualMemory": "22.840145", "virtualMemoryUsed": "14.018246", "cpuCores": "8", "processes": "1591", "loadAverage1": "1.400000", "loadAverage5": "1.470000", "loadAverage15": "1.380000", "loadAverage1Percent": "0.175000"}
[2024-11-10 19:04:01.787 -0500] [EVENT] [cadence.virtuoso.ade.simulationMonitor] - NewPoint {"history": "ExplorerRun.0", "point": 1, "testname": "ECE4130_Project_SRAMCircuit_1", "cornername": "Nominal", "event": "NewPoint", "EventSource": "Simulation Monitor", "HistoryName": "ExplorerRun.0", "logFile": "/nethome/ccarpenter38/ECE6130_Updated/ECE6130_LAB/Cadence/logs_ccarpenter38/logs0/Job39.log", "logFileSize": "26507", "category": "simulation"}
[2024-11-10 19:04:01.888 -0500] [EVENT] [cadence.virtuoso.ade.simulationMonitor] - NewPoint {"history": "ExplorerRun.0", "point": 1, "testname": "ECE4130_Project_SRAMCircuit_1", "cornername": "Nominal", "event": "NewPoint", "EventSource": "spectre", "HistoryName": "ExplorerRun.0", "logFile": "/nethome/ccarpenter38/simulation/ECE4130_Project/SRAMCircuit/maestro/results/maestro/ExplorerRun.0/1/ECE4130_Project_SRAMCircuit_1/psf/spectre.out", "logFileSize": "-1", "category": "simulation"}
[2024-11-10 19:04:02.027 -0500] [PROCESS] [cadence.virtuoso.ade.simulationMonitor] - Simulator launched {"hostname": "ece-linlab02.ece.gatech.edu", "processid": 2612163, "history": "ExplorerRun.0", "testname": "ECE4130_Project_SRAMCircuit_1", "cornername": "Nominal", "point": 1, "logfile": "/nethome/ccarpenter38/ECE6130_Updated/ECE6130_LAB/Cadence/logs_ccarpenter38/logs0/Job39.log", "simid": "3", "event": "launch", "category": "simulation"}
[2024-11-10 19:04:02.031 -0500] [PROCESS] [cadence.virtuoso.ade.simulationMonitor] - Expression evaluator launched {"hostname": "ece-linlab02.ece.gatech.edu", "processid": 2612163, "history": "ExplorerRun.0", "testname": "ECE4130_Project_SRAMCircuit_1", "cornername": "Nominal", "point": 1, "logfile": "/nethome/ccarpenter38/ECE6130_Updated/ECE6130_LAB/Cadence/logs_ccarpenter38/logs0/Job39.log"}
[2024-11-10 19:04:02.068 -0500] [PROCESS] [cadence.virtuoso.ade.simulationMonitor] - Started Simulation {"hostname": "ece-linlab02.ece.gatech.edu", "processid": 2612163, "history": "ExplorerRun.0", "testname": "ECE4130_Project_SRAMCircuit_1", "cornername": "Nominal", "point": 1, "logfile": "/nethome/ccarpenter38/ECE6130_Updated/ECE6130_LAB/Cadence/logs_ccarpenter38/logs0/Job39.log", "event": "start", "category": "simulation"}
[2024-11-10 19:04:02.568 -0500] [INFO] [cadence.virtuoso.ade.simulationMonitor] - Peak resident memory used = 166 Mbytes. {"history": "ExplorerRun.0", "point": 1, "testname": "ECE4130_Project_SRAMCircuit_1", "cornername": "Nominal"}
[2024-11-10 19:04:02.568 -0500] [INFO] [cadence.virtuoso.ade.simulationMonitor] - Peak resident memory used = 179 Mbytes. {"history": "ExplorerRun.0", "point": 1, "testname": "ECE4130_Project_SRAMCircuit_1", "cornername": "Nominal"}
[2024-11-10 19:04:02.568 -0500] [INFO] [cadence.virtuoso.ade.simulationMonitor] - Notice from spectre during hierarchy flattening.
    The value 'psf' specified for the 'checklimitdest' option will no longer be supported in future releases. Use 'spectre -h' to see other recommended values for the 'checklimitdest' option. {"history": "ExplorerRun.0", "point": 1, "testname": "ECE4130_Project_SRAMCircuit_1", "cornername": "Nominal"}
[2024-11-10 19:04:02.568 -0500] [INFO] [cadence.virtuoso.ade.simulationMonitor] - Peak resident memory used = 190 Mbytes. {"history": "ExplorerRun.0", "point": 1, "testname": "ECE4130_Project_SRAMCircuit_1", "cornername": "Nominal"}
[2024-11-10 19:04:03.088 -0500] [INFO] [cadence.virtuoso.ade.simulationMonitor] -               nodes 1520 {"history": "ExplorerRun.0", "point": 1, "testname": "ECE4130_Project_SRAMCircuit_1", "cornername": "Nominal"}
[2024-11-10 19:04:03.088 -0500] [INFO] [cadence.virtuoso.ade.simulationMonitor] - Notice from spectre during initial setup.
    Protected devices exist and are not included in the circuit inventory.
    7 vsources are shorted because their absolute value is less than or equal to 'vabsshort'.
    APS enabled. {"history": "ExplorerRun.0", "point": 1, "testname": "ECE4130_Project_SRAMCircuit_1", "cornername": "Nominal"}
[2024-11-10 19:04:03.091 -0500] [INFO] [cadence.virtuoso.ade.simulationMonitor] - Notice from spectre.
    Multithreading enabled: 8 threads in the system with 8 available processors. {"history": "ExplorerRun.0", "point": 1, "testname": "ECE4130_Project_SRAMCircuit_1", "cornername": "Nominal"}
[2024-11-10 19:04:03.091 -0500] [INFO] [cadence.virtuoso.ade.simulationMonitor] - Peak resident memory used = 228 Mbytes. {"history": "ExplorerRun.0", "point": 1, "testname": "ECE4130_Project_SRAMCircuit_1", "cornername": "Nominal"}
[2024-11-10 19:04:03.092 -0500] [INFO] [cadence.virtuoso.ade.simulationMonitor] -    -   (APS) Multi-threading. The recommended number of threads is 8, consider adding +mt=8 on command line. {"history": "ExplorerRun.0", "point": 1, "testname": "ECE4130_Project_SRAMCircuit_1", "cornername": "Nominal"}
[2024-11-10 19:04:09.598 -0500] [INFO] [cadence.virtuoso.ade.simulationMonitor] - Intrinsic tran analysis time:    CPU = 42.1773 s, elapsed = 6.16979 s. {"history": "ExplorerRun.0", "point": 1, "testname": "ECE4130_Project_SRAMCircuit_1", "cornername": "Nominal"}
[2024-11-10 19:04:09.598 -0500] [INFO] [cadence.virtuoso.ade.simulationMonitor] - Total time required for tran analysis `tran': CPU = 42.7065 s, elapsed = 6.33062 s, util. = 675%. {"history": "ExplorerRun.0", "point": 1, "testname": "ECE4130_Project_SRAMCircuit_1", "cornername": "Nominal"}
[2024-11-10 19:04:09.598 -0500] [INFO] [cadence.virtuoso.ade.simulationMonitor] - Peak resident memory used = 351 Mbytes. {"history": "ExplorerRun.0", "point": 1, "testname": "ECE4130_Project_SRAMCircuit_1", "cornername": "Nominal"}
[2024-11-10 19:04:10.101 -0500] [INFO] [cadence.virtuoso.ade.simulationMonitor] - Time used: CPU = 46.6 s, elapsed = 7.32 s, util. = 636%. {"history": "ExplorerRun.0", "point": 1, "testname": "ECE4130_Project_SRAMCircuit_1", "cornername": "Nominal"}
[2024-11-10 19:04:10.101 -0500] [INFO] [cadence.virtuoso.ade.simulationMonitor] - Time spent in licensing: elapsed = 69.2 ms. {"history": "ExplorerRun.0", "point": 1, "testname": "ECE4130_Project_SRAMCircuit_1", "cornername": "Nominal"}
[2024-11-10 19:04:10.101 -0500] [INFO] [cadence.virtuoso.ade.simulationMonitor] - Peak memory used = 351 Mbytes. {"history": "ExplorerRun.0", "point": 1, "testname": "ECE4130_Project_SRAMCircuit_1", "cornername": "Nominal"}
[2024-11-10 19:04:10.104 -0500] [PROCESS] [cadence.virtuoso.ade.simulationMonitor] - Simulation started at: 7:04:02 PM, Sun Nov 10, 2024, ended at: 7:04:09 PM, Sun Nov 10, 2024, with elapsed time (wall clock): 7.32 s. {"history": "ExplorerRun.0", "point": 1, "testname": "ECE4130_Project_SRAMCircuit_1", "cornername": "Nominal"}
[2024-11-10 19:04:10.104 -0500] [PROCESS] [cadence.virtuoso.ade.simulationMonitor] - spectre completes with 0 errors, 0 warnings, and 6 notices. {"history": "ExplorerRun.0", "point": 1, "testname": "ECE4130_Project_SRAMCircuit_1", "cornername": "Nominal"}
[2024-11-10 19:04:10.104 -0500] [PROCESS] [cadence.virtuoso.ade.simulationMonitor] - Finished simulating for one point {"hostname": "ece-linlab02.ece.gatech.edu", "processid": 2612163, "history": "ExplorerRun.0", "testname": "ECE4130_Project_SRAMCircuit_1", "cornername": "Nominal", "point": 1, "logfile": "/nethome/ccarpenter38/ECE6130_Updated/ECE6130_LAB/Cadence/logs_ccarpenter38/logs0/Job39.log", "simid": "3", "event": "finish", "category": "simulation"}
[2024-11-10 19:04:10.104 -0500] [PROCESS] [cadence.virtuoso.ade.simulationMonitor] - Simulator exited {"hostname": "ece-linlab02.ece.gatech.edu", "processid": 2612163, "history": "ExplorerRun.0", "testname": "ECE4130_Project_SRAMCircuit_1", "cornername": "Nominal", "point": 1, "logfile": "/nethome/ccarpenter38/ECE6130_Updated/ECE6130_LAB/Cadence/logs_ccarpenter38/logs0/Job39.log", "exitStatus": "0"}
[2024-11-10 19:04:10.104 -0500] [PROCESS] [cadence.virtuoso.ade.simulationMonitor] - Finished Simulation {"hostname": "ece-linlab02.ece.gatech.edu", "processid": 2612163, "history": "ExplorerRun.0", "testname": "ECE4130_Project_SRAMCircuit_1", "cornername": "Nominal", "point": 1, "logfile": "/nethome/ccarpenter38/ECE6130_Updated/ECE6130_LAB/Cadence/logs_ccarpenter38/logs0/Job39.log", "simid": "3", "event": "finish", "category": "obsolete"}
[2024-11-10 19:04:11.107 -0500] [PROCESS] [cadence.virtuoso.ade.simulationMonitor] - Point Finished {"hostname": "ece-linlab02.ece.gatech.edu", "processid": 2612163, "history": "ExplorerRun.0", "testname": "ECE4130_Project_SRAMCircuit_1", "cornername": "Nominal", "point": 1, "logfile": "/nethome/ccarpenter38/ECE6130_Updated/ECE6130_LAB/Cadence/logs_ccarpenter38/logs0/Job39.log", "event": "finish", "category": "sim-eval"}
[2024-11-10 19:04:12.109 -0500] [PROCESS] [cadence.virtuoso.ade.simulationMonitor] - Stay with the runId '2', Linger time '300', currentRunSyn '5', currentTestSyn '6' {"hostname": "ece-linlab02.ece.gatech.edu", "processid": 2612163, "history": "ExplorerRun.0", "testname": "ECE4130_Project_SRAMCircuit_1", "cornername": "Nominal", "point": 1, "logfile": "/nethome/ccarpenter38/ECE6130_Updated/ECE6130_LAB/Cadence/logs_ccarpenter38/logs0/Job39.log"}
[2024-11-10 19:05:47.169 -0500] [INFO] [cadence.virtuoso.ade.simulationMonitor] - SimulationMonitor has terminated the vds process '2614510', reason: 'Force to stop the expression evalutor process because of new run' {"history": "ExplorerRun.0", "point": 1, "testname": "ECE4130_Project_SRAMCircuit_1", "cornername": "Nominal"}
[2024-11-10 19:05:47.170 -0500] [PROCESS] [cadence.virtuoso.ade.simulationMonitor] - HostInfo:
Host name (type):	ece-linlab02.ece.gatech.edu (x86_64)
Operating system:	Linux 4.18.0-553.22.1.el8_10.x86_64 #1 SMP Wed Sep 11 18:02:00 EDT 2024 {"hostname": "ece-linlab02.ece.gatech.edu", "processid": 2612163, "history": "ExplorerRun.0", "testname": "ECE4130_Project_SRAMCircuit_1", "cornername": "Nominal", "point": 1, "logfile": "/nethome/ccarpenter38/ECE6130_Updated/ECE6130_LAB/Cadence/logs_ccarpenter38/logs0/Job39.log", "nodename": "ece-linlab02.ece.gatech.edu", "domainname": "(none)", "machine": "x86_64", "sysname": "Linux", "release": "4.18.0-553.22.1.el8_10.x86_64", "version": "#1 SMP Wed Sep 11 18:02:00 EDT 2024"}
[2024-11-10 19:05:47.170 -0500] [PROCESS] [cadence.virtuoso.ade.simulationMonitor] - UsageInfo:
pid=2612163
totalPhysicalMemory=15.098938GB,Used=14.014347GB,totalVirtualMemory=22.840145GB,Used=14.021877GB
Cpu: Cores=8, Load average:1.150000,1.460000,1.400000 {"hostname": "ece-linlab02.ece.gatech.edu", "processid": 2612163, "history": "ExplorerRun.0", "testname": "ECE4130_Project_SRAMCircuit_1", "cornername": "Nominal", "point": 1, "logfile": "/nethome/ccarpenter38/ECE6130_Updated/ECE6130_LAB/Cadence/logs_ccarpenter38/logs0/Job39.log", "pid": "2612163", "totalPhysicalMemory": "15.098938", "physicalMemoryUsed": "14.014347", "totalVirtualMemory": "22.840145", "virtualMemoryUsed": "14.021877", "cpuCores": "8", "processes": "1587", "loadAverage1": "1.150000", "loadAverage5": "1.460000", "loadAverage15": "1.400000", "loadAverage1Percent": "0.143750"}
[2024-11-10 19:05:47.175 -0500] [EVENT] [cadence.virtuoso.ade.simulationMonitor] - NewPoint {"history": "ExplorerRun.0", "point": 1, "testname": "ECE4130_Project_SRAMCircuit_1", "cornername": "Nominal", "event": "NewPoint", "EventSource": "Simulation Monitor", "HistoryName": "ExplorerRun.0", "logFile": "/nethome/ccarpenter38/ECE6130_Updated/ECE6130_LAB/Cadence/logs_ccarpenter38/logs0/Job39.log", "logFileSize": "37494", "category": "simulation"}
[2024-11-10 19:05:47.277 -0500] [EVENT] [cadence.virtuoso.ade.simulationMonitor] - NewPoint {"history": "ExplorerRun.0", "point": 1, "testname": "ECE4130_Project_SRAMCircuit_1", "cornername": "Nominal", "event": "NewPoint", "EventSource": "spectre", "HistoryName": "ExplorerRun.0", "logFile": "/nethome/ccarpenter38/simulation/ECE4130_Project/SRAMCircuit/maestro/results/maestro/ExplorerRun.0/1/ECE4130_Project_SRAMCircuit_1/psf/spectre.out", "logFileSize": "-1", "category": "simulation"}
[2024-11-10 19:05:47.445 -0500] [PROCESS] [cadence.virtuoso.ade.simulationMonitor] - Simulator launched {"hostname": "ece-linlab02.ece.gatech.edu", "processid": 2612163, "history": "ExplorerRun.0", "testname": "ECE4130_Project_SRAMCircuit_1", "cornername": "Nominal", "point": 1, "logfile": "/nethome/ccarpenter38/ECE6130_Updated/ECE6130_LAB/Cadence/logs_ccarpenter38/logs0/Job39.log", "simid": "4", "event": "launch", "category": "simulation"}
[2024-11-10 19:05:47.447 -0500] [PROCESS] [cadence.virtuoso.ade.simulationMonitor] - Expression evaluator launched {"hostname": "ece-linlab02.ece.gatech.edu", "processid": 2612163, "history": "ExplorerRun.0", "testname": "ECE4130_Project_SRAMCircuit_1", "cornername": "Nominal", "point": 1, "logfile": "/nethome/ccarpenter38/ECE6130_Updated/ECE6130_LAB/Cadence/logs_ccarpenter38/logs0/Job39.log"}
[2024-11-10 19:05:47.483 -0500] [PROCESS] [cadence.virtuoso.ade.simulationMonitor] - Started Simulation {"hostname": "ece-linlab02.ece.gatech.edu", "processid": 2612163, "history": "ExplorerRun.0", "testname": "ECE4130_Project_SRAMCircuit_1", "cornername": "Nominal", "point": 1, "logfile": "/nethome/ccarpenter38/ECE6130_Updated/ECE6130_LAB/Cadence/logs_ccarpenter38/logs0/Job39.log", "event": "start", "category": "simulation"}
[2024-11-10 19:05:47.983 -0500] [INFO] [cadence.virtuoso.ade.simulationMonitor] - Peak resident memory used = 168 Mbytes. {"history": "ExplorerRun.0", "point": 1, "testname": "ECE4130_Project_SRAMCircuit_1", "cornername": "Nominal"}
[2024-11-10 19:05:47.983 -0500] [INFO] [cadence.virtuoso.ade.simulationMonitor] - Peak resident memory used = 181 Mbytes. {"history": "ExplorerRun.0", "point": 1, "testname": "ECE4130_Project_SRAMCircuit_1", "cornername": "Nominal"}
[2024-11-10 19:05:47.983 -0500] [INFO] [cadence.virtuoso.ade.simulationMonitor] - Notice from spectre during hierarchy flattening.
    The value 'psf' specified for the 'checklimitdest' option will no longer be supported in future releases. Use 'spectre -h' to see other recommended values for the 'checklimitdest' option. {"history": "ExplorerRun.0", "point": 1, "testname": "ECE4130_Project_SRAMCircuit_1", "cornername": "Nominal"}
[2024-11-10 19:05:47.983 -0500] [INFO] [cadence.virtuoso.ade.simulationMonitor] - Peak resident memory used = 192 Mbytes. {"history": "ExplorerRun.0", "point": 1, "testname": "ECE4130_Project_SRAMCircuit_1", "cornername": "Nominal"}
[2024-11-10 19:05:48.494 -0500] [INFO] [cadence.virtuoso.ade.simulationMonitor] -               nodes 1520 {"history": "ExplorerRun.0", "point": 1, "testname": "ECE4130_Project_SRAMCircuit_1", "cornername": "Nominal"}
[2024-11-10 19:05:48.494 -0500] [INFO] [cadence.virtuoso.ade.simulationMonitor] - Notice from spectre during initial setup.
    Protected devices exist and are not included in the circuit inventory.
    7 vsources are shorted because their absolute value is less than or equal to 'vabsshort'.
    APS enabled. {"history": "ExplorerRun.0", "point": 1, "testname": "ECE4130_Project_SRAMCircuit_1", "cornername": "Nominal"}
[2024-11-10 19:05:48.497 -0500] [INFO] [cadence.virtuoso.ade.simulationMonitor] - Notice from spectre.
    Multithreading enabled: 8 threads in the system with 8 available processors. {"history": "ExplorerRun.0", "point": 1, "testname": "ECE4130_Project_SRAMCircuit_1", "cornername": "Nominal"}
[2024-11-10 19:05:48.497 -0500] [INFO] [cadence.virtuoso.ade.simulationMonitor] - Peak resident memory used = 230 Mbytes. {"history": "ExplorerRun.0", "point": 1, "testname": "ECE4130_Project_SRAMCircuit_1", "cornername": "Nominal"}
[2024-11-10 19:05:48.499 -0500] [INFO] [cadence.virtuoso.ade.simulationMonitor] -    -   (APS) Multi-threading. The recommended number of threads is 8, consider adding +mt=8 on command line. {"history": "ExplorerRun.0", "point": 1, "testname": "ECE4130_Project_SRAMCircuit_1", "cornername": "Nominal"}
[2024-11-10 19:05:55.005 -0500] [INFO] [cadence.virtuoso.ade.simulationMonitor] - Intrinsic tran analysis time:    CPU = 42.1964 s, elapsed = 6.23431 s. {"history": "ExplorerRun.0", "point": 1, "testname": "ECE4130_Project_SRAMCircuit_1", "cornername": "Nominal"}
[2024-11-10 19:05:55.005 -0500] [INFO] [cadence.virtuoso.ade.simulationMonitor] - Total time required for tran analysis `tran': CPU = 42.7456 s, elapsed = 6.3983 s, util. = 668%. {"history": "ExplorerRun.0", "point": 1, "testname": "ECE4130_Project_SRAMCircuit_1", "cornername": "Nominal"}
[2024-11-10 19:05:55.005 -0500] [INFO] [cadence.virtuoso.ade.simulationMonitor] - Peak resident memory used = 353 Mbytes. {"history": "ExplorerRun.0", "point": 1, "testname": "ECE4130_Project_SRAMCircuit_1", "cornername": "Nominal"}
[2024-11-10 19:05:55.507 -0500] [INFO] [cadence.virtuoso.ade.simulationMonitor] - Time used: CPU = 46.6 s, elapsed = 7.41 s, util. = 630%. {"history": "ExplorerRun.0", "point": 1, "testname": "ECE4130_Project_SRAMCircuit_1", "cornername": "Nominal"}
[2024-11-10 19:05:55.507 -0500] [INFO] [cadence.virtuoso.ade.simulationMonitor] - Time spent in licensing: elapsed = 69 ms. {"history": "ExplorerRun.0", "point": 1, "testname": "ECE4130_Project_SRAMCircuit_1", "cornername": "Nominal"}
[2024-11-10 19:05:55.508 -0500] [INFO] [cadence.virtuoso.ade.simulationMonitor] - Peak memory used = 353 Mbytes. {"history": "ExplorerRun.0", "point": 1, "testname": "ECE4130_Project_SRAMCircuit_1", "cornername": "Nominal"}
[2024-11-10 19:05:55.512 -0500] [PROCESS] [cadence.virtuoso.ade.simulationMonitor] - Simulation started at: 7:05:47 PM, Sun Nov 10, 2024, ended at: 7:05:55 PM, Sun Nov 10, 2024, with elapsed time (wall clock): 7.41 s. {"history": "ExplorerRun.0", "point": 1, "testname": "ECE4130_Project_SRAMCircuit_1", "cornername": "Nominal"}
[2024-11-10 19:05:55.512 -0500] [PROCESS] [cadence.virtuoso.ade.simulationMonitor] - spectre completes with 0 errors, 0 warnings, and 6 notices. {"history": "ExplorerRun.0", "point": 1, "testname": "ECE4130_Project_SRAMCircuit_1", "cornername": "Nominal"}
[2024-11-10 19:05:55.512 -0500] [PROCESS] [cadence.virtuoso.ade.simulationMonitor] - Finished simulating for one point {"hostname": "ece-linlab02.ece.gatech.edu", "processid": 2612163, "history": "ExplorerRun.0", "testname": "ECE4130_Project_SRAMCircuit_1", "cornername": "Nominal", "point": 1, "logfile": "/nethome/ccarpenter38/ECE6130_Updated/ECE6130_LAB/Cadence/logs_ccarpenter38/logs0/Job39.log", "simid": "4", "event": "finish", "category": "simulation"}
[2024-11-10 19:05:55.512 -0500] [PROCESS] [cadence.virtuoso.ade.simulationMonitor] - Simulator exited {"hostname": "ece-linlab02.ece.gatech.edu", "processid": 2612163, "history": "ExplorerRun.0", "testname": "ECE4130_Project_SRAMCircuit_1", "cornername": "Nominal", "point": 1, "logfile": "/nethome/ccarpenter38/ECE6130_Updated/ECE6130_LAB/Cadence/logs_ccarpenter38/logs0/Job39.log", "exitStatus": "0"}
[2024-11-10 19:05:55.512 -0500] [PROCESS] [cadence.virtuoso.ade.simulationMonitor] - Finished Simulation {"hostname": "ece-linlab02.ece.gatech.edu", "processid": 2612163, "history": "ExplorerRun.0", "testname": "ECE4130_Project_SRAMCircuit_1", "cornername": "Nominal", "point": 1, "logfile": "/nethome/ccarpenter38/ECE6130_Updated/ECE6130_LAB/Cadence/logs_ccarpenter38/logs0/Job39.log", "simid": "4", "event": "finish", "category": "obsolete"}
[2024-11-10 19:05:56.515 -0500] [PROCESS] [cadence.virtuoso.ade.simulationMonitor] - Point Finished {"hostname": "ece-linlab02.ece.gatech.edu", "processid": 2612163, "history": "ExplorerRun.0", "testname": "ECE4130_Project_SRAMCircuit_1", "cornername": "Nominal", "point": 1, "logfile": "/nethome/ccarpenter38/ECE6130_Updated/ECE6130_LAB/Cadence/logs_ccarpenter38/logs0/Job39.log", "event": "finish", "category": "sim-eval"}
[2024-11-10 19:05:57.516 -0500] [PROCESS] [cadence.virtuoso.ade.simulationMonitor] - Stay with the runId '3', Linger time '300', currentRunSyn '7', currentTestSyn '8' {"hostname": "ece-linlab02.ece.gatech.edu", "processid": 2612163, "history": "ExplorerRun.0", "testname": "ECE4130_Project_SRAMCircuit_1", "cornername": "Nominal", "point": 1, "logfile": "/nethome/ccarpenter38/ECE6130_Updated/ECE6130_LAB/Cadence/logs_ccarpenter38/logs0/Job39.log"}
[2024-11-10 19:07:06.977 -0500] [INFO] [cadence.virtuoso.ade.simulationMonitor] - SimulationMonitor has terminated the vds process '2616003', reason: 'Force to stop the expression evalutor process because of new run' {"history": "ExplorerRun.0", "point": 1, "testname": "ECE4130_Project_SRAMCircuit_1", "cornername": "Nominal"}
[2024-11-10 19:07:06.978 -0500] [PROCESS] [cadence.virtuoso.ade.simulationMonitor] - HostInfo:
Host name (type):	ece-linlab02.ece.gatech.edu (x86_64)
Operating system:	Linux 4.18.0-553.22.1.el8_10.x86_64 #1 SMP Wed Sep 11 18:02:00 EDT 2024 {"hostname": "ece-linlab02.ece.gatech.edu", "processid": 2612163, "history": "ExplorerRun.0", "testname": "ECE4130_Project_SRAMCircuit_1", "cornername": "Nominal", "point": 1, "logfile": "/nethome/ccarpenter38/ECE6130_Updated/ECE6130_LAB/Cadence/logs_ccarpenter38/logs0/Job39.log", "nodename": "ece-linlab02.ece.gatech.edu", "domainname": "(none)", "machine": "x86_64", "sysname": "Linux", "release": "4.18.0-553.22.1.el8_10.x86_64", "version": "#1 SMP Wed Sep 11 18:02:00 EDT 2024"}
[2024-11-10 19:07:06.978 -0500] [PROCESS] [cadence.virtuoso.ade.simulationMonitor] - UsageInfo:
pid=2612163
totalPhysicalMemory=15.098938GB,Used=13.707703GB,totalVirtualMemory=22.840145GB,Used=13.715233GB
Cpu: Cores=8, Load average:1.440000,1.540000,1.430000 {"hostname": "ece-linlab02.ece.gatech.edu", "processid": 2612163, "history": "ExplorerRun.0", "testname": "ECE4130_Project_SRAMCircuit_1", "cornername": "Nominal", "point": 1, "logfile": "/nethome/ccarpenter38/ECE6130_Updated/ECE6130_LAB/Cadence/logs_ccarpenter38/logs0/Job39.log", "pid": "2612163", "totalPhysicalMemory": "15.098938", "physicalMemoryUsed": "13.707703", "totalVirtualMemory": "22.840145", "virtualMemoryUsed": "13.715233", "cpuCores": "8", "processes": "1571", "loadAverage1": "1.440000", "loadAverage5": "1.540000", "loadAverage15": "1.430000", "loadAverage1Percent": "0.180000"}
[2024-11-10 19:07:06.986 -0500] [EVENT] [cadence.virtuoso.ade.simulationMonitor] - NewPoint {"history": "ExplorerRun.0", "point": 1, "testname": "ECE4130_Project_SRAMCircuit_1", "cornername": "Nominal", "event": "NewPoint", "EventSource": "Simulation Monitor", "HistoryName": "ExplorerRun.0", "logFile": "/nethome/ccarpenter38/ECE6130_Updated/ECE6130_LAB/Cadence/logs_ccarpenter38/logs0/Job39.log", "logFileSize": "48478", "category": "simulation"}
[2024-11-10 19:07:07.090 -0500] [EVENT] [cadence.virtuoso.ade.simulationMonitor] - NewPoint {"history": "ExplorerRun.0", "point": 1, "testname": "ECE4130_Project_SRAMCircuit_1", "cornername": "Nominal", "event": "NewPoint", "EventSource": "spectre", "HistoryName": "ExplorerRun.0", "logFile": "/nethome/ccarpenter38/simulation/ECE4130_Project/SRAMCircuit/maestro/results/maestro/ExplorerRun.0/1/ECE4130_Project_SRAMCircuit_1/psf/spectre.out", "logFileSize": "-1", "category": "simulation"}
[2024-11-10 19:07:07.323 -0500] [PROCESS] [cadence.virtuoso.ade.simulationMonitor] - Simulator launched {"hostname": "ece-linlab02.ece.gatech.edu", "processid": 2612163, "history": "ExplorerRun.0", "testname": "ECE4130_Project_SRAMCircuit_1", "cornername": "Nominal", "point": 1, "logfile": "/nethome/ccarpenter38/ECE6130_Updated/ECE6130_LAB/Cadence/logs_ccarpenter38/logs0/Job39.log", "simid": "5", "event": "launch", "category": "simulation"}
[2024-11-10 19:07:07.326 -0500] [PROCESS] [cadence.virtuoso.ade.simulationMonitor] - Expression evaluator launched {"hostname": "ece-linlab02.ece.gatech.edu", "processid": 2612163, "history": "ExplorerRun.0", "testname": "ECE4130_Project_SRAMCircuit_1", "cornername": "Nominal", "point": 1, "logfile": "/nethome/ccarpenter38/ECE6130_Updated/ECE6130_LAB/Cadence/logs_ccarpenter38/logs0/Job39.log"}
[2024-11-10 19:07:07.366 -0500] [PROCESS] [cadence.virtuoso.ade.simulationMonitor] - Started Simulation {"hostname": "ece-linlab02.ece.gatech.edu", "processid": 2612163, "history": "ExplorerRun.0", "testname": "ECE4130_Project_SRAMCircuit_1", "cornername": "Nominal", "point": 1, "logfile": "/nethome/ccarpenter38/ECE6130_Updated/ECE6130_LAB/Cadence/logs_ccarpenter38/logs0/Job39.log", "event": "start", "category": "simulation"}
[2024-11-10 19:07:07.866 -0500] [INFO] [cadence.virtuoso.ade.simulationMonitor] - Peak resident memory used = 162 Mbytes. {"history": "ExplorerRun.0", "point": 1, "testname": "ECE4130_Project_SRAMCircuit_1", "cornername": "Nominal"}
[2024-11-10 19:07:07.866 -0500] [INFO] [cadence.virtuoso.ade.simulationMonitor] - Peak resident memory used = 175 Mbytes. {"history": "ExplorerRun.0", "point": 1, "testname": "ECE4130_Project_SRAMCircuit_1", "cornername": "Nominal"}
[2024-11-10 19:07:07.866 -0500] [INFO] [cadence.virtuoso.ade.simulationMonitor] - Notice from spectre during hierarchy flattening.
    The value 'psf' specified for the 'checklimitdest' option will no longer be supported in future releases. Use 'spectre -h' to see other recommended values for the 'checklimitdest' option. {"history": "ExplorerRun.0", "point": 1, "testname": "ECE4130_Project_SRAMCircuit_1", "cornername": "Nominal"}
[2024-11-10 19:07:07.866 -0500] [INFO] [cadence.virtuoso.ade.simulationMonitor] - Peak resident memory used = 186 Mbytes. {"history": "ExplorerRun.0", "point": 1, "testname": "ECE4130_Project_SRAMCircuit_1", "cornername": "Nominal"}
[2024-11-10 19:07:08.371 -0500] [INFO] [cadence.virtuoso.ade.simulationMonitor] -               nodes 1520 {"history": "ExplorerRun.0", "point": 1, "testname": "ECE4130_Project_SRAMCircuit_1", "cornername": "Nominal"}
[2024-11-10 19:07:08.371 -0500] [INFO] [cadence.virtuoso.ade.simulationMonitor] - Notice from spectre during initial setup.
    Protected devices exist and are not included in the circuit inventory.
    7 vsources are shorted because their absolute value is less than or equal to 'vabsshort'.
    APS enabled. {"history": "ExplorerRun.0", "point": 1, "testname": "ECE4130_Project_SRAMCircuit_1", "cornername": "Nominal"}
[2024-11-10 19:07:08.374 -0500] [INFO] [cadence.virtuoso.ade.simulationMonitor] - Notice from spectre.
    Multithreading enabled: 8 threads in the system with 8 available processors. {"history": "ExplorerRun.0", "point": 1, "testname": "ECE4130_Project_SRAMCircuit_1", "cornername": "Nominal"}
[2024-11-10 19:07:08.374 -0500] [INFO] [cadence.virtuoso.ade.simulationMonitor] - Peak resident memory used = 224 Mbytes. {"history": "ExplorerRun.0", "point": 1, "testname": "ECE4130_Project_SRAMCircuit_1", "cornername": "Nominal"}
[2024-11-10 19:07:08.375 -0500] [INFO] [cadence.virtuoso.ade.simulationMonitor] -    -   (APS) Multi-threading. The recommended number of threads is 8, consider adding +mt=8 on command line. {"history": "ExplorerRun.0", "point": 1, "testname": "ECE4130_Project_SRAMCircuit_1", "cornername": "Nominal"}
[2024-11-10 19:07:15.161 -0500] [INFO] [cadence.virtuoso.ade.simulationMonitor] - Intrinsic tran analysis time:    CPU = 43.6598 s, elapsed = 6.31409 s. {"history": "ExplorerRun.0", "point": 1, "testname": "ECE4130_Project_SRAMCircuit_1", "cornername": "Nominal"}
[2024-11-10 19:07:15.662 -0500] [INFO] [cadence.virtuoso.ade.simulationMonitor] - Total time required for tran analysis `tran': CPU = 44.2625 s, elapsed = 6.49712 s, util. = 681%. {"history": "ExplorerRun.0", "point": 1, "testname": "ECE4130_Project_SRAMCircuit_1", "cornername": "Nominal"}
[2024-11-10 19:07:15.662 -0500] [INFO] [cadence.virtuoso.ade.simulationMonitor] - Peak resident memory used = 345 Mbytes. {"history": "ExplorerRun.0", "point": 1, "testname": "ECE4130_Project_SRAMCircuit_1", "cornername": "Nominal"}
[2024-11-10 19:07:15.664 -0500] [INFO] [cadence.virtuoso.ade.simulationMonitor] - Time used: CPU = 51.3 s, elapsed = 7.96 s, util. = 645%. {"history": "ExplorerRun.0", "point": 1, "testname": "ECE4130_Project_SRAMCircuit_1", "cornername": "Nominal"}
[2024-11-10 19:07:15.664 -0500] [INFO] [cadence.virtuoso.ade.simulationMonitor] - Time spent in licensing: elapsed = 87.3 ms. {"history": "ExplorerRun.0", "point": 1, "testname": "ECE4130_Project_SRAMCircuit_1", "cornername": "Nominal"}
[2024-11-10 19:07:15.665 -0500] [INFO] [cadence.virtuoso.ade.simulationMonitor] - Peak memory used = 345 Mbytes. {"history": "ExplorerRun.0", "point": 1, "testname": "ECE4130_Project_SRAMCircuit_1", "cornername": "Nominal"}
[2024-11-10 19:07:15.668 -0500] [PROCESS] [cadence.virtuoso.ade.simulationMonitor] - Simulation started at: 7:07:07 PM, Sun Nov 10, 2024, ended at: 7:07:15 PM, Sun Nov 10, 2024, with elapsed time (wall clock): 7.96 s. {"history": "ExplorerRun.0", "point": 1, "testname": "ECE4130_Project_SRAMCircuit_1", "cornername": "Nominal"}
[2024-11-10 19:07:15.668 -0500] [PROCESS] [cadence.virtuoso.ade.simulationMonitor] - spectre completes with 0 errors, 0 warnings, and 6 notices. {"history": "ExplorerRun.0", "point": 1, "testname": "ECE4130_Project_SRAMCircuit_1", "cornername": "Nominal"}
[2024-11-10 19:07:15.669 -0500] [PROCESS] [cadence.virtuoso.ade.simulationMonitor] - Finished simulating for one point {"hostname": "ece-linlab02.ece.gatech.edu", "processid": 2612163, "history": "ExplorerRun.0", "testname": "ECE4130_Project_SRAMCircuit_1", "cornername": "Nominal", "point": 1, "logfile": "/nethome/ccarpenter38/ECE6130_Updated/ECE6130_LAB/Cadence/logs_ccarpenter38/logs0/Job39.log", "simid": "5", "event": "finish", "category": "simulation"}
[2024-11-10 19:07:15.669 -0500] [PROCESS] [cadence.virtuoso.ade.simulationMonitor] - Simulator exited {"hostname": "ece-linlab02.ece.gatech.edu", "processid": 2612163, "history": "ExplorerRun.0", "testname": "ECE4130_Project_SRAMCircuit_1", "cornername": "Nominal", "point": 1, "logfile": "/nethome/ccarpenter38/ECE6130_Updated/ECE6130_LAB/Cadence/logs_ccarpenter38/logs0/Job39.log", "exitStatus": "0"}
[2024-11-10 19:07:15.669 -0500] [PROCESS] [cadence.virtuoso.ade.simulationMonitor] - Finished Simulation {"hostname": "ece-linlab02.ece.gatech.edu", "processid": 2612163, "history": "ExplorerRun.0", "testname": "ECE4130_Project_SRAMCircuit_1", "cornername": "Nominal", "point": 1, "logfile": "/nethome/ccarpenter38/ECE6130_Updated/ECE6130_LAB/Cadence/logs_ccarpenter38/logs0/Job39.log", "simid": "5", "event": "finish", "category": "obsolete"}
[2024-11-10 19:07:16.671 -0500] [PROCESS] [cadence.virtuoso.ade.simulationMonitor] - Point Finished {"hostname": "ece-linlab02.ece.gatech.edu", "processid": 2612163, "history": "ExplorerRun.0", "testname": "ECE4130_Project_SRAMCircuit_1", "cornername": "Nominal", "point": 1, "logfile": "/nethome/ccarpenter38/ECE6130_Updated/ECE6130_LAB/Cadence/logs_ccarpenter38/logs0/Job39.log", "event": "finish", "category": "sim-eval"}
[2024-11-10 19:08:45.675 -0500] [INFO] [cadence.virtuoso.ade.simulationMonitor] - SimulationMonitor has terminated the vds process '2617263', reason: 'Force to stop the expression evalutor process because of new run' {"history": "ExplorerRun.0", "point": 1, "testname": "ECE4130_Project_SRAMCircuit_1", "cornername": "Nominal"}
[2024-11-10 19:08:45.676 -0500] [PROCESS] [cadence.virtuoso.ade.simulationMonitor] - HostInfo:
Host name (type):	ece-linlab02.ece.gatech.edu (x86_64)
Operating system:	Linux 4.18.0-553.22.1.el8_10.x86_64 #1 SMP Wed Sep 11 18:02:00 EDT 2024 {"hostname": "ece-linlab02.ece.gatech.edu", "processid": 2612163, "history": "ExplorerRun.0", "testname": "ECE4130_Project_SRAMCircuit_1", "cornername": "Nominal", "point": 1, "logfile": "/nethome/ccarpenter38/ECE6130_Updated/ECE6130_LAB/Cadence/logs_ccarpenter38/logs0/Job39.log", "nodename": "ece-linlab02.ece.gatech.edu", "domainname": "(none)", "machine": "x86_64", "sysname": "Linux", "release": "4.18.0-553.22.1.el8_10.x86_64", "version": "#1 SMP Wed Sep 11 18:02:00 EDT 2024"}
[2024-11-10 19:08:45.676 -0500] [PROCESS] [cadence.virtuoso.ade.simulationMonitor] - UsageInfo:
pid=2612163
totalPhysicalMemory=15.098938GB,Used=13.720909GB,totalVirtualMemory=22.840145GB,Used=13.728439GB
Cpu: Cores=8, Load average:1.350000,1.550000,1.450000 {"hostname": "ece-linlab02.ece.gatech.edu", "processid": 2612163, "history": "ExplorerRun.0", "testname": "ECE4130_Project_SRAMCircuit_1", "cornername": "Nominal", "point": 1, "logfile": "/nethome/ccarpenter38/ECE6130_Updated/ECE6130_LAB/Cadence/logs_ccarpenter38/logs0/Job39.log", "pid": "2612163", "totalPhysicalMemory": "15.098938", "physicalMemoryUsed": "13.720909", "totalVirtualMemory": "22.840145", "virtualMemoryUsed": "13.728439", "cpuCores": "8", "processes": "1562", "loadAverage1": "1.350000", "loadAverage5": "1.550000", "loadAverage15": "1.450000", "loadAverage1Percent": "0.168750"}
[2024-11-10 19:08:45.683 -0500] [EVENT] [cadence.virtuoso.ade.simulationMonitor] - NewPoint {"history": "ExplorerRun.0", "point": 1, "testname": "ECE4130_Project_SRAMCircuit_1", "cornername": "Nominal", "event": "NewPoint", "EventSource": "Simulation Monitor", "HistoryName": "ExplorerRun.0", "logFile": "/nethome/ccarpenter38/ECE6130_Updated/ECE6130_LAB/Cadence/logs_ccarpenter38/logs0/Job39.log", "logFileSize": "59016", "category": "simulation"}
[2024-11-10 19:08:45.786 -0500] [EVENT] [cadence.virtuoso.ade.simulationMonitor] - NewPoint {"history": "ExplorerRun.0", "point": 1, "testname": "ECE4130_Project_SRAMCircuit_1", "cornername": "Nominal", "event": "NewPoint", "EventSource": "spectre", "HistoryName": "ExplorerRun.0", "logFile": "/nethome/ccarpenter38/simulation/ECE4130_Project/SRAMCircuit/maestro/results/maestro/ExplorerRun.0/1/ECE4130_Project_SRAMCircuit_1/psf/spectre.out", "logFileSize": "-1", "category": "simulation"}
[2024-11-10 19:08:45.934 -0500] [PROCESS] [cadence.virtuoso.ade.simulationMonitor] - Simulator launched {"hostname": "ece-linlab02.ece.gatech.edu", "processid": 2612163, "history": "ExplorerRun.0", "testname": "ECE4130_Project_SRAMCircuit_1", "cornername": "Nominal", "point": 1, "logfile": "/nethome/ccarpenter38/ECE6130_Updated/ECE6130_LAB/Cadence/logs_ccarpenter38/logs0/Job39.log", "simid": "6", "event": "launch", "category": "simulation"}
[2024-11-10 19:08:45.936 -0500] [PROCESS] [cadence.virtuoso.ade.simulationMonitor] - Expression evaluator launched {"hostname": "ece-linlab02.ece.gatech.edu", "processid": 2612163, "history": "ExplorerRun.0", "testname": "ECE4130_Project_SRAMCircuit_1", "cornername": "Nominal", "point": 1, "logfile": "/nethome/ccarpenter38/ECE6130_Updated/ECE6130_LAB/Cadence/logs_ccarpenter38/logs0/Job39.log"}
[2024-11-10 19:08:45.972 -0500] [PROCESS] [cadence.virtuoso.ade.simulationMonitor] - Started Simulation {"hostname": "ece-linlab02.ece.gatech.edu", "processid": 2612163, "history": "ExplorerRun.0", "testname": "ECE4130_Project_SRAMCircuit_1", "cornername": "Nominal", "point": 1, "logfile": "/nethome/ccarpenter38/ECE6130_Updated/ECE6130_LAB/Cadence/logs_ccarpenter38/logs0/Job39.log", "event": "start", "category": "simulation"}
[2024-11-10 19:08:46.472 -0500] [INFO] [cadence.virtuoso.ade.simulationMonitor] - Peak resident memory used = 168 Mbytes. {"history": "ExplorerRun.0", "point": 1, "testname": "ECE4130_Project_SRAMCircuit_1", "cornername": "Nominal"}
[2024-11-10 19:08:46.472 -0500] [INFO] [cadence.virtuoso.ade.simulationMonitor] - Peak resident memory used = 180 Mbytes. {"history": "ExplorerRun.0", "point": 1, "testname": "ECE4130_Project_SRAMCircuit_1", "cornername": "Nominal"}
[2024-11-10 19:08:46.472 -0500] [INFO] [cadence.virtuoso.ade.simulationMonitor] - Notice from spectre during hierarchy flattening.
    The value 'psf' specified for the 'checklimitdest' option will no longer be supported in future releases. Use 'spectre -h' to see other recommended values for the 'checklimitdest' option. {"history": "ExplorerRun.0", "point": 1, "testname": "ECE4130_Project_SRAMCircuit_1", "cornername": "Nominal"}
[2024-11-10 19:08:46.473 -0500] [INFO] [cadence.virtuoso.ade.simulationMonitor] - Peak resident memory used = 191 Mbytes. {"history": "ExplorerRun.0", "point": 1, "testname": "ECE4130_Project_SRAMCircuit_1", "cornername": "Nominal"}
[2024-11-10 19:08:46.982 -0500] [INFO] [cadence.virtuoso.ade.simulationMonitor] -               nodes 1520 {"history": "ExplorerRun.0", "point": 1, "testname": "ECE4130_Project_SRAMCircuit_1", "cornername": "Nominal"}
[2024-11-10 19:08:46.982 -0500] [INFO] [cadence.virtuoso.ade.simulationMonitor] - Notice from spectre during initial setup.
    Protected devices exist and are not included in the circuit inventory.
    7 vsources are shorted because their absolute value is less than or equal to 'vabsshort'.
    APS enabled. {"history": "ExplorerRun.0", "point": 1, "testname": "ECE4130_Project_SRAMCircuit_1", "cornername": "Nominal"}
[2024-11-10 19:08:46.985 -0500] [INFO] [cadence.virtuoso.ade.simulationMonitor] - Notice from spectre.
    Multithreading enabled: 8 threads in the system with 8 available processors. {"history": "ExplorerRun.0", "point": 1, "testname": "ECE4130_Project_SRAMCircuit_1", "cornername": "Nominal"}
[2024-11-10 19:08:46.985 -0500] [INFO] [cadence.virtuoso.ade.simulationMonitor] - Peak resident memory used = 230 Mbytes. {"history": "ExplorerRun.0", "point": 1, "testname": "ECE4130_Project_SRAMCircuit_1", "cornername": "Nominal"}
[2024-11-10 19:08:46.988 -0500] [INFO] [cadence.virtuoso.ade.simulationMonitor] -    -   (APS) Multi-threading. The recommended number of threads is 8, consider adding +mt=8 on command line. {"history": "ExplorerRun.0", "point": 1, "testname": "ECE4130_Project_SRAMCircuit_1", "cornername": "Nominal"}
[2024-11-10 19:08:53.502 -0500] [INFO] [cadence.virtuoso.ade.simulationMonitor] - Intrinsic tran analysis time:    CPU = 42.5041 s, elapsed = 6.22367 s. {"history": "ExplorerRun.0", "point": 1, "testname": "ECE4130_Project_SRAMCircuit_1", "cornername": "Nominal"}
[2024-11-10 19:08:53.502 -0500] [INFO] [cadence.virtuoso.ade.simulationMonitor] - Total time required for tran analysis `tran': CPU = 43.0942 s, elapsed = 6.39244 s, util. = 674%. {"history": "ExplorerRun.0", "point": 1, "testname": "ECE4130_Project_SRAMCircuit_1", "cornername": "Nominal"}
[2024-11-10 19:08:53.502 -0500] [INFO] [cadence.virtuoso.ade.simulationMonitor] - Peak resident memory used = 353 Mbytes. {"history": "ExplorerRun.0", "point": 1, "testname": "ECE4130_Project_SRAMCircuit_1", "cornername": "Nominal"}
[2024-11-10 19:08:54.005 -0500] [INFO] [cadence.virtuoso.ade.simulationMonitor] - Time used: CPU = 47.1 s, elapsed = 7.42 s, util. = 635%. {"history": "ExplorerRun.0", "point": 1, "testname": "ECE4130_Project_SRAMCircuit_1", "cornername": "Nominal"}
[2024-11-10 19:08:54.005 -0500] [INFO] [cadence.virtuoso.ade.simulationMonitor] - Time spent in licensing: elapsed = 68.2 ms. {"history": "ExplorerRun.0", "point": 1, "testname": "ECE4130_Project_SRAMCircuit_1", "cornername": "Nominal"}
[2024-11-10 19:08:54.006 -0500] [INFO] [cadence.virtuoso.ade.simulationMonitor] - Peak memory used = 353 Mbytes. {"history": "ExplorerRun.0", "point": 1, "testname": "ECE4130_Project_SRAMCircuit_1", "cornername": "Nominal"}
[2024-11-10 19:08:54.010 -0500] [PROCESS] [cadence.virtuoso.ade.simulationMonitor] - Simulation started at: 7:08:46 PM, Sun Nov 10, 2024, ended at: 7:08:53 PM, Sun Nov 10, 2024, with elapsed time (wall clock): 7.42 s. {"history": "ExplorerRun.0", "point": 1, "testname": "ECE4130_Project_SRAMCircuit_1", "cornername": "Nominal"}
[2024-11-10 19:08:54.010 -0500] [PROCESS] [cadence.virtuoso.ade.simulationMonitor] - spectre completes with 0 errors, 0 warnings, and 6 notices. {"history": "ExplorerRun.0", "point": 1, "testname": "ECE4130_Project_SRAMCircuit_1", "cornername": "Nominal"}
[2024-11-10 19:08:54.010 -0500] [PROCESS] [cadence.virtuoso.ade.simulationMonitor] - Finished simulating for one point {"hostname": "ece-linlab02.ece.gatech.edu", "processid": 2612163, "history": "ExplorerRun.0", "testname": "ECE4130_Project_SRAMCircuit_1", "cornername": "Nominal", "point": 1, "logfile": "/nethome/ccarpenter38/ECE6130_Updated/ECE6130_LAB/Cadence/logs_ccarpenter38/logs0/Job39.log", "simid": "6", "event": "finish", "category": "simulation"}
[2024-11-10 19:08:54.010 -0500] [PROCESS] [cadence.virtuoso.ade.simulationMonitor] - Simulator exited {"hostname": "ece-linlab02.ece.gatech.edu", "processid": 2612163, "history": "ExplorerRun.0", "testname": "ECE4130_Project_SRAMCircuit_1", "cornername": "Nominal", "point": 1, "logfile": "/nethome/ccarpenter38/ECE6130_Updated/ECE6130_LAB/Cadence/logs_ccarpenter38/logs0/Job39.log", "exitStatus": "0"}
[2024-11-10 19:08:54.010 -0500] [PROCESS] [cadence.virtuoso.ade.simulationMonitor] - Finished Simulation {"hostname": "ece-linlab02.ece.gatech.edu", "processid": 2612163, "history": "ExplorerRun.0", "testname": "ECE4130_Project_SRAMCircuit_1", "cornername": "Nominal", "point": 1, "logfile": "/nethome/ccarpenter38/ECE6130_Updated/ECE6130_LAB/Cadence/logs_ccarpenter38/logs0/Job39.log", "simid": "6", "event": "finish", "category": "obsolete"}
[2024-11-10 19:08:55.018 -0500] [PROCESS] [cadence.virtuoso.ade.simulationMonitor] - Point Finished {"hostname": "ece-linlab02.ece.gatech.edu", "processid": 2612163, "history": "ExplorerRun.0", "testname": "ECE4130_Project_SRAMCircuit_1", "cornername": "Nominal", "point": 1, "logfile": "/nethome/ccarpenter38/ECE6130_Updated/ECE6130_LAB/Cadence/logs_ccarpenter38/logs0/Job39.log", "event": "finish", "category": "sim-eval"}
[2024-11-10 19:08:56.019 -0500] [PROCESS] [cadence.virtuoso.ade.simulationMonitor] - Stay with the runId '5', Linger time '300', currentRunSyn '11', currentTestSyn '12' {"hostname": "ece-linlab02.ece.gatech.edu", "processid": 2612163, "history": "ExplorerRun.0", "testname": "ECE4130_Project_SRAMCircuit_1", "cornername": "Nominal", "point": 1, "logfile": "/nethome/ccarpenter38/ECE6130_Updated/ECE6130_LAB/Cadence/logs_ccarpenter38/logs0/Job39.log"}
[2024-11-10 19:11:06.620 -0500] [INFO] [cadence.virtuoso.ade.simulationMonitor] - SimulationMonitor has terminated the vds process '2618525', reason: 'Force to stop the expression evalutor process because of new run' {"history": "ExplorerRun.0", "point": 1, "testname": "ECE4130_Project_SRAMCircuit_1", "cornername": "Nominal"}
[2024-11-10 19:11:06.622 -0500] [PROCESS] [cadence.virtuoso.ade.simulationMonitor] - HostInfo:
Host name (type):	ece-linlab02.ece.gatech.edu (x86_64)
Operating system:	Linux 4.18.0-553.22.1.el8_10.x86_64 #1 SMP Wed Sep 11 18:02:00 EDT 2024 {"hostname": "ece-linlab02.ece.gatech.edu", "processid": 2612163, "history": "ExplorerRun.0", "testname": "ECE4130_Project_SRAMCircuit_1", "cornername": "Nominal", "point": 1, "logfile": "/nethome/ccarpenter38/ECE6130_Updated/ECE6130_LAB/Cadence/logs_ccarpenter38/logs0/Job39.log", "nodename": "ece-linlab02.ece.gatech.edu", "domainname": "(none)", "machine": "x86_64", "sysname": "Linux", "release": "4.18.0-553.22.1.el8_10.x86_64", "version": "#1 SMP Wed Sep 11 18:02:00 EDT 2024"}
[2024-11-10 19:11:06.622 -0500] [PROCESS] [cadence.virtuoso.ade.simulationMonitor] - UsageInfo:
pid=2612163
totalPhysicalMemory=15.098938GB,Used=13.728931GB,totalVirtualMemory=22.840145GB,Used=13.736462GB
Cpu: Cores=8, Load average:1.270000,1.540000,1.470000 {"hostname": "ece-linlab02.ece.gatech.edu", "processid": 2612163, "history": "ExplorerRun.0", "testname": "ECE4130_Project_SRAMCircuit_1", "cornername": "Nominal", "point": 1, "logfile": "/nethome/ccarpenter38/ECE6130_Updated/ECE6130_LAB/Cadence/logs_ccarpenter38/logs0/Job39.log", "pid": "2612163", "totalPhysicalMemory": "15.098938", "physicalMemoryUsed": "13.728931", "totalVirtualMemory": "22.840145", "virtualMemoryUsed": "13.736462", "cpuCores": "8", "processes": "1564", "loadAverage1": "1.270000", "loadAverage5": "1.540000", "loadAverage15": "1.470000", "loadAverage1Percent": "0.158750"}
[2024-11-10 19:11:06.627 -0500] [EVENT] [cadence.virtuoso.ade.simulationMonitor] - NewPoint {"history": "ExplorerRun.0", "point": 1, "testname": "ECE4130_Project_SRAMCircuit_1", "cornername": "Nominal", "event": "NewPoint", "EventSource": "Simulation Monitor", "HistoryName": "ExplorerRun.0", "logFile": "/nethome/ccarpenter38/ECE6130_Updated/ECE6130_LAB/Cadence/logs_ccarpenter38/logs0/Job39.log", "logFileSize": "70005", "category": "simulation"}
[2024-11-10 19:11:06.729 -0500] [EVENT] [cadence.virtuoso.ade.simulationMonitor] - NewPoint {"history": "ExplorerRun.0", "point": 1, "testname": "ECE4130_Project_SRAMCircuit_1", "cornername": "Nominal", "event": "NewPoint", "EventSource": "spectre", "HistoryName": "ExplorerRun.0", "logFile": "/nethome/ccarpenter38/simulation/ECE4130_Project/SRAMCircuit/maestro/results/maestro/ExplorerRun.0/1/ECE4130_Project_SRAMCircuit_1/psf/spectre.out", "logFileSize": "-1", "category": "simulation"}
[2024-11-10 19:11:06.880 -0500] [PROCESS] [cadence.virtuoso.ade.simulationMonitor] - Simulator launched {"hostname": "ece-linlab02.ece.gatech.edu", "processid": 2612163, "history": "ExplorerRun.0", "testname": "ECE4130_Project_SRAMCircuit_1", "cornername": "Nominal", "point": 1, "logfile": "/nethome/ccarpenter38/ECE6130_Updated/ECE6130_LAB/Cadence/logs_ccarpenter38/logs0/Job39.log", "simid": "7", "event": "launch", "category": "simulation"}
[2024-11-10 19:11:06.883 -0500] [PROCESS] [cadence.virtuoso.ade.simulationMonitor] - Expression evaluator launched {"hostname": "ece-linlab02.ece.gatech.edu", "processid": 2612163, "history": "ExplorerRun.0", "testname": "ECE4130_Project_SRAMCircuit_1", "cornername": "Nominal", "point": 1, "logfile": "/nethome/ccarpenter38/ECE6130_Updated/ECE6130_LAB/Cadence/logs_ccarpenter38/logs0/Job39.log"}
[2024-11-10 19:11:06.920 -0500] [PROCESS] [cadence.virtuoso.ade.simulationMonitor] - Started Simulation {"hostname": "ece-linlab02.ece.gatech.edu", "processid": 2612163, "history": "ExplorerRun.0", "testname": "ECE4130_Project_SRAMCircuit_1", "cornername": "Nominal", "point": 1, "logfile": "/nethome/ccarpenter38/ECE6130_Updated/ECE6130_LAB/Cadence/logs_ccarpenter38/logs0/Job39.log", "event": "start", "category": "simulation"}
[2024-11-10 19:11:07.420 -0500] [INFO] [cadence.virtuoso.ade.simulationMonitor] - Peak resident memory used = 168 Mbytes. {"history": "ExplorerRun.0", "point": 1, "testname": "ECE4130_Project_SRAMCircuit_1", "cornername": "Nominal"}
[2024-11-10 19:11:07.420 -0500] [INFO] [cadence.virtuoso.ade.simulationMonitor] - Peak resident memory used = 180 Mbytes. {"history": "ExplorerRun.0", "point": 1, "testname": "ECE4130_Project_SRAMCircuit_1", "cornername": "Nominal"}
[2024-11-10 19:11:07.420 -0500] [INFO] [cadence.virtuoso.ade.simulationMonitor] - Notice from spectre during hierarchy flattening.
    The value 'psf' specified for the 'checklimitdest' option will no longer be supported in future releases. Use 'spectre -h' to see other recommended values for the 'checklimitdest' option. {"history": "ExplorerRun.0", "point": 1, "testname": "ECE4130_Project_SRAMCircuit_1", "cornername": "Nominal"}
[2024-11-10 19:11:07.420 -0500] [INFO] [cadence.virtuoso.ade.simulationMonitor] - Peak resident memory used = 191 Mbytes. {"history": "ExplorerRun.0", "point": 1, "testname": "ECE4130_Project_SRAMCircuit_1", "cornername": "Nominal"}
[2024-11-10 19:11:07.931 -0500] [INFO] [cadence.virtuoso.ade.simulationMonitor] -               nodes 1520 {"history": "ExplorerRun.0", "point": 1, "testname": "ECE4130_Project_SRAMCircuit_1", "cornername": "Nominal"}
[2024-11-10 19:11:07.931 -0500] [INFO] [cadence.virtuoso.ade.simulationMonitor] - Notice from spectre during initial setup.
    Protected devices exist and are not included in the circuit inventory.
    7 vsources are shorted because their absolute value is less than or equal to 'vabsshort'.
    APS enabled. {"history": "ExplorerRun.0", "point": 1, "testname": "ECE4130_Project_SRAMCircuit_1", "cornername": "Nominal"}
[2024-11-10 19:11:07.934 -0500] [INFO] [cadence.virtuoso.ade.simulationMonitor] - Notice from spectre.
    Multithreading enabled: 8 threads in the system with 8 available processors. {"history": "ExplorerRun.0", "point": 1, "testname": "ECE4130_Project_SRAMCircuit_1", "cornername": "Nominal"}
[2024-11-10 19:11:07.934 -0500] [INFO] [cadence.virtuoso.ade.simulationMonitor] - Peak resident memory used = 229 Mbytes. {"history": "ExplorerRun.0", "point": 1, "testname": "ECE4130_Project_SRAMCircuit_1", "cornername": "Nominal"}
[2024-11-10 19:11:07.937 -0500] [INFO] [cadence.virtuoso.ade.simulationMonitor] -    -   (APS) Multi-threading. The recommended number of threads is 8, consider adding +mt=8 on command line. {"history": "ExplorerRun.0", "point": 1, "testname": "ECE4130_Project_SRAMCircuit_1", "cornername": "Nominal"}
[2024-11-10 19:11:14.454 -0500] [INFO] [cadence.virtuoso.ade.simulationMonitor] - Intrinsic tran analysis time:    CPU = 42.4106 s, elapsed = 6.20638 s. {"history": "ExplorerRun.0", "point": 1, "testname": "ECE4130_Project_SRAMCircuit_1", "cornername": "Nominal"}
[2024-11-10 19:11:14.454 -0500] [INFO] [cadence.virtuoso.ade.simulationMonitor] - Total time required for tran analysis `tran': CPU = 42.9509 s, elapsed = 6.3688 s, util. = 674%. {"history": "ExplorerRun.0", "point": 1, "testname": "ECE4130_Project_SRAMCircuit_1", "cornername": "Nominal"}
[2024-11-10 19:11:14.454 -0500] [INFO] [cadence.virtuoso.ade.simulationMonitor] - Peak resident memory used = 352 Mbytes. {"history": "ExplorerRun.0", "point": 1, "testname": "ECE4130_Project_SRAMCircuit_1", "cornername": "Nominal"}
[2024-11-10 19:11:14.957 -0500] [INFO] [cadence.virtuoso.ade.simulationMonitor] - Time used: CPU = 46.9 s, elapsed = 7.38 s, util. = 635%. {"history": "ExplorerRun.0", "point": 1, "testname": "ECE4130_Project_SRAMCircuit_1", "cornername": "Nominal"}
[2024-11-10 19:11:14.957 -0500] [INFO] [cadence.virtuoso.ade.simulationMonitor] - Time spent in licensing: elapsed = 69.7 ms. {"history": "ExplorerRun.0", "point": 1, "testname": "ECE4130_Project_SRAMCircuit_1", "cornername": "Nominal"}
[2024-11-10 19:11:14.958 -0500] [INFO] [cadence.virtuoso.ade.simulationMonitor] - Peak memory used = 353 Mbytes. {"history": "ExplorerRun.0", "point": 1, "testname": "ECE4130_Project_SRAMCircuit_1", "cornername": "Nominal"}
[2024-11-10 19:11:14.963 -0500] [PROCESS] [cadence.virtuoso.ade.simulationMonitor] - Simulation started at: 7:11:07 PM, Sun Nov 10, 2024, ended at: 7:11:14 PM, Sun Nov 10, 2024, with elapsed time (wall clock): 7.38 s. {"history": "ExplorerRun.0", "point": 1, "testname": "ECE4130_Project_SRAMCircuit_1", "cornername": "Nominal"}
[2024-11-10 19:11:14.963 -0500] [PROCESS] [cadence.virtuoso.ade.simulationMonitor] - spectre completes with 0 errors, 0 warnings, and 6 notices. {"history": "ExplorerRun.0", "point": 1, "testname": "ECE4130_Project_SRAMCircuit_1", "cornername": "Nominal"}
[2024-11-10 19:11:14.963 -0500] [PROCESS] [cadence.virtuoso.ade.simulationMonitor] - Finished simulating for one point {"hostname": "ece-linlab02.ece.gatech.edu", "processid": 2612163, "history": "ExplorerRun.0", "testname": "ECE4130_Project_SRAMCircuit_1", "cornername": "Nominal", "point": 1, "logfile": "/nethome/ccarpenter38/ECE6130_Updated/ECE6130_LAB/Cadence/logs_ccarpenter38/logs0/Job39.log", "simid": "7", "event": "finish", "category": "simulation"}
[2024-11-10 19:11:14.963 -0500] [PROCESS] [cadence.virtuoso.ade.simulationMonitor] - Simulator exited {"hostname": "ece-linlab02.ece.gatech.edu", "processid": 2612163, "history": "ExplorerRun.0", "testname": "ECE4130_Project_SRAMCircuit_1", "cornername": "Nominal", "point": 1, "logfile": "/nethome/ccarpenter38/ECE6130_Updated/ECE6130_LAB/Cadence/logs_ccarpenter38/logs0/Job39.log", "exitStatus": "0"}
[2024-11-10 19:11:14.963 -0500] [PROCESS] [cadence.virtuoso.ade.simulationMonitor] - Finished Simulation {"hostname": "ece-linlab02.ece.gatech.edu", "processid": 2612163, "history": "ExplorerRun.0", "testname": "ECE4130_Project_SRAMCircuit_1", "cornername": "Nominal", "point": 1, "logfile": "/nethome/ccarpenter38/ECE6130_Updated/ECE6130_LAB/Cadence/logs_ccarpenter38/logs0/Job39.log", "simid": "7", "event": "finish", "category": "obsolete"}
[2024-11-10 19:11:15.966 -0500] [PROCESS] [cadence.virtuoso.ade.simulationMonitor] - Point Finished {"hostname": "ece-linlab02.ece.gatech.edu", "processid": 2612163, "history": "ExplorerRun.0", "testname": "ECE4130_Project_SRAMCircuit_1", "cornername": "Nominal", "point": 1, "logfile": "/nethome/ccarpenter38/ECE6130_Updated/ECE6130_LAB/Cadence/logs_ccarpenter38/logs0/Job39.log", "event": "finish", "category": "sim-eval"}
[2024-11-10 19:11:16.968 -0500] [PROCESS] [cadence.virtuoso.ade.simulationMonitor] - Stay with the runId '6', Linger time '300', currentRunSyn '13', currentTestSyn '14' {"hostname": "ece-linlab02.ece.gatech.edu", "processid": 2612163, "history": "ExplorerRun.0", "testname": "ECE4130_Project_SRAMCircuit_1", "cornername": "Nominal", "point": 1, "logfile": "/nethome/ccarpenter38/ECE6130_Updated/ECE6130_LAB/Cadence/logs_ccarpenter38/logs0/Job39.log"}
[2024-11-10 19:13:22.936 -0500] [INFO] [cadence.virtuoso.ade.simulationMonitor] - SimulationMonitor has terminated the vds process '2620165', reason: 'Force to stop the expression evalutor process because of new run' {"history": "ExplorerRun.0", "point": 1, "testname": "ECE4130_Project_SRAMCircuit_1", "cornername": "Nominal"}
[2024-11-10 19:13:22.937 -0500] [PROCESS] [cadence.virtuoso.ade.simulationMonitor] - HostInfo:
Host name (type):	ece-linlab02.ece.gatech.edu (x86_64)
Operating system:	Linux 4.18.0-553.22.1.el8_10.x86_64 #1 SMP Wed Sep 11 18:02:00 EDT 2024 {"hostname": "ece-linlab02.ece.gatech.edu", "processid": 2612163, "history": "ExplorerRun.0", "testname": "ECE4130_Project_SRAMCircuit_1", "cornername": "Nominal", "point": 1, "logfile": "/nethome/ccarpenter38/ECE6130_Updated/ECE6130_LAB/Cadence/logs_ccarpenter38/logs0/Job39.log", "nodename": "ece-linlab02.ece.gatech.edu", "domainname": "(none)", "machine": "x86_64", "sysname": "Linux", "release": "4.18.0-553.22.1.el8_10.x86_64", "version": "#1 SMP Wed Sep 11 18:02:00 EDT 2024"}
[2024-11-10 19:13:22.937 -0500] [PROCESS] [cadence.virtuoso.ade.simulationMonitor] - UsageInfo:
pid=2612163
totalPhysicalMemory=15.098938GB,Used=13.756111GB,totalVirtualMemory=22.840145GB,Used=13.763641GB
Cpu: Cores=8, Load average:1.020000,1.450000,1.450000 {"hostname": "ece-linlab02.ece.gatech.edu", "processid": 2612163, "history": "ExplorerRun.0", "testname": "ECE4130_Project_SRAMCircuit_1", "cornername": "Nominal", "point": 1, "logfile": "/nethome/ccarpenter38/ECE6130_Updated/ECE6130_LAB/Cadence/logs_ccarpenter38/logs0/Job39.log", "pid": "2612163", "totalPhysicalMemory": "15.098938", "physicalMemoryUsed": "13.756111", "totalVirtualMemory": "22.840145", "virtualMemoryUsed": "13.763641", "cpuCores": "8", "processes": "1560", "loadAverage1": "1.020000", "loadAverage5": "1.450000", "loadAverage15": "1.450000", "loadAverage1Percent": "0.127500"}
[2024-11-10 19:13:22.942 -0500] [EVENT] [cadence.virtuoso.ade.simulationMonitor] - NewPoint {"history": "ExplorerRun.0", "point": 1, "testname": "ECE4130_Project_SRAMCircuit_1", "cornername": "Nominal", "event": "NewPoint", "EventSource": "Simulation Monitor", "HistoryName": "ExplorerRun.0", "logFile": "/nethome/ccarpenter38/ECE6130_Updated/ECE6130_LAB/Cadence/logs_ccarpenter38/logs0/Job39.log", "logFileSize": "80993", "category": "simulation"}
[2024-11-10 19:13:23.044 -0500] [EVENT] [cadence.virtuoso.ade.simulationMonitor] - NewPoint {"history": "ExplorerRun.0", "point": 1, "testname": "ECE4130_Project_SRAMCircuit_1", "cornername": "Nominal", "event": "NewPoint", "EventSource": "spectre", "HistoryName": "ExplorerRun.0", "logFile": "/nethome/ccarpenter38/simulation/ECE4130_Project/SRAMCircuit/maestro/results/maestro/ExplorerRun.0/1/ECE4130_Project_SRAMCircuit_1/psf/spectre.out", "logFileSize": "-1", "category": "simulation"}
[2024-11-10 19:13:23.199 -0500] [PROCESS] [cadence.virtuoso.ade.simulationMonitor] - Simulator launched {"hostname": "ece-linlab02.ece.gatech.edu", "processid": 2612163, "history": "ExplorerRun.0", "testname": "ECE4130_Project_SRAMCircuit_1", "cornername": "Nominal", "point": 1, "logfile": "/nethome/ccarpenter38/ECE6130_Updated/ECE6130_LAB/Cadence/logs_ccarpenter38/logs0/Job39.log", "simid": "8", "event": "launch", "category": "simulation"}
[2024-11-10 19:13:23.202 -0500] [PROCESS] [cadence.virtuoso.ade.simulationMonitor] - Expression evaluator launched {"hostname": "ece-linlab02.ece.gatech.edu", "processid": 2612163, "history": "ExplorerRun.0", "testname": "ECE4130_Project_SRAMCircuit_1", "cornername": "Nominal", "point": 1, "logfile": "/nethome/ccarpenter38/ECE6130_Updated/ECE6130_LAB/Cadence/logs_ccarpenter38/logs0/Job39.log"}
[2024-11-10 19:13:23.237 -0500] [PROCESS] [cadence.virtuoso.ade.simulationMonitor] - Started Simulation {"hostname": "ece-linlab02.ece.gatech.edu", "processid": 2612163, "history": "ExplorerRun.0", "testname": "ECE4130_Project_SRAMCircuit_1", "cornername": "Nominal", "point": 1, "logfile": "/nethome/ccarpenter38/ECE6130_Updated/ECE6130_LAB/Cadence/logs_ccarpenter38/logs0/Job39.log", "event": "start", "category": "simulation"}
[2024-11-10 19:13:23.737 -0500] [INFO] [cadence.virtuoso.ade.simulationMonitor] - Peak resident memory used = 162 Mbytes. {"history": "ExplorerRun.0", "point": 1, "testname": "ECE4130_Project_SRAMCircuit_1", "cornername": "Nominal"}
[2024-11-10 19:13:23.737 -0500] [INFO] [cadence.virtuoso.ade.simulationMonitor] - Peak resident memory used = 175 Mbytes. {"history": "ExplorerRun.0", "point": 1, "testname": "ECE4130_Project_SRAMCircuit_1", "cornername": "Nominal"}
[2024-11-10 19:13:23.737 -0500] [INFO] [cadence.virtuoso.ade.simulationMonitor] - Notice from spectre during hierarchy flattening.
    The value 'psf' specified for the 'checklimitdest' option will no longer be supported in future releases. Use 'spectre -h' to see other recommended values for the 'checklimitdest' option. {"history": "ExplorerRun.0", "point": 1, "testname": "ECE4130_Project_SRAMCircuit_1", "cornername": "Nominal"}
[2024-11-10 19:13:23.737 -0500] [INFO] [cadence.virtuoso.ade.simulationMonitor] - Peak resident memory used = 186 Mbytes. {"history": "ExplorerRun.0", "point": 1, "testname": "ECE4130_Project_SRAMCircuit_1", "cornername": "Nominal"}
[2024-11-10 19:13:24.249 -0500] [INFO] [cadence.virtuoso.ade.simulationMonitor] -               nodes 1520 {"history": "ExplorerRun.0", "point": 1, "testname": "ECE4130_Project_SRAMCircuit_1", "cornername": "Nominal"}
[2024-11-10 19:13:24.249 -0500] [INFO] [cadence.virtuoso.ade.simulationMonitor] - Notice from spectre during initial setup.
    Protected devices exist and are not included in the circuit inventory.
    7 vsources are shorted because their absolute value is less than or equal to 'vabsshort'.
    APS enabled. {"history": "ExplorerRun.0", "point": 1, "testname": "ECE4130_Project_SRAMCircuit_1", "cornername": "Nominal"}
[2024-11-10 19:13:24.251 -0500] [INFO] [cadence.virtuoso.ade.simulationMonitor] - Notice from spectre.
    Multithreading enabled: 8 threads in the system with 8 available processors. {"history": "ExplorerRun.0", "point": 1, "testname": "ECE4130_Project_SRAMCircuit_1", "cornername": "Nominal"}
[2024-11-10 19:13:24.251 -0500] [INFO] [cadence.virtuoso.ade.simulationMonitor] - Peak resident memory used = 224 Mbytes. {"history": "ExplorerRun.0", "point": 1, "testname": "ECE4130_Project_SRAMCircuit_1", "cornername": "Nominal"}
[2024-11-10 19:13:24.253 -0500] [INFO] [cadence.virtuoso.ade.simulationMonitor] -    -   (APS) Multi-threading. The recommended number of threads is 8, consider adding +mt=8 on command line. {"history": "ExplorerRun.0", "point": 1, "testname": "ECE4130_Project_SRAMCircuit_1", "cornername": "Nominal"}
[2024-11-10 19:13:30.766 -0500] [INFO] [cadence.virtuoso.ade.simulationMonitor] - Intrinsic tran analysis time:    CPU = 42.3963 s, elapsed = 6.22342 s. {"history": "ExplorerRun.0", "point": 1, "testname": "ECE4130_Project_SRAMCircuit_1", "cornername": "Nominal"}
[2024-11-10 19:13:30.767 -0500] [INFO] [cadence.virtuoso.ade.simulationMonitor] - Total time required for tran analysis `tran': CPU = 42.9684 s, elapsed = 6.41046 s, util. = 670%. {"history": "ExplorerRun.0", "point": 1, "testname": "ECE4130_Project_SRAMCircuit_1", "cornername": "Nominal"}
[2024-11-10 19:13:30.767 -0500] [INFO] [cadence.virtuoso.ade.simulationMonitor] - Peak resident memory used = 345 Mbytes. {"history": "ExplorerRun.0", "point": 1, "testname": "ECE4130_Project_SRAMCircuit_1", "cornername": "Nominal"}
[2024-11-10 19:13:31.269 -0500] [INFO] [cadence.virtuoso.ade.simulationMonitor] - Time used: CPU = 46.9 s, elapsed = 7.41 s, util. = 633%. {"history": "ExplorerRun.0", "point": 1, "testname": "ECE4130_Project_SRAMCircuit_1", "cornername": "Nominal"}
[2024-11-10 19:13:31.269 -0500] [INFO] [cadence.virtuoso.ade.simulationMonitor] - Time spent in licensing: elapsed = 69.6 ms. {"history": "ExplorerRun.0", "point": 1, "testname": "ECE4130_Project_SRAMCircuit_1", "cornername": "Nominal"}
[2024-11-10 19:13:31.272 -0500] [INFO] [cadence.virtuoso.ade.simulationMonitor] - Peak memory used = 345 Mbytes. {"history": "ExplorerRun.0", "point": 1, "testname": "ECE4130_Project_SRAMCircuit_1", "cornername": "Nominal"}
[2024-11-10 19:13:31.275 -0500] [PROCESS] [cadence.virtuoso.ade.simulationMonitor] - Simulation started at: 7:13:23 PM, Sun Nov 10, 2024, ended at: 7:13:30 PM, Sun Nov 10, 2024, with elapsed time (wall clock): 7.41 s. {"history": "ExplorerRun.0", "point": 1, "testname": "ECE4130_Project_SRAMCircuit_1", "cornername": "Nominal"}
[2024-11-10 19:13:31.275 -0500] [PROCESS] [cadence.virtuoso.ade.simulationMonitor] - spectre completes with 0 errors, 0 warnings, and 6 notices. {"history": "ExplorerRun.0", "point": 1, "testname": "ECE4130_Project_SRAMCircuit_1", "cornername": "Nominal"}
[2024-11-10 19:13:31.275 -0500] [PROCESS] [cadence.virtuoso.ade.simulationMonitor] - Finished simulating for one point {"hostname": "ece-linlab02.ece.gatech.edu", "processid": 2612163, "history": "ExplorerRun.0", "testname": "ECE4130_Project_SRAMCircuit_1", "cornername": "Nominal", "point": 1, "logfile": "/nethome/ccarpenter38/ECE6130_Updated/ECE6130_LAB/Cadence/logs_ccarpenter38/logs0/Job39.log", "simid": "8", "event": "finish", "category": "simulation"}
[2024-11-10 19:13:31.275 -0500] [PROCESS] [cadence.virtuoso.ade.simulationMonitor] - Simulator exited {"hostname": "ece-linlab02.ece.gatech.edu", "processid": 2612163, "history": "ExplorerRun.0", "testname": "ECE4130_Project_SRAMCircuit_1", "cornername": "Nominal", "point": 1, "logfile": "/nethome/ccarpenter38/ECE6130_Updated/ECE6130_LAB/Cadence/logs_ccarpenter38/logs0/Job39.log", "exitStatus": "0"}
[2024-11-10 19:13:31.275 -0500] [PROCESS] [cadence.virtuoso.ade.simulationMonitor] - Finished Simulation {"hostname": "ece-linlab02.ece.gatech.edu", "processid": 2612163, "history": "ExplorerRun.0", "testname": "ECE4130_Project_SRAMCircuit_1", "cornername": "Nominal", "point": 1, "logfile": "/nethome/ccarpenter38/ECE6130_Updated/ECE6130_LAB/Cadence/logs_ccarpenter38/logs0/Job39.log", "simid": "8", "event": "finish", "category": "obsolete"}
[2024-11-10 19:13:32.278 -0500] [PROCESS] [cadence.virtuoso.ade.simulationMonitor] - Point Finished {"hostname": "ece-linlab02.ece.gatech.edu", "processid": 2612163, "history": "ExplorerRun.0", "testname": "ECE4130_Project_SRAMCircuit_1", "cornername": "Nominal", "point": 1, "logfile": "/nethome/ccarpenter38/ECE6130_Updated/ECE6130_LAB/Cadence/logs_ccarpenter38/logs0/Job39.log", "event": "finish", "category": "sim-eval"}
[2024-11-10 19:13:33.279 -0500] [PROCESS] [cadence.virtuoso.ade.simulationMonitor] - Stay with the runId '7', Linger time '300', currentRunSyn '15', currentTestSyn '16' {"hostname": "ece-linlab02.ece.gatech.edu", "processid": 2612163, "history": "ExplorerRun.0", "testname": "ECE4130_Project_SRAMCircuit_1", "cornername": "Nominal", "point": 1, "logfile": "/nethome/ccarpenter38/ECE6130_Updated/ECE6130_LAB/Cadence/logs_ccarpenter38/logs0/Job39.log"}
[2024-11-10 19:14:18.164 -0500] [PROCESS] [cadence.virtuoso.ade.simulationMonitor] - get signal Terminated<15> from user:ccarpenter38, which pid:2612159:/tools/software/cadence/ic/latest/tools/bin/64bit/cdsServIpc {"hostname": "ece-linlab02.ece.gatech.edu", "processid": 2612163, "history": "ExplorerRun.0", "testname": "ECE4130_Project_SRAMCircuit_1", "cornername": "Nominal", "point": 1, "logfile": "/nethome/ccarpenter38/ECE6130_Updated/ECE6130_LAB/Cadence/logs_ccarpenter38/logs0/Job39.log", "signal": "15", "signalName": "Terminated", "which": "/tools/software/cadence/ic/latest/tools/bin/64bit/cdsServIpc", "pid": "2612159", "user": "ccarpenter38", "uid": "1099950"}
[2024-11-10 19:14:18.164 -0500] [INFO] [cadence.virtuoso.ade.simulationMonitor] - SimulationMonitor has terminated the  process '2621824', reason: 'simulationMonitor is handling signal 15' {"history": "ExplorerRun.0", "point": 1, "testname": "ECE4130_Project_SRAMCircuit_1", "cornername": "Nominal"}
