[Simulation Monitor: 48]
[2024-11-10 19:44:52.760 -0500] [PROCESS] [cadence.virtuoso.ade.simulationMonitor] - Started the simulation monitor process {"hostname": "ece-linlab02.ece.gatech.edu", "processid": 2645154, "logfile": "/nethome/ccarpenter38/ECE6130_Updated/ECE6130_LAB/Cadence/logs_ccarpenter38/logs0/Job48.log", "simulation monitor command line": "/tools/software/cadence/ic/23.10.080/tools.lnx86/dfII/bin/64bit/spectreMonitor --davinciService DaVinciService_1950441_1731271604 --axlsession fnxSession18 -lscs 000175E1894CBE06FF0966E38F1FFC06BC4D77F482089272CC286FA78410926AD0246CE0EE7DFC06867C66E38F1FFC06BC4D66E38F1FFC06BC4D01D2DC9BAF82DB7C00001E4B -beanhost ece-linlab02.ece.gatech.edu -beanport 11781 -beanLogFile /nethome/ccarpenter38/ECE6130_Updated/ECE6130_LAB/Cadence/logs_ccarpenter38/logs0/amps_Job48.log -beanbinlog  --domain 0 --interactive yes --netlistOpt no --useMultiPointEvaluation yes --exprEvalShowJobStderr yes --evalSimParallel no --maxSims 0 --historyName ExplorerRun.0 --historyUUID  --exprEvaluator vds --mcMapping mc1.mapping --checkLogStatusInterval 0 --checkSimulatorLogTimeout 1200 --exprEvalMaxTries 3 --maxNFSSyncWait 60 -adeBrokerAddress ece-linlab02.ece.gatech.edu:32843 --fromADE true --virtuosoBinary virtuoso --guiDisplay ece-linlab02.ece.gatech.edu:1 --globalStatus 60 --evaluateMultiMC yes --evalOnSimFail SkipFailedAnalyses --numRetriesOnError 1 --fenixMode explorer --lingertimeout 300 -ahdlLockTimeout 60 --sdbLib ECE4130_Project --sdbCell SRAMCircuit --sdbView maestro --heartBeatFileDir /dev/shm --id 48 --uuid 3e5be11f-1419-4bd8-8068-cb408b7978ee --log /nethome/ccarpenter38/ECE6130_Updated/ECE6130_LAB/Cadence/logs_ccarpenter38/logs0/Job48.log "}
[2024-11-10 19:44:52.760 -0500] [PROCESS] [cadence.virtuoso.ade.simulationMonitor] - Started the simulation monitor process {"hostname": "ece-linlab02.ece.gatech.edu", "processid": 2645154, "logfile": "/nethome/ccarpenter38/ECE6130_Updated/ECE6130_LAB/Cadence/logs_ccarpenter38/logs0/Job48.log", "current directory": "/nethome/ccarpenter38/ECE6130_Updated/ECE6130_LAB/Cadence"}
[2024-11-10 19:44:52.760 -0500] [PROCESS] [cadence.virtuoso.ade.simulationMonitor] - Simulation Monitor has successfully started up. Trying to set up communication channels to other components ... {"hostname": "ece-linlab02.ece.gatech.edu", "processid": 2645154, "logfile": "/nethome/ccarpenter38/ECE6130_Updated/ECE6130_LAB/Cadence/logs_ccarpenter38/logs0/Job48.log"}
[2024-11-10 19:44:52.764 -0500] [PROCESS] [cadence.virtuoso.ade.simulationMonitor] - Communication channels have been successfully set up. Start processing events ... {"hostname": "ece-linlab02.ece.gatech.edu", "processid": 2645154, "logfile": "/nethome/ccarpenter38/ECE6130_Updated/ECE6130_LAB/Cadence/logs_ccarpenter38/logs0/Job48.log"}
[2024-11-10 19:44:52.764 -0500] [PROCESS] [cadence.virtuoso.ade.simulationMonitor] - Considering to start history {"hostname": "ece-linlab02.ece.gatech.edu", "processid": 2645154, "history": "ExplorerRun.0", "logfile": "/nethome/ccarpenter38/ECE6130_Updated/ECE6130_LAB/Cadence/logs_ccarpenter38/logs0/Job48.log"}
[2024-11-10 19:44:52.765 -0500] [PROCESS] [cadence.virtuoso.ade.simulationMonitor] - HostInfo:
Host name (type):	ece-linlab02.ece.gatech.edu (x86_64)
Operating system:	Linux 4.18.0-553.22.1.el8_10.x86_64 #1 SMP Wed Sep 11 18:02:00 EDT 2024 {"hostname": "ece-linlab02.ece.gatech.edu", "processid": 2645154, "history": "ExplorerRun.0", "logfile": "/nethome/ccarpenter38/ECE6130_Updated/ECE6130_LAB/Cadence/logs_ccarpenter38/logs0/Job48.log", "nodename": "ece-linlab02.ece.gatech.edu", "domainname": "(none)", "machine": "x86_64", "sysname": "Linux", "release": "4.18.0-553.22.1.el8_10.x86_64", "version": "#1 SMP Wed Sep 11 18:02:00 EDT 2024"}
[2024-11-10 19:44:52.765 -0500] [PROCESS] [cadence.virtuoso.ade.simulationMonitor] - UsageInfo:
pid=2645154
totalPhysicalMemory=15.098938GB,Used=13.906670GB,totalVirtualMemory=22.840145GB,Used=13.914200GB
Cpu: Cores=8, Load average:0.810000,0.710000,0.960000 {"hostname": "ece-linlab02.ece.gatech.edu", "processid": 2645154, "history": "ExplorerRun.0", "logfile": "/nethome/ccarpenter38/ECE6130_Updated/ECE6130_LAB/Cadence/logs_ccarpenter38/logs0/Job48.log", "pid": "2645154", "totalPhysicalMemory": "15.098938", "physicalMemoryUsed": "13.906670", "totalVirtualMemory": "22.840145", "virtualMemoryUsed": "13.914200", "cpuCores": "8", "processes": "1553", "loadAverage1": "0.810000", "loadAverage5": "0.710000", "loadAverage15": "0.960000", "loadAverage1Percent": "0.101250"}
[2024-11-10 19:44:52.773 -0500] [EVENT] [cadence.virtuoso.ade.simulationMonitor] - NewPoint {"history": "ExplorerRun.0", "point": 1, "testname": "ECE4130_Project_SRAMCircuit_1", "cornername": "Nominal", "event": "NewPoint", "EventSource": "Simulation Monitor", "HistoryName": "ExplorerRun.0", "logFile": "/nethome/ccarpenter38/ECE6130_Updated/ECE6130_LAB/Cadence/logs_ccarpenter38/logs0/Job48.log", "logFileSize": "4517", "category": "simulation"}
[2024-11-10 19:44:52.874 -0500] [EVENT] [cadence.virtuoso.ade.simulationMonitor] - NewPoint {"history": "ExplorerRun.0", "point": 1, "testname": "ECE4130_Project_SRAMCircuit_1", "cornername": "Nominal", "event": "NewPoint", "EventSource": "spectre", "HistoryName": "ExplorerRun.0", "logFile": "/nethome/ccarpenter38/simulation/ECE4130_Project/SRAMCircuit/maestro/results/maestro/ExplorerRun.0/1/ECE4130_Project_SRAMCircuit_1/psf/spectre.out", "logFileSize": "-1", "category": "simulation"}
[2024-11-10 19:44:53.035 -0500] [PROCESS] [cadence.virtuoso.ade.simulationMonitor] - Simulator launched {"hostname": "ece-linlab02.ece.gatech.edu", "processid": 2645154, "history": "ExplorerRun.0", "testname": "ECE4130_Project_SRAMCircuit_1", "cornername": "Nominal", "point": 1, "logfile": "/nethome/ccarpenter38/ECE6130_Updated/ECE6130_LAB/Cadence/logs_ccarpenter38/logs0/Job48.log", "simid": "1", "event": "launch", "category": "simulation"}
[2024-11-10 19:44:53.037 -0500] [PROCESS] [cadence.virtuoso.ade.simulationMonitor] - Expression evaluator launched {"hostname": "ece-linlab02.ece.gatech.edu", "processid": 2645154, "history": "ExplorerRun.0", "testname": "ECE4130_Project_SRAMCircuit_1", "cornername": "Nominal", "point": 1, "logfile": "/nethome/ccarpenter38/ECE6130_Updated/ECE6130_LAB/Cadence/logs_ccarpenter38/logs0/Job48.log"}
[2024-11-10 19:44:53.075 -0500] [PROCESS] [cadence.virtuoso.ade.simulationMonitor] - Started Simulation {"hostname": "ece-linlab02.ece.gatech.edu", "processid": 2645154, "history": "ExplorerRun.0", "testname": "ECE4130_Project_SRAMCircuit_1", "cornername": "Nominal", "point": 1, "logfile": "/nethome/ccarpenter38/ECE6130_Updated/ECE6130_LAB/Cadence/logs_ccarpenter38/logs0/Job48.log", "event": "start", "category": "simulation"}
[2024-11-10 19:44:53.576 -0500] [INFO] [cadence.virtuoso.ade.simulationMonitor] - Peak resident memory used = 162 Mbytes. {"history": "ExplorerRun.0", "point": 1, "testname": "ECE4130_Project_SRAMCircuit_1", "cornername": "Nominal"}
[2024-11-10 19:44:53.576 -0500] [INFO] [cadence.virtuoso.ade.simulationMonitor] - Peak resident memory used = 176 Mbytes. {"history": "ExplorerRun.0", "point": 1, "testname": "ECE4130_Project_SRAMCircuit_1", "cornername": "Nominal"}
[2024-11-10 19:44:53.576 -0500] [INFO] [cadence.virtuoso.ade.simulationMonitor] - Notice from spectre during hierarchy flattening.
    The value 'psf' specified for the 'checklimitdest' option will no longer be supported in future releases. Use 'spectre -h' to see other recommended values for the 'checklimitdest' option. {"history": "ExplorerRun.0", "point": 1, "testname": "ECE4130_Project_SRAMCircuit_1", "cornername": "Nominal"}
[2024-11-10 19:44:53.576 -0500] [INFO] [cadence.virtuoso.ade.simulationMonitor] - Peak resident memory used = 187 Mbytes. {"history": "ExplorerRun.0", "point": 1, "testname": "ECE4130_Project_SRAMCircuit_1", "cornername": "Nominal"}
[2024-11-10 19:44:54.088 -0500] [INFO] [cadence.virtuoso.ade.simulationMonitor] -               nodes 1520 {"history": "ExplorerRun.0", "point": 1, "testname": "ECE4130_Project_SRAMCircuit_1", "cornername": "Nominal"}
[2024-11-10 19:44:54.088 -0500] [INFO] [cadence.virtuoso.ade.simulationMonitor] - Notice from spectre during initial setup.
    Protected devices exist and are not included in the circuit inventory.
    6 vsources are shorted because their absolute value is less than or equal to 'vabsshort'.
    APS enabled. {"history": "ExplorerRun.0", "point": 1, "testname": "ECE4130_Project_SRAMCircuit_1", "cornername": "Nominal"}
[2024-11-10 19:44:54.090 -0500] [INFO] [cadence.virtuoso.ade.simulationMonitor] - Notice from spectre.
    Multithreading enabled: 8 threads in the system with 8 available processors. {"history": "ExplorerRun.0", "point": 1, "testname": "ECE4130_Project_SRAMCircuit_1", "cornername": "Nominal"}
[2024-11-10 19:44:54.090 -0500] [INFO] [cadence.virtuoso.ade.simulationMonitor] - Peak resident memory used = 243 Mbytes. {"history": "ExplorerRun.0", "point": 1, "testname": "ECE4130_Project_SRAMCircuit_1", "cornername": "Nominal"}
[2024-11-10 19:44:54.092 -0500] [INFO] [cadence.virtuoso.ade.simulationMonitor] -    -   (APS) Multi-threading. The recommended number of threads is 8, consider adding +mt=8 on command line. {"history": "ExplorerRun.0", "point": 1, "testname": "ECE4130_Project_SRAMCircuit_1", "cornername": "Nominal"}
[2024-11-10 19:45:00.105 -0500] [INFO] [cadence.virtuoso.ade.simulationMonitor] - Intrinsic tran analysis time:    CPU = 42.3728 s, elapsed = 6.12835 s. {"history": "ExplorerRun.0", "point": 1, "testname": "ECE4130_Project_SRAMCircuit_1", "cornername": "Nominal"}
[2024-11-10 19:45:00.605 -0500] [INFO] [cadence.virtuoso.ade.simulationMonitor] - Total time required for tran analysis `tran': CPU = 43.2629 s, elapsed = 6.35513 s, util. = 681%. {"history": "ExplorerRun.0", "point": 1, "testname": "ECE4130_Project_SRAMCircuit_1", "cornername": "Nominal"}
[2024-11-10 19:45:00.605 -0500] [INFO] [cadence.virtuoso.ade.simulationMonitor] - Peak resident memory used = 362 Mbytes. {"history": "ExplorerRun.0", "point": 1, "testname": "ECE4130_Project_SRAMCircuit_1", "cornername": "Nominal"}
[2024-11-10 19:45:01.108 -0500] [INFO] [cadence.virtuoso.ade.simulationMonitor] - Time used: CPU = 47.3 s, elapsed = 7.39 s, util. = 640%. {"history": "ExplorerRun.0", "point": 1, "testname": "ECE4130_Project_SRAMCircuit_1", "cornername": "Nominal"}
[2024-11-10 19:45:01.108 -0500] [INFO] [cadence.virtuoso.ade.simulationMonitor] - Time spent in licensing: elapsed = 70.6 ms. {"history": "ExplorerRun.0", "point": 1, "testname": "ECE4130_Project_SRAMCircuit_1", "cornername": "Nominal"}
[2024-11-10 19:45:01.115 -0500] [INFO] [cadence.virtuoso.ade.simulationMonitor] - Peak memory used = 362 Mbytes. {"history": "ExplorerRun.0", "point": 1, "testname": "ECE4130_Project_SRAMCircuit_1", "cornername": "Nominal"}
[2024-11-10 19:45:01.140 -0500] [PROCESS] [cadence.virtuoso.ade.simulationMonitor] - Simulation started at: 7:44:53 PM, Sun Nov 10, 2024, ended at: 7:45:00 PM, Sun Nov 10, 2024, with elapsed time (wall clock): 7.39 s. {"history": "ExplorerRun.0", "point": 1, "testname": "ECE4130_Project_SRAMCircuit_1", "cornername": "Nominal"}
[2024-11-10 19:45:01.140 -0500] [PROCESS] [cadence.virtuoso.ade.simulationMonitor] - spectre completes with 0 errors, 0 warnings, and 6 notices. {"history": "ExplorerRun.0", "point": 1, "testname": "ECE4130_Project_SRAMCircuit_1", "cornername": "Nominal"}
[2024-11-10 19:45:01.140 -0500] [PROCESS] [cadence.virtuoso.ade.simulationMonitor] - Finished simulating for one point {"hostname": "ece-linlab02.ece.gatech.edu", "processid": 2645154, "history": "ExplorerRun.0", "testname": "ECE4130_Project_SRAMCircuit_1", "cornername": "Nominal", "point": 1, "logfile": "/nethome/ccarpenter38/ECE6130_Updated/ECE6130_LAB/Cadence/logs_ccarpenter38/logs0/Job48.log", "simid": "1", "event": "finish", "category": "simulation"}
[2024-11-10 19:45:01.140 -0500] [PROCESS] [cadence.virtuoso.ade.simulationMonitor] - Simulator exited {"hostname": "ece-linlab02.ece.gatech.edu", "processid": 2645154, "history": "ExplorerRun.0", "testname": "ECE4130_Project_SRAMCircuit_1", "cornername": "Nominal", "point": 1, "logfile": "/nethome/ccarpenter38/ECE6130_Updated/ECE6130_LAB/Cadence/logs_ccarpenter38/logs0/Job48.log", "exitStatus": "0"}
[2024-11-10 19:45:01.140 -0500] [PROCESS] [cadence.virtuoso.ade.simulationMonitor] - Finished Simulation {"hostname": "ece-linlab02.ece.gatech.edu", "processid": 2645154, "history": "ExplorerRun.0", "testname": "ECE4130_Project_SRAMCircuit_1", "cornername": "Nominal", "point": 1, "logfile": "/nethome/ccarpenter38/ECE6130_Updated/ECE6130_LAB/Cadence/logs_ccarpenter38/logs0/Job48.log", "simid": "1", "event": "finish", "category": "obsolete"}
[2024-11-10 19:45:06.144 -0500] [PROCESS] [cadence.virtuoso.ade.simulationMonitor] - Point Finished {"hostname": "ece-linlab02.ece.gatech.edu", "processid": 2645154, "history": "ExplorerRun.0", "testname": "ECE4130_Project_SRAMCircuit_1", "cornername": "Nominal", "point": 1, "logfile": "/nethome/ccarpenter38/ECE6130_Updated/ECE6130_LAB/Cadence/logs_ccarpenter38/logs0/Job48.log", "event": "finish", "category": "sim-eval"}
[2024-11-10 19:45:07.146 -0500] [PROCESS] [cadence.virtuoso.ade.simulationMonitor] - Stay with the runId '1', Linger time '300', currentRunSyn '3', currentTestSyn '4' {"hostname": "ece-linlab02.ece.gatech.edu", "processid": 2645154, "history": "ExplorerRun.0", "testname": "ECE4130_Project_SRAMCircuit_1", "cornername": "Nominal", "point": 1, "logfile": "/nethome/ccarpenter38/ECE6130_Updated/ECE6130_LAB/Cadence/logs_ccarpenter38/logs0/Job48.log"}
[2024-11-10 19:47:13.455 -0500] [INFO] [cadence.virtuoso.ade.simulationMonitor] - SimulationMonitor has terminated the vds process '2645215', reason: 'Force to stop the expression evalutor process because of new run' {"history": "ExplorerRun.0", "point": 1, "testname": "ECE4130_Project_SRAMCircuit_1", "cornername": "Nominal"}
[2024-11-10 19:47:13.457 -0500] [PROCESS] [cadence.virtuoso.ade.simulationMonitor] - HostInfo:
Host name (type):	ece-linlab02.ece.gatech.edu (x86_64)
Operating system:	Linux 4.18.0-553.22.1.el8_10.x86_64 #1 SMP Wed Sep 11 18:02:00 EDT 2024 {"hostname": "ece-linlab02.ece.gatech.edu", "processid": 2645154, "history": "ExplorerRun.0", "testname": "ECE4130_Project_SRAMCircuit_1", "cornername": "Nominal", "point": 1, "logfile": "/nethome/ccarpenter38/ECE6130_Updated/ECE6130_LAB/Cadence/logs_ccarpenter38/logs0/Job48.log", "nodename": "ece-linlab02.ece.gatech.edu", "domainname": "(none)", "machine": "x86_64", "sysname": "Linux", "release": "4.18.0-553.22.1.el8_10.x86_64", "version": "#1 SMP Wed Sep 11 18:02:00 EDT 2024"}
[2024-11-10 19:47:13.458 -0500] [PROCESS] [cadence.virtuoso.ade.simulationMonitor] - UsageInfo:
pid=2645154
totalPhysicalMemory=15.098938GB,Used=13.931236GB,totalVirtualMemory=22.840145GB,Used=13.938766GB
Cpu: Cores=8, Load average:1.050000,0.920000,1.010000 {"hostname": "ece-linlab02.ece.gatech.edu", "processid": 2645154, "history": "ExplorerRun.0", "testname": "ECE4130_Project_SRAMCircuit_1", "cornername": "Nominal", "point": 1, "logfile": "/nethome/ccarpenter38/ECE6130_Updated/ECE6130_LAB/Cadence/logs_ccarpenter38/logs0/Job48.log", "pid": "2645154", "totalPhysicalMemory": "15.098938", "physicalMemoryUsed": "13.931236", "totalVirtualMemory": "22.840145", "virtualMemoryUsed": "13.938766", "cpuCores": "8", "processes": "1559", "loadAverage1": "1.050000", "loadAverage5": "0.920000", "loadAverage15": "1.010000", "loadAverage1Percent": "0.131250"}
[2024-11-10 19:47:13.469 -0500] [EVENT] [cadence.virtuoso.ade.simulationMonitor] - NewPoint {"history": "ExplorerRun.0", "point": 1, "testname": "ECE4130_Project_SRAMCircuit_1", "cornername": "Nominal", "event": "NewPoint", "EventSource": "Simulation Monitor", "HistoryName": "ExplorerRun.0", "logFile": "/nethome/ccarpenter38/ECE6130_Updated/ECE6130_LAB/Cadence/logs_ccarpenter38/logs0/Job48.log", "logFileSize": "15503", "category": "simulation"}
[2024-11-10 19:47:13.574 -0500] [EVENT] [cadence.virtuoso.ade.simulationMonitor] - NewPoint {"history": "ExplorerRun.0", "point": 1, "testname": "ECE4130_Project_SRAMCircuit_1", "cornername": "Nominal", "event": "NewPoint", "EventSource": "spectre", "HistoryName": "ExplorerRun.0", "logFile": "/nethome/ccarpenter38/simulation/ECE4130_Project/SRAMCircuit/maestro/results/maestro/ExplorerRun.0/1/ECE4130_Project_SRAMCircuit_1/psf/spectre.out", "logFileSize": "-1", "category": "simulation"}
[2024-11-10 19:47:13.732 -0500] [PROCESS] [cadence.virtuoso.ade.simulationMonitor] - Simulator launched {"hostname": "ece-linlab02.ece.gatech.edu", "processid": 2645154, "history": "ExplorerRun.0", "testname": "ECE4130_Project_SRAMCircuit_1", "cornername": "Nominal", "point": 1, "logfile": "/nethome/ccarpenter38/ECE6130_Updated/ECE6130_LAB/Cadence/logs_ccarpenter38/logs0/Job48.log", "simid": "2", "event": "launch", "category": "simulation"}
[2024-11-10 19:47:13.735 -0500] [PROCESS] [cadence.virtuoso.ade.simulationMonitor] - Expression evaluator launched {"hostname": "ece-linlab02.ece.gatech.edu", "processid": 2645154, "history": "ExplorerRun.0", "testname": "ECE4130_Project_SRAMCircuit_1", "cornername": "Nominal", "point": 1, "logfile": "/nethome/ccarpenter38/ECE6130_Updated/ECE6130_LAB/Cadence/logs_ccarpenter38/logs0/Job48.log"}
[2024-11-10 19:47:13.773 -0500] [PROCESS] [cadence.virtuoso.ade.simulationMonitor] - Started Simulation {"hostname": "ece-linlab02.ece.gatech.edu", "processid": 2645154, "history": "ExplorerRun.0", "testname": "ECE4130_Project_SRAMCircuit_1", "cornername": "Nominal", "point": 1, "logfile": "/nethome/ccarpenter38/ECE6130_Updated/ECE6130_LAB/Cadence/logs_ccarpenter38/logs0/Job48.log", "event": "start", "category": "simulation"}
[2024-11-10 19:47:14.273 -0500] [INFO] [cadence.virtuoso.ade.simulationMonitor] - Peak resident memory used = 169 Mbytes. {"history": "ExplorerRun.0", "point": 1, "testname": "ECE4130_Project_SRAMCircuit_1", "cornername": "Nominal"}
[2024-11-10 19:47:14.274 -0500] [INFO] [cadence.virtuoso.ade.simulationMonitor] - Peak resident memory used = 181 Mbytes. {"history": "ExplorerRun.0", "point": 1, "testname": "ECE4130_Project_SRAMCircuit_1", "cornername": "Nominal"}
[2024-11-10 19:47:14.274 -0500] [INFO] [cadence.virtuoso.ade.simulationMonitor] - Notice from spectre during hierarchy flattening.
    The value 'psf' specified for the 'checklimitdest' option will no longer be supported in future releases. Use 'spectre -h' to see other recommended values for the 'checklimitdest' option. {"history": "ExplorerRun.0", "point": 1, "testname": "ECE4130_Project_SRAMCircuit_1", "cornername": "Nominal"}
[2024-11-10 19:47:14.274 -0500] [INFO] [cadence.virtuoso.ade.simulationMonitor] - Peak resident memory used = 192 Mbytes. {"history": "ExplorerRun.0", "point": 1, "testname": "ECE4130_Project_SRAMCircuit_1", "cornername": "Nominal"}
[2024-11-10 19:47:14.789 -0500] [INFO] [cadence.virtuoso.ade.simulationMonitor] -               nodes 1520 {"history": "ExplorerRun.0", "point": 1, "testname": "ECE4130_Project_SRAMCircuit_1", "cornername": "Nominal"}
[2024-11-10 19:47:14.789 -0500] [INFO] [cadence.virtuoso.ade.simulationMonitor] - Notice from spectre during initial setup.
    Protected devices exist and are not included in the circuit inventory.
    6 vsources are shorted because their absolute value is less than or equal to 'vabsshort'.
    APS enabled. {"history": "ExplorerRun.0", "point": 1, "testname": "ECE4130_Project_SRAMCircuit_1", "cornername": "Nominal"}
[2024-11-10 19:47:14.795 -0500] [INFO] [cadence.virtuoso.ade.simulationMonitor] - Notice from spectre.
    Multithreading enabled: 8 threads in the system with 8 available processors. {"history": "ExplorerRun.0", "point": 1, "testname": "ECE4130_Project_SRAMCircuit_1", "cornername": "Nominal"}
[2024-11-10 19:47:14.795 -0500] [INFO] [cadence.virtuoso.ade.simulationMonitor] - Peak resident memory used = 230 Mbytes. {"history": "ExplorerRun.0", "point": 1, "testname": "ECE4130_Project_SRAMCircuit_1", "cornername": "Nominal"}
[2024-11-10 19:47:14.797 -0500] [INFO] [cadence.virtuoso.ade.simulationMonitor] -    -   (APS) Multi-threading. The recommended number of threads is 8, consider adding +mt=8 on command line. {"history": "ExplorerRun.0", "point": 1, "testname": "ECE4130_Project_SRAMCircuit_1", "cornername": "Nominal"}
[2024-11-10 19:47:21.317 -0500] [INFO] [cadence.virtuoso.ade.simulationMonitor] - Intrinsic tran analysis time:    CPU = 40.7676 s, elapsed = 6.46453 s. {"history": "ExplorerRun.0", "point": 1, "testname": "ECE4130_Project_SRAMCircuit_1", "cornername": "Nominal"}
[2024-11-10 19:47:21.817 -0500] [INFO] [cadence.virtuoso.ade.simulationMonitor] - Total time required for tran analysis `tran': CPU = 41.6708 s, elapsed = 6.71399 s, util. = 621%. {"history": "ExplorerRun.0", "point": 1, "testname": "ECE4130_Project_SRAMCircuit_1", "cornername": "Nominal"}
[2024-11-10 19:47:21.817 -0500] [INFO] [cadence.virtuoso.ade.simulationMonitor] - Peak resident memory used = 351 Mbytes. {"history": "ExplorerRun.0", "point": 1, "testname": "ECE4130_Project_SRAMCircuit_1", "cornername": "Nominal"}
[2024-11-10 19:47:21.820 -0500] [INFO] [cadence.virtuoso.ade.simulationMonitor] - Time used: CPU = 42.4 s, elapsed = 7.76 s, util. = 546%. {"history": "ExplorerRun.0", "point": 1, "testname": "ECE4130_Project_SRAMCircuit_1", "cornername": "Nominal"}
[2024-11-10 19:47:21.820 -0500] [INFO] [cadence.virtuoso.ade.simulationMonitor] - Time spent in licensing: elapsed = 69 ms. {"history": "ExplorerRun.0", "point": 1, "testname": "ECE4130_Project_SRAMCircuit_1", "cornername": "Nominal"}
[2024-11-10 19:47:21.821 -0500] [INFO] [cadence.virtuoso.ade.simulationMonitor] - Peak memory used = 351 Mbytes. {"history": "ExplorerRun.0", "point": 1, "testname": "ECE4130_Project_SRAMCircuit_1", "cornername": "Nominal"}
[2024-11-10 19:47:21.824 -0500] [PROCESS] [cadence.virtuoso.ade.simulationMonitor] - Simulation started at: 7:47:13 PM, Sun Nov 10, 2024, ended at: 7:47:21 PM, Sun Nov 10, 2024, with elapsed time (wall clock): 7.76 s. {"history": "ExplorerRun.0", "point": 1, "testname": "ECE4130_Project_SRAMCircuit_1", "cornername": "Nominal"}
[2024-11-10 19:47:21.824 -0500] [PROCESS] [cadence.virtuoso.ade.simulationMonitor] - spectre completes with 0 errors, 0 warnings, and 6 notices. {"history": "ExplorerRun.0", "point": 1, "testname": "ECE4130_Project_SRAMCircuit_1", "cornername": "Nominal"}
[2024-11-10 19:47:22.325 -0500] [PROCESS] [cadence.virtuoso.ade.simulationMonitor] - Finished simulating for one point {"hostname": "ece-linlab02.ece.gatech.edu", "processid": 2645154, "history": "ExplorerRun.0", "testname": "ECE4130_Project_SRAMCircuit_1", "cornername": "Nominal", "point": 1, "logfile": "/nethome/ccarpenter38/ECE6130_Updated/ECE6130_LAB/Cadence/logs_ccarpenter38/logs0/Job48.log", "simid": "2", "event": "finish", "category": "simulation"}
[2024-11-10 19:47:22.325 -0500] [PROCESS] [cadence.virtuoso.ade.simulationMonitor] - Simulator exited {"hostname": "ece-linlab02.ece.gatech.edu", "processid": 2645154, "history": "ExplorerRun.0", "testname": "ECE4130_Project_SRAMCircuit_1", "cornername": "Nominal", "point": 1, "logfile": "/nethome/ccarpenter38/ECE6130_Updated/ECE6130_LAB/Cadence/logs_ccarpenter38/logs0/Job48.log", "exitStatus": "0"}
[2024-11-10 19:47:22.325 -0500] [PROCESS] [cadence.virtuoso.ade.simulationMonitor] - Finished Simulation {"hostname": "ece-linlab02.ece.gatech.edu", "processid": 2645154, "history": "ExplorerRun.0", "testname": "ECE4130_Project_SRAMCircuit_1", "cornername": "Nominal", "point": 1, "logfile": "/nethome/ccarpenter38/ECE6130_Updated/ECE6130_LAB/Cadence/logs_ccarpenter38/logs0/Job48.log", "simid": "2", "event": "finish", "category": "obsolete"}
[2024-11-10 19:47:23.328 -0500] [PROCESS] [cadence.virtuoso.ade.simulationMonitor] - Point Finished {"hostname": "ece-linlab02.ece.gatech.edu", "processid": 2645154, "history": "ExplorerRun.0", "testname": "ECE4130_Project_SRAMCircuit_1", "cornername": "Nominal", "point": 1, "logfile": "/nethome/ccarpenter38/ECE6130_Updated/ECE6130_LAB/Cadence/logs_ccarpenter38/logs0/Job48.log", "event": "finish", "category": "sim-eval"}
[2024-11-10 19:47:24.329 -0500] [PROCESS] [cadence.virtuoso.ade.simulationMonitor] - Stay with the runId '2', Linger time '300', currentRunSyn '5', currentTestSyn '6' {"hostname": "ece-linlab02.ece.gatech.edu", "processid": 2645154, "history": "ExplorerRun.0", "testname": "ECE4130_Project_SRAMCircuit_1", "cornername": "Nominal", "point": 1, "logfile": "/nethome/ccarpenter38/ECE6130_Updated/ECE6130_LAB/Cadence/logs_ccarpenter38/logs0/Job48.log"}
[2024-11-10 19:48:24.481 -0500] [INFO] [cadence.virtuoso.ade.simulationMonitor] - SimulationMonitor has terminated the vds process '2646962', reason: 'Force to stop the expression evalutor process because of new run' {"history": "ExplorerRun.0", "point": 1, "testname": "ECE4130_Project_SRAMCircuit_1", "cornername": "Nominal"}
[2024-11-10 19:48:24.483 -0500] [PROCESS] [cadence.virtuoso.ade.simulationMonitor] - HostInfo:
Host name (type):	ece-linlab02.ece.gatech.edu (x86_64)
Operating system:	Linux 4.18.0-553.22.1.el8_10.x86_64 #1 SMP Wed Sep 11 18:02:00 EDT 2024 {"hostname": "ece-linlab02.ece.gatech.edu", "processid": 2645154, "history": "ExplorerRun.0", "testname": "ECE4130_Project_SRAMCircuit_1", "cornername": "Nominal", "point": 1, "logfile": "/nethome/ccarpenter38/ECE6130_Updated/ECE6130_LAB/Cadence/logs_ccarpenter38/logs0/Job48.log", "nodename": "ece-linlab02.ece.gatech.edu", "domainname": "(none)", "machine": "x86_64", "sysname": "Linux", "release": "4.18.0-553.22.1.el8_10.x86_64", "version": "#1 SMP Wed Sep 11 18:02:00 EDT 2024"}
[2024-11-10 19:48:24.483 -0500] [PROCESS] [cadence.virtuoso.ade.simulationMonitor] - UsageInfo:
pid=2645154
totalPhysicalMemory=15.098938GB,Used=13.958824GB,totalVirtualMemory=22.840145GB,Used=13.966354GB
Cpu: Cores=8, Load average:1.020000,0.950000,1.010000 {"hostname": "ece-linlab02.ece.gatech.edu", "processid": 2645154, "history": "ExplorerRun.0", "testname": "ECE4130_Project_SRAMCircuit_1", "cornername": "Nominal", "point": 1, "logfile": "/nethome/ccarpenter38/ECE6130_Updated/ECE6130_LAB/Cadence/logs_ccarpenter38/logs0/Job48.log", "pid": "2645154", "totalPhysicalMemory": "15.098938", "physicalMemoryUsed": "13.958824", "totalVirtualMemory": "22.840145", "virtualMemoryUsed": "13.966354", "cpuCores": "8", "processes": "1561", "loadAverage1": "1.020000", "loadAverage5": "0.950000", "loadAverage15": "1.010000", "loadAverage1Percent": "0.127500"}
[2024-11-10 19:48:24.490 -0500] [EVENT] [cadence.virtuoso.ade.simulationMonitor] - NewPoint {"history": "ExplorerRun.0", "point": 1, "testname": "ECE4130_Project_SRAMCircuit_1", "cornername": "Nominal", "event": "NewPoint", "EventSource": "Simulation Monitor", "HistoryName": "ExplorerRun.0", "logFile": "/nethome/ccarpenter38/ECE6130_Updated/ECE6130_LAB/Cadence/logs_ccarpenter38/logs0/Job48.log", "logFileSize": "26488", "category": "simulation"}
[2024-11-10 19:48:24.591 -0500] [EVENT] [cadence.virtuoso.ade.simulationMonitor] - NewPoint {"history": "ExplorerRun.0", "point": 1, "testname": "ECE4130_Project_SRAMCircuit_1", "cornername": "Nominal", "event": "NewPoint", "EventSource": "spectre", "HistoryName": "ExplorerRun.0", "logFile": "/nethome/ccarpenter38/simulation/ECE4130_Project/SRAMCircuit/maestro/results/maestro/ExplorerRun.0/1/ECE4130_Project_SRAMCircuit_1/psf/spectre.out", "logFileSize": "-1", "category": "simulation"}
[2024-11-10 19:48:24.736 -0500] [PROCESS] [cadence.virtuoso.ade.simulationMonitor] - Simulator launched {"hostname": "ece-linlab02.ece.gatech.edu", "processid": 2645154, "history": "ExplorerRun.0", "testname": "ECE4130_Project_SRAMCircuit_1", "cornername": "Nominal", "point": 1, "logfile": "/nethome/ccarpenter38/ECE6130_Updated/ECE6130_LAB/Cadence/logs_ccarpenter38/logs0/Job48.log", "simid": "3", "event": "launch", "category": "simulation"}
[2024-11-10 19:48:24.740 -0500] [PROCESS] [cadence.virtuoso.ade.simulationMonitor] - Expression evaluator launched {"hostname": "ece-linlab02.ece.gatech.edu", "processid": 2645154, "history": "ExplorerRun.0", "testname": "ECE4130_Project_SRAMCircuit_1", "cornername": "Nominal", "point": 1, "logfile": "/nethome/ccarpenter38/ECE6130_Updated/ECE6130_LAB/Cadence/logs_ccarpenter38/logs0/Job48.log"}
[2024-11-10 19:48:24.777 -0500] [PROCESS] [cadence.virtuoso.ade.simulationMonitor] - Started Simulation {"hostname": "ece-linlab02.ece.gatech.edu", "processid": 2645154, "history": "ExplorerRun.0", "testname": "ECE4130_Project_SRAMCircuit_1", "cornername": "Nominal", "point": 1, "logfile": "/nethome/ccarpenter38/ECE6130_Updated/ECE6130_LAB/Cadence/logs_ccarpenter38/logs0/Job48.log", "event": "start", "category": "simulation"}
[2024-11-10 19:48:25.277 -0500] [INFO] [cadence.virtuoso.ade.simulationMonitor] - Peak resident memory used = 164 Mbytes. {"history": "ExplorerRun.0", "point": 1, "testname": "ECE4130_Project_SRAMCircuit_1", "cornername": "Nominal"}
[2024-11-10 19:48:25.277 -0500] [INFO] [cadence.virtuoso.ade.simulationMonitor] - Peak resident memory used = 177 Mbytes. {"history": "ExplorerRun.0", "point": 1, "testname": "ECE4130_Project_SRAMCircuit_1", "cornername": "Nominal"}
[2024-11-10 19:48:25.277 -0500] [INFO] [cadence.virtuoso.ade.simulationMonitor] - Notice from spectre during hierarchy flattening.
    The value 'psf' specified for the 'checklimitdest' option will no longer be supported in future releases. Use 'spectre -h' to see other recommended values for the 'checklimitdest' option. {"history": "ExplorerRun.0", "point": 1, "testname": "ECE4130_Project_SRAMCircuit_1", "cornername": "Nominal"}
[2024-11-10 19:48:25.277 -0500] [INFO] [cadence.virtuoso.ade.simulationMonitor] - Peak resident memory used = 188 Mbytes. {"history": "ExplorerRun.0", "point": 1, "testname": "ECE4130_Project_SRAMCircuit_1", "cornername": "Nominal"}
[2024-11-10 19:48:25.787 -0500] [INFO] [cadence.virtuoso.ade.simulationMonitor] -               nodes 1520 {"history": "ExplorerRun.0", "point": 1, "testname": "ECE4130_Project_SRAMCircuit_1", "cornername": "Nominal"}
[2024-11-10 19:48:25.787 -0500] [INFO] [cadence.virtuoso.ade.simulationMonitor] - Notice from spectre during initial setup.
    Protected devices exist and are not included in the circuit inventory.
    6 vsources are shorted because their absolute value is less than or equal to 'vabsshort'.
    APS enabled. {"history": "ExplorerRun.0", "point": 1, "testname": "ECE4130_Project_SRAMCircuit_1", "cornername": "Nominal"}
[2024-11-10 19:48:25.795 -0500] [INFO] [cadence.virtuoso.ade.simulationMonitor] - Notice from spectre.
    Multithreading enabled: 8 threads in the system with 8 available processors. {"history": "ExplorerRun.0", "point": 1, "testname": "ECE4130_Project_SRAMCircuit_1", "cornername": "Nominal"}
[2024-11-10 19:48:25.795 -0500] [INFO] [cadence.virtuoso.ade.simulationMonitor] - Peak resident memory used = 226 Mbytes. {"history": "ExplorerRun.0", "point": 1, "testname": "ECE4130_Project_SRAMCircuit_1", "cornername": "Nominal"}
[2024-11-10 19:48:25.796 -0500] [INFO] [cadence.virtuoso.ade.simulationMonitor] -    -   (APS) Multi-threading. The recommended number of threads is 8, consider adding +mt=8 on command line. {"history": "ExplorerRun.0", "point": 1, "testname": "ECE4130_Project_SRAMCircuit_1", "cornername": "Nominal"}
[2024-11-10 19:48:30.811 -0500] [INFO] [cadence.virtuoso.ade.simulationMonitor] - Intrinsic tran analysis time:    CPU = 33.046 s, elapsed = 4.95165 s. {"history": "ExplorerRun.0", "point": 1, "testname": "ECE4130_Project_SRAMCircuit_1", "cornername": "Nominal"}
[2024-11-10 19:48:31.311 -0500] [INFO] [cadence.virtuoso.ade.simulationMonitor] - Total time required for tran analysis `tran': CPU = 33.9609 s, elapsed = 5.20733 s, util. = 652%. {"history": "ExplorerRun.0", "point": 1, "testname": "ECE4130_Project_SRAMCircuit_1", "cornername": "Nominal"}
[2024-11-10 19:48:31.311 -0500] [INFO] [cadence.virtuoso.ade.simulationMonitor] - Peak resident memory used = 346 Mbytes. {"history": "ExplorerRun.0", "point": 1, "testname": "ECE4130_Project_SRAMCircuit_1", "cornername": "Nominal"}
[2024-11-10 19:48:31.314 -0500] [INFO] [cadence.virtuoso.ade.simulationMonitor] - Time used: CPU = 37.8 s, elapsed = 6.22 s, util. = 608%. {"history": "ExplorerRun.0", "point": 1, "testname": "ECE4130_Project_SRAMCircuit_1", "cornername": "Nominal"}
[2024-11-10 19:48:31.314 -0500] [INFO] [cadence.virtuoso.ade.simulationMonitor] - Time spent in licensing: elapsed = 69.7 ms. {"history": "ExplorerRun.0", "point": 1, "testname": "ECE4130_Project_SRAMCircuit_1", "cornername": "Nominal"}
[2024-11-10 19:48:31.315 -0500] [INFO] [cadence.virtuoso.ade.simulationMonitor] - Peak memory used = 346 Mbytes. {"history": "ExplorerRun.0", "point": 1, "testname": "ECE4130_Project_SRAMCircuit_1", "cornername": "Nominal"}
[2024-11-10 19:48:31.318 -0500] [PROCESS] [cadence.virtuoso.ade.simulationMonitor] - Simulation started at: 7:48:24 PM, Sun Nov 10, 2024, ended at: 7:48:31 PM, Sun Nov 10, 2024, with elapsed time (wall clock): 6.22 s. {"history": "ExplorerRun.0", "point": 1, "testname": "ECE4130_Project_SRAMCircuit_1", "cornername": "Nominal"}
[2024-11-10 19:48:31.318 -0500] [PROCESS] [cadence.virtuoso.ade.simulationMonitor] - spectre completes with 0 errors, 0 warnings, and 6 notices. {"history": "ExplorerRun.0", "point": 1, "testname": "ECE4130_Project_SRAMCircuit_1", "cornername": "Nominal"}
[2024-11-10 19:48:31.319 -0500] [PROCESS] [cadence.virtuoso.ade.simulationMonitor] - Finished simulating for one point {"hostname": "ece-linlab02.ece.gatech.edu", "processid": 2645154, "history": "ExplorerRun.0", "testname": "ECE4130_Project_SRAMCircuit_1", "cornername": "Nominal", "point": 1, "logfile": "/nethome/ccarpenter38/ECE6130_Updated/ECE6130_LAB/Cadence/logs_ccarpenter38/logs0/Job48.log", "simid": "3", "event": "finish", "category": "simulation"}
[2024-11-10 19:48:31.319 -0500] [PROCESS] [cadence.virtuoso.ade.simulationMonitor] - Simulator exited {"hostname": "ece-linlab02.ece.gatech.edu", "processid": 2645154, "history": "ExplorerRun.0", "testname": "ECE4130_Project_SRAMCircuit_1", "cornername": "Nominal", "point": 1, "logfile": "/nethome/ccarpenter38/ECE6130_Updated/ECE6130_LAB/Cadence/logs_ccarpenter38/logs0/Job48.log", "exitStatus": "0"}
[2024-11-10 19:48:31.319 -0500] [PROCESS] [cadence.virtuoso.ade.simulationMonitor] - Finished Simulation {"hostname": "ece-linlab02.ece.gatech.edu", "processid": 2645154, "history": "ExplorerRun.0", "testname": "ECE4130_Project_SRAMCircuit_1", "cornername": "Nominal", "point": 1, "logfile": "/nethome/ccarpenter38/ECE6130_Updated/ECE6130_LAB/Cadence/logs_ccarpenter38/logs0/Job48.log", "simid": "3", "event": "finish", "category": "obsolete"}
[2024-11-10 19:48:32.321 -0500] [PROCESS] [cadence.virtuoso.ade.simulationMonitor] - Point Finished {"hostname": "ece-linlab02.ece.gatech.edu", "processid": 2645154, "history": "ExplorerRun.0", "testname": "ECE4130_Project_SRAMCircuit_1", "cornername": "Nominal", "point": 1, "logfile": "/nethome/ccarpenter38/ECE6130_Updated/ECE6130_LAB/Cadence/logs_ccarpenter38/logs0/Job48.log", "event": "finish", "category": "sim-eval"}
[2024-11-10 19:48:33.323 -0500] [PROCESS] [cadence.virtuoso.ade.simulationMonitor] - Stay with the runId '3', Linger time '300', currentRunSyn '7', currentTestSyn '8' {"hostname": "ece-linlab02.ece.gatech.edu", "processid": 2645154, "history": "ExplorerRun.0", "testname": "ECE4130_Project_SRAMCircuit_1", "cornername": "Nominal", "point": 1, "logfile": "/nethome/ccarpenter38/ECE6130_Updated/ECE6130_LAB/Cadence/logs_ccarpenter38/logs0/Job48.log"}
[2024-11-10 19:51:00.191 -0500] [INFO] [cadence.virtuoso.ade.simulationMonitor] - SimulationMonitor has terminated the vds process '2647994', reason: 'Force to stop the expression evalutor process because of new run' {"history": "ExplorerRun.0", "point": 1, "testname": "ECE4130_Project_SRAMCircuit_1", "cornername": "Nominal"}
[2024-11-10 19:51:00.193 -0500] [PROCESS] [cadence.virtuoso.ade.simulationMonitor] - HostInfo:
Host name (type):	ece-linlab02.ece.gatech.edu (x86_64)
Operating system:	Linux 4.18.0-553.22.1.el8_10.x86_64 #1 SMP Wed Sep 11 18:02:00 EDT 2024 {"hostname": "ece-linlab02.ece.gatech.edu", "processid": 2645154, "history": "ExplorerRun.0", "testname": "ECE4130_Project_SRAMCircuit_1", "cornername": "Nominal", "point": 1, "logfile": "/nethome/ccarpenter38/ECE6130_Updated/ECE6130_LAB/Cadence/logs_ccarpenter38/logs0/Job48.log", "nodename": "ece-linlab02.ece.gatech.edu", "domainname": "(none)", "machine": "x86_64", "sysname": "Linux", "release": "4.18.0-553.22.1.el8_10.x86_64", "version": "#1 SMP Wed Sep 11 18:02:00 EDT 2024"}
[2024-11-10 19:51:00.193 -0500] [PROCESS] [cadence.virtuoso.ade.simulationMonitor] - UsageInfo:
pid=2645154
totalPhysicalMemory=15.098938GB,Used=13.958096GB,totalVirtualMemory=22.840145GB,Used=13.965626GB
Cpu: Cores=8, Load average:1.150000,1.010000,1.020000 {"hostname": "ece-linlab02.ece.gatech.edu", "processid": 2645154, "history": "ExplorerRun.0", "testname": "ECE4130_Project_SRAMCircuit_1", "cornername": "Nominal", "point": 1, "logfile": "/nethome/ccarpenter38/ECE6130_Updated/ECE6130_LAB/Cadence/logs_ccarpenter38/logs0/Job48.log", "pid": "2645154", "totalPhysicalMemory": "15.098938", "physicalMemoryUsed": "13.958096", "totalVirtualMemory": "22.840145", "virtualMemoryUsed": "13.965626", "cpuCores": "8", "processes": "1562", "loadAverage1": "1.150000", "loadAverage5": "1.010000", "loadAverage15": "1.020000", "loadAverage1Percent": "0.143750"}
[2024-11-10 19:51:00.198 -0500] [EVENT] [cadence.virtuoso.ade.simulationMonitor] - NewPoint {"history": "ExplorerRun.0", "point": 1, "testname": "ECE4130_Project_SRAMCircuit_1", "cornername": "Nominal", "event": "NewPoint", "EventSource": "Simulation Monitor", "HistoryName": "ExplorerRun.0", "logFile": "/nethome/ccarpenter38/ECE6130_Updated/ECE6130_LAB/Cadence/logs_ccarpenter38/logs0/Job48.log", "logFileSize": "37474", "category": "simulation"}
[2024-11-10 19:51:00.300 -0500] [EVENT] [cadence.virtuoso.ade.simulationMonitor] - NewPoint {"history": "ExplorerRun.0", "point": 1, "testname": "ECE4130_Project_SRAMCircuit_1", "cornername": "Nominal", "event": "NewPoint", "EventSource": "spectre", "HistoryName": "ExplorerRun.0", "logFile": "/nethome/ccarpenter38/simulation/ECE4130_Project/SRAMCircuit/maestro/results/maestro/ExplorerRun.0/1/ECE4130_Project_SRAMCircuit_1/psf/spectre.out", "logFileSize": "-1", "category": "simulation"}
[2024-11-10 19:51:00.452 -0500] [PROCESS] [cadence.virtuoso.ade.simulationMonitor] - Simulator launched {"hostname": "ece-linlab02.ece.gatech.edu", "processid": 2645154, "history": "ExplorerRun.0", "testname": "ECE4130_Project_SRAMCircuit_1", "cornername": "Nominal", "point": 1, "logfile": "/nethome/ccarpenter38/ECE6130_Updated/ECE6130_LAB/Cadence/logs_ccarpenter38/logs0/Job48.log", "simid": "4", "event": "launch", "category": "simulation"}
[2024-11-10 19:51:00.455 -0500] [PROCESS] [cadence.virtuoso.ade.simulationMonitor] - Expression evaluator launched {"hostname": "ece-linlab02.ece.gatech.edu", "processid": 2645154, "history": "ExplorerRun.0", "testname": "ECE4130_Project_SRAMCircuit_1", "cornername": "Nominal", "point": 1, "logfile": "/nethome/ccarpenter38/ECE6130_Updated/ECE6130_LAB/Cadence/logs_ccarpenter38/logs0/Job48.log"}
[2024-11-10 19:51:00.490 -0500] [PROCESS] [cadence.virtuoso.ade.simulationMonitor] - Started Simulation {"hostname": "ece-linlab02.ece.gatech.edu", "processid": 2645154, "history": "ExplorerRun.0", "testname": "ECE4130_Project_SRAMCircuit_1", "cornername": "Nominal", "point": 1, "logfile": "/nethome/ccarpenter38/ECE6130_Updated/ECE6130_LAB/Cadence/logs_ccarpenter38/logs0/Job48.log", "event": "start", "category": "simulation"}
[2024-11-10 19:51:00.991 -0500] [INFO] [cadence.virtuoso.ade.simulationMonitor] - Peak resident memory used = 168 Mbytes. {"history": "ExplorerRun.0", "point": 1, "testname": "ECE4130_Project_SRAMCircuit_1", "cornername": "Nominal"}
[2024-11-10 19:51:00.991 -0500] [INFO] [cadence.virtuoso.ade.simulationMonitor] - Peak resident memory used = 181 Mbytes. {"history": "ExplorerRun.0", "point": 1, "testname": "ECE4130_Project_SRAMCircuit_1", "cornername": "Nominal"}
[2024-11-10 19:51:00.991 -0500] [INFO] [cadence.virtuoso.ade.simulationMonitor] - Notice from spectre during hierarchy flattening.
    The value 'psf' specified for the 'checklimitdest' option will no longer be supported in future releases. Use 'spectre -h' to see other recommended values for the 'checklimitdest' option. {"history": "ExplorerRun.0", "point": 1, "testname": "ECE4130_Project_SRAMCircuit_1", "cornername": "Nominal"}
[2024-11-10 19:51:00.991 -0500] [INFO] [cadence.virtuoso.ade.simulationMonitor] - Peak resident memory used = 192 Mbytes. {"history": "ExplorerRun.0", "point": 1, "testname": "ECE4130_Project_SRAMCircuit_1", "cornername": "Nominal"}
[2024-11-10 19:51:01.499 -0500] [INFO] [cadence.virtuoso.ade.simulationMonitor] -               nodes 1520 {"history": "ExplorerRun.0", "point": 1, "testname": "ECE4130_Project_SRAMCircuit_1", "cornername": "Nominal"}
[2024-11-10 19:51:01.499 -0500] [INFO] [cadence.virtuoso.ade.simulationMonitor] - Notice from spectre during initial setup.
    Protected devices exist and are not included in the circuit inventory.
    5 vsources are shorted because their absolute value is less than or equal to 'vabsshort'.
    APS enabled. {"history": "ExplorerRun.0", "point": 1, "testname": "ECE4130_Project_SRAMCircuit_1", "cornername": "Nominal"}
[2024-11-10 19:51:01.500 -0500] [INFO] [cadence.virtuoso.ade.simulationMonitor] - Notice from spectre.
    Multithreading enabled: 8 threads in the system with 8 available processors. {"history": "ExplorerRun.0", "point": 1, "testname": "ECE4130_Project_SRAMCircuit_1", "cornername": "Nominal"}
[2024-11-10 19:51:01.500 -0500] [INFO] [cadence.virtuoso.ade.simulationMonitor] - Peak resident memory used = 232 Mbytes. {"history": "ExplorerRun.0", "point": 1, "testname": "ECE4130_Project_SRAMCircuit_1", "cornername": "Nominal"}
[2024-11-10 19:51:01.504 -0500] [INFO] [cadence.virtuoso.ade.simulationMonitor] -    -   (APS) Multi-threading. The recommended number of threads is 8, consider adding +mt=8 on command line. {"history": "ExplorerRun.0", "point": 1, "testname": "ECE4130_Project_SRAMCircuit_1", "cornername": "Nominal"}
[2024-11-10 19:51:02.006 -0500] [INFO] [cadence.virtuoso.ade.simulationMonitor] - Notice from spectre during IC analysis, during transient analysis `tran'.
    Bad pivoting is found during DC analysis. Option dc_pivot_check=yes is recommended for possible improvement of convergence. {"history": "ExplorerRun.0", "point": 1, "testname": "ECE4130_Project_SRAMCircuit_1", "cornername": "Nominal"}
[2024-11-10 19:51:06.517 -0500] [INFO] [cadence.virtuoso.ade.simulationMonitor] - Intrinsic tran analysis time:    CPU = 29.0562 s, elapsed = 4.46654 s. {"history": "ExplorerRun.0", "point": 1, "testname": "ECE4130_Project_SRAMCircuit_1", "cornername": "Nominal"}
[2024-11-10 19:51:07.018 -0500] [INFO] [cadence.virtuoso.ade.simulationMonitor] - Total time required for tran analysis `tran': CPU = 31.7555 s, elapsed = 5.05011 s, util. = 629%. {"history": "ExplorerRun.0", "point": 1, "testname": "ECE4130_Project_SRAMCircuit_1", "cornername": "Nominal"}
[2024-11-10 19:51:07.018 -0500] [INFO] [cadence.virtuoso.ade.simulationMonitor] - Peak resident memory used = 353 Mbytes. {"history": "ExplorerRun.0", "point": 1, "testname": "ECE4130_Project_SRAMCircuit_1", "cornername": "Nominal"}
[2024-11-10 19:51:07.020 -0500] [INFO] [cadence.virtuoso.ade.simulationMonitor] - Time used: CPU = 35.6 s, elapsed = 6.06 s, util. = 588%. {"history": "ExplorerRun.0", "point": 1, "testname": "ECE4130_Project_SRAMCircuit_1", "cornername": "Nominal"}
[2024-11-10 19:51:07.020 -0500] [INFO] [cadence.virtuoso.ade.simulationMonitor] - Time spent in licensing: elapsed = 72.2 ms. {"history": "ExplorerRun.0", "point": 1, "testname": "ECE4130_Project_SRAMCircuit_1", "cornername": "Nominal"}
[2024-11-10 19:51:07.021 -0500] [INFO] [cadence.virtuoso.ade.simulationMonitor] - Peak memory used = 354 Mbytes. {"history": "ExplorerRun.0", "point": 1, "testname": "ECE4130_Project_SRAMCircuit_1", "cornername": "Nominal"}
[2024-11-10 19:51:07.025 -0500] [PROCESS] [cadence.virtuoso.ade.simulationMonitor] - Simulation started at: 7:51:00 PM, Sun Nov 10, 2024, ended at: 7:51:06 PM, Sun Nov 10, 2024, with elapsed time (wall clock): 6.06 s. {"history": "ExplorerRun.0", "point": 1, "testname": "ECE4130_Project_SRAMCircuit_1", "cornername": "Nominal"}
[2024-11-10 19:51:07.025 -0500] [PROCESS] [cadence.virtuoso.ade.simulationMonitor] - spectre completes with 0 errors, 0 warnings, and 7 notices. {"history": "ExplorerRun.0", "point": 1, "testname": "ECE4130_Project_SRAMCircuit_1", "cornername": "Nominal"}
[2024-11-10 19:51:07.025 -0500] [PROCESS] [cadence.virtuoso.ade.simulationMonitor] - Finished simulating for one point {"hostname": "ece-linlab02.ece.gatech.edu", "processid": 2645154, "history": "ExplorerRun.0", "testname": "ECE4130_Project_SRAMCircuit_1", "cornername": "Nominal", "point": 1, "logfile": "/nethome/ccarpenter38/ECE6130_Updated/ECE6130_LAB/Cadence/logs_ccarpenter38/logs0/Job48.log", "simid": "4", "event": "finish", "category": "simulation"}
[2024-11-10 19:51:07.025 -0500] [PROCESS] [cadence.virtuoso.ade.simulationMonitor] - Simulator exited {"hostname": "ece-linlab02.ece.gatech.edu", "processid": 2645154, "history": "ExplorerRun.0", "testname": "ECE4130_Project_SRAMCircuit_1", "cornername": "Nominal", "point": 1, "logfile": "/nethome/ccarpenter38/ECE6130_Updated/ECE6130_LAB/Cadence/logs_ccarpenter38/logs0/Job48.log", "exitStatus": "0"}
[2024-11-10 19:51:07.025 -0500] [PROCESS] [cadence.virtuoso.ade.simulationMonitor] - Finished Simulation {"hostname": "ece-linlab02.ece.gatech.edu", "processid": 2645154, "history": "ExplorerRun.0", "testname": "ECE4130_Project_SRAMCircuit_1", "cornername": "Nominal", "point": 1, "logfile": "/nethome/ccarpenter38/ECE6130_Updated/ECE6130_LAB/Cadence/logs_ccarpenter38/logs0/Job48.log", "simid": "4", "event": "finish", "category": "obsolete"}
[2024-11-10 19:51:08.028 -0500] [PROCESS] [cadence.virtuoso.ade.simulationMonitor] - Point Finished {"hostname": "ece-linlab02.ece.gatech.edu", "processid": 2645154, "history": "ExplorerRun.0", "testname": "ECE4130_Project_SRAMCircuit_1", "cornername": "Nominal", "point": 1, "logfile": "/nethome/ccarpenter38/ECE6130_Updated/ECE6130_LAB/Cadence/logs_ccarpenter38/logs0/Job48.log", "event": "finish", "category": "sim-eval"}
[2024-11-10 19:51:09.029 -0500] [PROCESS] [cadence.virtuoso.ade.simulationMonitor] - Stay with the runId '4', Linger time '300', currentRunSyn '9', currentTestSyn '10' {"hostname": "ece-linlab02.ece.gatech.edu", "processid": 2645154, "history": "ExplorerRun.0", "testname": "ECE4130_Project_SRAMCircuit_1", "cornername": "Nominal", "point": 1, "logfile": "/nethome/ccarpenter38/ECE6130_Updated/ECE6130_LAB/Cadence/logs_ccarpenter38/logs0/Job48.log"}
[2024-11-10 19:53:03.716 -0500] [INFO] [cadence.virtuoso.ade.simulationMonitor] - SimulationMonitor has terminated the vds process '2649740', reason: 'Force to stop the expression evalutor process because of new run' {"history": "ExplorerRun.0", "point": 1, "testname": "ECE4130_Project_SRAMCircuit_1", "cornername": "Nominal"}
[2024-11-10 19:53:03.717 -0500] [PROCESS] [cadence.virtuoso.ade.simulationMonitor] - HostInfo:
Host name (type):	ece-linlab02.ece.gatech.edu (x86_64)
Operating system:	Linux 4.18.0-553.22.1.el8_10.x86_64 #1 SMP Wed Sep 11 18:02:00 EDT 2024 {"hostname": "ece-linlab02.ece.gatech.edu", "processid": 2645154, "history": "ExplorerRun.0", "testname": "ECE4130_Project_SRAMCircuit_1", "cornername": "Nominal", "point": 1, "logfile": "/nethome/ccarpenter38/ECE6130_Updated/ECE6130_LAB/Cadence/logs_ccarpenter38/logs0/Job48.log", "nodename": "ece-linlab02.ece.gatech.edu", "domainname": "(none)", "machine": "x86_64", "sysname": "Linux", "release": "4.18.0-553.22.1.el8_10.x86_64", "version": "#1 SMP Wed Sep 11 18:02:00 EDT 2024"}
[2024-11-10 19:53:03.717 -0500] [PROCESS] [cadence.virtuoso.ade.simulationMonitor] - UsageInfo:
pid=2645154
totalPhysicalMemory=15.098938GB,Used=13.975185GB,totalVirtualMemory=22.840145GB,Used=13.982716GB
Cpu: Cores=8, Load average:1.110000,1.080000,1.050000 {"hostname": "ece-linlab02.ece.gatech.edu", "processid": 2645154, "history": "ExplorerRun.0", "testname": "ECE4130_Project_SRAMCircuit_1", "cornername": "Nominal", "point": 1, "logfile": "/nethome/ccarpenter38/ECE6130_Updated/ECE6130_LAB/Cadence/logs_ccarpenter38/logs0/Job48.log", "pid": "2645154", "totalPhysicalMemory": "15.098938", "physicalMemoryUsed": "13.975185", "totalVirtualMemory": "22.840145", "virtualMemoryUsed": "13.982716", "cpuCores": "8", "processes": "1559", "loadAverage1": "1.110000", "loadAverage5": "1.080000", "loadAverage15": "1.050000", "loadAverage1Percent": "0.138750"}
[2024-11-10 19:53:03.723 -0500] [EVENT] [cadence.virtuoso.ade.simulationMonitor] - NewPoint {"history": "ExplorerRun.0", "point": 1, "testname": "ECE4130_Project_SRAMCircuit_1", "cornername": "Nominal", "event": "NewPoint", "EventSource": "Simulation Monitor", "HistoryName": "ExplorerRun.0", "logFile": "/nethome/ccarpenter38/ECE6130_Updated/ECE6130_LAB/Cadence/logs_ccarpenter38/logs0/Job48.log", "logFileSize": "48857", "category": "simulation"}
[2024-11-10 19:53:03.825 -0500] [EVENT] [cadence.virtuoso.ade.simulationMonitor] - NewPoint {"history": "ExplorerRun.0", "point": 1, "testname": "ECE4130_Project_SRAMCircuit_1", "cornername": "Nominal", "event": "NewPoint", "EventSource": "spectre", "HistoryName": "ExplorerRun.0", "logFile": "/nethome/ccarpenter38/simulation/ECE4130_Project/SRAMCircuit/maestro/results/maestro/ExplorerRun.0/1/ECE4130_Project_SRAMCircuit_1/psf/spectre.out", "logFileSize": "-1", "category": "simulation"}
[2024-11-10 19:53:03.975 -0500] [PROCESS] [cadence.virtuoso.ade.simulationMonitor] - Simulator launched {"hostname": "ece-linlab02.ece.gatech.edu", "processid": 2645154, "history": "ExplorerRun.0", "testname": "ECE4130_Project_SRAMCircuit_1", "cornername": "Nominal", "point": 1, "logfile": "/nethome/ccarpenter38/ECE6130_Updated/ECE6130_LAB/Cadence/logs_ccarpenter38/logs0/Job48.log", "simid": "5", "event": "launch", "category": "simulation"}
[2024-11-10 19:53:03.979 -0500] [PROCESS] [cadence.virtuoso.ade.simulationMonitor] - Expression evaluator launched {"hostname": "ece-linlab02.ece.gatech.edu", "processid": 2645154, "history": "ExplorerRun.0", "testname": "ECE4130_Project_SRAMCircuit_1", "cornername": "Nominal", "point": 1, "logfile": "/nethome/ccarpenter38/ECE6130_Updated/ECE6130_LAB/Cadence/logs_ccarpenter38/logs0/Job48.log"}
[2024-11-10 19:53:04.021 -0500] [PROCESS] [cadence.virtuoso.ade.simulationMonitor] - Started Simulation {"hostname": "ece-linlab02.ece.gatech.edu", "processid": 2645154, "history": "ExplorerRun.0", "testname": "ECE4130_Project_SRAMCircuit_1", "cornername": "Nominal", "point": 1, "logfile": "/nethome/ccarpenter38/ECE6130_Updated/ECE6130_LAB/Cadence/logs_ccarpenter38/logs0/Job48.log", "event": "start", "category": "simulation"}
[2024-11-10 19:53:04.521 -0500] [INFO] [cadence.virtuoso.ade.simulationMonitor] - Peak resident memory used = 166 Mbytes. {"history": "ExplorerRun.0", "point": 1, "testname": "ECE4130_Project_SRAMCircuit_1", "cornername": "Nominal"}
[2024-11-10 19:53:04.521 -0500] [INFO] [cadence.virtuoso.ade.simulationMonitor] - Peak resident memory used = 179 Mbytes. {"history": "ExplorerRun.0", "point": 1, "testname": "ECE4130_Project_SRAMCircuit_1", "cornername": "Nominal"}
[2024-11-10 19:53:04.521 -0500] [INFO] [cadence.virtuoso.ade.simulationMonitor] - Notice from spectre during hierarchy flattening.
    The value 'psf' specified for the 'checklimitdest' option will no longer be supported in future releases. Use 'spectre -h' to see other recommended values for the 'checklimitdest' option. {"history": "ExplorerRun.0", "point": 1, "testname": "ECE4130_Project_SRAMCircuit_1", "cornername": "Nominal"}
[2024-11-10 19:53:04.522 -0500] [INFO] [cadence.virtuoso.ade.simulationMonitor] - Peak resident memory used = 190 Mbytes. {"history": "ExplorerRun.0", "point": 1, "testname": "ECE4130_Project_SRAMCircuit_1", "cornername": "Nominal"}
[2024-11-10 19:53:05.036 -0500] [INFO] [cadence.virtuoso.ade.simulationMonitor] -               nodes 1520 {"history": "ExplorerRun.0", "point": 1, "testname": "ECE4130_Project_SRAMCircuit_1", "cornername": "Nominal"}
[2024-11-10 19:53:05.036 -0500] [INFO] [cadence.virtuoso.ade.simulationMonitor] - Notice from spectre during initial setup.
    Protected devices exist and are not included in the circuit inventory.
    5 vsources are shorted because their absolute value is less than or equal to 'vabsshort'.
    APS enabled. {"history": "ExplorerRun.0", "point": 1, "testname": "ECE4130_Project_SRAMCircuit_1", "cornername": "Nominal"}
[2024-11-10 19:53:05.041 -0500] [INFO] [cadence.virtuoso.ade.simulationMonitor] - Notice from spectre.
    Multithreading enabled: 8 threads in the system with 8 available processors. {"history": "ExplorerRun.0", "point": 1, "testname": "ECE4130_Project_SRAMCircuit_1", "cornername": "Nominal"}
[2024-11-10 19:53:05.041 -0500] [INFO] [cadence.virtuoso.ade.simulationMonitor] - Peak resident memory used = 230 Mbytes. {"history": "ExplorerRun.0", "point": 1, "testname": "ECE4130_Project_SRAMCircuit_1", "cornername": "Nominal"}
[2024-11-10 19:53:05.042 -0500] [INFO] [cadence.virtuoso.ade.simulationMonitor] -    -   (APS) Multi-threading. The recommended number of threads is 8, consider adding +mt=8 on command line. {"history": "ExplorerRun.0", "point": 1, "testname": "ECE4130_Project_SRAMCircuit_1", "cornername": "Nominal"}
[2024-11-10 19:53:05.542 -0500] [INFO] [cadence.virtuoso.ade.simulationMonitor] - Notice from spectre during IC analysis, during transient analysis `tran'.
    Bad pivoting is found during DC analysis. Option dc_pivot_check=yes is recommended for possible improvement of convergence. {"history": "ExplorerRun.0", "point": 1, "testname": "ECE4130_Project_SRAMCircuit_1", "cornername": "Nominal"}
[2024-11-10 19:53:10.053 -0500] [INFO] [cadence.virtuoso.ade.simulationMonitor] - Intrinsic tran analysis time:    CPU = 28.7279 s, elapsed = 4.42478 s. {"history": "ExplorerRun.0", "point": 1, "testname": "ECE4130_Project_SRAMCircuit_1", "cornername": "Nominal"}
[2024-11-10 19:53:10.054 -0500] [INFO] [cadence.virtuoso.ade.simulationMonitor] - Total time required for tran analysis `tran': CPU = 31.4459 s, elapsed = 5.02565 s, util. = 626%. {"history": "ExplorerRun.0", "point": 1, "testname": "ECE4130_Project_SRAMCircuit_1", "cornername": "Nominal"}
[2024-11-10 19:53:10.054 -0500] [INFO] [cadence.virtuoso.ade.simulationMonitor] - Peak resident memory used = 350 Mbytes. {"history": "ExplorerRun.0", "point": 1, "testname": "ECE4130_Project_SRAMCircuit_1", "cornername": "Nominal"}
[2024-11-10 19:53:10.556 -0500] [INFO] [cadence.virtuoso.ade.simulationMonitor] - Time used: CPU = 35.1 s, elapsed = 6 s, util. = 585%. {"history": "ExplorerRun.0", "point": 1, "testname": "ECE4130_Project_SRAMCircuit_1", "cornername": "Nominal"}
[2024-11-10 19:53:10.556 -0500] [INFO] [cadence.virtuoso.ade.simulationMonitor] - Time spent in licensing: elapsed = 71.6 ms. {"history": "ExplorerRun.0", "point": 1, "testname": "ECE4130_Project_SRAMCircuit_1", "cornername": "Nominal"}
[2024-11-10 19:53:10.557 -0500] [INFO] [cadence.virtuoso.ade.simulationMonitor] - Peak memory used = 351 Mbytes. {"history": "ExplorerRun.0", "point": 1, "testname": "ECE4130_Project_SRAMCircuit_1", "cornername": "Nominal"}
[2024-11-10 19:53:10.560 -0500] [PROCESS] [cadence.virtuoso.ade.simulationMonitor] - Simulation started at: 7:53:04 PM, Sun Nov 10, 2024, ended at: 7:53:10 PM, Sun Nov 10, 2024, with elapsed time (wall clock): 6 s. {"history": "ExplorerRun.0", "point": 1, "testname": "ECE4130_Project_SRAMCircuit_1", "cornername": "Nominal"}
[2024-11-10 19:53:10.560 -0500] [PROCESS] [cadence.virtuoso.ade.simulationMonitor] - spectre completes with 0 errors, 0 warnings, and 7 notices. {"history": "ExplorerRun.0", "point": 1, "testname": "ECE4130_Project_SRAMCircuit_1", "cornername": "Nominal"}
[2024-11-10 19:53:10.560 -0500] [PROCESS] [cadence.virtuoso.ade.simulationMonitor] - Finished simulating for one point {"hostname": "ece-linlab02.ece.gatech.edu", "processid": 2645154, "history": "ExplorerRun.0", "testname": "ECE4130_Project_SRAMCircuit_1", "cornername": "Nominal", "point": 1, "logfile": "/nethome/ccarpenter38/ECE6130_Updated/ECE6130_LAB/Cadence/logs_ccarpenter38/logs0/Job48.log", "simid": "5", "event": "finish", "category": "simulation"}
[2024-11-10 19:53:10.560 -0500] [PROCESS] [cadence.virtuoso.ade.simulationMonitor] - Simulator exited {"hostname": "ece-linlab02.ece.gatech.edu", "processid": 2645154, "history": "ExplorerRun.0", "testname": "ECE4130_Project_SRAMCircuit_1", "cornername": "Nominal", "point": 1, "logfile": "/nethome/ccarpenter38/ECE6130_Updated/ECE6130_LAB/Cadence/logs_ccarpenter38/logs0/Job48.log", "exitStatus": "0"}
[2024-11-10 19:53:10.560 -0500] [PROCESS] [cadence.virtuoso.ade.simulationMonitor] - Finished Simulation {"hostname": "ece-linlab02.ece.gatech.edu", "processid": 2645154, "history": "ExplorerRun.0", "testname": "ECE4130_Project_SRAMCircuit_1", "cornername": "Nominal", "point": 1, "logfile": "/nethome/ccarpenter38/ECE6130_Updated/ECE6130_LAB/Cadence/logs_ccarpenter38/logs0/Job48.log", "simid": "5", "event": "finish", "category": "obsolete"}
[2024-11-10 19:53:11.563 -0500] [PROCESS] [cadence.virtuoso.ade.simulationMonitor] - Point Finished {"hostname": "ece-linlab02.ece.gatech.edu", "processid": 2645154, "history": "ExplorerRun.0", "testname": "ECE4130_Project_SRAMCircuit_1", "cornername": "Nominal", "point": 1, "logfile": "/nethome/ccarpenter38/ECE6130_Updated/ECE6130_LAB/Cadence/logs_ccarpenter38/logs0/Job48.log", "event": "finish", "category": "sim-eval"}
[2024-11-10 19:53:12.564 -0500] [PROCESS] [cadence.virtuoso.ade.simulationMonitor] - Stay with the runId '5', Linger time '300', currentRunSyn '11', currentTestSyn '12' {"hostname": "ece-linlab02.ece.gatech.edu", "processid": 2645154, "history": "ExplorerRun.0", "testname": "ECE4130_Project_SRAMCircuit_1", "cornername": "Nominal", "point": 1, "logfile": "/nethome/ccarpenter38/ECE6130_Updated/ECE6130_LAB/Cadence/logs_ccarpenter38/logs0/Job48.log"}
[2024-11-10 19:58:12.051 -0500] [PROCESS] [cadence.virtuoso.ade.simulationMonitor] - Current memory used: 81.4648 MBytes, peak memory used: 83.2969 MBytes {"hostname": "ece-linlab02.ece.gatech.edu", "processid": 2645154, "history": "ExplorerRun.0", "testname": "ECE4130_Project_SRAMCircuit_1", "cornername": "Nominal", "point": 1, "logfile": "/nethome/ccarpenter38/ECE6130_Updated/ECE6130_LAB/Cadence/logs_ccarpenter38/logs0/Job48.log"}
[2024-11-10 19:58:12.051 -0500] [PROCESS] [cadence.virtuoso.ade.simulationMonitor] - Simulation Monitor process exits. {"hostname": "ece-linlab02.ece.gatech.edu", "processid": 2645154, "history": "ExplorerRun.0", "testname": "ECE4130_Project_SRAMCircuit_1", "cornername": "Nominal", "point": 1, "logfile": "/nethome/ccarpenter38/ECE6130_Updated/ECE6130_LAB/Cadence/logs_ccarpenter38/logs0/Job48.log"}
