[Simulation Monitor: 42]
[2024-11-10 19:17:46.109 -0500] [PROCESS] [cadence.virtuoso.ade.simulationMonitor] - Started the simulation monitor process {"hostname": "ece-linlab02.ece.gatech.edu", "processid": 2625448, "logfile": "/nethome/ccarpenter38/ECE6130_Updated/ECE6130_LAB/Cadence/logs_ccarpenter38/logs0/Job42.log", "simulation monitor command line": "/tools/software/cadence/ic/23.10.080/tools.lnx86/dfII/bin/64bit/spectreMonitor --davinciService DaVinciService_1950441_1731271604 --axlsession fnxSession16 -lscs 000175E1894CBE06FF0966E38F1FFC06BC4D77F482089272CC286FA78410926AD0246CE0EE7DFC06867C66E38F1FFC06BC4D66E38F1FFC06BC4D01D2C236B12FDB7C00001E21 -beanhost ece-linlab02.ece.gatech.edu -beanport 11781 -beanLogFile /nethome/ccarpenter38/ECE6130_Updated/ECE6130_LAB/Cadence/logs_ccarpenter38/logs0/amps_Job42.log -beanbinlog  --domain 0 --interactive yes --netlistOpt no --useMultiPointEvaluation yes --exprEvalShowJobStderr yes --evalSimParallel no --maxSims 0 --historyName ExplorerRun.0 --historyUUID  --exprEvaluator vds --mcMapping mc1.mapping --checkLogStatusInterval 0 --checkSimulatorLogTimeout 1200 --exprEvalMaxTries 3 --maxNFSSyncWait 60 -adeBrokerAddress ece-linlab02.ece.gatech.edu:32843 --statdbType h5v2 --fromADE true --virtuosoBinary virtuoso --guiDisplay ece-linlab02.ece.gatech.edu:1 --globalStatus 60 --evaluateMultiMC yes --evalOnSimFail SkipFailedAnalyses --numRetriesOnError 1 --fenixMode explorer --lingertimeout 300 -ahdlLockTimeout 60 --sdbLib ECE4130_Project --sdbCell SRAMCircuit --sdbView maestro --heartBeatFileDir /dev/shm --id 42 --uuid 6cf621d4-e7a2-4930-87b4-85045ff3aa71 --log /nethome/ccarpenter38/ECE6130_Updated/ECE6130_LAB/Cadence/logs_ccarpenter38/logs0/Job42.log "}
[2024-11-10 19:17:46.109 -0500] [PROCESS] [cadence.virtuoso.ade.simulationMonitor] - Started the simulation monitor process {"hostname": "ece-linlab02.ece.gatech.edu", "processid": 2625448, "logfile": "/nethome/ccarpenter38/ECE6130_Updated/ECE6130_LAB/Cadence/logs_ccarpenter38/logs0/Job42.log", "current directory": "/nethome/ccarpenter38/ECE6130_Updated/ECE6130_LAB/Cadence"}
[2024-11-10 19:17:46.109 -0500] [PROCESS] [cadence.virtuoso.ade.simulationMonitor] - Simulation Monitor has successfully started up. Trying to set up communication channels to other components ... {"hostname": "ece-linlab02.ece.gatech.edu", "processid": 2625448, "logfile": "/nethome/ccarpenter38/ECE6130_Updated/ECE6130_LAB/Cadence/logs_ccarpenter38/logs0/Job42.log"}
[2024-11-10 19:17:46.112 -0500] [PROCESS] [cadence.virtuoso.ade.simulationMonitor] - Communication channels have been successfully set up. Start processing events ... {"hostname": "ece-linlab02.ece.gatech.edu", "processid": 2625448, "logfile": "/nethome/ccarpenter38/ECE6130_Updated/ECE6130_LAB/Cadence/logs_ccarpenter38/logs0/Job42.log"}
[2024-11-10 19:17:46.112 -0500] [PROCESS] [cadence.virtuoso.ade.simulationMonitor] - Considering to start history {"hostname": "ece-linlab02.ece.gatech.edu", "processid": 2625448, "history": "ExplorerRun.0", "logfile": "/nethome/ccarpenter38/ECE6130_Updated/ECE6130_LAB/Cadence/logs_ccarpenter38/logs0/Job42.log"}
[2024-11-10 19:17:46.114 -0500] [PROCESS] [cadence.virtuoso.ade.simulationMonitor] - HostInfo:
Host name (type):	ece-linlab02.ece.gatech.edu (x86_64)
Operating system:	Linux 4.18.0-553.22.1.el8_10.x86_64 #1 SMP Wed Sep 11 18:02:00 EDT 2024 {"hostname": "ece-linlab02.ece.gatech.edu", "processid": 2625448, "history": "ExplorerRun.0", "logfile": "/nethome/ccarpenter38/ECE6130_Updated/ECE6130_LAB/Cadence/logs_ccarpenter38/logs0/Job42.log", "nodename": "ece-linlab02.ece.gatech.edu", "domainname": "(none)", "machine": "x86_64", "sysname": "Linux", "release": "4.18.0-553.22.1.el8_10.x86_64", "version": "#1 SMP Wed Sep 11 18:02:00 EDT 2024"}
[2024-11-10 19:17:46.114 -0500] [PROCESS] [cadence.virtuoso.ade.simulationMonitor] - UsageInfo:
pid=2625448
totalPhysicalMemory=15.098938GB,Used=14.045700GB,totalVirtualMemory=22.840145GB,Used=14.053230GB
Cpu: Cores=8, Load average:1.120000,1.260000,1.390000 {"hostname": "ece-linlab02.ece.gatech.edu", "processid": 2625448, "history": "ExplorerRun.0", "logfile": "/nethome/ccarpenter38/ECE6130_Updated/ECE6130_LAB/Cadence/logs_ccarpenter38/logs0/Job42.log", "pid": "2625448", "totalPhysicalMemory": "15.098938", "physicalMemoryUsed": "14.045700", "totalVirtualMemory": "22.840145", "virtualMemoryUsed": "14.053230", "cpuCores": "8", "processes": "1585", "loadAverage1": "1.120000", "loadAverage5": "1.260000", "loadAverage15": "1.390000", "loadAverage1Percent": "0.140000"}
[2024-11-10 19:17:46.120 -0500] [EVENT] [cadence.virtuoso.ade.simulationMonitor] - NewPoint {"history": "ExplorerRun.0", "point": 1, "testname": "ECE4130_Project_SRAMCircuit_1", "cornername": "Nominal", "event": "NewPoint", "EventSource": "Simulation Monitor", "HistoryName": "ExplorerRun.0", "logFile": "/nethome/ccarpenter38/ECE6130_Updated/ECE6130_LAB/Cadence/logs_ccarpenter38/logs0/Job42.log", "logFileSize": "4535", "category": "simulation"}
[2024-11-10 19:17:46.221 -0500] [EVENT] [cadence.virtuoso.ade.simulationMonitor] - NewPoint {"history": "ExplorerRun.0", "point": 1, "testname": "ECE4130_Project_SRAMCircuit_1", "cornername": "Nominal", "event": "NewPoint", "EventSource": "spectre", "HistoryName": "ExplorerRun.0", "logFile": "/nethome/ccarpenter38/simulation/ECE4130_Project/SRAMCircuit/maestro/results/maestro/ExplorerRun.0/1/ECE4130_Project_SRAMCircuit_1/psf/spectre.out", "logFileSize": "-1", "category": "simulation"}
[2024-11-10 19:17:46.382 -0500] [PROCESS] [cadence.virtuoso.ade.simulationMonitor] - Simulator launched {"hostname": "ece-linlab02.ece.gatech.edu", "processid": 2625448, "history": "ExplorerRun.0", "testname": "ECE4130_Project_SRAMCircuit_1", "cornername": "Nominal", "point": 1, "logfile": "/nethome/ccarpenter38/ECE6130_Updated/ECE6130_LAB/Cadence/logs_ccarpenter38/logs0/Job42.log", "simid": "1", "event": "launch", "category": "simulation"}
[2024-11-10 19:17:46.384 -0500] [PROCESS] [cadence.virtuoso.ade.simulationMonitor] - Expression evaluator launched {"hostname": "ece-linlab02.ece.gatech.edu", "processid": 2625448, "history": "ExplorerRun.0", "testname": "ECE4130_Project_SRAMCircuit_1", "cornername": "Nominal", "point": 1, "logfile": "/nethome/ccarpenter38/ECE6130_Updated/ECE6130_LAB/Cadence/logs_ccarpenter38/logs0/Job42.log"}
[2024-11-10 19:17:46.421 -0500] [PROCESS] [cadence.virtuoso.ade.simulationMonitor] - Started Simulation {"hostname": "ece-linlab02.ece.gatech.edu", "processid": 2625448, "history": "ExplorerRun.0", "testname": "ECE4130_Project_SRAMCircuit_1", "cornername": "Nominal", "point": 1, "logfile": "/nethome/ccarpenter38/ECE6130_Updated/ECE6130_LAB/Cadence/logs_ccarpenter38/logs0/Job42.log", "event": "start", "category": "simulation"}
[2024-11-10 19:17:46.921 -0500] [INFO] [cadence.virtuoso.ade.simulationMonitor] - Peak resident memory used = 166 Mbytes. {"history": "ExplorerRun.0", "point": 1, "testname": "ECE4130_Project_SRAMCircuit_1", "cornername": "Nominal"}
[2024-11-10 19:17:46.921 -0500] [INFO] [cadence.virtuoso.ade.simulationMonitor] - Peak resident memory used = 179 Mbytes. {"history": "ExplorerRun.0", "point": 1, "testname": "ECE4130_Project_SRAMCircuit_1", "cornername": "Nominal"}
[2024-11-10 19:17:46.922 -0500] [INFO] [cadence.virtuoso.ade.simulationMonitor] - Notice from spectre during hierarchy flattening.
    The value 'psf' specified for the 'checklimitdest' option will no longer be supported in future releases. Use 'spectre -h' to see other recommended values for the 'checklimitdest' option. {"history": "ExplorerRun.0", "point": 1, "testname": "ECE4130_Project_SRAMCircuit_1", "cornername": "Nominal"}
[2024-11-10 19:17:46.922 -0500] [INFO] [cadence.virtuoso.ade.simulationMonitor] - Peak resident memory used = 190 Mbytes. {"history": "ExplorerRun.0", "point": 1, "testname": "ECE4130_Project_SRAMCircuit_1", "cornername": "Nominal"}
[2024-11-10 19:17:47.439 -0500] [INFO] [cadence.virtuoso.ade.simulationMonitor] -               nodes 1520 {"history": "ExplorerRun.0", "point": 1, "testname": "ECE4130_Project_SRAMCircuit_1", "cornername": "Nominal"}
[2024-11-10 19:17:47.439 -0500] [INFO] [cadence.virtuoso.ade.simulationMonitor] - Notice from spectre during initial setup.
    Protected devices exist and are not included in the circuit inventory.
    7 vsources are shorted because their absolute value is less than or equal to 'vabsshort'.
    APS enabled. {"history": "ExplorerRun.0", "point": 1, "testname": "ECE4130_Project_SRAMCircuit_1", "cornername": "Nominal"}
[2024-11-10 19:17:47.442 -0500] [INFO] [cadence.virtuoso.ade.simulationMonitor] - Notice from spectre.
    Multithreading enabled: 8 threads in the system with 8 available processors. {"history": "ExplorerRun.0", "point": 1, "testname": "ECE4130_Project_SRAMCircuit_1", "cornername": "Nominal"}
[2024-11-10 19:17:47.442 -0500] [INFO] [cadence.virtuoso.ade.simulationMonitor] - Peak resident memory used = 228 Mbytes. {"history": "ExplorerRun.0", "point": 1, "testname": "ECE4130_Project_SRAMCircuit_1", "cornername": "Nominal"}
[2024-11-10 19:17:47.444 -0500] [INFO] [cadence.virtuoso.ade.simulationMonitor] -    -   (APS) Multi-threading. The recommended number of threads is 8, consider adding +mt=8 on command line. {"history": "ExplorerRun.0", "point": 1, "testname": "ECE4130_Project_SRAMCircuit_1", "cornername": "Nominal"}
[2024-11-10 19:17:53.951 -0500] [INFO] [cadence.virtuoso.ade.simulationMonitor] - Intrinsic tran analysis time:    CPU = 42.0078 s, elapsed = 6.21726 s. {"history": "ExplorerRun.0", "point": 1, "testname": "ECE4130_Project_SRAMCircuit_1", "cornername": "Nominal"}
[2024-11-10 19:17:53.951 -0500] [INFO] [cadence.virtuoso.ade.simulationMonitor] - Total time required for tran analysis `tran': CPU = 42.5593 s, elapsed = 6.3814 s, util. = 667%. {"history": "ExplorerRun.0", "point": 1, "testname": "ECE4130_Project_SRAMCircuit_1", "cornername": "Nominal"}
[2024-11-10 19:17:53.952 -0500] [INFO] [cadence.virtuoso.ade.simulationMonitor] - Peak resident memory used = 349 Mbytes. {"history": "ExplorerRun.0", "point": 1, "testname": "ECE4130_Project_SRAMCircuit_1", "cornername": "Nominal"}
[2024-11-10 19:17:54.454 -0500] [INFO] [cadence.virtuoso.ade.simulationMonitor] - Time used: CPU = 46.4 s, elapsed = 7.38 s, util. = 629%. {"history": "ExplorerRun.0", "point": 1, "testname": "ECE4130_Project_SRAMCircuit_1", "cornername": "Nominal"}
[2024-11-10 19:17:54.454 -0500] [INFO] [cadence.virtuoso.ade.simulationMonitor] - Time spent in licensing: elapsed = 70.6 ms. {"history": "ExplorerRun.0", "point": 1, "testname": "ECE4130_Project_SRAMCircuit_1", "cornername": "Nominal"}
[2024-11-10 19:17:54.455 -0500] [INFO] [cadence.virtuoso.ade.simulationMonitor] - Peak memory used = 349 Mbytes. {"history": "ExplorerRun.0", "point": 1, "testname": "ECE4130_Project_SRAMCircuit_1", "cornername": "Nominal"}
[2024-11-10 19:17:54.458 -0500] [PROCESS] [cadence.virtuoso.ade.simulationMonitor] - Simulation started at: 7:17:46 PM, Sun Nov 10, 2024, ended at: 7:17:53 PM, Sun Nov 10, 2024, with elapsed time (wall clock): 7.38 s. {"history": "ExplorerRun.0", "point": 1, "testname": "ECE4130_Project_SRAMCircuit_1", "cornername": "Nominal"}
[2024-11-10 19:17:54.458 -0500] [PROCESS] [cadence.virtuoso.ade.simulationMonitor] - spectre completes with 0 errors, 0 warnings, and 6 notices. {"history": "ExplorerRun.0", "point": 1, "testname": "ECE4130_Project_SRAMCircuit_1", "cornername": "Nominal"}
[2024-11-10 19:17:54.458 -0500] [PROCESS] [cadence.virtuoso.ade.simulationMonitor] - Finished simulating for one point {"hostname": "ece-linlab02.ece.gatech.edu", "processid": 2625448, "history": "ExplorerRun.0", "testname": "ECE4130_Project_SRAMCircuit_1", "cornername": "Nominal", "point": 1, "logfile": "/nethome/ccarpenter38/ECE6130_Updated/ECE6130_LAB/Cadence/logs_ccarpenter38/logs0/Job42.log", "simid": "1", "event": "finish", "category": "simulation"}
[2024-11-10 19:17:54.458 -0500] [PROCESS] [cadence.virtuoso.ade.simulationMonitor] - Simulator exited {"hostname": "ece-linlab02.ece.gatech.edu", "processid": 2625448, "history": "ExplorerRun.0", "testname": "ECE4130_Project_SRAMCircuit_1", "cornername": "Nominal", "point": 1, "logfile": "/nethome/ccarpenter38/ECE6130_Updated/ECE6130_LAB/Cadence/logs_ccarpenter38/logs0/Job42.log", "exitStatus": "0"}
[2024-11-10 19:17:54.458 -0500] [PROCESS] [cadence.virtuoso.ade.simulationMonitor] - Finished Simulation {"hostname": "ece-linlab02.ece.gatech.edu", "processid": 2625448, "history": "ExplorerRun.0", "testname": "ECE4130_Project_SRAMCircuit_1", "cornername": "Nominal", "point": 1, "logfile": "/nethome/ccarpenter38/ECE6130_Updated/ECE6130_LAB/Cadence/logs_ccarpenter38/logs0/Job42.log", "simid": "1", "event": "finish", "category": "obsolete"}
[2024-11-10 19:17:55.461 -0500] [PROCESS] [cadence.virtuoso.ade.simulationMonitor] - Point Finished {"hostname": "ece-linlab02.ece.gatech.edu", "processid": 2625448, "history": "ExplorerRun.0", "testname": "ECE4130_Project_SRAMCircuit_1", "cornername": "Nominal", "point": 1, "logfile": "/nethome/ccarpenter38/ECE6130_Updated/ECE6130_LAB/Cadence/logs_ccarpenter38/logs0/Job42.log", "event": "finish", "category": "sim-eval"}
[2024-11-10 19:17:56.462 -0500] [PROCESS] [cadence.virtuoso.ade.simulationMonitor] - Stay with the runId '0', Linger time '300', currentRunSyn '1', currentTestSyn '2' {"hostname": "ece-linlab02.ece.gatech.edu", "processid": 2625448, "history": "ExplorerRun.0", "testname": "ECE4130_Project_SRAMCircuit_1", "cornername": "Nominal", "point": 1, "logfile": "/nethome/ccarpenter38/ECE6130_Updated/ECE6130_LAB/Cadence/logs_ccarpenter38/logs0/Job42.log"}
[2024-11-10 19:20:01.899 -0500] [INFO] [cadence.virtuoso.ade.simulationMonitor] - SimulationMonitor has terminated the vds process '2625511', reason: 'Force to stop the expression evalutor process because of new run' {"history": "ExplorerRun.0", "point": 1, "testname": "ECE4130_Project_SRAMCircuit_1", "cornername": "Nominal"}
[2024-11-10 19:20:01.900 -0500] [PROCESS] [cadence.virtuoso.ade.simulationMonitor] - HostInfo:
Host name (type):	ece-linlab02.ece.gatech.edu (x86_64)
Operating system:	Linux 4.18.0-553.22.1.el8_10.x86_64 #1 SMP Wed Sep 11 18:02:00 EDT 2024 {"hostname": "ece-linlab02.ece.gatech.edu", "processid": 2625448, "history": "ExplorerRun.0", "testname": "ECE4130_Project_SRAMCircuit_1", "cornername": "Nominal", "point": 1, "logfile": "/nethome/ccarpenter38/ECE6130_Updated/ECE6130_LAB/Cadence/logs_ccarpenter38/logs0/Job42.log", "nodename": "ece-linlab02.ece.gatech.edu", "domainname": "(none)", "machine": "x86_64", "sysname": "Linux", "release": "4.18.0-553.22.1.el8_10.x86_64", "version": "#1 SMP Wed Sep 11 18:02:00 EDT 2024"}
[2024-11-10 19:20:01.900 -0500] [PROCESS] [cadence.virtuoso.ade.simulationMonitor] - UsageInfo:
pid=2625448
totalPhysicalMemory=15.098938GB,Used=14.027256GB,totalVirtualMemory=22.840145GB,Used=14.034786GB
Cpu: Cores=8, Load average:1.240000,1.280000,1.370000 {"hostname": "ece-linlab02.ece.gatech.edu", "processid": 2625448, "history": "ExplorerRun.0", "testname": "ECE4130_Project_SRAMCircuit_1", "cornername": "Nominal", "point": 1, "logfile": "/nethome/ccarpenter38/ECE6130_Updated/ECE6130_LAB/Cadence/logs_ccarpenter38/logs0/Job42.log", "pid": "2625448", "totalPhysicalMemory": "15.098938", "physicalMemoryUsed": "14.027256", "totalVirtualMemory": "22.840145", "virtualMemoryUsed": "14.034786", "cpuCores": "8", "processes": "1588", "loadAverage1": "1.240000", "loadAverage5": "1.280000", "loadAverage15": "1.370000", "loadAverage1Percent": "0.155000"}
[2024-11-10 19:20:01.906 -0500] [EVENT] [cadence.virtuoso.ade.simulationMonitor] - NewPoint {"history": "ExplorerRun.0", "point": 1, "testname": "ECE4130_Project_SRAMCircuit_1", "cornername": "Nominal", "event": "NewPoint", "EventSource": "Simulation Monitor", "HistoryName": "ExplorerRun.0", "logFile": "/nethome/ccarpenter38/ECE6130_Updated/ECE6130_LAB/Cadence/logs_ccarpenter38/logs0/Job42.log", "logFileSize": "15520", "category": "simulation"}
[2024-11-10 19:20:02.008 -0500] [EVENT] [cadence.virtuoso.ade.simulationMonitor] - NewPoint {"history": "ExplorerRun.0", "point": 1, "testname": "ECE4130_Project_SRAMCircuit_1", "cornername": "Nominal", "event": "NewPoint", "EventSource": "spectre", "HistoryName": "ExplorerRun.0", "logFile": "/nethome/ccarpenter38/simulation/ECE4130_Project/SRAMCircuit/maestro/results/maestro/ExplorerRun.0/1/ECE4130_Project_SRAMCircuit_1/psf/spectre.out", "logFileSize": "-1", "category": "simulation"}
[2024-11-10 19:20:02.153 -0500] [PROCESS] [cadence.virtuoso.ade.simulationMonitor] - Simulator launched {"hostname": "ece-linlab02.ece.gatech.edu", "processid": 2625448, "history": "ExplorerRun.0", "testname": "ECE4130_Project_SRAMCircuit_1", "cornername": "Nominal", "point": 1, "logfile": "/nethome/ccarpenter38/ECE6130_Updated/ECE6130_LAB/Cadence/logs_ccarpenter38/logs0/Job42.log", "simid": "2", "event": "launch", "category": "simulation"}
[2024-11-10 19:20:02.155 -0500] [PROCESS] [cadence.virtuoso.ade.simulationMonitor] - Expression evaluator launched {"hostname": "ece-linlab02.ece.gatech.edu", "processid": 2625448, "history": "ExplorerRun.0", "testname": "ECE4130_Project_SRAMCircuit_1", "cornername": "Nominal", "point": 1, "logfile": "/nethome/ccarpenter38/ECE6130_Updated/ECE6130_LAB/Cadence/logs_ccarpenter38/logs0/Job42.log"}
[2024-11-10 19:20:02.191 -0500] [PROCESS] [cadence.virtuoso.ade.simulationMonitor] - Started Simulation {"hostname": "ece-linlab02.ece.gatech.edu", "processid": 2625448, "history": "ExplorerRun.0", "testname": "ECE4130_Project_SRAMCircuit_1", "cornername": "Nominal", "point": 1, "logfile": "/nethome/ccarpenter38/ECE6130_Updated/ECE6130_LAB/Cadence/logs_ccarpenter38/logs0/Job42.log", "event": "start", "category": "simulation"}
[2024-11-10 19:20:02.692 -0500] [INFO] [cadence.virtuoso.ade.simulationMonitor] - Peak resident memory used = 164 Mbytes. {"history": "ExplorerRun.0", "point": 1, "testname": "ECE4130_Project_SRAMCircuit_1", "cornername": "Nominal"}
[2024-11-10 19:20:02.692 -0500] [INFO] [cadence.virtuoso.ade.simulationMonitor] - Peak resident memory used = 176 Mbytes. {"history": "ExplorerRun.0", "point": 1, "testname": "ECE4130_Project_SRAMCircuit_1", "cornername": "Nominal"}
[2024-11-10 19:20:02.692 -0500] [INFO] [cadence.virtuoso.ade.simulationMonitor] - Notice from spectre during hierarchy flattening.
    The value 'psf' specified for the 'checklimitdest' option will no longer be supported in future releases. Use 'spectre -h' to see other recommended values for the 'checklimitdest' option. {"history": "ExplorerRun.0", "point": 1, "testname": "ECE4130_Project_SRAMCircuit_1", "cornername": "Nominal"}
[2024-11-10 19:20:02.692 -0500] [INFO] [cadence.virtuoso.ade.simulationMonitor] - Peak resident memory used = 188 Mbytes. {"history": "ExplorerRun.0", "point": 1, "testname": "ECE4130_Project_SRAMCircuit_1", "cornername": "Nominal"}
[2024-11-10 19:20:03.198 -0500] [INFO] [cadence.virtuoso.ade.simulationMonitor] -               nodes 1520 {"history": "ExplorerRun.0", "point": 1, "testname": "ECE4130_Project_SRAMCircuit_1", "cornername": "Nominal"}
[2024-11-10 19:20:03.198 -0500] [INFO] [cadence.virtuoso.ade.simulationMonitor] - Notice from spectre during initial setup.
    Protected devices exist and are not included in the circuit inventory.
    7 vsources are shorted because their absolute value is less than or equal to 'vabsshort'.
    APS enabled. {"history": "ExplorerRun.0", "point": 1, "testname": "ECE4130_Project_SRAMCircuit_1", "cornername": "Nominal"}
[2024-11-10 19:20:03.200 -0500] [INFO] [cadence.virtuoso.ade.simulationMonitor] - Notice from spectre.
    Multithreading enabled: 8 threads in the system with 8 available processors. {"history": "ExplorerRun.0", "point": 1, "testname": "ECE4130_Project_SRAMCircuit_1", "cornername": "Nominal"}
[2024-11-10 19:20:03.200 -0500] [INFO] [cadence.virtuoso.ade.simulationMonitor] - Peak resident memory used = 226 Mbytes. {"history": "ExplorerRun.0", "point": 1, "testname": "ECE4130_Project_SRAMCircuit_1", "cornername": "Nominal"}
[2024-11-10 19:20:03.203 -0500] [INFO] [cadence.virtuoso.ade.simulationMonitor] -    -   (APS) Multi-threading. The recommended number of threads is 8, consider adding +mt=8 on command line. {"history": "ExplorerRun.0", "point": 1, "testname": "ECE4130_Project_SRAMCircuit_1", "cornername": "Nominal"}
[2024-11-10 19:20:09.710 -0500] [INFO] [cadence.virtuoso.ade.simulationMonitor] - Intrinsic tran analysis time:    CPU = 41.8963 s, elapsed = 6.112 s. {"history": "ExplorerRun.0", "point": 1, "testname": "ECE4130_Project_SRAMCircuit_1", "cornername": "Nominal"}
[2024-11-10 19:20:09.710 -0500] [INFO] [cadence.virtuoso.ade.simulationMonitor] - Total time required for tran analysis `tran': CPU = 42.4609 s, elapsed = 6.28367 s, util. = 676%. {"history": "ExplorerRun.0", "point": 1, "testname": "ECE4130_Project_SRAMCircuit_1", "cornername": "Nominal"}
[2024-11-10 19:20:09.710 -0500] [INFO] [cadence.virtuoso.ade.simulationMonitor] - Peak resident memory used = 347 Mbytes. {"history": "ExplorerRun.0", "point": 1, "testname": "ECE4130_Project_SRAMCircuit_1", "cornername": "Nominal"}
[2024-11-10 19:20:09.712 -0500] [INFO] [cadence.virtuoso.ade.simulationMonitor] - Time used: CPU = 46.5 s, elapsed = 7.33 s, util. = 635%. {"history": "ExplorerRun.0", "point": 1, "testname": "ECE4130_Project_SRAMCircuit_1", "cornername": "Nominal"}
[2024-11-10 19:20:09.712 -0500] [INFO] [cadence.virtuoso.ade.simulationMonitor] - Time spent in licensing: elapsed = 69.9 ms. {"history": "ExplorerRun.0", "point": 1, "testname": "ECE4130_Project_SRAMCircuit_1", "cornername": "Nominal"}
[2024-11-10 19:20:09.713 -0500] [INFO] [cadence.virtuoso.ade.simulationMonitor] - Peak memory used = 347 Mbytes. {"history": "ExplorerRun.0", "point": 1, "testname": "ECE4130_Project_SRAMCircuit_1", "cornername": "Nominal"}
[2024-11-10 19:20:09.717 -0500] [PROCESS] [cadence.virtuoso.ade.simulationMonitor] - Simulation started at: 7:20:02 PM, Sun Nov 10, 2024, ended at: 7:20:09 PM, Sun Nov 10, 2024, with elapsed time (wall clock): 7.33 s. {"history": "ExplorerRun.0", "point": 1, "testname": "ECE4130_Project_SRAMCircuit_1", "cornername": "Nominal"}
[2024-11-10 19:20:09.717 -0500] [PROCESS] [cadence.virtuoso.ade.simulationMonitor] - spectre completes with 0 errors, 0 warnings, and 6 notices. {"history": "ExplorerRun.0", "point": 1, "testname": "ECE4130_Project_SRAMCircuit_1", "cornername": "Nominal"}
[2024-11-10 19:20:10.218 -0500] [PROCESS] [cadence.virtuoso.ade.simulationMonitor] - Finished simulating for one point {"hostname": "ece-linlab02.ece.gatech.edu", "processid": 2625448, "history": "ExplorerRun.0", "testname": "ECE4130_Project_SRAMCircuit_1", "cornername": "Nominal", "point": 1, "logfile": "/nethome/ccarpenter38/ECE6130_Updated/ECE6130_LAB/Cadence/logs_ccarpenter38/logs0/Job42.log", "simid": "2", "event": "finish", "category": "simulation"}
[2024-11-10 19:20:10.218 -0500] [PROCESS] [cadence.virtuoso.ade.simulationMonitor] - Simulator exited {"hostname": "ece-linlab02.ece.gatech.edu", "processid": 2625448, "history": "ExplorerRun.0", "testname": "ECE4130_Project_SRAMCircuit_1", "cornername": "Nominal", "point": 1, "logfile": "/nethome/ccarpenter38/ECE6130_Updated/ECE6130_LAB/Cadence/logs_ccarpenter38/logs0/Job42.log", "exitStatus": "0"}
[2024-11-10 19:20:10.218 -0500] [PROCESS] [cadence.virtuoso.ade.simulationMonitor] - Finished Simulation {"hostname": "ece-linlab02.ece.gatech.edu", "processid": 2625448, "history": "ExplorerRun.0", "testname": "ECE4130_Project_SRAMCircuit_1", "cornername": "Nominal", "point": 1, "logfile": "/nethome/ccarpenter38/ECE6130_Updated/ECE6130_LAB/Cadence/logs_ccarpenter38/logs0/Job42.log", "simid": "2", "event": "finish", "category": "obsolete"}
[2024-11-10 19:20:11.222 -0500] [PROCESS] [cadence.virtuoso.ade.simulationMonitor] - Point Finished {"hostname": "ece-linlab02.ece.gatech.edu", "processid": 2625448, "history": "ExplorerRun.0", "testname": "ECE4130_Project_SRAMCircuit_1", "cornername": "Nominal", "point": 1, "logfile": "/nethome/ccarpenter38/ECE6130_Updated/ECE6130_LAB/Cadence/logs_ccarpenter38/logs0/Job42.log", "event": "finish", "category": "sim-eval"}
[2024-11-10 19:21:31.203 -0500] [INFO] [cadence.virtuoso.ade.simulationMonitor] - SimulationMonitor has terminated the vds process '2627321', reason: 'Force to stop the expression evalutor process because of new run' {"history": "ExplorerRun.0", "point": 1, "testname": "ECE4130_Project_SRAMCircuit_1", "cornername": "Nominal"}
[2024-11-10 19:21:31.205 -0500] [PROCESS] [cadence.virtuoso.ade.simulationMonitor] - HostInfo:
Host name (type):	ece-linlab02.ece.gatech.edu (x86_64)
Operating system:	Linux 4.18.0-553.22.1.el8_10.x86_64 #1 SMP Wed Sep 11 18:02:00 EDT 2024 {"hostname": "ece-linlab02.ece.gatech.edu", "processid": 2625448, "history": "ExplorerRun.0", "testname": "ECE4130_Project_SRAMCircuit_1", "cornername": "Nominal", "point": 1, "logfile": "/nethome/ccarpenter38/ECE6130_Updated/ECE6130_LAB/Cadence/logs_ccarpenter38/logs0/Job42.log", "nodename": "ece-linlab02.ece.gatech.edu", "domainname": "(none)", "machine": "x86_64", "sysname": "Linux", "release": "4.18.0-553.22.1.el8_10.x86_64", "version": "#1 SMP Wed Sep 11 18:02:00 EDT 2024"}
[2024-11-10 19:21:31.205 -0500] [PROCESS] [cadence.virtuoso.ade.simulationMonitor] - UsageInfo:
pid=2625448
totalPhysicalMemory=15.098938GB,Used=14.048351GB,totalVirtualMemory=22.840145GB,Used=14.055882GB
Cpu: Cores=8, Load average:0.940000,1.200000,1.340000 {"hostname": "ece-linlab02.ece.gatech.edu", "processid": 2625448, "history": "ExplorerRun.0", "testname": "ECE4130_Project_SRAMCircuit_1", "cornername": "Nominal", "point": 1, "logfile": "/nethome/ccarpenter38/ECE6130_Updated/ECE6130_LAB/Cadence/logs_ccarpenter38/logs0/Job42.log", "pid": "2625448", "totalPhysicalMemory": "15.098938", "physicalMemoryUsed": "14.048351", "totalVirtualMemory": "22.840145", "virtualMemoryUsed": "14.055882", "cpuCores": "8", "processes": "1590", "loadAverage1": "0.940000", "loadAverage5": "1.200000", "loadAverage15": "1.340000", "loadAverage1Percent": "0.117500"}
[2024-11-10 19:21:31.210 -0500] [EVENT] [cadence.virtuoso.ade.simulationMonitor] - NewPoint {"history": "ExplorerRun.0", "point": 1, "testname": "ECE4130_Project_SRAMCircuit_1", "cornername": "Nominal", "event": "NewPoint", "EventSource": "Simulation Monitor", "HistoryName": "ExplorerRun.0", "logFile": "/nethome/ccarpenter38/ECE6130_Updated/ECE6130_LAB/Cadence/logs_ccarpenter38/logs0/Job42.log", "logFileSize": "26056", "category": "simulation"}
[2024-11-10 19:21:31.312 -0500] [EVENT] [cadence.virtuoso.ade.simulationMonitor] - NewPoint {"history": "ExplorerRun.0", "point": 1, "testname": "ECE4130_Project_SRAMCircuit_1", "cornername": "Nominal", "event": "NewPoint", "EventSource": "spectre", "HistoryName": "ExplorerRun.0", "logFile": "/nethome/ccarpenter38/simulation/ECE4130_Project/SRAMCircuit/maestro/results/maestro/ExplorerRun.0/1/ECE4130_Project_SRAMCircuit_1/psf/spectre.out", "logFileSize": "-1", "category": "simulation"}
[2024-11-10 19:21:31.446 -0500] [PROCESS] [cadence.virtuoso.ade.simulationMonitor] - Simulator launched {"hostname": "ece-linlab02.ece.gatech.edu", "processid": 2625448, "history": "ExplorerRun.0", "testname": "ECE4130_Project_SRAMCircuit_1", "cornername": "Nominal", "point": 1, "logfile": "/nethome/ccarpenter38/ECE6130_Updated/ECE6130_LAB/Cadence/logs_ccarpenter38/logs0/Job42.log", "simid": "3", "event": "launch", "category": "simulation"}
[2024-11-10 19:21:31.448 -0500] [PROCESS] [cadence.virtuoso.ade.simulationMonitor] - Expression evaluator launched {"hostname": "ece-linlab02.ece.gatech.edu", "processid": 2625448, "history": "ExplorerRun.0", "testname": "ECE4130_Project_SRAMCircuit_1", "cornername": "Nominal", "point": 1, "logfile": "/nethome/ccarpenter38/ECE6130_Updated/ECE6130_LAB/Cadence/logs_ccarpenter38/logs0/Job42.log"}
[2024-11-10 19:21:31.484 -0500] [PROCESS] [cadence.virtuoso.ade.simulationMonitor] - Started Simulation {"hostname": "ece-linlab02.ece.gatech.edu", "processid": 2625448, "history": "ExplorerRun.0", "testname": "ECE4130_Project_SRAMCircuit_1", "cornername": "Nominal", "point": 1, "logfile": "/nethome/ccarpenter38/ECE6130_Updated/ECE6130_LAB/Cadence/logs_ccarpenter38/logs0/Job42.log", "event": "start", "category": "simulation"}
[2024-11-10 19:21:31.985 -0500] [INFO] [cadence.virtuoso.ade.simulationMonitor] - Peak resident memory used = 167 Mbytes. {"history": "ExplorerRun.0", "point": 1, "testname": "ECE4130_Project_SRAMCircuit_1", "cornername": "Nominal"}
[2024-11-10 19:21:31.985 -0500] [INFO] [cadence.virtuoso.ade.simulationMonitor] - Peak resident memory used = 179 Mbytes. {"history": "ExplorerRun.0", "point": 1, "testname": "ECE4130_Project_SRAMCircuit_1", "cornername": "Nominal"}
[2024-11-10 19:21:31.985 -0500] [INFO] [cadence.virtuoso.ade.simulationMonitor] - Notice from spectre during hierarchy flattening.
    The value 'psf' specified for the 'checklimitdest' option will no longer be supported in future releases. Use 'spectre -h' to see other recommended values for the 'checklimitdest' option. {"history": "ExplorerRun.0", "point": 1, "testname": "ECE4130_Project_SRAMCircuit_1", "cornername": "Nominal"}
[2024-11-10 19:21:31.985 -0500] [INFO] [cadence.virtuoso.ade.simulationMonitor] - Peak resident memory used = 190 Mbytes. {"history": "ExplorerRun.0", "point": 1, "testname": "ECE4130_Project_SRAMCircuit_1", "cornername": "Nominal"}
[2024-11-10 19:21:32.493 -0500] [INFO] [cadence.virtuoso.ade.simulationMonitor] -               nodes 1520 {"history": "ExplorerRun.0", "point": 1, "testname": "ECE4130_Project_SRAMCircuit_1", "cornername": "Nominal"}
[2024-11-10 19:21:32.493 -0500] [INFO] [cadence.virtuoso.ade.simulationMonitor] - Notice from spectre during initial setup.
    Protected devices exist and are not included in the circuit inventory.
    7 vsources are shorted because their absolute value is less than or equal to 'vabsshort'.
    APS enabled. {"history": "ExplorerRun.0", "point": 1, "testname": "ECE4130_Project_SRAMCircuit_1", "cornername": "Nominal"}
[2024-11-10 19:21:32.494 -0500] [INFO] [cadence.virtuoso.ade.simulationMonitor] - Notice from spectre.
    Multithreading enabled: 8 threads in the system with 8 available processors. {"history": "ExplorerRun.0", "point": 1, "testname": "ECE4130_Project_SRAMCircuit_1", "cornername": "Nominal"}
[2024-11-10 19:21:32.494 -0500] [INFO] [cadence.virtuoso.ade.simulationMonitor] - Peak resident memory used = 228 Mbytes. {"history": "ExplorerRun.0", "point": 1, "testname": "ECE4130_Project_SRAMCircuit_1", "cornername": "Nominal"}
[2024-11-10 19:21:32.496 -0500] [INFO] [cadence.virtuoso.ade.simulationMonitor] -    -   (APS) Multi-threading. The recommended number of threads is 8, consider adding +mt=8 on command line. {"history": "ExplorerRun.0", "point": 1, "testname": "ECE4130_Project_SRAMCircuit_1", "cornername": "Nominal"}
[2024-11-10 19:21:39.004 -0500] [INFO] [cadence.virtuoso.ade.simulationMonitor] - Intrinsic tran analysis time:    CPU = 41.8432 s, elapsed = 6.13101 s. {"history": "ExplorerRun.0", "point": 1, "testname": "ECE4130_Project_SRAMCircuit_1", "cornername": "Nominal"}
[2024-11-10 19:21:39.004 -0500] [INFO] [cadence.virtuoso.ade.simulationMonitor] - Total time required for tran analysis `tran': CPU = 42.3708 s, elapsed = 6.29932 s, util. = 673%. {"history": "ExplorerRun.0", "point": 1, "testname": "ECE4130_Project_SRAMCircuit_1", "cornername": "Nominal"}
[2024-11-10 19:21:39.004 -0500] [INFO] [cadence.virtuoso.ade.simulationMonitor] - Peak resident memory used = 351 Mbytes. {"history": "ExplorerRun.0", "point": 1, "testname": "ECE4130_Project_SRAMCircuit_1", "cornername": "Nominal"}
[2024-11-10 19:21:39.006 -0500] [INFO] [cadence.virtuoso.ade.simulationMonitor] - Time used: CPU = 46.4 s, elapsed = 7.33 s, util. = 633%. {"history": "ExplorerRun.0", "point": 1, "testname": "ECE4130_Project_SRAMCircuit_1", "cornername": "Nominal"}
[2024-11-10 19:21:39.006 -0500] [INFO] [cadence.virtuoso.ade.simulationMonitor] - Time spent in licensing: elapsed = 70.5 ms. {"history": "ExplorerRun.0", "point": 1, "testname": "ECE4130_Project_SRAMCircuit_1", "cornername": "Nominal"}
[2024-11-10 19:21:39.007 -0500] [INFO] [cadence.virtuoso.ade.simulationMonitor] - Peak memory used = 351 Mbytes. {"history": "ExplorerRun.0", "point": 1, "testname": "ECE4130_Project_SRAMCircuit_1", "cornername": "Nominal"}
[2024-11-10 19:21:39.009 -0500] [PROCESS] [cadence.virtuoso.ade.simulationMonitor] - Simulation started at: 7:21:31 PM, Sun Nov 10, 2024, ended at: 7:21:38 PM, Sun Nov 10, 2024, with elapsed time (wall clock): 7.33 s. {"history": "ExplorerRun.0", "point": 1, "testname": "ECE4130_Project_SRAMCircuit_1", "cornername": "Nominal"}
[2024-11-10 19:21:39.009 -0500] [PROCESS] [cadence.virtuoso.ade.simulationMonitor] - spectre completes with 0 errors, 0 warnings, and 6 notices. {"history": "ExplorerRun.0", "point": 1, "testname": "ECE4130_Project_SRAMCircuit_1", "cornername": "Nominal"}
[2024-11-10 19:21:39.009 -0500] [PROCESS] [cadence.virtuoso.ade.simulationMonitor] - Finished simulating for one point {"hostname": "ece-linlab02.ece.gatech.edu", "processid": 2625448, "history": "ExplorerRun.0", "testname": "ECE4130_Project_SRAMCircuit_1", "cornername": "Nominal", "point": 1, "logfile": "/nethome/ccarpenter38/ECE6130_Updated/ECE6130_LAB/Cadence/logs_ccarpenter38/logs0/Job42.log", "simid": "3", "event": "finish", "category": "simulation"}
[2024-11-10 19:21:39.010 -0500] [PROCESS] [cadence.virtuoso.ade.simulationMonitor] - Simulator exited {"hostname": "ece-linlab02.ece.gatech.edu", "processid": 2625448, "history": "ExplorerRun.0", "testname": "ECE4130_Project_SRAMCircuit_1", "cornername": "Nominal", "point": 1, "logfile": "/nethome/ccarpenter38/ECE6130_Updated/ECE6130_LAB/Cadence/logs_ccarpenter38/logs0/Job42.log", "exitStatus": "0"}
[2024-11-10 19:21:39.010 -0500] [PROCESS] [cadence.virtuoso.ade.simulationMonitor] - Finished Simulation {"hostname": "ece-linlab02.ece.gatech.edu", "processid": 2625448, "history": "ExplorerRun.0", "testname": "ECE4130_Project_SRAMCircuit_1", "cornername": "Nominal", "point": 1, "logfile": "/nethome/ccarpenter38/ECE6130_Updated/ECE6130_LAB/Cadence/logs_ccarpenter38/logs0/Job42.log", "simid": "3", "event": "finish", "category": "obsolete"}
[2024-11-10 19:21:40.012 -0500] [PROCESS] [cadence.virtuoso.ade.simulationMonitor] - Point Finished {"hostname": "ece-linlab02.ece.gatech.edu", "processid": 2625448, "history": "ExplorerRun.0", "testname": "ECE4130_Project_SRAMCircuit_1", "cornername": "Nominal", "point": 1, "logfile": "/nethome/ccarpenter38/ECE6130_Updated/ECE6130_LAB/Cadence/logs_ccarpenter38/logs0/Job42.log", "event": "finish", "category": "sim-eval"}
[2024-11-10 19:21:41.013 -0500] [PROCESS] [cadence.virtuoso.ade.simulationMonitor] - Stay with the runId '2', Linger time '300', currentRunSyn '5', currentTestSyn '6' {"hostname": "ece-linlab02.ece.gatech.edu", "processid": 2625448, "history": "ExplorerRun.0", "testname": "ECE4130_Project_SRAMCircuit_1", "cornername": "Nominal", "point": 1, "logfile": "/nethome/ccarpenter38/ECE6130_Updated/ECE6130_LAB/Cadence/logs_ccarpenter38/logs0/Job42.log"}
[2024-11-10 19:24:04.933 -0500] [INFO] [cadence.virtuoso.ade.simulationMonitor] - SimulationMonitor has terminated the vds process '2628713', reason: 'Force to stop the expression evalutor process because of new run' {"history": "ExplorerRun.0", "point": 1, "testname": "ECE4130_Project_SRAMCircuit_1", "cornername": "Nominal"}
[2024-11-10 19:24:04.935 -0500] [PROCESS] [cadence.virtuoso.ade.simulationMonitor] - HostInfo:
Host name (type):	ece-linlab02.ece.gatech.edu (x86_64)
Operating system:	Linux 4.18.0-553.22.1.el8_10.x86_64 #1 SMP Wed Sep 11 18:02:00 EDT 2024 {"hostname": "ece-linlab02.ece.gatech.edu", "processid": 2625448, "history": "ExplorerRun.0", "testname": "ECE4130_Project_SRAMCircuit_1", "cornername": "Nominal", "point": 1, "logfile": "/nethome/ccarpenter38/ECE6130_Updated/ECE6130_LAB/Cadence/logs_ccarpenter38/logs0/Job42.log", "nodename": "ece-linlab02.ece.gatech.edu", "domainname": "(none)", "machine": "x86_64", "sysname": "Linux", "release": "4.18.0-553.22.1.el8_10.x86_64", "version": "#1 SMP Wed Sep 11 18:02:00 EDT 2024"}
[2024-11-10 19:24:04.935 -0500] [PROCESS] [cadence.virtuoso.ade.simulationMonitor] - UsageInfo:
pid=2625448
totalPhysicalMemory=15.098938GB,Used=13.776871GB,totalVirtualMemory=22.840145GB,Used=13.784401GB
Cpu: Cores=8, Load average:1.380000,1.320000,1.360000 {"hostname": "ece-linlab02.ece.gatech.edu", "processid": 2625448, "history": "ExplorerRun.0", "testname": "ECE4130_Project_SRAMCircuit_1", "cornername": "Nominal", "point": 1, "logfile": "/nethome/ccarpenter38/ECE6130_Updated/ECE6130_LAB/Cadence/logs_ccarpenter38/logs0/Job42.log", "pid": "2625448", "totalPhysicalMemory": "15.098938", "physicalMemoryUsed": "13.776871", "totalVirtualMemory": "22.840145", "virtualMemoryUsed": "13.784401", "cpuCores": "8", "processes": "1556", "loadAverage1": "1.380000", "loadAverage5": "1.320000", "loadAverage15": "1.360000", "loadAverage1Percent": "0.172500"}
[2024-11-10 19:24:04.946 -0500] [EVENT] [cadence.virtuoso.ade.simulationMonitor] - NewPoint {"history": "ExplorerRun.0", "point": 1, "testname": "ECE4130_Project_SRAMCircuit_1", "cornername": "Nominal", "event": "NewPoint", "EventSource": "Simulation Monitor", "HistoryName": "ExplorerRun.0", "logFile": "/nethome/ccarpenter38/ECE6130_Updated/ECE6130_LAB/Cadence/logs_ccarpenter38/logs0/Job42.log", "logFileSize": "37043", "category": "simulation"}
[2024-11-10 19:24:05.050 -0500] [EVENT] [cadence.virtuoso.ade.simulationMonitor] - NewPoint {"history": "ExplorerRun.0", "point": 1, "testname": "ECE4130_Project_SRAMCircuit_1", "cornername": "Nominal", "event": "NewPoint", "EventSource": "spectre", "HistoryName": "ExplorerRun.0", "logFile": "/nethome/ccarpenter38/simulation/ECE4130_Project/SRAMCircuit/maestro/results/maestro/ExplorerRun.0/1/ECE4130_Project_SRAMCircuit_1/psf/spectre.out", "logFileSize": "-1", "category": "simulation"}
[2024-11-10 19:24:05.218 -0500] [PROCESS] [cadence.virtuoso.ade.simulationMonitor] - Simulator launched {"hostname": "ece-linlab02.ece.gatech.edu", "processid": 2625448, "history": "ExplorerRun.0", "testname": "ECE4130_Project_SRAMCircuit_1", "cornername": "Nominal", "point": 1, "logfile": "/nethome/ccarpenter38/ECE6130_Updated/ECE6130_LAB/Cadence/logs_ccarpenter38/logs0/Job42.log", "simid": "4", "event": "launch", "category": "simulation"}
[2024-11-10 19:24:05.221 -0500] [PROCESS] [cadence.virtuoso.ade.simulationMonitor] - Expression evaluator launched {"hostname": "ece-linlab02.ece.gatech.edu", "processid": 2625448, "history": "ExplorerRun.0", "testname": "ECE4130_Project_SRAMCircuit_1", "cornername": "Nominal", "point": 1, "logfile": "/nethome/ccarpenter38/ECE6130_Updated/ECE6130_LAB/Cadence/logs_ccarpenter38/logs0/Job42.log"}
[2024-11-10 19:24:05.260 -0500] [PROCESS] [cadence.virtuoso.ade.simulationMonitor] - Started Simulation {"hostname": "ece-linlab02.ece.gatech.edu", "processid": 2625448, "history": "ExplorerRun.0", "testname": "ECE4130_Project_SRAMCircuit_1", "cornername": "Nominal", "point": 1, "logfile": "/nethome/ccarpenter38/ECE6130_Updated/ECE6130_LAB/Cadence/logs_ccarpenter38/logs0/Job42.log", "event": "start", "category": "simulation"}
[2024-11-10 19:24:05.760 -0500] [INFO] [cadence.virtuoso.ade.simulationMonitor] - Peak resident memory used = 168 Mbytes. {"history": "ExplorerRun.0", "point": 1, "testname": "ECE4130_Project_SRAMCircuit_1", "cornername": "Nominal"}
[2024-11-10 19:24:05.760 -0500] [INFO] [cadence.virtuoso.ade.simulationMonitor] - Peak resident memory used = 180 Mbytes. {"history": "ExplorerRun.0", "point": 1, "testname": "ECE4130_Project_SRAMCircuit_1", "cornername": "Nominal"}
[2024-11-10 19:24:05.761 -0500] [INFO] [cadence.virtuoso.ade.simulationMonitor] - Notice from spectre during hierarchy flattening.
    The value 'psf' specified for the 'checklimitdest' option will no longer be supported in future releases. Use 'spectre -h' to see other recommended values for the 'checklimitdest' option. {"history": "ExplorerRun.0", "point": 1, "testname": "ECE4130_Project_SRAMCircuit_1", "cornername": "Nominal"}
[2024-11-10 19:24:05.761 -0500] [INFO] [cadence.virtuoso.ade.simulationMonitor] - Peak resident memory used = 191 Mbytes. {"history": "ExplorerRun.0", "point": 1, "testname": "ECE4130_Project_SRAMCircuit_1", "cornername": "Nominal"}
[2024-11-10 19:24:06.276 -0500] [INFO] [cadence.virtuoso.ade.simulationMonitor] -               nodes 1520 {"history": "ExplorerRun.0", "point": 1, "testname": "ECE4130_Project_SRAMCircuit_1", "cornername": "Nominal"}
[2024-11-10 19:24:06.276 -0500] [INFO] [cadence.virtuoso.ade.simulationMonitor] - Notice from spectre during initial setup.
    Protected devices exist and are not included in the circuit inventory.
    7 vsources are shorted because their absolute value is less than or equal to 'vabsshort'.
    APS enabled. {"history": "ExplorerRun.0", "point": 1, "testname": "ECE4130_Project_SRAMCircuit_1", "cornername": "Nominal"}
[2024-11-10 19:24:06.279 -0500] [INFO] [cadence.virtuoso.ade.simulationMonitor] - Notice from spectre.
    Multithreading enabled: 8 threads in the system with 8 available processors. {"history": "ExplorerRun.0", "point": 1, "testname": "ECE4130_Project_SRAMCircuit_1", "cornername": "Nominal"}
[2024-11-10 19:24:06.279 -0500] [INFO] [cadence.virtuoso.ade.simulationMonitor] - Peak resident memory used = 230 Mbytes. {"history": "ExplorerRun.0", "point": 1, "testname": "ECE4130_Project_SRAMCircuit_1", "cornername": "Nominal"}
[2024-11-10 19:24:06.281 -0500] [INFO] [cadence.virtuoso.ade.simulationMonitor] -    -   (APS) Multi-threading. The recommended number of threads is 8, consider adding +mt=8 on command line. {"history": "ExplorerRun.0", "point": 1, "testname": "ECE4130_Project_SRAMCircuit_1", "cornername": "Nominal"}
[2024-11-10 19:24:12.288 -0500] [INFO] [cadence.virtuoso.ade.simulationMonitor] - Intrinsic tran analysis time:    CPU = 42.0553 s, elapsed = 6.17864 s. {"history": "ExplorerRun.0", "point": 1, "testname": "ECE4130_Project_SRAMCircuit_1", "cornername": "Nominal"}
[2024-11-10 19:24:12.788 -0500] [INFO] [cadence.virtuoso.ade.simulationMonitor] - Total time required for tran analysis `tran': CPU = 42.6222 s, elapsed = 6.3813 s, util. = 668%. {"history": "ExplorerRun.0", "point": 1, "testname": "ECE4130_Project_SRAMCircuit_1", "cornername": "Nominal"}
[2024-11-10 19:24:12.788 -0500] [INFO] [cadence.virtuoso.ade.simulationMonitor] - Peak resident memory used = 353 Mbytes. {"history": "ExplorerRun.0", "point": 1, "testname": "ECE4130_Project_SRAMCircuit_1", "cornername": "Nominal"}
[2024-11-10 19:24:13.291 -0500] [INFO] [cadence.virtuoso.ade.simulationMonitor] - Time used: CPU = 46.7 s, elapsed = 7.41 s, util. = 630%. {"history": "ExplorerRun.0", "point": 1, "testname": "ECE4130_Project_SRAMCircuit_1", "cornername": "Nominal"}
[2024-11-10 19:24:13.291 -0500] [INFO] [cadence.virtuoso.ade.simulationMonitor] - Time spent in licensing: elapsed = 68.2 ms. {"history": "ExplorerRun.0", "point": 1, "testname": "ECE4130_Project_SRAMCircuit_1", "cornername": "Nominal"}
[2024-11-10 19:24:13.292 -0500] [INFO] [cadence.virtuoso.ade.simulationMonitor] - Peak memory used = 353 Mbytes. {"history": "ExplorerRun.0", "point": 1, "testname": "ECE4130_Project_SRAMCircuit_1", "cornername": "Nominal"}
[2024-11-10 19:24:13.294 -0500] [PROCESS] [cadence.virtuoso.ade.simulationMonitor] - Simulation started at: 7:24:05 PM, Sun Nov 10, 2024, ended at: 7:24:12 PM, Sun Nov 10, 2024, with elapsed time (wall clock): 7.41 s. {"history": "ExplorerRun.0", "point": 1, "testname": "ECE4130_Project_SRAMCircuit_1", "cornername": "Nominal"}
[2024-11-10 19:24:13.294 -0500] [PROCESS] [cadence.virtuoso.ade.simulationMonitor] - spectre completes with 0 errors, 0 warnings, and 6 notices. {"history": "ExplorerRun.0", "point": 1, "testname": "ECE4130_Project_SRAMCircuit_1", "cornername": "Nominal"}
[2024-11-10 19:24:13.295 -0500] [PROCESS] [cadence.virtuoso.ade.simulationMonitor] - Finished simulating for one point {"hostname": "ece-linlab02.ece.gatech.edu", "processid": 2625448, "history": "ExplorerRun.0", "testname": "ECE4130_Project_SRAMCircuit_1", "cornername": "Nominal", "point": 1, "logfile": "/nethome/ccarpenter38/ECE6130_Updated/ECE6130_LAB/Cadence/logs_ccarpenter38/logs0/Job42.log", "simid": "4", "event": "finish", "category": "simulation"}
[2024-11-10 19:24:13.295 -0500] [PROCESS] [cadence.virtuoso.ade.simulationMonitor] - Simulator exited {"hostname": "ece-linlab02.ece.gatech.edu", "processid": 2625448, "history": "ExplorerRun.0", "testname": "ECE4130_Project_SRAMCircuit_1", "cornername": "Nominal", "point": 1, "logfile": "/nethome/ccarpenter38/ECE6130_Updated/ECE6130_LAB/Cadence/logs_ccarpenter38/logs0/Job42.log", "exitStatus": "0"}
[2024-11-10 19:24:13.295 -0500] [PROCESS] [cadence.virtuoso.ade.simulationMonitor] - Finished Simulation {"hostname": "ece-linlab02.ece.gatech.edu", "processid": 2625448, "history": "ExplorerRun.0", "testname": "ECE4130_Project_SRAMCircuit_1", "cornername": "Nominal", "point": 1, "logfile": "/nethome/ccarpenter38/ECE6130_Updated/ECE6130_LAB/Cadence/logs_ccarpenter38/logs0/Job42.log", "simid": "4", "event": "finish", "category": "obsolete"}
[2024-11-10 19:24:14.297 -0500] [PROCESS] [cadence.virtuoso.ade.simulationMonitor] - Point Finished {"hostname": "ece-linlab02.ece.gatech.edu", "processid": 2625448, "history": "ExplorerRun.0", "testname": "ECE4130_Project_SRAMCircuit_1", "cornername": "Nominal", "point": 1, "logfile": "/nethome/ccarpenter38/ECE6130_Updated/ECE6130_LAB/Cadence/logs_ccarpenter38/logs0/Job42.log", "event": "finish", "category": "sim-eval"}
[2024-11-10 19:24:15.299 -0500] [PROCESS] [cadence.virtuoso.ade.simulationMonitor] - Stay with the runId '3', Linger time '300', currentRunSyn '7', currentTestSyn '8' {"hostname": "ece-linlab02.ece.gatech.edu", "processid": 2625448, "history": "ExplorerRun.0", "testname": "ECE4130_Project_SRAMCircuit_1", "cornername": "Nominal", "point": 1, "logfile": "/nethome/ccarpenter38/ECE6130_Updated/ECE6130_LAB/Cadence/logs_ccarpenter38/logs0/Job42.log"}
[2024-11-10 19:24:16.299 -0500] [PROCESS] [cadence.virtuoso.ade.simulationMonitor] - Stay with the runId '3', Linger time '300', currentRunSyn '7', currentTestSyn '8' {"hostname": "ece-linlab02.ece.gatech.edu", "processid": 2625448, "history": "ExplorerRun.0", "testname": "ECE4130_Project_SRAMCircuit_1", "cornername": "Nominal", "point": 1, "logfile": "/nethome/ccarpenter38/ECE6130_Updated/ECE6130_LAB/Cadence/logs_ccarpenter38/logs0/Job42.log"}
[2024-11-10 19:25:55.504 -0500] [INFO] [cadence.virtuoso.ade.simulationMonitor] - SimulationMonitor has terminated the vds process '2630564', reason: 'Force to stop the expression evalutor process because of new run' {"history": "ExplorerRun.0", "point": 1, "testname": "ECE4130_Project_SRAMCircuit_1", "cornername": "Nominal"}
[2024-11-10 19:25:55.506 -0500] [PROCESS] [cadence.virtuoso.ade.simulationMonitor] - HostInfo:
Host name (type):	ece-linlab02.ece.gatech.edu (x86_64)
Operating system:	Linux 4.18.0-553.22.1.el8_10.x86_64 #1 SMP Wed Sep 11 18:02:00 EDT 2024 {"hostname": "ece-linlab02.ece.gatech.edu", "processid": 2625448, "history": "ExplorerRun.0", "testname": "ECE4130_Project_SRAMCircuit_1", "cornername": "Nominal", "point": 1, "logfile": "/nethome/ccarpenter38/ECE6130_Updated/ECE6130_LAB/Cadence/logs_ccarpenter38/logs0/Job42.log", "nodename": "ece-linlab02.ece.gatech.edu", "domainname": "(none)", "machine": "x86_64", "sysname": "Linux", "release": "4.18.0-553.22.1.el8_10.x86_64", "version": "#1 SMP Wed Sep 11 18:02:00 EDT 2024"}
[2024-11-10 19:25:55.506 -0500] [PROCESS] [cadence.virtuoso.ade.simulationMonitor] - UsageInfo:
pid=2625448
totalPhysicalMemory=15.098938GB,Used=13.789940GB,totalVirtualMemory=22.840145GB,Used=13.797470GB
Cpu: Cores=8, Load average:1.820000,1.520000,1.430000 {"hostname": "ece-linlab02.ece.gatech.edu", "processid": 2625448, "history": "ExplorerRun.0", "testname": "ECE4130_Project_SRAMCircuit_1", "cornername": "Nominal", "point": 1, "logfile": "/nethome/ccarpenter38/ECE6130_Updated/ECE6130_LAB/Cadence/logs_ccarpenter38/logs0/Job42.log", "pid": "2625448", "totalPhysicalMemory": "15.098938", "physicalMemoryUsed": "13.789940", "totalVirtualMemory": "22.840145", "virtualMemoryUsed": "13.797470", "cpuCores": "8", "processes": "1557", "loadAverage1": "1.820000", "loadAverage5": "1.520000", "loadAverage15": "1.430000", "loadAverage1Percent": "0.227500"}
[2024-11-10 19:25:55.512 -0500] [EVENT] [cadence.virtuoso.ade.simulationMonitor] - NewPoint {"history": "ExplorerRun.0", "point": 1, "testname": "ECE4130_Project_SRAMCircuit_1", "cornername": "Nominal", "event": "NewPoint", "EventSource": "Simulation Monitor", "HistoryName": "ExplorerRun.0", "logFile": "/nethome/ccarpenter38/ECE6130_Updated/ECE6130_LAB/Cadence/logs_ccarpenter38/logs0/Job42.log", "logFileSize": "48478", "category": "simulation"}
[2024-11-10 19:25:55.614 -0500] [EVENT] [cadence.virtuoso.ade.simulationMonitor] - NewPoint {"history": "ExplorerRun.0", "point": 1, "testname": "ECE4130_Project_SRAMCircuit_1", "cornername": "Nominal", "event": "NewPoint", "EventSource": "spectre", "HistoryName": "ExplorerRun.0", "logFile": "/nethome/ccarpenter38/simulation/ECE4130_Project/SRAMCircuit/maestro/results/maestro/ExplorerRun.0/1/ECE4130_Project_SRAMCircuit_1/psf/spectre.out", "logFileSize": "-1", "category": "simulation"}
[2024-11-10 19:25:55.770 -0500] [PROCESS] [cadence.virtuoso.ade.simulationMonitor] - Simulator launched {"hostname": "ece-linlab02.ece.gatech.edu", "processid": 2625448, "history": "ExplorerRun.0", "testname": "ECE4130_Project_SRAMCircuit_1", "cornername": "Nominal", "point": 1, "logfile": "/nethome/ccarpenter38/ECE6130_Updated/ECE6130_LAB/Cadence/logs_ccarpenter38/logs0/Job42.log", "simid": "5", "event": "launch", "category": "simulation"}
[2024-11-10 19:25:55.773 -0500] [PROCESS] [cadence.virtuoso.ade.simulationMonitor] - Expression evaluator launched {"hostname": "ece-linlab02.ece.gatech.edu", "processid": 2625448, "history": "ExplorerRun.0", "testname": "ECE4130_Project_SRAMCircuit_1", "cornername": "Nominal", "point": 1, "logfile": "/nethome/ccarpenter38/ECE6130_Updated/ECE6130_LAB/Cadence/logs_ccarpenter38/logs0/Job42.log"}
[2024-11-10 19:25:55.808 -0500] [PROCESS] [cadence.virtuoso.ade.simulationMonitor] - Started Simulation {"hostname": "ece-linlab02.ece.gatech.edu", "processid": 2625448, "history": "ExplorerRun.0", "testname": "ECE4130_Project_SRAMCircuit_1", "cornername": "Nominal", "point": 1, "logfile": "/nethome/ccarpenter38/ECE6130_Updated/ECE6130_LAB/Cadence/logs_ccarpenter38/logs0/Job42.log", "event": "start", "category": "simulation"}
[2024-11-10 19:25:56.308 -0500] [INFO] [cadence.virtuoso.ade.simulationMonitor] - Peak resident memory used = 164 Mbytes. {"history": "ExplorerRun.0", "point": 1, "testname": "ECE4130_Project_SRAMCircuit_1", "cornername": "Nominal"}
[2024-11-10 19:25:56.308 -0500] [INFO] [cadence.virtuoso.ade.simulationMonitor] - Peak resident memory used = 177 Mbytes. {"history": "ExplorerRun.0", "point": 1, "testname": "ECE4130_Project_SRAMCircuit_1", "cornername": "Nominal"}
[2024-11-10 19:25:56.308 -0500] [INFO] [cadence.virtuoso.ade.simulationMonitor] - Notice from spectre during hierarchy flattening.
    The value 'psf' specified for the 'checklimitdest' option will no longer be supported in future releases. Use 'spectre -h' to see other recommended values for the 'checklimitdest' option. {"history": "ExplorerRun.0", "point": 1, "testname": "ECE4130_Project_SRAMCircuit_1", "cornername": "Nominal"}
[2024-11-10 19:25:56.308 -0500] [INFO] [cadence.virtuoso.ade.simulationMonitor] - Peak resident memory used = 189 Mbytes. {"history": "ExplorerRun.0", "point": 1, "testname": "ECE4130_Project_SRAMCircuit_1", "cornername": "Nominal"}
[2024-11-10 19:25:56.820 -0500] [INFO] [cadence.virtuoso.ade.simulationMonitor] -               nodes 1520 {"history": "ExplorerRun.0", "point": 1, "testname": "ECE4130_Project_SRAMCircuit_1", "cornername": "Nominal"}
[2024-11-10 19:25:56.820 -0500] [INFO] [cadence.virtuoso.ade.simulationMonitor] - Notice from spectre during initial setup.
    Protected devices exist and are not included in the circuit inventory.
    7 vsources are shorted because their absolute value is less than or equal to 'vabsshort'.
    APS enabled. {"history": "ExplorerRun.0", "point": 1, "testname": "ECE4130_Project_SRAMCircuit_1", "cornername": "Nominal"}
[2024-11-10 19:25:56.822 -0500] [INFO] [cadence.virtuoso.ade.simulationMonitor] - Notice from spectre.
    Multithreading enabled: 8 threads in the system with 8 available processors. {"history": "ExplorerRun.0", "point": 1, "testname": "ECE4130_Project_SRAMCircuit_1", "cornername": "Nominal"}
[2024-11-10 19:25:56.822 -0500] [INFO] [cadence.virtuoso.ade.simulationMonitor] - Peak resident memory used = 226 Mbytes. {"history": "ExplorerRun.0", "point": 1, "testname": "ECE4130_Project_SRAMCircuit_1", "cornername": "Nominal"}
[2024-11-10 19:25:56.824 -0500] [INFO] [cadence.virtuoso.ade.simulationMonitor] -    -   (APS) Multi-threading. The recommended number of threads is 8, consider adding +mt=8 on command line. {"history": "ExplorerRun.0", "point": 1, "testname": "ECE4130_Project_SRAMCircuit_1", "cornername": "Nominal"}
[2024-11-10 19:26:03.352 -0500] [INFO] [cadence.virtuoso.ade.simulationMonitor] - Intrinsic tran analysis time:    CPU = 43.403 s, elapsed = 6.41046 s. {"history": "ExplorerRun.0", "point": 1, "testname": "ECE4130_Project_SRAMCircuit_1", "cornername": "Nominal"}
[2024-11-10 19:26:03.853 -0500] [INFO] [cadence.virtuoso.ade.simulationMonitor] - Total time required for tran analysis `tran': CPU = 44.0453 s, elapsed = 6.61193 s, util. = 666%. {"history": "ExplorerRun.0", "point": 1, "testname": "ECE4130_Project_SRAMCircuit_1", "cornername": "Nominal"}
[2024-11-10 19:26:03.853 -0500] [INFO] [cadence.virtuoso.ade.simulationMonitor] - Peak resident memory used = 348 Mbytes. {"history": "ExplorerRun.0", "point": 1, "testname": "ECE4130_Project_SRAMCircuit_1", "cornername": "Nominal"}
[2024-11-10 19:26:03.855 -0500] [INFO] [cadence.virtuoso.ade.simulationMonitor] - Time used: CPU = 48.2 s, elapsed = 7.68 s, util. = 628%. {"history": "ExplorerRun.0", "point": 1, "testname": "ECE4130_Project_SRAMCircuit_1", "cornername": "Nominal"}
[2024-11-10 19:26:03.855 -0500] [INFO] [cadence.virtuoso.ade.simulationMonitor] - Time spent in licensing: elapsed = 70.4 ms. {"history": "ExplorerRun.0", "point": 1, "testname": "ECE4130_Project_SRAMCircuit_1", "cornername": "Nominal"}
[2024-11-10 19:26:03.857 -0500] [INFO] [cadence.virtuoso.ade.simulationMonitor] - Peak memory used = 348 Mbytes. {"history": "ExplorerRun.0", "point": 1, "testname": "ECE4130_Project_SRAMCircuit_1", "cornername": "Nominal"}
[2024-11-10 19:26:03.860 -0500] [PROCESS] [cadence.virtuoso.ade.simulationMonitor] - Simulation started at: 7:25:55 PM, Sun Nov 10, 2024, ended at: 7:26:03 PM, Sun Nov 10, 2024, with elapsed time (wall clock): 7.68 s. {"history": "ExplorerRun.0", "point": 1, "testname": "ECE4130_Project_SRAMCircuit_1", "cornername": "Nominal"}
[2024-11-10 19:26:03.860 -0500] [PROCESS] [cadence.virtuoso.ade.simulationMonitor] - spectre completes with 0 errors, 0 warnings, and 6 notices. {"history": "ExplorerRun.0", "point": 1, "testname": "ECE4130_Project_SRAMCircuit_1", "cornername": "Nominal"}
[2024-11-10 19:26:03.860 -0500] [PROCESS] [cadence.virtuoso.ade.simulationMonitor] - Finished simulating for one point {"hostname": "ece-linlab02.ece.gatech.edu", "processid": 2625448, "history": "ExplorerRun.0", "testname": "ECE4130_Project_SRAMCircuit_1", "cornername": "Nominal", "point": 1, "logfile": "/nethome/ccarpenter38/ECE6130_Updated/ECE6130_LAB/Cadence/logs_ccarpenter38/logs0/Job42.log", "simid": "5", "event": "finish", "category": "simulation"}
[2024-11-10 19:26:03.860 -0500] [PROCESS] [cadence.virtuoso.ade.simulationMonitor] - Simulator exited {"hostname": "ece-linlab02.ece.gatech.edu", "processid": 2625448, "history": "ExplorerRun.0", "testname": "ECE4130_Project_SRAMCircuit_1", "cornername": "Nominal", "point": 1, "logfile": "/nethome/ccarpenter38/ECE6130_Updated/ECE6130_LAB/Cadence/logs_ccarpenter38/logs0/Job42.log", "exitStatus": "0"}
[2024-11-10 19:26:03.861 -0500] [PROCESS] [cadence.virtuoso.ade.simulationMonitor] - Finished Simulation {"hostname": "ece-linlab02.ece.gatech.edu", "processid": 2625448, "history": "ExplorerRun.0", "testname": "ECE4130_Project_SRAMCircuit_1", "cornername": "Nominal", "point": 1, "logfile": "/nethome/ccarpenter38/ECE6130_Updated/ECE6130_LAB/Cadence/logs_ccarpenter38/logs0/Job42.log", "simid": "5", "event": "finish", "category": "obsolete"}
[2024-11-10 19:26:04.863 -0500] [PROCESS] [cadence.virtuoso.ade.simulationMonitor] - Point Finished {"hostname": "ece-linlab02.ece.gatech.edu", "processid": 2625448, "history": "ExplorerRun.0", "testname": "ECE4130_Project_SRAMCircuit_1", "cornername": "Nominal", "point": 1, "logfile": "/nethome/ccarpenter38/ECE6130_Updated/ECE6130_LAB/Cadence/logs_ccarpenter38/logs0/Job42.log", "event": "finish", "category": "sim-eval"}
[2024-11-10 19:26:05.864 -0500] [PROCESS] [cadence.virtuoso.ade.simulationMonitor] - Stay with the runId '4', Linger time '300', currentRunSyn '9', currentTestSyn '10' {"hostname": "ece-linlab02.ece.gatech.edu", "processid": 2625448, "history": "ExplorerRun.0", "testname": "ECE4130_Project_SRAMCircuit_1", "cornername": "Nominal", "point": 1, "logfile": "/nethome/ccarpenter38/ECE6130_Updated/ECE6130_LAB/Cadence/logs_ccarpenter38/logs0/Job42.log"}
[2024-11-10 19:26:12.980 -0500] [INFO] [cadence.virtuoso.ade.simulationMonitor] - SimulationMonitor has terminated the vds process '2631972', reason: 'Force to stop the expression evalutor process because of new run' {"history": "ExplorerRun.0", "point": 1, "testname": "ECE4130_Project_SRAMCircuit_1", "cornername": "Nominal"}
[2024-11-10 19:26:12.981 -0500] [PROCESS] [cadence.virtuoso.ade.simulationMonitor] - HostInfo:
Host name (type):	ece-linlab02.ece.gatech.edu (x86_64)
Operating system:	Linux 4.18.0-553.22.1.el8_10.x86_64 #1 SMP Wed Sep 11 18:02:00 EDT 2024 {"hostname": "ece-linlab02.ece.gatech.edu", "processid": 2625448, "history": "ExplorerRun.0", "testname": "ECE4130_Project_SRAMCircuit_1", "cornername": "Nominal", "point": 1, "logfile": "/nethome/ccarpenter38/ECE6130_Updated/ECE6130_LAB/Cadence/logs_ccarpenter38/logs0/Job42.log", "nodename": "ece-linlab02.ece.gatech.edu", "domainname": "(none)", "machine": "x86_64", "sysname": "Linux", "release": "4.18.0-553.22.1.el8_10.x86_64", "version": "#1 SMP Wed Sep 11 18:02:00 EDT 2024"}
[2024-11-10 19:26:12.981 -0500] [PROCESS] [cadence.virtuoso.ade.simulationMonitor] - UsageInfo:
pid=2625448
totalPhysicalMemory=15.098938GB,Used=13.806923GB,totalVirtualMemory=22.840145GB,Used=13.814453GB
Cpu: Cores=8, Load average:2.670000,1.730000,1.510000 {"hostname": "ece-linlab02.ece.gatech.edu", "processid": 2625448, "history": "ExplorerRun.0", "testname": "ECE4130_Project_SRAMCircuit_1", "cornername": "Nominal", "point": 1, "logfile": "/nethome/ccarpenter38/ECE6130_Updated/ECE6130_LAB/Cadence/logs_ccarpenter38/logs0/Job42.log", "pid": "2625448", "totalPhysicalMemory": "15.098938", "physicalMemoryUsed": "13.806923", "totalVirtualMemory": "22.840145", "virtualMemoryUsed": "13.814453", "cpuCores": "8", "processes": "1567", "loadAverage1": "2.670000", "loadAverage5": "1.730000", "loadAverage15": "1.510000", "loadAverage1Percent": "0.333750"}
[2024-11-10 19:26:12.987 -0500] [EVENT] [cadence.virtuoso.ade.simulationMonitor] - NewPoint {"history": "ExplorerRun.0", "point": 1, "testname": "ECE4130_Project_SRAMCircuit_1", "cornername": "Nominal", "event": "NewPoint", "EventSource": "Simulation Monitor", "HistoryName": "ExplorerRun.0", "logFile": "/nethome/ccarpenter38/ECE6130_Updated/ECE6130_LAB/Cadence/logs_ccarpenter38/logs0/Job42.log", "logFileSize": "59465", "category": "simulation"}
[2024-11-10 19:26:13.089 -0500] [EVENT] [cadence.virtuoso.ade.simulationMonitor] - NewPoint {"history": "ExplorerRun.0", "point": 1, "testname": "ECE4130_Project_SRAMCircuit_1", "cornername": "Nominal", "event": "NewPoint", "EventSource": "spectre", "HistoryName": "ExplorerRun.0", "logFile": "/nethome/ccarpenter38/simulation/ECE4130_Project/SRAMCircuit/maestro/results/maestro/ExplorerRun.0/1/ECE4130_Project_SRAMCircuit_1/psf/spectre.out", "logFileSize": "-1", "category": "simulation"}
[2024-11-10 19:26:13.213 -0500] [PROCESS] [cadence.virtuoso.ade.simulationMonitor] - Simulator launched {"hostname": "ece-linlab02.ece.gatech.edu", "processid": 2625448, "history": "ExplorerRun.0", "testname": "ECE4130_Project_SRAMCircuit_1", "cornername": "Nominal", "point": 1, "logfile": "/nethome/ccarpenter38/ECE6130_Updated/ECE6130_LAB/Cadence/logs_ccarpenter38/logs0/Job42.log", "simid": "6", "event": "launch", "category": "simulation"}
[2024-11-10 19:26:13.217 -0500] [PROCESS] [cadence.virtuoso.ade.simulationMonitor] - Expression evaluator launched {"hostname": "ece-linlab02.ece.gatech.edu", "processid": 2625448, "history": "ExplorerRun.0", "testname": "ECE4130_Project_SRAMCircuit_1", "cornername": "Nominal", "point": 1, "logfile": "/nethome/ccarpenter38/ECE6130_Updated/ECE6130_LAB/Cadence/logs_ccarpenter38/logs0/Job42.log"}
[2024-11-10 19:26:13.253 -0500] [PROCESS] [cadence.virtuoso.ade.simulationMonitor] - Started Simulation {"hostname": "ece-linlab02.ece.gatech.edu", "processid": 2625448, "history": "ExplorerRun.0", "testname": "ECE4130_Project_SRAMCircuit_1", "cornername": "Nominal", "point": 1, "logfile": "/nethome/ccarpenter38/ECE6130_Updated/ECE6130_LAB/Cadence/logs_ccarpenter38/logs0/Job42.log", "event": "start", "category": "simulation"}
[2024-11-10 19:26:13.753 -0500] [INFO] [cadence.virtuoso.ade.simulationMonitor] - Peak resident memory used = 164 Mbytes. {"history": "ExplorerRun.0", "point": 1, "testname": "ECE4130_Project_SRAMCircuit_1", "cornername": "Nominal"}
[2024-11-10 19:26:13.753 -0500] [INFO] [cadence.virtuoso.ade.simulationMonitor] - Peak resident memory used = 177 Mbytes. {"history": "ExplorerRun.0", "point": 1, "testname": "ECE4130_Project_SRAMCircuit_1", "cornername": "Nominal"}
[2024-11-10 19:26:13.754 -0500] [INFO] [cadence.virtuoso.ade.simulationMonitor] - Notice from spectre during hierarchy flattening.
    The value 'psf' specified for the 'checklimitdest' option will no longer be supported in future releases. Use 'spectre -h' to see other recommended values for the 'checklimitdest' option. {"history": "ExplorerRun.0", "point": 1, "testname": "ECE4130_Project_SRAMCircuit_1", "cornername": "Nominal"}
[2024-11-10 19:26:13.754 -0500] [INFO] [cadence.virtuoso.ade.simulationMonitor] - Peak resident memory used = 188 Mbytes. {"history": "ExplorerRun.0", "point": 1, "testname": "ECE4130_Project_SRAMCircuit_1", "cornername": "Nominal"}
[2024-11-10 19:26:14.263 -0500] [INFO] [cadence.virtuoso.ade.simulationMonitor] -               nodes 1520 {"history": "ExplorerRun.0", "point": 1, "testname": "ECE4130_Project_SRAMCircuit_1", "cornername": "Nominal"}
[2024-11-10 19:26:14.263 -0500] [INFO] [cadence.virtuoso.ade.simulationMonitor] - Notice from spectre during initial setup.
    Protected devices exist and are not included in the circuit inventory.
    7 vsources are shorted because their absolute value is less than or equal to 'vabsshort'.
    APS enabled. {"history": "ExplorerRun.0", "point": 1, "testname": "ECE4130_Project_SRAMCircuit_1", "cornername": "Nominal"}
[2024-11-10 19:26:14.264 -0500] [INFO] [cadence.virtuoso.ade.simulationMonitor] - Notice from spectre.
    Multithreading enabled: 8 threads in the system with 8 available processors. {"history": "ExplorerRun.0", "point": 1, "testname": "ECE4130_Project_SRAMCircuit_1", "cornername": "Nominal"}
[2024-11-10 19:26:14.264 -0500] [INFO] [cadence.virtuoso.ade.simulationMonitor] - Peak resident memory used = 238 Mbytes. {"history": "ExplorerRun.0", "point": 1, "testname": "ECE4130_Project_SRAMCircuit_1", "cornername": "Nominal"}
[2024-11-10 19:26:14.265 -0500] [INFO] [cadence.virtuoso.ade.simulationMonitor] -    -   (APS) Multi-threading. The recommended number of threads is 8, consider adding +mt=8 on command line. {"history": "ExplorerRun.0", "point": 1, "testname": "ECE4130_Project_SRAMCircuit_1", "cornername": "Nominal"}
[2024-11-10 19:26:20.774 -0500] [INFO] [cadence.virtuoso.ade.simulationMonitor] - Intrinsic tran analysis time:    CPU = 42.1534 s, elapsed = 6.10602 s. {"history": "ExplorerRun.0", "point": 1, "testname": "ECE4130_Project_SRAMCircuit_1", "cornername": "Nominal"}
[2024-11-10 19:26:20.774 -0500] [INFO] [cadence.virtuoso.ade.simulationMonitor] - Total time required for tran analysis `tran': CPU = 42.7223 s, elapsed = 6.27998 s, util. = 680%. {"history": "ExplorerRun.0", "point": 1, "testname": "ECE4130_Project_SRAMCircuit_1", "cornername": "Nominal"}
[2024-11-10 19:26:20.774 -0500] [INFO] [cadence.virtuoso.ade.simulationMonitor] - Peak resident memory used = 362 Mbytes. {"history": "ExplorerRun.0", "point": 1, "testname": "ECE4130_Project_SRAMCircuit_1", "cornername": "Nominal"}
[2024-11-10 19:26:20.776 -0500] [INFO] [cadence.virtuoso.ade.simulationMonitor] - Time used: CPU = 46.8 s, elapsed = 7.3 s, util. = 641%. {"history": "ExplorerRun.0", "point": 1, "testname": "ECE4130_Project_SRAMCircuit_1", "cornername": "Nominal"}
[2024-11-10 19:26:20.776 -0500] [INFO] [cadence.virtuoso.ade.simulationMonitor] - Time spent in licensing: elapsed = 70.2 ms. {"history": "ExplorerRun.0", "point": 1, "testname": "ECE4130_Project_SRAMCircuit_1", "cornername": "Nominal"}
[2024-11-10 19:26:20.777 -0500] [INFO] [cadence.virtuoso.ade.simulationMonitor] - Peak memory used = 362 Mbytes. {"history": "ExplorerRun.0", "point": 1, "testname": "ECE4130_Project_SRAMCircuit_1", "cornername": "Nominal"}
[2024-11-10 19:26:20.780 -0500] [PROCESS] [cadence.virtuoso.ade.simulationMonitor] - Simulation started at: 7:26:13 PM, Sun Nov 10, 2024, ended at: 7:26:20 PM, Sun Nov 10, 2024, with elapsed time (wall clock): 7.3 s. {"history": "ExplorerRun.0", "point": 1, "testname": "ECE4130_Project_SRAMCircuit_1", "cornername": "Nominal"}
[2024-11-10 19:26:20.780 -0500] [PROCESS] [cadence.virtuoso.ade.simulationMonitor] - spectre completes with 0 errors, 0 warnings, and 6 notices. {"history": "ExplorerRun.0", "point": 1, "testname": "ECE4130_Project_SRAMCircuit_1", "cornername": "Nominal"}
[2024-11-10 19:26:20.780 -0500] [PROCESS] [cadence.virtuoso.ade.simulationMonitor] - Finished simulating for one point {"hostname": "ece-linlab02.ece.gatech.edu", "processid": 2625448, "history": "ExplorerRun.0", "testname": "ECE4130_Project_SRAMCircuit_1", "cornername": "Nominal", "point": 1, "logfile": "/nethome/ccarpenter38/ECE6130_Updated/ECE6130_LAB/Cadence/logs_ccarpenter38/logs0/Job42.log", "simid": "6", "event": "finish", "category": "simulation"}
[2024-11-10 19:26:20.780 -0500] [PROCESS] [cadence.virtuoso.ade.simulationMonitor] - Simulator exited {"hostname": "ece-linlab02.ece.gatech.edu", "processid": 2625448, "history": "ExplorerRun.0", "testname": "ECE4130_Project_SRAMCircuit_1", "cornername": "Nominal", "point": 1, "logfile": "/nethome/ccarpenter38/ECE6130_Updated/ECE6130_LAB/Cadence/logs_ccarpenter38/logs0/Job42.log", "exitStatus": "0"}
[2024-11-10 19:26:20.780 -0500] [PROCESS] [cadence.virtuoso.ade.simulationMonitor] - Finished Simulation {"hostname": "ece-linlab02.ece.gatech.edu", "processid": 2625448, "history": "ExplorerRun.0", "testname": "ECE4130_Project_SRAMCircuit_1", "cornername": "Nominal", "point": 1, "logfile": "/nethome/ccarpenter38/ECE6130_Updated/ECE6130_LAB/Cadence/logs_ccarpenter38/logs0/Job42.log", "simid": "6", "event": "finish", "category": "obsolete"}
[2024-11-10 19:26:21.783 -0500] [PROCESS] [cadence.virtuoso.ade.simulationMonitor] - Point Finished {"hostname": "ece-linlab02.ece.gatech.edu", "processid": 2625448, "history": "ExplorerRun.0", "testname": "ECE4130_Project_SRAMCircuit_1", "cornername": "Nominal", "point": 1, "logfile": "/nethome/ccarpenter38/ECE6130_Updated/ECE6130_LAB/Cadence/logs_ccarpenter38/logs0/Job42.log", "event": "finish", "category": "sim-eval"}
[2024-11-10 19:26:22.784 -0500] [PROCESS] [cadence.virtuoso.ade.simulationMonitor] - Stay with the runId '5', Linger time '300', currentRunSyn '11', currentTestSyn '12' {"hostname": "ece-linlab02.ece.gatech.edu", "processid": 2625448, "history": "ExplorerRun.0", "testname": "ECE4130_Project_SRAMCircuit_1", "cornername": "Nominal", "point": 1, "logfile": "/nethome/ccarpenter38/ECE6130_Updated/ECE6130_LAB/Cadence/logs_ccarpenter38/logs0/Job42.log"}
[2024-11-10 19:28:01.654 -0500] [PROCESS] [cadence.virtuoso.ade.simulationMonitor] - get signal Terminated<15> from user:ccarpenter38, which pid:2625444:/tools/software/cadence/ic/latest/tools/bin/64bit/cdsServIpc {"hostname": "ece-linlab02.ece.gatech.edu", "processid": 2625448, "history": "ExplorerRun.0", "testname": "ECE4130_Project_SRAMCircuit_1", "cornername": "Nominal", "point": 1, "logfile": "/nethome/ccarpenter38/ECE6130_Updated/ECE6130_LAB/Cadence/logs_ccarpenter38/logs0/Job42.log", "signal": "15", "signalName": "Terminated", "which": "/tools/software/cadence/ic/latest/tools/bin/64bit/cdsServIpc", "pid": "2625444", "user": "ccarpenter38", "uid": "1099950"}
[2024-11-10 19:28:01.654 -0500] [INFO] [cadence.virtuoso.ade.simulationMonitor] - SimulationMonitor has terminated the  process '2632548', reason: 'simulationMonitor is handling signal 15' {"history": "ExplorerRun.0", "point": 1, "testname": "ECE4130_Project_SRAMCircuit_1", "cornername": "Nominal"}
