[Simulation Monitor: 4]
[2024-11-20 12:46:49.935 -0500] [PROCESS] [cadence.virtuoso.ade.simulationMonitor] - Started the simulation monitor process {"hostname": "ece-linlabsrv01.ece.gatech.edu", "processid": 3435617, "logfile": "/nethome/ccarpenter38/ECE4130_M/Project1/ECE6130_Updated/ECE6130_LAB/Cadence/logs_ccarpenter38/logs0/Job4.log", "simulation monitor command line": "/tools/software/cadence/ic/23.10.080/tools.lnx86/dfII/bin/64bit/spectreMonitor --davinciService DaVinciService_2691158_1732123233 --axlsession fnxSession0 -lscs 000175E1894CBE06FF0966E38F1FFC06BC4D77F482089272CC286FA78410926AD02479FE8D1C9F67D0227DAAD245CD34C87766E3A12FFC06BC4D01DDAF96DC8FDB7300001E1D -beanhost ece-linlabsrv01.ece.gatech.edu -beanport 11581 -beanLogFile /nethome/ccarpenter38/ECE4130_M/Project1/ECE6130_Updated/ECE6130_LAB/Cadence/logs_ccarpenter38/logs0/amps_Job4.log -beanbinlog  --domain 0 --interactive yes --netlistOpt no --useMultiPointEvaluation yes --exprEvalShowJobStderr yes --evalSimParallel no --maxSims 0 --historyName ExplorerRun.0 --historyUUID  --exprEvaluator vds --mcMapping mc1.mapping --checkLogStatusInterval 0 --checkSimulatorLogTimeout 1200 --exprEvalMaxTries 3 --maxNFSSyncWait 60 -adeBrokerAddress ece-linlabsrv01.ece.gatech.edu:33535 --fromADE true --virtuosoBinary virtuoso --guiDisplay localhost:12.0 --globalStatus 60 --evaluateMultiMC yes --evalOnSimFail SkipFailedAnalyses --numRetriesOnError 1 --fenixMode explorer --lingertimeout 300 -ahdlLockTimeout 60 --sdbLib ECE4130_Project --sdbCell SRAM_SIM --sdbView maestro --heartBeatFileDir /dev/shm --id 4 --uuid 945dc55b-fb7f-4db8-adfb-ad9ac3bcdff4 --log /nethome/ccarpenter38/ECE4130_M/Project1/ECE6130_Updated/ECE6130_LAB/Cadence/logs_ccarpenter38/logs0/Job4.log "}
[2024-11-20 12:46:49.935 -0500] [PROCESS] [cadence.virtuoso.ade.simulationMonitor] - Started the simulation monitor process {"hostname": "ece-linlabsrv01.ece.gatech.edu", "processid": 3435617, "logfile": "/nethome/ccarpenter38/ECE4130_M/Project1/ECE6130_Updated/ECE6130_LAB/Cadence/logs_ccarpenter38/logs0/Job4.log", "current directory": "/nethome/ccarpenter38/ECE4130_M/Project1/ECE6130_Updated/ECE6130_LAB/Cadence"}
[2024-11-20 12:46:49.935 -0500] [PROCESS] [cadence.virtuoso.ade.simulationMonitor] - Simulation Monitor has successfully started up. Trying to set up communication channels to other components ... {"hostname": "ece-linlabsrv01.ece.gatech.edu", "processid": 3435617, "logfile": "/nethome/ccarpenter38/ECE4130_M/Project1/ECE6130_Updated/ECE6130_LAB/Cadence/logs_ccarpenter38/logs0/Job4.log"}
[2024-11-20 12:46:49.939 -0500] [PROCESS] [cadence.virtuoso.ade.simulationMonitor] - Communication channels have been successfully set up. Start processing events ... {"hostname": "ece-linlabsrv01.ece.gatech.edu", "processid": 3435617, "logfile": "/nethome/ccarpenter38/ECE4130_M/Project1/ECE6130_Updated/ECE6130_LAB/Cadence/logs_ccarpenter38/logs0/Job4.log"}
[2024-11-20 12:46:49.939 -0500] [PROCESS] [cadence.virtuoso.ade.simulationMonitor] - Considering to start history {"hostname": "ece-linlabsrv01.ece.gatech.edu", "processid": 3435617, "history": "ExplorerRun.0", "logfile": "/nethome/ccarpenter38/ECE4130_M/Project1/ECE6130_Updated/ECE6130_LAB/Cadence/logs_ccarpenter38/logs0/Job4.log"}
[2024-11-20 12:46:49.941 -0500] [PROCESS] [cadence.virtuoso.ade.simulationMonitor] - HostInfo:
Host name (type):	ece-linlabsrv01.ece.gatech.edu (x86_64)
Operating system:	Linux 4.18.0-553.22.1.el8_10.x86_64 #1 SMP Wed Sep 11 18:02:00 EDT 2024 {"hostname": "ece-linlabsrv01.ece.gatech.edu", "processid": 3435617, "history": "ExplorerRun.0", "logfile": "/nethome/ccarpenter38/ECE4130_M/Project1/ECE6130_Updated/ECE6130_LAB/Cadence/logs_ccarpenter38/logs0/Job4.log", "nodename": "ece-linlabsrv01.ece.gatech.edu", "domainname": "(none)", "machine": "x86_64", "sysname": "Linux", "release": "4.18.0-553.22.1.el8_10.x86_64", "version": "#1 SMP Wed Sep 11 18:02:00 EDT 2024"}
[2024-11-20 12:46:49.941 -0500] [PROCESS] [cadence.virtuoso.ade.simulationMonitor] - UsageInfo:
pid=3435617
totalPhysicalMemory=186.850815GB,Used=131.412907GB,totalVirtualMemory=250.850811GB,Used=153.716953GB
Cpu: Cores=112, Load average:12.690000,12.200000,9.290000 {"hostname": "ece-linlabsrv01.ece.gatech.edu", "processid": 3435617, "history": "ExplorerRun.0", "logfile": "/nethome/ccarpenter38/ECE4130_M/Project1/ECE6130_Updated/ECE6130_LAB/Cadence/logs_ccarpenter38/logs0/Job4.log", "pid": "3435617", "totalPhysicalMemory": "186.850815", "physicalMemoryUsed": "131.412907", "totalVirtualMemory": "250.850811", "virtualMemoryUsed": "153.716953", "cpuCores": "112", "processes": "11079", "loadAverage1": "12.690000", "loadAverage5": "12.200000", "loadAverage15": "9.290000", "loadAverage1Percent": "0.113304"}
[2024-11-20 12:46:49.945 -0500] [EVENT] [cadence.virtuoso.ade.simulationMonitor] - NewPoint {"history": "ExplorerRun.0", "point": 1, "testname": "ECE4130_Project_SRAM_SIM_1", "cornername": "Nominal", "event": "NewPoint", "EventSource": "Simulation Monitor", "HistoryName": "ExplorerRun.0", "logFile": "/nethome/ccarpenter38/ECE4130_M/Project1/ECE6130_Updated/ECE6130_LAB/Cadence/logs_ccarpenter38/logs0/Job4.log", "logFileSize": "4727", "category": "simulation"}
[2024-11-20 12:46:50.147 -0500] [EVENT] [cadence.virtuoso.ade.simulationMonitor] - NewPoint {"history": "ExplorerRun.0", "point": 1, "testname": "ECE4130_Project_SRAM_SIM_1", "cornername": "Nominal", "event": "NewPoint", "EventSource": "spectre", "HistoryName": "ExplorerRun.0", "logFile": "/nethome/ccarpenter38/simulation/ECE4130_Project/SRAM_SIM/maestro/results/maestro/ExplorerRun.0/1/ECE4130_Project_SRAM_SIM_1/psf/spectre.out", "logFileSize": "-1", "category": "simulation"}
[2024-11-20 12:46:50.395 -0500] [PROCESS] [cadence.virtuoso.ade.simulationMonitor] - Simulator launched {"hostname": "ece-linlabsrv01.ece.gatech.edu", "processid": 3435617, "history": "ExplorerRun.0", "testname": "ECE4130_Project_SRAM_SIM_1", "cornername": "Nominal", "point": 1, "logfile": "/nethome/ccarpenter38/ECE4130_M/Project1/ECE6130_Updated/ECE6130_LAB/Cadence/logs_ccarpenter38/logs0/Job4.log", "simid": "1", "event": "launch", "category": "simulation"}
[2024-11-20 12:46:50.398 -0500] [PROCESS] [cadence.virtuoso.ade.simulationMonitor] - Expression evaluator launched {"hostname": "ece-linlabsrv01.ece.gatech.edu", "processid": 3435617, "history": "ExplorerRun.0", "testname": "ECE4130_Project_SRAM_SIM_1", "cornername": "Nominal", "point": 1, "logfile": "/nethome/ccarpenter38/ECE4130_M/Project1/ECE6130_Updated/ECE6130_LAB/Cadence/logs_ccarpenter38/logs0/Job4.log"}
[2024-11-20 12:46:51.342 -0500] [PROCESS] [cadence.virtuoso.ade.simulationMonitor] - Started Simulation {"hostname": "ece-linlabsrv01.ece.gatech.edu", "processid": 3435617, "history": "ExplorerRun.0", "testname": "ECE4130_Project_SRAM_SIM_1", "cornername": "Nominal", "point": 1, "logfile": "/nethome/ccarpenter38/ECE4130_M/Project1/ECE6130_Updated/ECE6130_LAB/Cadence/logs_ccarpenter38/logs0/Job4.log", "event": "start", "category": "simulation"}
[2024-11-20 12:46:51.342 -0500] [INFO] [cadence.virtuoso.ade.simulationMonitor] - Peak resident memory used = 168 Mbytes. {"history": "ExplorerRun.0", "point": 1, "testname": "ECE4130_Project_SRAM_SIM_1", "cornername": "Nominal"}
[2024-11-20 12:46:51.843 -0500] [INFO] [cadence.virtuoso.ade.simulationMonitor] - Peak resident memory used = 176 Mbytes. {"history": "ExplorerRun.0", "point": 1, "testname": "ECE4130_Project_SRAM_SIM_1", "cornername": "Nominal"}
[2024-11-20 12:46:51.843 -0500] [INFO] [cadence.virtuoso.ade.simulationMonitor] - Notice from spectre during hierarchy flattening.
    The value 'psf' specified for the 'checklimitdest' option will no longer be supported in future releases. Use 'spectre -h' to see other recommended values for the 'checklimitdest' option. {"history": "ExplorerRun.0", "point": 1, "testname": "ECE4130_Project_SRAM_SIM_1", "cornername": "Nominal"}
[2024-11-20 12:46:51.843 -0500] [INFO] [cadence.virtuoso.ade.simulationMonitor] - Peak resident memory used = 178 Mbytes. {"history": "ExplorerRun.0", "point": 1, "testname": "ECE4130_Project_SRAM_SIM_1", "cornername": "Nominal"}
[2024-11-20 12:46:51.843 -0500] [INFO] [cadence.virtuoso.ade.simulationMonitor] - Notice from spectre during initial setup.
    Multithreading is disabled due to the size of the design being too small. {"history": "ExplorerRun.0", "point": 1, "testname": "ECE4130_Project_SRAM_SIM_1", "cornername": "Nominal"}
[2024-11-20 12:46:51.848 -0500] [INFO] [cadence.virtuoso.ade.simulationMonitor] -               nodes 11 {"history": "ExplorerRun.0", "point": 1, "testname": "ECE4130_Project_SRAM_SIM_1", "cornername": "Nominal"}
[2024-11-20 12:46:51.848 -0500] [INFO] [cadence.virtuoso.ade.simulationMonitor] - Notice from spectre during initial setup.
    Protected devices exist and are not included in the circuit inventory.
    APS enabled. {"history": "ExplorerRun.0", "point": 1, "testname": "ECE4130_Project_SRAM_SIM_1", "cornername": "Nominal"}
[2024-11-20 12:46:51.848 -0500] [INFO] [cadence.virtuoso.ade.simulationMonitor] - Peak resident memory used = 180 Mbytes. {"history": "ExplorerRun.0", "point": 1, "testname": "ECE4130_Project_SRAM_SIM_1", "cornername": "Nominal"}
[2024-11-20 12:46:51.849 -0500] [INFO] [cadence.virtuoso.ade.simulationMonitor] -    -   (APS) Multi-threading. The recommended number of threads is 1, consider adding +mt=1 on command line. {"history": "ExplorerRun.0", "point": 1, "testname": "ECE4130_Project_SRAM_SIM_1", "cornername": "Nominal"}
[2024-11-20 12:46:51.850 -0500] [INFO] [cadence.virtuoso.ade.simulationMonitor] - Notice from spectre during transient analysis `tran'.
    Multithreading is disabled due to the size of the design being too small. {"history": "ExplorerRun.0", "point": 1, "testname": "ECE4130_Project_SRAM_SIM_1", "cornername": "Nominal"}
[2024-11-20 12:46:51.851 -0500] [INFO] [cadence.virtuoso.ade.simulationMonitor] - Intrinsic tran analysis time:    CPU = 90.471 ms, elapsed = 98.9611 ms. {"history": "ExplorerRun.0", "point": 1, "testname": "ECE4130_Project_SRAM_SIM_1", "cornername": "Nominal"}
[2024-11-20 12:46:51.851 -0500] [INFO] [cadence.virtuoso.ade.simulationMonitor] - Total time required for tran analysis `tran': CPU = 93.646 ms, elapsed = 104.041 ms, util. = 90%. {"history": "ExplorerRun.0", "point": 1, "testname": "ECE4130_Project_SRAM_SIM_1", "cornername": "Nominal"}
[2024-11-20 12:46:51.851 -0500] [INFO] [cadence.virtuoso.ade.simulationMonitor] - Peak resident memory used = 187 Mbytes. {"history": "ExplorerRun.0", "point": 1, "testname": "ECE4130_Project_SRAM_SIM_1", "cornername": "Nominal"}
[2024-11-20 12:46:51.852 -0500] [INFO] [cadence.virtuoso.ade.simulationMonitor] - Time used: CPU = 434 ms, elapsed = 574 ms, util. = 75.7%. {"history": "ExplorerRun.0", "point": 1, "testname": "ECE4130_Project_SRAM_SIM_1", "cornername": "Nominal"}
[2024-11-20 12:46:51.853 -0500] [INFO] [cadence.virtuoso.ade.simulationMonitor] - Time spent in licensing: elapsed = 50.7 ms, percentage of total = 8.83%. {"history": "ExplorerRun.0", "point": 1, "testname": "ECE4130_Project_SRAM_SIM_1", "cornername": "Nominal"}
[2024-11-20 12:46:51.854 -0500] [INFO] [cadence.virtuoso.ade.simulationMonitor] - Peak memory used = 188 Mbytes. {"history": "ExplorerRun.0", "point": 1, "testname": "ECE4130_Project_SRAM_SIM_1", "cornername": "Nominal"}
[2024-11-20 12:46:51.857 -0500] [PROCESS] [cadence.virtuoso.ade.simulationMonitor] - Simulation started at: 12:46:50 PM, Wed Nov 20, 2024, ended at: 12:46:51 PM, Wed Nov 20, 2024, with elapsed time (wall clock): 574 ms. {"history": "ExplorerRun.0", "point": 1, "testname": "ECE4130_Project_SRAM_SIM_1", "cornername": "Nominal"}
[2024-11-20 12:46:51.857 -0500] [PROCESS] [cadence.virtuoso.ade.simulationMonitor] - spectre completes with 0 errors, 0 warnings, and 6 notices. {"history": "ExplorerRun.0", "point": 1, "testname": "ECE4130_Project_SRAM_SIM_1", "cornername": "Nominal"}
[2024-11-20 12:46:51.857 -0500] [PROCESS] [cadence.virtuoso.ade.simulationMonitor] - Finished simulating for one point {"hostname": "ece-linlabsrv01.ece.gatech.edu", "processid": 3435617, "history": "ExplorerRun.0", "testname": "ECE4130_Project_SRAM_SIM_1", "cornername": "Nominal", "point": 1, "logfile": "/nethome/ccarpenter38/ECE4130_M/Project1/ECE6130_Updated/ECE6130_LAB/Cadence/logs_ccarpenter38/logs0/Job4.log", "simid": "1", "event": "finish", "category": "simulation"}
[2024-11-20 12:46:51.857 -0500] [PROCESS] [cadence.virtuoso.ade.simulationMonitor] - Simulator exited {"hostname": "ece-linlabsrv01.ece.gatech.edu", "processid": 3435617, "history": "ExplorerRun.0", "testname": "ECE4130_Project_SRAM_SIM_1", "cornername": "Nominal", "point": 1, "logfile": "/nethome/ccarpenter38/ECE4130_M/Project1/ECE6130_Updated/ECE6130_LAB/Cadence/logs_ccarpenter38/logs0/Job4.log", "exitStatus": "0"}
[2024-11-20 12:46:51.857 -0500] [PROCESS] [cadence.virtuoso.ade.simulationMonitor] - Finished Simulation {"hostname": "ece-linlabsrv01.ece.gatech.edu", "processid": 3435617, "history": "ExplorerRun.0", "testname": "ECE4130_Project_SRAM_SIM_1", "cornername": "Nominal", "point": 1, "logfile": "/nethome/ccarpenter38/ECE4130_M/Project1/ECE6130_Updated/ECE6130_LAB/Cadence/logs_ccarpenter38/logs0/Job4.log", "simid": "1", "event": "finish", "category": "obsolete"}
[2024-11-20 12:46:55.861 -0500] [PROCESS] [cadence.virtuoso.ade.simulationMonitor] - Point Finished {"hostname": "ece-linlabsrv01.ece.gatech.edu", "processid": 3435617, "history": "ExplorerRun.0", "testname": "ECE4130_Project_SRAM_SIM_1", "cornername": "Nominal", "point": 1, "logfile": "/nethome/ccarpenter38/ECE4130_M/Project1/ECE6130_Updated/ECE6130_LAB/Cadence/logs_ccarpenter38/logs0/Job4.log", "event": "finish", "category": "sim-eval"}
[2024-11-20 12:46:56.863 -0500] [PROCESS] [cadence.virtuoso.ade.simulationMonitor] - Stay with the runId '11', Linger time '300', currentRunSyn '23', currentTestSyn '24' {"hostname": "ece-linlabsrv01.ece.gatech.edu", "processid": 3435617, "history": "ExplorerRun.0", "testname": "ECE4130_Project_SRAM_SIM_1", "cornername": "Nominal", "point": 1, "logfile": "/nethome/ccarpenter38/ECE4130_M/Project1/ECE6130_Updated/ECE6130_LAB/Cadence/logs_ccarpenter38/logs0/Job4.log"}
[2024-11-20 12:46:57.864 -0500] [PROCESS] [cadence.virtuoso.ade.simulationMonitor] - Stay with the runId '11', Linger time '300', currentRunSyn '23', currentTestSyn '24' {"hostname": "ece-linlabsrv01.ece.gatech.edu", "processid": 3435617, "history": "ExplorerRun.0", "testname": "ECE4130_Project_SRAM_SIM_1", "cornername": "Nominal", "point": 1, "logfile": "/nethome/ccarpenter38/ECE4130_M/Project1/ECE6130_Updated/ECE6130_LAB/Cadence/logs_ccarpenter38/logs0/Job4.log"}
[2024-11-20 12:46:58.864 -0500] [PROCESS] [cadence.virtuoso.ade.simulationMonitor] - Stay with the runId '11', Linger time '300', currentRunSyn '23', currentTestSyn '24' {"hostname": "ece-linlabsrv01.ece.gatech.edu", "processid": 3435617, "history": "ExplorerRun.0", "testname": "ECE4130_Project_SRAM_SIM_1", "cornername": "Nominal", "point": 1, "logfile": "/nethome/ccarpenter38/ECE4130_M/Project1/ECE6130_Updated/ECE6130_LAB/Cadence/logs_ccarpenter38/logs0/Job4.log"}
[2024-11-20 12:46:59.865 -0500] [PROCESS] [cadence.virtuoso.ade.simulationMonitor] - Stay with the runId '11', Linger time '300', currentRunSyn '23', currentTestSyn '24' {"hostname": "ece-linlabsrv01.ece.gatech.edu", "processid": 3435617, "history": "ExplorerRun.0", "testname": "ECE4130_Project_SRAM_SIM_1", "cornername": "Nominal", "point": 1, "logfile": "/nethome/ccarpenter38/ECE4130_M/Project1/ECE6130_Updated/ECE6130_LAB/Cadence/logs_ccarpenter38/logs0/Job4.log"}
[2024-11-20 12:47:00.865 -0500] [PROCESS] [cadence.virtuoso.ade.simulationMonitor] - Stay with the runId '11', Linger time '300', currentRunSyn '23', currentTestSyn '24' {"hostname": "ece-linlabsrv01.ece.gatech.edu", "processid": 3435617, "history": "ExplorerRun.0", "testname": "ECE4130_Project_SRAM_SIM_1", "cornername": "Nominal", "point": 1, "logfile": "/nethome/ccarpenter38/ECE4130_M/Project1/ECE6130_Updated/ECE6130_LAB/Cadence/logs_ccarpenter38/logs0/Job4.log"}
[2024-11-20 12:47:01.866 -0500] [PROCESS] [cadence.virtuoso.ade.simulationMonitor] - Stay with the runId '11', Linger time '300', currentRunSyn '23', currentTestSyn '24' {"hostname": "ece-linlabsrv01.ece.gatech.edu", "processid": 3435617, "history": "ExplorerRun.0", "testname": "ECE4130_Project_SRAM_SIM_1", "cornername": "Nominal", "point": 1, "logfile": "/nethome/ccarpenter38/ECE4130_M/Project1/ECE6130_Updated/ECE6130_LAB/Cadence/logs_ccarpenter38/logs0/Job4.log"}
[2024-11-20 12:47:02.866 -0500] [PROCESS] [cadence.virtuoso.ade.simulationMonitor] - Stay with the runId '11', Linger time '300', currentRunSyn '23', currentTestSyn '24' {"hostname": "ece-linlabsrv01.ece.gatech.edu", "processid": 3435617, "history": "ExplorerRun.0", "testname": "ECE4130_Project_SRAM_SIM_1", "cornername": "Nominal", "point": 1, "logfile": "/nethome/ccarpenter38/ECE4130_M/Project1/ECE6130_Updated/ECE6130_LAB/Cadence/logs_ccarpenter38/logs0/Job4.log"}
[2024-11-20 12:47:03.867 -0500] [PROCESS] [cadence.virtuoso.ade.simulationMonitor] - Stay with the runId '11', Linger time '300', currentRunSyn '23', currentTestSyn '24' {"hostname": "ece-linlabsrv01.ece.gatech.edu", "processid": 3435617, "history": "ExplorerRun.0", "testname": "ECE4130_Project_SRAM_SIM_1", "cornername": "Nominal", "point": 1, "logfile": "/nethome/ccarpenter38/ECE4130_M/Project1/ECE6130_Updated/ECE6130_LAB/Cadence/logs_ccarpenter38/logs0/Job4.log"}
[2024-11-20 12:47:04.867 -0500] [PROCESS] [cadence.virtuoso.ade.simulationMonitor] - Stay with the runId '11', Linger time '300', currentRunSyn '23', currentTestSyn '24' {"hostname": "ece-linlabsrv01.ece.gatech.edu", "processid": 3435617, "history": "ExplorerRun.0", "testname": "ECE4130_Project_SRAM_SIM_1", "cornername": "Nominal", "point": 1, "logfile": "/nethome/ccarpenter38/ECE4130_M/Project1/ECE6130_Updated/ECE6130_LAB/Cadence/logs_ccarpenter38/logs0/Job4.log"}
[2024-11-20 12:47:05.868 -0500] [PROCESS] [cadence.virtuoso.ade.simulationMonitor] - Stay with the runId '11', Linger time '300', currentRunSyn '23', currentTestSyn '24' {"hostname": "ece-linlabsrv01.ece.gatech.edu", "processid": 3435617, "history": "ExplorerRun.0", "testname": "ECE4130_Project_SRAM_SIM_1", "cornername": "Nominal", "point": 1, "logfile": "/nethome/ccarpenter38/ECE4130_M/Project1/ECE6130_Updated/ECE6130_LAB/Cadence/logs_ccarpenter38/logs0/Job4.log"}
[2024-11-20 12:47:06.868 -0500] [PROCESS] [cadence.virtuoso.ade.simulationMonitor] - Stay with the runId '11', Linger time '300', currentRunSyn '23', currentTestSyn '24' {"hostname": "ece-linlabsrv01.ece.gatech.edu", "processid": 3435617, "history": "ExplorerRun.0", "testname": "ECE4130_Project_SRAM_SIM_1", "cornername": "Nominal", "point": 1, "logfile": "/nethome/ccarpenter38/ECE4130_M/Project1/ECE6130_Updated/ECE6130_LAB/Cadence/logs_ccarpenter38/logs0/Job4.log"}
[2024-11-20 12:48:07.628 -0500] [INFO] [cadence.virtuoso.ade.simulationMonitor] - SimulationMonitor has terminated the vds process '3436606', reason: 'Force to stop the expression evalutor process because of new run' {"history": "ExplorerRun.0", "point": 1, "testname": "ECE4130_Project_SRAM_SIM_1", "cornername": "Nominal"}
[2024-11-20 12:48:07.629 -0500] [PROCESS] [cadence.virtuoso.ade.simulationMonitor] - HostInfo:
Host name (type):	ece-linlabsrv01.ece.gatech.edu (x86_64)
Operating system:	Linux 4.18.0-553.22.1.el8_10.x86_64 #1 SMP Wed Sep 11 18:02:00 EDT 2024 {"hostname": "ece-linlabsrv01.ece.gatech.edu", "processid": 3435617, "history": "ExplorerRun.0", "testname": "ECE4130_Project_SRAM_SIM_1", "cornername": "Nominal", "point": 1, "logfile": "/nethome/ccarpenter38/ECE4130_M/Project1/ECE6130_Updated/ECE6130_LAB/Cadence/logs_ccarpenter38/logs0/Job4.log", "nodename": "ece-linlabsrv01.ece.gatech.edu", "domainname": "(none)", "machine": "x86_64", "sysname": "Linux", "release": "4.18.0-553.22.1.el8_10.x86_64", "version": "#1 SMP Wed Sep 11 18:02:00 EDT 2024"}
[2024-11-20 12:48:07.629 -0500] [PROCESS] [cadence.virtuoso.ade.simulationMonitor] - UsageInfo:
pid=3435617
totalPhysicalMemory=186.850815GB,Used=130.411812GB,totalVirtualMemory=250.850811GB,Used=152.715858GB
Cpu: Cores=112, Load average:13.980000,11.880000,9.360000 {"hostname": "ece-linlabsrv01.ece.gatech.edu", "processid": 3435617, "history": "ExplorerRun.0", "testname": "ECE4130_Project_SRAM_SIM_1", "cornername": "Nominal", "point": 1, "logfile": "/nethome/ccarpenter38/ECE4130_M/Project1/ECE6130_Updated/ECE6130_LAB/Cadence/logs_ccarpenter38/logs0/Job4.log", "pid": "3435617", "totalPhysicalMemory": "186.850815", "physicalMemoryUsed": "130.411812", "totalVirtualMemory": "250.850811", "virtualMemoryUsed": "152.715858", "cpuCores": "112", "processes": "11127", "loadAverage1": "13.980000", "loadAverage5": "11.880000", "loadAverage15": "9.360000", "loadAverage1Percent": "0.124821"}
[2024-11-20 12:48:07.635 -0500] [EVENT] [cadence.virtuoso.ade.simulationMonitor] - NewPoint {"history": "ExplorerRun.0", "point": 1, "testname": "ECE4130_Project_SRAM_SIM_1", "cornername": "Nominal", "event": "NewPoint", "EventSource": "Simulation Monitor", "HistoryName": "ExplorerRun.0", "logFile": "/nethome/ccarpenter38/ECE4130_M/Project1/ECE6130_Updated/ECE6130_LAB/Cadence/logs_ccarpenter38/logs0/Job4.log", "logFileSize": "20848", "category": "simulation"}
[2024-11-20 12:48:07.838 -0500] [EVENT] [cadence.virtuoso.ade.simulationMonitor] - NewPoint {"history": "ExplorerRun.0", "point": 1, "testname": "ECE4130_Project_SRAM_SIM_1", "cornername": "Nominal", "event": "NewPoint", "EventSource": "spectre", "HistoryName": "ExplorerRun.0", "logFile": "/nethome/ccarpenter38/simulation/ECE4130_Project/SRAM_SIM/maestro/results/maestro/ExplorerRun.0/1/ECE4130_Project_SRAM_SIM_1/psf/spectre.out", "logFileSize": "-1", "category": "simulation"}
[2024-11-20 12:48:08.099 -0500] [PROCESS] [cadence.virtuoso.ade.simulationMonitor] - Simulator launched {"hostname": "ece-linlabsrv01.ece.gatech.edu", "processid": 3435617, "history": "ExplorerRun.0", "testname": "ECE4130_Project_SRAM_SIM_1", "cornername": "Nominal", "point": 1, "logfile": "/nethome/ccarpenter38/ECE4130_M/Project1/ECE6130_Updated/ECE6130_LAB/Cadence/logs_ccarpenter38/logs0/Job4.log", "simid": "2", "event": "launch", "category": "simulation"}
[2024-11-20 12:48:08.104 -0500] [PROCESS] [cadence.virtuoso.ade.simulationMonitor] - Expression evaluator launched {"hostname": "ece-linlabsrv01.ece.gatech.edu", "processid": 3435617, "history": "ExplorerRun.0", "testname": "ECE4130_Project_SRAM_SIM_1", "cornername": "Nominal", "point": 1, "logfile": "/nethome/ccarpenter38/ECE4130_M/Project1/ECE6130_Updated/ECE6130_LAB/Cadence/logs_ccarpenter38/logs0/Job4.log"}
[2024-11-20 12:48:09.118 -0500] [PROCESS] [cadence.virtuoso.ade.simulationMonitor] - Started Simulation {"hostname": "ece-linlabsrv01.ece.gatech.edu", "processid": 3435617, "history": "ExplorerRun.0", "testname": "ECE4130_Project_SRAM_SIM_1", "cornername": "Nominal", "point": 1, "logfile": "/nethome/ccarpenter38/ECE4130_M/Project1/ECE6130_Updated/ECE6130_LAB/Cadence/logs_ccarpenter38/logs0/Job4.log", "event": "start", "category": "simulation"}
[2024-11-20 12:48:09.619 -0500] [INFO] [cadence.virtuoso.ade.simulationMonitor] - Peak resident memory used = 168 Mbytes. {"history": "ExplorerRun.0", "point": 1, "testname": "ECE4130_Project_SRAM_SIM_1", "cornername": "Nominal"}
[2024-11-20 12:48:09.619 -0500] [INFO] [cadence.virtuoso.ade.simulationMonitor] - Peak resident memory used = 176 Mbytes. {"history": "ExplorerRun.0", "point": 1, "testname": "ECE4130_Project_SRAM_SIM_1", "cornername": "Nominal"}
[2024-11-20 12:48:09.619 -0500] [INFO] [cadence.virtuoso.ade.simulationMonitor] - Notice from spectre during hierarchy flattening.
    The value 'psf' specified for the 'checklimitdest' option will no longer be supported in future releases. Use 'spectre -h' to see other recommended values for the 'checklimitdest' option. {"history": "ExplorerRun.0", "point": 1, "testname": "ECE4130_Project_SRAM_SIM_1", "cornername": "Nominal"}
[2024-11-20 12:48:09.619 -0500] [INFO] [cadence.virtuoso.ade.simulationMonitor] - Peak resident memory used = 177 Mbytes. {"history": "ExplorerRun.0", "point": 1, "testname": "ECE4130_Project_SRAM_SIM_1", "cornername": "Nominal"}
[2024-11-20 12:48:09.619 -0500] [INFO] [cadence.virtuoso.ade.simulationMonitor] - Notice from spectre during initial setup.
    Multithreading is disabled due to the size of the design being too small. {"history": "ExplorerRun.0", "point": 1, "testname": "ECE4130_Project_SRAM_SIM_1", "cornername": "Nominal"}
[2024-11-20 12:48:09.624 -0500] [INFO] [cadence.virtuoso.ade.simulationMonitor] -               nodes 11 {"history": "ExplorerRun.0", "point": 1, "testname": "ECE4130_Project_SRAM_SIM_1", "cornername": "Nominal"}
[2024-11-20 12:48:09.624 -0500] [INFO] [cadence.virtuoso.ade.simulationMonitor] - Notice from spectre during initial setup.
    Protected devices exist and are not included in the circuit inventory.
    APS enabled. {"history": "ExplorerRun.0", "point": 1, "testname": "ECE4130_Project_SRAM_SIM_1", "cornername": "Nominal"}
[2024-11-20 12:48:09.624 -0500] [INFO] [cadence.virtuoso.ade.simulationMonitor] - Peak resident memory used = 179 Mbytes. {"history": "ExplorerRun.0", "point": 1, "testname": "ECE4130_Project_SRAM_SIM_1", "cornername": "Nominal"}
[2024-11-20 12:48:09.625 -0500] [INFO] [cadence.virtuoso.ade.simulationMonitor] -    -   (APS) Multi-threading. The recommended number of threads is 1, consider adding +mt=1 on command line. {"history": "ExplorerRun.0", "point": 1, "testname": "ECE4130_Project_SRAM_SIM_1", "cornername": "Nominal"}
[2024-11-20 12:48:09.625 -0500] [INFO] [cadence.virtuoso.ade.simulationMonitor] - Notice from spectre during transient analysis `tran'.
    Multithreading is disabled due to the size of the design being too small. {"history": "ExplorerRun.0", "point": 1, "testname": "ECE4130_Project_SRAM_SIM_1", "cornername": "Nominal"}
[2024-11-20 12:48:09.626 -0500] [INFO] [cadence.virtuoso.ade.simulationMonitor] - Intrinsic tran analysis time:    CPU = 81.552 ms, elapsed = 93.724 ms. {"history": "ExplorerRun.0", "point": 1, "testname": "ECE4130_Project_SRAM_SIM_1", "cornername": "Nominal"}
[2024-11-20 12:48:09.626 -0500] [INFO] [cadence.virtuoso.ade.simulationMonitor] - Total time required for tran analysis `tran': CPU = 84.842 ms, elapsed = 99.8561 ms, util. = 85%. {"history": "ExplorerRun.0", "point": 1, "testname": "ECE4130_Project_SRAM_SIM_1", "cornername": "Nominal"}
[2024-11-20 12:48:09.626 -0500] [INFO] [cadence.virtuoso.ade.simulationMonitor] - Peak resident memory used = 187 Mbytes. {"history": "ExplorerRun.0", "point": 1, "testname": "ECE4130_Project_SRAM_SIM_1", "cornername": "Nominal"}
[2024-11-20 12:48:09.628 -0500] [INFO] [cadence.virtuoso.ade.simulationMonitor] - Time used: CPU = 425 ms, elapsed = 572 ms, util. = 74.4%. {"history": "ExplorerRun.0", "point": 1, "testname": "ECE4130_Project_SRAM_SIM_1", "cornername": "Nominal"}
[2024-11-20 12:48:09.628 -0500] [INFO] [cadence.virtuoso.ade.simulationMonitor] - Time spent in licensing: elapsed = 49.9 ms, percentage of total = 8.73%. {"history": "ExplorerRun.0", "point": 1, "testname": "ECE4130_Project_SRAM_SIM_1", "cornername": "Nominal"}
[2024-11-20 12:48:09.629 -0500] [INFO] [cadence.virtuoso.ade.simulationMonitor] - Peak memory used = 188 Mbytes. {"history": "ExplorerRun.0", "point": 1, "testname": "ECE4130_Project_SRAM_SIM_1", "cornername": "Nominal"}
[2024-11-20 12:48:09.631 -0500] [PROCESS] [cadence.virtuoso.ade.simulationMonitor] - Simulation started at: 12:48:08 PM, Wed Nov 20, 2024, ended at: 12:48:09 PM, Wed Nov 20, 2024, with elapsed time (wall clock): 572 ms. {"history": "ExplorerRun.0", "point": 1, "testname": "ECE4130_Project_SRAM_SIM_1", "cornername": "Nominal"}
[2024-11-20 12:48:09.632 -0500] [PROCESS] [cadence.virtuoso.ade.simulationMonitor] - spectre completes with 0 errors, 0 warnings, and 6 notices. {"history": "ExplorerRun.0", "point": 1, "testname": "ECE4130_Project_SRAM_SIM_1", "cornername": "Nominal"}
[2024-11-20 12:48:09.632 -0500] [PROCESS] [cadence.virtuoso.ade.simulationMonitor] - Finished simulating for one point {"hostname": "ece-linlabsrv01.ece.gatech.edu", "processid": 3435617, "history": "ExplorerRun.0", "testname": "ECE4130_Project_SRAM_SIM_1", "cornername": "Nominal", "point": 1, "logfile": "/nethome/ccarpenter38/ECE4130_M/Project1/ECE6130_Updated/ECE6130_LAB/Cadence/logs_ccarpenter38/logs0/Job4.log", "simid": "2", "event": "finish", "category": "simulation"}
[2024-11-20 12:48:09.632 -0500] [PROCESS] [cadence.virtuoso.ade.simulationMonitor] - Simulator exited {"hostname": "ece-linlabsrv01.ece.gatech.edu", "processid": 3435617, "history": "ExplorerRun.0", "testname": "ECE4130_Project_SRAM_SIM_1", "cornername": "Nominal", "point": 1, "logfile": "/nethome/ccarpenter38/ECE4130_M/Project1/ECE6130_Updated/ECE6130_LAB/Cadence/logs_ccarpenter38/logs0/Job4.log", "exitStatus": "0"}
[2024-11-20 12:48:09.632 -0500] [PROCESS] [cadence.virtuoso.ade.simulationMonitor] - Finished Simulation {"hostname": "ece-linlabsrv01.ece.gatech.edu", "processid": 3435617, "history": "ExplorerRun.0", "testname": "ECE4130_Project_SRAM_SIM_1", "cornername": "Nominal", "point": 1, "logfile": "/nethome/ccarpenter38/ECE4130_M/Project1/ECE6130_Updated/ECE6130_LAB/Cadence/logs_ccarpenter38/logs0/Job4.log", "simid": "2", "event": "finish", "category": "obsolete"}
[2024-11-20 12:48:13.636 -0500] [PROCESS] [cadence.virtuoso.ade.simulationMonitor] - Point Finished {"hostname": "ece-linlabsrv01.ece.gatech.edu", "processid": 3435617, "history": "ExplorerRun.0", "testname": "ECE4130_Project_SRAM_SIM_1", "cornername": "Nominal", "point": 1, "logfile": "/nethome/ccarpenter38/ECE4130_M/Project1/ECE6130_Updated/ECE6130_LAB/Cadence/logs_ccarpenter38/logs0/Job4.log", "event": "finish", "category": "sim-eval"}
[2024-11-20 12:48:14.638 -0500] [PROCESS] [cadence.virtuoso.ade.simulationMonitor] - Stay with the runId '12', Linger time '300', currentRunSyn '25', currentTestSyn '26' {"hostname": "ece-linlabsrv01.ece.gatech.edu", "processid": 3435617, "history": "ExplorerRun.0", "testname": "ECE4130_Project_SRAM_SIM_1", "cornername": "Nominal", "point": 1, "logfile": "/nethome/ccarpenter38/ECE4130_M/Project1/ECE6130_Updated/ECE6130_LAB/Cadence/logs_ccarpenter38/logs0/Job4.log"}
[2024-11-20 12:48:15.639 -0500] [PROCESS] [cadence.virtuoso.ade.simulationMonitor] - Stay with the runId '12', Linger time '300', currentRunSyn '25', currentTestSyn '26' {"hostname": "ece-linlabsrv01.ece.gatech.edu", "processid": 3435617, "history": "ExplorerRun.0", "testname": "ECE4130_Project_SRAM_SIM_1", "cornername": "Nominal", "point": 1, "logfile": "/nethome/ccarpenter38/ECE4130_M/Project1/ECE6130_Updated/ECE6130_LAB/Cadence/logs_ccarpenter38/logs0/Job4.log"}
[2024-11-20 12:48:16.639 -0500] [PROCESS] [cadence.virtuoso.ade.simulationMonitor] - Stay with the runId '12', Linger time '300', currentRunSyn '25', currentTestSyn '26' {"hostname": "ece-linlabsrv01.ece.gatech.edu", "processid": 3435617, "history": "ExplorerRun.0", "testname": "ECE4130_Project_SRAM_SIM_1", "cornername": "Nominal", "point": 1, "logfile": "/nethome/ccarpenter38/ECE4130_M/Project1/ECE6130_Updated/ECE6130_LAB/Cadence/logs_ccarpenter38/logs0/Job4.log"}
[2024-11-20 12:49:20.588 -0500] [INFO] [cadence.virtuoso.ade.simulationMonitor] - SimulationMonitor has terminated the vds process '3464779', reason: 'Force to stop the expression evalutor process because of new run' {"history": "ExplorerRun.0", "point": 1, "testname": "ECE4130_Project_SRAM_SIM_1", "cornername": "Nominal"}
[2024-11-20 12:49:20.589 -0500] [PROCESS] [cadence.virtuoso.ade.simulationMonitor] - HostInfo:
Host name (type):	ece-linlabsrv01.ece.gatech.edu (x86_64)
Operating system:	Linux 4.18.0-553.22.1.el8_10.x86_64 #1 SMP Wed Sep 11 18:02:00 EDT 2024 {"hostname": "ece-linlabsrv01.ece.gatech.edu", "processid": 3435617, "history": "ExplorerRun.0", "testname": "ECE4130_Project_SRAM_SIM_1", "cornername": "Nominal", "point": 1, "logfile": "/nethome/ccarpenter38/ECE4130_M/Project1/ECE6130_Updated/ECE6130_LAB/Cadence/logs_ccarpenter38/logs0/Job4.log", "nodename": "ece-linlabsrv01.ece.gatech.edu", "domainname": "(none)", "machine": "x86_64", "sysname": "Linux", "release": "4.18.0-553.22.1.el8_10.x86_64", "version": "#1 SMP Wed Sep 11 18:02:00 EDT 2024"}
[2024-11-20 12:49:20.589 -0500] [PROCESS] [cadence.virtuoso.ade.simulationMonitor] - UsageInfo:
pid=3435617
totalPhysicalMemory=186.850815GB,Used=130.149616GB,totalVirtualMemory=250.850811GB,Used=152.453663GB
Cpu: Cores=112, Load average:4.820000,9.470000,8.710000 {"hostname": "ece-linlabsrv01.ece.gatech.edu", "processid": 3435617, "history": "ExplorerRun.0", "testname": "ECE4130_Project_SRAM_SIM_1", "cornername": "Nominal", "point": 1, "logfile": "/nethome/ccarpenter38/ECE4130_M/Project1/ECE6130_Updated/ECE6130_LAB/Cadence/logs_ccarpenter38/logs0/Job4.log", "pid": "3435617", "totalPhysicalMemory": "186.850815", "physicalMemoryUsed": "130.149616", "totalVirtualMemory": "250.850811", "virtualMemoryUsed": "152.453663", "cpuCores": "112", "processes": "10997", "loadAverage1": "4.820000", "loadAverage5": "9.470000", "loadAverage15": "8.710000", "loadAverage1Percent": "0.043036"}
[2024-11-20 12:49:20.594 -0500] [EVENT] [cadence.virtuoso.ade.simulationMonitor] - NewPoint {"history": "ExplorerRun.0", "point": 1, "testname": "ECE4130_Project_SRAM_SIM_1", "cornername": "Nominal", "event": "NewPoint", "EventSource": "Simulation Monitor", "HistoryName": "ExplorerRun.0", "logFile": "/nethome/ccarpenter38/ECE4130_M/Project1/ECE6130_Updated/ECE6130_LAB/Cadence/logs_ccarpenter38/logs0/Job4.log", "logFileSize": "33205", "category": "simulation"}
[2024-11-20 12:49:20.795 -0500] [EVENT] [cadence.virtuoso.ade.simulationMonitor] - NewPoint {"history": "ExplorerRun.0", "point": 1, "testname": "ECE4130_Project_SRAM_SIM_1", "cornername": "Nominal", "event": "NewPoint", "EventSource": "spectre", "HistoryName": "ExplorerRun.0", "logFile": "/nethome/ccarpenter38/simulation/ECE4130_Project/SRAM_SIM/maestro/results/maestro/ExplorerRun.0/1/ECE4130_Project_SRAM_SIM_1/psf/spectre.out", "logFileSize": "-1", "category": "simulation"}
[2024-11-20 12:49:21.051 -0500] [PROCESS] [cadence.virtuoso.ade.simulationMonitor] - Simulator launched {"hostname": "ece-linlabsrv01.ece.gatech.edu", "processid": 3435617, "history": "ExplorerRun.0", "testname": "ECE4130_Project_SRAM_SIM_1", "cornername": "Nominal", "point": 1, "logfile": "/nethome/ccarpenter38/ECE4130_M/Project1/ECE6130_Updated/ECE6130_LAB/Cadence/logs_ccarpenter38/logs0/Job4.log", "simid": "3", "event": "launch", "category": "simulation"}
[2024-11-20 12:49:21.056 -0500] [PROCESS] [cadence.virtuoso.ade.simulationMonitor] - Expression evaluator launched {"hostname": "ece-linlabsrv01.ece.gatech.edu", "processid": 3435617, "history": "ExplorerRun.0", "testname": "ECE4130_Project_SRAM_SIM_1", "cornername": "Nominal", "point": 1, "logfile": "/nethome/ccarpenter38/ECE4130_M/Project1/ECE6130_Updated/ECE6130_LAB/Cadence/logs_ccarpenter38/logs0/Job4.log"}
[2024-11-20 12:49:21.980 -0500] [PROCESS] [cadence.virtuoso.ade.simulationMonitor] - Started Simulation {"hostname": "ece-linlabsrv01.ece.gatech.edu", "processid": 3435617, "history": "ExplorerRun.0", "testname": "ECE4130_Project_SRAM_SIM_1", "cornername": "Nominal", "point": 1, "logfile": "/nethome/ccarpenter38/ECE4130_M/Project1/ECE6130_Updated/ECE6130_LAB/Cadence/logs_ccarpenter38/logs0/Job4.log", "event": "start", "category": "simulation"}
[2024-11-20 12:49:22.480 -0500] [INFO] [cadence.virtuoso.ade.simulationMonitor] - Peak resident memory used = 164 Mbytes. {"history": "ExplorerRun.0", "point": 1, "testname": "ECE4130_Project_SRAM_SIM_1", "cornername": "Nominal"}
[2024-11-20 12:49:22.480 -0500] [INFO] [cadence.virtuoso.ade.simulationMonitor] - Peak resident memory used = 172 Mbytes. {"history": "ExplorerRun.0", "point": 1, "testname": "ECE4130_Project_SRAM_SIM_1", "cornername": "Nominal"}
[2024-11-20 12:49:22.480 -0500] [INFO] [cadence.virtuoso.ade.simulationMonitor] - Notice from spectre during hierarchy flattening.
    The value 'psf' specified for the 'checklimitdest' option will no longer be supported in future releases. Use 'spectre -h' to see other recommended values for the 'checklimitdest' option. {"history": "ExplorerRun.0", "point": 1, "testname": "ECE4130_Project_SRAM_SIM_1", "cornername": "Nominal"}
[2024-11-20 12:49:22.481 -0500] [INFO] [cadence.virtuoso.ade.simulationMonitor] - Peak resident memory used = 174 Mbytes. {"history": "ExplorerRun.0", "point": 1, "testname": "ECE4130_Project_SRAM_SIM_1", "cornername": "Nominal"}
[2024-11-20 12:49:22.481 -0500] [INFO] [cadence.virtuoso.ade.simulationMonitor] - Notice from spectre during initial setup.
    Multithreading is disabled due to the size of the design being too small. {"history": "ExplorerRun.0", "point": 1, "testname": "ECE4130_Project_SRAM_SIM_1", "cornername": "Nominal"}
[2024-11-20 12:49:22.485 -0500] [INFO] [cadence.virtuoso.ade.simulationMonitor] -               nodes 11 {"history": "ExplorerRun.0", "point": 1, "testname": "ECE4130_Project_SRAM_SIM_1", "cornername": "Nominal"}
[2024-11-20 12:49:22.485 -0500] [INFO] [cadence.virtuoso.ade.simulationMonitor] - Notice from spectre during initial setup.
    Protected devices exist and are not included in the circuit inventory.
    APS enabled. {"history": "ExplorerRun.0", "point": 1, "testname": "ECE4130_Project_SRAM_SIM_1", "cornername": "Nominal"}
[2024-11-20 12:49:22.485 -0500] [INFO] [cadence.virtuoso.ade.simulationMonitor] - Peak resident memory used = 176 Mbytes. {"history": "ExplorerRun.0", "point": 1, "testname": "ECE4130_Project_SRAM_SIM_1", "cornername": "Nominal"}
[2024-11-20 12:49:22.486 -0500] [INFO] [cadence.virtuoso.ade.simulationMonitor] -    -   (APS) Multi-threading. The recommended number of threads is 1, consider adding +mt=1 on command line. {"history": "ExplorerRun.0", "point": 1, "testname": "ECE4130_Project_SRAM_SIM_1", "cornername": "Nominal"}
[2024-11-20 12:49:22.486 -0500] [INFO] [cadence.virtuoso.ade.simulationMonitor] - Notice from spectre during transient analysis `tran'.
    Multithreading is disabled due to the size of the design being too small. {"history": "ExplorerRun.0", "point": 1, "testname": "ECE4130_Project_SRAM_SIM_1", "cornername": "Nominal"}
[2024-11-20 12:49:22.487 -0500] [INFO] [cadence.virtuoso.ade.simulationMonitor] - Intrinsic tran analysis time:    CPU = 60.168 ms, elapsed = 70.4191 ms. {"history": "ExplorerRun.0", "point": 1, "testname": "ECE4130_Project_SRAM_SIM_1", "cornername": "Nominal"}
[2024-11-20 12:49:22.487 -0500] [INFO] [cadence.virtuoso.ade.simulationMonitor] - Total time required for tran analysis `tran': CPU = 63.519 ms, elapsed = 75.7861 ms, util. = 83.8%. {"history": "ExplorerRun.0", "point": 1, "testname": "ECE4130_Project_SRAM_SIM_1", "cornername": "Nominal"}
[2024-11-20 12:49:22.488 -0500] [INFO] [cadence.virtuoso.ade.simulationMonitor] - Peak resident memory used = 183 Mbytes. {"history": "ExplorerRun.0", "point": 1, "testname": "ECE4130_Project_SRAM_SIM_1", "cornername": "Nominal"}
[2024-11-20 12:49:22.489 -0500] [INFO] [cadence.virtuoso.ade.simulationMonitor] - Time used: CPU = 401 ms, elapsed = 567 ms, util. = 70.6%. {"history": "ExplorerRun.0", "point": 1, "testname": "ECE4130_Project_SRAM_SIM_1", "cornername": "Nominal"}
[2024-11-20 12:49:22.489 -0500] [INFO] [cadence.virtuoso.ade.simulationMonitor] - Time spent in licensing: elapsed = 51 ms, percentage of total = 8.98%. {"history": "ExplorerRun.0", "point": 1, "testname": "ECE4130_Project_SRAM_SIM_1", "cornername": "Nominal"}
[2024-11-20 12:49:22.490 -0500] [INFO] [cadence.virtuoso.ade.simulationMonitor] - Peak memory used = 184 Mbytes. {"history": "ExplorerRun.0", "point": 1, "testname": "ECE4130_Project_SRAM_SIM_1", "cornername": "Nominal"}
[2024-11-20 12:49:22.493 -0500] [PROCESS] [cadence.virtuoso.ade.simulationMonitor] - Simulation started at: 12:49:21 PM, Wed Nov 20, 2024, ended at: 12:49:22 PM, Wed Nov 20, 2024, with elapsed time (wall clock): 567 ms. {"history": "ExplorerRun.0", "point": 1, "testname": "ECE4130_Project_SRAM_SIM_1", "cornername": "Nominal"}
[2024-11-20 12:49:22.493 -0500] [PROCESS] [cadence.virtuoso.ade.simulationMonitor] - spectre completes with 0 errors, 0 warnings, and 6 notices. {"history": "ExplorerRun.0", "point": 1, "testname": "ECE4130_Project_SRAM_SIM_1", "cornername": "Nominal"}
[2024-11-20 12:49:22.493 -0500] [PROCESS] [cadence.virtuoso.ade.simulationMonitor] - Finished simulating for one point {"hostname": "ece-linlabsrv01.ece.gatech.edu", "processid": 3435617, "history": "ExplorerRun.0", "testname": "ECE4130_Project_SRAM_SIM_1", "cornername": "Nominal", "point": 1, "logfile": "/nethome/ccarpenter38/ECE4130_M/Project1/ECE6130_Updated/ECE6130_LAB/Cadence/logs_ccarpenter38/logs0/Job4.log", "simid": "3", "event": "finish", "category": "simulation"}
[2024-11-20 12:49:22.493 -0500] [PROCESS] [cadence.virtuoso.ade.simulationMonitor] - Simulator exited {"hostname": "ece-linlabsrv01.ece.gatech.edu", "processid": 3435617, "history": "ExplorerRun.0", "testname": "ECE4130_Project_SRAM_SIM_1", "cornername": "Nominal", "point": 1, "logfile": "/nethome/ccarpenter38/ECE4130_M/Project1/ECE6130_Updated/ECE6130_LAB/Cadence/logs_ccarpenter38/logs0/Job4.log", "exitStatus": "0"}
[2024-11-20 12:49:22.493 -0500] [PROCESS] [cadence.virtuoso.ade.simulationMonitor] - Finished Simulation {"hostname": "ece-linlabsrv01.ece.gatech.edu", "processid": 3435617, "history": "ExplorerRun.0", "testname": "ECE4130_Project_SRAM_SIM_1", "cornername": "Nominal", "point": 1, "logfile": "/nethome/ccarpenter38/ECE4130_M/Project1/ECE6130_Updated/ECE6130_LAB/Cadence/logs_ccarpenter38/logs0/Job4.log", "simid": "3", "event": "finish", "category": "obsolete"}
[2024-11-20 12:49:26.498 -0500] [PROCESS] [cadence.virtuoso.ade.simulationMonitor] - Point Finished {"hostname": "ece-linlabsrv01.ece.gatech.edu", "processid": 3435617, "history": "ExplorerRun.0", "testname": "ECE4130_Project_SRAM_SIM_1", "cornername": "Nominal", "point": 1, "logfile": "/nethome/ccarpenter38/ECE4130_M/Project1/ECE6130_Updated/ECE6130_LAB/Cadence/logs_ccarpenter38/logs0/Job4.log", "event": "finish", "category": "sim-eval"}
[2024-11-20 12:49:27.500 -0500] [PROCESS] [cadence.virtuoso.ade.simulationMonitor] - Stay with the runId '13', Linger time '300', currentRunSyn '27', currentTestSyn '28' {"hostname": "ece-linlabsrv01.ece.gatech.edu", "processid": 3435617, "history": "ExplorerRun.0", "testname": "ECE4130_Project_SRAM_SIM_1", "cornername": "Nominal", "point": 1, "logfile": "/nethome/ccarpenter38/ECE4130_M/Project1/ECE6130_Updated/ECE6130_LAB/Cadence/logs_ccarpenter38/logs0/Job4.log"}
[2024-11-20 12:49:28.500 -0500] [PROCESS] [cadence.virtuoso.ade.simulationMonitor] - Stay with the runId '13', Linger time '300', currentRunSyn '27', currentTestSyn '28' {"hostname": "ece-linlabsrv01.ece.gatech.edu", "processid": 3435617, "history": "ExplorerRun.0", "testname": "ECE4130_Project_SRAM_SIM_1", "cornername": "Nominal", "point": 1, "logfile": "/nethome/ccarpenter38/ECE4130_M/Project1/ECE6130_Updated/ECE6130_LAB/Cadence/logs_ccarpenter38/logs0/Job4.log"}
[2024-11-20 12:49:29.501 -0500] [PROCESS] [cadence.virtuoso.ade.simulationMonitor] - Stay with the runId '13', Linger time '300', currentRunSyn '27', currentTestSyn '28' {"hostname": "ece-linlabsrv01.ece.gatech.edu", "processid": 3435617, "history": "ExplorerRun.0", "testname": "ECE4130_Project_SRAM_SIM_1", "cornername": "Nominal", "point": 1, "logfile": "/nethome/ccarpenter38/ECE4130_M/Project1/ECE6130_Updated/ECE6130_LAB/Cadence/logs_ccarpenter38/logs0/Job4.log"}
[2024-11-20 12:49:30.501 -0500] [PROCESS] [cadence.virtuoso.ade.simulationMonitor] - Stay with the runId '13', Linger time '300', currentRunSyn '27', currentTestSyn '28' {"hostname": "ece-linlabsrv01.ece.gatech.edu", "processid": 3435617, "history": "ExplorerRun.0", "testname": "ECE4130_Project_SRAM_SIM_1", "cornername": "Nominal", "point": 1, "logfile": "/nethome/ccarpenter38/ECE4130_M/Project1/ECE6130_Updated/ECE6130_LAB/Cadence/logs_ccarpenter38/logs0/Job4.log"}
[2024-11-20 12:49:31.501 -0500] [PROCESS] [cadence.virtuoso.ade.simulationMonitor] - Stay with the runId '13', Linger time '300', currentRunSyn '27', currentTestSyn '28' {"hostname": "ece-linlabsrv01.ece.gatech.edu", "processid": 3435617, "history": "ExplorerRun.0", "testname": "ECE4130_Project_SRAM_SIM_1", "cornername": "Nominal", "point": 1, "logfile": "/nethome/ccarpenter38/ECE4130_M/Project1/ECE6130_Updated/ECE6130_LAB/Cadence/logs_ccarpenter38/logs0/Job4.log"}
[2024-11-20 12:49:32.502 -0500] [PROCESS] [cadence.virtuoso.ade.simulationMonitor] - Stay with the runId '13', Linger time '300', currentRunSyn '27', currentTestSyn '28' {"hostname": "ece-linlabsrv01.ece.gatech.edu", "processid": 3435617, "history": "ExplorerRun.0", "testname": "ECE4130_Project_SRAM_SIM_1", "cornername": "Nominal", "point": 1, "logfile": "/nethome/ccarpenter38/ECE4130_M/Project1/ECE6130_Updated/ECE6130_LAB/Cadence/logs_ccarpenter38/logs0/Job4.log"}
[2024-11-20 12:49:33.502 -0500] [PROCESS] [cadence.virtuoso.ade.simulationMonitor] - Stay with the runId '13', Linger time '300', currentRunSyn '27', currentTestSyn '28' {"hostname": "ece-linlabsrv01.ece.gatech.edu", "processid": 3435617, "history": "ExplorerRun.0", "testname": "ECE4130_Project_SRAM_SIM_1", "cornername": "Nominal", "point": 1, "logfile": "/nethome/ccarpenter38/ECE4130_M/Project1/ECE6130_Updated/ECE6130_LAB/Cadence/logs_ccarpenter38/logs0/Job4.log"}
[2024-11-20 12:49:34.502 -0500] [PROCESS] [cadence.virtuoso.ade.simulationMonitor] - Stay with the runId '13', Linger time '300', currentRunSyn '27', currentTestSyn '28' {"hostname": "ece-linlabsrv01.ece.gatech.edu", "processid": 3435617, "history": "ExplorerRun.0", "testname": "ECE4130_Project_SRAM_SIM_1", "cornername": "Nominal", "point": 1, "logfile": "/nethome/ccarpenter38/ECE4130_M/Project1/ECE6130_Updated/ECE6130_LAB/Cadence/logs_ccarpenter38/logs0/Job4.log"}
[2024-11-20 12:49:35.503 -0500] [PROCESS] [cadence.virtuoso.ade.simulationMonitor] - Stay with the runId '13', Linger time '300', currentRunSyn '27', currentTestSyn '28' {"hostname": "ece-linlabsrv01.ece.gatech.edu", "processid": 3435617, "history": "ExplorerRun.0", "testname": "ECE4130_Project_SRAM_SIM_1", "cornername": "Nominal", "point": 1, "logfile": "/nethome/ccarpenter38/ECE4130_M/Project1/ECE6130_Updated/ECE6130_LAB/Cadence/logs_ccarpenter38/logs0/Job4.log"}
[2024-11-20 12:50:56.130 -0500] [INFO] [cadence.virtuoso.ade.simulationMonitor] - SimulationMonitor has terminated the vds process '3473734', reason: 'Force to stop the expression evalutor process because of new run' {"history": "ExplorerRun.0", "point": 1, "testname": "ECE4130_Project_SRAM_SIM_1", "cornername": "Nominal"}
[2024-11-20 12:50:56.131 -0500] [PROCESS] [cadence.virtuoso.ade.simulationMonitor] - HostInfo:
Host name (type):	ece-linlabsrv01.ece.gatech.edu (x86_64)
Operating system:	Linux 4.18.0-553.22.1.el8_10.x86_64 #1 SMP Wed Sep 11 18:02:00 EDT 2024 {"hostname": "ece-linlabsrv01.ece.gatech.edu", "processid": 3435617, "history": "ExplorerRun.0", "testname": "ECE4130_Project_SRAM_SIM_1", "cornername": "Nominal", "point": 1, "logfile": "/nethome/ccarpenter38/ECE4130_M/Project1/ECE6130_Updated/ECE6130_LAB/Cadence/logs_ccarpenter38/logs0/Job4.log", "nodename": "ece-linlabsrv01.ece.gatech.edu", "domainname": "(none)", "machine": "x86_64", "sysname": "Linux", "release": "4.18.0-553.22.1.el8_10.x86_64", "version": "#1 SMP Wed Sep 11 18:02:00 EDT 2024"}
[2024-11-20 12:50:56.131 -0500] [PROCESS] [cadence.virtuoso.ade.simulationMonitor] - UsageInfo:
pid=3435617
totalPhysicalMemory=186.850815GB,Used=129.924522GB,totalVirtualMemory=250.850811GB,Used=152.228569GB
Cpu: Cores=112, Load average:11.380000,9.720000,8.820000 {"hostname": "ece-linlabsrv01.ece.gatech.edu", "processid": 3435617, "history": "ExplorerRun.0", "testname": "ECE4130_Project_SRAM_SIM_1", "cornername": "Nominal", "point": 1, "logfile": "/nethome/ccarpenter38/ECE4130_M/Project1/ECE6130_Updated/ECE6130_LAB/Cadence/logs_ccarpenter38/logs0/Job4.log", "pid": "3435617", "totalPhysicalMemory": "186.850815", "physicalMemoryUsed": "129.924522", "totalVirtualMemory": "250.850811", "virtualMemoryUsed": "152.228569", "cpuCores": "112", "processes": "10965", "loadAverage1": "11.380000", "loadAverage5": "9.720000", "loadAverage15": "8.820000", "loadAverage1Percent": "0.101607"}
[2024-11-20 12:50:56.136 -0500] [EVENT] [cadence.virtuoso.ade.simulationMonitor] - NewPoint {"history": "ExplorerRun.0", "point": 1, "testname": "ECE4130_Project_SRAM_SIM_1", "cornername": "Nominal", "event": "NewPoint", "EventSource": "Simulation Monitor", "HistoryName": "ExplorerRun.0", "logFile": "/nethome/ccarpenter38/ECE4130_M/Project1/ECE6130_Updated/ECE6130_LAB/Cadence/logs_ccarpenter38/logs0/Job4.log", "logFileSize": "48385", "category": "simulation"}
[2024-11-20 12:50:56.338 -0500] [EVENT] [cadence.virtuoso.ade.simulationMonitor] - NewPoint {"history": "ExplorerRun.0", "point": 1, "testname": "ECE4130_Project_SRAM_SIM_1", "cornername": "Nominal", "event": "NewPoint", "EventSource": "spectre", "HistoryName": "ExplorerRun.0", "logFile": "/nethome/ccarpenter38/simulation/ECE4130_Project/SRAM_SIM/maestro/results/maestro/ExplorerRun.0/1/ECE4130_Project_SRAM_SIM_1/psf/spectre.out", "logFileSize": "-1", "category": "simulation"}
[2024-11-20 12:50:56.587 -0500] [PROCESS] [cadence.virtuoso.ade.simulationMonitor] - Simulator launched {"hostname": "ece-linlabsrv01.ece.gatech.edu", "processid": 3435617, "history": "ExplorerRun.0", "testname": "ECE4130_Project_SRAM_SIM_1", "cornername": "Nominal", "point": 1, "logfile": "/nethome/ccarpenter38/ECE4130_M/Project1/ECE6130_Updated/ECE6130_LAB/Cadence/logs_ccarpenter38/logs0/Job4.log", "simid": "4", "event": "launch", "category": "simulation"}
[2024-11-20 12:50:56.591 -0500] [PROCESS] [cadence.virtuoso.ade.simulationMonitor] - Expression evaluator launched {"hostname": "ece-linlabsrv01.ece.gatech.edu", "processid": 3435617, "history": "ExplorerRun.0", "testname": "ECE4130_Project_SRAM_SIM_1", "cornername": "Nominal", "point": 1, "logfile": "/nethome/ccarpenter38/ECE4130_M/Project1/ECE6130_Updated/ECE6130_LAB/Cadence/logs_ccarpenter38/logs0/Job4.log"}
[2024-11-20 12:50:57.552 -0500] [PROCESS] [cadence.virtuoso.ade.simulationMonitor] - Started Simulation {"hostname": "ece-linlabsrv01.ece.gatech.edu", "processid": 3435617, "history": "ExplorerRun.0", "testname": "ECE4130_Project_SRAM_SIM_1", "cornername": "Nominal", "point": 1, "logfile": "/nethome/ccarpenter38/ECE4130_M/Project1/ECE6130_Updated/ECE6130_LAB/Cadence/logs_ccarpenter38/logs0/Job4.log", "event": "start", "category": "simulation"}
[2024-11-20 12:50:57.552 -0500] [INFO] [cadence.virtuoso.ade.simulationMonitor] - Peak resident memory used = 165 Mbytes. {"history": "ExplorerRun.0", "point": 1, "testname": "ECE4130_Project_SRAM_SIM_1", "cornername": "Nominal"}
[2024-11-20 12:50:58.053 -0500] [INFO] [cadence.virtuoso.ade.simulationMonitor] - Peak resident memory used = 173 Mbytes. {"history": "ExplorerRun.0", "point": 1, "testname": "ECE4130_Project_SRAM_SIM_1", "cornername": "Nominal"}
[2024-11-20 12:50:58.053 -0500] [INFO] [cadence.virtuoso.ade.simulationMonitor] - Notice from spectre during hierarchy flattening.
    The value 'psf' specified for the 'checklimitdest' option will no longer be supported in future releases. Use 'spectre -h' to see other recommended values for the 'checklimitdest' option. {"history": "ExplorerRun.0", "point": 1, "testname": "ECE4130_Project_SRAM_SIM_1", "cornername": "Nominal"}
[2024-11-20 12:50:58.053 -0500] [INFO] [cadence.virtuoso.ade.simulationMonitor] - Peak resident memory used = 174 Mbytes. {"history": "ExplorerRun.0", "point": 1, "testname": "ECE4130_Project_SRAM_SIM_1", "cornername": "Nominal"}
[2024-11-20 12:50:58.053 -0500] [INFO] [cadence.virtuoso.ade.simulationMonitor] - Notice from spectre during initial setup.
    Multithreading is disabled due to the size of the design being too small. {"history": "ExplorerRun.0", "point": 1, "testname": "ECE4130_Project_SRAM_SIM_1", "cornername": "Nominal"}
[2024-11-20 12:50:58.058 -0500] [INFO] [cadence.virtuoso.ade.simulationMonitor] -               nodes 11 {"history": "ExplorerRun.0", "point": 1, "testname": "ECE4130_Project_SRAM_SIM_1", "cornername": "Nominal"}
[2024-11-20 12:50:58.058 -0500] [INFO] [cadence.virtuoso.ade.simulationMonitor] - Notice from spectre during initial setup.
    Protected devices exist and are not included in the circuit inventory.
    APS enabled. {"history": "ExplorerRun.0", "point": 1, "testname": "ECE4130_Project_SRAM_SIM_1", "cornername": "Nominal"}
[2024-11-20 12:50:58.058 -0500] [INFO] [cadence.virtuoso.ade.simulationMonitor] - Peak resident memory used = 176 Mbytes. {"history": "ExplorerRun.0", "point": 1, "testname": "ECE4130_Project_SRAM_SIM_1", "cornername": "Nominal"}
[2024-11-20 12:50:58.059 -0500] [INFO] [cadence.virtuoso.ade.simulationMonitor] -    -   (APS) Multi-threading. The recommended number of threads is 1, consider adding +mt=1 on command line. {"history": "ExplorerRun.0", "point": 1, "testname": "ECE4130_Project_SRAM_SIM_1", "cornername": "Nominal"}
[2024-11-20 12:50:58.059 -0500] [INFO] [cadence.virtuoso.ade.simulationMonitor] - Notice from spectre during transient analysis `tran'.
    Multithreading is disabled due to the size of the design being too small. {"history": "ExplorerRun.0", "point": 1, "testname": "ECE4130_Project_SRAM_SIM_1", "cornername": "Nominal"}
[2024-11-20 12:50:58.060 -0500] [INFO] [cadence.virtuoso.ade.simulationMonitor] - Intrinsic tran analysis time:    CPU = 57.768 ms, elapsed = 66.859 ms. {"history": "ExplorerRun.0", "point": 1, "testname": "ECE4130_Project_SRAM_SIM_1", "cornername": "Nominal"}
[2024-11-20 12:50:58.060 -0500] [INFO] [cadence.virtuoso.ade.simulationMonitor] - Total time required for tran analysis `tran': CPU = 60.897 ms, elapsed = 72.058 ms, util. = 84.5%. {"history": "ExplorerRun.0", "point": 1, "testname": "ECE4130_Project_SRAM_SIM_1", "cornername": "Nominal"}
[2024-11-20 12:50:58.060 -0500] [INFO] [cadence.virtuoso.ade.simulationMonitor] - Peak resident memory used = 183 Mbytes. {"history": "ExplorerRun.0", "point": 1, "testname": "ECE4130_Project_SRAM_SIM_1", "cornername": "Nominal"}
[2024-11-20 12:50:58.062 -0500] [INFO] [cadence.virtuoso.ade.simulationMonitor] - Time used: CPU = 394 ms, elapsed = 551 ms, util. = 71.5%. {"history": "ExplorerRun.0", "point": 1, "testname": "ECE4130_Project_SRAM_SIM_1", "cornername": "Nominal"}
[2024-11-20 12:50:58.062 -0500] [INFO] [cadence.virtuoso.ade.simulationMonitor] - Time spent in licensing: elapsed = 50.2 ms, percentage of total = 9.12%. {"history": "ExplorerRun.0", "point": 1, "testname": "ECE4130_Project_SRAM_SIM_1", "cornername": "Nominal"}
[2024-11-20 12:50:58.063 -0500] [INFO] [cadence.virtuoso.ade.simulationMonitor] - Peak memory used = 185 Mbytes. {"history": "ExplorerRun.0", "point": 1, "testname": "ECE4130_Project_SRAM_SIM_1", "cornername": "Nominal"}
[2024-11-20 12:50:58.065 -0500] [PROCESS] [cadence.virtuoso.ade.simulationMonitor] - Simulation started at: 12:50:57 PM, Wed Nov 20, 2024, ended at: 12:50:57 PM, Wed Nov 20, 2024, with elapsed time (wall clock): 551 ms. {"history": "ExplorerRun.0", "point": 1, "testname": "ECE4130_Project_SRAM_SIM_1", "cornername": "Nominal"}
[2024-11-20 12:50:58.065 -0500] [PROCESS] [cadence.virtuoso.ade.simulationMonitor] - spectre completes with 0 errors, 0 warnings, and 6 notices. {"history": "ExplorerRun.0", "point": 1, "testname": "ECE4130_Project_SRAM_SIM_1", "cornername": "Nominal"}
[2024-11-20 12:50:58.065 -0500] [PROCESS] [cadence.virtuoso.ade.simulationMonitor] - Finished simulating for one point {"hostname": "ece-linlabsrv01.ece.gatech.edu", "processid": 3435617, "history": "ExplorerRun.0", "testname": "ECE4130_Project_SRAM_SIM_1", "cornername": "Nominal", "point": 1, "logfile": "/nethome/ccarpenter38/ECE4130_M/Project1/ECE6130_Updated/ECE6130_LAB/Cadence/logs_ccarpenter38/logs0/Job4.log", "simid": "4", "event": "finish", "category": "simulation"}
[2024-11-20 12:50:58.065 -0500] [PROCESS] [cadence.virtuoso.ade.simulationMonitor] - Simulator exited {"hostname": "ece-linlabsrv01.ece.gatech.edu", "processid": 3435617, "history": "ExplorerRun.0", "testname": "ECE4130_Project_SRAM_SIM_1", "cornername": "Nominal", "point": 1, "logfile": "/nethome/ccarpenter38/ECE4130_M/Project1/ECE6130_Updated/ECE6130_LAB/Cadence/logs_ccarpenter38/logs0/Job4.log", "exitStatus": "0"}
[2024-11-20 12:50:58.066 -0500] [PROCESS] [cadence.virtuoso.ade.simulationMonitor] - Finished Simulation {"hostname": "ece-linlabsrv01.ece.gatech.edu", "processid": 3435617, "history": "ExplorerRun.0", "testname": "ECE4130_Project_SRAM_SIM_1", "cornername": "Nominal", "point": 1, "logfile": "/nethome/ccarpenter38/ECE4130_M/Project1/ECE6130_Updated/ECE6130_LAB/Cadence/logs_ccarpenter38/logs0/Job4.log", "simid": "4", "event": "finish", "category": "obsolete"}
[2024-11-20 12:51:02.071 -0500] [PROCESS] [cadence.virtuoso.ade.simulationMonitor] - Point Finished {"hostname": "ece-linlabsrv01.ece.gatech.edu", "processid": 3435617, "history": "ExplorerRun.0", "testname": "ECE4130_Project_SRAM_SIM_1", "cornername": "Nominal", "point": 1, "logfile": "/nethome/ccarpenter38/ECE4130_M/Project1/ECE6130_Updated/ECE6130_LAB/Cadence/logs_ccarpenter38/logs0/Job4.log", "event": "finish", "category": "sim-eval"}
[2024-11-20 12:51:03.073 -0500] [PROCESS] [cadence.virtuoso.ade.simulationMonitor] - Stay with the runId '14', Linger time '300', currentRunSyn '29', currentTestSyn '30' {"hostname": "ece-linlabsrv01.ece.gatech.edu", "processid": 3435617, "history": "ExplorerRun.0", "testname": "ECE4130_Project_SRAM_SIM_1", "cornername": "Nominal", "point": 1, "logfile": "/nethome/ccarpenter38/ECE4130_M/Project1/ECE6130_Updated/ECE6130_LAB/Cadence/logs_ccarpenter38/logs0/Job4.log"}
[2024-11-20 12:51:04.073 -0500] [PROCESS] [cadence.virtuoso.ade.simulationMonitor] - Stay with the runId '14', Linger time '300', currentRunSyn '29', currentTestSyn '30' {"hostname": "ece-linlabsrv01.ece.gatech.edu", "processid": 3435617, "history": "ExplorerRun.0", "testname": "ECE4130_Project_SRAM_SIM_1", "cornername": "Nominal", "point": 1, "logfile": "/nethome/ccarpenter38/ECE4130_M/Project1/ECE6130_Updated/ECE6130_LAB/Cadence/logs_ccarpenter38/logs0/Job4.log"}
[2024-11-20 12:51:05.074 -0500] [PROCESS] [cadence.virtuoso.ade.simulationMonitor] - Stay with the runId '14', Linger time '300', currentRunSyn '29', currentTestSyn '30' {"hostname": "ece-linlabsrv01.ece.gatech.edu", "processid": 3435617, "history": "ExplorerRun.0", "testname": "ECE4130_Project_SRAM_SIM_1", "cornername": "Nominal", "point": 1, "logfile": "/nethome/ccarpenter38/ECE4130_M/Project1/ECE6130_Updated/ECE6130_LAB/Cadence/logs_ccarpenter38/logs0/Job4.log"}
[2024-11-20 12:51:06.074 -0500] [PROCESS] [cadence.virtuoso.ade.simulationMonitor] - Stay with the runId '14', Linger time '300', currentRunSyn '29', currentTestSyn '30' {"hostname": "ece-linlabsrv01.ece.gatech.edu", "processid": 3435617, "history": "ExplorerRun.0", "testname": "ECE4130_Project_SRAM_SIM_1", "cornername": "Nominal", "point": 1, "logfile": "/nethome/ccarpenter38/ECE4130_M/Project1/ECE6130_Updated/ECE6130_LAB/Cadence/logs_ccarpenter38/logs0/Job4.log"}
[2024-11-20 12:56:02.829 -0500] [PROCESS] [cadence.virtuoso.ade.simulationMonitor] - Current memory used: 82.9922 MBytes, peak memory used: 82.9922 MBytes {"hostname": "ece-linlabsrv01.ece.gatech.edu", "processid": 3435617, "history": "ExplorerRun.0", "testname": "ECE4130_Project_SRAM_SIM_1", "cornername": "Nominal", "point": 1, "logfile": "/nethome/ccarpenter38/ECE4130_M/Project1/ECE6130_Updated/ECE6130_LAB/Cadence/logs_ccarpenter38/logs0/Job4.log"}
[2024-11-20 12:56:02.829 -0500] [PROCESS] [cadence.virtuoso.ade.simulationMonitor] - Simulation Monitor process exits. {"hostname": "ece-linlabsrv01.ece.gatech.edu", "processid": 3435617, "history": "ExplorerRun.0", "testname": "ECE4130_Project_SRAM_SIM_1", "cornername": "Nominal", "point": 1, "logfile": "/nethome/ccarpenter38/ECE4130_M/Project1/ECE6130_Updated/ECE6130_LAB/Cadence/logs_ccarpenter38/logs0/Job4.log"}
