[Simulation Monitor: 53]
[2024-11-10 20:55:42.106 -0500] [PROCESS] [cadence.virtuoso.ade.simulationMonitor] - Started the simulation monitor process {"hostname": "ece-linlab02.ece.gatech.edu", "processid": 2701039, "logfile": "/nethome/ccarpenter38/ECE6130_Updated/ECE6130_LAB/Cadence/logs_ccarpenter38/logs0/Job53.log", "simulation monitor command line": "/tools/software/cadence/ic/23.10.080/tools.lnx86/dfII/bin/64bit/spectreMonitor --davinciService DaVinciService_1950441_1731271604 --axlsession fnxSession20 -lscs 000175E1894CBE06FF0966E38F1FFC06BC4D77F482089272CC286FA78410926AD0246CE0EE7DFC06867C66E38F1FFC06BC4D66E38F1FFC06BC4D01D2EB02981BDB7C00001E25 -beanhost ece-linlab02.ece.gatech.edu -beanport 11781 -beanLogFile /nethome/ccarpenter38/ECE6130_Updated/ECE6130_LAB/Cadence/logs_ccarpenter38/logs0/amps_Job53.log -beanbinlog  --domain 0 --interactive yes --netlistOpt no --useMultiPointEvaluation yes --exprEvalShowJobStderr yes --evalSimParallel no --maxSims 0 --historyName ExplorerRun.0 --historyUUID  --exprEvaluator vds --mcMapping mc1.mapping --checkLogStatusInterval 0 --checkSimulatorLogTimeout 1200 --exprEvalMaxTries 3 --maxNFSSyncWait 60 -adeBrokerAddress ece-linlab02.ece.gatech.edu:32843 --statdbType h5v2 --fromADE true --virtuosoBinary virtuoso --guiDisplay ece-linlab02.ece.gatech.edu:1 --globalStatus 60 --evaluateMultiMC yes --evalOnSimFail SkipFailedAnalyses --numRetriesOnError 1 --fenixMode explorer --lingertimeout 300 -ahdlLockTimeout 60 --sdbLib ECE4130_Project --sdbCell 4to1Mux --sdbView maestro --heartBeatFileDir /dev/shm --id 53 --uuid 3726ba23-e911-412b-8a03-c7dec2fa4c3e --log /nethome/ccarpenter38/ECE6130_Updated/ECE6130_LAB/Cadence/logs_ccarpenter38/logs0/Job53.log "}
[2024-11-10 20:55:42.107 -0500] [PROCESS] [cadence.virtuoso.ade.simulationMonitor] - Started the simulation monitor process {"hostname": "ece-linlab02.ece.gatech.edu", "processid": 2701039, "logfile": "/nethome/ccarpenter38/ECE6130_Updated/ECE6130_LAB/Cadence/logs_ccarpenter38/logs0/Job53.log", "current directory": "/nethome/ccarpenter38/ECE6130_Updated/ECE6130_LAB/Cadence"}
[2024-11-10 20:55:42.107 -0500] [PROCESS] [cadence.virtuoso.ade.simulationMonitor] - Simulation Monitor has successfully started up. Trying to set up communication channels to other components ... {"hostname": "ece-linlab02.ece.gatech.edu", "processid": 2701039, "logfile": "/nethome/ccarpenter38/ECE6130_Updated/ECE6130_LAB/Cadence/logs_ccarpenter38/logs0/Job53.log"}
[2024-11-10 20:55:42.110 -0500] [PROCESS] [cadence.virtuoso.ade.simulationMonitor] - Communication channels have been successfully set up. Start processing events ... {"hostname": "ece-linlab02.ece.gatech.edu", "processid": 2701039, "logfile": "/nethome/ccarpenter38/ECE6130_Updated/ECE6130_LAB/Cadence/logs_ccarpenter38/logs0/Job53.log"}
[2024-11-10 20:55:42.110 -0500] [PROCESS] [cadence.virtuoso.ade.simulationMonitor] - Considering to start history {"hostname": "ece-linlab02.ece.gatech.edu", "processid": 2701039, "history": "ExplorerRun.0", "logfile": "/nethome/ccarpenter38/ECE6130_Updated/ECE6130_LAB/Cadence/logs_ccarpenter38/logs0/Job53.log"}
[2024-11-10 20:55:42.112 -0500] [PROCESS] [cadence.virtuoso.ade.simulationMonitor] - HostInfo:
Host name (type):	ece-linlab02.ece.gatech.edu (x86_64)
Operating system:	Linux 4.18.0-553.22.1.el8_10.x86_64 #1 SMP Wed Sep 11 18:02:00 EDT 2024 {"hostname": "ece-linlab02.ece.gatech.edu", "processid": 2701039, "history": "ExplorerRun.0", "logfile": "/nethome/ccarpenter38/ECE6130_Updated/ECE6130_LAB/Cadence/logs_ccarpenter38/logs0/Job53.log", "nodename": "ece-linlab02.ece.gatech.edu", "domainname": "(none)", "machine": "x86_64", "sysname": "Linux", "release": "4.18.0-553.22.1.el8_10.x86_64", "version": "#1 SMP Wed Sep 11 18:02:00 EDT 2024"}
[2024-11-10 20:55:42.112 -0500] [PROCESS] [cadence.virtuoso.ade.simulationMonitor] - UsageInfo:
pid=2701039
totalPhysicalMemory=15.098938GB,Used=14.504726GB,totalVirtualMemory=22.840145GB,Used=14.512257GB
Cpu: Cores=8, Load average:0.460000,0.660000,0.850000 {"hostname": "ece-linlab02.ece.gatech.edu", "processid": 2701039, "history": "ExplorerRun.0", "logfile": "/nethome/ccarpenter38/ECE6130_Updated/ECE6130_LAB/Cadence/logs_ccarpenter38/logs0/Job53.log", "pid": "2701039", "totalPhysicalMemory": "15.098938", "physicalMemoryUsed": "14.504726", "totalVirtualMemory": "22.840145", "virtualMemoryUsed": "14.512257", "cpuCores": "8", "processes": "1600", "loadAverage1": "0.460000", "loadAverage5": "0.660000", "loadAverage15": "0.850000", "loadAverage1Percent": "0.057500"}
[2024-11-10 20:55:42.118 -0500] [EVENT] [cadence.virtuoso.ade.simulationMonitor] - NewPoint {"history": "ExplorerRun.0", "point": 1, "testname": "ECE4130_Project_4to1Mux_1", "cornername": "Nominal", "event": "NewPoint", "EventSource": "Simulation Monitor", "HistoryName": "ExplorerRun.0", "logFile": "/nethome/ccarpenter38/ECE6130_Updated/ECE6130_LAB/Cadence/logs_ccarpenter38/logs0/Job53.log", "logFileSize": "4531", "category": "simulation"}
[2024-11-10 20:55:42.220 -0500] [EVENT] [cadence.virtuoso.ade.simulationMonitor] - NewPoint {"history": "ExplorerRun.0", "point": 1, "testname": "ECE4130_Project_4to1Mux_1", "cornername": "Nominal", "event": "NewPoint", "EventSource": "spectre", "HistoryName": "ExplorerRun.0", "logFile": "/nethome/ccarpenter38/simulation/ECE4130_Project/4to1Mux/maestro/results/maestro/ExplorerRun.0/1/ECE4130_Project_4to1Mux_1/psf/spectre.out", "logFileSize": "-1", "category": "simulation"}
[2024-11-10 20:55:42.380 -0500] [PROCESS] [cadence.virtuoso.ade.simulationMonitor] - Simulator launched {"hostname": "ece-linlab02.ece.gatech.edu", "processid": 2701039, "history": "ExplorerRun.0", "testname": "ECE4130_Project_4to1Mux_1", "cornername": "Nominal", "point": 1, "logfile": "/nethome/ccarpenter38/ECE6130_Updated/ECE6130_LAB/Cadence/logs_ccarpenter38/logs0/Job53.log", "simid": "1", "event": "launch", "category": "simulation"}
[2024-11-10 20:55:42.383 -0500] [PROCESS] [cadence.virtuoso.ade.simulationMonitor] - Expression evaluator launched {"hostname": "ece-linlab02.ece.gatech.edu", "processid": 2701039, "history": "ExplorerRun.0", "testname": "ECE4130_Project_4to1Mux_1", "cornername": "Nominal", "point": 1, "logfile": "/nethome/ccarpenter38/ECE6130_Updated/ECE6130_LAB/Cadence/logs_ccarpenter38/logs0/Job53.log"}
[2024-11-10 20:55:42.421 -0500] [PROCESS] [cadence.virtuoso.ade.simulationMonitor] - Started Simulation {"hostname": "ece-linlab02.ece.gatech.edu", "processid": 2701039, "history": "ExplorerRun.0", "testname": "ECE4130_Project_4to1Mux_1", "cornername": "Nominal", "point": 1, "logfile": "/nethome/ccarpenter38/ECE6130_Updated/ECE6130_LAB/Cadence/logs_ccarpenter38/logs0/Job53.log", "event": "start", "category": "simulation"}
[2024-11-10 20:55:42.922 -0500] [INFO] [cadence.virtuoso.ade.simulationMonitor] - Peak resident memory used = 150 Mbytes. {"history": "ExplorerRun.0", "point": 1, "testname": "ECE4130_Project_4to1Mux_1", "cornername": "Nominal"}
[2024-11-10 20:55:42.922 -0500] [INFO] [cadence.virtuoso.ade.simulationMonitor] - Peak resident memory used = 158 Mbytes. {"history": "ExplorerRun.0", "point": 1, "testname": "ECE4130_Project_4to1Mux_1", "cornername": "Nominal"}
[2024-11-10 20:55:42.922 -0500] [INFO] [cadence.virtuoso.ade.simulationMonitor] - Notice from spectre during hierarchy flattening.
    The value 'psf' specified for the 'checklimitdest' option will no longer be supported in future releases. Use 'spectre -h' to see other recommended values for the 'checklimitdest' option. {"history": "ExplorerRun.0", "point": 1, "testname": "ECE4130_Project_4to1Mux_1", "cornername": "Nominal"}
[2024-11-10 20:55:42.922 -0500] [INFO] [cadence.virtuoso.ade.simulationMonitor] - Peak resident memory used = 160 Mbytes. {"history": "ExplorerRun.0", "point": 1, "testname": "ECE4130_Project_4to1Mux_1", "cornername": "Nominal"}
[2024-11-10 20:55:42.922 -0500] [INFO] [cadence.virtuoso.ade.simulationMonitor] - Notice from spectre during topology check.
    No DC path from node `I2.M2:int_g' to ground, Gmin installed to provide path.
    No DC path from node `I3.M2:int_g' to ground, Gmin installed to provide path. {"history": "ExplorerRun.0", "point": 1, "testname": "ECE4130_Project_4to1Mux_1", "cornername": "Nominal"}
[2024-11-10 20:55:42.922 -0500] [INFO] [cadence.virtuoso.ade.simulationMonitor] - Notice from spectre during initial setup.
    Multithreading is disabled due to the size of the design being too small. {"history": "ExplorerRun.0", "point": 1, "testname": "ECE4130_Project_4to1Mux_1", "cornername": "Nominal"}
[2024-11-10 20:55:42.929 -0500] [INFO] [cadence.virtuoso.ade.simulationMonitor] -               nodes 14 {"history": "ExplorerRun.0", "point": 1, "testname": "ECE4130_Project_4to1Mux_1", "cornername": "Nominal"}
[2024-11-10 20:55:42.929 -0500] [INFO] [cadence.virtuoso.ade.simulationMonitor] - Notice from spectre during initial setup.
    Protected devices exist and are not included in the circuit inventory.
    APS enabled. {"history": "ExplorerRun.0", "point": 1, "testname": "ECE4130_Project_4to1Mux_1", "cornername": "Nominal"}
[2024-11-10 20:55:42.929 -0500] [INFO] [cadence.virtuoso.ade.simulationMonitor] - Peak resident memory used = 162 Mbytes. {"history": "ExplorerRun.0", "point": 1, "testname": "ECE4130_Project_4to1Mux_1", "cornername": "Nominal"}
[2024-11-10 20:55:42.930 -0500] [INFO] [cadence.virtuoso.ade.simulationMonitor] -    -   (APS) Multi-threading. The recommended number of threads is 1, consider adding +mt=1 on command line. {"history": "ExplorerRun.0", "point": 1, "testname": "ECE4130_Project_4to1Mux_1", "cornername": "Nominal"}
[2024-11-10 20:55:42.930 -0500] [INFO] [cadence.virtuoso.ade.simulationMonitor] - Notice from spectre during IC analysis, during transient analysis `tran'.
    GminDC = 1 pS is large enough to noticeably affect the DC solution.
        dV(ns2) = 1.61089 mV
        Use the `gmin_check' option to eliminate or expand this report.
    Bad pivoting is found during DC analysis. Option dc_pivot_check=yes is recommended for possible improvement of convergence. {"history": "ExplorerRun.0", "point": 1, "testname": "ECE4130_Project_4to1Mux_1", "cornername": "Nominal"}
[2024-11-10 20:55:42.930 -0500] [INFO] [cadence.virtuoso.ade.simulationMonitor] - Notice from spectre during transient analysis `tran'.
    Multithreading is disabled due to the size of the design being too small. {"history": "ExplorerRun.0", "point": 1, "testname": "ECE4130_Project_4to1Mux_1", "cornername": "Nominal"}
[2024-11-10 20:55:42.930 -0500] [INFO] [cadence.virtuoso.ade.simulationMonitor] - Notice from spectre at time = 375.921 ps during transient analysis `tran'.
    Found trapezoidal ringing on node _vvdd!:p. {"history": "ExplorerRun.0", "point": 1, "testname": "ECE4130_Project_4to1Mux_1", "cornername": "Nominal"}
[2024-11-10 20:55:42.930 -0500] [INFO] [cadence.virtuoso.ade.simulationMonitor] - Notice from spectre at time = 437.96 ps during transient analysis `tran'.
    Found trapezoidal ringing on node _vvdd!:p. {"history": "ExplorerRun.0", "point": 1, "testname": "ECE4130_Project_4to1Mux_1", "cornername": "Nominal"}
[2024-11-10 20:55:42.930 -0500] [INFO] [cadence.virtuoso.ade.simulationMonitor] - Notice from spectre at time = 500 ps during transient analysis `tran'.
    Found trapezoidal ringing on node _vvdd!:p. {"history": "ExplorerRun.0", "point": 1, "testname": "ECE4130_Project_4to1Mux_1", "cornername": "Nominal"}
[2024-11-10 20:55:42.930 -0500] [INFO] [cadence.virtuoso.ade.simulationMonitor] - Notice from spectre at time = 798.228 ps during transient analysis `tran'.
    Found trapezoidal ringing on node _vvdd!:p. {"history": "ExplorerRun.0", "point": 1, "testname": "ECE4130_Project_4to1Mux_1", "cornername": "Nominal"}
[2024-11-10 20:55:42.930 -0500] [INFO] [cadence.virtuoso.ade.simulationMonitor] - Notice from spectre at time = 878.228 ps during transient analysis `tran'.
    Found trapezoidal ringing on node _vvdd!:p.
        Further occurrences of this notice will be suppressed. {"history": "ExplorerRun.0", "point": 1, "testname": "ECE4130_Project_4to1Mux_1", "cornername": "Nominal"}
[2024-11-10 20:55:42.930 -0500] [INFO] [cadence.virtuoso.ade.simulationMonitor] - Notice from spectre during transient analysis `tran'.
    Trapezoidal ringing is detected during tran analysis.
        Please use method=trap for better results and performance. {"history": "ExplorerRun.0", "point": 1, "testname": "ECE4130_Project_4to1Mux_1", "cornername": "Nominal"}
[2024-11-10 20:55:42.931 -0500] [INFO] [cadence.virtuoso.ade.simulationMonitor] - Intrinsic tran analysis time:    CPU = 21.96 ms, elapsed = 34.771 ms. {"history": "ExplorerRun.0", "point": 1, "testname": "ECE4130_Project_4to1Mux_1", "cornername": "Nominal"}
[2024-11-10 20:55:42.931 -0500] [INFO] [cadence.virtuoso.ade.simulationMonitor] - Total time required for tran analysis `tran': CPU = 23.978 ms, elapsed = 40.123 ms, util. = 59.8%. {"history": "ExplorerRun.0", "point": 1, "testname": "ECE4130_Project_4to1Mux_1", "cornername": "Nominal"}
[2024-11-10 20:55:42.931 -0500] [INFO] [cadence.virtuoso.ade.simulationMonitor] - Peak resident memory used = 169 Mbytes. {"history": "ExplorerRun.0", "point": 1, "testname": "ECE4130_Project_4to1Mux_1", "cornername": "Nominal"}
[2024-11-10 20:55:42.932 -0500] [INFO] [cadence.virtuoso.ade.simulationMonitor] - Notice from spectre.
    25 notices suppressed. {"history": "ExplorerRun.0", "point": 1, "testname": "ECE4130_Project_4to1Mux_1", "cornername": "Nominal"}
[2024-11-10 20:55:43.434 -0500] [INFO] [cadence.virtuoso.ade.simulationMonitor] - Time used: CPU = 152 ms, elapsed = 298 ms, util. = 51.1%. {"history": "ExplorerRun.0", "point": 1, "testname": "ECE4130_Project_4to1Mux_1", "cornername": "Nominal"}
[2024-11-10 20:55:43.434 -0500] [INFO] [cadence.virtuoso.ade.simulationMonitor] - Time spent in licensing: elapsed = 51.2 ms, percentage of total = 17.2%. {"history": "ExplorerRun.0", "point": 1, "testname": "ECE4130_Project_4to1Mux_1", "cornername": "Nominal"}
[2024-11-10 20:55:43.435 -0500] [INFO] [cadence.virtuoso.ade.simulationMonitor] - Peak memory used = 171 Mbytes. {"history": "ExplorerRun.0", "point": 1, "testname": "ECE4130_Project_4to1Mux_1", "cornername": "Nominal"}
[2024-11-10 20:55:43.439 -0500] [PROCESS] [cadence.virtuoso.ade.simulationMonitor] - Simulation started at: 8:55:42 PM, Sun Nov 10, 2024, ended at: 8:55:42 PM, Sun Nov 10, 2024, with elapsed time (wall clock): 298 ms. {"history": "ExplorerRun.0", "point": 1, "testname": "ECE4130_Project_4to1Mux_1", "cornername": "Nominal"}
[2024-11-10 20:55:43.439 -0500] [PROCESS] [cadence.virtuoso.ade.simulationMonitor] - spectre completes with 0 errors, 0 warnings, and 17 notices. {"history": "ExplorerRun.0", "point": 1, "testname": "ECE4130_Project_4to1Mux_1", "cornername": "Nominal"}
[2024-11-10 20:55:43.439 -0500] [PROCESS] [cadence.virtuoso.ade.simulationMonitor] - Finished simulating for one point {"hostname": "ece-linlab02.ece.gatech.edu", "processid": 2701039, "history": "ExplorerRun.0", "testname": "ECE4130_Project_4to1Mux_1", "cornername": "Nominal", "point": 1, "logfile": "/nethome/ccarpenter38/ECE6130_Updated/ECE6130_LAB/Cadence/logs_ccarpenter38/logs0/Job53.log", "simid": "1", "event": "finish", "category": "simulation"}
[2024-11-10 20:55:43.439 -0500] [PROCESS] [cadence.virtuoso.ade.simulationMonitor] - Simulator exited {"hostname": "ece-linlab02.ece.gatech.edu", "processid": 2701039, "history": "ExplorerRun.0", "testname": "ECE4130_Project_4to1Mux_1", "cornername": "Nominal", "point": 1, "logfile": "/nethome/ccarpenter38/ECE6130_Updated/ECE6130_LAB/Cadence/logs_ccarpenter38/logs0/Job53.log", "exitStatus": "0"}
[2024-11-10 20:55:43.439 -0500] [PROCESS] [cadence.virtuoso.ade.simulationMonitor] - Finished Simulation {"hostname": "ece-linlab02.ece.gatech.edu", "processid": 2701039, "history": "ExplorerRun.0", "testname": "ECE4130_Project_4to1Mux_1", "cornername": "Nominal", "point": 1, "logfile": "/nethome/ccarpenter38/ECE6130_Updated/ECE6130_LAB/Cadence/logs_ccarpenter38/logs0/Job53.log", "simid": "1", "event": "finish", "category": "obsolete"}
[2024-11-10 20:55:45.944 -0500] [PROCESS] [cadence.virtuoso.ade.simulationMonitor] - Point Finished {"hostname": "ece-linlab02.ece.gatech.edu", "processid": 2701039, "history": "ExplorerRun.0", "testname": "ECE4130_Project_4to1Mux_1", "cornername": "Nominal", "point": 1, "logfile": "/nethome/ccarpenter38/ECE6130_Updated/ECE6130_LAB/Cadence/logs_ccarpenter38/logs0/Job53.log", "event": "finish", "category": "sim-eval"}
[2024-11-10 20:55:46.945 -0500] [PROCESS] [cadence.virtuoso.ade.simulationMonitor] - Stay with the runId '0', Linger time '300', currentRunSyn '1', currentTestSyn '2' {"hostname": "ece-linlab02.ece.gatech.edu", "processid": 2701039, "history": "ExplorerRun.0", "testname": "ECE4130_Project_4to1Mux_1", "cornername": "Nominal", "point": 1, "logfile": "/nethome/ccarpenter38/ECE6130_Updated/ECE6130_LAB/Cadence/logs_ccarpenter38/logs0/Job53.log"}
[2024-11-10 20:57:12.655 -0500] [INFO] [cadence.virtuoso.ade.simulationMonitor] - SimulationMonitor has terminated the vds process '2701097', reason: 'Force to stop the expression evalutor process because of new run' {"history": "ExplorerRun.0", "point": 1, "testname": "ECE4130_Project_4to1Mux_1", "cornername": "Nominal"}
[2024-11-10 20:57:12.656 -0500] [PROCESS] [cadence.virtuoso.ade.simulationMonitor] - HostInfo:
Host name (type):	ece-linlab02.ece.gatech.edu (x86_64)
Operating system:	Linux 4.18.0-553.22.1.el8_10.x86_64 #1 SMP Wed Sep 11 18:02:00 EDT 2024 {"hostname": "ece-linlab02.ece.gatech.edu", "processid": 2701039, "history": "ExplorerRun.0", "testname": "ECE4130_Project_4to1Mux_1", "cornername": "Nominal", "point": 1, "logfile": "/nethome/ccarpenter38/ECE6130_Updated/ECE6130_LAB/Cadence/logs_ccarpenter38/logs0/Job53.log", "nodename": "ece-linlab02.ece.gatech.edu", "domainname": "(none)", "machine": "x86_64", "sysname": "Linux", "release": "4.18.0-553.22.1.el8_10.x86_64", "version": "#1 SMP Wed Sep 11 18:02:00 EDT 2024"}
[2024-11-10 20:57:12.656 -0500] [PROCESS] [cadence.virtuoso.ade.simulationMonitor] - UsageInfo:
pid=2701039
totalPhysicalMemory=15.098938GB,Used=14.532173GB,totalVirtualMemory=22.840145GB,Used=14.539948GB
Cpu: Cores=8, Load average:0.750000,0.690000,0.840000 {"hostname": "ece-linlab02.ece.gatech.edu", "processid": 2701039, "history": "ExplorerRun.0", "testname": "ECE4130_Project_4to1Mux_1", "cornername": "Nominal", "point": 1, "logfile": "/nethome/ccarpenter38/ECE6130_Updated/ECE6130_LAB/Cadence/logs_ccarpenter38/logs0/Job53.log", "pid": "2701039", "totalPhysicalMemory": "15.098938", "physicalMemoryUsed": "14.532173", "totalVirtualMemory": "22.840145", "virtualMemoryUsed": "14.539948", "cpuCores": "8", "processes": "1621", "loadAverage1": "0.750000", "loadAverage5": "0.690000", "loadAverage15": "0.840000", "loadAverage1Percent": "0.093750"}
[2024-11-10 20:57:12.662 -0500] [EVENT] [cadence.virtuoso.ade.simulationMonitor] - NewPoint {"history": "ExplorerRun.0", "point": 1, "testname": "ECE4130_Project_4to1Mux_1", "cornername": "Nominal", "event": "NewPoint", "EventSource": "Simulation Monitor", "HistoryName": "ExplorerRun.0", "logFile": "/nethome/ccarpenter38/ECE6130_Updated/ECE6130_LAB/Cadence/logs_ccarpenter38/logs0/Job53.log", "logFileSize": "18846", "category": "simulation"}
[2024-11-10 20:57:12.764 -0500] [EVENT] [cadence.virtuoso.ade.simulationMonitor] - NewPoint {"history": "ExplorerRun.0", "point": 1, "testname": "ECE4130_Project_4to1Mux_1", "cornername": "Nominal", "event": "NewPoint", "EventSource": "spectre", "HistoryName": "ExplorerRun.0", "logFile": "/nethome/ccarpenter38/simulation/ECE4130_Project/4to1Mux/maestro/results/maestro/ExplorerRun.0/1/ECE4130_Project_4to1Mux_1/psf/spectre.out", "logFileSize": "-1", "category": "simulation"}
[2024-11-10 20:57:12.916 -0500] [PROCESS] [cadence.virtuoso.ade.simulationMonitor] - Simulator launched {"hostname": "ece-linlab02.ece.gatech.edu", "processid": 2701039, "history": "ExplorerRun.0", "testname": "ECE4130_Project_4to1Mux_1", "cornername": "Nominal", "point": 1, "logfile": "/nethome/ccarpenter38/ECE6130_Updated/ECE6130_LAB/Cadence/logs_ccarpenter38/logs0/Job53.log", "simid": "2", "event": "launch", "category": "simulation"}
[2024-11-10 20:57:12.920 -0500] [PROCESS] [cadence.virtuoso.ade.simulationMonitor] - Expression evaluator launched {"hostname": "ece-linlab02.ece.gatech.edu", "processid": 2701039, "history": "ExplorerRun.0", "testname": "ECE4130_Project_4to1Mux_1", "cornername": "Nominal", "point": 1, "logfile": "/nethome/ccarpenter38/ECE6130_Updated/ECE6130_LAB/Cadence/logs_ccarpenter38/logs0/Job53.log"}
[2024-11-10 20:57:12.960 -0500] [PROCESS] [cadence.virtuoso.ade.simulationMonitor] - Started Simulation {"hostname": "ece-linlab02.ece.gatech.edu", "processid": 2701039, "history": "ExplorerRun.0", "testname": "ECE4130_Project_4to1Mux_1", "cornername": "Nominal", "point": 1, "logfile": "/nethome/ccarpenter38/ECE6130_Updated/ECE6130_LAB/Cadence/logs_ccarpenter38/logs0/Job53.log", "event": "start", "category": "simulation"}
[2024-11-10 20:57:13.460 -0500] [INFO] [cadence.virtuoso.ade.simulationMonitor] - Peak resident memory used = 150 Mbytes. {"history": "ExplorerRun.0", "point": 1, "testname": "ECE4130_Project_4to1Mux_1", "cornername": "Nominal"}
[2024-11-10 20:57:13.460 -0500] [INFO] [cadence.virtuoso.ade.simulationMonitor] - Peak resident memory used = 158 Mbytes. {"history": "ExplorerRun.0", "point": 1, "testname": "ECE4130_Project_4to1Mux_1", "cornername": "Nominal"}
[2024-11-10 20:57:13.460 -0500] [INFO] [cadence.virtuoso.ade.simulationMonitor] - Notice from spectre during hierarchy flattening.
    The value 'psf' specified for the 'checklimitdest' option will no longer be supported in future releases. Use 'spectre -h' to see other recommended values for the 'checklimitdest' option. {"history": "ExplorerRun.0", "point": 1, "testname": "ECE4130_Project_4to1Mux_1", "cornername": "Nominal"}
[2024-11-10 20:57:13.460 -0500] [INFO] [cadence.virtuoso.ade.simulationMonitor] - Peak resident memory used = 160 Mbytes. {"history": "ExplorerRun.0", "point": 1, "testname": "ECE4130_Project_4to1Mux_1", "cornername": "Nominal"}
[2024-11-10 20:57:13.460 -0500] [INFO] [cadence.virtuoso.ade.simulationMonitor] - Notice from spectre during topology check.
    No DC path from node `I2.M2:int_g' to ground, Gmin installed to provide path.
    No DC path from node `I3.M2:int_g' to ground, Gmin installed to provide path. {"history": "ExplorerRun.0", "point": 1, "testname": "ECE4130_Project_4to1Mux_1", "cornername": "Nominal"}
[2024-11-10 20:57:13.460 -0500] [INFO] [cadence.virtuoso.ade.simulationMonitor] - Notice from spectre during initial setup.
    Multithreading is disabled due to the size of the design being too small. {"history": "ExplorerRun.0", "point": 1, "testname": "ECE4130_Project_4to1Mux_1", "cornername": "Nominal"}
[2024-11-10 20:57:13.466 -0500] [INFO] [cadence.virtuoso.ade.simulationMonitor] -               nodes 14 {"history": "ExplorerRun.0", "point": 1, "testname": "ECE4130_Project_4to1Mux_1", "cornername": "Nominal"}
[2024-11-10 20:57:13.466 -0500] [INFO] [cadence.virtuoso.ade.simulationMonitor] - Notice from spectre during initial setup.
    Protected devices exist and are not included in the circuit inventory.
    APS enabled. {"history": "ExplorerRun.0", "point": 1, "testname": "ECE4130_Project_4to1Mux_1", "cornername": "Nominal"}
[2024-11-10 20:57:13.466 -0500] [INFO] [cadence.virtuoso.ade.simulationMonitor] - Peak resident memory used = 162 Mbytes. {"history": "ExplorerRun.0", "point": 1, "testname": "ECE4130_Project_4to1Mux_1", "cornername": "Nominal"}
[2024-11-10 20:57:13.467 -0500] [INFO] [cadence.virtuoso.ade.simulationMonitor] -    -   (APS) Multi-threading. The recommended number of threads is 1, consider adding +mt=1 on command line. {"history": "ExplorerRun.0", "point": 1, "testname": "ECE4130_Project_4to1Mux_1", "cornername": "Nominal"}
[2024-11-10 20:57:13.467 -0500] [INFO] [cadence.virtuoso.ade.simulationMonitor] - Notice from spectre during IC analysis, during transient analysis `tran'.
    GminDC = 1 pS is large enough to noticeably affect the DC solution.
        dV(ns2) = 1.61089 mV
        Use the `gmin_check' option to eliminate or expand this report.
    Bad pivoting is found during DC analysis. Option dc_pivot_check=yes is recommended for possible improvement of convergence. {"history": "ExplorerRun.0", "point": 1, "testname": "ECE4130_Project_4to1Mux_1", "cornername": "Nominal"}
[2024-11-10 20:57:13.467 -0500] [INFO] [cadence.virtuoso.ade.simulationMonitor] - Notice from spectre during transient analysis `tran'.
    Multithreading is disabled due to the size of the design being too small. {"history": "ExplorerRun.0", "point": 1, "testname": "ECE4130_Project_4to1Mux_1", "cornername": "Nominal"}
[2024-11-10 20:57:13.467 -0500] [INFO] [cadence.virtuoso.ade.simulationMonitor] - Notice from spectre at time = 375.921 ps during transient analysis `tran'.
    Found trapezoidal ringing on node _vvdd!:p. {"history": "ExplorerRun.0", "point": 1, "testname": "ECE4130_Project_4to1Mux_1", "cornername": "Nominal"}
[2024-11-10 20:57:13.467 -0500] [INFO] [cadence.virtuoso.ade.simulationMonitor] - Notice from spectre at time = 437.96 ps during transient analysis `tran'.
    Found trapezoidal ringing on node _vvdd!:p. {"history": "ExplorerRun.0", "point": 1, "testname": "ECE4130_Project_4to1Mux_1", "cornername": "Nominal"}
[2024-11-10 20:57:13.467 -0500] [INFO] [cadence.virtuoso.ade.simulationMonitor] - Notice from spectre at time = 500 ps during transient analysis `tran'.
    Found trapezoidal ringing on node _vvdd!:p. {"history": "ExplorerRun.0", "point": 1, "testname": "ECE4130_Project_4to1Mux_1", "cornername": "Nominal"}
[2024-11-10 20:57:13.467 -0500] [INFO] [cadence.virtuoso.ade.simulationMonitor] - Notice from spectre at time = 798.228 ps during transient analysis `tran'.
    Found trapezoidal ringing on node _vvdd!:p. {"history": "ExplorerRun.0", "point": 1, "testname": "ECE4130_Project_4to1Mux_1", "cornername": "Nominal"}
[2024-11-10 20:57:13.467 -0500] [INFO] [cadence.virtuoso.ade.simulationMonitor] - Notice from spectre at time = 878.228 ps during transient analysis `tran'.
    Found trapezoidal ringing on node _vvdd!:p.
        Further occurrences of this notice will be suppressed. {"history": "ExplorerRun.0", "point": 1, "testname": "ECE4130_Project_4to1Mux_1", "cornername": "Nominal"}
[2024-11-10 20:57:13.467 -0500] [INFO] [cadence.virtuoso.ade.simulationMonitor] - Notice from spectre during transient analysis `tran'.
    Trapezoidal ringing is detected during tran analysis.
        Please use method=trap for better results and performance. {"history": "ExplorerRun.0", "point": 1, "testname": "ECE4130_Project_4to1Mux_1", "cornername": "Nominal"}
[2024-11-10 20:57:13.468 -0500] [INFO] [cadence.virtuoso.ade.simulationMonitor] - Intrinsic tran analysis time:    CPU = 23.269 ms, elapsed = 32.5181 ms. {"history": "ExplorerRun.0", "point": 1, "testname": "ECE4130_Project_4to1Mux_1", "cornername": "Nominal"}
[2024-11-10 20:57:13.468 -0500] [INFO] [cadence.virtuoso.ade.simulationMonitor] - Total time required for tran analysis `tran': CPU = 25.297 ms, elapsed = 37.627 ms, util. = 67.2%. {"history": "ExplorerRun.0", "point": 1, "testname": "ECE4130_Project_4to1Mux_1", "cornername": "Nominal"}
[2024-11-10 20:57:13.468 -0500] [INFO] [cadence.virtuoso.ade.simulationMonitor] - Peak resident memory used = 169 Mbytes. {"history": "ExplorerRun.0", "point": 1, "testname": "ECE4130_Project_4to1Mux_1", "cornername": "Nominal"}
[2024-11-10 20:57:13.468 -0500] [INFO] [cadence.virtuoso.ade.simulationMonitor] - Notice from spectre.
    25 notices suppressed. {"history": "ExplorerRun.0", "point": 1, "testname": "ECE4130_Project_4to1Mux_1", "cornername": "Nominal"}
[2024-11-10 20:57:13.980 -0500] [INFO] [cadence.virtuoso.ade.simulationMonitor] - Time used: CPU = 154 ms, elapsed = 272 ms, util. = 56.6%. {"history": "ExplorerRun.0", "point": 1, "testname": "ECE4130_Project_4to1Mux_1", "cornername": "Nominal"}
[2024-11-10 20:57:13.980 -0500] [INFO] [cadence.virtuoso.ade.simulationMonitor] - Time spent in licensing: elapsed = 50.8 ms, percentage of total = 18.7%. {"history": "ExplorerRun.0", "point": 1, "testname": "ECE4130_Project_4to1Mux_1", "cornername": "Nominal"}
[2024-11-10 20:57:13.985 -0500] [INFO] [cadence.virtuoso.ade.simulationMonitor] - Peak memory used = 170 Mbytes. {"history": "ExplorerRun.0", "point": 1, "testname": "ECE4130_Project_4to1Mux_1", "cornername": "Nominal"}
[2024-11-10 20:57:14.001 -0500] [PROCESS] [cadence.virtuoso.ade.simulationMonitor] - Simulation started at: 8:57:13 PM, Sun Nov 10, 2024, ended at: 8:57:13 PM, Sun Nov 10, 2024, with elapsed time (wall clock): 272 ms. {"history": "ExplorerRun.0", "point": 1, "testname": "ECE4130_Project_4to1Mux_1", "cornername": "Nominal"}
[2024-11-10 20:57:14.001 -0500] [PROCESS] [cadence.virtuoso.ade.simulationMonitor] - spectre completes with 0 errors, 0 warnings, and 17 notices. {"history": "ExplorerRun.0", "point": 1, "testname": "ECE4130_Project_4to1Mux_1", "cornername": "Nominal"}
[2024-11-10 20:57:14.001 -0500] [PROCESS] [cadence.virtuoso.ade.simulationMonitor] - Finished simulating for one point {"hostname": "ece-linlab02.ece.gatech.edu", "processid": 2701039, "history": "ExplorerRun.0", "testname": "ECE4130_Project_4to1Mux_1", "cornername": "Nominal", "point": 1, "logfile": "/nethome/ccarpenter38/ECE6130_Updated/ECE6130_LAB/Cadence/logs_ccarpenter38/logs0/Job53.log", "simid": "2", "event": "finish", "category": "simulation"}
[2024-11-10 20:57:14.001 -0500] [PROCESS] [cadence.virtuoso.ade.simulationMonitor] - Simulator exited {"hostname": "ece-linlab02.ece.gatech.edu", "processid": 2701039, "history": "ExplorerRun.0", "testname": "ECE4130_Project_4to1Mux_1", "cornername": "Nominal", "point": 1, "logfile": "/nethome/ccarpenter38/ECE6130_Updated/ECE6130_LAB/Cadence/logs_ccarpenter38/logs0/Job53.log", "exitStatus": "0"}
[2024-11-10 20:57:14.001 -0500] [PROCESS] [cadence.virtuoso.ade.simulationMonitor] - Finished Simulation {"hostname": "ece-linlab02.ece.gatech.edu", "processid": 2701039, "history": "ExplorerRun.0", "testname": "ECE4130_Project_4to1Mux_1", "cornername": "Nominal", "point": 1, "logfile": "/nethome/ccarpenter38/ECE6130_Updated/ECE6130_LAB/Cadence/logs_ccarpenter38/logs0/Job53.log", "simid": "2", "event": "finish", "category": "obsolete"}
[2024-11-10 20:57:16.514 -0500] [PROCESS] [cadence.virtuoso.ade.simulationMonitor] - Point Finished {"hostname": "ece-linlab02.ece.gatech.edu", "processid": 2701039, "history": "ExplorerRun.0", "testname": "ECE4130_Project_4to1Mux_1", "cornername": "Nominal", "point": 1, "logfile": "/nethome/ccarpenter38/ECE6130_Updated/ECE6130_LAB/Cadence/logs_ccarpenter38/logs0/Job53.log", "event": "finish", "category": "sim-eval"}
[2024-11-10 20:57:45.159 -0500] [INFO] [cadence.virtuoso.ade.simulationMonitor] - SimulationMonitor has terminated the vds process '2702742', reason: 'Force to stop the expression evalutor process because of new run' {"history": "ExplorerRun.0", "point": 1, "testname": "ECE4130_Project_4to1Mux_1", "cornername": "Nominal"}
[2024-11-10 20:57:45.160 -0500] [PROCESS] [cadence.virtuoso.ade.simulationMonitor] - HostInfo:
Host name (type):	ece-linlab02.ece.gatech.edu (x86_64)
Operating system:	Linux 4.18.0-553.22.1.el8_10.x86_64 #1 SMP Wed Sep 11 18:02:00 EDT 2024 {"hostname": "ece-linlab02.ece.gatech.edu", "processid": 2701039, "history": "ExplorerRun.0", "testname": "ECE4130_Project_4to1Mux_1", "cornername": "Nominal", "point": 1, "logfile": "/nethome/ccarpenter38/ECE6130_Updated/ECE6130_LAB/Cadence/logs_ccarpenter38/logs0/Job53.log", "nodename": "ece-linlab02.ece.gatech.edu", "domainname": "(none)", "machine": "x86_64", "sysname": "Linux", "release": "4.18.0-553.22.1.el8_10.x86_64", "version": "#1 SMP Wed Sep 11 18:02:00 EDT 2024"}
[2024-11-10 20:57:45.160 -0500] [PROCESS] [cadence.virtuoso.ade.simulationMonitor] - UsageInfo:
pid=2701039
totalPhysicalMemory=15.098938GB,Used=14.560543GB,totalVirtualMemory=22.840145GB,Used=14.568317GB
Cpu: Cores=8, Load average:0.870000,0.720000,0.850000 {"hostname": "ece-linlab02.ece.gatech.edu", "processid": 2701039, "history": "ExplorerRun.0", "testname": "ECE4130_Project_4to1Mux_1", "cornername": "Nominal", "point": 1, "logfile": "/nethome/ccarpenter38/ECE6130_Updated/ECE6130_LAB/Cadence/logs_ccarpenter38/logs0/Job53.log", "pid": "2701039", "totalPhysicalMemory": "15.098938", "physicalMemoryUsed": "14.560543", "totalVirtualMemory": "22.840145", "virtualMemoryUsed": "14.568317", "cpuCores": "8", "processes": "1628", "loadAverage1": "0.870000", "loadAverage5": "0.720000", "loadAverage15": "0.850000", "loadAverage1Percent": "0.108750"}
[2024-11-10 20:57:45.166 -0500] [EVENT] [cadence.virtuoso.ade.simulationMonitor] - NewPoint {"history": "ExplorerRun.0", "point": 1, "testname": "ECE4130_Project_4to1Mux_1", "cornername": "Nominal", "event": "NewPoint", "EventSource": "Simulation Monitor", "HistoryName": "ExplorerRun.0", "logFile": "/nethome/ccarpenter38/ECE6130_Updated/ECE6130_LAB/Cadence/logs_ccarpenter38/logs0/Job53.log", "logFileSize": "32719", "category": "simulation"}
[2024-11-10 20:57:45.268 -0500] [EVENT] [cadence.virtuoso.ade.simulationMonitor] - NewPoint {"history": "ExplorerRun.0", "point": 1, "testname": "ECE4130_Project_4to1Mux_1", "cornername": "Nominal", "event": "NewPoint", "EventSource": "spectre", "HistoryName": "ExplorerRun.0", "logFile": "/nethome/ccarpenter38/simulation/ECE4130_Project/4to1Mux/maestro/results/maestro/ExplorerRun.0/1/ECE4130_Project_4to1Mux_1/psf/spectre.out", "logFileSize": "-1", "category": "simulation"}
[2024-11-10 20:57:45.391 -0500] [PROCESS] [cadence.virtuoso.ade.simulationMonitor] - Simulator launched {"hostname": "ece-linlab02.ece.gatech.edu", "processid": 2701039, "history": "ExplorerRun.0", "testname": "ECE4130_Project_4to1Mux_1", "cornername": "Nominal", "point": 1, "logfile": "/nethome/ccarpenter38/ECE6130_Updated/ECE6130_LAB/Cadence/logs_ccarpenter38/logs0/Job53.log", "simid": "3", "event": "launch", "category": "simulation"}
[2024-11-10 20:57:45.393 -0500] [PROCESS] [cadence.virtuoso.ade.simulationMonitor] - Expression evaluator launched {"hostname": "ece-linlab02.ece.gatech.edu", "processid": 2701039, "history": "ExplorerRun.0", "testname": "ECE4130_Project_4to1Mux_1", "cornername": "Nominal", "point": 1, "logfile": "/nethome/ccarpenter38/ECE6130_Updated/ECE6130_LAB/Cadence/logs_ccarpenter38/logs0/Job53.log"}
[2024-11-10 20:57:45.431 -0500] [PROCESS] [cadence.virtuoso.ade.simulationMonitor] - Started Simulation {"hostname": "ece-linlab02.ece.gatech.edu", "processid": 2701039, "history": "ExplorerRun.0", "testname": "ECE4130_Project_4to1Mux_1", "cornername": "Nominal", "point": 1, "logfile": "/nethome/ccarpenter38/ECE6130_Updated/ECE6130_LAB/Cadence/logs_ccarpenter38/logs0/Job53.log", "event": "start", "category": "simulation"}
[2024-11-10 20:57:45.932 -0500] [INFO] [cadence.virtuoso.ade.simulationMonitor] - Peak resident memory used = 150 Mbytes. {"history": "ExplorerRun.0", "point": 1, "testname": "ECE4130_Project_4to1Mux_1", "cornername": "Nominal"}
[2024-11-10 20:57:45.932 -0500] [INFO] [cadence.virtuoso.ade.simulationMonitor] - Peak resident memory used = 158 Mbytes. {"history": "ExplorerRun.0", "point": 1, "testname": "ECE4130_Project_4to1Mux_1", "cornername": "Nominal"}
[2024-11-10 20:57:45.932 -0500] [INFO] [cadence.virtuoso.ade.simulationMonitor] - Notice from spectre during hierarchy flattening.
    The value 'psf' specified for the 'checklimitdest' option will no longer be supported in future releases. Use 'spectre -h' to see other recommended values for the 'checklimitdest' option. {"history": "ExplorerRun.0", "point": 1, "testname": "ECE4130_Project_4to1Mux_1", "cornername": "Nominal"}
[2024-11-10 20:57:45.932 -0500] [INFO] [cadence.virtuoso.ade.simulationMonitor] - Peak resident memory used = 160 Mbytes. {"history": "ExplorerRun.0", "point": 1, "testname": "ECE4130_Project_4to1Mux_1", "cornername": "Nominal"}
[2024-11-10 20:57:45.932 -0500] [INFO] [cadence.virtuoso.ade.simulationMonitor] - Notice from spectre during initial setup.
    Multithreading is disabled due to the size of the design being too small. {"history": "ExplorerRun.0", "point": 1, "testname": "ECE4130_Project_4to1Mux_1", "cornername": "Nominal"}
[2024-11-10 20:57:45.937 -0500] [INFO] [cadence.virtuoso.ade.simulationMonitor] -               nodes 14 {"history": "ExplorerRun.0", "point": 1, "testname": "ECE4130_Project_4to1Mux_1", "cornername": "Nominal"}
[2024-11-10 20:57:45.937 -0500] [INFO] [cadence.virtuoso.ade.simulationMonitor] - Notice from spectre during initial setup.
    Protected devices exist and are not included in the circuit inventory.
    3 vsources are shorted because their absolute value is less than or equal to 'vabsshort'.
    APS enabled. {"history": "ExplorerRun.0", "point": 1, "testname": "ECE4130_Project_4to1Mux_1", "cornername": "Nominal"}
[2024-11-10 20:57:45.937 -0500] [INFO] [cadence.virtuoso.ade.simulationMonitor] - Peak resident memory used = 162 Mbytes. {"history": "ExplorerRun.0", "point": 1, "testname": "ECE4130_Project_4to1Mux_1", "cornername": "Nominal"}
[2024-11-10 20:57:45.938 -0500] [INFO] [cadence.virtuoso.ade.simulationMonitor] -    -   (APS) Multi-threading. The recommended number of threads is 1, consider adding +mt=1 on command line. {"history": "ExplorerRun.0", "point": 1, "testname": "ECE4130_Project_4to1Mux_1", "cornername": "Nominal"}
[2024-11-10 20:57:45.938 -0500] [INFO] [cadence.virtuoso.ade.simulationMonitor] - Notice from spectre during transient analysis `tran'.
    Multithreading is disabled due to the size of the design being too small. {"history": "ExplorerRun.0", "point": 1, "testname": "ECE4130_Project_4to1Mux_1", "cornername": "Nominal"}
[2024-11-10 20:57:45.938 -0500] [INFO] [cadence.virtuoso.ade.simulationMonitor] - Notice from spectre at time = 375.921 ps during transient analysis `tran'.
    Found trapezoidal ringing on node _vvdd!:p. {"history": "ExplorerRun.0", "point": 1, "testname": "ECE4130_Project_4to1Mux_1", "cornername": "Nominal"}
[2024-11-10 20:57:45.938 -0500] [INFO] [cadence.virtuoso.ade.simulationMonitor] - Notice from spectre at time = 437.96 ps during transient analysis `tran'.
    Found trapezoidal ringing on node _vvdd!:p. {"history": "ExplorerRun.0", "point": 1, "testname": "ECE4130_Project_4to1Mux_1", "cornername": "Nominal"}
[2024-11-10 20:57:45.938 -0500] [INFO] [cadence.virtuoso.ade.simulationMonitor] - Notice from spectre at time = 500 ps during transient analysis `tran'.
    Found trapezoidal ringing on node _vvdd!:p. {"history": "ExplorerRun.0", "point": 1, "testname": "ECE4130_Project_4to1Mux_1", "cornername": "Nominal"}
[2024-11-10 20:57:45.938 -0500] [INFO] [cadence.virtuoso.ade.simulationMonitor] - Notice from spectre at time = 779.893 ps during transient analysis `tran'.
    Found trapezoidal ringing on node _vvdd!:p. {"history": "ExplorerRun.0", "point": 1, "testname": "ECE4130_Project_4to1Mux_1", "cornername": "Nominal"}
[2024-11-10 20:57:45.938 -0500] [INFO] [cadence.virtuoso.ade.simulationMonitor] - Notice from spectre at time = 859.893 ps during transient analysis `tran'.
    Found trapezoidal ringing on node _vvdd!:p.
        Further occurrences of this notice will be suppressed. {"history": "ExplorerRun.0", "point": 1, "testname": "ECE4130_Project_4to1Mux_1", "cornername": "Nominal"}
[2024-11-10 20:57:45.938 -0500] [INFO] [cadence.virtuoso.ade.simulationMonitor] - Notice from spectre during transient analysis `tran'.
    Trapezoidal ringing is detected during tran analysis.
        Please use method=trap for better results and performance. {"history": "ExplorerRun.0", "point": 1, "testname": "ECE4130_Project_4to1Mux_1", "cornername": "Nominal"}
[2024-11-10 20:57:45.939 -0500] [INFO] [cadence.virtuoso.ade.simulationMonitor] - Intrinsic tran analysis time:    CPU = 18.345 ms, elapsed = 31.3039 ms. {"history": "ExplorerRun.0", "point": 1, "testname": "ECE4130_Project_4to1Mux_1", "cornername": "Nominal"}
[2024-11-10 20:57:45.939 -0500] [INFO] [cadence.virtuoso.ade.simulationMonitor] - Total time required for tran analysis `tran': CPU = 20.236 ms, elapsed = 37.8098 ms, util. = 53.5%. {"history": "ExplorerRun.0", "point": 1, "testname": "ECE4130_Project_4to1Mux_1", "cornername": "Nominal"}
[2024-11-10 20:57:45.939 -0500] [INFO] [cadence.virtuoso.ade.simulationMonitor] - Peak resident memory used = 169 Mbytes. {"history": "ExplorerRun.0", "point": 1, "testname": "ECE4130_Project_4to1Mux_1", "cornername": "Nominal"}
[2024-11-10 20:57:45.939 -0500] [INFO] [cadence.virtuoso.ade.simulationMonitor] - Notice from spectre.
    23 notices suppressed. {"history": "ExplorerRun.0", "point": 1, "testname": "ECE4130_Project_4to1Mux_1", "cornername": "Nominal"}
[2024-11-10 20:57:45.941 -0500] [INFO] [cadence.virtuoso.ade.simulationMonitor] - Time used: CPU = 151 ms, elapsed = 269 ms, util. = 56%. {"history": "ExplorerRun.0", "point": 1, "testname": "ECE4130_Project_4to1Mux_1", "cornername": "Nominal"}
[2024-11-10 20:57:45.941 -0500] [INFO] [cadence.virtuoso.ade.simulationMonitor] - Time spent in licensing: elapsed = 49.5 ms, percentage of total = 18.4%. {"history": "ExplorerRun.0", "point": 1, "testname": "ECE4130_Project_4to1Mux_1", "cornername": "Nominal"}
[2024-11-10 20:57:45.942 -0500] [INFO] [cadence.virtuoso.ade.simulationMonitor] - Peak memory used = 171 Mbytes. {"history": "ExplorerRun.0", "point": 1, "testname": "ECE4130_Project_4to1Mux_1", "cornername": "Nominal"}
[2024-11-10 20:57:45.944 -0500] [PROCESS] [cadence.virtuoso.ade.simulationMonitor] - Simulation started at: 8:57:45 PM, Sun Nov 10, 2024, ended at: 8:57:45 PM, Sun Nov 10, 2024, with elapsed time (wall clock): 269 ms. {"history": "ExplorerRun.0", "point": 1, "testname": "ECE4130_Project_4to1Mux_1", "cornername": "Nominal"}
[2024-11-10 20:57:45.944 -0500] [PROCESS] [cadence.virtuoso.ade.simulationMonitor] - spectre completes with 0 errors, 0 warnings, and 14 notices. {"history": "ExplorerRun.0", "point": 1, "testname": "ECE4130_Project_4to1Mux_1", "cornername": "Nominal"}
[2024-11-10 20:57:45.944 -0500] [PROCESS] [cadence.virtuoso.ade.simulationMonitor] - Finished simulating for one point {"hostname": "ece-linlab02.ece.gatech.edu", "processid": 2701039, "history": "ExplorerRun.0", "testname": "ECE4130_Project_4to1Mux_1", "cornername": "Nominal", "point": 1, "logfile": "/nethome/ccarpenter38/ECE6130_Updated/ECE6130_LAB/Cadence/logs_ccarpenter38/logs0/Job53.log", "simid": "3", "event": "finish", "category": "simulation"}
[2024-11-10 20:57:45.944 -0500] [PROCESS] [cadence.virtuoso.ade.simulationMonitor] - Simulator exited {"hostname": "ece-linlab02.ece.gatech.edu", "processid": 2701039, "history": "ExplorerRun.0", "testname": "ECE4130_Project_4to1Mux_1", "cornername": "Nominal", "point": 1, "logfile": "/nethome/ccarpenter38/ECE6130_Updated/ECE6130_LAB/Cadence/logs_ccarpenter38/logs0/Job53.log", "exitStatus": "0"}
[2024-11-10 20:57:45.944 -0500] [PROCESS] [cadence.virtuoso.ade.simulationMonitor] - Finished Simulation {"hostname": "ece-linlab02.ece.gatech.edu", "processid": 2701039, "history": "ExplorerRun.0", "testname": "ECE4130_Project_4to1Mux_1", "cornername": "Nominal", "point": 1, "logfile": "/nethome/ccarpenter38/ECE6130_Updated/ECE6130_LAB/Cadence/logs_ccarpenter38/logs0/Job53.log", "simid": "3", "event": "finish", "category": "obsolete"}
[2024-11-10 20:57:48.949 -0500] [PROCESS] [cadence.virtuoso.ade.simulationMonitor] - Point Finished {"hostname": "ece-linlab02.ece.gatech.edu", "processid": 2701039, "history": "ExplorerRun.0", "testname": "ECE4130_Project_4to1Mux_1", "cornername": "Nominal", "point": 1, "logfile": "/nethome/ccarpenter38/ECE6130_Updated/ECE6130_LAB/Cadence/logs_ccarpenter38/logs0/Job53.log", "event": "finish", "category": "sim-eval"}
[2024-11-10 20:57:49.950 -0500] [PROCESS] [cadence.virtuoso.ade.simulationMonitor] - Stay with the runId '2', Linger time '300', currentRunSyn '5', currentTestSyn '6' {"hostname": "ece-linlab02.ece.gatech.edu", "processid": 2701039, "history": "ExplorerRun.0", "testname": "ECE4130_Project_4to1Mux_1", "cornername": "Nominal", "point": 1, "logfile": "/nethome/ccarpenter38/ECE6130_Updated/ECE6130_LAB/Cadence/logs_ccarpenter38/logs0/Job53.log"}
[2024-11-10 20:59:05.276 -0500] [INFO] [cadence.virtuoso.ade.simulationMonitor] - SimulationMonitor has terminated the vds process '2703877', reason: 'Force to stop the expression evalutor process because of new run' {"history": "ExplorerRun.0", "point": 1, "testname": "ECE4130_Project_4to1Mux_1", "cornername": "Nominal"}
[2024-11-10 20:59:05.280 -0500] [PROCESS] [cadence.virtuoso.ade.simulationMonitor] - HostInfo:
Host name (type):	ece-linlab02.ece.gatech.edu (x86_64)
Operating system:	Linux 4.18.0-553.22.1.el8_10.x86_64 #1 SMP Wed Sep 11 18:02:00 EDT 2024 {"hostname": "ece-linlab02.ece.gatech.edu", "processid": 2701039, "history": "ExplorerRun.0", "testname": "ECE4130_Project_4to1Mux_1", "cornername": "Nominal", "point": 1, "logfile": "/nethome/ccarpenter38/ECE6130_Updated/ECE6130_LAB/Cadence/logs_ccarpenter38/logs0/Job53.log", "nodename": "ece-linlab02.ece.gatech.edu", "domainname": "(none)", "machine": "x86_64", "sysname": "Linux", "release": "4.18.0-553.22.1.el8_10.x86_64", "version": "#1 SMP Wed Sep 11 18:02:00 EDT 2024"}
[2024-11-10 20:59:05.280 -0500] [PROCESS] [cadence.virtuoso.ade.simulationMonitor] - UsageInfo:
pid=2701039
totalPhysicalMemory=15.098938GB,Used=14.384148GB,totalVirtualMemory=22.840145GB,Used=14.397049GB
Cpu: Cores=8, Load average:1.110000,0.820000,0.870000 {"hostname": "ece-linlab02.ece.gatech.edu", "processid": 2701039, "history": "ExplorerRun.0", "testname": "ECE4130_Project_4to1Mux_1", "cornername": "Nominal", "point": 1, "logfile": "/nethome/ccarpenter38/ECE6130_Updated/ECE6130_LAB/Cadence/logs_ccarpenter38/logs0/Job53.log", "pid": "2701039", "totalPhysicalMemory": "15.098938", "physicalMemoryUsed": "14.384148", "totalVirtualMemory": "22.840145", "virtualMemoryUsed": "14.397049", "cpuCores": "8", "processes": "1602", "loadAverage1": "1.110000", "loadAverage5": "0.820000", "loadAverage15": "0.870000", "loadAverage1Percent": "0.138750"}
[2024-11-10 20:59:05.288 -0500] [EVENT] [cadence.virtuoso.ade.simulationMonitor] - NewPoint {"history": "ExplorerRun.0", "point": 1, "testname": "ECE4130_Project_4to1Mux_1", "cornername": "Nominal", "event": "NewPoint", "EventSource": "Simulation Monitor", "HistoryName": "ExplorerRun.0", "logFile": "/nethome/ccarpenter38/ECE6130_Updated/ECE6130_LAB/Cadence/logs_ccarpenter38/logs0/Job53.log", "logFileSize": "46170", "category": "simulation"}
[2024-11-10 20:59:05.390 -0500] [EVENT] [cadence.virtuoso.ade.simulationMonitor] - NewPoint {"history": "ExplorerRun.0", "point": 1, "testname": "ECE4130_Project_4to1Mux_1", "cornername": "Nominal", "event": "NewPoint", "EventSource": "spectre", "HistoryName": "ExplorerRun.0", "logFile": "/nethome/ccarpenter38/simulation/ECE4130_Project/4to1Mux/maestro/results/maestro/ExplorerRun.0/1/ECE4130_Project_4to1Mux_1/psf/spectre.out", "logFileSize": "-1", "category": "simulation"}
[2024-11-10 20:59:05.595 -0500] [PROCESS] [cadence.virtuoso.ade.simulationMonitor] - Simulator launched {"hostname": "ece-linlab02.ece.gatech.edu", "processid": 2701039, "history": "ExplorerRun.0", "testname": "ECE4130_Project_4to1Mux_1", "cornername": "Nominal", "point": 1, "logfile": "/nethome/ccarpenter38/ECE6130_Updated/ECE6130_LAB/Cadence/logs_ccarpenter38/logs0/Job53.log", "simid": "4", "event": "launch", "category": "simulation"}
[2024-11-10 20:59:05.598 -0500] [PROCESS] [cadence.virtuoso.ade.simulationMonitor] - Expression evaluator launched {"hostname": "ece-linlab02.ece.gatech.edu", "processid": 2701039, "history": "ExplorerRun.0", "testname": "ECE4130_Project_4to1Mux_1", "cornername": "Nominal", "point": 1, "logfile": "/nethome/ccarpenter38/ECE6130_Updated/ECE6130_LAB/Cadence/logs_ccarpenter38/logs0/Job53.log"}
[2024-11-10 20:59:05.639 -0500] [PROCESS] [cadence.virtuoso.ade.simulationMonitor] - Started Simulation {"hostname": "ece-linlab02.ece.gatech.edu", "processid": 2701039, "history": "ExplorerRun.0", "testname": "ECE4130_Project_4to1Mux_1", "cornername": "Nominal", "point": 1, "logfile": "/nethome/ccarpenter38/ECE6130_Updated/ECE6130_LAB/Cadence/logs_ccarpenter38/logs0/Job53.log", "event": "start", "category": "simulation"}
[2024-11-10 20:59:06.140 -0500] [INFO] [cadence.virtuoso.ade.simulationMonitor] - Peak resident memory used = 150 Mbytes. {"history": "ExplorerRun.0", "point": 1, "testname": "ECE4130_Project_4to1Mux_1", "cornername": "Nominal"}
[2024-11-10 20:59:06.140 -0500] [INFO] [cadence.virtuoso.ade.simulationMonitor] - Peak resident memory used = 158 Mbytes. {"history": "ExplorerRun.0", "point": 1, "testname": "ECE4130_Project_4to1Mux_1", "cornername": "Nominal"}
[2024-11-10 20:59:06.140 -0500] [INFO] [cadence.virtuoso.ade.simulationMonitor] - Notice from spectre during hierarchy flattening.
    The value 'psf' specified for the 'checklimitdest' option will no longer be supported in future releases. Use 'spectre -h' to see other recommended values for the 'checklimitdest' option. {"history": "ExplorerRun.0", "point": 1, "testname": "ECE4130_Project_4to1Mux_1", "cornername": "Nominal"}
[2024-11-10 20:59:06.140 -0500] [INFO] [cadence.virtuoso.ade.simulationMonitor] - Peak resident memory used = 160 Mbytes. {"history": "ExplorerRun.0", "point": 1, "testname": "ECE4130_Project_4to1Mux_1", "cornername": "Nominal"}
[2024-11-10 20:59:06.140 -0500] [INFO] [cadence.virtuoso.ade.simulationMonitor] - Notice from spectre during initial setup.
    Multithreading is disabled due to the size of the design being too small. {"history": "ExplorerRun.0", "point": 1, "testname": "ECE4130_Project_4to1Mux_1", "cornername": "Nominal"}
[2024-11-10 20:59:06.146 -0500] [INFO] [cadence.virtuoso.ade.simulationMonitor] -               nodes 14 {"history": "ExplorerRun.0", "point": 1, "testname": "ECE4130_Project_4to1Mux_1", "cornername": "Nominal"}
[2024-11-10 20:59:06.146 -0500] [INFO] [cadence.virtuoso.ade.simulationMonitor] - Notice from spectre during initial setup.
    Protected devices exist and are not included in the circuit inventory.
    3 vsources are shorted because their absolute value is less than or equal to 'vabsshort'.
    APS enabled. {"history": "ExplorerRun.0", "point": 1, "testname": "ECE4130_Project_4to1Mux_1", "cornername": "Nominal"}
[2024-11-10 20:59:06.146 -0500] [INFO] [cadence.virtuoso.ade.simulationMonitor] - Peak resident memory used = 162 Mbytes. {"history": "ExplorerRun.0", "point": 1, "testname": "ECE4130_Project_4to1Mux_1", "cornername": "Nominal"}
[2024-11-10 20:59:06.147 -0500] [INFO] [cadence.virtuoso.ade.simulationMonitor] -    -   (APS) Multi-threading. The recommended number of threads is 1, consider adding +mt=1 on command line. {"history": "ExplorerRun.0", "point": 1, "testname": "ECE4130_Project_4to1Mux_1", "cornername": "Nominal"}
[2024-11-10 20:59:06.147 -0500] [INFO] [cadence.virtuoso.ade.simulationMonitor] - Notice from spectre during transient analysis `tran'.
    Multithreading is disabled due to the size of the design being too small. {"history": "ExplorerRun.0", "point": 1, "testname": "ECE4130_Project_4to1Mux_1", "cornername": "Nominal"}
[2024-11-10 20:59:06.147 -0500] [INFO] [cadence.virtuoso.ade.simulationMonitor] - Notice from spectre at time = 375.921 ps during transient analysis `tran'.
    Found trapezoidal ringing on node _vvdd!:p. {"history": "ExplorerRun.0", "point": 1, "testname": "ECE4130_Project_4to1Mux_1", "cornername": "Nominal"}
[2024-11-10 20:59:06.147 -0500] [INFO] [cadence.virtuoso.ade.simulationMonitor] - Notice from spectre at time = 437.96 ps during transient analysis `tran'.
    Found trapezoidal ringing on node _vvdd!:p. {"history": "ExplorerRun.0", "point": 1, "testname": "ECE4130_Project_4to1Mux_1", "cornername": "Nominal"}
[2024-11-10 20:59:06.147 -0500] [INFO] [cadence.virtuoso.ade.simulationMonitor] - Notice from spectre at time = 500 ps during transient analysis `tran'.
    Found trapezoidal ringing on node _vvdd!:p. {"history": "ExplorerRun.0", "point": 1, "testname": "ECE4130_Project_4to1Mux_1", "cornername": "Nominal"}
[2024-11-10 20:59:06.147 -0500] [INFO] [cadence.virtuoso.ade.simulationMonitor] - Notice from spectre at time = 779.893 ps during transient analysis `tran'.
    Found trapezoidal ringing on node _vvdd!:p. {"history": "ExplorerRun.0", "point": 1, "testname": "ECE4130_Project_4to1Mux_1", "cornername": "Nominal"}
[2024-11-10 20:59:06.147 -0500] [INFO] [cadence.virtuoso.ade.simulationMonitor] - Notice from spectre at time = 859.893 ps during transient analysis `tran'.
    Found trapezoidal ringing on node _vvdd!:p.
        Further occurrences of this notice will be suppressed. {"history": "ExplorerRun.0", "point": 1, "testname": "ECE4130_Project_4to1Mux_1", "cornername": "Nominal"}
[2024-11-10 20:59:06.147 -0500] [INFO] [cadence.virtuoso.ade.simulationMonitor] - Notice from spectre during transient analysis `tran'.
    Trapezoidal ringing is detected during tran analysis.
        Please use method=trap for better results and performance. {"history": "ExplorerRun.0", "point": 1, "testname": "ECE4130_Project_4to1Mux_1", "cornername": "Nominal"}
[2024-11-10 20:59:06.148 -0500] [INFO] [cadence.virtuoso.ade.simulationMonitor] - Intrinsic tran analysis time:    CPU = 17.675 ms, elapsed = 31.8608 ms. {"history": "ExplorerRun.0", "point": 1, "testname": "ECE4130_Project_4to1Mux_1", "cornername": "Nominal"}
[2024-11-10 20:59:06.648 -0500] [INFO] [cadence.virtuoso.ade.simulationMonitor] - Total time required for tran analysis `tran': CPU = 19.421 ms, elapsed = 37.802 ms, util. = 51.4%. {"history": "ExplorerRun.0", "point": 1, "testname": "ECE4130_Project_4to1Mux_1", "cornername": "Nominal"}
[2024-11-10 20:59:06.649 -0500] [INFO] [cadence.virtuoso.ade.simulationMonitor] - Peak resident memory used = 169 Mbytes. {"history": "ExplorerRun.0", "point": 1, "testname": "ECE4130_Project_4to1Mux_1", "cornername": "Nominal"}
[2024-11-10 20:59:06.649 -0500] [INFO] [cadence.virtuoso.ade.simulationMonitor] - Notice from spectre.
    23 notices suppressed. {"history": "ExplorerRun.0", "point": 1, "testname": "ECE4130_Project_4to1Mux_1", "cornername": "Nominal"}
[2024-11-10 20:59:06.651 -0500] [INFO] [cadence.virtuoso.ade.simulationMonitor] - Time used: CPU = 147 ms, elapsed = 335 ms, util. = 43.8%. {"history": "ExplorerRun.0", "point": 1, "testname": "ECE4130_Project_4to1Mux_1", "cornername": "Nominal"}
[2024-11-10 20:59:06.651 -0500] [INFO] [cadence.virtuoso.ade.simulationMonitor] - Time spent in licensing: elapsed = 67.5 ms, percentage of total = 20.1%. {"history": "ExplorerRun.0", "point": 1, "testname": "ECE4130_Project_4to1Mux_1", "cornername": "Nominal"}
[2024-11-10 20:59:06.652 -0500] [INFO] [cadence.virtuoso.ade.simulationMonitor] - Peak memory used = 170 Mbytes. {"history": "ExplorerRun.0", "point": 1, "testname": "ECE4130_Project_4to1Mux_1", "cornername": "Nominal"}
[2024-11-10 20:59:06.654 -0500] [PROCESS] [cadence.virtuoso.ade.simulationMonitor] - Simulation started at: 8:59:05 PM, Sun Nov 10, 2024, ended at: 8:59:06 PM, Sun Nov 10, 2024, with elapsed time (wall clock): 335 ms. {"history": "ExplorerRun.0", "point": 1, "testname": "ECE4130_Project_4to1Mux_1", "cornername": "Nominal"}
[2024-11-10 20:59:06.654 -0500] [PROCESS] [cadence.virtuoso.ade.simulationMonitor] - spectre completes with 0 errors, 0 warnings, and 14 notices. {"history": "ExplorerRun.0", "point": 1, "testname": "ECE4130_Project_4to1Mux_1", "cornername": "Nominal"}
[2024-11-10 20:59:06.654 -0500] [PROCESS] [cadence.virtuoso.ade.simulationMonitor] - Finished simulating for one point {"hostname": "ece-linlab02.ece.gatech.edu", "processid": 2701039, "history": "ExplorerRun.0", "testname": "ECE4130_Project_4to1Mux_1", "cornername": "Nominal", "point": 1, "logfile": "/nethome/ccarpenter38/ECE6130_Updated/ECE6130_LAB/Cadence/logs_ccarpenter38/logs0/Job53.log", "simid": "4", "event": "finish", "category": "simulation"}
[2024-11-10 20:59:06.654 -0500] [PROCESS] [cadence.virtuoso.ade.simulationMonitor] - Simulator exited {"hostname": "ece-linlab02.ece.gatech.edu", "processid": 2701039, "history": "ExplorerRun.0", "testname": "ECE4130_Project_4to1Mux_1", "cornername": "Nominal", "point": 1, "logfile": "/nethome/ccarpenter38/ECE6130_Updated/ECE6130_LAB/Cadence/logs_ccarpenter38/logs0/Job53.log", "exitStatus": "0"}
[2024-11-10 20:59:06.655 -0500] [PROCESS] [cadence.virtuoso.ade.simulationMonitor] - Finished Simulation {"hostname": "ece-linlab02.ece.gatech.edu", "processid": 2701039, "history": "ExplorerRun.0", "testname": "ECE4130_Project_4to1Mux_1", "cornername": "Nominal", "point": 1, "logfile": "/nethome/ccarpenter38/ECE6130_Updated/ECE6130_LAB/Cadence/logs_ccarpenter38/logs0/Job53.log", "simid": "4", "event": "finish", "category": "obsolete"}
[2024-11-10 20:59:09.160 -0500] [PROCESS] [cadence.virtuoso.ade.simulationMonitor] - Point Finished {"hostname": "ece-linlab02.ece.gatech.edu", "processid": 2701039, "history": "ExplorerRun.0", "testname": "ECE4130_Project_4to1Mux_1", "cornername": "Nominal", "point": 1, "logfile": "/nethome/ccarpenter38/ECE6130_Updated/ECE6130_LAB/Cadence/logs_ccarpenter38/logs0/Job53.log", "event": "finish", "category": "sim-eval"}
[2024-11-10 20:59:10.162 -0500] [PROCESS] [cadence.virtuoso.ade.simulationMonitor] - Stay with the runId '3', Linger time '300', currentRunSyn '7', currentTestSyn '8' {"hostname": "ece-linlab02.ece.gatech.edu", "processid": 2701039, "history": "ExplorerRun.0", "testname": "ECE4130_Project_4to1Mux_1", "cornername": "Nominal", "point": 1, "logfile": "/nethome/ccarpenter38/ECE6130_Updated/ECE6130_LAB/Cadence/logs_ccarpenter38/logs0/Job53.log"}
[2024-11-10 21:00:21.654 -0500] [INFO] [cadence.virtuoso.ade.simulationMonitor] - SimulationMonitor has terminated the vds process '2706433', reason: 'Force to stop the expression evalutor process because of new run' {"history": "ExplorerRun.0", "point": 1, "testname": "ECE4130_Project_4to1Mux_1", "cornername": "Nominal"}
[2024-11-10 21:00:21.654 -0500] [PROCESS] [cadence.virtuoso.ade.simulationMonitor] - HostInfo:
Host name (type):	ece-linlab02.ece.gatech.edu (x86_64)
Operating system:	Linux 4.18.0-553.22.1.el8_10.x86_64 #1 SMP Wed Sep 11 18:02:00 EDT 2024 {"hostname": "ece-linlab02.ece.gatech.edu", "processid": 2701039, "history": "ExplorerRun.0", "testname": "ECE4130_Project_4to1Mux_1", "cornername": "Nominal", "point": 1, "logfile": "/nethome/ccarpenter38/ECE6130_Updated/ECE6130_LAB/Cadence/logs_ccarpenter38/logs0/Job53.log", "nodename": "ece-linlab02.ece.gatech.edu", "domainname": "(none)", "machine": "x86_64", "sysname": "Linux", "release": "4.18.0-553.22.1.el8_10.x86_64", "version": "#1 SMP Wed Sep 11 18:02:00 EDT 2024"}
[2024-11-10 21:00:21.654 -0500] [PROCESS] [cadence.virtuoso.ade.simulationMonitor] - UsageInfo:
pid=2701039
totalPhysicalMemory=15.098938GB,Used=14.414364GB,totalVirtualMemory=22.840145GB,Used=14.427265GB
Cpu: Cores=8, Load average:1.280000,0.930000,0.910000 {"hostname": "ece-linlab02.ece.gatech.edu", "processid": 2701039, "history": "ExplorerRun.0", "testname": "ECE4130_Project_4to1Mux_1", "cornername": "Nominal", "point": 1, "logfile": "/nethome/ccarpenter38/ECE6130_Updated/ECE6130_LAB/Cadence/logs_ccarpenter38/logs0/Job53.log", "pid": "2701039", "totalPhysicalMemory": "15.098938", "physicalMemoryUsed": "14.414364", "totalVirtualMemory": "22.840145", "virtualMemoryUsed": "14.427265", "cpuCores": "8", "processes": "1609", "loadAverage1": "1.280000", "loadAverage5": "0.930000", "loadAverage15": "0.910000", "loadAverage1Percent": "0.160000"}
[2024-11-10 21:00:21.654 -0500] [EVENT] [cadence.virtuoso.ade.simulationMonitor] - NewPoint {"history": "ExplorerRun.0", "point": 1, "testname": "ECE4130_Project_4to1Mux_1", "cornername": "Nominal", "event": "NewPoint", "EventSource": "Simulation Monitor", "HistoryName": "ExplorerRun.0", "logFile": "/nethome/ccarpenter38/ECE6130_Updated/ECE6130_LAB/Cadence/logs_ccarpenter38/logs0/Job53.log", "logFileSize": "59622", "category": "simulation"}
[2024-11-10 21:00:21.654 -0500] [EVENT] [cadence.virtuoso.ade.simulationMonitor] - NewPoint {"history": "ExplorerRun.0", "point": 1, "testname": "ECE4130_Project_4to1Mux_1", "cornername": "Nominal", "event": "NewPoint", "EventSource": "spectre", "HistoryName": "ExplorerRun.0", "logFile": "/nethome/ccarpenter38/simulation/ECE4130_Project/4to1Mux/maestro/results/maestro/ExplorerRun.0/1/ECE4130_Project_4to1Mux_1/psf/spectre.out", "logFileSize": "-1", "category": "simulation"}
[2024-11-10 21:00:21.654 -0500] [PROCESS] [cadence.virtuoso.ade.simulationMonitor] - Simulator launched {"hostname": "ece-linlab02.ece.gatech.edu", "processid": 2701039, "history": "ExplorerRun.0", "testname": "ECE4130_Project_4to1Mux_1", "cornername": "Nominal", "point": 1, "logfile": "/nethome/ccarpenter38/ECE6130_Updated/ECE6130_LAB/Cadence/logs_ccarpenter38/logs0/Job53.log", "simid": "5", "event": "launch", "category": "simulation"}
[2024-11-10 21:00:21.654 -0500] [PROCESS] [cadence.virtuoso.ade.simulationMonitor] - Expression evaluator launched {"hostname": "ece-linlab02.ece.gatech.edu", "processid": 2701039, "history": "ExplorerRun.0", "testname": "ECE4130_Project_4to1Mux_1", "cornername": "Nominal", "point": 1, "logfile": "/nethome/ccarpenter38/ECE6130_Updated/ECE6130_LAB/Cadence/logs_ccarpenter38/logs0/Job53.log"}
[2024-11-10 21:00:21.654 -0500] [PROCESS] [cadence.virtuoso.ade.simulationMonitor] - Started Simulation {"hostname": "ece-linlab02.ece.gatech.edu", "processid": 2701039, "history": "ExplorerRun.0", "testname": "ECE4130_Project_4to1Mux_1", "cornername": "Nominal", "point": 1, "logfile": "/nethome/ccarpenter38/ECE6130_Updated/ECE6130_LAB/Cadence/logs_ccarpenter38/logs0/Job53.log", "event": "start", "category": "simulation"}
[2024-11-10 21:00:22.452 -0500] [INFO] [cadence.virtuoso.ade.simulationMonitor] - Peak resident memory used = 149 Mbytes. {"history": "ExplorerRun.0", "point": 1, "testname": "ECE4130_Project_4to1Mux_1", "cornername": "Nominal"}
[2024-11-10 21:00:22.452 -0500] [INFO] [cadence.virtuoso.ade.simulationMonitor] - Peak resident memory used = 158 Mbytes. {"history": "ExplorerRun.0", "point": 1, "testname": "ECE4130_Project_4to1Mux_1", "cornername": "Nominal"}
[2024-11-10 21:00:22.452 -0500] [INFO] [cadence.virtuoso.ade.simulationMonitor] - Notice from spectre during hierarchy flattening.
    The value 'psf' specified for the 'checklimitdest' option will no longer be supported in future releases. Use 'spectre -h' to see other recommended values for the 'checklimitdest' option. {"history": "ExplorerRun.0", "point": 1, "testname": "ECE4130_Project_4to1Mux_1", "cornername": "Nominal"}
[2024-11-10 21:00:22.452 -0500] [INFO] [cadence.virtuoso.ade.simulationMonitor] - Peak resident memory used = 159 Mbytes. {"history": "ExplorerRun.0", "point": 1, "testname": "ECE4130_Project_4to1Mux_1", "cornername": "Nominal"}
[2024-11-10 21:00:22.452 -0500] [INFO] [cadence.virtuoso.ade.simulationMonitor] - Notice from spectre during initial setup.
    Multithreading is disabled due to the size of the design being too small. {"history": "ExplorerRun.0", "point": 1, "testname": "ECE4130_Project_4to1Mux_1", "cornername": "Nominal"}
[2024-11-10 21:00:22.452 -0500] [INFO] [cadence.virtuoso.ade.simulationMonitor] -               nodes 14 {"history": "ExplorerRun.0", "point": 1, "testname": "ECE4130_Project_4to1Mux_1", "cornername": "Nominal"}
[2024-11-10 21:00:22.452 -0500] [INFO] [cadence.virtuoso.ade.simulationMonitor] - Notice from spectre during initial setup.
    Protected devices exist and are not included in the circuit inventory.
    3 vsources are shorted because their absolute value is less than or equal to 'vabsshort'.
    APS enabled. {"history": "ExplorerRun.0", "point": 1, "testname": "ECE4130_Project_4to1Mux_1", "cornername": "Nominal"}
[2024-11-10 21:00:22.452 -0500] [INFO] [cadence.virtuoso.ade.simulationMonitor] - Peak resident memory used = 162 Mbytes. {"history": "ExplorerRun.0", "point": 1, "testname": "ECE4130_Project_4to1Mux_1", "cornername": "Nominal"}
[2024-11-10 21:00:22.452 -0500] [INFO] [cadence.virtuoso.ade.simulationMonitor] -    -   (APS) Multi-threading. The recommended number of threads is 1, consider adding +mt=1 on command line. {"history": "ExplorerRun.0", "point": 1, "testname": "ECE4130_Project_4to1Mux_1", "cornername": "Nominal"}
[2024-11-10 21:00:22.452 -0500] [INFO] [cadence.virtuoso.ade.simulationMonitor] - Notice from spectre during transient analysis `tran'.
    Multithreading is disabled due to the size of the design being too small. {"history": "ExplorerRun.0", "point": 1, "testname": "ECE4130_Project_4to1Mux_1", "cornername": "Nominal"}
[2024-11-10 21:00:22.452 -0500] [INFO] [cadence.virtuoso.ade.simulationMonitor] - Notice from spectre at time = 375.921 ps during transient analysis `tran'.
    Found trapezoidal ringing on node _vvdd!:p. {"history": "ExplorerRun.0", "point": 1, "testname": "ECE4130_Project_4to1Mux_1", "cornername": "Nominal"}
[2024-11-10 21:00:22.452 -0500] [INFO] [cadence.virtuoso.ade.simulationMonitor] - Notice from spectre at time = 437.96 ps during transient analysis `tran'.
    Found trapezoidal ringing on node _vvdd!:p. {"history": "ExplorerRun.0", "point": 1, "testname": "ECE4130_Project_4to1Mux_1", "cornername": "Nominal"}
[2024-11-10 21:00:22.452 -0500] [INFO] [cadence.virtuoso.ade.simulationMonitor] - Notice from spectre at time = 500 ps during transient analysis `tran'.
    Found trapezoidal ringing on node _vvdd!:p. {"history": "ExplorerRun.0", "point": 1, "testname": "ECE4130_Project_4to1Mux_1", "cornername": "Nominal"}
[2024-11-10 21:00:22.452 -0500] [INFO] [cadence.virtuoso.ade.simulationMonitor] - Notice from spectre at time = 779.893 ps during transient analysis `tran'.
    Found trapezoidal ringing on node _vvdd!:p. {"history": "ExplorerRun.0", "point": 1, "testname": "ECE4130_Project_4to1Mux_1", "cornername": "Nominal"}
[2024-11-10 21:00:22.452 -0500] [INFO] [cadence.virtuoso.ade.simulationMonitor] - Notice from spectre at time = 859.893 ps during transient analysis `tran'.
    Found trapezoidal ringing on node _vvdd!:p.
        Further occurrences of this notice will be suppressed. {"history": "ExplorerRun.0", "point": 1, "testname": "ECE4130_Project_4to1Mux_1", "cornername": "Nominal"}
[2024-11-10 21:00:22.452 -0500] [INFO] [cadence.virtuoso.ade.simulationMonitor] - Notice from spectre during transient analysis `tran'.
    Trapezoidal ringing is detected during tran analysis.
        Please use method=trap for better results and performance. {"history": "ExplorerRun.0", "point": 1, "testname": "ECE4130_Project_4to1Mux_1", "cornername": "Nominal"}
[2024-11-10 21:00:22.452 -0500] [INFO] [cadence.virtuoso.ade.simulationMonitor] - Intrinsic tran analysis time:    CPU = 18.48 ms, elapsed = 34.2541 ms. {"history": "ExplorerRun.0", "point": 1, "testname": "ECE4130_Project_4to1Mux_1", "cornername": "Nominal"}
[2024-11-10 21:00:22.452 -0500] [INFO] [cadence.virtuoso.ade.simulationMonitor] - Total time required for tran analysis `tran': CPU = 20.279 ms, elapsed = 40.6551 ms, util. = 49.9%. {"history": "ExplorerRun.0", "point": 1, "testname": "ECE4130_Project_4to1Mux_1", "cornername": "Nominal"}
[2024-11-10 21:00:22.452 -0500] [INFO] [cadence.virtuoso.ade.simulationMonitor] - Peak resident memory used = 168 Mbytes. {"history": "ExplorerRun.0", "point": 1, "testname": "ECE4130_Project_4to1Mux_1", "cornername": "Nominal"}
[2024-11-10 21:00:22.452 -0500] [INFO] [cadence.virtuoso.ade.simulationMonitor] - Notice from spectre.
    23 notices suppressed. {"history": "ExplorerRun.0", "point": 1, "testname": "ECE4130_Project_4to1Mux_1", "cornername": "Nominal"}
[2024-11-10 21:00:22.452 -0500] [INFO] [cadence.virtuoso.ade.simulationMonitor] - Time used: CPU = 148 ms, elapsed = 310 ms, util. = 47.9%. {"history": "ExplorerRun.0", "point": 1, "testname": "ECE4130_Project_4to1Mux_1", "cornername": "Nominal"}
[2024-11-10 21:00:22.452 -0500] [INFO] [cadence.virtuoso.ade.simulationMonitor] - Time spent in licensing: elapsed = 53.8 ms, percentage of total = 17.4%. {"history": "ExplorerRun.0", "point": 1, "testname": "ECE4130_Project_4to1Mux_1", "cornername": "Nominal"}
[2024-11-10 21:00:22.452 -0500] [INFO] [cadence.virtuoso.ade.simulationMonitor] - Peak memory used = 170 Mbytes. {"history": "ExplorerRun.0", "point": 1, "testname": "ECE4130_Project_4to1Mux_1", "cornername": "Nominal"}
[2024-11-10 21:00:22.452 -0500] [PROCESS] [cadence.virtuoso.ade.simulationMonitor] - Simulation started at: 9:00:22 PM, Sun Nov 10, 2024, ended at: 9:00:22 PM, Sun Nov 10, 2024, with elapsed time (wall clock): 310 ms. {"history": "ExplorerRun.0", "point": 1, "testname": "ECE4130_Project_4to1Mux_1", "cornername": "Nominal"}
[2024-11-10 21:00:22.452 -0500] [PROCESS] [cadence.virtuoso.ade.simulationMonitor] - spectre completes with 0 errors, 0 warnings, and 14 notices. {"history": "ExplorerRun.0", "point": 1, "testname": "ECE4130_Project_4to1Mux_1", "cornername": "Nominal"}
[2024-11-10 21:00:22.452 -0500] [PROCESS] [cadence.virtuoso.ade.simulationMonitor] - Finished simulating for one point {"hostname": "ece-linlab02.ece.gatech.edu", "processid": 2701039, "history": "ExplorerRun.0", "testname": "ECE4130_Project_4to1Mux_1", "cornername": "Nominal", "point": 1, "logfile": "/nethome/ccarpenter38/ECE6130_Updated/ECE6130_LAB/Cadence/logs_ccarpenter38/logs0/Job53.log", "simid": "5", "event": "finish", "category": "simulation"}
[2024-11-10 21:00:22.452 -0500] [PROCESS] [cadence.virtuoso.ade.simulationMonitor] - Simulator exited {"hostname": "ece-linlab02.ece.gatech.edu", "processid": 2701039, "history": "ExplorerRun.0", "testname": "ECE4130_Project_4to1Mux_1", "cornername": "Nominal", "point": 1, "logfile": "/nethome/ccarpenter38/ECE6130_Updated/ECE6130_LAB/Cadence/logs_ccarpenter38/logs0/Job53.log", "exitStatus": "0"}
[2024-11-10 21:00:22.452 -0500] [PROCESS] [cadence.virtuoso.ade.simulationMonitor] - Finished Simulation {"hostname": "ece-linlab02.ece.gatech.edu", "processid": 2701039, "history": "ExplorerRun.0", "testname": "ECE4130_Project_4to1Mux_1", "cornername": "Nominal", "point": 1, "logfile": "/nethome/ccarpenter38/ECE6130_Updated/ECE6130_LAB/Cadence/logs_ccarpenter38/logs0/Job53.log", "simid": "5", "event": "finish", "category": "obsolete"}
[2024-11-10 21:00:25.471 -0500] [PROCESS] [cadence.virtuoso.ade.simulationMonitor] - Point Finished {"hostname": "ece-linlab02.ece.gatech.edu", "processid": 2701039, "history": "ExplorerRun.0", "testname": "ECE4130_Project_4to1Mux_1", "cornername": "Nominal", "point": 1, "logfile": "/nethome/ccarpenter38/ECE6130_Updated/ECE6130_LAB/Cadence/logs_ccarpenter38/logs0/Job53.log", "event": "finish", "category": "sim-eval"}
[2024-11-10 21:01:49.844 -0500] [INFO] [cadence.virtuoso.ade.simulationMonitor] - SimulationMonitor has terminated the vds process '2711867', reason: 'Force to stop the expression evalutor process because of new run' {"history": "ExplorerRun.0", "point": 1, "testname": "ECE4130_Project_4to1Mux_1", "cornername": "Nominal"}
[2024-11-10 21:01:49.844 -0500] [PROCESS] [cadence.virtuoso.ade.simulationMonitor] - HostInfo:
Host name (type):	ece-linlab02.ece.gatech.edu (x86_64)
Operating system:	Linux 4.18.0-553.22.1.el8_10.x86_64 #1 SMP Wed Sep 11 18:02:00 EDT 2024 {"hostname": "ece-linlab02.ece.gatech.edu", "processid": 2701039, "history": "ExplorerRun.0", "testname": "ECE4130_Project_4to1Mux_1", "cornername": "Nominal", "point": 1, "logfile": "/nethome/ccarpenter38/ECE6130_Updated/ECE6130_LAB/Cadence/logs_ccarpenter38/logs0/Job53.log", "nodename": "ece-linlab02.ece.gatech.edu", "domainname": "(none)", "machine": "x86_64", "sysname": "Linux", "release": "4.18.0-553.22.1.el8_10.x86_64", "version": "#1 SMP Wed Sep 11 18:02:00 EDT 2024"}
[2024-11-10 21:01:49.844 -0500] [PROCESS] [cadence.virtuoso.ade.simulationMonitor] - UsageInfo:
pid=2701039
totalPhysicalMemory=15.098938GB,Used=14.416252GB,totalVirtualMemory=22.840145GB,Used=14.429153GB
Cpu: Cores=8, Load average:1.110000,0.910000,0.900000 {"hostname": "ece-linlab02.ece.gatech.edu", "processid": 2701039, "history": "ExplorerRun.0", "testname": "ECE4130_Project_4to1Mux_1", "cornername": "Nominal", "point": 1, "logfile": "/nethome/ccarpenter38/ECE6130_Updated/ECE6130_LAB/Cadence/logs_ccarpenter38/logs0/Job53.log", "pid": "2701039", "totalPhysicalMemory": "15.098938", "physicalMemoryUsed": "14.416252", "totalVirtualMemory": "22.840145", "virtualMemoryUsed": "14.429153", "cpuCores": "8", "processes": "1606", "loadAverage1": "1.110000", "loadAverage5": "0.910000", "loadAverage15": "0.900000", "loadAverage1Percent": "0.138750"}
[2024-11-10 21:01:49.844 -0500] [EVENT] [cadence.virtuoso.ade.simulationMonitor] - NewPoint {"history": "ExplorerRun.0", "point": 1, "testname": "ECE4130_Project_4to1Mux_1", "cornername": "Nominal", "event": "NewPoint", "EventSource": "Simulation Monitor", "HistoryName": "ExplorerRun.0", "logFile": "/nethome/ccarpenter38/ECE6130_Updated/ECE6130_LAB/Cadence/logs_ccarpenter38/logs0/Job53.log", "logFileSize": "72629", "category": "simulation"}
[2024-11-10 21:01:49.844 -0500] [EVENT] [cadence.virtuoso.ade.simulationMonitor] - NewPoint {"history": "ExplorerRun.0", "point": 1, "testname": "ECE4130_Project_4to1Mux_1", "cornername": "Nominal", "event": "NewPoint", "EventSource": "spectre", "HistoryName": "ExplorerRun.0", "logFile": "/nethome/ccarpenter38/simulation/ECE4130_Project/4to1Mux/maestro/results/maestro/ExplorerRun.0/1/ECE4130_Project_4to1Mux_1/psf/spectre.out", "logFileSize": "-1", "category": "simulation"}
[2024-11-10 21:01:50.105 -0500] [PROCESS] [cadence.virtuoso.ade.simulationMonitor] - Simulator launched {"hostname": "ece-linlab02.ece.gatech.edu", "processid": 2701039, "history": "ExplorerRun.0", "testname": "ECE4130_Project_4to1Mux_1", "cornername": "Nominal", "point": 1, "logfile": "/nethome/ccarpenter38/ECE6130_Updated/ECE6130_LAB/Cadence/logs_ccarpenter38/logs0/Job53.log", "simid": "6", "event": "launch", "category": "simulation"}
[2024-11-10 21:01:50.105 -0500] [PROCESS] [cadence.virtuoso.ade.simulationMonitor] - Expression evaluator launched {"hostname": "ece-linlab02.ece.gatech.edu", "processid": 2701039, "history": "ExplorerRun.0", "testname": "ECE4130_Project_4to1Mux_1", "cornername": "Nominal", "point": 1, "logfile": "/nethome/ccarpenter38/ECE6130_Updated/ECE6130_LAB/Cadence/logs_ccarpenter38/logs0/Job53.log"}
[2024-11-10 21:01:50.105 -0500] [PROCESS] [cadence.virtuoso.ade.simulationMonitor] - Started Simulation {"hostname": "ece-linlab02.ece.gatech.edu", "processid": 2701039, "history": "ExplorerRun.0", "testname": "ECE4130_Project_4to1Mux_1", "cornername": "Nominal", "point": 1, "logfile": "/nethome/ccarpenter38/ECE6130_Updated/ECE6130_LAB/Cadence/logs_ccarpenter38/logs0/Job53.log", "event": "start", "category": "simulation"}
[2024-11-10 21:01:50.105 -0500] [INFO] [cadence.virtuoso.ade.simulationMonitor] - Peak resident memory used = 150 Mbytes. {"history": "ExplorerRun.0", "point": 1, "testname": "ECE4130_Project_4to1Mux_1", "cornername": "Nominal"}
[2024-11-10 21:01:50.105 -0500] [INFO] [cadence.virtuoso.ade.simulationMonitor] - Peak resident memory used = 158 Mbytes. {"history": "ExplorerRun.0", "point": 1, "testname": "ECE4130_Project_4to1Mux_1", "cornername": "Nominal"}
[2024-11-10 21:01:50.105 -0500] [INFO] [cadence.virtuoso.ade.simulationMonitor] - Notice from spectre during hierarchy flattening.
    The value 'psf' specified for the 'checklimitdest' option will no longer be supported in future releases. Use 'spectre -h' to see other recommended values for the 'checklimitdest' option. {"history": "ExplorerRun.0", "point": 1, "testname": "ECE4130_Project_4to1Mux_1", "cornername": "Nominal"}
[2024-11-10 21:01:50.105 -0500] [INFO] [cadence.virtuoso.ade.simulationMonitor] - Peak resident memory used = 160 Mbytes. {"history": "ExplorerRun.0", "point": 1, "testname": "ECE4130_Project_4to1Mux_1", "cornername": "Nominal"}
[2024-11-10 21:01:50.105 -0500] [INFO] [cadence.virtuoso.ade.simulationMonitor] - Notice from spectre during initial setup.
    Multithreading is disabled due to the size of the design being too small. {"history": "ExplorerRun.0", "point": 1, "testname": "ECE4130_Project_4to1Mux_1", "cornername": "Nominal"}
[2024-11-10 21:01:50.105 -0500] [INFO] [cadence.virtuoso.ade.simulationMonitor] -               nodes 14 {"history": "ExplorerRun.0", "point": 1, "testname": "ECE4130_Project_4to1Mux_1", "cornername": "Nominal"}
[2024-11-10 21:01:50.105 -0500] [INFO] [cadence.virtuoso.ade.simulationMonitor] - Notice from spectre during initial setup.
    Protected devices exist and are not included in the circuit inventory.
    3 vsources are shorted because their absolute value is less than or equal to 'vabsshort'.
    APS enabled. {"history": "ExplorerRun.0", "point": 1, "testname": "ECE4130_Project_4to1Mux_1", "cornername": "Nominal"}
[2024-11-10 21:01:50.105 -0500] [INFO] [cadence.virtuoso.ade.simulationMonitor] - Peak resident memory used = 162 Mbytes. {"history": "ExplorerRun.0", "point": 1, "testname": "ECE4130_Project_4to1Mux_1", "cornername": "Nominal"}
[2024-11-10 21:01:50.105 -0500] [INFO] [cadence.virtuoso.ade.simulationMonitor] -    -   (APS) Multi-threading. The recommended number of threads is 1, consider adding +mt=1 on command line. {"history": "ExplorerRun.0", "point": 1, "testname": "ECE4130_Project_4to1Mux_1", "cornername": "Nominal"}
[2024-11-10 21:01:50.105 -0500] [INFO] [cadence.virtuoso.ade.simulationMonitor] - Notice from spectre during transient analysis `tran'.
    Multithreading is disabled due to the size of the design being too small. {"history": "ExplorerRun.0", "point": 1, "testname": "ECE4130_Project_4to1Mux_1", "cornername": "Nominal"}
[2024-11-10 21:01:50.105 -0500] [INFO] [cadence.virtuoso.ade.simulationMonitor] - Notice from spectre at time = 240.663 ps during transient analysis `tran'.
    Found trapezoidal ringing on node In1. {"history": "ExplorerRun.0", "point": 1, "testname": "ECE4130_Project_4to1Mux_1", "cornername": "Nominal"}
[2024-11-10 21:01:50.105 -0500] [INFO] [cadence.virtuoso.ade.simulationMonitor] - Notice from spectre at time = 320.663 ps during transient analysis `tran'.
    Found trapezoidal ringing on node In1. {"history": "ExplorerRun.0", "point": 1, "testname": "ECE4130_Project_4to1Mux_1", "cornername": "Nominal"}
[2024-11-10 21:01:50.105 -0500] [INFO] [cadence.virtuoso.ade.simulationMonitor] - Notice from spectre at time = 400.663 ps during transient analysis `tran'.
    Found trapezoidal ringing on node _vOut:p. {"history": "ExplorerRun.0", "point": 1, "testname": "ECE4130_Project_4to1Mux_1", "cornername": "Nominal"}
[2024-11-10 21:01:50.105 -0500] [INFO] [cadence.virtuoso.ade.simulationMonitor] - Notice from spectre at time = 450.332 ps during transient analysis `tran'.
    Found trapezoidal ringing on node _vOut:p. {"history": "ExplorerRun.0", "point": 1, "testname": "ECE4130_Project_4to1Mux_1", "cornername": "Nominal"}
[2024-11-10 21:01:50.105 -0500] [INFO] [cadence.virtuoso.ade.simulationMonitor] - Notice from spectre at time = 500 ps during transient analysis `tran'.
    Found trapezoidal ringing on node _vOut:p.
        Further occurrences of this notice will be suppressed. {"history": "ExplorerRun.0", "point": 1, "testname": "ECE4130_Project_4to1Mux_1", "cornername": "Nominal"}
[2024-11-10 21:01:50.105 -0500] [INFO] [cadence.virtuoso.ade.simulationMonitor] - Notice from spectre during transient analysis `tran'.
    Trapezoidal ringing is detected during tran analysis.
        Please use method=trap for better results and performance. {"history": "ExplorerRun.0", "point": 1, "testname": "ECE4130_Project_4to1Mux_1", "cornername": "Nominal"}
[2024-11-10 21:01:50.105 -0500] [INFO] [cadence.virtuoso.ade.simulationMonitor] - Intrinsic tran analysis time:    CPU = 21.928 ms, elapsed = 34.76 ms. {"history": "ExplorerRun.0", "point": 1, "testname": "ECE4130_Project_4to1Mux_1", "cornername": "Nominal"}
[2024-11-10 21:01:50.105 -0500] [INFO] [cadence.virtuoso.ade.simulationMonitor] - Total time required for tran analysis `tran': CPU = 23.66 ms, elapsed = 39.551 ms, util. = 59.8%. {"history": "ExplorerRun.0", "point": 1, "testname": "ECE4130_Project_4to1Mux_1", "cornername": "Nominal"}
[2024-11-10 21:01:50.105 -0500] [INFO] [cadence.virtuoso.ade.simulationMonitor] - Peak resident memory used = 169 Mbytes. {"history": "ExplorerRun.0", "point": 1, "testname": "ECE4130_Project_4to1Mux_1", "cornername": "Nominal"}
[2024-11-10 21:01:50.105 -0500] [INFO] [cadence.virtuoso.ade.simulationMonitor] - Notice from spectre.
    31 notices suppressed. {"history": "ExplorerRun.0", "point": 1, "testname": "ECE4130_Project_4to1Mux_1", "cornername": "Nominal"}
[2024-11-10 21:01:51.162 -0500] [INFO] [cadence.virtuoso.ade.simulationMonitor] - Time used: CPU = 151 ms, elapsed = 306 ms, util. = 49.5%. {"history": "ExplorerRun.0", "point": 1, "testname": "ECE4130_Project_4to1Mux_1", "cornername": "Nominal"}
[2024-11-10 21:01:51.162 -0500] [INFO] [cadence.virtuoso.ade.simulationMonitor] - Time spent in licensing: elapsed = 51 ms, percentage of total = 16.7%. {"history": "ExplorerRun.0", "point": 1, "testname": "ECE4130_Project_4to1Mux_1", "cornername": "Nominal"}
[2024-11-10 21:01:51.162 -0500] [INFO] [cadence.virtuoso.ade.simulationMonitor] - Peak memory used = 170 Mbytes. {"history": "ExplorerRun.0", "point": 1, "testname": "ECE4130_Project_4to1Mux_1", "cornername": "Nominal"}
[2024-11-10 21:01:51.162 -0500] [PROCESS] [cadence.virtuoso.ade.simulationMonitor] - Simulation started at: 9:01:50 PM, Sun Nov 10, 2024, ended at: 9:01:50 PM, Sun Nov 10, 2024, with elapsed time (wall clock): 306 ms. {"history": "ExplorerRun.0", "point": 1, "testname": "ECE4130_Project_4to1Mux_1", "cornername": "Nominal"}
[2024-11-10 21:01:51.162 -0500] [PROCESS] [cadence.virtuoso.ade.simulationMonitor] - spectre completes with 0 errors, 0 warnings, and 14 notices. {"history": "ExplorerRun.0", "point": 1, "testname": "ECE4130_Project_4to1Mux_1", "cornername": "Nominal"}
[2024-11-10 21:01:51.162 -0500] [PROCESS] [cadence.virtuoso.ade.simulationMonitor] - Finished simulating for one point {"hostname": "ece-linlab02.ece.gatech.edu", "processid": 2701039, "history": "ExplorerRun.0", "testname": "ECE4130_Project_4to1Mux_1", "cornername": "Nominal", "point": 1, "logfile": "/nethome/ccarpenter38/ECE6130_Updated/ECE6130_LAB/Cadence/logs_ccarpenter38/logs0/Job53.log", "simid": "6", "event": "finish", "category": "simulation"}
[2024-11-10 21:01:51.162 -0500] [PROCESS] [cadence.virtuoso.ade.simulationMonitor] - Simulator exited {"hostname": "ece-linlab02.ece.gatech.edu", "processid": 2701039, "history": "ExplorerRun.0", "testname": "ECE4130_Project_4to1Mux_1", "cornername": "Nominal", "point": 1, "logfile": "/nethome/ccarpenter38/ECE6130_Updated/ECE6130_LAB/Cadence/logs_ccarpenter38/logs0/Job53.log", "exitStatus": "0"}
[2024-11-10 21:01:51.162 -0500] [PROCESS] [cadence.virtuoso.ade.simulationMonitor] - Finished Simulation {"hostname": "ece-linlab02.ece.gatech.edu", "processid": 2701039, "history": "ExplorerRun.0", "testname": "ECE4130_Project_4to1Mux_1", "cornername": "Nominal", "point": 1, "logfile": "/nethome/ccarpenter38/ECE6130_Updated/ECE6130_LAB/Cadence/logs_ccarpenter38/logs0/Job53.log", "simid": "6", "event": "finish", "category": "obsolete"}
[2024-11-10 21:01:53.671 -0500] [PROCESS] [cadence.virtuoso.ade.simulationMonitor] - Point Finished {"hostname": "ece-linlab02.ece.gatech.edu", "processid": 2701039, "history": "ExplorerRun.0", "testname": "ECE4130_Project_4to1Mux_1", "cornername": "Nominal", "point": 1, "logfile": "/nethome/ccarpenter38/ECE6130_Updated/ECE6130_LAB/Cadence/logs_ccarpenter38/logs0/Job53.log", "event": "finish", "category": "sim-eval"}
[2024-11-10 21:01:54.672 -0500] [PROCESS] [cadence.virtuoso.ade.simulationMonitor] - Stay with the runId '5', Linger time '300', currentRunSyn '11', currentTestSyn '12' {"hostname": "ece-linlab02.ece.gatech.edu", "processid": 2701039, "history": "ExplorerRun.0", "testname": "ECE4130_Project_4to1Mux_1", "cornername": "Nominal", "point": 1, "logfile": "/nethome/ccarpenter38/ECE6130_Updated/ECE6130_LAB/Cadence/logs_ccarpenter38/logs0/Job53.log"}
[2024-11-10 21:02:10.726 -0500] [PROCESS] [cadence.virtuoso.ade.simulationMonitor] - get signal Terminated<15> from user:ccarpenter38, which pid:2701035:/tools/software/cadence/ic/latest/tools/bin/64bit/cdsServIpc {"hostname": "ece-linlab02.ece.gatech.edu", "processid": 2701039, "history": "ExplorerRun.0", "testname": "ECE4130_Project_4to1Mux_1", "cornername": "Nominal", "point": 1, "logfile": "/nethome/ccarpenter38/ECE6130_Updated/ECE6130_LAB/Cadence/logs_ccarpenter38/logs0/Job53.log", "signal": "15", "signalName": "Terminated", "which": "/tools/software/cadence/ic/latest/tools/bin/64bit/cdsServIpc", "pid": "2701035", "user": "ccarpenter38", "uid": "1099950"}
[2024-11-10 21:02:10.726 -0500] [INFO] [cadence.virtuoso.ade.simulationMonitor] - SimulationMonitor has terminated the  process '2713219', reason: 'simulationMonitor is handling signal 15' {"history": "ExplorerRun.0", "point": 1, "testname": "ECE4130_Project_4to1Mux_1", "cornername": "Nominal"}
