[Simulation Monitor: 5]
[2024-11-08 13:23:42.890 -0500] [PROCESS] [cadence.virtuoso.ade.simulationMonitor] - Started the simulation monitor process {"hostname": "ece-linlabsrv01.ece.gatech.edu", "processid": 1495858, "logfile": "/nethome/ccarpenter38/ECE6130_Updated/ECE6130_LAB/Cadence/logs_ccarpenter38/logs0/Job5.log", "simulation monitor command line": "/tools/software/cadence/ic/23.10.080/tools.lnx86/dfII/bin/64bit/spectreMonitor --davinciService DaVinciService_1100233_1731088783 --axlsession fnxSession1 -lscs 000175E1894CBE06FF0966E38F1FFC06BC4D77F482089272CC286FA78410926AD02479FE8D1C9F67D0227DAAD246CD37C87766E3A12FFC06BC4D01CDD831AB28DB6300001DF1 -beanhost ece-linlabsrv01.ece.gatech.edu -beanport 11777 -beanLogFile /nethome/ccarpenter38/ECE6130_Updated/ECE6130_LAB/Cadence/logs_ccarpenter38/logs0/amps_Job5.log -beanbinlog  --domain 0 --interactive yes --netlistOpt no --useMultiPointEvaluation yes --exprEvalShowJobStderr yes --evalSimParallel no --maxSims 0 --historyName ExplorerRun.0 --historyUUID  --exprEvaluator vds --mcMapping mc1.mapping --checkLogStatusInterval 0 --checkSimulatorLogTimeout 1200 --exprEvalMaxTries 3 --maxNFSSyncWait 60 -adeBrokerAddress ece-linlabsrv01.ece.gatech.edu:39871 --statdbType h5v2 --fromADE true --virtuosoBinary virtuoso --guiDisplay localhost:11.0 --globalStatus 60 --evaluateMultiMC yes --evalOnSimFail SkipFailedAnalyses --numRetriesOnError 1 --fenixMode explorer --lingertimeout 300 -ahdlLockTimeout 60 --sdbLib ECE4130_Project --sdbCell SRAMIverter_Test --sdbView maestro --heartBeatFileDir /dev/shm --id 5 --uuid b8e0d091-a1ae-4709-ba87-7ee83d8f5503 --log /nethome/ccarpenter38/ECE6130_Updated/ECE6130_LAB/Cadence/logs_ccarpenter38/logs0/Job5.log "}
[2024-11-08 13:23:42.890 -0500] [PROCESS] [cadence.virtuoso.ade.simulationMonitor] - Started the simulation monitor process {"hostname": "ece-linlabsrv01.ece.gatech.edu", "processid": 1495858, "logfile": "/nethome/ccarpenter38/ECE6130_Updated/ECE6130_LAB/Cadence/logs_ccarpenter38/logs0/Job5.log", "current directory": "/nethome/ccarpenter38/ECE6130_Updated/ECE6130_LAB/Cadence"}
[2024-11-08 13:23:42.890 -0500] [PROCESS] [cadence.virtuoso.ade.simulationMonitor] - Simulation Monitor has successfully started up. Trying to set up communication channels to other components ... {"hostname": "ece-linlabsrv01.ece.gatech.edu", "processid": 1495858, "logfile": "/nethome/ccarpenter38/ECE6130_Updated/ECE6130_LAB/Cadence/logs_ccarpenter38/logs0/Job5.log"}
[2024-11-08 13:23:42.894 -0500] [PROCESS] [cadence.virtuoso.ade.simulationMonitor] - Communication channels have been successfully set up. Start processing events ... {"hostname": "ece-linlabsrv01.ece.gatech.edu", "processid": 1495858, "logfile": "/nethome/ccarpenter38/ECE6130_Updated/ECE6130_LAB/Cadence/logs_ccarpenter38/logs0/Job5.log"}
[2024-11-08 13:23:42.894 -0500] [PROCESS] [cadence.virtuoso.ade.simulationMonitor] - Considering to start history {"hostname": "ece-linlabsrv01.ece.gatech.edu", "processid": 1495858, "history": "ExplorerRun.0", "logfile": "/nethome/ccarpenter38/ECE6130_Updated/ECE6130_LAB/Cadence/logs_ccarpenter38/logs0/Job5.log"}
[2024-11-08 13:23:42.897 -0500] [PROCESS] [cadence.virtuoso.ade.simulationMonitor] - HostInfo:
Host name (type):	ece-linlabsrv01.ece.gatech.edu (x86_64)
Operating system:	Linux 4.18.0-553.22.1.el8_10.x86_64 #1 SMP Wed Sep 11 18:02:00 EDT 2024 {"hostname": "ece-linlabsrv01.ece.gatech.edu", "processid": 1495858, "history": "ExplorerRun.0", "logfile": "/nethome/ccarpenter38/ECE6130_Updated/ECE6130_LAB/Cadence/logs_ccarpenter38/logs0/Job5.log", "nodename": "ece-linlabsrv01.ece.gatech.edu", "domainname": "(none)", "machine": "x86_64", "sysname": "Linux", "release": "4.18.0-553.22.1.el8_10.x86_64", "version": "#1 SMP Wed Sep 11 18:02:00 EDT 2024"}
[2024-11-08 13:23:42.897 -0500] [PROCESS] [cadence.virtuoso.ade.simulationMonitor] - UsageInfo:
pid=1495858
totalPhysicalMemory=186.850815GB,Used=185.732952GB,totalVirtualMemory=250.850811GB,Used=188.913586GB
Cpu: Cores=112, Load average:21.870000,16.500000,15.320000 {"hostname": "ece-linlabsrv01.ece.gatech.edu", "processid": 1495858, "history": "ExplorerRun.0", "logfile": "/nethome/ccarpenter38/ECE6130_Updated/ECE6130_LAB/Cadence/logs_ccarpenter38/logs0/Job5.log", "pid": "1495858", "totalPhysicalMemory": "186.850815", "physicalMemoryUsed": "185.732952", "totalVirtualMemory": "250.850811", "virtualMemoryUsed": "188.913586", "cpuCores": "112", "processes": "17288", "loadAverage1": "21.870000", "loadAverage5": "16.500000", "loadAverage15": "15.320000", "loadAverage1Percent": "0.195268"}
[2024-11-08 13:23:42.901 -0500] [EVENT] [cadence.virtuoso.ade.simulationMonitor] - NewPoint {"history": "ExplorerRun.0", "point": 1, "testname": "ECE4130_Project_SRAMIverter_Test_1", "cornername": "Nominal", "event": "NewPoint", "EventSource": "Simulation Monitor", "HistoryName": "ExplorerRun.0", "logFile": "/nethome/ccarpenter38/ECE6130_Updated/ECE6130_LAB/Cadence/logs_ccarpenter38/logs0/Job5.log", "logFileSize": "4565", "category": "simulation"}
[2024-11-08 13:23:43.103 -0500] [EVENT] [cadence.virtuoso.ade.simulationMonitor] - NewPoint {"history": "ExplorerRun.0", "point": 1, "testname": "ECE4130_Project_SRAMIverter_Test_1", "cornername": "Nominal", "event": "NewPoint", "EventSource": "spectre", "HistoryName": "ExplorerRun.0", "logFile": "/nethome/ccarpenter38/simulation/ECE4130_Project/SRAMIverter_Test/maestro/results/maestro/ExplorerRun.0/1/ECE4130_Project_SRAMIverter_Test_1/psf/spectre.out", "logFileSize": "-1", "category": "simulation"}
[2024-11-08 13:23:43.358 -0500] [PROCESS] [cadence.virtuoso.ade.simulationMonitor] - Simulator launched {"hostname": "ece-linlabsrv01.ece.gatech.edu", "processid": 1495858, "history": "ExplorerRun.0", "testname": "ECE4130_Project_SRAMIverter_Test_1", "cornername": "Nominal", "point": 1, "logfile": "/nethome/ccarpenter38/ECE6130_Updated/ECE6130_LAB/Cadence/logs_ccarpenter38/logs0/Job5.log", "simid": "1", "event": "launch", "category": "simulation"}
[2024-11-08 13:23:43.362 -0500] [PROCESS] [cadence.virtuoso.ade.simulationMonitor] - Expression evaluator launched {"hostname": "ece-linlabsrv01.ece.gatech.edu", "processid": 1495858, "history": "ExplorerRun.0", "testname": "ECE4130_Project_SRAMIverter_Test_1", "cornername": "Nominal", "point": 1, "logfile": "/nethome/ccarpenter38/ECE6130_Updated/ECE6130_LAB/Cadence/logs_ccarpenter38/logs0/Job5.log"}
[2024-11-08 13:23:45.897 -0500] [INFO] [cadence.virtuoso.ade.simulationMonitor] - Peak resident memory used = 148 Mbytes. {"history": "ExplorerRun.0", "point": 1, "testname": "ECE4130_Project_SRAMIverter_Test_1", "cornername": "Nominal"}
[2024-11-08 13:23:45.897 -0500] [INFO] [cadence.virtuoso.ade.simulationMonitor] - Peak resident memory used = 156 Mbytes. {"history": "ExplorerRun.0", "point": 1, "testname": "ECE4130_Project_SRAMIverter_Test_1", "cornername": "Nominal"}
[2024-11-08 13:23:45.897 -0500] [INFO] [cadence.virtuoso.ade.simulationMonitor] - Notice from spectre during hierarchy flattening.
    The value 'psf' specified for the 'checklimitdest' option will no longer be supported in future releases. Use 'spectre -h' to see other recommended values for the 'checklimitdest' option. {"history": "ExplorerRun.0", "point": 1, "testname": "ECE4130_Project_SRAMIverter_Test_1", "cornername": "Nominal"}
[2024-11-08 13:23:45.897 -0500] [INFO] [cadence.virtuoso.ade.simulationMonitor] - Peak resident memory used = 156 Mbytes. {"history": "ExplorerRun.0", "point": 1, "testname": "ECE4130_Project_SRAMIverter_Test_1", "cornername": "Nominal"}
[2024-11-08 13:23:45.897 -0500] [INFO] [cadence.virtuoso.ade.simulationMonitor] - Notice from spectre during initial setup.
    Multithreading is disabled due to the size of the design being too small. {"history": "ExplorerRun.0", "point": 1, "testname": "ECE4130_Project_SRAMIverter_Test_1", "cornername": "Nominal"}
[2024-11-08 13:23:45.901 -0500] [INFO] [cadence.virtuoso.ade.simulationMonitor] -               nodes 3 {"history": "ExplorerRun.0", "point": 1, "testname": "ECE4130_Project_SRAMIverter_Test_1", "cornername": "Nominal"}
[2024-11-08 13:23:45.901 -0500] [INFO] [cadence.virtuoso.ade.simulationMonitor] - Notice from spectre during initial setup.
    Protected devices exist and are not included in the circuit inventory.
    APS enabled. {"history": "ExplorerRun.0", "point": 1, "testname": "ECE4130_Project_SRAMIverter_Test_1", "cornername": "Nominal"}
[2024-11-08 13:23:45.901 -0500] [INFO] [cadence.virtuoso.ade.simulationMonitor] - Peak resident memory used = 159 Mbytes. {"history": "ExplorerRun.0", "point": 1, "testname": "ECE4130_Project_SRAMIverter_Test_1", "cornername": "Nominal"}
[2024-11-08 13:23:45.902 -0500] [INFO] [cadence.virtuoso.ade.simulationMonitor] -    -   (APS) Multi-threading. The recommended number of threads is 1, consider adding +mt=1 on command line. {"history": "ExplorerRun.0", "point": 1, "testname": "ECE4130_Project_SRAMIverter_Test_1", "cornername": "Nominal"}
[2024-11-08 13:23:45.902 -0500] [INFO] [cadence.virtuoso.ade.simulationMonitor] - Notice from spectre during transient analysis `tran'.
    Multithreading is disabled due to the size of the design being too small. {"history": "ExplorerRun.0", "point": 1, "testname": "ECE4130_Project_SRAMIverter_Test_1", "cornername": "Nominal"}
[2024-11-08 13:23:45.902 -0500] [INFO] [cadence.virtuoso.ade.simulationMonitor] - Notice from spectre at time = 1 ns during transient analysis `tran'.
    Found trapezoidal ringing on node _vIN:p. {"history": "ExplorerRun.0", "point": 1, "testname": "ECE4130_Project_SRAMIverter_Test_1", "cornername": "Nominal"}
[2024-11-08 13:23:45.902 -0500] [INFO] [cadence.virtuoso.ade.simulationMonitor] - Notice from spectre at time = 3.86303 ns during transient analysis `tran'.
    Found trapezoidal ringing on node _vvdd!:p. {"history": "ExplorerRun.0", "point": 1, "testname": "ECE4130_Project_SRAMIverter_Test_1", "cornername": "Nominal"}
[2024-11-08 13:23:45.902 -0500] [INFO] [cadence.virtuoso.ade.simulationMonitor] - Notice from spectre at time = 3.94303 ns during transient analysis `tran'.
    Found trapezoidal ringing on node _vvdd!:p. {"history": "ExplorerRun.0", "point": 1, "testname": "ECE4130_Project_SRAMIverter_Test_1", "cornername": "Nominal"}
[2024-11-08 13:23:45.902 -0500] [INFO] [cadence.virtuoso.ade.simulationMonitor] - Notice from spectre at time = 4 ns during transient analysis `tran'.
    Found trapezoidal ringing on node _vvdd!:p. {"history": "ExplorerRun.0", "point": 1, "testname": "ECE4130_Project_SRAMIverter_Test_1", "cornername": "Nominal"}
[2024-11-08 13:23:45.902 -0500] [INFO] [cadence.virtuoso.ade.simulationMonitor] - Notice from spectre during transient analysis `tran'.
    Trapezoidal ringing is detected during tran analysis.
        Please use method=trap for better results and performance. {"history": "ExplorerRun.0", "point": 1, "testname": "ECE4130_Project_SRAMIverter_Test_1", "cornername": "Nominal"}
[2024-11-08 13:23:45.903 -0500] [INFO] [cadence.virtuoso.ade.simulationMonitor] - Intrinsic tran analysis time:    CPU = 10.008 ms, elapsed = 16.4518 ms. {"history": "ExplorerRun.0", "point": 1, "testname": "ECE4130_Project_SRAMIverter_Test_1", "cornername": "Nominal"}
[2024-11-08 13:23:45.903 -0500] [INFO] [cadence.virtuoso.ade.simulationMonitor] - Total time required for tran analysis `tran': CPU = 12.645 ms, elapsed = 20.9639 ms, util. = 60.3%. {"history": "ExplorerRun.0", "point": 1, "testname": "ECE4130_Project_SRAMIverter_Test_1", "cornername": "Nominal"}
[2024-11-08 13:23:45.903 -0500] [INFO] [cadence.virtuoso.ade.simulationMonitor] - Peak resident memory used = 168 Mbytes. {"history": "ExplorerRun.0", "point": 1, "testname": "ECE4130_Project_SRAMIverter_Test_1", "cornername": "Nominal"}
[2024-11-08 13:23:45.905 -0500] [INFO] [cadence.virtuoso.ade.simulationMonitor] - Time used: CPU = 394 ms, elapsed = 554 ms, util. = 71%. {"history": "ExplorerRun.0", "point": 1, "testname": "ECE4130_Project_SRAMIverter_Test_1", "cornername": "Nominal"}
[2024-11-08 13:23:45.905 -0500] [INFO] [cadence.virtuoso.ade.simulationMonitor] - Time spent in licensing: elapsed = 50.8 ms, percentage of total = 9.16%. {"history": "ExplorerRun.0", "point": 1, "testname": "ECE4130_Project_SRAMIverter_Test_1", "cornername": "Nominal"}
[2024-11-08 13:23:45.906 -0500] [INFO] [cadence.virtuoso.ade.simulationMonitor] - Peak memory used = 168 Mbytes. {"history": "ExplorerRun.0", "point": 1, "testname": "ECE4130_Project_SRAMIverter_Test_1", "cornername": "Nominal"}
[2024-11-08 13:23:45.908 -0500] [PROCESS] [cadence.virtuoso.ade.simulationMonitor] - Simulation started at: 1:23:43 PM, Fri Nov 8, 2024, ended at: 1:23:44 PM, Fri Nov 8, 2024, with elapsed time (wall clock): 554 ms. {"history": "ExplorerRun.0", "point": 1, "testname": "ECE4130_Project_SRAMIverter_Test_1", "cornername": "Nominal"}
[2024-11-08 13:23:45.908 -0500] [PROCESS] [cadence.virtuoso.ade.simulationMonitor] - spectre completes with 0 errors, 0 warnings, and 11 notices. {"history": "ExplorerRun.0", "point": 1, "testname": "ECE4130_Project_SRAMIverter_Test_1", "cornername": "Nominal"}
[2024-11-08 13:23:45.908 -0500] [PROCESS] [cadence.virtuoso.ade.simulationMonitor] - Finished simulating for one point {"hostname": "ece-linlabsrv01.ece.gatech.edu", "processid": 1495858, "history": "ExplorerRun.0", "testname": "ECE4130_Project_SRAMIverter_Test_1", "cornername": "Nominal", "point": 1, "logfile": "/nethome/ccarpenter38/ECE6130_Updated/ECE6130_LAB/Cadence/logs_ccarpenter38/logs0/Job5.log", "simid": "1", "event": "finish", "category": "simulation"}
[2024-11-08 13:23:45.908 -0500] [PROCESS] [cadence.virtuoso.ade.simulationMonitor] - Simulator exited {"hostname": "ece-linlabsrv01.ece.gatech.edu", "processid": 1495858, "history": "ExplorerRun.0", "testname": "ECE4130_Project_SRAMIverter_Test_1", "cornername": "Nominal", "point": 1, "logfile": "/nethome/ccarpenter38/ECE6130_Updated/ECE6130_LAB/Cadence/logs_ccarpenter38/logs0/Job5.log", "exitStatus": "0"}
[2024-11-08 13:23:45.909 -0500] [PROCESS] [cadence.virtuoso.ade.simulationMonitor] - Finished Simulation {"hostname": "ece-linlabsrv01.ece.gatech.edu", "processid": 1495858, "history": "ExplorerRun.0", "testname": "ECE4130_Project_SRAMIverter_Test_1", "cornername": "Nominal", "point": 1, "logfile": "/nethome/ccarpenter38/ECE6130_Updated/ECE6130_LAB/Cadence/logs_ccarpenter38/logs0/Job5.log", "simid": "1", "event": "finish", "category": "obsolete"}
[2024-11-08 13:23:49.912 -0500] [PROCESS] [cadence.virtuoso.ade.simulationMonitor] - Point Finished {"hostname": "ece-linlabsrv01.ece.gatech.edu", "processid": 1495858, "history": "ExplorerRun.0", "testname": "ECE4130_Project_SRAMIverter_Test_1", "cornername": "Nominal", "point": 1, "logfile": "/nethome/ccarpenter38/ECE6130_Updated/ECE6130_LAB/Cadence/logs_ccarpenter38/logs0/Job5.log", "event": "finish", "category": "sim-eval"}
[2024-11-08 13:23:50.914 -0500] [PROCESS] [cadence.virtuoso.ade.simulationMonitor] - Stay with the runId '0', Linger time '300', currentRunSyn '1', currentTestSyn '2' {"hostname": "ece-linlabsrv01.ece.gatech.edu", "processid": 1495858, "history": "ExplorerRun.0", "testname": "ECE4130_Project_SRAMIverter_Test_1", "cornername": "Nominal", "point": 1, "logfile": "/nethome/ccarpenter38/ECE6130_Updated/ECE6130_LAB/Cadence/logs_ccarpenter38/logs0/Job5.log"}
[2024-11-08 13:23:51.914 -0500] [PROCESS] [cadence.virtuoso.ade.simulationMonitor] - Stay with the runId '0', Linger time '300', currentRunSyn '1', currentTestSyn '2' {"hostname": "ece-linlabsrv01.ece.gatech.edu", "processid": 1495858, "history": "ExplorerRun.0", "testname": "ECE4130_Project_SRAMIverter_Test_1", "cornername": "Nominal", "point": 1, "logfile": "/nethome/ccarpenter38/ECE6130_Updated/ECE6130_LAB/Cadence/logs_ccarpenter38/logs0/Job5.log"}
[2024-11-08 13:23:52.915 -0500] [PROCESS] [cadence.virtuoso.ade.simulationMonitor] - Stay with the runId '0', Linger time '300', currentRunSyn '1', currentTestSyn '2' {"hostname": "ece-linlabsrv01.ece.gatech.edu", "processid": 1495858, "history": "ExplorerRun.0", "testname": "ECE4130_Project_SRAMIverter_Test_1", "cornername": "Nominal", "point": 1, "logfile": "/nethome/ccarpenter38/ECE6130_Updated/ECE6130_LAB/Cadence/logs_ccarpenter38/logs0/Job5.log"}
[2024-11-08 13:23:53.915 -0500] [PROCESS] [cadence.virtuoso.ade.simulationMonitor] - Stay with the runId '0', Linger time '300', currentRunSyn '1', currentTestSyn '2' {"hostname": "ece-linlabsrv01.ece.gatech.edu", "processid": 1495858, "history": "ExplorerRun.0", "testname": "ECE4130_Project_SRAMIverter_Test_1", "cornername": "Nominal", "point": 1, "logfile": "/nethome/ccarpenter38/ECE6130_Updated/ECE6130_LAB/Cadence/logs_ccarpenter38/logs0/Job5.log"}
[2024-11-08 13:23:54.916 -0500] [PROCESS] [cadence.virtuoso.ade.simulationMonitor] - Stay with the runId '0', Linger time '300', currentRunSyn '1', currentTestSyn '2' {"hostname": "ece-linlabsrv01.ece.gatech.edu", "processid": 1495858, "history": "ExplorerRun.0", "testname": "ECE4130_Project_SRAMIverter_Test_1", "cornername": "Nominal", "point": 1, "logfile": "/nethome/ccarpenter38/ECE6130_Updated/ECE6130_LAB/Cadence/logs_ccarpenter38/logs0/Job5.log"}
[2024-11-08 13:23:55.916 -0500] [PROCESS] [cadence.virtuoso.ade.simulationMonitor] - Stay with the runId '0', Linger time '300', currentRunSyn '1', currentTestSyn '2' {"hostname": "ece-linlabsrv01.ece.gatech.edu", "processid": 1495858, "history": "ExplorerRun.0", "testname": "ECE4130_Project_SRAMIverter_Test_1", "cornername": "Nominal", "point": 1, "logfile": "/nethome/ccarpenter38/ECE6130_Updated/ECE6130_LAB/Cadence/logs_ccarpenter38/logs0/Job5.log"}
[2024-11-08 13:23:56.917 -0500] [PROCESS] [cadence.virtuoso.ade.simulationMonitor] - Stay with the runId '0', Linger time '300', currentRunSyn '1', currentTestSyn '2' {"hostname": "ece-linlabsrv01.ece.gatech.edu", "processid": 1495858, "history": "ExplorerRun.0", "testname": "ECE4130_Project_SRAMIverter_Test_1", "cornername": "Nominal", "point": 1, "logfile": "/nethome/ccarpenter38/ECE6130_Updated/ECE6130_LAB/Cadence/logs_ccarpenter38/logs0/Job5.log"}
[2024-11-08 13:28:50.772 -0500] [PROCESS] [cadence.virtuoso.ade.simulationMonitor] - Current memory used: 79.7930 MBytes, peak memory used: 80.6445 MBytes {"hostname": "ece-linlabsrv01.ece.gatech.edu", "processid": 1495858, "history": "ExplorerRun.0", "testname": "ECE4130_Project_SRAMIverter_Test_1", "cornername": "Nominal", "point": 1, "logfile": "/nethome/ccarpenter38/ECE6130_Updated/ECE6130_LAB/Cadence/logs_ccarpenter38/logs0/Job5.log"}
[2024-11-08 13:28:50.772 -0500] [PROCESS] [cadence.virtuoso.ade.simulationMonitor] - Simulation Monitor process exits. {"hostname": "ece-linlabsrv01.ece.gatech.edu", "processid": 1495858, "history": "ExplorerRun.0", "testname": "ECE4130_Project_SRAMIverter_Test_1", "cornername": "Nominal", "point": 1, "logfile": "/nethome/ccarpenter38/ECE6130_Updated/ECE6130_LAB/Cadence/logs_ccarpenter38/logs0/Job5.log"}
