[Simulation Monitor: 50]
[2024-11-10 20:47:33.203 -0500] [PROCESS] [cadence.virtuoso.ade.simulationMonitor] - Started the simulation monitor process {"hostname": "ece-linlab02.ece.gatech.edu", "processid": 2694704, "logfile": "/nethome/ccarpenter38/ECE6130_Updated/ECE6130_LAB/Cadence/logs_ccarpenter38/logs0/Job50.log", "simulation monitor command line": "/tools/software/cadence/ic/23.10.080/tools.lnx86/dfII/bin/64bit/spectreMonitor --davinciService DaVinciService_1950441_1731271604 --axlsession fnxSession18 -lscs 000175E1894CBE06FF0966E38F1FFC06BC4D77F482089272CC286FA78410926AD0246CE0EE7DFC06867C66E38F1FFC06BC4D66E38F1FFC06BC4D01D2ED2A9E33DB7C00001E38 -beanhost ece-linlab02.ece.gatech.edu -beanport 11781 -beanLogFile /nethome/ccarpenter38/ECE6130_Updated/ECE6130_LAB/Cadence/logs_ccarpenter38/logs0/amps_Job50.log -beanbinlog  --domain 0 --interactive yes --netlistOpt no --useMultiPointEvaluation yes --exprEvalShowJobStderr yes --evalSimParallel no --maxSims 0 --exprEvaluator vds --mcMapping mc1.mapping --checkLogStatusInterval 0 --checkSimulatorLogTimeout 1200 --exprEvalMaxTries 3 --maxNFSSyncWait 60 -adeBrokerAddress ece-linlab02.ece.gatech.edu:32843 --fromADE true --virtuosoBinary virtuoso --guiDisplay ece-linlab02.ece.gatech.edu:1 --globalStatus 60 --evaluateMultiMC yes --evalOnSimFail SkipFailedAnalyses --numRetriesOnError 1 --fenixMode explorer --lingertimeout 300 -ahdlLockTimeout 60 --sdbLib ECE4130_Project --sdbCell SRAMCircuit --sdbView maestro --heartBeatFileDir /dev/shm --id 50 --uuid 4d39c000-2183-446b-8983-1bee59612839 --log /nethome/ccarpenter38/ECE6130_Updated/ECE6130_LAB/Cadence/logs_ccarpenter38/logs0/Job50.log "}
[2024-11-10 20:47:33.203 -0500] [PROCESS] [cadence.virtuoso.ade.simulationMonitor] - Started the simulation monitor process {"hostname": "ece-linlab02.ece.gatech.edu", "processid": 2694704, "logfile": "/nethome/ccarpenter38/ECE6130_Updated/ECE6130_LAB/Cadence/logs_ccarpenter38/logs0/Job50.log", "current directory": "/nethome/ccarpenter38/ECE6130_Updated/ECE6130_LAB/Cadence"}
[2024-11-10 20:47:33.203 -0500] [PROCESS] [cadence.virtuoso.ade.simulationMonitor] - Simulation Monitor has successfully started up. Trying to set up communication channels to other components ... {"hostname": "ece-linlab02.ece.gatech.edu", "processid": 2694704, "logfile": "/nethome/ccarpenter38/ECE6130_Updated/ECE6130_LAB/Cadence/logs_ccarpenter38/logs0/Job50.log"}
[2024-11-10 20:47:33.207 -0500] [PROCESS] [cadence.virtuoso.ade.simulationMonitor] - Communication channels have been successfully set up. Start processing events ... {"hostname": "ece-linlab02.ece.gatech.edu", "processid": 2694704, "logfile": "/nethome/ccarpenter38/ECE6130_Updated/ECE6130_LAB/Cadence/logs_ccarpenter38/logs0/Job50.log"}
[2024-11-10 20:47:33.209 -0500] [PROCESS] [cadence.virtuoso.ade.simulationMonitor] - Started History {"hostname": "ece-linlab02.ece.gatech.edu", "processid": 2694704, "history": "ExplorerRun.0", "testname": "ECE4130_Project_SRAMCircuit_1", "cornername": "Nominal", "point": 1, "logfile": "/nethome/ccarpenter38/ECE6130_Updated/ECE6130_LAB/Cadence/logs_ccarpenter38/logs0/Job50.log"}
[2024-11-10 20:47:33.209 -0500] [PROCESS] [cadence.virtuoso.ade.simulationMonitor] - HostInfo:
Host name (type):	ece-linlab02.ece.gatech.edu (x86_64)
Operating system:	Linux 4.18.0-553.22.1.el8_10.x86_64 #1 SMP Wed Sep 11 18:02:00 EDT 2024 {"hostname": "ece-linlab02.ece.gatech.edu", "processid": 2694704, "history": "ExplorerRun.0", "testname": "ECE4130_Project_SRAMCircuit_1", "cornername": "Nominal", "point": 1, "logfile": "/nethome/ccarpenter38/ECE6130_Updated/ECE6130_LAB/Cadence/logs_ccarpenter38/logs0/Job50.log", "nodename": "ece-linlab02.ece.gatech.edu", "domainname": "(none)", "machine": "x86_64", "sysname": "Linux", "release": "4.18.0-553.22.1.el8_10.x86_64", "version": "#1 SMP Wed Sep 11 18:02:00 EDT 2024"}
[2024-11-10 20:47:33.209 -0500] [PROCESS] [cadence.virtuoso.ade.simulationMonitor] - UsageInfo:
pid=2694704
totalPhysicalMemory=15.098938GB,Used=14.458969GB,totalVirtualMemory=22.840145GB,Used=14.466499GB
Cpu: Cores=8, Load average:1.100000,0.900000,0.990000 {"hostname": "ece-linlab02.ece.gatech.edu", "processid": 2694704, "history": "ExplorerRun.0", "testname": "ECE4130_Project_SRAMCircuit_1", "cornername": "Nominal", "point": 1, "logfile": "/nethome/ccarpenter38/ECE6130_Updated/ECE6130_LAB/Cadence/logs_ccarpenter38/logs0/Job50.log", "pid": "2694704", "totalPhysicalMemory": "15.098938", "physicalMemoryUsed": "14.458969", "totalVirtualMemory": "22.840145", "virtualMemoryUsed": "14.466499", "cpuCores": "8", "processes": "1586", "loadAverage1": "1.100000", "loadAverage5": "0.900000", "loadAverage15": "0.990000", "loadAverage1Percent": "0.137500"}
[2024-11-10 20:47:33.215 -0500] [EVENT] [cadence.virtuoso.ade.simulationMonitor] - NewPoint {"history": "ExplorerRun.0", "point": 1, "testname": "ECE4130_Project_SRAMCircuit_1", "cornername": "Nominal", "event": "NewPoint", "EventSource": "Simulation Monitor", "HistoryName": "ExplorerRun.0", "logFile": "/nethome/ccarpenter38/ECE6130_Updated/ECE6130_LAB/Cadence/logs_ccarpenter38/logs0/Job50.log", "logFileSize": "4707", "category": "simulation"}
[2024-11-10 20:47:33.317 -0500] [EVENT] [cadence.virtuoso.ade.simulationMonitor] - NewPoint {"history": "ExplorerRun.0", "point": 1, "testname": "ECE4130_Project_SRAMCircuit_1", "cornername": "Nominal", "event": "NewPoint", "EventSource": "spectre", "HistoryName": "ExplorerRun.0", "logFile": "/nethome/ccarpenter38/simulation/ECE4130_Project/SRAMCircuit/maestro/results/maestro/ExplorerRun.0/1/ECE4130_Project_SRAMCircuit_1/psf/spectre.out", "logFileSize": "-1", "category": "simulation"}
[2024-11-10 20:47:33.562 -0500] [PROCESS] [cadence.virtuoso.ade.simulationMonitor] - Simulator launched {"hostname": "ece-linlab02.ece.gatech.edu", "processid": 2694704, "history": "ExplorerRun.0", "testname": "ECE4130_Project_SRAMCircuit_1", "cornername": "Nominal", "point": 1, "logfile": "/nethome/ccarpenter38/ECE6130_Updated/ECE6130_LAB/Cadence/logs_ccarpenter38/logs0/Job50.log", "simid": "1", "event": "launch", "category": "simulation"}
[2024-11-10 20:47:33.564 -0500] [PROCESS] [cadence.virtuoso.ade.simulationMonitor] - Expression evaluator launched {"hostname": "ece-linlab02.ece.gatech.edu", "processid": 2694704, "history": "ExplorerRun.0", "testname": "ECE4130_Project_SRAMCircuit_1", "cornername": "Nominal", "point": 1, "logfile": "/nethome/ccarpenter38/ECE6130_Updated/ECE6130_LAB/Cadence/logs_ccarpenter38/logs0/Job50.log"}
[2024-11-10 20:47:33.600 -0500] [PROCESS] [cadence.virtuoso.ade.simulationMonitor] - Started Simulation {"hostname": "ece-linlab02.ece.gatech.edu", "processid": 2694704, "history": "ExplorerRun.0", "testname": "ECE4130_Project_SRAMCircuit_1", "cornername": "Nominal", "point": 1, "logfile": "/nethome/ccarpenter38/ECE6130_Updated/ECE6130_LAB/Cadence/logs_ccarpenter38/logs0/Job50.log", "event": "start", "category": "simulation"}
[2024-11-10 20:47:34.100 -0500] [INFO] [cadence.virtuoso.ade.simulationMonitor] - Peak resident memory used = 149 Mbytes. {"history": "ExplorerRun.0", "point": 1, "testname": "ECE4130_Project_SRAMCircuit_1", "cornername": "Nominal"}
[2024-11-10 20:47:34.100 -0500] [INFO] [cadence.virtuoso.ade.simulationMonitor] - Peak resident memory used = 162 Mbytes. {"history": "ExplorerRun.0", "point": 1, "testname": "ECE4130_Project_SRAMCircuit_1", "cornername": "Nominal"}
[2024-11-10 20:47:34.100 -0500] [INFO] [cadence.virtuoso.ade.simulationMonitor] - Notice from spectre during hierarchy flattening.
    The value 'psf' specified for the 'checklimitdest' option will no longer be supported in future releases. Use 'spectre -h' to see other recommended values for the 'checklimitdest' option. {"history": "ExplorerRun.0", "point": 1, "testname": "ECE4130_Project_SRAMCircuit_1", "cornername": "Nominal"}
[2024-11-10 20:47:34.100 -0500] [INFO] [cadence.virtuoso.ade.simulationMonitor] - Peak resident memory used = 173 Mbytes. {"history": "ExplorerRun.0", "point": 1, "testname": "ECE4130_Project_SRAMCircuit_1", "cornername": "Nominal"}
[2024-11-10 20:47:34.100 -0500] [WARN] [cadence.virtuoso.ade.simulationMonitor] -     WARNING (CMI-2441): I0.I30.M8: Instance length width or area does not fit the given lmax-lmin, wmax-wmin or areamax-areamin range for the model 'NMOS_VTL'. {"history": "ExplorerRun.0", "point": 1, "testname": "ECE4130_Project_SRAMCircuit_1", "cornername": "Nominal"}
[2024-11-10 20:47:34.100 -0500] [WARN] [cadence.virtuoso.ade.simulationMonitor] -     WARNING (CMI-2441): I0.I31.M8: Instance length width or area does not fit the given lmax-lmin, wmax-wmin or areamax-areamin range for the model 'NMOS_VTL'. {"history": "ExplorerRun.0", "point": 1, "testname": "ECE4130_Project_SRAMCircuit_1", "cornername": "Nominal"}
[2024-11-10 20:47:34.101 -0500] [WARN] [cadence.virtuoso.ade.simulationMonitor] -     WARNING (CMI-2441): I0.I32.M8: Instance length width or area does not fit the given lmax-lmin, wmax-wmin or areamax-areamin range for the model 'NMOS_VTL'. {"history": "ExplorerRun.0", "point": 1, "testname": "ECE4130_Project_SRAMCircuit_1", "cornername": "Nominal"}
[2024-11-10 20:47:34.101 -0500] [WARN] [cadence.virtuoso.ade.simulationMonitor] -     WARNING (CMI-2441): I0.I33.M8: Instance length width or area does not fit the given lmax-lmin, wmax-wmin or areamax-areamin range for the model 'NMOS_VTL'. {"history": "ExplorerRun.0", "point": 1, "testname": "ECE4130_Project_SRAMCircuit_1", "cornername": "Nominal"}
[2024-11-10 20:47:34.101 -0500] [WARN] [cadence.virtuoso.ade.simulationMonitor] -     WARNING (CMI-2441): I0.I34.M8: Instance length width or area does not fit the given lmax-lmin, wmax-wmin or areamax-areamin range for the model 'NMOS_VTL'.
        Further occurrences of this warning will be suppressed. {"history": "ExplorerRun.0", "point": 1, "testname": "ECE4130_Project_SRAMCircuit_1", "cornername": "Nominal"}
[2024-11-10 20:47:34.101 -0500] [WARN] [cadence.virtuoso.ade.simulationMonitor] -     WARNING (CMI-2477): I0.I30.M8:  The value '129.167 nOhm' specified for `Rds' is less than the permitted minimum value, 0.001. Setting it to the default value '0' {"history": "ExplorerRun.0", "point": 1, "testname": "ECE4130_Project_SRAMCircuit_1", "cornername": "Nominal"}
[2024-11-10 20:47:34.101 -0500] [WARN] [cadence.virtuoso.ade.simulationMonitor] -     WARNING (CMI-2477): I0.I31.M8:  The value '129.167 nOhm' specified for `Rds' is less than the permitted minimum value, 0.001. Setting it to the default value '0' {"history": "ExplorerRun.0", "point": 1, "testname": "ECE4130_Project_SRAMCircuit_1", "cornername": "Nominal"}
[2024-11-10 20:47:34.101 -0500] [WARN] [cadence.virtuoso.ade.simulationMonitor] -     WARNING (CMI-2477): I0.I32.M8:  The value '129.167 nOhm' specified for `Rds' is less than the permitted minimum value, 0.001. Setting it to the default value '0' {"history": "ExplorerRun.0", "point": 1, "testname": "ECE4130_Project_SRAMCircuit_1", "cornername": "Nominal"}
[2024-11-10 20:47:34.101 -0500] [WARN] [cadence.virtuoso.ade.simulationMonitor] -     WARNING (CMI-2477): I0.I33.M8:  The value '129.167 nOhm' specified for `Rds' is less than the permitted minimum value, 0.001. Setting it to the default value '0' {"history": "ExplorerRun.0", "point": 1, "testname": "ECE4130_Project_SRAMCircuit_1", "cornername": "Nominal"}
[2024-11-10 20:47:34.101 -0500] [WARN] [cadence.virtuoso.ade.simulationMonitor] -     WARNING (CMI-2477): I0.I34.M8:  The value '129.167 nOhm' specified for `Rds' is less than the permitted minimum value, 0.001. Setting it to the default value '0'
        Further occurrences of this warning will be suppressed. {"history": "ExplorerRun.0", "point": 1, "testname": "ECE4130_Project_SRAMCircuit_1", "cornername": "Nominal"}
[2024-11-10 20:47:34.607 -0500] [INFO] [cadence.virtuoso.ade.simulationMonitor] -               nodes 1520 {"history": "ExplorerRun.0", "point": 1, "testname": "ECE4130_Project_SRAMCircuit_1", "cornername": "Nominal"}
[2024-11-10 20:47:34.607 -0500] [INFO] [cadence.virtuoso.ade.simulationMonitor] - Notice from spectre during initial setup.
    Protected devices exist and are not included in the circuit inventory.
    5 vsources are shorted because their absolute value is less than or equal to 'vabsshort'.
    APS enabled.
    6 warnings suppressed. {"history": "ExplorerRun.0", "point": 1, "testname": "ECE4130_Project_SRAMCircuit_1", "cornername": "Nominal"}
[2024-11-10 20:47:34.608 -0500] [INFO] [cadence.virtuoso.ade.simulationMonitor] - Notice from spectre.
    Multithreading enabled: 8 threads in the system with 8 available processors. {"history": "ExplorerRun.0", "point": 1, "testname": "ECE4130_Project_SRAMCircuit_1", "cornername": "Nominal"}
[2024-11-10 20:47:34.608 -0500] [INFO] [cadence.virtuoso.ade.simulationMonitor] - Peak resident memory used = 211 Mbytes. {"history": "ExplorerRun.0", "point": 1, "testname": "ECE4130_Project_SRAMCircuit_1", "cornername": "Nominal"}
[2024-11-10 20:47:34.610 -0500] [INFO] [cadence.virtuoso.ade.simulationMonitor] -    -   (APS) Multi-threading. The recommended number of threads is 8, consider adding +mt=8 on command line. {"history": "ExplorerRun.0", "point": 1, "testname": "ECE4130_Project_SRAMCircuit_1", "cornername": "Nominal"}
[2024-11-10 20:47:35.611 -0500] [INFO] [cadence.virtuoso.ade.simulationMonitor] - Notice from spectre during IC analysis, during transient analysis `tran'.
    Bad pivoting is found during DC analysis. Option dc_pivot_check=yes is recommended for possible improvement of convergence. {"history": "ExplorerRun.0", "point": 1, "testname": "ECE4130_Project_SRAMCircuit_1", "cornername": "Nominal"}
[2024-11-10 20:47:40.135 -0500] [INFO] [cadence.virtuoso.ade.simulationMonitor] - Intrinsic tran analysis time:    CPU = 31.5962 s, elapsed = 4.82238 s. {"history": "ExplorerRun.0", "point": 1, "testname": "ECE4130_Project_SRAMCircuit_1", "cornername": "Nominal"}
[2024-11-10 20:47:40.635 -0500] [INFO] [cadence.virtuoso.ade.simulationMonitor] - Total time required for tran analysis `tran': CPU = 35.5531 s, elapsed = 5.62659 s, util. = 632%. {"history": "ExplorerRun.0", "point": 1, "testname": "ECE4130_Project_SRAMCircuit_1", "cornername": "Nominal"}
[2024-11-10 20:47:40.635 -0500] [INFO] [cadence.virtuoso.ade.simulationMonitor] - Peak resident memory used = 333 Mbytes. {"history": "ExplorerRun.0", "point": 1, "testname": "ECE4130_Project_SRAMCircuit_1", "cornername": "Nominal"}
[2024-11-10 20:47:40.638 -0500] [INFO] [cadence.virtuoso.ade.simulationMonitor] - Time used: CPU = 39.4 s, elapsed = 6.65 s, util. = 593%. {"history": "ExplorerRun.0", "point": 1, "testname": "ECE4130_Project_SRAMCircuit_1", "cornername": "Nominal"}
[2024-11-10 20:47:40.638 -0500] [INFO] [cadence.virtuoso.ade.simulationMonitor] - Time spent in licensing: elapsed = 69.2 ms. {"history": "ExplorerRun.0", "point": 1, "testname": "ECE4130_Project_SRAMCircuit_1", "cornername": "Nominal"}
[2024-11-10 20:47:40.639 -0500] [INFO] [cadence.virtuoso.ade.simulationMonitor] - Peak memory used = 333 Mbytes. {"history": "ExplorerRun.0", "point": 1, "testname": "ECE4130_Project_SRAMCircuit_1", "cornername": "Nominal"}
[2024-11-10 20:47:40.642 -0500] [PROCESS] [cadence.virtuoso.ade.simulationMonitor] - Simulation started at: 8:47:33 PM, Sun Nov 10, 2024, ended at: 8:47:40 PM, Sun Nov 10, 2024, with elapsed time (wall clock): 6.65 s. {"history": "ExplorerRun.0", "point": 1, "testname": "ECE4130_Project_SRAMCircuit_1", "cornername": "Nominal"}
[2024-11-10 20:47:40.642 -0500] [PROCESS] [cadence.virtuoso.ade.simulationMonitor] - spectre completes with 0 errors, 10 warnings, and 8 notices. {"history": "ExplorerRun.0", "point": 1, "testname": "ECE4130_Project_SRAMCircuit_1", "cornername": "Nominal"}
[2024-11-10 20:47:40.642 -0500] [PROCESS] [cadence.virtuoso.ade.simulationMonitor] - Finished simulating for one point {"hostname": "ece-linlab02.ece.gatech.edu", "processid": 2694704, "history": "ExplorerRun.0", "testname": "ECE4130_Project_SRAMCircuit_1", "cornername": "Nominal", "point": 1, "logfile": "/nethome/ccarpenter38/ECE6130_Updated/ECE6130_LAB/Cadence/logs_ccarpenter38/logs0/Job50.log", "simid": "1", "event": "finish", "category": "simulation"}
[2024-11-10 20:47:40.642 -0500] [PROCESS] [cadence.virtuoso.ade.simulationMonitor] - Simulator exited {"hostname": "ece-linlab02.ece.gatech.edu", "processid": 2694704, "history": "ExplorerRun.0", "testname": "ECE4130_Project_SRAMCircuit_1", "cornername": "Nominal", "point": 1, "logfile": "/nethome/ccarpenter38/ECE6130_Updated/ECE6130_LAB/Cadence/logs_ccarpenter38/logs0/Job50.log", "exitStatus": "0"}
[2024-11-10 20:47:40.642 -0500] [PROCESS] [cadence.virtuoso.ade.simulationMonitor] - Finished Simulation {"hostname": "ece-linlab02.ece.gatech.edu", "processid": 2694704, "history": "ExplorerRun.0", "testname": "ECE4130_Project_SRAMCircuit_1", "cornername": "Nominal", "point": 1, "logfile": "/nethome/ccarpenter38/ECE6130_Updated/ECE6130_LAB/Cadence/logs_ccarpenter38/logs0/Job50.log", "simid": "1", "event": "finish", "category": "obsolete"}
[2024-11-10 20:47:41.645 -0500] [PROCESS] [cadence.virtuoso.ade.simulationMonitor] - Point Finished {"hostname": "ece-linlab02.ece.gatech.edu", "processid": 2694704, "history": "ExplorerRun.0", "testname": "ECE4130_Project_SRAMCircuit_1", "cornername": "Nominal", "point": 1, "logfile": "/nethome/ccarpenter38/ECE6130_Updated/ECE6130_LAB/Cadence/logs_ccarpenter38/logs0/Job50.log", "event": "finish", "category": "sim-eval"}
[2024-11-10 20:47:42.647 -0500] [PROCESS] [cadence.virtuoso.ade.simulationMonitor] - Stay with the runId '22', Linger time '300', currentRunSyn '45', currentTestSyn '46' {"hostname": "ece-linlab02.ece.gatech.edu", "processid": 2694704, "history": "ExplorerRun.0", "testname": "ECE4130_Project_SRAMCircuit_1", "cornername": "Nominal", "point": 1, "logfile": "/nethome/ccarpenter38/ECE6130_Updated/ECE6130_LAB/Cadence/logs_ccarpenter38/logs0/Job50.log"}
[2024-11-10 20:47:43.647 -0500] [PROCESS] [cadence.virtuoso.ade.simulationMonitor] - Stay with the runId '22', Linger time '300', currentRunSyn '45', currentTestSyn '46' {"hostname": "ece-linlab02.ece.gatech.edu", "processid": 2694704, "history": "ExplorerRun.0", "testname": "ECE4130_Project_SRAMCircuit_1", "cornername": "Nominal", "point": 1, "logfile": "/nethome/ccarpenter38/ECE6130_Updated/ECE6130_LAB/Cadence/logs_ccarpenter38/logs0/Job50.log"}
[2024-11-10 20:49:45.445 -0500] [INFO] [cadence.virtuoso.ade.simulationMonitor] - SimulationMonitor has terminated the vds process '2694768', reason: 'Force to stop the expression evalutor process because of new run' {"history": "ExplorerRun.0", "point": 1, "testname": "ECE4130_Project_SRAMCircuit_1", "cornername": "Nominal"}
[2024-11-10 20:49:45.448 -0500] [PROCESS] [cadence.virtuoso.ade.simulationMonitor] - HostInfo:
Host name (type):	ece-linlab02.ece.gatech.edu (x86_64)
Operating system:	Linux 4.18.0-553.22.1.el8_10.x86_64 #1 SMP Wed Sep 11 18:02:00 EDT 2024 {"hostname": "ece-linlab02.ece.gatech.edu", "processid": 2694704, "history": "ExplorerRun.0", "testname": "ECE4130_Project_SRAMCircuit_1", "cornername": "Nominal", "point": 1, "logfile": "/nethome/ccarpenter38/ECE6130_Updated/ECE6130_LAB/Cadence/logs_ccarpenter38/logs0/Job50.log", "nodename": "ece-linlab02.ece.gatech.edu", "domainname": "(none)", "machine": "x86_64", "sysname": "Linux", "release": "4.18.0-553.22.1.el8_10.x86_64", "version": "#1 SMP Wed Sep 11 18:02:00 EDT 2024"}
[2024-11-10 20:49:45.448 -0500] [PROCESS] [cadence.virtuoso.ade.simulationMonitor] - UsageInfo:
pid=2694704
totalPhysicalMemory=15.098938GB,Used=14.173405GB,totalVirtualMemory=22.840145GB,Used=14.180935GB
Cpu: Cores=8, Load average:1.050000,0.990000,1.010000 {"hostname": "ece-linlab02.ece.gatech.edu", "processid": 2694704, "history": "ExplorerRun.0", "testname": "ECE4130_Project_SRAMCircuit_1", "cornername": "Nominal", "point": 1, "logfile": "/nethome/ccarpenter38/ECE6130_Updated/ECE6130_LAB/Cadence/logs_ccarpenter38/logs0/Job50.log", "pid": "2694704", "totalPhysicalMemory": "15.098938", "physicalMemoryUsed": "14.173405", "totalVirtualMemory": "22.840145", "virtualMemoryUsed": "14.180935", "cpuCores": "8", "processes": "1559", "loadAverage1": "1.050000", "loadAverage5": "0.990000", "loadAverage15": "1.010000", "loadAverage1Percent": "0.131250"}
[2024-11-10 20:49:45.456 -0500] [EVENT] [cadence.virtuoso.ade.simulationMonitor] - NewPoint {"history": "ExplorerRun.0", "point": 1, "testname": "ECE4130_Project_SRAMCircuit_1", "cornername": "Nominal", "event": "NewPoint", "EventSource": "Simulation Monitor", "HistoryName": "ExplorerRun.0", "logFile": "/nethome/ccarpenter38/ECE6130_Updated/ECE6130_LAB/Cadence/logs_ccarpenter38/logs0/Job50.log", "logFileSize": "20259", "category": "simulation"}
[2024-11-10 20:49:45.561 -0500] [EVENT] [cadence.virtuoso.ade.simulationMonitor] - NewPoint {"history": "ExplorerRun.0", "point": 1, "testname": "ECE4130_Project_SRAMCircuit_1", "cornername": "Nominal", "event": "NewPoint", "EventSource": "spectre", "HistoryName": "ExplorerRun.0", "logFile": "/nethome/ccarpenter38/simulation/ECE4130_Project/SRAMCircuit/maestro/results/maestro/ExplorerRun.0/1/ECE4130_Project_SRAMCircuit_1/psf/spectre.out", "logFileSize": "-1", "category": "simulation"}
[2024-11-10 20:49:45.709 -0500] [PROCESS] [cadence.virtuoso.ade.simulationMonitor] - Simulator launched {"hostname": "ece-linlab02.ece.gatech.edu", "processid": 2694704, "history": "ExplorerRun.0", "testname": "ECE4130_Project_SRAMCircuit_1", "cornername": "Nominal", "point": 1, "logfile": "/nethome/ccarpenter38/ECE6130_Updated/ECE6130_LAB/Cadence/logs_ccarpenter38/logs0/Job50.log", "simid": "2", "event": "launch", "category": "simulation"}
[2024-11-10 20:49:45.714 -0500] [PROCESS] [cadence.virtuoso.ade.simulationMonitor] - Expression evaluator launched {"hostname": "ece-linlab02.ece.gatech.edu", "processid": 2694704, "history": "ExplorerRun.0", "testname": "ECE4130_Project_SRAMCircuit_1", "cornername": "Nominal", "point": 1, "logfile": "/nethome/ccarpenter38/ECE6130_Updated/ECE6130_LAB/Cadence/logs_ccarpenter38/logs0/Job50.log"}
[2024-11-10 20:49:45.754 -0500] [PROCESS] [cadence.virtuoso.ade.simulationMonitor] - Started Simulation {"hostname": "ece-linlab02.ece.gatech.edu", "processid": 2694704, "history": "ExplorerRun.0", "testname": "ECE4130_Project_SRAMCircuit_1", "cornername": "Nominal", "point": 1, "logfile": "/nethome/ccarpenter38/ECE6130_Updated/ECE6130_LAB/Cadence/logs_ccarpenter38/logs0/Job50.log", "event": "start", "category": "simulation"}
[2024-11-10 20:49:46.254 -0500] [INFO] [cadence.virtuoso.ade.simulationMonitor] - Peak resident memory used = 165 Mbytes. {"history": "ExplorerRun.0", "point": 1, "testname": "ECE4130_Project_SRAMCircuit_1", "cornername": "Nominal"}
[2024-11-10 20:49:46.255 -0500] [INFO] [cadence.virtuoso.ade.simulationMonitor] - Peak resident memory used = 177 Mbytes. {"history": "ExplorerRun.0", "point": 1, "testname": "ECE4130_Project_SRAMCircuit_1", "cornername": "Nominal"}
[2024-11-10 20:49:46.255 -0500] [INFO] [cadence.virtuoso.ade.simulationMonitor] - Notice from spectre during hierarchy flattening.
    The value 'psf' specified for the 'checklimitdest' option will no longer be supported in future releases. Use 'spectre -h' to see other recommended values for the 'checklimitdest' option. {"history": "ExplorerRun.0", "point": 1, "testname": "ECE4130_Project_SRAMCircuit_1", "cornername": "Nominal"}
[2024-11-10 20:49:46.255 -0500] [INFO] [cadence.virtuoso.ade.simulationMonitor] - Peak resident memory used = 189 Mbytes. {"history": "ExplorerRun.0", "point": 1, "testname": "ECE4130_Project_SRAMCircuit_1", "cornername": "Nominal"}
[2024-11-10 20:49:46.770 -0500] [INFO] [cadence.virtuoso.ade.simulationMonitor] -               nodes 1520 {"history": "ExplorerRun.0", "point": 1, "testname": "ECE4130_Project_SRAMCircuit_1", "cornername": "Nominal"}
[2024-11-10 20:49:46.770 -0500] [INFO] [cadence.virtuoso.ade.simulationMonitor] - Notice from spectre during initial setup.
    Protected devices exist and are not included in the circuit inventory.
    5 vsources are shorted because their absolute value is less than or equal to 'vabsshort'.
    APS enabled. {"history": "ExplorerRun.0", "point": 1, "testname": "ECE4130_Project_SRAMCircuit_1", "cornername": "Nominal"}
[2024-11-10 20:49:46.772 -0500] [INFO] [cadence.virtuoso.ade.simulationMonitor] - Notice from spectre.
    Multithreading enabled: 8 threads in the system with 8 available processors. {"history": "ExplorerRun.0", "point": 1, "testname": "ECE4130_Project_SRAMCircuit_1", "cornername": "Nominal"}
[2024-11-10 20:49:46.772 -0500] [INFO] [cadence.virtuoso.ade.simulationMonitor] - Peak resident memory used = 227 Mbytes. {"history": "ExplorerRun.0", "point": 1, "testname": "ECE4130_Project_SRAMCircuit_1", "cornername": "Nominal"}
[2024-11-10 20:49:46.773 -0500] [INFO] [cadence.virtuoso.ade.simulationMonitor] -    -   (APS) Multi-threading. The recommended number of threads is 8, consider adding +mt=8 on command line. {"history": "ExplorerRun.0", "point": 1, "testname": "ECE4130_Project_SRAMCircuit_1", "cornername": "Nominal"}
[2024-11-10 20:49:48.274 -0500] [INFO] [cadence.virtuoso.ade.simulationMonitor] - Notice from spectre during IC analysis, during transient analysis `tran'.
    Bad pivoting is found during DC analysis. Option dc_pivot_check=yes is recommended for possible improvement of convergence. {"history": "ExplorerRun.0", "point": 1, "testname": "ECE4130_Project_SRAMCircuit_1", "cornername": "Nominal"}
[2024-11-10 20:49:54.319 -0500] [INFO] [cadence.virtuoso.ade.simulationMonitor] - Intrinsic tran analysis time:    CPU = 40.8063 s, elapsed = 5.94865 s. {"history": "ExplorerRun.0", "point": 1, "testname": "ECE4130_Project_SRAMCircuit_1", "cornername": "Nominal"}
[2024-11-10 20:49:54.819 -0500] [INFO] [cadence.virtuoso.ade.simulationMonitor] - Total time required for tran analysis `tran': CPU = 49.2227 s, elapsed = 7.6392 s, util. = 644%. {"history": "ExplorerRun.0", "point": 1, "testname": "ECE4130_Project_SRAMCircuit_1", "cornername": "Nominal"}
[2024-11-10 20:49:54.819 -0500] [INFO] [cadence.virtuoso.ade.simulationMonitor] - Peak resident memory used = 348 Mbytes. {"history": "ExplorerRun.0", "point": 1, "testname": "ECE4130_Project_SRAMCircuit_1", "cornername": "Nominal"}
[2024-11-10 20:49:54.821 -0500] [INFO] [cadence.virtuoso.ade.simulationMonitor] - Time used: CPU = 53.2 s, elapsed = 8.67 s, util. = 613%. {"history": "ExplorerRun.0", "point": 1, "testname": "ECE4130_Project_SRAMCircuit_1", "cornername": "Nominal"}
[2024-11-10 20:49:54.821 -0500] [INFO] [cadence.virtuoso.ade.simulationMonitor] - Time spent in licensing: elapsed = 67.5 ms. {"history": "ExplorerRun.0", "point": 1, "testname": "ECE4130_Project_SRAMCircuit_1", "cornername": "Nominal"}
[2024-11-10 20:49:54.822 -0500] [INFO] [cadence.virtuoso.ade.simulationMonitor] - Peak memory used = 349 Mbytes. {"history": "ExplorerRun.0", "point": 1, "testname": "ECE4130_Project_SRAMCircuit_1", "cornername": "Nominal"}
[2024-11-10 20:49:54.826 -0500] [PROCESS] [cadence.virtuoso.ade.simulationMonitor] - Simulation started at: 8:49:45 PM, Sun Nov 10, 2024, ended at: 8:49:54 PM, Sun Nov 10, 2024, with elapsed time (wall clock): 8.67 s. {"history": "ExplorerRun.0", "point": 1, "testname": "ECE4130_Project_SRAMCircuit_1", "cornername": "Nominal"}
[2024-11-10 20:49:54.826 -0500] [PROCESS] [cadence.virtuoso.ade.simulationMonitor] - spectre completes with 0 errors, 0 warnings, and 7 notices. {"history": "ExplorerRun.0", "point": 1, "testname": "ECE4130_Project_SRAMCircuit_1", "cornername": "Nominal"}
[2024-11-10 20:49:54.826 -0500] [PROCESS] [cadence.virtuoso.ade.simulationMonitor] - Finished simulating for one point {"hostname": "ece-linlab02.ece.gatech.edu", "processid": 2694704, "history": "ExplorerRun.0", "testname": "ECE4130_Project_SRAMCircuit_1", "cornername": "Nominal", "point": 1, "logfile": "/nethome/ccarpenter38/ECE6130_Updated/ECE6130_LAB/Cadence/logs_ccarpenter38/logs0/Job50.log", "simid": "2", "event": "finish", "category": "simulation"}
[2024-11-10 20:49:54.826 -0500] [PROCESS] [cadence.virtuoso.ade.simulationMonitor] - Simulator exited {"hostname": "ece-linlab02.ece.gatech.edu", "processid": 2694704, "history": "ExplorerRun.0", "testname": "ECE4130_Project_SRAMCircuit_1", "cornername": "Nominal", "point": 1, "logfile": "/nethome/ccarpenter38/ECE6130_Updated/ECE6130_LAB/Cadence/logs_ccarpenter38/logs0/Job50.log", "exitStatus": "0"}
[2024-11-10 20:49:54.826 -0500] [PROCESS] [cadence.virtuoso.ade.simulationMonitor] - Finished Simulation {"hostname": "ece-linlab02.ece.gatech.edu", "processid": 2694704, "history": "ExplorerRun.0", "testname": "ECE4130_Project_SRAMCircuit_1", "cornername": "Nominal", "point": 1, "logfile": "/nethome/ccarpenter38/ECE6130_Updated/ECE6130_LAB/Cadence/logs_ccarpenter38/logs0/Job50.log", "simid": "2", "event": "finish", "category": "obsolete"}
[2024-11-10 20:49:55.829 -0500] [PROCESS] [cadence.virtuoso.ade.simulationMonitor] - Point Finished {"hostname": "ece-linlab02.ece.gatech.edu", "processid": 2694704, "history": "ExplorerRun.0", "testname": "ECE4130_Project_SRAMCircuit_1", "cornername": "Nominal", "point": 1, "logfile": "/nethome/ccarpenter38/ECE6130_Updated/ECE6130_LAB/Cadence/logs_ccarpenter38/logs0/Job50.log", "event": "finish", "category": "sim-eval"}
[2024-11-10 20:49:56.830 -0500] [PROCESS] [cadence.virtuoso.ade.simulationMonitor] - Stay with the runId '23', Linger time '300', currentRunSyn '47', currentTestSyn '48' {"hostname": "ece-linlab02.ece.gatech.edu", "processid": 2694704, "history": "ExplorerRun.0", "testname": "ECE4130_Project_SRAMCircuit_1", "cornername": "Nominal", "point": 1, "logfile": "/nethome/ccarpenter38/ECE6130_Updated/ECE6130_LAB/Cadence/logs_ccarpenter38/logs0/Job50.log"}
[2024-11-10 20:49:57.831 -0500] [PROCESS] [cadence.virtuoso.ade.simulationMonitor] - Stay with the runId '23', Linger time '300', currentRunSyn '47', currentTestSyn '48' {"hostname": "ece-linlab02.ece.gatech.edu", "processid": 2694704, "history": "ExplorerRun.0", "testname": "ECE4130_Project_SRAMCircuit_1", "cornername": "Nominal", "point": 1, "logfile": "/nethome/ccarpenter38/ECE6130_Updated/ECE6130_LAB/Cadence/logs_ccarpenter38/logs0/Job50.log"}
[2024-11-10 20:54:56.743 -0500] [PROCESS] [cadence.virtuoso.ade.simulationMonitor] - Current memory used: 80.7656 MBytes, peak memory used: 80.7656 MBytes {"hostname": "ece-linlab02.ece.gatech.edu", "processid": 2694704, "history": "ExplorerRun.0", "testname": "ECE4130_Project_SRAMCircuit_1", "cornername": "Nominal", "point": 1, "logfile": "/nethome/ccarpenter38/ECE6130_Updated/ECE6130_LAB/Cadence/logs_ccarpenter38/logs0/Job50.log"}
[2024-11-10 20:54:56.743 -0500] [PROCESS] [cadence.virtuoso.ade.simulationMonitor] - Simulation Monitor process exits. {"hostname": "ece-linlab02.ece.gatech.edu", "processid": 2694704, "history": "ExplorerRun.0", "testname": "ECE4130_Project_SRAMCircuit_1", "cornername": "Nominal", "point": 1, "logfile": "/nethome/ccarpenter38/ECE6130_Updated/ECE6130_LAB/Cadence/logs_ccarpenter38/logs0/Job50.log"}
