[Simulation Monitor: 7]
[2024-11-20 13:06:16.726 -0500] [PROCESS] [cadence.virtuoso.ade.simulationMonitor] - Started the simulation monitor process {"hostname": "ece-linlabsrv01.ece.gatech.edu", "processid": 3923623, "logfile": "/nethome/ccarpenter38/ECE4130_M/Project1/ECE6130_Updated/ECE6130_LAB/Cadence/logs_ccarpenter38/logs0/Job7.log", "simulation monitor command line": "/tools/software/cadence/ic/23.10.080/tools.lnx86/dfII/bin/64bit/spectreMonitor --davinciService DaVinciService_2691158_1732123233 --axlsession fnxSession1 -lscs 000175E1894CBE06FF0966E38F1FFC06BC4D77F482089272CC286FA78410926AD02479FE8D1C9F67D0227DAAD245CD34C87766E3A12FFC06BC4D01DDAA07D91EDB7300001DFE -beanhost ece-linlabsrv01.ece.gatech.edu -beanport 11581 -beanLogFile /nethome/ccarpenter38/ECE4130_M/Project1/ECE6130_Updated/ECE6130_LAB/Cadence/logs_ccarpenter38/logs0/amps_Job7.log -beanbinlog  --domain 0 --interactive yes --netlistOpt no --useMultiPointEvaluation yes --exprEvalShowJobStderr yes --evalSimParallel no --maxSims 0 --historyName ExplorerRun.0 --historyUUID  --exprEvaluator vds --mcMapping mc1.mapping --checkLogStatusInterval 0 --checkSimulatorLogTimeout 1200 --exprEvalMaxTries 3 --maxNFSSyncWait 60 -adeBrokerAddress ece-linlabsrv01.ece.gatech.edu:33535 --statdbType h5v2 --fromADE true --virtuosoBinary virtuoso --guiDisplay localhost:12.0 --globalStatus 60 --evaluateMultiMC yes --evalOnSimFail SkipFailedAnalyses --numRetriesOnError 1 --fenixMode explorer --lingertimeout 300 -ahdlLockTimeout 60 --sdbLib ECE4130_Project --sdbCell 4to1Mux --sdbView maestro --heartBeatFileDir /dev/shm --id 7 --uuid aeec2a04-0714-4450-ade3-d2e566544720 --log /nethome/ccarpenter38/ECE4130_M/Project1/ECE6130_Updated/ECE6130_LAB/Cadence/logs_ccarpenter38/logs0/Job7.log "}
[2024-11-20 13:06:16.726 -0500] [PROCESS] [cadence.virtuoso.ade.simulationMonitor] - Started the simulation monitor process {"hostname": "ece-linlabsrv01.ece.gatech.edu", "processid": 3923623, "logfile": "/nethome/ccarpenter38/ECE4130_M/Project1/ECE6130_Updated/ECE6130_LAB/Cadence/logs_ccarpenter38/logs0/Job7.log", "current directory": "/nethome/ccarpenter38/ECE4130_M/Project1/ECE6130_Updated/ECE6130_LAB/Cadence"}
[2024-11-20 13:06:16.726 -0500] [PROCESS] [cadence.virtuoso.ade.simulationMonitor] - Simulation Monitor has successfully started up. Trying to set up communication channels to other components ... {"hostname": "ece-linlabsrv01.ece.gatech.edu", "processid": 3923623, "logfile": "/nethome/ccarpenter38/ECE4130_M/Project1/ECE6130_Updated/ECE6130_LAB/Cadence/logs_ccarpenter38/logs0/Job7.log"}
[2024-11-20 13:06:16.730 -0500] [PROCESS] [cadence.virtuoso.ade.simulationMonitor] - Communication channels have been successfully set up. Start processing events ... {"hostname": "ece-linlabsrv01.ece.gatech.edu", "processid": 3923623, "logfile": "/nethome/ccarpenter38/ECE4130_M/Project1/ECE6130_Updated/ECE6130_LAB/Cadence/logs_ccarpenter38/logs0/Job7.log"}
[2024-11-20 13:06:16.730 -0500] [PROCESS] [cadence.virtuoso.ade.simulationMonitor] - Considering to start history {"hostname": "ece-linlabsrv01.ece.gatech.edu", "processid": 3923623, "history": "ExplorerRun.0", "logfile": "/nethome/ccarpenter38/ECE4130_M/Project1/ECE6130_Updated/ECE6130_LAB/Cadence/logs_ccarpenter38/logs0/Job7.log"}
[2024-11-20 13:06:16.732 -0500] [PROCESS] [cadence.virtuoso.ade.simulationMonitor] - HostInfo:
Host name (type):	ece-linlabsrv01.ece.gatech.edu (x86_64)
Operating system:	Linux 4.18.0-553.22.1.el8_10.x86_64 #1 SMP Wed Sep 11 18:02:00 EDT 2024 {"hostname": "ece-linlabsrv01.ece.gatech.edu", "processid": 3923623, "history": "ExplorerRun.0", "logfile": "/nethome/ccarpenter38/ECE4130_M/Project1/ECE6130_Updated/ECE6130_LAB/Cadence/logs_ccarpenter38/logs0/Job7.log", "nodename": "ece-linlabsrv01.ece.gatech.edu", "domainname": "(none)", "machine": "x86_64", "sysname": "Linux", "release": "4.18.0-553.22.1.el8_10.x86_64", "version": "#1 SMP Wed Sep 11 18:02:00 EDT 2024"}
[2024-11-20 13:06:16.733 -0500] [PROCESS] [cadence.virtuoso.ade.simulationMonitor] - UsageInfo:
pid=3923623
totalPhysicalMemory=186.850815GB,Used=130.381310GB,totalVirtualMemory=250.850811GB,Used=152.684868GB
Cpu: Cores=112, Load average:7.170000,6.940000,7.190000 {"hostname": "ece-linlabsrv01.ece.gatech.edu", "processid": 3923623, "history": "ExplorerRun.0", "logfile": "/nethome/ccarpenter38/ECE4130_M/Project1/ECE6130_Updated/ECE6130_LAB/Cadence/logs_ccarpenter38/logs0/Job7.log", "pid": "3923623", "totalPhysicalMemory": "186.850815", "physicalMemoryUsed": "130.381310", "totalVirtualMemory": "250.850811", "virtualMemoryUsed": "152.684868", "cpuCores": "112", "processes": "10556", "loadAverage1": "7.170000", "loadAverage5": "6.940000", "loadAverage15": "7.190000", "loadAverage1Percent": "0.064018"}
[2024-11-20 13:06:16.739 -0500] [EVENT] [cadence.virtuoso.ade.simulationMonitor] - NewPoint {"history": "ExplorerRun.0", "point": 1, "testname": "ECE4130_Project_4to1Mux_1", "cornername": "Nominal", "event": "NewPoint", "EventSource": "Simulation Monitor", "HistoryName": "ExplorerRun.0", "logFile": "/nethome/ccarpenter38/ECE4130_M/Project1/ECE6130_Updated/ECE6130_LAB/Cadence/logs_ccarpenter38/logs0/Job7.log", "logFileSize": "4740", "category": "simulation"}
[2024-11-20 13:06:16.941 -0500] [EVENT] [cadence.virtuoso.ade.simulationMonitor] - NewPoint {"history": "ExplorerRun.0", "point": 1, "testname": "ECE4130_Project_4to1Mux_1", "cornername": "Nominal", "event": "NewPoint", "EventSource": "spectre", "HistoryName": "ExplorerRun.0", "logFile": "/nethome/ccarpenter38/simulation/ECE4130_Project/4to1Mux/maestro/results/maestro/ExplorerRun.0/1/ECE4130_Project_4to1Mux_1/psf/spectre.out", "logFileSize": "-1", "category": "simulation"}
[2024-11-20 13:06:17.200 -0500] [PROCESS] [cadence.virtuoso.ade.simulationMonitor] - Simulator launched {"hostname": "ece-linlabsrv01.ece.gatech.edu", "processid": 3923623, "history": "ExplorerRun.0", "testname": "ECE4130_Project_4to1Mux_1", "cornername": "Nominal", "point": 1, "logfile": "/nethome/ccarpenter38/ECE4130_M/Project1/ECE6130_Updated/ECE6130_LAB/Cadence/logs_ccarpenter38/logs0/Job7.log", "simid": "1", "event": "launch", "category": "simulation"}
[2024-11-20 13:06:17.205 -0500] [PROCESS] [cadence.virtuoso.ade.simulationMonitor] - Expression evaluator launched {"hostname": "ece-linlabsrv01.ece.gatech.edu", "processid": 3923623, "history": "ExplorerRun.0", "testname": "ECE4130_Project_4to1Mux_1", "cornername": "Nominal", "point": 1, "logfile": "/nethome/ccarpenter38/ECE4130_M/Project1/ECE6130_Updated/ECE6130_LAB/Cadence/logs_ccarpenter38/logs0/Job7.log"}
[2024-11-20 13:06:18.096 -0500] [PROCESS] [cadence.virtuoso.ade.simulationMonitor] - Started Simulation {"hostname": "ece-linlabsrv01.ece.gatech.edu", "processid": 3923623, "history": "ExplorerRun.0", "testname": "ECE4130_Project_4to1Mux_1", "cornername": "Nominal", "point": 1, "logfile": "/nethome/ccarpenter38/ECE4130_M/Project1/ECE6130_Updated/ECE6130_LAB/Cadence/logs_ccarpenter38/logs0/Job7.log", "event": "start", "category": "simulation"}
[2024-11-20 13:06:18.597 -0500] [INFO] [cadence.virtuoso.ade.simulationMonitor] - Peak resident memory used = 166 Mbytes. {"history": "ExplorerRun.0", "point": 1, "testname": "ECE4130_Project_4to1Mux_1", "cornername": "Nominal"}
[2024-11-20 13:06:18.597 -0500] [INFO] [cadence.virtuoso.ade.simulationMonitor] - Peak resident memory used = 174 Mbytes. {"history": "ExplorerRun.0", "point": 1, "testname": "ECE4130_Project_4to1Mux_1", "cornername": "Nominal"}
[2024-11-20 13:06:18.597 -0500] [INFO] [cadence.virtuoso.ade.simulationMonitor] - Notice from spectre during hierarchy flattening.
    The value 'psf' specified for the 'checklimitdest' option will no longer be supported in future releases. Use 'spectre -h' to see other recommended values for the 'checklimitdest' option. {"history": "ExplorerRun.0", "point": 1, "testname": "ECE4130_Project_4to1Mux_1", "cornername": "Nominal"}
[2024-11-20 13:06:18.597 -0500] [INFO] [cadence.virtuoso.ade.simulationMonitor] - Peak resident memory used = 174 Mbytes. {"history": "ExplorerRun.0", "point": 1, "testname": "ECE4130_Project_4to1Mux_1", "cornername": "Nominal"}
[2024-11-20 13:06:18.597 -0500] [INFO] [cadence.virtuoso.ade.simulationMonitor] - Notice from spectre during initial setup.
    Multithreading is disabled due to the size of the design being too small. {"history": "ExplorerRun.0", "point": 1, "testname": "ECE4130_Project_4to1Mux_1", "cornername": "Nominal"}
[2024-11-20 13:06:18.601 -0500] [INFO] [cadence.virtuoso.ade.simulationMonitor] -               nodes 14 {"history": "ExplorerRun.0", "point": 1, "testname": "ECE4130_Project_4to1Mux_1", "cornername": "Nominal"}
[2024-11-20 13:06:18.602 -0500] [INFO] [cadence.virtuoso.ade.simulationMonitor] - Notice from spectre during initial setup.
    Protected devices exist and are not included in the circuit inventory.
    2 vsources are shorted because their absolute value is less than or equal to 'vabsshort'.
    APS enabled. {"history": "ExplorerRun.0", "point": 1, "testname": "ECE4130_Project_4to1Mux_1", "cornername": "Nominal"}
[2024-11-20 13:06:18.602 -0500] [INFO] [cadence.virtuoso.ade.simulationMonitor] - Peak resident memory used = 178 Mbytes. {"history": "ExplorerRun.0", "point": 1, "testname": "ECE4130_Project_4to1Mux_1", "cornername": "Nominal"}
[2024-11-20 13:06:18.602 -0500] [INFO] [cadence.virtuoso.ade.simulationMonitor] -    -   (APS) Multi-threading. The recommended number of threads is 1, consider adding +mt=1 on command line. {"history": "ExplorerRun.0", "point": 1, "testname": "ECE4130_Project_4to1Mux_1", "cornername": "Nominal"}
[2024-11-20 13:06:18.602 -0500] [INFO] [cadence.virtuoso.ade.simulationMonitor] - Notice from spectre during transient analysis `tran'.
    Multithreading is disabled due to the size of the design being too small. {"history": "ExplorerRun.0", "point": 1, "testname": "ECE4130_Project_4to1Mux_1", "cornername": "Nominal"}
[2024-11-20 13:06:18.602 -0500] [INFO] [cadence.virtuoso.ade.simulationMonitor] - Notice from spectre at time = 555.361 ps during transient analysis `tran'.
    Found trapezoidal ringing on node _vvdd!:p. {"history": "ExplorerRun.0", "point": 1, "testname": "ECE4130_Project_4to1Mux_1", "cornername": "Nominal"}
[2024-11-20 13:06:18.602 -0500] [INFO] [cadence.virtuoso.ade.simulationMonitor] - Notice from spectre at time = 635.361 ps during transient analysis `tran'.
    Found trapezoidal ringing on node _vvdd!:p. {"history": "ExplorerRun.0", "point": 1, "testname": "ECE4130_Project_4to1Mux_1", "cornername": "Nominal"}
[2024-11-20 13:06:18.603 -0500] [INFO] [cadence.virtuoso.ade.simulationMonitor] - Notice from spectre at time = 715.361 ps during transient analysis `tran'.
    Found trapezoidal ringing on node _vvdd!:p. {"history": "ExplorerRun.0", "point": 1, "testname": "ECE4130_Project_4to1Mux_1", "cornername": "Nominal"}
[2024-11-20 13:06:18.603 -0500] [INFO] [cadence.virtuoso.ade.simulationMonitor] - Notice from spectre at time = 795.361 ps during transient analysis `tran'.
    Found trapezoidal ringing on node _vvdd!:p. {"history": "ExplorerRun.0", "point": 1, "testname": "ECE4130_Project_4to1Mux_1", "cornername": "Nominal"}
[2024-11-20 13:06:18.603 -0500] [INFO] [cadence.virtuoso.ade.simulationMonitor] - Notice from spectre at time = 875.361 ps during transient analysis `tran'.
    Found trapezoidal ringing on node _vvdd!:p.
        Further occurrences of this notice will be suppressed. {"history": "ExplorerRun.0", "point": 1, "testname": "ECE4130_Project_4to1Mux_1", "cornername": "Nominal"}
[2024-11-20 13:06:18.603 -0500] [INFO] [cadence.virtuoso.ade.simulationMonitor] - Notice from spectre during transient analysis `tran'.
    Trapezoidal ringing is detected during tran analysis.
        Please use method=trap for better results and performance. {"history": "ExplorerRun.0", "point": 1, "testname": "ECE4130_Project_4to1Mux_1", "cornername": "Nominal"}
[2024-11-20 13:06:18.604 -0500] [INFO] [cadence.virtuoso.ade.simulationMonitor] - Intrinsic tran analysis time:    CPU = 31.18 ms, elapsed = 40.5579 ms. {"history": "ExplorerRun.0", "point": 1, "testname": "ECE4130_Project_4to1Mux_1", "cornername": "Nominal"}
[2024-11-20 13:06:18.604 -0500] [INFO] [cadence.virtuoso.ade.simulationMonitor] - Total time required for tran analysis `tran': CPU = 34.356 ms, elapsed = 45.4609 ms, util. = 75.6%. {"history": "ExplorerRun.0", "point": 1, "testname": "ECE4130_Project_4to1Mux_1", "cornername": "Nominal"}
[2024-11-20 13:06:18.604 -0500] [INFO] [cadence.virtuoso.ade.simulationMonitor] - Peak resident memory used = 184 Mbytes. {"history": "ExplorerRun.0", "point": 1, "testname": "ECE4130_Project_4to1Mux_1", "cornername": "Nominal"}
[2024-11-20 13:06:18.604 -0500] [INFO] [cadence.virtuoso.ade.simulationMonitor] - Notice from spectre.
    31 notices suppressed. {"history": "ExplorerRun.0", "point": 1, "testname": "ECE4130_Project_4to1Mux_1", "cornername": "Nominal"}
[2024-11-20 13:06:18.605 -0500] [INFO] [cadence.virtuoso.ade.simulationMonitor] - Time used: CPU = 379 ms, elapsed = 541 ms, util. = 70%. {"history": "ExplorerRun.0", "point": 1, "testname": "ECE4130_Project_4to1Mux_1", "cornername": "Nominal"}
[2024-11-20 13:06:18.605 -0500] [INFO] [cadence.virtuoso.ade.simulationMonitor] - Time spent in licensing: elapsed = 52.6 ms, percentage of total = 9.71%. {"history": "ExplorerRun.0", "point": 1, "testname": "ECE4130_Project_4to1Mux_1", "cornername": "Nominal"}
[2024-11-20 13:06:18.606 -0500] [INFO] [cadence.virtuoso.ade.simulationMonitor] - Peak memory used = 186 Mbytes. {"history": "ExplorerRun.0", "point": 1, "testname": "ECE4130_Project_4to1Mux_1", "cornername": "Nominal"}
[2024-11-20 13:06:18.608 -0500] [PROCESS] [cadence.virtuoso.ade.simulationMonitor] - Simulation started at: 1:06:17 PM, Wed Nov 20, 2024, ended at: 1:06:18 PM, Wed Nov 20, 2024, with elapsed time (wall clock): 541 ms. {"history": "ExplorerRun.0", "point": 1, "testname": "ECE4130_Project_4to1Mux_1", "cornername": "Nominal"}
[2024-11-20 13:06:18.609 -0500] [PROCESS] [cadence.virtuoso.ade.simulationMonitor] - spectre completes with 0 errors, 0 warnings, and 14 notices. {"history": "ExplorerRun.0", "point": 1, "testname": "ECE4130_Project_4to1Mux_1", "cornername": "Nominal"}
[2024-11-20 13:06:18.609 -0500] [PROCESS] [cadence.virtuoso.ade.simulationMonitor] - Finished simulating for one point {"hostname": "ece-linlabsrv01.ece.gatech.edu", "processid": 3923623, "history": "ExplorerRun.0", "testname": "ECE4130_Project_4to1Mux_1", "cornername": "Nominal", "point": 1, "logfile": "/nethome/ccarpenter38/ECE4130_M/Project1/ECE6130_Updated/ECE6130_LAB/Cadence/logs_ccarpenter38/logs0/Job7.log", "simid": "1", "event": "finish", "category": "simulation"}
[2024-11-20 13:06:18.609 -0500] [PROCESS] [cadence.virtuoso.ade.simulationMonitor] - Simulator exited {"hostname": "ece-linlabsrv01.ece.gatech.edu", "processid": 3923623, "history": "ExplorerRun.0", "testname": "ECE4130_Project_4to1Mux_1", "cornername": "Nominal", "point": 1, "logfile": "/nethome/ccarpenter38/ECE4130_M/Project1/ECE6130_Updated/ECE6130_LAB/Cadence/logs_ccarpenter38/logs0/Job7.log", "exitStatus": "0"}
[2024-11-20 13:06:18.609 -0500] [PROCESS] [cadence.virtuoso.ade.simulationMonitor] - Finished Simulation {"hostname": "ece-linlabsrv01.ece.gatech.edu", "processid": 3923623, "history": "ExplorerRun.0", "testname": "ECE4130_Project_4to1Mux_1", "cornername": "Nominal", "point": 1, "logfile": "/nethome/ccarpenter38/ECE4130_M/Project1/ECE6130_Updated/ECE6130_LAB/Cadence/logs_ccarpenter38/logs0/Job7.log", "simid": "1", "event": "finish", "category": "obsolete"}
[2024-11-20 13:06:22.612 -0500] [PROCESS] [cadence.virtuoso.ade.simulationMonitor] - Point Finished {"hostname": "ece-linlabsrv01.ece.gatech.edu", "processid": 3923623, "history": "ExplorerRun.0", "testname": "ECE4130_Project_4to1Mux_1", "cornername": "Nominal", "point": 1, "logfile": "/nethome/ccarpenter38/ECE4130_M/Project1/ECE6130_Updated/ECE6130_LAB/Cadence/logs_ccarpenter38/logs0/Job7.log", "event": "finish", "category": "sim-eval"}
[2024-11-20 13:06:23.615 -0500] [PROCESS] [cadence.virtuoso.ade.simulationMonitor] - Stay with the runId '0', Linger time '300', currentRunSyn '1', currentTestSyn '2' {"hostname": "ece-linlabsrv01.ece.gatech.edu", "processid": 3923623, "history": "ExplorerRun.0", "testname": "ECE4130_Project_4to1Mux_1", "cornername": "Nominal", "point": 1, "logfile": "/nethome/ccarpenter38/ECE4130_M/Project1/ECE6130_Updated/ECE6130_LAB/Cadence/logs_ccarpenter38/logs0/Job7.log"}
[2024-11-20 13:06:24.615 -0500] [PROCESS] [cadence.virtuoso.ade.simulationMonitor] - Stay with the runId '0', Linger time '300', currentRunSyn '1', currentTestSyn '2' {"hostname": "ece-linlabsrv01.ece.gatech.edu", "processid": 3923623, "history": "ExplorerRun.0", "testname": "ECE4130_Project_4to1Mux_1", "cornername": "Nominal", "point": 1, "logfile": "/nethome/ccarpenter38/ECE4130_M/Project1/ECE6130_Updated/ECE6130_LAB/Cadence/logs_ccarpenter38/logs0/Job7.log"}
[2024-11-20 13:06:25.615 -0500] [PROCESS] [cadence.virtuoso.ade.simulationMonitor] - Stay with the runId '0', Linger time '300', currentRunSyn '1', currentTestSyn '2' {"hostname": "ece-linlabsrv01.ece.gatech.edu", "processid": 3923623, "history": "ExplorerRun.0", "testname": "ECE4130_Project_4to1Mux_1", "cornername": "Nominal", "point": 1, "logfile": "/nethome/ccarpenter38/ECE4130_M/Project1/ECE6130_Updated/ECE6130_LAB/Cadence/logs_ccarpenter38/logs0/Job7.log"}
[2024-11-20 13:06:26.616 -0500] [PROCESS] [cadence.virtuoso.ade.simulationMonitor] - Stay with the runId '0', Linger time '300', currentRunSyn '1', currentTestSyn '2' {"hostname": "ece-linlabsrv01.ece.gatech.edu", "processid": 3923623, "history": "ExplorerRun.0", "testname": "ECE4130_Project_4to1Mux_1", "cornername": "Nominal", "point": 1, "logfile": "/nethome/ccarpenter38/ECE4130_M/Project1/ECE6130_Updated/ECE6130_LAB/Cadence/logs_ccarpenter38/logs0/Job7.log"}
[2024-11-20 13:06:27.616 -0500] [PROCESS] [cadence.virtuoso.ade.simulationMonitor] - Stay with the runId '0', Linger time '300', currentRunSyn '1', currentTestSyn '2' {"hostname": "ece-linlabsrv01.ece.gatech.edu", "processid": 3923623, "history": "ExplorerRun.0", "testname": "ECE4130_Project_4to1Mux_1", "cornername": "Nominal", "point": 1, "logfile": "/nethome/ccarpenter38/ECE4130_M/Project1/ECE6130_Updated/ECE6130_LAB/Cadence/logs_ccarpenter38/logs0/Job7.log"}
[2024-11-20 13:06:28.617 -0500] [PROCESS] [cadence.virtuoso.ade.simulationMonitor] - Stay with the runId '0', Linger time '300', currentRunSyn '1', currentTestSyn '2' {"hostname": "ece-linlabsrv01.ece.gatech.edu", "processid": 3923623, "history": "ExplorerRun.0", "testname": "ECE4130_Project_4to1Mux_1", "cornername": "Nominal", "point": 1, "logfile": "/nethome/ccarpenter38/ECE4130_M/Project1/ECE6130_Updated/ECE6130_LAB/Cadence/logs_ccarpenter38/logs0/Job7.log"}
[2024-11-20 13:06:29.618 -0500] [PROCESS] [cadence.virtuoso.ade.simulationMonitor] - Stay with the runId '0', Linger time '300', currentRunSyn '1', currentTestSyn '2' {"hostname": "ece-linlabsrv01.ece.gatech.edu", "processid": 3923623, "history": "ExplorerRun.0", "testname": "ECE4130_Project_4to1Mux_1", "cornername": "Nominal", "point": 1, "logfile": "/nethome/ccarpenter38/ECE4130_M/Project1/ECE6130_Updated/ECE6130_LAB/Cadence/logs_ccarpenter38/logs0/Job7.log"}
[2024-11-20 13:06:30.618 -0500] [PROCESS] [cadence.virtuoso.ade.simulationMonitor] - Stay with the runId '0', Linger time '300', currentRunSyn '1', currentTestSyn '2' {"hostname": "ece-linlabsrv01.ece.gatech.edu", "processid": 3923623, "history": "ExplorerRun.0", "testname": "ECE4130_Project_4to1Mux_1", "cornername": "Nominal", "point": 1, "logfile": "/nethome/ccarpenter38/ECE4130_M/Project1/ECE6130_Updated/ECE6130_LAB/Cadence/logs_ccarpenter38/logs0/Job7.log"}
[2024-11-20 13:11:26.179 -0500] [PROCESS] [cadence.virtuoso.ade.simulationMonitor] - Current memory used: 83.5273 MBytes, peak memory used: 83.5273 MBytes {"hostname": "ece-linlabsrv01.ece.gatech.edu", "processid": 3923623, "history": "ExplorerRun.0", "testname": "ECE4130_Project_4to1Mux_1", "cornername": "Nominal", "point": 1, "logfile": "/nethome/ccarpenter38/ECE4130_M/Project1/ECE6130_Updated/ECE6130_LAB/Cadence/logs_ccarpenter38/logs0/Job7.log"}
[2024-11-20 13:11:26.180 -0500] [PROCESS] [cadence.virtuoso.ade.simulationMonitor] - Simulation Monitor process exits. {"hostname": "ece-linlabsrv01.ece.gatech.edu", "processid": 3923623, "history": "ExplorerRun.0", "testname": "ECE4130_Project_4to1Mux_1", "cornername": "Nominal", "point": 1, "logfile": "/nethome/ccarpenter38/ECE4130_M/Project1/ECE6130_Updated/ECE6130_LAB/Cadence/logs_ccarpenter38/logs0/Job7.log"}
