[Simulation Monitor: 9]
[2024-11-11 20:59:42.460 -0500] [PROCESS] [cadence.virtuoso.ade.simulationMonitor] - Started the simulation monitor process {"hostname": "ece-linlab15.ece.gatech.edu", "processid": 646542, "logfile": "/nethome/ccarpenter38/ECE4130_M/Project1/ECE6130_Updated/ECE6130_LAB/Cadence/logs_ccarpenter38/logs0/Job9.log", "simulation monitor command line": "/tools/software/cadence/ic/23.10.080/tools.lnx86/dfII/bin/64bit/spectreMonitor --davinciService DaVinciService_568918_1731367200 --axlsession fnxSession2 -lscs 000175E1894CBE06FF0966E38F1FFC06BC4D77F482089272CC286FA78410926AD0246DE5EE7DFC06867E66E38F1FFC06BC4D66E38F1FFC06BC4D01D139914A88DB7F00001E1D -beanhost ece-linlab15.ece.gatech.edu -beanport 11996 -beanLogFile /nethome/ccarpenter38/ECE4130_M/Project1/ECE6130_Updated/ECE6130_LAB/Cadence/logs_ccarpenter38/logs0/amps_Job9.log -beanbinlog  --domain 0 --interactive yes --netlistOpt no --useMultiPointEvaluation yes --exprEvalShowJobStderr yes --evalSimParallel no --maxSims 0 --historyName ExplorerRun.0 --historyUUID  --exprEvaluator vds --mcMapping mc1.mapping --checkLogStatusInterval 0 --checkSimulatorLogTimeout 1200 --exprEvalMaxTries 3 --maxNFSSyncWait 60 -adeBrokerAddress ece-linlab15.ece.gatech.edu:35237 --fromADE true --virtuosoBinary virtuoso --guiDisplay ece-linlab15.ece.gatech.edu:3 --globalStatus 60 --evaluateMultiMC yes --evalOnSimFail SkipFailedAnalyses --numRetriesOnError 1 --fenixMode explorer --lingertimeout 300 -ahdlLockTimeout 60 --sdbLib ECE4130_Project --sdbCell SRAMCircuit --sdbView maestro --heartBeatFileDir /dev/shm --id 9 --uuid 9c52c0e3-db7c-4bc3-b519-5afb4b61508b --log /nethome/ccarpenter38/ECE4130_M/Project1/ECE6130_Updated/ECE6130_LAB/Cadence/logs_ccarpenter38/logs0/Job9.log "}
[2024-11-11 20:59:42.460 -0500] [PROCESS] [cadence.virtuoso.ade.simulationMonitor] - Started the simulation monitor process {"hostname": "ece-linlab15.ece.gatech.edu", "processid": 646542, "logfile": "/nethome/ccarpenter38/ECE4130_M/Project1/ECE6130_Updated/ECE6130_LAB/Cadence/logs_ccarpenter38/logs0/Job9.log", "current directory": "/nethome/ccarpenter38/ECE4130_M/Project1/ECE6130_Updated/ECE6130_LAB/Cadence"}
[2024-11-11 20:59:42.460 -0500] [PROCESS] [cadence.virtuoso.ade.simulationMonitor] - Simulation Monitor has successfully started up. Trying to set up communication channels to other components ... {"hostname": "ece-linlab15.ece.gatech.edu", "processid": 646542, "logfile": "/nethome/ccarpenter38/ECE4130_M/Project1/ECE6130_Updated/ECE6130_LAB/Cadence/logs_ccarpenter38/logs0/Job9.log"}
[2024-11-11 20:59:42.463 -0500] [PROCESS] [cadence.virtuoso.ade.simulationMonitor] - Communication channels have been successfully set up. Start processing events ... {"hostname": "ece-linlab15.ece.gatech.edu", "processid": 646542, "logfile": "/nethome/ccarpenter38/ECE4130_M/Project1/ECE6130_Updated/ECE6130_LAB/Cadence/logs_ccarpenter38/logs0/Job9.log"}
[2024-11-11 20:59:42.463 -0500] [PROCESS] [cadence.virtuoso.ade.simulationMonitor] - Considering to start history {"hostname": "ece-linlab15.ece.gatech.edu", "processid": 646542, "history": "ExplorerRun.0", "logfile": "/nethome/ccarpenter38/ECE4130_M/Project1/ECE6130_Updated/ECE6130_LAB/Cadence/logs_ccarpenter38/logs0/Job9.log"}
[2024-11-11 20:59:42.465 -0500] [PROCESS] [cadence.virtuoso.ade.simulationMonitor] - HostInfo:
Host name (type):	ece-linlab15.ece.gatech.edu (x86_64)
Operating system:	Linux 4.18.0-553.22.1.el8_10.x86_64 #1 SMP Wed Sep 11 18:02:00 EDT 2024 {"hostname": "ece-linlab15.ece.gatech.edu", "processid": 646542, "history": "ExplorerRun.0", "logfile": "/nethome/ccarpenter38/ECE4130_M/Project1/ECE6130_Updated/ECE6130_LAB/Cadence/logs_ccarpenter38/logs0/Job9.log", "nodename": "ece-linlab15.ece.gatech.edu", "domainname": "(none)", "machine": "x86_64", "sysname": "Linux", "release": "4.18.0-553.22.1.el8_10.x86_64", "version": "#1 SMP Wed Sep 11 18:02:00 EDT 2024"}
[2024-11-11 20:59:42.465 -0500] [PROCESS] [cadence.virtuoso.ade.simulationMonitor] - UsageInfo:
pid=646542
totalPhysicalMemory=15.098820GB,Used=14.450787GB,totalVirtualMemory=22.837097GB,Used=15.210865GB
Cpu: Cores=8, Load average:0.630000,0.420000,0.590000 {"hostname": "ece-linlab15.ece.gatech.edu", "processid": 646542, "history": "ExplorerRun.0", "logfile": "/nethome/ccarpenter38/ECE4130_M/Project1/ECE6130_Updated/ECE6130_LAB/Cadence/logs_ccarpenter38/logs0/Job9.log", "pid": "646542", "totalPhysicalMemory": "15.098820", "physicalMemoryUsed": "14.450787", "totalVirtualMemory": "22.837097", "virtualMemoryUsed": "15.210865", "cpuCores": "8", "processes": "2242", "loadAverage1": "0.630000", "loadAverage5": "0.420000", "loadAverage15": "0.590000", "loadAverage1Percent": "0.078750"}
[2024-11-11 20:59:42.473 -0500] [EVENT] [cadence.virtuoso.ade.simulationMonitor] - NewPoint {"history": "ExplorerRun.0", "point": 1, "testname": "ECE4130_Project_SRAMCircuit_1", "cornername": "Nominal", "event": "NewPoint", "EventSource": "Simulation Monitor", "HistoryName": "ExplorerRun.0", "logFile": "/nethome/ccarpenter38/ECE4130_M/Project1/ECE6130_Updated/ECE6130_LAB/Cadence/logs_ccarpenter38/logs0/Job9.log", "logFileSize": "4685", "category": "simulation"}
[2024-11-11 20:59:42.574 -0500] [EVENT] [cadence.virtuoso.ade.simulationMonitor] - NewPoint {"history": "ExplorerRun.0", "point": 1, "testname": "ECE4130_Project_SRAMCircuit_1", "cornername": "Nominal", "event": "NewPoint", "EventSource": "spectre", "HistoryName": "ExplorerRun.0", "logFile": "/nethome/ccarpenter38/simulation/ECE4130_Project/SRAMCircuit/maestro/results/maestro/ExplorerRun.0/1/ECE4130_Project_SRAMCircuit_1/psf/spectre.out", "logFileSize": "-1", "category": "simulation"}
[2024-11-11 20:59:42.724 -0500] [PROCESS] [cadence.virtuoso.ade.simulationMonitor] - Simulator launched {"hostname": "ece-linlab15.ece.gatech.edu", "processid": 646542, "history": "ExplorerRun.0", "testname": "ECE4130_Project_SRAMCircuit_1", "cornername": "Nominal", "point": 1, "logfile": "/nethome/ccarpenter38/ECE4130_M/Project1/ECE6130_Updated/ECE6130_LAB/Cadence/logs_ccarpenter38/logs0/Job9.log", "simid": "1", "event": "launch", "category": "simulation"}
[2024-11-11 20:59:42.727 -0500] [PROCESS] [cadence.virtuoso.ade.simulationMonitor] - Expression evaluator launched {"hostname": "ece-linlab15.ece.gatech.edu", "processid": 646542, "history": "ExplorerRun.0", "testname": "ECE4130_Project_SRAMCircuit_1", "cornername": "Nominal", "point": 1, "logfile": "/nethome/ccarpenter38/ECE4130_M/Project1/ECE6130_Updated/ECE6130_LAB/Cadence/logs_ccarpenter38/logs0/Job9.log"}
[2024-11-11 20:59:42.781 -0500] [PROCESS] [cadence.virtuoso.ade.simulationMonitor] - Started Simulation {"hostname": "ece-linlab15.ece.gatech.edu", "processid": 646542, "history": "ExplorerRun.0", "testname": "ECE4130_Project_SRAMCircuit_1", "cornername": "Nominal", "point": 1, "logfile": "/nethome/ccarpenter38/ECE4130_M/Project1/ECE6130_Updated/ECE6130_LAB/Cadence/logs_ccarpenter38/logs0/Job9.log", "event": "start", "category": "simulation"}
[2024-11-11 20:59:43.781 -0500] [INFO] [cadence.virtuoso.ade.simulationMonitor] - Peak resident memory used = 150 Mbytes. {"history": "ExplorerRun.0", "point": 1, "testname": "ECE4130_Project_SRAMCircuit_1", "cornername": "Nominal"}
[2024-11-11 20:59:43.781 -0500] [INFO] [cadence.virtuoso.ade.simulationMonitor] - Peak resident memory used = 163 Mbytes. {"history": "ExplorerRun.0", "point": 1, "testname": "ECE4130_Project_SRAMCircuit_1", "cornername": "Nominal"}
[2024-11-11 20:59:43.781 -0500] [INFO] [cadence.virtuoso.ade.simulationMonitor] - Notice from spectre during hierarchy flattening.
    The value 'psf' specified for the 'checklimitdest' option will no longer be supported in future releases. Use 'spectre -h' to see other recommended values for the 'checklimitdest' option. {"history": "ExplorerRun.0", "point": 1, "testname": "ECE4130_Project_SRAMCircuit_1", "cornername": "Nominal"}
[2024-11-11 20:59:43.781 -0500] [INFO] [cadence.virtuoso.ade.simulationMonitor] - Peak resident memory used = 174 Mbytes. {"history": "ExplorerRun.0", "point": 1, "testname": "ECE4130_Project_SRAMCircuit_1", "cornername": "Nominal"}
[2024-11-11 20:59:43.787 -0500] [INFO] [cadence.virtuoso.ade.simulationMonitor] -               nodes 1535 {"history": "ExplorerRun.0", "point": 1, "testname": "ECE4130_Project_SRAMCircuit_1", "cornername": "Nominal"}
[2024-11-11 20:59:43.787 -0500] [INFO] [cadence.virtuoso.ade.simulationMonitor] - Notice from spectre during initial setup.
    Protected devices exist and are not included in the circuit inventory.
    6 vsources are shorted because their absolute value is less than or equal to 'vabsshort'.
    APS enabled. {"history": "ExplorerRun.0", "point": 1, "testname": "ECE4130_Project_SRAMCircuit_1", "cornername": "Nominal"}
[2024-11-11 20:59:44.290 -0500] [INFO] [cadence.virtuoso.ade.simulationMonitor] - Notice from spectre.
    Multithreading enabled: 8 threads in the system with 8 available processors. {"history": "ExplorerRun.0", "point": 1, "testname": "ECE4130_Project_SRAMCircuit_1", "cornername": "Nominal"}
[2024-11-11 20:59:44.290 -0500] [INFO] [cadence.virtuoso.ade.simulationMonitor] - Peak resident memory used = 213 Mbytes. {"history": "ExplorerRun.0", "point": 1, "testname": "ECE4130_Project_SRAMCircuit_1", "cornername": "Nominal"}
[2024-11-11 20:59:44.296 -0500] [INFO] [cadence.virtuoso.ade.simulationMonitor] -    -   (APS) Multi-threading. The recommended number of threads is 8, consider adding +mt=8 on command line. {"history": "ExplorerRun.0", "point": 1, "testname": "ECE4130_Project_SRAMCircuit_1", "cornername": "Nominal"}
[2024-11-11 20:59:48.801 -0500] [INFO] [cadence.virtuoso.ade.simulationMonitor] - Intrinsic tran analysis time:    CPU = 28.6692 s, elapsed = 4.39872 s. {"history": "ExplorerRun.0", "point": 1, "testname": "ECE4130_Project_SRAMCircuit_1", "cornername": "Nominal"}
[2024-11-11 20:59:48.801 -0500] [INFO] [cadence.virtuoso.ade.simulationMonitor] - Total time required for tran analysis `tran': CPU = 28.981 s, elapsed = 4.51226 s, util. = 642%. {"history": "ExplorerRun.0", "point": 1, "testname": "ECE4130_Project_SRAMCircuit_1", "cornername": "Nominal"}
[2024-11-11 20:59:48.801 -0500] [INFO] [cadence.virtuoso.ade.simulationMonitor] - Peak resident memory used = 336 Mbytes. {"history": "ExplorerRun.0", "point": 1, "testname": "ECE4130_Project_SRAMCircuit_1", "cornername": "Nominal"}
[2024-11-11 20:59:49.510 -0500] [INFO] [cadence.virtuoso.ade.simulationMonitor] - Time used: CPU = 32.6 s, elapsed = 5.83 s, util. = 559%. {"history": "ExplorerRun.0", "point": 1, "testname": "ECE4130_Project_SRAMCircuit_1", "cornername": "Nominal"}
[2024-11-11 20:59:49.510 -0500] [INFO] [cadence.virtuoso.ade.simulationMonitor] - Time spent in licensing: elapsed = 65.6 ms. {"history": "ExplorerRun.0", "point": 1, "testname": "ECE4130_Project_SRAMCircuit_1", "cornername": "Nominal"}
[2024-11-11 20:59:49.512 -0500] [INFO] [cadence.virtuoso.ade.simulationMonitor] - Peak memory used = 337 Mbytes. {"history": "ExplorerRun.0", "point": 1, "testname": "ECE4130_Project_SRAMCircuit_1", "cornername": "Nominal"}
[2024-11-11 20:59:49.515 -0500] [PROCESS] [cadence.virtuoso.ade.simulationMonitor] - Simulation started at: 8:59:42 PM, Mon Nov 11, 2024, ended at: 8:59:48 PM, Mon Nov 11, 2024, with elapsed time (wall clock): 5.83 s. {"history": "ExplorerRun.0", "point": 1, "testname": "ECE4130_Project_SRAMCircuit_1", "cornername": "Nominal"}
[2024-11-11 20:59:49.515 -0500] [PROCESS] [cadence.virtuoso.ade.simulationMonitor] - spectre completes with 0 errors, 0 warnings, and 6 notices. {"history": "ExplorerRun.0", "point": 1, "testname": "ECE4130_Project_SRAMCircuit_1", "cornername": "Nominal"}
[2024-11-11 20:59:49.515 -0500] [PROCESS] [cadence.virtuoso.ade.simulationMonitor] - Finished simulating for one point {"hostname": "ece-linlab15.ece.gatech.edu", "processid": 646542, "history": "ExplorerRun.0", "testname": "ECE4130_Project_SRAMCircuit_1", "cornername": "Nominal", "point": 1, "logfile": "/nethome/ccarpenter38/ECE4130_M/Project1/ECE6130_Updated/ECE6130_LAB/Cadence/logs_ccarpenter38/logs0/Job9.log", "simid": "1", "event": "finish", "category": "simulation"}
[2024-11-11 20:59:49.515 -0500] [PROCESS] [cadence.virtuoso.ade.simulationMonitor] - Simulator exited {"hostname": "ece-linlab15.ece.gatech.edu", "processid": 646542, "history": "ExplorerRun.0", "testname": "ECE4130_Project_SRAMCircuit_1", "cornername": "Nominal", "point": 1, "logfile": "/nethome/ccarpenter38/ECE4130_M/Project1/ECE6130_Updated/ECE6130_LAB/Cadence/logs_ccarpenter38/logs0/Job9.log", "exitStatus": "0"}
[2024-11-11 20:59:49.515 -0500] [PROCESS] [cadence.virtuoso.ade.simulationMonitor] - Finished Simulation {"hostname": "ece-linlab15.ece.gatech.edu", "processid": 646542, "history": "ExplorerRun.0", "testname": "ECE4130_Project_SRAMCircuit_1", "cornername": "Nominal", "point": 1, "logfile": "/nethome/ccarpenter38/ECE4130_M/Project1/ECE6130_Updated/ECE6130_LAB/Cadence/logs_ccarpenter38/logs0/Job9.log", "simid": "1", "event": "finish", "category": "obsolete"}
[2024-11-11 20:59:50.517 -0500] [PROCESS] [cadence.virtuoso.ade.simulationMonitor] - Point Finished {"hostname": "ece-linlab15.ece.gatech.edu", "processid": 646542, "history": "ExplorerRun.0", "testname": "ECE4130_Project_SRAMCircuit_1", "cornername": "Nominal", "point": 1, "logfile": "/nethome/ccarpenter38/ECE4130_M/Project1/ECE6130_Updated/ECE6130_LAB/Cadence/logs_ccarpenter38/logs0/Job9.log", "event": "finish", "category": "sim-eval"}
[2024-11-11 20:59:51.519 -0500] [PROCESS] [cadence.virtuoso.ade.simulationMonitor] - Stay with the runId '42', Linger time '300', currentRunSyn '85', currentTestSyn '86' {"hostname": "ece-linlab15.ece.gatech.edu", "processid": 646542, "history": "ExplorerRun.0", "testname": "ECE4130_Project_SRAMCircuit_1", "cornername": "Nominal", "point": 1, "logfile": "/nethome/ccarpenter38/ECE4130_M/Project1/ECE6130_Updated/ECE6130_LAB/Cadence/logs_ccarpenter38/logs0/Job9.log"}
[2024-11-11 21:00:29.500 -0500] [INFO] [cadence.virtuoso.ade.simulationMonitor] - SimulationMonitor has terminated the vds process '646599', reason: 'Force to stop the expression evalutor process because of new run' {"history": "ExplorerRun.0", "point": 1, "testname": "ECE4130_Project_SRAMCircuit_1", "cornername": "Nominal"}
[2024-11-11 21:00:29.502 -0500] [PROCESS] [cadence.virtuoso.ade.simulationMonitor] - HostInfo:
Host name (type):	ece-linlab15.ece.gatech.edu (x86_64)
Operating system:	Linux 4.18.0-553.22.1.el8_10.x86_64 #1 SMP Wed Sep 11 18:02:00 EDT 2024 {"hostname": "ece-linlab15.ece.gatech.edu", "processid": 646542, "history": "ExplorerRun.0", "testname": "ECE4130_Project_SRAMCircuit_1", "cornername": "Nominal", "point": 1, "logfile": "/nethome/ccarpenter38/ECE4130_M/Project1/ECE6130_Updated/ECE6130_LAB/Cadence/logs_ccarpenter38/logs0/Job9.log", "nodename": "ece-linlab15.ece.gatech.edu", "domainname": "(none)", "machine": "x86_64", "sysname": "Linux", "release": "4.18.0-553.22.1.el8_10.x86_64", "version": "#1 SMP Wed Sep 11 18:02:00 EDT 2024"}
[2024-11-11 21:00:29.502 -0500] [PROCESS] [cadence.virtuoso.ade.simulationMonitor] - UsageInfo:
pid=646542
totalPhysicalMemory=15.098820GB,Used=14.446262GB,totalVirtualMemory=22.837097GB,Used=15.206341GB
Cpu: Cores=8, Load average:0.770000,0.500000,0.600000 {"hostname": "ece-linlab15.ece.gatech.edu", "processid": 646542, "history": "ExplorerRun.0", "testname": "ECE4130_Project_SRAMCircuit_1", "cornername": "Nominal", "point": 1, "logfile": "/nethome/ccarpenter38/ECE4130_M/Project1/ECE6130_Updated/ECE6130_LAB/Cadence/logs_ccarpenter38/logs0/Job9.log", "pid": "646542", "totalPhysicalMemory": "15.098820", "physicalMemoryUsed": "14.446262", "totalVirtualMemory": "22.837097", "virtualMemoryUsed": "15.206341", "cpuCores": "8", "processes": "2211", "loadAverage1": "0.770000", "loadAverage5": "0.500000", "loadAverage15": "0.600000", "loadAverage1Percent": "0.096250"}
[2024-11-11 21:00:29.507 -0500] [EVENT] [cadence.virtuoso.ade.simulationMonitor] - NewPoint {"history": "ExplorerRun.0", "point": 1, "testname": "ECE4130_Project_SRAMCircuit_1", "cornername": "Nominal", "event": "NewPoint", "EventSource": "Simulation Monitor", "HistoryName": "ExplorerRun.0", "logFile": "/nethome/ccarpenter38/ECE4130_M/Project1/ECE6130_Updated/ECE6130_LAB/Cadence/logs_ccarpenter38/logs0/Job9.log", "logFileSize": "15858", "category": "simulation"}
[2024-11-11 21:00:29.609 -0500] [EVENT] [cadence.virtuoso.ade.simulationMonitor] - NewPoint {"history": "ExplorerRun.0", "point": 1, "testname": "ECE4130_Project_SRAMCircuit_1", "cornername": "Nominal", "event": "NewPoint", "EventSource": "spectre", "HistoryName": "ExplorerRun.0", "logFile": "/nethome/ccarpenter38/simulation/ECE4130_Project/SRAMCircuit/maestro/results/maestro/ExplorerRun.0/1/ECE4130_Project_SRAMCircuit_1/psf/spectre.out", "logFileSize": "-1", "category": "simulation"}
[2024-11-11 21:00:29.730 -0500] [PROCESS] [cadence.virtuoso.ade.simulationMonitor] - Simulator launched {"hostname": "ece-linlab15.ece.gatech.edu", "processid": 646542, "history": "ExplorerRun.0", "testname": "ECE4130_Project_SRAMCircuit_1", "cornername": "Nominal", "point": 1, "logfile": "/nethome/ccarpenter38/ECE4130_M/Project1/ECE6130_Updated/ECE6130_LAB/Cadence/logs_ccarpenter38/logs0/Job9.log", "simid": "2", "event": "launch", "category": "simulation"}
[2024-11-11 21:00:29.733 -0500] [PROCESS] [cadence.virtuoso.ade.simulationMonitor] - Expression evaluator launched {"hostname": "ece-linlab15.ece.gatech.edu", "processid": 646542, "history": "ExplorerRun.0", "testname": "ECE4130_Project_SRAMCircuit_1", "cornername": "Nominal", "point": 1, "logfile": "/nethome/ccarpenter38/ECE4130_M/Project1/ECE6130_Updated/ECE6130_LAB/Cadence/logs_ccarpenter38/logs0/Job9.log"}
[2024-11-11 21:00:29.784 -0500] [PROCESS] [cadence.virtuoso.ade.simulationMonitor] - Started Simulation {"hostname": "ece-linlab15.ece.gatech.edu", "processid": 646542, "history": "ExplorerRun.0", "testname": "ECE4130_Project_SRAMCircuit_1", "cornername": "Nominal", "point": 1, "logfile": "/nethome/ccarpenter38/ECE4130_M/Project1/ECE6130_Updated/ECE6130_LAB/Cadence/logs_ccarpenter38/logs0/Job9.log", "event": "start", "category": "simulation"}
[2024-11-11 21:00:30.284 -0500] [INFO] [cadence.virtuoso.ade.simulationMonitor] - Peak resident memory used = 151 Mbytes. {"history": "ExplorerRun.0", "point": 1, "testname": "ECE4130_Project_SRAMCircuit_1", "cornername": "Nominal"}
[2024-11-11 21:00:30.284 -0500] [INFO] [cadence.virtuoso.ade.simulationMonitor] - Peak resident memory used = 164 Mbytes. {"history": "ExplorerRun.0", "point": 1, "testname": "ECE4130_Project_SRAMCircuit_1", "cornername": "Nominal"}
[2024-11-11 21:00:30.284 -0500] [INFO] [cadence.virtuoso.ade.simulationMonitor] - Notice from spectre during hierarchy flattening.
    The value 'psf' specified for the 'checklimitdest' option will no longer be supported in future releases. Use 'spectre -h' to see other recommended values for the 'checklimitdest' option. {"history": "ExplorerRun.0", "point": 1, "testname": "ECE4130_Project_SRAMCircuit_1", "cornername": "Nominal"}
[2024-11-11 21:00:30.284 -0500] [INFO] [cadence.virtuoso.ade.simulationMonitor] - Peak resident memory used = 175 Mbytes. {"history": "ExplorerRun.0", "point": 1, "testname": "ECE4130_Project_SRAMCircuit_1", "cornername": "Nominal"}
[2024-11-11 21:00:30.793 -0500] [INFO] [cadence.virtuoso.ade.simulationMonitor] -               nodes 1535 {"history": "ExplorerRun.0", "point": 1, "testname": "ECE4130_Project_SRAMCircuit_1", "cornername": "Nominal"}
[2024-11-11 21:00:30.794 -0500] [INFO] [cadence.virtuoso.ade.simulationMonitor] - Notice from spectre during initial setup.
    Protected devices exist and are not included in the circuit inventory.
    6 vsources are shorted because their absolute value is less than or equal to 'vabsshort'.
    APS enabled. {"history": "ExplorerRun.0", "point": 1, "testname": "ECE4130_Project_SRAMCircuit_1", "cornername": "Nominal"}
[2024-11-11 21:00:30.794 -0500] [INFO] [cadence.virtuoso.ade.simulationMonitor] - Notice from spectre.
    Multithreading enabled: 8 threads in the system with 8 available processors. {"history": "ExplorerRun.0", "point": 1, "testname": "ECE4130_Project_SRAMCircuit_1", "cornername": "Nominal"}
[2024-11-11 21:00:30.794 -0500] [INFO] [cadence.virtuoso.ade.simulationMonitor] - Peak resident memory used = 213 Mbytes. {"history": "ExplorerRun.0", "point": 1, "testname": "ECE4130_Project_SRAMCircuit_1", "cornername": "Nominal"}
[2024-11-11 21:00:30.795 -0500] [INFO] [cadence.virtuoso.ade.simulationMonitor] -    -   (APS) Multi-threading. The recommended number of threads is 8, consider adding +mt=8 on command line. {"history": "ExplorerRun.0", "point": 1, "testname": "ECE4130_Project_SRAMCircuit_1", "cornername": "Nominal"}
[2024-11-11 21:00:35.308 -0500] [INFO] [cadence.virtuoso.ade.simulationMonitor] - Intrinsic tran analysis time:    CPU = 28.8926 s, elapsed = 4.59525 s. {"history": "ExplorerRun.0", "point": 1, "testname": "ECE4130_Project_SRAMCircuit_1", "cornername": "Nominal"}
[2024-11-11 21:00:35.808 -0500] [INFO] [cadence.virtuoso.ade.simulationMonitor] - Total time required for tran analysis `tran': CPU = 29.2207 s, elapsed = 4.72109 s, util. = 619%. {"history": "ExplorerRun.0", "point": 1, "testname": "ECE4130_Project_SRAMCircuit_1", "cornername": "Nominal"}
[2024-11-11 21:00:35.808 -0500] [INFO] [cadence.virtuoso.ade.simulationMonitor] - Peak resident memory used = 337 Mbytes. {"history": "ExplorerRun.0", "point": 1, "testname": "ECE4130_Project_SRAMCircuit_1", "cornername": "Nominal"}
[2024-11-11 21:00:35.810 -0500] [INFO] [cadence.virtuoso.ade.simulationMonitor] - Time used: CPU = 32.8 s, elapsed = 5.68 s, util. = 578%. {"history": "ExplorerRun.0", "point": 1, "testname": "ECE4130_Project_SRAMCircuit_1", "cornername": "Nominal"}
[2024-11-11 21:00:35.810 -0500] [INFO] [cadence.virtuoso.ade.simulationMonitor] - Time spent in licensing: elapsed = 68 ms. {"history": "ExplorerRun.0", "point": 1, "testname": "ECE4130_Project_SRAMCircuit_1", "cornername": "Nominal"}
[2024-11-11 21:00:35.812 -0500] [INFO] [cadence.virtuoso.ade.simulationMonitor] - Peak memory used = 337 Mbytes. {"history": "ExplorerRun.0", "point": 1, "testname": "ECE4130_Project_SRAMCircuit_1", "cornername": "Nominal"}
[2024-11-11 21:00:35.815 -0500] [PROCESS] [cadence.virtuoso.ade.simulationMonitor] - Simulation started at: 9:00:29 PM, Mon Nov 11, 2024, ended at: 9:00:35 PM, Mon Nov 11, 2024, with elapsed time (wall clock): 5.68 s. {"history": "ExplorerRun.0", "point": 1, "testname": "ECE4130_Project_SRAMCircuit_1", "cornername": "Nominal"}
[2024-11-11 21:00:35.815 -0500] [PROCESS] [cadence.virtuoso.ade.simulationMonitor] - spectre completes with 0 errors, 0 warnings, and 6 notices. {"history": "ExplorerRun.0", "point": 1, "testname": "ECE4130_Project_SRAMCircuit_1", "cornername": "Nominal"}
[2024-11-11 21:00:35.815 -0500] [PROCESS] [cadence.virtuoso.ade.simulationMonitor] - Finished simulating for one point {"hostname": "ece-linlab15.ece.gatech.edu", "processid": 646542, "history": "ExplorerRun.0", "testname": "ECE4130_Project_SRAMCircuit_1", "cornername": "Nominal", "point": 1, "logfile": "/nethome/ccarpenter38/ECE4130_M/Project1/ECE6130_Updated/ECE6130_LAB/Cadence/logs_ccarpenter38/logs0/Job9.log", "simid": "2", "event": "finish", "category": "simulation"}
[2024-11-11 21:00:35.815 -0500] [PROCESS] [cadence.virtuoso.ade.simulationMonitor] - Simulator exited {"hostname": "ece-linlab15.ece.gatech.edu", "processid": 646542, "history": "ExplorerRun.0", "testname": "ECE4130_Project_SRAMCircuit_1", "cornername": "Nominal", "point": 1, "logfile": "/nethome/ccarpenter38/ECE4130_M/Project1/ECE6130_Updated/ECE6130_LAB/Cadence/logs_ccarpenter38/logs0/Job9.log", "exitStatus": "0"}
[2024-11-11 21:00:35.815 -0500] [PROCESS] [cadence.virtuoso.ade.simulationMonitor] - Finished Simulation {"hostname": "ece-linlab15.ece.gatech.edu", "processid": 646542, "history": "ExplorerRun.0", "testname": "ECE4130_Project_SRAMCircuit_1", "cornername": "Nominal", "point": 1, "logfile": "/nethome/ccarpenter38/ECE4130_M/Project1/ECE6130_Updated/ECE6130_LAB/Cadence/logs_ccarpenter38/logs0/Job9.log", "simid": "2", "event": "finish", "category": "obsolete"}
[2024-11-11 21:00:36.818 -0500] [PROCESS] [cadence.virtuoso.ade.simulationMonitor] - Point Finished {"hostname": "ece-linlab15.ece.gatech.edu", "processid": 646542, "history": "ExplorerRun.0", "testname": "ECE4130_Project_SRAMCircuit_1", "cornername": "Nominal", "point": 1, "logfile": "/nethome/ccarpenter38/ECE4130_M/Project1/ECE6130_Updated/ECE6130_LAB/Cadence/logs_ccarpenter38/logs0/Job9.log", "event": "finish", "category": "sim-eval"}
[2024-11-11 21:00:37.819 -0500] [PROCESS] [cadence.virtuoso.ade.simulationMonitor] - Stay with the runId '43', Linger time '300', currentRunSyn '87', currentTestSyn '88' {"hostname": "ece-linlab15.ece.gatech.edu", "processid": 646542, "history": "ExplorerRun.0", "testname": "ECE4130_Project_SRAMCircuit_1", "cornername": "Nominal", "point": 1, "logfile": "/nethome/ccarpenter38/ECE4130_M/Project1/ECE6130_Updated/ECE6130_LAB/Cadence/logs_ccarpenter38/logs0/Job9.log"}
[2024-11-11 21:00:38.820 -0500] [PROCESS] [cadence.virtuoso.ade.simulationMonitor] - Stay with the runId '43', Linger time '300', currentRunSyn '87', currentTestSyn '88' {"hostname": "ece-linlab15.ece.gatech.edu", "processid": 646542, "history": "ExplorerRun.0", "testname": "ECE4130_Project_SRAMCircuit_1", "cornername": "Nominal", "point": 1, "logfile": "/nethome/ccarpenter38/ECE4130_M/Project1/ECE6130_Updated/ECE6130_LAB/Cadence/logs_ccarpenter38/logs0/Job9.log"}
[2024-11-11 21:02:48.483 -0500] [INFO] [cadence.virtuoso.ade.simulationMonitor] - SimulationMonitor has terminated the vds process '647216', reason: 'Force to stop the expression evalutor process because of new run' {"history": "ExplorerRun.0", "point": 1, "testname": "ECE4130_Project_SRAMCircuit_1", "cornername": "Nominal"}
[2024-11-11 21:02:48.485 -0500] [PROCESS] [cadence.virtuoso.ade.simulationMonitor] - HostInfo:
Host name (type):	ece-linlab15.ece.gatech.edu (x86_64)
Operating system:	Linux 4.18.0-553.22.1.el8_10.x86_64 #1 SMP Wed Sep 11 18:02:00 EDT 2024 {"hostname": "ece-linlab15.ece.gatech.edu", "processid": 646542, "history": "ExplorerRun.0", "testname": "ECE4130_Project_SRAMCircuit_1", "cornername": "Nominal", "point": 1, "logfile": "/nethome/ccarpenter38/ECE4130_M/Project1/ECE6130_Updated/ECE6130_LAB/Cadence/logs_ccarpenter38/logs0/Job9.log", "nodename": "ece-linlab15.ece.gatech.edu", "domainname": "(none)", "machine": "x86_64", "sysname": "Linux", "release": "4.18.0-553.22.1.el8_10.x86_64", "version": "#1 SMP Wed Sep 11 18:02:00 EDT 2024"}
[2024-11-11 21:02:48.485 -0500] [PROCESS] [cadence.virtuoso.ade.simulationMonitor] - UsageInfo:
pid=646542
totalPhysicalMemory=15.098820GB,Used=14.455795GB,totalVirtualMemory=22.837097GB,Used=15.215874GB
Cpu: Cores=8, Load average:0.770000,0.670000,0.660000 {"hostname": "ece-linlab15.ece.gatech.edu", "processid": 646542, "history": "ExplorerRun.0", "testname": "ECE4130_Project_SRAMCircuit_1", "cornername": "Nominal", "point": 1, "logfile": "/nethome/ccarpenter38/ECE4130_M/Project1/ECE6130_Updated/ECE6130_LAB/Cadence/logs_ccarpenter38/logs0/Job9.log", "pid": "646542", "totalPhysicalMemory": "15.098820", "physicalMemoryUsed": "14.455795", "totalVirtualMemory": "22.837097", "virtualMemoryUsed": "15.215874", "cpuCores": "8", "processes": "2219", "loadAverage1": "0.770000", "loadAverage5": "0.670000", "loadAverage15": "0.660000", "loadAverage1Percent": "0.096250"}
[2024-11-11 21:02:48.490 -0500] [EVENT] [cadence.virtuoso.ade.simulationMonitor] - NewPoint {"history": "ExplorerRun.0", "point": 1, "testname": "ECE4130_Project_SRAMCircuit_1", "cornername": "Nominal", "event": "NewPoint", "EventSource": "Simulation Monitor", "HistoryName": "ExplorerRun.0", "logFile": "/nethome/ccarpenter38/ECE4130_M/Project1/ECE6130_Updated/ECE6130_LAB/Cadence/logs_ccarpenter38/logs0/Job9.log", "logFileSize": "27500", "category": "simulation"}
[2024-11-11 21:02:48.592 -0500] [EVENT] [cadence.virtuoso.ade.simulationMonitor] - NewPoint {"history": "ExplorerRun.0", "point": 1, "testname": "ECE4130_Project_SRAMCircuit_1", "cornername": "Nominal", "event": "NewPoint", "EventSource": "spectre", "HistoryName": "ExplorerRun.0", "logFile": "/nethome/ccarpenter38/simulation/ECE4130_Project/SRAMCircuit/maestro/results/maestro/ExplorerRun.0/1/ECE4130_Project_SRAMCircuit_1/psf/spectre.out", "logFileSize": "-1", "category": "simulation"}
[2024-11-11 21:02:48.729 -0500] [PROCESS] [cadence.virtuoso.ade.simulationMonitor] - Simulator launched {"hostname": "ece-linlab15.ece.gatech.edu", "processid": 646542, "history": "ExplorerRun.0", "testname": "ECE4130_Project_SRAMCircuit_1", "cornername": "Nominal", "point": 1, "logfile": "/nethome/ccarpenter38/ECE4130_M/Project1/ECE6130_Updated/ECE6130_LAB/Cadence/logs_ccarpenter38/logs0/Job9.log", "simid": "3", "event": "launch", "category": "simulation"}
[2024-11-11 21:02:48.733 -0500] [PROCESS] [cadence.virtuoso.ade.simulationMonitor] - Expression evaluator launched {"hostname": "ece-linlab15.ece.gatech.edu", "processid": 646542, "history": "ExplorerRun.0", "testname": "ECE4130_Project_SRAMCircuit_1", "cornername": "Nominal", "point": 1, "logfile": "/nethome/ccarpenter38/ECE4130_M/Project1/ECE6130_Updated/ECE6130_LAB/Cadence/logs_ccarpenter38/logs0/Job9.log"}
[2024-11-11 21:02:48.783 -0500] [PROCESS] [cadence.virtuoso.ade.simulationMonitor] - Started Simulation {"hostname": "ece-linlab15.ece.gatech.edu", "processid": 646542, "history": "ExplorerRun.0", "testname": "ECE4130_Project_SRAMCircuit_1", "cornername": "Nominal", "point": 1, "logfile": "/nethome/ccarpenter38/ECE4130_M/Project1/ECE6130_Updated/ECE6130_LAB/Cadence/logs_ccarpenter38/logs0/Job9.log", "event": "start", "category": "simulation"}
[2024-11-11 21:02:49.283 -0500] [INFO] [cadence.virtuoso.ade.simulationMonitor] - Peak resident memory used = 150 Mbytes. {"history": "ExplorerRun.0", "point": 1, "testname": "ECE4130_Project_SRAMCircuit_1", "cornername": "Nominal"}
[2024-11-11 21:02:49.283 -0500] [INFO] [cadence.virtuoso.ade.simulationMonitor] - Peak resident memory used = 163 Mbytes. {"history": "ExplorerRun.0", "point": 1, "testname": "ECE4130_Project_SRAMCircuit_1", "cornername": "Nominal"}
[2024-11-11 21:02:49.283 -0500] [INFO] [cadence.virtuoso.ade.simulationMonitor] - Notice from spectre during hierarchy flattening.
    The value 'psf' specified for the 'checklimitdest' option will no longer be supported in future releases. Use 'spectre -h' to see other recommended values for the 'checklimitdest' option. {"history": "ExplorerRun.0", "point": 1, "testname": "ECE4130_Project_SRAMCircuit_1", "cornername": "Nominal"}
[2024-11-11 21:02:49.283 -0500] [INFO] [cadence.virtuoso.ade.simulationMonitor] - Peak resident memory used = 174 Mbytes. {"history": "ExplorerRun.0", "point": 1, "testname": "ECE4130_Project_SRAMCircuit_1", "cornername": "Nominal"}
[2024-11-11 21:02:49.794 -0500] [INFO] [cadence.virtuoso.ade.simulationMonitor] -               nodes 1535 {"history": "ExplorerRun.0", "point": 1, "testname": "ECE4130_Project_SRAMCircuit_1", "cornername": "Nominal"}
[2024-11-11 21:02:49.794 -0500] [INFO] [cadence.virtuoso.ade.simulationMonitor] - Notice from spectre during initial setup.
    Protected devices exist and are not included in the circuit inventory.
    4 vsources are shorted because their absolute value is less than or equal to 'vabsshort'.
    APS enabled. {"history": "ExplorerRun.0", "point": 1, "testname": "ECE4130_Project_SRAMCircuit_1", "cornername": "Nominal"}
[2024-11-11 21:02:49.796 -0500] [INFO] [cadence.virtuoso.ade.simulationMonitor] - Notice from spectre.
    Multithreading enabled: 8 threads in the system with 8 available processors. {"history": "ExplorerRun.0", "point": 1, "testname": "ECE4130_Project_SRAMCircuit_1", "cornername": "Nominal"}
[2024-11-11 21:02:49.796 -0500] [INFO] [cadence.virtuoso.ade.simulationMonitor] - Peak resident memory used = 213 Mbytes. {"history": "ExplorerRun.0", "point": 1, "testname": "ECE4130_Project_SRAMCircuit_1", "cornername": "Nominal"}
[2024-11-11 21:02:49.798 -0500] [INFO] [cadence.virtuoso.ade.simulationMonitor] -    -   (APS) Multi-threading. The recommended number of threads is 8, consider adding +mt=8 on command line. {"history": "ExplorerRun.0", "point": 1, "testname": "ECE4130_Project_SRAMCircuit_1", "cornername": "Nominal"}
[2024-11-11 21:02:55.331 -0500] [INFO] [cadence.virtuoso.ade.simulationMonitor] - Intrinsic tran analysis time:    CPU = 36.2555 s, elapsed = 5.43967 s. {"history": "ExplorerRun.0", "point": 1, "testname": "ECE4130_Project_SRAMCircuit_1", "cornername": "Nominal"}
[2024-11-11 21:02:55.831 -0500] [INFO] [cadence.virtuoso.ade.simulationMonitor] - Total time required for tran analysis `tran': CPU = 36.7051 s, elapsed = 5.5932 s, util. = 656%. {"history": "ExplorerRun.0", "point": 1, "testname": "ECE4130_Project_SRAMCircuit_1", "cornername": "Nominal"}
[2024-11-11 21:02:55.831 -0500] [INFO] [cadence.virtuoso.ade.simulationMonitor] - Peak resident memory used = 336 Mbytes. {"history": "ExplorerRun.0", "point": 1, "testname": "ECE4130_Project_SRAMCircuit_1", "cornername": "Nominal"}
[2024-11-11 21:02:55.833 -0500] [INFO] [cadence.virtuoso.ade.simulationMonitor] - Time used: CPU = 40.6 s, elapsed = 6.6 s, util. = 615%. {"history": "ExplorerRun.0", "point": 1, "testname": "ECE4130_Project_SRAMCircuit_1", "cornername": "Nominal"}
[2024-11-11 21:02:55.833 -0500] [INFO] [cadence.virtuoso.ade.simulationMonitor] - Time spent in licensing: elapsed = 69 ms. {"history": "ExplorerRun.0", "point": 1, "testname": "ECE4130_Project_SRAMCircuit_1", "cornername": "Nominal"}
[2024-11-11 21:02:55.835 -0500] [INFO] [cadence.virtuoso.ade.simulationMonitor] - Peak memory used = 336 Mbytes. {"history": "ExplorerRun.0", "point": 1, "testname": "ECE4130_Project_SRAMCircuit_1", "cornername": "Nominal"}
[2024-11-11 21:02:55.838 -0500] [PROCESS] [cadence.virtuoso.ade.simulationMonitor] - Simulation started at: 9:02:48 PM, Mon Nov 11, 2024, ended at: 9:02:55 PM, Mon Nov 11, 2024, with elapsed time (wall clock): 6.6 s. {"history": "ExplorerRun.0", "point": 1, "testname": "ECE4130_Project_SRAMCircuit_1", "cornername": "Nominal"}
[2024-11-11 21:02:55.838 -0500] [PROCESS] [cadence.virtuoso.ade.simulationMonitor] - spectre completes with 0 errors, 0 warnings, and 6 notices. {"history": "ExplorerRun.0", "point": 1, "testname": "ECE4130_Project_SRAMCircuit_1", "cornername": "Nominal"}
[2024-11-11 21:02:55.838 -0500] [PROCESS] [cadence.virtuoso.ade.simulationMonitor] - Finished simulating for one point {"hostname": "ece-linlab15.ece.gatech.edu", "processid": 646542, "history": "ExplorerRun.0", "testname": "ECE4130_Project_SRAMCircuit_1", "cornername": "Nominal", "point": 1, "logfile": "/nethome/ccarpenter38/ECE4130_M/Project1/ECE6130_Updated/ECE6130_LAB/Cadence/logs_ccarpenter38/logs0/Job9.log", "simid": "3", "event": "finish", "category": "simulation"}
[2024-11-11 21:02:55.838 -0500] [PROCESS] [cadence.virtuoso.ade.simulationMonitor] - Simulator exited {"hostname": "ece-linlab15.ece.gatech.edu", "processid": 646542, "history": "ExplorerRun.0", "testname": "ECE4130_Project_SRAMCircuit_1", "cornername": "Nominal", "point": 1, "logfile": "/nethome/ccarpenter38/ECE4130_M/Project1/ECE6130_Updated/ECE6130_LAB/Cadence/logs_ccarpenter38/logs0/Job9.log", "exitStatus": "0"}
[2024-11-11 21:02:55.838 -0500] [PROCESS] [cadence.virtuoso.ade.simulationMonitor] - Finished Simulation {"hostname": "ece-linlab15.ece.gatech.edu", "processid": 646542, "history": "ExplorerRun.0", "testname": "ECE4130_Project_SRAMCircuit_1", "cornername": "Nominal", "point": 1, "logfile": "/nethome/ccarpenter38/ECE4130_M/Project1/ECE6130_Updated/ECE6130_LAB/Cadence/logs_ccarpenter38/logs0/Job9.log", "simid": "3", "event": "finish", "category": "obsolete"}
[2024-11-11 21:02:56.840 -0500] [PROCESS] [cadence.virtuoso.ade.simulationMonitor] - Point Finished {"hostname": "ece-linlab15.ece.gatech.edu", "processid": 646542, "history": "ExplorerRun.0", "testname": "ECE4130_Project_SRAMCircuit_1", "cornername": "Nominal", "point": 1, "logfile": "/nethome/ccarpenter38/ECE4130_M/Project1/ECE6130_Updated/ECE6130_LAB/Cadence/logs_ccarpenter38/logs0/Job9.log", "event": "finish", "category": "sim-eval"}
[2024-11-11 21:02:57.842 -0500] [PROCESS] [cadence.virtuoso.ade.simulationMonitor] - Stay with the runId '44', Linger time '300', currentRunSyn '89', currentTestSyn '90' {"hostname": "ece-linlab15.ece.gatech.edu", "processid": 646542, "history": "ExplorerRun.0", "testname": "ECE4130_Project_SRAMCircuit_1", "cornername": "Nominal", "point": 1, "logfile": "/nethome/ccarpenter38/ECE4130_M/Project1/ECE6130_Updated/ECE6130_LAB/Cadence/logs_ccarpenter38/logs0/Job9.log"}
[2024-11-11 21:02:58.842 -0500] [PROCESS] [cadence.virtuoso.ade.simulationMonitor] - Stay with the runId '44', Linger time '300', currentRunSyn '89', currentTestSyn '90' {"hostname": "ece-linlab15.ece.gatech.edu", "processid": 646542, "history": "ExplorerRun.0", "testname": "ECE4130_Project_SRAMCircuit_1", "cornername": "Nominal", "point": 1, "logfile": "/nethome/ccarpenter38/ECE4130_M/Project1/ECE6130_Updated/ECE6130_LAB/Cadence/logs_ccarpenter38/logs0/Job9.log"}
[2024-11-11 21:04:44.073 -0500] [PROCESS] [cadence.virtuoso.ade.simulationMonitor] - get signal Terminated<15> from user:ccarpenter38, which pid:646538:/tools/software/cadence/ic/latest/tools/bin/64bit/cdsServIpc {"hostname": "ece-linlab15.ece.gatech.edu", "processid": 646542, "history": "ExplorerRun.0", "testname": "ECE4130_Project_SRAMCircuit_1", "cornername": "Nominal", "point": 1, "logfile": "/nethome/ccarpenter38/ECE4130_M/Project1/ECE6130_Updated/ECE6130_LAB/Cadence/logs_ccarpenter38/logs0/Job9.log", "signal": "15", "signalName": "Terminated", "which": "/tools/software/cadence/ic/latest/tools/bin/64bit/cdsServIpc", "pid": "646538", "user": "ccarpenter38", "uid": "1099950"}
[2024-11-11 21:04:44.073 -0500] [INFO] [cadence.virtuoso.ade.simulationMonitor] - SimulationMonitor has terminated the  process '648312', reason: 'simulationMonitor is handling signal 15' {"history": "ExplorerRun.0", "point": 1, "testname": "ECE4130_Project_SRAMCircuit_1", "cornername": "Nominal"}
