[Logging Service: 4]
[2024-11-18 21:45:22.427 -0500] [INFO] [cadence.virtuoso.ade.loggingservice] - HistoryRecorderManager init {"dbBasePath": "/nethome/ccarpenter38/ECE4130_M/Project1/ECE6130_Updated/ECE6130_LAB/Cadence/ECE4130_Project/RegisterDecoder/maestro/results/maestro"}
[2024-11-18 21:45:22.427 -0500] [INFO] [cadence.virtuoso.ade.loggingservice] - useGRPC grpc service... {"brokerAddress": "ece-linlabsrv01.ece.gatech.edu:36107", "serviceName": "DaVinciService_3868065_1731978347", "axlSession": "fnxSession1"}
[2024-11-18 21:45:22.428 -0500] [PROCESS] [cadence.virtuoso.ade.loggingservice] - Logging Service has successfully started. Waiting for incoming messages ... {"hostname": "ece-linlabsrv01.ece.gatech.edu", "processid": 973660, "logfile": "/nethome/ccarpenter38/ECE4130_M/Project1/ECE6130_Updated/ECE6130_LAB/Cadence/logs_ccarpenter38/logs0/LoggingService4.log"}
[2024-11-18 21:45:22.449 -0500] [INFO] [cadence.virtuoso.ade.loggingservice] - logging service gRPC started {"broker address": "ece-linlabsrv01.ece.gatech.edu:44443"}
[2024-11-18 22:11:27.127 -0500] [ERROR] [cadence.virtuoso.ade.loggingservice] - ServiceDBAccessSqliteOp::evalSql failed {"reason": "UNIQUE constraint failed: location.point, location.test, location.tool", "sql": "INSERT INTO location (tool, file, point, test, line) VALUES ('unknown', '', '', '', '0');"}
[2024-11-18 22:11:27.130 -0500] [ERROR] [cadence.virtuoso.ade.loggingservice] - ServiceDBAccessSqliteOp::evalSql failed {"reason": "attempt to write a readonly database", "sql": "delete from meta;"}
[2024-11-18 22:11:27.130 -0500] [ERROR] [cadence.virtuoso.ade.loggingservice] - ServiceDBAccessSqliteOp::evalSql failed {"reason": "attempt to write a readonly database", "sql": "insert into meta (key, value) values('HistorySimDir','/nethome/ccarpenter38/simulation/ECE4130_Project/RegisterDecoder/maestro/results/maestro/ExplorerRun.0');"}
[2024-11-18 22:11:27.130 -0500] [ERROR] [cadence.virtuoso.ade.loggingservice] - ServiceDBAccessSqliteOp::evalSql failed {"reason": "attempt to write a readonly database", "sql": "insert into meta (key, value) values('WorkDir','/nethome/ccarpenter38/ECE4130_M/Project1/ECE6130_Updated/ECE6130_LAB/Cadence');"}
[2024-11-18 22:11:27.130 -0500] [ERROR] [cadence.virtuoso.ade.loggingservice] - ServiceDBAccessSqliteOp::evalSql failed {"reason": "attempt to write a readonly database", "sql": "insert into meta (key, value) values('version','1');"}
[2024-11-18 22:11:27.130 -0500] [ERROR] [cadence.virtuoso.ade.loggingservice] - historySqliteRecorder::insert failed {"reason": "attempt to write a readonly database"}
[2024-11-18 22:11:27.130 -0500] [ERROR] [cadence.virtuoso.ade.loggingservice] - historySqliteRecorder::insert failed {"reason": "attempt to write a readonly database"}
[2024-11-18 22:11:29.234 -0500] [ERROR] [cadence.virtuoso.ade.loggingservice] - historySqliteRecorder::insert location failed {"reason": "attempt to write a readonly database"}
[2024-11-18 22:11:29.234 -0500] [ERROR] [cadence.virtuoso.ade.loggingservice] - historySqliteRecorder::insert failed {"reason": "attempt to write a readonly database"}
[2024-11-18 22:11:29.563 -0500] [ERROR] [cadence.virtuoso.ade.loggingservice] - historySqliteRecorder::insert failed {"reason": "attempt to write a readonly database"}
[2024-11-18 22:11:29.563 -0500] [ERROR] [cadence.virtuoso.ade.loggingservice] - historySqliteRecorder::insert failed {"reason": "attempt to write a readonly database"}
[2024-11-18 22:11:31.781 -0500] [ERROR] [cadence.virtuoso.ade.loggingservice] - historySqliteRecorder::insert failed {"reason": "attempt to write a readonly database"}
[2024-11-18 22:13:24.602 -0500] [PROCESS] [cadence.virtuoso.ade.loggingservice] - Current memory used: 87.9609 MBytes, peak memory used: 87.9609 MBytes {"hostname": "ece-linlabsrv01.ece.gatech.edu", "processid": 973660, "logfile": "/nethome/ccarpenter38/ECE4130_M/Project1/ECE6130_Updated/ECE6130_LAB/Cadence/logs_ccarpenter38/logs0/LoggingService4.log"}
[2024-11-18 22:13:24.602 -0500] [PROCESS] [cadence.virtuoso.ade.loggingservice] - Stopping Logging Service process. {"hostname": "ece-linlabsrv01.ece.gatech.edu", "processid": 973660, "logfile": "/nethome/ccarpenter38/ECE4130_M/Project1/ECE6130_Updated/ECE6130_LAB/Cadence/logs_ccarpenter38/logs0/LoggingService4.log"}
[2024-11-18 22:13:24.602 -0500] [PROCESS] [cadence.virtuoso.ade.loggingservice] - Logging Service stop!!!! {"hostname": "ece-linlabsrv01.ece.gatech.edu", "processid": 973660, "logfile": "/nethome/ccarpenter38/ECE4130_M/Project1/ECE6130_Updated/ECE6130_LAB/Cadence/logs_ccarpenter38/logs0/LoggingService4.log"}
