\# Program start time:     UTC 2024.10.20 23:27:35.775
\# Local time: EDT (UTC-04:00) 2024.10.20 19:27:35.775
\o Program:		@(#)$CDS: Virtuoso Studio version IC23.1-64b 07/09/2024 22:36 (cpgbld15) $
\o Hierarchy:		/tools/software/cadence/ic/23.10.080/tools.lnx86/dfII/
\o Sub version:		sub-version  IC23.1-64b.ISR8.40  (64-bit addresses)
\# Command line:	/tools/software/cadence/ic/latest/tools.lnx86/dfII/bin/64bit/virtuoso -beanhost ece-linlabsrv01.ece.gatech.edu -beanport 11375 -beanbinlog  -beanLogFile /nethome/ccarpenter38/ECE6130_Updated/ECE6130_LAB/Cadence/logs_ccarpenter38/logs0/amps_Service12.log -mpssession virtuoso3051549 -mpshost ece-linlabsrv01.ece.gatech.edu -davinciService DaVinciService_3051549_1729465385 -scopedPid 3051549 -axlSession fnxSession5 -axlServiceIdFlag 12 -uuid 7a6b49b7-1879-4e2c-ad01-95d424d9c278 -heartbeat /dev/shm/swift-heartbeat.kR1BAnAgae -log /nethome/ccarpenter38/ECE6130_Updated/ECE6130_LAB/Cadence/logs_ccarpenter38/logs0/Service12.log -adeBrokerAddress ece-linlabsrv01.ece.gatech.edu:38123 -noautostart -nographE -lscs 000175E1894CBE06FF0966E38F1FFC06BC4D77F482089272CC286FA78410926AD02479FE8D1C9F67D0227DAAD243CD32C87766E3A12FFC06BC4D01F61EFB6DE2DB5800001E04 -interactive -offlineExprEval -upfrontMode -fenixMode explorer -heartbeatTimeout  -lingerTimeout 300 -pointlifetime -1
\# Host name (type):	ece-linlabsrv01.ece.gatech.edu (x86_64)
\# Operating system:	Linux 4.18.0-553.22.1.el8_10.x86_64 #1 SMP Wed Sep 11 18:02:00 EDT 2024
\# Linux /etc/issue:	****************************************************************************
\# Linux /etc/issue:	This computer system is the property of the Georgia Institute of Technology.
\# Linux /etc/issue:	Any user of this system must comply with all Institute and Board of Regents
\# Linux /etc/issue:	policies, including the Acceptable Use Policy, Cyber Security Policy and
\# X display name (WxH):	:3689 (1024x868)
\# Available geometry:			TL(0:0) BR(1023:867)
\# X server:			The X.Org Foundation
\# Depth of Visual (Root):	24 (24)
\# Number of Planes Used:	24
\# X version:		11.0 (vendor release 12011000)
\# X resource pool:	base 0x400000, mask 0x1fffff (2097151), shift 0
\# 			current id 0x0, current max 0x1ffffa (2097146)
\# Max data seg size:	     unlimited
\# Max process size:	     unlimited
\# Initial sbrk value:	        734 MB
\# Available memory:	    220,470 MB
\# System memory:	    256,871 MB
\# Maximum memory size:	    256,310 MB
\# Max mem available:	    220,643 MB
\# Initial memory used:	        173 MB
\#        process size:	      1,700 MB
\# Thread usage limits (effective/default):	maxthreads 764803/764803 maxload 112.00/112.00
\# Qt version:		5.15.9
\# Window Manager:	other
\# User Name:		ccarpenter38
\o Working Directory:	ece-linlabsrv01.ece.gatech.edu:/nethome/ccarpenter38/ECE6130_Updated/ECE6130_LAB/Cadence
\# Process Id:		755824
\o 
\o COPYRIGHT (C) 1992-2024  CADENCE DESIGN SYSTEMS INC.  ALL RIGHTS RESERVED.
\o           (C) 1992-2024  UNIX SYSTEMS Laboratories INC.,
\o                          Reproduced with permission.
\o 
\o This Cadence Design Systems program and online documentation are
\o proprietary/confidential information and may be disclosed/used only
\o as authorized in a license agreement controlling such use and disclosure.
\o 
\o           RESTRICTED RIGHTS NOTICE (SHORT FORM)
\o Use/reproduction/disclosure is subject to restriction
\o set forth at FAR 1252.227-19 or its equivalent.
\o INFO (CMGR-2107): The following Constraint Manager configuration files have been combined together (in decreasing order of precedence, specified by your search path - setup.loc) 
\o /tools/software/cadence/ic/latest/share/cdssetup/dfII/ci/config.xml
\o /tools/software/cadence/ic/latest/share/cdssetup/dfII/ci/config.xml
\o INFO (CMGR-2107): The following Constraint Manager configuration files have been combined together (in decreasing order of precedence, specified by your search path - setup.loc) 
\o /tools/software/cadence/ic/latest/share/cdssetup/dfII/caa/config.xml
\o /tools/software/cadence/ic/latest/share/cdssetup/dfII/caa/config.xml
\o Loading geView.cxt 
\o Loading menuBuilder.cxt 
\o Loading im.cxt 
\o Loading schView.cxt 
\o Loading selectSv.cxt 
\o Loading wireEdit.cxt 
\o Loading pte2.cxt 
\o Loading xlUI.cxt 
\o Loading auCore.cxt 
\o Loading vhdl.cxt 
\o Loading seismic.cxt 
\o Loading ci.cxt 
\o Loading layers.cxt 
\o Loading drv.cxt 
\o Loading ams.cxt 
\o Loading oasis.cxt 
\o Loading dal.cxt 
\o Loading awv.cxt 
\o Loading socket.cxt 
\o Loading analog.cxt 
\o Loading par.cxt 
\o Loading asimenv.cxt 
\o Loading alvs.cxt 
\o Loading caa.cxt 
\o Loading amps.cxt 
\o Loading adexlCore.cxt 
\# Memory report: using         289 MB, process size 1,861 MB at UTC 2024.10.20 23:27:38.024
\o Loading adexl.cxt 
\o 
\o *Info*    Received signal SIGTERM.
\o 
\o 
\o Loading simui.cxt 
\# Memory report: on exit            308 MB, process size 1,881 MB at UTC 2024.10.20 23:27:38.890
\# Memory report: peak usage         308 MB, process size 1,881 MB
