\# Program start time:     UTC 2024.11.19 03:33:56.502
\# Local time: EST (UTC-05:00) 2024.11.18 22:33:56.502
\o Program:		@(#)$CDS: Virtuoso Studio version IC23.1-64b 07/09/2024 22:36 (cpgbld15) $
\o Hierarchy:		/tools/software/cadence/ic/23.10.080/tools.lnx86/dfII/
\o Sub version:		sub-version  IC23.1-64b.ISR8.40  (64-bit addresses)
\# Command line:	/tools/software/cadence/ic/latest/tools.lnx86/dfII/bin/64bit/virtuoso -beanhost ece-linlabsrv01.ece.gatech.edu -beanport 11546 -beanbinlog  -beanLogFile /nethome/ccarpenter38/ECE4130_M/Project1/ECE6130_Updated/ECE6130_LAB/Cadence/logs_ccarpenter38/logs0/amps_Service14.log -mpssession virtuoso3868065 -mpshost ece-linlabsrv01.ece.gatech.edu -davinciService DaVinciService_3868065_1731978347 -scopedPid 3868065 -axlSession fnxSession5 -axlServiceIdFlag 14 -uuid 1d40e2a2-2c4e-4ff6-9e6d-531e9d4b0104 -heartbeat /dev/shm/swift-heartbeat.rxVX8f4fUR -log /nethome/ccarpenter38/ECE4130_M/Project1/ECE6130_Updated/ECE6130_LAB/Cadence/logs_ccarpenter38/logs0/Service14.log -adeBrokerAddress ece-linlabsrv01.ece.gatech.edu:36107 -noautostart -nographE -lscs 000175E1894CBE06FF0966E38F1FFC06BC4D77F482089272CC286FA78410926AD02479FE8D1C9F67D0227DAAD244CD35C87766E3A12FFC06BC4D01DF883EFB27DB7100001DFB -interactive -offlineExprEval -upfrontMode -fenixMode explorer -heartbeatTimeout  -lingerTimeout 300 -pointlifetime -1
\# Host name (type):	ece-linlabsrv01.ece.gatech.edu (x86_64)
\# Operating system:	Linux 4.18.0-553.22.1.el8_10.x86_64 #1 SMP Wed Sep 11 18:02:00 EDT 2024
\# Linux /etc/issue:	****************************************************************************
\# Linux /etc/issue:	This computer system is the property of the Georgia Institute of Technology.
\# Linux /etc/issue:	Any user of this system must comply with all Institute and Board of Regents
\# Linux /etc/issue:	policies, including the Acceptable Use Policy, Cyber Security Policy and
\# X display name (WxH):	:3429 (1024x868)
\# Available geometry:			TL(0:0) BR(1023:867)
\# X server:			The X.Org Foundation
\# Depth of Visual (Root):	24 (24)
\# Number of Planes Used:	24
\# X version:		11.0 (vendor release 12011000)
\# X resource pool:	base 0x400000, mask 0x1fffff (2097151), shift 0
\# 			current id 0x0, current max 0x1ffffa (2097146)
\# Max data seg size:	     unlimited
\# Max process size:	     unlimited
\# Initial sbrk value:	        729 MB
\# Available memory:	    187,564 MB
\# System memory:	    256,871 MB
\# Maximum memory size:	    256,315 MB
\# Max mem available:	    187,737 MB
\# Initial memory used:	        173 MB
\#        process size:	      1,700 MB
\# Thread usage limits (effective/default):	maxthreads 764803/764803 maxload 112.00/112.00
\# Qt version:		5.15.9
\# Window Manager:	other
\# User Name:		ccarpenter38
\o Working Directory:	ece-linlabsrv01.ece.gatech.edu:/nethome/ccarpenter38/ECE4130_M/Project1/ECE6130_Updated/ECE6130_LAB/Cadence
\# Process Id:		2407859
\o 
\o COPYRIGHT (C) 1992-2024  CADENCE DESIGN SYSTEMS INC.  ALL RIGHTS RESERVED.
\o           (C) 1992-2024  UNIX SYSTEMS Laboratories INC.,
\o                          Reproduced with permission.
\o 
\o This Cadence Design Systems program and online documentation are
\o proprietary/confidential information and may be disclosed/used only
\o as authorized in a license agreement controlling such use and disclosure.
\o 
\o           RESTRICTED RIGHTS NOTICE (SHORT FORM)
\o Use/reproduction/disclosure is subject to restriction
\o set forth at FAR 1252.227-19 or its equivalent.
\o INFO (CMGR-2107): The following Constraint Manager configuration files have been combined together (in decreasing order of precedence, specified by your search path - setup.loc) 
\o /tools/software/cadence/ic/latest/share/cdssetup/dfII/ci/config.xml
\o /tools/software/cadence/ic/latest/share/cdssetup/dfII/ci/config.xml
\o INFO (CMGR-2107): The following Constraint Manager configuration files have been combined together (in decreasing order of precedence, specified by your search path - setup.loc) 
\o /tools/software/cadence/ic/latest/share/cdssetup/dfII/caa/config.xml
\o /tools/software/cadence/ic/latest/share/cdssetup/dfII/caa/config.xml
\o Loading geView.cxt 
\o Loading menuBuilder.cxt 
\o Loading im.cxt 
\o Loading schView.cxt 
\o Loading selectSv.cxt 
\o Loading wireEdit.cxt 
\o Loading pte2.cxt 
\o Loading xlUI.cxt 
\o Loading auCore.cxt 
\o Loading vhdl.cxt 
\o Loading seismic.cxt 
\o Loading ci.cxt 
\o Loading layers.cxt 
\o Loading drv.cxt 
\o Loading ams.cxt 
\o Loading oasis.cxt 
\o Loading dal.cxt 
\o Loading awv.cxt 
\o Loading socket.cxt 
\o Loading analog.cxt 
\o Loading par.cxt 
\# Memory report: using         282 MB, process size 1,813 MB at UTC 2024.11.19 03:33:58.106
\o Loading asimenv.cxt 
\o Loading alvs.cxt 
\o Loading caa.cxt 
\o Loading amps.cxt 
\o Loading adexlCore.cxt 
\o Loading adexl.cxt 
\o *Info*    Exporting services from client ... 
\o 
\o Loading adexlDM.cxt 
\o function _teExpandCallbacks redefined
\o function _teGetCallback redefined
\o Loading cpf.cxt 
\o Loading cli.cxt 
\o Loading lp.cxt 
\o Loading sipLayout.cxt 
\o function _pcIdeSingleSelectPt redefined
\o Loading diagCenter.cxt 
\o INFO (ELI-00333) License program mode is LSCS.
\# [22:33:56.142252] Configured Lic search path (23.02-s006): 5280@ece-winlic.ece.gatech.edu:1910@ece-winlic.ece.gatech.edu:27020@ece-winlabsvcs.ece.gatech.edu:1055@ansyslic.ecs.gatech.edu
\o INFO (ELI-00302) Connecting to parent process (session=virtuoso3868065, host=ece-linlabsrv01.ece.gatech.edu). Connection mode is LSCS. Total timeout is 180 seconds. Connection timeout is 90 seconds.
\o INFO (ELI-00303) Step 1: Connecting to parent. Time spent is 0 seconds.
\o INFO (ELI-00304) The registration of the child 2407859 within 90 seconds is being processed...
\o INFO (ELI-00305) The result of registration is true. Time spent is 0 seconds.
\o INFO (ELI-00308) The connection has ended. Result is true. Total time spent is 0 seconds.
\o //
\o //  Calibre Skill Interface * (v2024.3_37.19) *
\o //
\o //                         Copyright Siemens 1996-2020     
\o //                             All Rights Reserved.
\o //         THIS WORK CONTAINS TRADE SECRET AND PROPRIETARY INFORMATION
\o //            WHICH IS THE PROPERTY OF MENTOR GRAPHICS CORPORATION
\o //              OR ITS LICENSORS AND IS SUBJECT TO LICENSE TERMS.
\o //
\o //
\# Available memory:        187,577 MB at UTC 2024.11.19 03:34:07.671
\# Memory report: Maximum memory size now 187,911 MB at UTC 2024.11.19 03:34:07.671
\# Thread usage report: 42 active threads, active load 1.40 at UTC 2024.11.19 03:34:07.671
\o loading vars from /nethome/ccarpenter38/ECE4130_M/Project1/ECE6130_Updated/ECE6130_LAB/FreePDK45/ncsu_basekit/cdssetup/cdsenv for tool layout
\o ---------------------------------------------------------------------------
\o Welcome to the FreePDK 45nm Free, Open-Source Process Design Kit
\o 
\o This initiative is brought to you by the Semiconductor Research
\o Corporation (SRC), the National Science Foundation (NSF), Silicon
\o Integration Initiative (Si2), Mentor Graphics, and Synopsys.
\o 
\o This version of the kit was created by Rhett Davis, Paul Franzon,
\o Michael Bucher, and Sunil Basavarajaiah of North Carolina State University,
\o and James Stine and Ivan Castellanos of Oklahoma State University.
\o 
\o Contributions and modifications to this kit are welcomed and encouraged.
\o 
\o Copyright 2008 North Carolina State University (ncsu_basekit subtree)
\o                and Oklahoma State University (osu_soc subtree)
\o 
\o Licensed under the Apache License, Version 2.0 (the "License");
\o you may not use this file except in compliance with the License.
\o You may obtain a copy of the License at
\o 
\o     http://www.apache.org/licenses/LICENSE-2.0
\o 
\o Unless required by applicable law or agreed to in writing, software
\o distributed under the License is distributed on an "AS IS" BASIS,
\o WITHOUT WARRANTIES OR CONDITIONS OF ANY KIND, either express or implied.
\o See the License for the specific language governing permissions and
\o limitations under the License.
\o ---------------------------------------------------------------------------
\o 
\o Done loading FreePDK customizations.
\p > 
\o Loading le.cxt 
\o Loading tilp.cxt 
\o Loading validator.cxt 
\o Loading vrf.cxt 
\o Loading multiTechPlugin.cxt 
\o Loading exportDie.cxt 
\# Loading perfDiag...
\# (PerfDiag): Set GDB path to environment variable 'gdbPath' (gdb).
\# The Health Monitor tool is installed. You can access it from CIW - Tools - Diagnostic Center or use the shell command 'cdsPerfDiag -p 2407859' to open it when Virtuoso freezes.
\# (PerfDiag): Use backtrace from GLIBC.
\i _axlRunServices()
\# [22:34:08.447763] Periodic Lic check successful
\# [22:34:08.447769] Feature usage summary:
\o Loading simui.cxt 
\o [2024-11-18 22:34:08.482 -0500] [PROCESS] [cadence.virtuoso.ade.services] - Netlist Service has successfully started. Waiting for incoming messages ... {"jobid": "14", "hostname": "ece-linlabsrv01.ece.gatech.edu", "processid": 2407859, "logfile": "/nethome/ccarpenter38/ECE4130_M/Project1/ECE6130_Updated/ECE6130_LAB/Cadence/logs_ccarpenter38/logs0/Service14.log"}
\# Memory report: using         434 MB, process size 2,390 MB at UTC 2024.11.19 03:34:12.528
\# Thread usage report: 43 active threads, active load 1.40 at UTC 2024.11.19 03:34:20.538
\o [2024-11-18 22:34:37.558 -0500] [PROCESS] [cadence.virtuoso.ade.services.netlister] - Netlist Service process exits. {"jobid": "14", "hostname": "ece-linlabsrv01.ece.gatech.edu", "processid": 2407859, "logfile": "/nethome/ccarpenter38/ECE4130_M/Project1/ECE6130_Updated/ECE6130_LAB/Cadence/logs_ccarpenter38/logs0/Service14.log"}
\o 
\o Loading vdsil.cxt 
\o *Info*    Received signal SIGTERM.
\o 
\o 
\# Lic Summary:
\# [22:34:40.362723] Cdslmd servers:5280@ece-winlic.ece.gatech.edu:1910@ece-winlic.ece.gatech.edu:27020@ece-winlabsvcs.ece.gatech.edu:1055@ansyslic.ecs.gatech.edu
\# [22:34:40.362763] Feature usage summary:
\# Memory report: on exit            434 MB, process size 2,390 MB at UTC 2024.11.19 03:34:40.362
\# Memory report: peak usage         434 MB, process size 2,390 MB
