[ADE GUI: 2941436]
[2024-11-08 17:57:26.558 -0500] [PROCESS] [cadence.virtuoso.ade.gui] - /nethome/ccarpenter38/ECE6130_Updated/ECE6130_LAB/Cadence/.tmp_ccarpenter38/.cmddir0/swiftLoggingService0 is starting {"logfile": "/nethome/ccarpenter38/ECE6130_Updated/ECE6130_LAB/Cadence/logs_ccarpenter38/logs0/LoggingService0.log"}
[2024-11-08 17:57:26.585 -0500] [PROCESS] [cadence.virtuoso.ade.gui] - /nethome/ccarpenter38/ECE6130_Updated/ECE6130_LAB/Cadence/.tmp_ccarpenter38/.cmddir0/swiftNetlistService1 is starting {"logfile": "/nethome/ccarpenter38/ECE6130_Updated/ECE6130_LAB/Cadence/logs_ccarpenter38/logs0/Service1.log"}
[2024-11-08 17:57:35.757 -0500] [PROCESS] [cadence.virtuoso.ade.gui] - Logging Service '2990818' is starting up on host 'ece-linlabsrv01.ece.gatech.edu' {"logfile": "/nethome/ccarpenter38/ECE6130_Updated/ECE6130_LAB/Cadence/logs_ccarpenter38/logs0/LoggingService0.log"}
[2024-11-08 17:57:35.757 -0500] [PROCESS] [cadence.virtuoso.ade.gui] - Netlist Service '2990943' is starting up on host 'ece-linlabsrv01.ece.gatech.edu' {"logfile": "/nethome/ccarpenter38/ECE6130_Updated/ECE6130_LAB/Cadence/logs_ccarpenter38/logs0/Service1.log"}
[2024-11-08 18:02:58.133 -0500] [PROCESS] [cadence.virtuoso.ade.gui] - Netlist Service '2990943' stopped with exit code '0' {"logfile": "/nethome/ccarpenter38/ECE6130_Updated/ECE6130_LAB/Cadence/logs_ccarpenter38/logs0/Service1.log"}
[2024-11-08 18:04:11.253 -0500] [PROCESS] [cadence.virtuoso.ade.gui] - Logging Service '2990818' stopped with exit code '0' {"logfile": "/nethome/ccarpenter38/ECE6130_Updated/ECE6130_LAB/Cadence/logs_ccarpenter38/logs0/LoggingService0.log"}
[2024-11-08 18:05:12.066 -0500] [PROCESS] [cadence.virtuoso.ade.gui] - /nethome/ccarpenter38/ECE6130_Updated/ECE6130_LAB/Cadence/.tmp_ccarpenter38/.cmddir0/swiftLoggingService2 is starting {"logfile": "/nethome/ccarpenter38/ECE6130_Updated/ECE6130_LAB/Cadence/logs_ccarpenter38/logs0/LoggingService2.log"}
[2024-11-08 18:05:12.190 -0500] [PROCESS] [cadence.virtuoso.ade.gui] - /nethome/ccarpenter38/ECE6130_Updated/ECE6130_LAB/Cadence/.tmp_ccarpenter38/.cmddir0/swiftNetlistService3 is starting {"logfile": "/nethome/ccarpenter38/ECE6130_Updated/ECE6130_LAB/Cadence/logs_ccarpenter38/logs0/Service3.log"}
[2024-11-08 18:05:12.191 -0500] [PROCESS] [cadence.virtuoso.ade.gui] - Logging Service '3213572' is starting up on host 'ece-linlabsrv01.ece.gatech.edu' {"logfile": "/nethome/ccarpenter38/ECE6130_Updated/ECE6130_LAB/Cadence/logs_ccarpenter38/logs0/LoggingService2.log"}
[2024-11-08 18:05:17.769 -0500] [PROCESS] [cadence.virtuoso.ade.gui] - Netlist Service '3213599' is starting up on host 'ece-linlabsrv01.ece.gatech.edu' {"logfile": "/nethome/ccarpenter38/ECE6130_Updated/ECE6130_LAB/Cadence/logs_ccarpenter38/logs0/Service3.log"}
[2024-11-08 18:08:00.132 -0500] [EVENT] [cadence.virtuoso.ade.gui] - AddLogFile {"history": "ExplorerRun.0", "event": "AddLogFile", "EventSource": "unknown", "HistoryName": "ExplorerRun.0", "Points": "", "EventLogFile": "", "EventTool": "unknown", "EventTest": ""}
[2024-11-08 18:08:00.135 -0500] [EVENT] [cadence.virtuoso.ade.gui] - NewHistoryCreated {"event": "NewHistoryCreated", "EventSource": "unknown", "history": "ExplorerRun.0", "HistoryName": "ExplorerRun.0", "WorkDir": "/nethome/ccarpenter38/ECE6130_Updated/ECE6130_LAB/Cadence", "HistorySimDir": "/nethome/ccarpenter38/simulation/ECE4130_Project/SRAM_SIM/maestro/results/maestro/ExplorerRun.0", "HistoryResultsDir": "/nethome/ccarpenter38/ECE4130_M/Project1/ECE6130_Updated/ECE6130_LAB/Cadence/ECE4130_Project/SRAM_SIM/maestro/results/maestro"}
[2024-11-08 18:08:00.137 -0500] [PROCESS] [cadence.virtuoso.ade.gui] - History Setup {"hostname": "ece-linlabsrv01.ece.gatech.edu", "processid": 2941436, "history": "ExplorerRun.0", "jobmode": "LSCS", "runmode": "Single Run, Sweeps and Corners", "lib": "ECE4130_Project", "cell": "SRAM_SIM", "view": "maestro", "icversion": "sub-version  IC23.1-64b.ISR8.40 ", "runstart": "Fri Nov  8 18:08:00 2024\n", "timezonelocal": "+000", "spectreversion": "unknown", "jobpolicyname": "", "maxjobs": "unknown", "ncjobpolicyname": "", "ncmaxjobs": "unknown", "numtests": "1", "runfinished": "unknown", "runelapsed": "-1", "numcorners": "1"}
[2024-11-08 18:08:01.407 -0500] [WARN] [cadence.virtuoso.ade.gui] - Could not find log file for Same Process Job 0. Log message for this job will be printed in the CDS log file. {"history": "ExplorerRun.0", "testname": "ECE4130_Project_SRAM_SIM_1", "detailed_message": "", "message_id": "EXPLORER-5028"}
[2024-11-08 18:08:03.031 -0500] [EVENT] [cadence.virtuoso.ade.pointevaluator] - NewPoint {"history": "ExplorerRun.0", "point": 1, "testname": "ECE4130_Project_SRAM_SIM_1", "event": "NewPoint", "EventSource": "unknown", "HistoryName": "ExplorerRun.0", "logFile": "", "logFileSize": "-1", "category": "point-netlist"}
[2024-11-08 18:08:03.032 -0500] [INFO] [cadence.virtuoso.ade.pointevaluator] - Started netlisting {"history": "ExplorerRun.0", "point": 1, "testname": "ECE4130_Project_SRAM_SIM_1", "event": "start", "category": "point-netlist"}
[2024-11-08 18:08:05.392 -0500] [INFO] [cadence.virtuoso.ade.pointevaluator] - Finished netlisting {"history": "ExplorerRun.0", "point": 1, "testname": "ECE4130_Project_SRAM_SIM_1", "event": "finish", "category": "point-netlist"}
[2024-11-08 18:08:05.393 -0500] [INFO] [cadence.virtuoso.ade.pointevaluator] - Submitted {"history": "ExplorerRun.0", "point": 1, "testname": "ECE4130_Project_SRAM_SIM_1"}
[2024-11-08 18:08:08.958 -0500] [PROCESS] [cadence.virtuoso.ade.gui] - /nethome/ccarpenter38/ECE6130_Updated/ECE6130_LAB/Cadence/.tmp_ccarpenter38/.cmddir0/swiftJob4 is starting {"logfile": "/nethome/ccarpenter38/ECE6130_Updated/ECE6130_LAB/Cadence/logs_ccarpenter38/logs0/Job4.log"}
[2024-11-08 18:08:09.083 -0500] [PROCESS] [cadence.virtuoso.ade.gui] - Simulation Monitor process '3256299' is starting up on host 'ece-linlabsrv01.ece.gatech.edu' {"logfile": "/nethome/ccarpenter38/ECE6130_Updated/ECE6130_LAB/Cadence/logs_ccarpenter38/logs0/Job4.log"}
[2024-11-08 18:08:16.095 -0500] [INFO] [cadence.virtuoso.ade.gui] - Point completed {"history": "ExplorerRun.0", "point": 1, "testname": "ECE4130_Project_SRAM_SIM_1"}
[2024-11-08 18:08:16.415 -0500] [EVENT] [cadence.virtuoso.ade.gui] - HistoryFinished {"point": 1, "testname": "ECE4130_Project_SRAM_SIM_1", "event": "HistoryFinished", "EventSource": "unknown", "HistoryName": "ExplorerRun.0"}
